[2025-08-19T05:34:58.636+0000] {processor.py:161} INFO - Started process (PID=37570) to work on /opt/airflow/dags/chained_dag.py
[2025-08-19T05:34:58.637+0000] {processor.py:830} INFO - Processing file /opt/airflow/dags/chained_dag.py for tasks to queue
[2025-08-19T05:34:58.639+0000] {logging_mixin.py:188} INFO - [2025-08-19T05:34:58.639+0000] {dagbag.py:545} INFO - Filling up the DagBag from /opt/airflow/dags/chained_dag.py
[2025-08-19T05:34:58.679+0000] {processor.py:840} INFO - DAG(s) 'chained_tasks_dag' retrieved from /opt/airflow/dags/chained_dag.py
[2025-08-19T05:34:58.862+0000] {logging_mixin.py:188} INFO - [2025-08-19T05:34:58.861+0000] {override.py:1829} INFO - Created Permission View: can delete on DAG:chained_tasks_dag
[2025-08-19T05:34:58.879+0000] {logging_mixin.py:188} INFO - [2025-08-19T05:34:58.878+0000] {override.py:1829} INFO - Created Permission View: can read on DAG:chained_tasks_dag
[2025-08-19T05:34:58.894+0000] {logging_mixin.py:188} INFO - [2025-08-19T05:34:58.893+0000] {override.py:1829} INFO - Created Permission View: can edit on DAG:chained_tasks_dag
[2025-08-19T05:34:58.895+0000] {logging_mixin.py:188} INFO - [2025-08-19T05:34:58.894+0000] {dag.py:3096} INFO - Sync 1 DAGs
[2025-08-19T05:34:58.906+0000] {logging_mixin.py:188} INFO - [2025-08-19T05:34:58.906+0000] {dag.py:3118} INFO - Creating ORM DAG for chained_tasks_dag
[2025-08-19T05:34:58.907+0000] {logging_mixin.py:188} INFO - [2025-08-19T05:34:58.907+0000] {dag.py:3954} INFO - Setting next_dagrun for chained_tasks_dag to None, run_after=None
[2025-08-19T05:34:58.932+0000] {processor.py:183} INFO - Processing /opt/airflow/dags/chained_dag.py took 0.303 seconds
[2025-08-19T05:35:29.192+0000] {processor.py:161} INFO - Started process (PID=37626) to work on /opt/airflow/dags/chained_dag.py
[2025-08-19T05:35:29.194+0000] {processor.py:830} INFO - Processing file /opt/airflow/dags/chained_dag.py for tasks to queue
[2025-08-19T05:35:29.195+0000] {logging_mixin.py:188} INFO - [2025-08-19T05:35:29.195+0000] {dagbag.py:545} INFO - Filling up the DagBag from /opt/airflow/dags/chained_dag.py
[2025-08-19T05:35:29.235+0000] {processor.py:840} INFO - DAG(s) 'chained_tasks_dag' retrieved from /opt/airflow/dags/chained_dag.py
[2025-08-19T05:35:29.257+0000] {logging_mixin.py:188} INFO - [2025-08-19T05:35:29.257+0000] {dag.py:3096} INFO - Sync 1 DAGs
[2025-08-19T05:35:29.271+0000] {logging_mixin.py:188} INFO - [2025-08-19T05:35:29.270+0000] {dag.py:3954} INFO - Setting next_dagrun for chained_tasks_dag to None, run_after=None
[2025-08-19T05:35:29.308+0000] {processor.py:183} INFO - Processing /opt/airflow/dags/chained_dag.py took 0.126 seconds
[2025-08-19T05:35:59.727+0000] {processor.py:161} INFO - Started process (PID=37682) to work on /opt/airflow/dags/chained_dag.py
[2025-08-19T05:35:59.729+0000] {processor.py:830} INFO - Processing file /opt/airflow/dags/chained_dag.py for tasks to queue
[2025-08-19T05:35:59.732+0000] {logging_mixin.py:188} INFO - [2025-08-19T05:35:59.731+0000] {dagbag.py:545} INFO - Filling up the DagBag from /opt/airflow/dags/chained_dag.py
[2025-08-19T05:35:59.778+0000] {processor.py:840} INFO - DAG(s) 'chained_tasks_dag' retrieved from /opt/airflow/dags/chained_dag.py
[2025-08-19T05:35:59.804+0000] {logging_mixin.py:188} INFO - [2025-08-19T05:35:59.803+0000] {dag.py:3096} INFO - Sync 1 DAGs
[2025-08-19T05:35:59.820+0000] {logging_mixin.py:188} INFO - [2025-08-19T05:35:59.820+0000] {dag.py:3954} INFO - Setting next_dagrun for chained_tasks_dag to None, run_after=None
[2025-08-19T05:35:59.852+0000] {processor.py:183} INFO - Processing /opt/airflow/dags/chained_dag.py took 0.135 seconds
[2025-08-19T05:36:30.009+0000] {processor.py:161} INFO - Started process (PID=37738) to work on /opt/airflow/dags/chained_dag.py
[2025-08-19T05:36:30.011+0000] {processor.py:830} INFO - Processing file /opt/airflow/dags/chained_dag.py for tasks to queue
[2025-08-19T05:36:30.013+0000] {logging_mixin.py:188} INFO - [2025-08-19T05:36:30.013+0000] {dagbag.py:545} INFO - Filling up the DagBag from /opt/airflow/dags/chained_dag.py
[2025-08-19T05:36:30.063+0000] {processor.py:840} INFO - DAG(s) 'chained_tasks_dag' retrieved from /opt/airflow/dags/chained_dag.py
[2025-08-19T05:36:30.089+0000] {logging_mixin.py:188} INFO - [2025-08-19T05:36:30.089+0000] {dag.py:3096} INFO - Sync 1 DAGs
[2025-08-19T05:36:30.105+0000] {logging_mixin.py:188} INFO - [2025-08-19T05:36:30.104+0000] {dag.py:3954} INFO - Setting next_dagrun for chained_tasks_dag to None, run_after=None
[2025-08-19T05:36:30.168+0000] {processor.py:183} INFO - Processing /opt/airflow/dags/chained_dag.py took 0.169 seconds
[2025-08-19T05:37:00.308+0000] {processor.py:161} INFO - Started process (PID=37794) to work on /opt/airflow/dags/chained_dag.py
[2025-08-19T05:37:00.310+0000] {processor.py:830} INFO - Processing file /opt/airflow/dags/chained_dag.py for tasks to queue
[2025-08-19T05:37:00.312+0000] {logging_mixin.py:188} INFO - [2025-08-19T05:37:00.312+0000] {dagbag.py:545} INFO - Filling up the DagBag from /opt/airflow/dags/chained_dag.py
[2025-08-19T05:37:00.346+0000] {processor.py:840} INFO - DAG(s) 'chained_tasks_dag' retrieved from /opt/airflow/dags/chained_dag.py
[2025-08-19T05:37:00.375+0000] {logging_mixin.py:188} INFO - [2025-08-19T05:37:00.375+0000] {dag.py:3096} INFO - Sync 1 DAGs
[2025-08-19T05:37:00.393+0000] {logging_mixin.py:188} INFO - [2025-08-19T05:37:00.393+0000] {dag.py:3954} INFO - Setting next_dagrun for chained_tasks_dag to None, run_after=None
[2025-08-19T05:37:00.432+0000] {processor.py:183} INFO - Processing /opt/airflow/dags/chained_dag.py took 0.135 seconds
[2025-08-19T05:37:30.566+0000] {processor.py:161} INFO - Started process (PID=37848) to work on /opt/airflow/dags/chained_dag.py
[2025-08-19T05:37:30.567+0000] {processor.py:830} INFO - Processing file /opt/airflow/dags/chained_dag.py for tasks to queue
[2025-08-19T05:37:30.569+0000] {logging_mixin.py:188} INFO - [2025-08-19T05:37:30.568+0000] {dagbag.py:545} INFO - Filling up the DagBag from /opt/airflow/dags/chained_dag.py
[2025-08-19T05:37:30.604+0000] {processor.py:840} INFO - DAG(s) 'chained_tasks_dag' retrieved from /opt/airflow/dags/chained_dag.py
[2025-08-19T05:37:30.628+0000] {logging_mixin.py:188} INFO - [2025-08-19T05:37:30.627+0000] {dag.py:3096} INFO - Sync 1 DAGs
[2025-08-19T05:37:30.640+0000] {logging_mixin.py:188} INFO - [2025-08-19T05:37:30.640+0000] {dag.py:3954} INFO - Setting next_dagrun for chained_tasks_dag to None, run_after=None
[2025-08-19T05:37:30.668+0000] {processor.py:183} INFO - Processing /opt/airflow/dags/chained_dag.py took 0.108 seconds
[2025-08-19T05:38:00.840+0000] {processor.py:161} INFO - Started process (PID=37904) to work on /opt/airflow/dags/chained_dag.py
[2025-08-19T05:38:00.842+0000] {processor.py:830} INFO - Processing file /opt/airflow/dags/chained_dag.py for tasks to queue
[2025-08-19T05:38:00.844+0000] {logging_mixin.py:188} INFO - [2025-08-19T05:38:00.843+0000] {dagbag.py:545} INFO - Filling up the DagBag from /opt/airflow/dags/chained_dag.py
[2025-08-19T05:38:00.895+0000] {processor.py:840} INFO - DAG(s) 'chained_tasks_dag' retrieved from /opt/airflow/dags/chained_dag.py
[2025-08-19T05:38:00.918+0000] {logging_mixin.py:188} INFO - [2025-08-19T05:38:00.918+0000] {dag.py:3096} INFO - Sync 1 DAGs
[2025-08-19T05:38:00.932+0000] {logging_mixin.py:188} INFO - [2025-08-19T05:38:00.932+0000] {dag.py:3954} INFO - Setting next_dagrun for chained_tasks_dag to None, run_after=None
[2025-08-19T05:38:00.960+0000] {processor.py:183} INFO - Processing /opt/airflow/dags/chained_dag.py took 0.128 seconds
[2025-08-19T05:38:31.115+0000] {processor.py:161} INFO - Started process (PID=37960) to work on /opt/airflow/dags/chained_dag.py
[2025-08-19T05:38:31.116+0000] {processor.py:830} INFO - Processing file /opt/airflow/dags/chained_dag.py for tasks to queue
[2025-08-19T05:38:31.117+0000] {logging_mixin.py:188} INFO - [2025-08-19T05:38:31.117+0000] {dagbag.py:545} INFO - Filling up the DagBag from /opt/airflow/dags/chained_dag.py
[2025-08-19T05:38:31.150+0000] {processor.py:840} INFO - DAG(s) 'chained_tasks_dag' retrieved from /opt/airflow/dags/chained_dag.py
[2025-08-19T05:38:31.174+0000] {logging_mixin.py:188} INFO - [2025-08-19T05:38:31.173+0000] {dag.py:3096} INFO - Sync 1 DAGs
[2025-08-19T05:38:31.188+0000] {logging_mixin.py:188} INFO - [2025-08-19T05:38:31.187+0000] {dag.py:3954} INFO - Setting next_dagrun for chained_tasks_dag to None, run_after=None
[2025-08-19T05:38:31.223+0000] {processor.py:183} INFO - Processing /opt/airflow/dags/chained_dag.py took 0.115 seconds
[2025-08-19T05:39:01.373+0000] {processor.py:161} INFO - Started process (PID=38016) to work on /opt/airflow/dags/chained_dag.py
[2025-08-19T05:39:01.375+0000] {processor.py:830} INFO - Processing file /opt/airflow/dags/chained_dag.py for tasks to queue
[2025-08-19T05:39:01.378+0000] {logging_mixin.py:188} INFO - [2025-08-19T05:39:01.377+0000] {dagbag.py:545} INFO - Filling up the DagBag from /opt/airflow/dags/chained_dag.py
[2025-08-19T05:39:01.436+0000] {processor.py:840} INFO - DAG(s) 'chained_tasks_dag' retrieved from /opt/airflow/dags/chained_dag.py
[2025-08-19T05:39:01.461+0000] {logging_mixin.py:188} INFO - [2025-08-19T05:39:01.461+0000] {dag.py:3096} INFO - Sync 1 DAGs
[2025-08-19T05:39:01.475+0000] {logging_mixin.py:188} INFO - [2025-08-19T05:39:01.475+0000] {dag.py:3954} INFO - Setting next_dagrun for chained_tasks_dag to None, run_after=None
[2025-08-19T05:39:01.505+0000] {processor.py:183} INFO - Processing /opt/airflow/dags/chained_dag.py took 0.143 seconds
[2025-08-19T05:39:31.775+0000] {processor.py:161} INFO - Started process (PID=38072) to work on /opt/airflow/dags/chained_dag.py
[2025-08-19T05:39:31.777+0000] {processor.py:830} INFO - Processing file /opt/airflow/dags/chained_dag.py for tasks to queue
[2025-08-19T05:39:31.778+0000] {logging_mixin.py:188} INFO - [2025-08-19T05:39:31.778+0000] {dagbag.py:545} INFO - Filling up the DagBag from /opt/airflow/dags/chained_dag.py
[2025-08-19T05:39:31.808+0000] {processor.py:840} INFO - DAG(s) 'chained_tasks_dag' retrieved from /opt/airflow/dags/chained_dag.py
[2025-08-19T05:39:31.840+0000] {logging_mixin.py:188} INFO - [2025-08-19T05:39:31.840+0000] {dag.py:3096} INFO - Sync 1 DAGs
[2025-08-19T05:39:31.854+0000] {logging_mixin.py:188} INFO - [2025-08-19T05:39:31.854+0000] {dag.py:3954} INFO - Setting next_dagrun for chained_tasks_dag to None, run_after=None
[2025-08-19T05:39:31.881+0000] {processor.py:183} INFO - Processing /opt/airflow/dags/chained_dag.py took 0.111 seconds
[2025-08-19T05:40:02.309+0000] {processor.py:161} INFO - Started process (PID=38128) to work on /opt/airflow/dags/chained_dag.py
[2025-08-19T05:40:02.310+0000] {processor.py:830} INFO - Processing file /opt/airflow/dags/chained_dag.py for tasks to queue
[2025-08-19T05:40:02.311+0000] {logging_mixin.py:188} INFO - [2025-08-19T05:40:02.311+0000] {dagbag.py:545} INFO - Filling up the DagBag from /opt/airflow/dags/chained_dag.py
[2025-08-19T05:40:02.336+0000] {processor.py:840} INFO - DAG(s) 'chained_tasks_dag' retrieved from /opt/airflow/dags/chained_dag.py
[2025-08-19T05:40:02.356+0000] {logging_mixin.py:188} INFO - [2025-08-19T05:40:02.356+0000] {dag.py:3096} INFO - Sync 1 DAGs
[2025-08-19T05:40:02.369+0000] {logging_mixin.py:188} INFO - [2025-08-19T05:40:02.369+0000] {dag.py:3954} INFO - Setting next_dagrun for chained_tasks_dag to None, run_after=None
[2025-08-19T05:40:02.397+0000] {processor.py:183} INFO - Processing /opt/airflow/dags/chained_dag.py took 0.093 seconds
[2025-08-19T05:40:32.671+0000] {processor.py:161} INFO - Started process (PID=38184) to work on /opt/airflow/dags/chained_dag.py
[2025-08-19T05:40:32.672+0000] {processor.py:830} INFO - Processing file /opt/airflow/dags/chained_dag.py for tasks to queue
[2025-08-19T05:40:32.673+0000] {logging_mixin.py:188} INFO - [2025-08-19T05:40:32.673+0000] {dagbag.py:545} INFO - Filling up the DagBag from /opt/airflow/dags/chained_dag.py
[2025-08-19T05:40:32.699+0000] {processor.py:840} INFO - DAG(s) 'chained_tasks_dag' retrieved from /opt/airflow/dags/chained_dag.py
[2025-08-19T05:40:32.719+0000] {logging_mixin.py:188} INFO - [2025-08-19T05:40:32.719+0000] {dag.py:3096} INFO - Sync 1 DAGs
[2025-08-19T05:40:32.733+0000] {logging_mixin.py:188} INFO - [2025-08-19T05:40:32.733+0000] {dag.py:3954} INFO - Setting next_dagrun for chained_tasks_dag to None, run_after=None
[2025-08-19T05:40:32.761+0000] {processor.py:183} INFO - Processing /opt/airflow/dags/chained_dag.py took 0.096 seconds
[2025-08-19T05:41:03.103+0000] {processor.py:161} INFO - Started process (PID=38240) to work on /opt/airflow/dags/chained_dag.py
[2025-08-19T05:41:03.104+0000] {processor.py:830} INFO - Processing file /opt/airflow/dags/chained_dag.py for tasks to queue
[2025-08-19T05:41:03.106+0000] {logging_mixin.py:188} INFO - [2025-08-19T05:41:03.105+0000] {dagbag.py:545} INFO - Filling up the DagBag from /opt/airflow/dags/chained_dag.py
[2025-08-19T05:41:03.134+0000] {processor.py:840} INFO - DAG(s) 'chained_tasks_dag' retrieved from /opt/airflow/dags/chained_dag.py
[2025-08-19T05:41:03.154+0000] {logging_mixin.py:188} INFO - [2025-08-19T05:41:03.154+0000] {dag.py:3096} INFO - Sync 1 DAGs
[2025-08-19T05:41:03.166+0000] {logging_mixin.py:188} INFO - [2025-08-19T05:41:03.166+0000] {dag.py:3954} INFO - Setting next_dagrun for chained_tasks_dag to None, run_after=None
[2025-08-19T05:41:03.193+0000] {processor.py:183} INFO - Processing /opt/airflow/dags/chained_dag.py took 0.099 seconds
[2025-08-19T05:41:33.271+0000] {processor.py:161} INFO - Started process (PID=38296) to work on /opt/airflow/dags/chained_dag.py
[2025-08-19T05:41:33.272+0000] {processor.py:830} INFO - Processing file /opt/airflow/dags/chained_dag.py for tasks to queue
[2025-08-19T05:41:33.273+0000] {logging_mixin.py:188} INFO - [2025-08-19T05:41:33.273+0000] {dagbag.py:545} INFO - Filling up the DagBag from /opt/airflow/dags/chained_dag.py
[2025-08-19T05:41:33.301+0000] {processor.py:840} INFO - DAG(s) 'chained_tasks_dag' retrieved from /opt/airflow/dags/chained_dag.py
[2025-08-19T05:41:33.324+0000] {logging_mixin.py:188} INFO - [2025-08-19T05:41:33.324+0000] {dag.py:3096} INFO - Sync 1 DAGs
[2025-08-19T05:41:33.338+0000] {logging_mixin.py:188} INFO - [2025-08-19T05:41:33.337+0000] {dag.py:3954} INFO - Setting next_dagrun for chained_tasks_dag to None, run_after=None
[2025-08-19T05:41:33.364+0000] {processor.py:183} INFO - Processing /opt/airflow/dags/chained_dag.py took 0.100 seconds
[2025-08-19T05:42:04.049+0000] {processor.py:161} INFO - Started process (PID=38352) to work on /opt/airflow/dags/chained_dag.py
[2025-08-19T05:42:04.050+0000] {processor.py:830} INFO - Processing file /opt/airflow/dags/chained_dag.py for tasks to queue
[2025-08-19T05:42:04.051+0000] {logging_mixin.py:188} INFO - [2025-08-19T05:42:04.051+0000] {dagbag.py:545} INFO - Filling up the DagBag from /opt/airflow/dags/chained_dag.py
[2025-08-19T05:42:04.082+0000] {processor.py:840} INFO - DAG(s) 'chained_tasks_dag' retrieved from /opt/airflow/dags/chained_dag.py
[2025-08-19T05:42:04.108+0000] {logging_mixin.py:188} INFO - [2025-08-19T05:42:04.108+0000] {dag.py:3096} INFO - Sync 1 DAGs
[2025-08-19T05:42:04.121+0000] {logging_mixin.py:188} INFO - [2025-08-19T05:42:04.121+0000] {dag.py:3954} INFO - Setting next_dagrun for chained_tasks_dag to None, run_after=None
[2025-08-19T05:42:04.153+0000] {processor.py:183} INFO - Processing /opt/airflow/dags/chained_dag.py took 0.112 seconds
[2025-08-19T05:42:34.594+0000] {processor.py:161} INFO - Started process (PID=38408) to work on /opt/airflow/dags/chained_dag.py
[2025-08-19T05:42:34.596+0000] {processor.py:830} INFO - Processing file /opt/airflow/dags/chained_dag.py for tasks to queue
[2025-08-19T05:42:34.597+0000] {logging_mixin.py:188} INFO - [2025-08-19T05:42:34.596+0000] {dagbag.py:545} INFO - Filling up the DagBag from /opt/airflow/dags/chained_dag.py
[2025-08-19T05:42:34.627+0000] {processor.py:840} INFO - DAG(s) 'chained_tasks_dag' retrieved from /opt/airflow/dags/chained_dag.py
[2025-08-19T05:42:34.649+0000] {logging_mixin.py:188} INFO - [2025-08-19T05:42:34.648+0000] {dag.py:3096} INFO - Sync 1 DAGs
[2025-08-19T05:42:34.662+0000] {logging_mixin.py:188} INFO - [2025-08-19T05:42:34.661+0000] {dag.py:3954} INFO - Setting next_dagrun for chained_tasks_dag to None, run_after=None
[2025-08-19T05:42:34.696+0000] {processor.py:183} INFO - Processing /opt/airflow/dags/chained_dag.py took 0.108 seconds
[2025-08-19T05:43:05.004+0000] {processor.py:161} INFO - Started process (PID=38464) to work on /opt/airflow/dags/chained_dag.py
[2025-08-19T05:43:05.006+0000] {processor.py:830} INFO - Processing file /opt/airflow/dags/chained_dag.py for tasks to queue
[2025-08-19T05:43:05.008+0000] {logging_mixin.py:188} INFO - [2025-08-19T05:43:05.007+0000] {dagbag.py:545} INFO - Filling up the DagBag from /opt/airflow/dags/chained_dag.py
[2025-08-19T05:43:05.039+0000] {processor.py:840} INFO - DAG(s) 'chained_tasks_dag' retrieved from /opt/airflow/dags/chained_dag.py
[2025-08-19T05:43:05.060+0000] {logging_mixin.py:188} INFO - [2025-08-19T05:43:05.059+0000] {dag.py:3096} INFO - Sync 1 DAGs
[2025-08-19T05:43:05.073+0000] {logging_mixin.py:188} INFO - [2025-08-19T05:43:05.073+0000] {dag.py:3954} INFO - Setting next_dagrun for chained_tasks_dag to None, run_after=None
[2025-08-19T05:43:05.099+0000] {processor.py:183} INFO - Processing /opt/airflow/dags/chained_dag.py took 0.102 seconds
[2025-08-19T05:43:35.652+0000] {processor.py:161} INFO - Started process (PID=38520) to work on /opt/airflow/dags/chained_dag.py
[2025-08-19T05:43:35.654+0000] {processor.py:830} INFO - Processing file /opt/airflow/dags/chained_dag.py for tasks to queue
[2025-08-19T05:43:35.655+0000] {logging_mixin.py:188} INFO - [2025-08-19T05:43:35.654+0000] {dagbag.py:545} INFO - Filling up the DagBag from /opt/airflow/dags/chained_dag.py
[2025-08-19T05:43:35.688+0000] {processor.py:840} INFO - DAG(s) 'chained_tasks_dag' retrieved from /opt/airflow/dags/chained_dag.py
[2025-08-19T05:43:35.710+0000] {logging_mixin.py:188} INFO - [2025-08-19T05:43:35.709+0000] {dag.py:3096} INFO - Sync 1 DAGs
[2025-08-19T05:43:35.722+0000] {logging_mixin.py:188} INFO - [2025-08-19T05:43:35.722+0000] {dag.py:3954} INFO - Setting next_dagrun for chained_tasks_dag to None, run_after=None
[2025-08-19T05:43:35.746+0000] {processor.py:183} INFO - Processing /opt/airflow/dags/chained_dag.py took 0.100 seconds
[2025-08-19T05:44:06.472+0000] {processor.py:161} INFO - Started process (PID=38576) to work on /opt/airflow/dags/chained_dag.py
[2025-08-19T05:44:06.473+0000] {processor.py:830} INFO - Processing file /opt/airflow/dags/chained_dag.py for tasks to queue
[2025-08-19T05:44:06.475+0000] {logging_mixin.py:188} INFO - [2025-08-19T05:44:06.474+0000] {dagbag.py:545} INFO - Filling up the DagBag from /opt/airflow/dags/chained_dag.py
[2025-08-19T05:44:06.504+0000] {processor.py:840} INFO - DAG(s) 'chained_tasks_dag' retrieved from /opt/airflow/dags/chained_dag.py
[2025-08-19T05:44:06.527+0000] {logging_mixin.py:188} INFO - [2025-08-19T05:44:06.526+0000] {dag.py:3096} INFO - Sync 1 DAGs
[2025-08-19T05:44:06.541+0000] {logging_mixin.py:188} INFO - [2025-08-19T05:44:06.541+0000] {dag.py:3954} INFO - Setting next_dagrun for chained_tasks_dag to None, run_after=None
[2025-08-19T05:44:06.575+0000] {processor.py:183} INFO - Processing /opt/airflow/dags/chained_dag.py took 0.110 seconds
[2025-08-19T05:44:37.047+0000] {processor.py:161} INFO - Started process (PID=38632) to work on /opt/airflow/dags/chained_dag.py
[2025-08-19T05:44:37.048+0000] {processor.py:830} INFO - Processing file /opt/airflow/dags/chained_dag.py for tasks to queue
[2025-08-19T05:44:37.049+0000] {logging_mixin.py:188} INFO - [2025-08-19T05:44:37.049+0000] {dagbag.py:545} INFO - Filling up the DagBag from /opt/airflow/dags/chained_dag.py
[2025-08-19T05:44:37.076+0000] {processor.py:840} INFO - DAG(s) 'chained_tasks_dag' retrieved from /opt/airflow/dags/chained_dag.py
[2025-08-19T05:44:37.099+0000] {logging_mixin.py:188} INFO - [2025-08-19T05:44:37.098+0000] {dag.py:3096} INFO - Sync 1 DAGs
[2025-08-19T05:44:37.113+0000] {logging_mixin.py:188} INFO - [2025-08-19T05:44:37.113+0000] {dag.py:3954} INFO - Setting next_dagrun for chained_tasks_dag to None, run_after=None
[2025-08-19T05:44:37.140+0000] {processor.py:183} INFO - Processing /opt/airflow/dags/chained_dag.py took 0.099 seconds
[2025-08-19T05:45:07.686+0000] {processor.py:161} INFO - Started process (PID=38688) to work on /opt/airflow/dags/chained_dag.py
[2025-08-19T05:45:07.687+0000] {processor.py:830} INFO - Processing file /opt/airflow/dags/chained_dag.py for tasks to queue
[2025-08-19T05:45:07.689+0000] {logging_mixin.py:188} INFO - [2025-08-19T05:45:07.689+0000] {dagbag.py:545} INFO - Filling up the DagBag from /opt/airflow/dags/chained_dag.py
[2025-08-19T05:45:07.740+0000] {processor.py:840} INFO - DAG(s) 'chained_tasks_dag' retrieved from /opt/airflow/dags/chained_dag.py
[2025-08-19T05:45:07.763+0000] {logging_mixin.py:188} INFO - [2025-08-19T05:45:07.763+0000] {dag.py:3096} INFO - Sync 1 DAGs
[2025-08-19T05:45:07.777+0000] {logging_mixin.py:188} INFO - [2025-08-19T05:45:07.777+0000] {dag.py:3954} INFO - Setting next_dagrun for chained_tasks_dag to None, run_after=None
[2025-08-19T05:45:07.804+0000] {processor.py:183} INFO - Processing /opt/airflow/dags/chained_dag.py took 0.128 seconds
[2025-08-19T05:45:37.956+0000] {processor.py:161} INFO - Started process (PID=38744) to work on /opt/airflow/dags/chained_dag.py
[2025-08-19T05:45:37.957+0000] {processor.py:830} INFO - Processing file /opt/airflow/dags/chained_dag.py for tasks to queue
[2025-08-19T05:45:37.959+0000] {logging_mixin.py:188} INFO - [2025-08-19T05:45:37.959+0000] {dagbag.py:545} INFO - Filling up the DagBag from /opt/airflow/dags/chained_dag.py
[2025-08-19T05:45:37.990+0000] {processor.py:840} INFO - DAG(s) 'chained_tasks_dag' retrieved from /opt/airflow/dags/chained_dag.py
[2025-08-19T05:45:38.012+0000] {logging_mixin.py:188} INFO - [2025-08-19T05:45:38.012+0000] {dag.py:3096} INFO - Sync 1 DAGs
[2025-08-19T05:45:38.027+0000] {logging_mixin.py:188} INFO - [2025-08-19T05:45:38.027+0000] {dag.py:3954} INFO - Setting next_dagrun for chained_tasks_dag to None, run_after=None
[2025-08-19T05:45:38.057+0000] {processor.py:183} INFO - Processing /opt/airflow/dags/chained_dag.py took 0.106 seconds
[2025-08-19T05:46:08.129+0000] {processor.py:161} INFO - Started process (PID=38800) to work on /opt/airflow/dags/chained_dag.py
[2025-08-19T05:46:08.130+0000] {processor.py:830} INFO - Processing file /opt/airflow/dags/chained_dag.py for tasks to queue
[2025-08-19T05:46:08.131+0000] {logging_mixin.py:188} INFO - [2025-08-19T05:46:08.131+0000] {dagbag.py:545} INFO - Filling up the DagBag from /opt/airflow/dags/chained_dag.py
[2025-08-19T05:46:08.156+0000] {processor.py:840} INFO - DAG(s) 'chained_tasks_dag' retrieved from /opt/airflow/dags/chained_dag.py
[2025-08-19T05:46:08.178+0000] {logging_mixin.py:188} INFO - [2025-08-19T05:46:08.178+0000] {dag.py:3096} INFO - Sync 1 DAGs
[2025-08-19T05:46:08.192+0000] {logging_mixin.py:188} INFO - [2025-08-19T05:46:08.192+0000] {dag.py:3954} INFO - Setting next_dagrun for chained_tasks_dag to None, run_after=None
[2025-08-19T05:46:08.216+0000] {processor.py:183} INFO - Processing /opt/airflow/dags/chained_dag.py took 0.094 seconds
[2025-08-19T05:46:38.404+0000] {processor.py:161} INFO - Started process (PID=38856) to work on /opt/airflow/dags/chained_dag.py
[2025-08-19T05:46:38.405+0000] {processor.py:830} INFO - Processing file /opt/airflow/dags/chained_dag.py for tasks to queue
[2025-08-19T05:46:38.407+0000] {logging_mixin.py:188} INFO - [2025-08-19T05:46:38.406+0000] {dagbag.py:545} INFO - Filling up the DagBag from /opt/airflow/dags/chained_dag.py
[2025-08-19T05:46:38.433+0000] {processor.py:840} INFO - DAG(s) 'chained_tasks_dag' retrieved from /opt/airflow/dags/chained_dag.py
[2025-08-19T05:46:38.454+0000] {logging_mixin.py:188} INFO - [2025-08-19T05:46:38.453+0000] {dag.py:3096} INFO - Sync 1 DAGs
[2025-08-19T05:46:38.466+0000] {logging_mixin.py:188} INFO - [2025-08-19T05:46:38.466+0000] {dag.py:3954} INFO - Setting next_dagrun for chained_tasks_dag to None, run_after=None
[2025-08-19T05:46:38.497+0000] {processor.py:183} INFO - Processing /opt/airflow/dags/chained_dag.py took 0.099 seconds
