[2025-08-19T09:15:15.823+0000] {processor.py:161} INFO - Started process (PID=61887) to work on /opt/airflow/dags/Airflow Coding Assessment 2/data_audit_dag.py
[2025-08-19T09:15:15.824+0000] {processor.py:830} INFO - Processing file /opt/airflow/dags/Airflow Coding Assessment 2/data_audit_dag.py for tasks to queue
[2025-08-19T09:15:15.826+0000] {logging_mixin.py:188} INFO - [2025-08-19T09:15:15.825+0000] {dagbag.py:545} INFO - Filling up the DagBag from /opt/airflow/dags/Airflow Coding Assessment 2/data_audit_dag.py
[2025-08-19T09:15:15.906+0000] {processor.py:840} INFO - DAG(s) 'data_audit_dag' retrieved from /opt/airflow/dags/Airflow Coding Assessment 2/data_audit_dag.py
[2025-08-19T09:15:16.027+0000] {logging_mixin.py:188} INFO - [2025-08-19T09:15:16.026+0000] {override.py:1829} INFO - Created Permission View: can delete on DAG:data_audit_dag
[2025-08-19T09:15:16.039+0000] {logging_mixin.py:188} INFO - [2025-08-19T09:15:16.039+0000] {override.py:1829} INFO - Created Permission View: can read on DAG:data_audit_dag
[2025-08-19T09:15:16.049+0000] {logging_mixin.py:188} INFO - [2025-08-19T09:15:16.048+0000] {override.py:1829} INFO - Created Permission View: can edit on DAG:data_audit_dag
[2025-08-19T09:15:16.050+0000] {logging_mixin.py:188} INFO - [2025-08-19T09:15:16.049+0000] {dag.py:3096} INFO - Sync 1 DAGs
[2025-08-19T09:15:16.061+0000] {logging_mixin.py:188} INFO - [2025-08-19T09:15:16.061+0000] {dag.py:3118} INFO - Creating ORM DAG for data_audit_dag
[2025-08-19T09:15:16.073+0000] {logging_mixin.py:188} INFO - [2025-08-19T09:15:16.073+0000] {dag.py:3954} INFO - Setting next_dagrun for data_audit_dag to 2025-08-19 08:00:00+00:00, run_after=2025-08-19 09:00:00+00:00
[2025-08-19T09:15:16.101+0000] {processor.py:183} INFO - Processing /opt/airflow/dags/Airflow Coding Assessment 2/data_audit_dag.py took 0.285 seconds
[2025-08-19T09:15:46.262+0000] {processor.py:161} INFO - Started process (PID=61945) to work on /opt/airflow/dags/Airflow Coding Assessment 2/data_audit_dag.py
[2025-08-19T09:15:46.264+0000] {processor.py:830} INFO - Processing file /opt/airflow/dags/Airflow Coding Assessment 2/data_audit_dag.py for tasks to queue
[2025-08-19T09:15:46.265+0000] {logging_mixin.py:188} INFO - [2025-08-19T09:15:46.265+0000] {dagbag.py:545} INFO - Filling up the DagBag from /opt/airflow/dags/Airflow Coding Assessment 2/data_audit_dag.py
[2025-08-19T09:15:46.305+0000] {processor.py:840} INFO - DAG(s) 'data_audit_dag' retrieved from /opt/airflow/dags/Airflow Coding Assessment 2/data_audit_dag.py
[2025-08-19T09:15:46.328+0000] {logging_mixin.py:188} INFO - [2025-08-19T09:15:46.328+0000] {dag.py:3096} INFO - Sync 1 DAGs
[2025-08-19T09:15:46.353+0000] {logging_mixin.py:188} INFO - [2025-08-19T09:15:46.353+0000] {dag.py:3954} INFO - Setting next_dagrun for data_audit_dag to 2025-08-19 08:00:00+00:00, run_after=2025-08-19 09:00:00+00:00
[2025-08-19T09:15:46.379+0000] {processor.py:183} INFO - Processing /opt/airflow/dags/Airflow Coding Assessment 2/data_audit_dag.py took 0.124 seconds
[2025-08-19T09:16:16.583+0000] {processor.py:161} INFO - Started process (PID=62003) to work on /opt/airflow/dags/Airflow Coding Assessment 2/data_audit_dag.py
[2025-08-19T09:16:16.584+0000] {processor.py:830} INFO - Processing file /opt/airflow/dags/Airflow Coding Assessment 2/data_audit_dag.py for tasks to queue
[2025-08-19T09:16:16.586+0000] {logging_mixin.py:188} INFO - [2025-08-19T09:16:16.586+0000] {dagbag.py:545} INFO - Filling up the DagBag from /opt/airflow/dags/Airflow Coding Assessment 2/data_audit_dag.py
[2025-08-19T09:16:16.619+0000] {processor.py:840} INFO - DAG(s) 'data_audit_dag' retrieved from /opt/airflow/dags/Airflow Coding Assessment 2/data_audit_dag.py
[2025-08-19T09:16:16.645+0000] {logging_mixin.py:188} INFO - [2025-08-19T09:16:16.645+0000] {dag.py:3096} INFO - Sync 1 DAGs
[2025-08-19T09:16:16.676+0000] {logging_mixin.py:188} INFO - [2025-08-19T09:16:16.676+0000] {dag.py:3954} INFO - Setting next_dagrun for data_audit_dag to 2025-08-19 08:00:00+00:00, run_after=2025-08-19 09:00:00+00:00
[2025-08-19T09:16:16.714+0000] {processor.py:183} INFO - Processing /opt/airflow/dags/Airflow Coding Assessment 2/data_audit_dag.py took 0.138 seconds
[2025-08-19T09:16:47.115+0000] {processor.py:161} INFO - Started process (PID=62061) to work on /opt/airflow/dags/Airflow Coding Assessment 2/data_audit_dag.py
[2025-08-19T09:16:47.116+0000] {processor.py:830} INFO - Processing file /opt/airflow/dags/Airflow Coding Assessment 2/data_audit_dag.py for tasks to queue
[2025-08-19T09:16:47.118+0000] {logging_mixin.py:188} INFO - [2025-08-19T09:16:47.117+0000] {dagbag.py:545} INFO - Filling up the DagBag from /opt/airflow/dags/Airflow Coding Assessment 2/data_audit_dag.py
[2025-08-19T09:16:47.152+0000] {processor.py:840} INFO - DAG(s) 'data_audit_dag' retrieved from /opt/airflow/dags/Airflow Coding Assessment 2/data_audit_dag.py
[2025-08-19T09:16:47.177+0000] {logging_mixin.py:188} INFO - [2025-08-19T09:16:47.177+0000] {dag.py:3096} INFO - Sync 1 DAGs
[2025-08-19T09:16:47.200+0000] {logging_mixin.py:188} INFO - [2025-08-19T09:16:47.200+0000] {dag.py:3954} INFO - Setting next_dagrun for data_audit_dag to 2025-08-19 08:00:00+00:00, run_after=2025-08-19 09:00:00+00:00
[2025-08-19T09:16:47.227+0000] {processor.py:183} INFO - Processing /opt/airflow/dags/Airflow Coding Assessment 2/data_audit_dag.py took 0.118 seconds
[2025-08-19T09:17:17.547+0000] {processor.py:161} INFO - Started process (PID=62119) to work on /opt/airflow/dags/Airflow Coding Assessment 2/data_audit_dag.py
[2025-08-19T09:17:17.549+0000] {processor.py:830} INFO - Processing file /opt/airflow/dags/Airflow Coding Assessment 2/data_audit_dag.py for tasks to queue
[2025-08-19T09:17:17.551+0000] {logging_mixin.py:188} INFO - [2025-08-19T09:17:17.550+0000] {dagbag.py:545} INFO - Filling up the DagBag from /opt/airflow/dags/Airflow Coding Assessment 2/data_audit_dag.py
[2025-08-19T09:17:17.590+0000] {processor.py:840} INFO - DAG(s) 'data_audit_dag' retrieved from /opt/airflow/dags/Airflow Coding Assessment 2/data_audit_dag.py
[2025-08-19T09:17:17.612+0000] {logging_mixin.py:188} INFO - [2025-08-19T09:17:17.612+0000] {dag.py:3096} INFO - Sync 1 DAGs
[2025-08-19T09:17:17.636+0000] {logging_mixin.py:188} INFO - [2025-08-19T09:17:17.636+0000] {dag.py:3954} INFO - Setting next_dagrun for data_audit_dag to 2025-08-19 08:00:00+00:00, run_after=2025-08-19 09:00:00+00:00
[2025-08-19T09:17:17.661+0000] {processor.py:183} INFO - Processing /opt/airflow/dags/Airflow Coding Assessment 2/data_audit_dag.py took 0.121 seconds
[2025-08-19T09:17:47.738+0000] {processor.py:161} INFO - Started process (PID=62177) to work on /opt/airflow/dags/Airflow Coding Assessment 2/data_audit_dag.py
[2025-08-19T09:17:47.740+0000] {processor.py:830} INFO - Processing file /opt/airflow/dags/Airflow Coding Assessment 2/data_audit_dag.py for tasks to queue
[2025-08-19T09:17:47.741+0000] {logging_mixin.py:188} INFO - [2025-08-19T09:17:47.741+0000] {dagbag.py:545} INFO - Filling up the DagBag from /opt/airflow/dags/Airflow Coding Assessment 2/data_audit_dag.py
[2025-08-19T09:17:47.779+0000] {processor.py:840} INFO - DAG(s) 'data_audit_dag' retrieved from /opt/airflow/dags/Airflow Coding Assessment 2/data_audit_dag.py
[2025-08-19T09:17:47.803+0000] {logging_mixin.py:188} INFO - [2025-08-19T09:17:47.802+0000] {dag.py:3096} INFO - Sync 1 DAGs
[2025-08-19T09:17:47.831+0000] {logging_mixin.py:188} INFO - [2025-08-19T09:17:47.831+0000] {dag.py:3954} INFO - Setting next_dagrun for data_audit_dag to 2025-08-19 08:00:00+00:00, run_after=2025-08-19 09:00:00+00:00
[2025-08-19T09:17:47.862+0000] {processor.py:183} INFO - Processing /opt/airflow/dags/Airflow Coding Assessment 2/data_audit_dag.py took 0.130 seconds
[2025-08-19T09:18:18.146+0000] {processor.py:161} INFO - Started process (PID=62235) to work on /opt/airflow/dags/Airflow Coding Assessment 2/data_audit_dag.py
[2025-08-19T09:18:18.147+0000] {processor.py:830} INFO - Processing file /opt/airflow/dags/Airflow Coding Assessment 2/data_audit_dag.py for tasks to queue
[2025-08-19T09:18:18.148+0000] {logging_mixin.py:188} INFO - [2025-08-19T09:18:18.148+0000] {dagbag.py:545} INFO - Filling up the DagBag from /opt/airflow/dags/Airflow Coding Assessment 2/data_audit_dag.py
[2025-08-19T09:18:18.181+0000] {processor.py:840} INFO - DAG(s) 'data_audit_dag' retrieved from /opt/airflow/dags/Airflow Coding Assessment 2/data_audit_dag.py
[2025-08-19T09:18:18.203+0000] {logging_mixin.py:188} INFO - [2025-08-19T09:18:18.203+0000] {dag.py:3096} INFO - Sync 1 DAGs
[2025-08-19T09:18:18.227+0000] {logging_mixin.py:188} INFO - [2025-08-19T09:18:18.227+0000] {dag.py:3954} INFO - Setting next_dagrun for data_audit_dag to 2025-08-19 08:00:00+00:00, run_after=2025-08-19 09:00:00+00:00
[2025-08-19T09:18:18.255+0000] {processor.py:183} INFO - Processing /opt/airflow/dags/Airflow Coding Assessment 2/data_audit_dag.py took 0.115 seconds
[2025-08-19T09:18:48.583+0000] {processor.py:161} INFO - Started process (PID=62293) to work on /opt/airflow/dags/Airflow Coding Assessment 2/data_audit_dag.py
[2025-08-19T09:18:48.585+0000] {processor.py:830} INFO - Processing file /opt/airflow/dags/Airflow Coding Assessment 2/data_audit_dag.py for tasks to queue
[2025-08-19T09:18:48.586+0000] {logging_mixin.py:188} INFO - [2025-08-19T09:18:48.586+0000] {dagbag.py:545} INFO - Filling up the DagBag from /opt/airflow/dags/Airflow Coding Assessment 2/data_audit_dag.py
[2025-08-19T09:18:48.627+0000] {processor.py:840} INFO - DAG(s) 'data_audit_dag' retrieved from /opt/airflow/dags/Airflow Coding Assessment 2/data_audit_dag.py
[2025-08-19T09:18:48.650+0000] {logging_mixin.py:188} INFO - [2025-08-19T09:18:48.650+0000] {dag.py:3096} INFO - Sync 1 DAGs
[2025-08-19T09:18:48.676+0000] {logging_mixin.py:188} INFO - [2025-08-19T09:18:48.676+0000] {dag.py:3954} INFO - Setting next_dagrun for data_audit_dag to 2025-08-19 08:00:00+00:00, run_after=2025-08-19 09:00:00+00:00
[2025-08-19T09:18:48.706+0000] {processor.py:183} INFO - Processing /opt/airflow/dags/Airflow Coding Assessment 2/data_audit_dag.py took 0.132 seconds
[2025-08-19T09:19:18.857+0000] {processor.py:161} INFO - Started process (PID=62351) to work on /opt/airflow/dags/Airflow Coding Assessment 2/data_audit_dag.py
[2025-08-19T09:19:18.859+0000] {processor.py:830} INFO - Processing file /opt/airflow/dags/Airflow Coding Assessment 2/data_audit_dag.py for tasks to queue
[2025-08-19T09:19:18.860+0000] {logging_mixin.py:188} INFO - [2025-08-19T09:19:18.860+0000] {dagbag.py:545} INFO - Filling up the DagBag from /opt/airflow/dags/Airflow Coding Assessment 2/data_audit_dag.py
[2025-08-19T09:19:18.893+0000] {processor.py:840} INFO - DAG(s) 'data_audit_dag' retrieved from /opt/airflow/dags/Airflow Coding Assessment 2/data_audit_dag.py
[2025-08-19T09:19:18.917+0000] {logging_mixin.py:188} INFO - [2025-08-19T09:19:18.917+0000] {dag.py:3096} INFO - Sync 1 DAGs
[2025-08-19T09:19:18.942+0000] {logging_mixin.py:188} INFO - [2025-08-19T09:19:18.942+0000] {dag.py:3954} INFO - Setting next_dagrun for data_audit_dag to 2025-08-19 08:00:00+00:00, run_after=2025-08-19 09:00:00+00:00
[2025-08-19T09:19:18.971+0000] {processor.py:183} INFO - Processing /opt/airflow/dags/Airflow Coding Assessment 2/data_audit_dag.py took 0.123 seconds
[2025-08-19T09:19:49.162+0000] {processor.py:161} INFO - Started process (PID=62409) to work on /opt/airflow/dags/Airflow Coding Assessment 2/data_audit_dag.py
[2025-08-19T09:19:49.164+0000] {processor.py:830} INFO - Processing file /opt/airflow/dags/Airflow Coding Assessment 2/data_audit_dag.py for tasks to queue
[2025-08-19T09:19:49.166+0000] {logging_mixin.py:188} INFO - [2025-08-19T09:19:49.165+0000] {dagbag.py:545} INFO - Filling up the DagBag from /opt/airflow/dags/Airflow Coding Assessment 2/data_audit_dag.py
[2025-08-19T09:19:49.200+0000] {processor.py:840} INFO - DAG(s) 'data_audit_dag' retrieved from /opt/airflow/dags/Airflow Coding Assessment 2/data_audit_dag.py
[2025-08-19T09:19:49.221+0000] {logging_mixin.py:188} INFO - [2025-08-19T09:19:49.220+0000] {dag.py:3096} INFO - Sync 1 DAGs
[2025-08-19T09:19:49.246+0000] {logging_mixin.py:188} INFO - [2025-08-19T09:19:49.246+0000] {dag.py:3954} INFO - Setting next_dagrun for data_audit_dag to 2025-08-19 08:00:00+00:00, run_after=2025-08-19 09:00:00+00:00
[2025-08-19T09:19:49.272+0000] {processor.py:183} INFO - Processing /opt/airflow/dags/Airflow Coding Assessment 2/data_audit_dag.py took 0.116 seconds
[2025-08-19T09:20:19.402+0000] {processor.py:161} INFO - Started process (PID=62467) to work on /opt/airflow/dags/Airflow Coding Assessment 2/data_audit_dag.py
[2025-08-19T09:20:19.404+0000] {processor.py:830} INFO - Processing file /opt/airflow/dags/Airflow Coding Assessment 2/data_audit_dag.py for tasks to queue
[2025-08-19T09:20:19.406+0000] {logging_mixin.py:188} INFO - [2025-08-19T09:20:19.405+0000] {dagbag.py:545} INFO - Filling up the DagBag from /opt/airflow/dags/Airflow Coding Assessment 2/data_audit_dag.py
[2025-08-19T09:20:19.448+0000] {processor.py:840} INFO - DAG(s) 'data_audit_dag' retrieved from /opt/airflow/dags/Airflow Coding Assessment 2/data_audit_dag.py
[2025-08-19T09:20:19.476+0000] {logging_mixin.py:188} INFO - [2025-08-19T09:20:19.476+0000] {dag.py:3096} INFO - Sync 1 DAGs
[2025-08-19T09:20:19.507+0000] {logging_mixin.py:188} INFO - [2025-08-19T09:20:19.507+0000] {dag.py:3954} INFO - Setting next_dagrun for data_audit_dag to 2025-08-19 08:00:00+00:00, run_after=2025-08-19 09:00:00+00:00
[2025-08-19T09:20:19.543+0000] {processor.py:183} INFO - Processing /opt/airflow/dags/Airflow Coding Assessment 2/data_audit_dag.py took 0.151 seconds
[2025-08-19T09:20:50.008+0000] {processor.py:161} INFO - Started process (PID=62525) to work on /opt/airflow/dags/Airflow Coding Assessment 2/data_audit_dag.py
[2025-08-19T09:20:50.010+0000] {processor.py:830} INFO - Processing file /opt/airflow/dags/Airflow Coding Assessment 2/data_audit_dag.py for tasks to queue
[2025-08-19T09:20:50.012+0000] {logging_mixin.py:188} INFO - [2025-08-19T09:20:50.011+0000] {dagbag.py:545} INFO - Filling up the DagBag from /opt/airflow/dags/Airflow Coding Assessment 2/data_audit_dag.py
[2025-08-19T09:20:50.053+0000] {processor.py:840} INFO - DAG(s) 'data_audit_dag' retrieved from /opt/airflow/dags/Airflow Coding Assessment 2/data_audit_dag.py
[2025-08-19T09:20:50.082+0000] {logging_mixin.py:188} INFO - [2025-08-19T09:20:50.082+0000] {dag.py:3096} INFO - Sync 1 DAGs
[2025-08-19T09:20:50.112+0000] {logging_mixin.py:188} INFO - [2025-08-19T09:20:50.112+0000] {dag.py:3954} INFO - Setting next_dagrun for data_audit_dag to 2025-08-19 08:00:00+00:00, run_after=2025-08-19 09:00:00+00:00
[2025-08-19T09:20:50.140+0000] {processor.py:183} INFO - Processing /opt/airflow/dags/Airflow Coding Assessment 2/data_audit_dag.py took 0.140 seconds
[2025-08-19T09:21:20.482+0000] {processor.py:161} INFO - Started process (PID=62583) to work on /opt/airflow/dags/Airflow Coding Assessment 2/data_audit_dag.py
[2025-08-19T09:21:20.484+0000] {processor.py:830} INFO - Processing file /opt/airflow/dags/Airflow Coding Assessment 2/data_audit_dag.py for tasks to queue
[2025-08-19T09:21:20.486+0000] {logging_mixin.py:188} INFO - [2025-08-19T09:21:20.486+0000] {dagbag.py:545} INFO - Filling up the DagBag from /opt/airflow/dags/Airflow Coding Assessment 2/data_audit_dag.py
[2025-08-19T09:21:20.542+0000] {processor.py:840} INFO - DAG(s) 'data_audit_dag' retrieved from /opt/airflow/dags/Airflow Coding Assessment 2/data_audit_dag.py
[2025-08-19T09:21:20.567+0000] {logging_mixin.py:188} INFO - [2025-08-19T09:21:20.567+0000] {dag.py:3096} INFO - Sync 1 DAGs
[2025-08-19T09:21:20.594+0000] {logging_mixin.py:188} INFO - [2025-08-19T09:21:20.594+0000] {dag.py:3954} INFO - Setting next_dagrun for data_audit_dag to 2025-08-19 08:00:00+00:00, run_after=2025-08-19 09:00:00+00:00
[2025-08-19T09:21:20.620+0000] {processor.py:183} INFO - Processing /opt/airflow/dags/Airflow Coding Assessment 2/data_audit_dag.py took 0.145 seconds
[2025-08-19T09:21:50.952+0000] {processor.py:161} INFO - Started process (PID=62641) to work on /opt/airflow/dags/Airflow Coding Assessment 2/data_audit_dag.py
[2025-08-19T09:21:50.954+0000] {processor.py:830} INFO - Processing file /opt/airflow/dags/Airflow Coding Assessment 2/data_audit_dag.py for tasks to queue
[2025-08-19T09:21:50.955+0000] {logging_mixin.py:188} INFO - [2025-08-19T09:21:50.955+0000] {dagbag.py:545} INFO - Filling up the DagBag from /opt/airflow/dags/Airflow Coding Assessment 2/data_audit_dag.py
[2025-08-19T09:21:51.001+0000] {processor.py:840} INFO - DAG(s) 'data_audit_dag' retrieved from /opt/airflow/dags/Airflow Coding Assessment 2/data_audit_dag.py
[2025-08-19T09:21:51.027+0000] {logging_mixin.py:188} INFO - [2025-08-19T09:21:51.027+0000] {dag.py:3096} INFO - Sync 1 DAGs
[2025-08-19T09:21:51.055+0000] {logging_mixin.py:188} INFO - [2025-08-19T09:21:51.055+0000] {dag.py:3954} INFO - Setting next_dagrun for data_audit_dag to 2025-08-19 08:00:00+00:00, run_after=2025-08-19 09:00:00+00:00
[2025-08-19T09:21:51.089+0000] {processor.py:183} INFO - Processing /opt/airflow/dags/Airflow Coding Assessment 2/data_audit_dag.py took 0.148 seconds
[2025-08-19T09:22:21.372+0000] {processor.py:161} INFO - Started process (PID=62699) to work on /opt/airflow/dags/Airflow Coding Assessment 2/data_audit_dag.py
[2025-08-19T09:22:21.373+0000] {processor.py:830} INFO - Processing file /opt/airflow/dags/Airflow Coding Assessment 2/data_audit_dag.py for tasks to queue
[2025-08-19T09:22:21.375+0000] {logging_mixin.py:188} INFO - [2025-08-19T09:22:21.374+0000] {dagbag.py:545} INFO - Filling up the DagBag from /opt/airflow/dags/Airflow Coding Assessment 2/data_audit_dag.py
[2025-08-19T09:22:21.412+0000] {processor.py:840} INFO - DAG(s) 'data_audit_dag' retrieved from /opt/airflow/dags/Airflow Coding Assessment 2/data_audit_dag.py
[2025-08-19T09:22:21.436+0000] {logging_mixin.py:188} INFO - [2025-08-19T09:22:21.436+0000] {dag.py:3096} INFO - Sync 1 DAGs
[2025-08-19T09:22:21.465+0000] {logging_mixin.py:188} INFO - [2025-08-19T09:22:21.465+0000] {dag.py:3954} INFO - Setting next_dagrun for data_audit_dag to 2025-08-19 08:00:00+00:00, run_after=2025-08-19 09:00:00+00:00
[2025-08-19T09:22:21.492+0000] {processor.py:183} INFO - Processing /opt/airflow/dags/Airflow Coding Assessment 2/data_audit_dag.py took 0.127 seconds
[2025-08-19T09:22:51.610+0000] {processor.py:161} INFO - Started process (PID=62757) to work on /opt/airflow/dags/Airflow Coding Assessment 2/data_audit_dag.py
[2025-08-19T09:22:51.612+0000] {processor.py:830} INFO - Processing file /opt/airflow/dags/Airflow Coding Assessment 2/data_audit_dag.py for tasks to queue
[2025-08-19T09:22:51.614+0000] {logging_mixin.py:188} INFO - [2025-08-19T09:22:51.613+0000] {dagbag.py:545} INFO - Filling up the DagBag from /opt/airflow/dags/Airflow Coding Assessment 2/data_audit_dag.py
[2025-08-19T09:22:51.655+0000] {processor.py:840} INFO - DAG(s) 'data_audit_dag' retrieved from /opt/airflow/dags/Airflow Coding Assessment 2/data_audit_dag.py
[2025-08-19T09:22:51.680+0000] {logging_mixin.py:188} INFO - [2025-08-19T09:22:51.680+0000] {dag.py:3096} INFO - Sync 1 DAGs
[2025-08-19T09:22:51.707+0000] {logging_mixin.py:188} INFO - [2025-08-19T09:22:51.707+0000] {dag.py:3954} INFO - Setting next_dagrun for data_audit_dag to 2025-08-19 08:00:00+00:00, run_after=2025-08-19 09:00:00+00:00
[2025-08-19T09:22:51.741+0000] {processor.py:183} INFO - Processing /opt/airflow/dags/Airflow Coding Assessment 2/data_audit_dag.py took 0.139 seconds
[2025-08-19T09:23:22.492+0000] {processor.py:161} INFO - Started process (PID=62815) to work on /opt/airflow/dags/Airflow Coding Assessment 2/data_audit_dag.py
[2025-08-19T09:23:22.494+0000] {processor.py:830} INFO - Processing file /opt/airflow/dags/Airflow Coding Assessment 2/data_audit_dag.py for tasks to queue
[2025-08-19T09:23:22.495+0000] {logging_mixin.py:188} INFO - [2025-08-19T09:23:22.495+0000] {dagbag.py:545} INFO - Filling up the DagBag from /opt/airflow/dags/Airflow Coding Assessment 2/data_audit_dag.py
[2025-08-19T09:23:22.535+0000] {processor.py:840} INFO - DAG(s) 'data_audit_dag' retrieved from /opt/airflow/dags/Airflow Coding Assessment 2/data_audit_dag.py
[2025-08-19T09:23:22.560+0000] {logging_mixin.py:188} INFO - [2025-08-19T09:23:22.560+0000] {dag.py:3096} INFO - Sync 1 DAGs
[2025-08-19T09:23:22.585+0000] {logging_mixin.py:188} INFO - [2025-08-19T09:23:22.585+0000] {dag.py:3954} INFO - Setting next_dagrun for data_audit_dag to 2025-08-19 08:00:00+00:00, run_after=2025-08-19 09:00:00+00:00
[2025-08-19T09:23:22.614+0000] {processor.py:183} INFO - Processing /opt/airflow/dags/Airflow Coding Assessment 2/data_audit_dag.py took 0.131 seconds
[2025-08-19T09:23:30.445+0000] {processor.py:161} INFO - Started process (PID=62829) to work on /opt/airflow/dags/Airflow Coding Assessment 2/data_audit_dag.py
[2025-08-19T09:23:30.447+0000] {processor.py:830} INFO - Processing file /opt/airflow/dags/Airflow Coding Assessment 2/data_audit_dag.py for tasks to queue
[2025-08-19T09:23:30.449+0000] {logging_mixin.py:188} INFO - [2025-08-19T09:23:30.448+0000] {dagbag.py:545} INFO - Filling up the DagBag from /opt/airflow/dags/Airflow Coding Assessment 2/data_audit_dag.py
[2025-08-19T09:23:30.524+0000] {processor.py:840} INFO - DAG(s) 'data_audit_dag' retrieved from /opt/airflow/dags/Airflow Coding Assessment 2/data_audit_dag.py
[2025-08-19T09:23:30.648+0000] {logging_mixin.py:188} INFO - [2025-08-19T09:23:30.647+0000] {dag.py:3096} INFO - Sync 1 DAGs
[2025-08-19T09:23:30.677+0000] {logging_mixin.py:188} INFO - [2025-08-19T09:23:30.677+0000] {dag.py:3954} INFO - Setting next_dagrun for data_audit_dag to 2025-08-19 08:00:00+00:00, run_after=2025-08-19 09:00:00+00:00
[2025-08-19T09:23:30.754+0000] {processor.py:183} INFO - Processing /opt/airflow/dags/Airflow Coding Assessment 2/data_audit_dag.py took 0.316 seconds
[2025-08-19T09:24:01.363+0000] {processor.py:161} INFO - Started process (PID=62887) to work on /opt/airflow/dags/Airflow Coding Assessment 2/data_audit_dag.py
[2025-08-19T09:24:01.364+0000] {processor.py:830} INFO - Processing file /opt/airflow/dags/Airflow Coding Assessment 2/data_audit_dag.py for tasks to queue
[2025-08-19T09:24:01.366+0000] {logging_mixin.py:188} INFO - [2025-08-19T09:24:01.365+0000] {dagbag.py:545} INFO - Filling up the DagBag from /opt/airflow/dags/Airflow Coding Assessment 2/data_audit_dag.py
[2025-08-19T09:24:01.404+0000] {processor.py:840} INFO - DAG(s) 'data_audit_dag' retrieved from /opt/airflow/dags/Airflow Coding Assessment 2/data_audit_dag.py
[2025-08-19T09:24:01.426+0000] {logging_mixin.py:188} INFO - [2025-08-19T09:24:01.426+0000] {dag.py:3096} INFO - Sync 1 DAGs
[2025-08-19T09:24:01.452+0000] {logging_mixin.py:188} INFO - [2025-08-19T09:24:01.451+0000] {dag.py:3954} INFO - Setting next_dagrun for data_audit_dag to 2025-08-19 08:00:00+00:00, run_after=2025-08-19 09:00:00+00:00
[2025-08-19T09:24:01.479+0000] {processor.py:183} INFO - Processing /opt/airflow/dags/Airflow Coding Assessment 2/data_audit_dag.py took 0.122 seconds
[2025-08-19T09:24:31.790+0000] {processor.py:161} INFO - Started process (PID=62957) to work on /opt/airflow/dags/Airflow Coding Assessment 2/data_audit_dag.py
[2025-08-19T09:24:31.792+0000] {processor.py:830} INFO - Processing file /opt/airflow/dags/Airflow Coding Assessment 2/data_audit_dag.py for tasks to queue
[2025-08-19T09:24:31.794+0000] {logging_mixin.py:188} INFO - [2025-08-19T09:24:31.793+0000] {dagbag.py:545} INFO - Filling up the DagBag from /opt/airflow/dags/Airflow Coding Assessment 2/data_audit_dag.py
[2025-08-19T09:24:31.842+0000] {processor.py:840} INFO - DAG(s) 'data_audit_dag' retrieved from /opt/airflow/dags/Airflow Coding Assessment 2/data_audit_dag.py
[2025-08-19T09:24:31.871+0000] {logging_mixin.py:188} INFO - [2025-08-19T09:24:31.870+0000] {dag.py:3096} INFO - Sync 1 DAGs
[2025-08-19T09:24:31.901+0000] {logging_mixin.py:188} INFO - [2025-08-19T09:24:31.900+0000] {dag.py:3954} INFO - Setting next_dagrun for data_audit_dag to 2025-08-19 09:00:00+00:00, run_after=2025-08-19 10:00:00+00:00
[2025-08-19T09:24:31.932+0000] {processor.py:183} INFO - Processing /opt/airflow/dags/Airflow Coding Assessment 2/data_audit_dag.py took 0.148 seconds
[2025-08-19T09:25:02.217+0000] {processor.py:161} INFO - Started process (PID=63015) to work on /opt/airflow/dags/Airflow Coding Assessment 2/data_audit_dag.py
[2025-08-19T09:25:02.219+0000] {processor.py:830} INFO - Processing file /opt/airflow/dags/Airflow Coding Assessment 2/data_audit_dag.py for tasks to queue
[2025-08-19T09:25:02.221+0000] {logging_mixin.py:188} INFO - [2025-08-19T09:25:02.220+0000] {dagbag.py:545} INFO - Filling up the DagBag from /opt/airflow/dags/Airflow Coding Assessment 2/data_audit_dag.py
[2025-08-19T09:25:02.262+0000] {processor.py:840} INFO - DAG(s) 'data_audit_dag' retrieved from /opt/airflow/dags/Airflow Coding Assessment 2/data_audit_dag.py
[2025-08-19T09:25:02.288+0000] {logging_mixin.py:188} INFO - [2025-08-19T09:25:02.288+0000] {dag.py:3096} INFO - Sync 1 DAGs
[2025-08-19T09:25:02.317+0000] {logging_mixin.py:188} INFO - [2025-08-19T09:25:02.316+0000] {dag.py:3954} INFO - Setting next_dagrun for data_audit_dag to 2025-08-19 09:00:00+00:00, run_after=2025-08-19 10:00:00+00:00
[2025-08-19T09:25:02.345+0000] {processor.py:183} INFO - Processing /opt/airflow/dags/Airflow Coding Assessment 2/data_audit_dag.py took 0.135 seconds
[2025-08-19T09:25:32.722+0000] {processor.py:161} INFO - Started process (PID=63073) to work on /opt/airflow/dags/Airflow Coding Assessment 2/data_audit_dag.py
[2025-08-19T09:25:32.724+0000] {processor.py:830} INFO - Processing file /opt/airflow/dags/Airflow Coding Assessment 2/data_audit_dag.py for tasks to queue
[2025-08-19T09:25:32.726+0000] {logging_mixin.py:188} INFO - [2025-08-19T09:25:32.725+0000] {dagbag.py:545} INFO - Filling up the DagBag from /opt/airflow/dags/Airflow Coding Assessment 2/data_audit_dag.py
[2025-08-19T09:25:32.763+0000] {processor.py:840} INFO - DAG(s) 'data_audit_dag' retrieved from /opt/airflow/dags/Airflow Coding Assessment 2/data_audit_dag.py
[2025-08-19T09:25:32.789+0000] {logging_mixin.py:188} INFO - [2025-08-19T09:25:32.789+0000] {dag.py:3096} INFO - Sync 1 DAGs
[2025-08-19T09:25:32.822+0000] {logging_mixin.py:188} INFO - [2025-08-19T09:25:32.822+0000] {dag.py:3954} INFO - Setting next_dagrun for data_audit_dag to 2025-08-19 09:00:00+00:00, run_after=2025-08-19 10:00:00+00:00
[2025-08-19T09:25:32.852+0000] {processor.py:183} INFO - Processing /opt/airflow/dags/Airflow Coding Assessment 2/data_audit_dag.py took 0.137 seconds
[2025-08-19T09:26:03.275+0000] {processor.py:161} INFO - Started process (PID=63131) to work on /opt/airflow/dags/Airflow Coding Assessment 2/data_audit_dag.py
[2025-08-19T09:26:03.277+0000] {processor.py:830} INFO - Processing file /opt/airflow/dags/Airflow Coding Assessment 2/data_audit_dag.py for tasks to queue
[2025-08-19T09:26:03.279+0000] {logging_mixin.py:188} INFO - [2025-08-19T09:26:03.278+0000] {dagbag.py:545} INFO - Filling up the DagBag from /opt/airflow/dags/Airflow Coding Assessment 2/data_audit_dag.py
[2025-08-19T09:26:03.312+0000] {processor.py:840} INFO - DAG(s) 'data_audit_dag' retrieved from /opt/airflow/dags/Airflow Coding Assessment 2/data_audit_dag.py
[2025-08-19T09:26:03.334+0000] {logging_mixin.py:188} INFO - [2025-08-19T09:26:03.334+0000] {dag.py:3096} INFO - Sync 1 DAGs
[2025-08-19T09:26:03.361+0000] {logging_mixin.py:188} INFO - [2025-08-19T09:26:03.361+0000] {dag.py:3954} INFO - Setting next_dagrun for data_audit_dag to 2025-08-19 09:00:00+00:00, run_after=2025-08-19 10:00:00+00:00
[2025-08-19T09:26:03.390+0000] {processor.py:183} INFO - Processing /opt/airflow/dags/Airflow Coding Assessment 2/data_audit_dag.py took 0.123 seconds
[2025-08-19T09:26:33.928+0000] {processor.py:161} INFO - Started process (PID=63189) to work on /opt/airflow/dags/Airflow Coding Assessment 2/data_audit_dag.py
[2025-08-19T09:26:33.930+0000] {processor.py:830} INFO - Processing file /opt/airflow/dags/Airflow Coding Assessment 2/data_audit_dag.py for tasks to queue
[2025-08-19T09:26:33.933+0000] {logging_mixin.py:188} INFO - [2025-08-19T09:26:33.932+0000] {dagbag.py:545} INFO - Filling up the DagBag from /opt/airflow/dags/Airflow Coding Assessment 2/data_audit_dag.py
[2025-08-19T09:26:33.974+0000] {processor.py:840} INFO - DAG(s) 'data_audit_dag' retrieved from /opt/airflow/dags/Airflow Coding Assessment 2/data_audit_dag.py
[2025-08-19T09:26:33.996+0000] {logging_mixin.py:188} INFO - [2025-08-19T09:26:33.996+0000] {dag.py:3096} INFO - Sync 1 DAGs
[2025-08-19T09:26:34.023+0000] {logging_mixin.py:188} INFO - [2025-08-19T09:26:34.022+0000] {dag.py:3954} INFO - Setting next_dagrun for data_audit_dag to 2025-08-19 09:00:00+00:00, run_after=2025-08-19 10:00:00+00:00
[2025-08-19T09:26:34.052+0000] {processor.py:183} INFO - Processing /opt/airflow/dags/Airflow Coding Assessment 2/data_audit_dag.py took 0.134 seconds
[2025-08-19T09:27:04.319+0000] {processor.py:161} INFO - Started process (PID=63247) to work on /opt/airflow/dags/Airflow Coding Assessment 2/data_audit_dag.py
[2025-08-19T09:27:04.321+0000] {processor.py:830} INFO - Processing file /opt/airflow/dags/Airflow Coding Assessment 2/data_audit_dag.py for tasks to queue
[2025-08-19T09:27:04.322+0000] {logging_mixin.py:188} INFO - [2025-08-19T09:27:04.322+0000] {dagbag.py:545} INFO - Filling up the DagBag from /opt/airflow/dags/Airflow Coding Assessment 2/data_audit_dag.py
[2025-08-19T09:27:04.367+0000] {processor.py:840} INFO - DAG(s) 'data_audit_dag' retrieved from /opt/airflow/dags/Airflow Coding Assessment 2/data_audit_dag.py
[2025-08-19T09:27:04.393+0000] {logging_mixin.py:188} INFO - [2025-08-19T09:27:04.392+0000] {dag.py:3096} INFO - Sync 1 DAGs
[2025-08-19T09:27:04.429+0000] {logging_mixin.py:188} INFO - [2025-08-19T09:27:04.428+0000] {dag.py:3954} INFO - Setting next_dagrun for data_audit_dag to 2025-08-19 09:00:00+00:00, run_after=2025-08-19 10:00:00+00:00
[2025-08-19T09:27:04.461+0000] {processor.py:183} INFO - Processing /opt/airflow/dags/Airflow Coding Assessment 2/data_audit_dag.py took 0.149 seconds
[2025-08-19T09:27:34.853+0000] {processor.py:161} INFO - Started process (PID=63305) to work on /opt/airflow/dags/Airflow Coding Assessment 2/data_audit_dag.py
[2025-08-19T09:27:34.854+0000] {processor.py:830} INFO - Processing file /opt/airflow/dags/Airflow Coding Assessment 2/data_audit_dag.py for tasks to queue
[2025-08-19T09:27:34.856+0000] {logging_mixin.py:188} INFO - [2025-08-19T09:27:34.856+0000] {dagbag.py:545} INFO - Filling up the DagBag from /opt/airflow/dags/Airflow Coding Assessment 2/data_audit_dag.py
[2025-08-19T09:27:34.900+0000] {processor.py:840} INFO - DAG(s) 'data_audit_dag' retrieved from /opt/airflow/dags/Airflow Coding Assessment 2/data_audit_dag.py
[2025-08-19T09:27:34.924+0000] {logging_mixin.py:188} INFO - [2025-08-19T09:27:34.924+0000] {dag.py:3096} INFO - Sync 1 DAGs
[2025-08-19T09:27:34.952+0000] {logging_mixin.py:188} INFO - [2025-08-19T09:27:34.952+0000] {dag.py:3954} INFO - Setting next_dagrun for data_audit_dag to 2025-08-19 09:00:00+00:00, run_after=2025-08-19 10:00:00+00:00
[2025-08-19T09:27:34.977+0000] {processor.py:183} INFO - Processing /opt/airflow/dags/Airflow Coding Assessment 2/data_audit_dag.py took 0.131 seconds
[2025-08-19T09:28:05.244+0000] {processor.py:161} INFO - Started process (PID=63363) to work on /opt/airflow/dags/Airflow Coding Assessment 2/data_audit_dag.py
[2025-08-19T09:28:05.245+0000] {processor.py:830} INFO - Processing file /opt/airflow/dags/Airflow Coding Assessment 2/data_audit_dag.py for tasks to queue
[2025-08-19T09:28:05.247+0000] {logging_mixin.py:188} INFO - [2025-08-19T09:28:05.246+0000] {dagbag.py:545} INFO - Filling up the DagBag from /opt/airflow/dags/Airflow Coding Assessment 2/data_audit_dag.py
[2025-08-19T09:28:05.286+0000] {processor.py:840} INFO - DAG(s) 'data_audit_dag' retrieved from /opt/airflow/dags/Airflow Coding Assessment 2/data_audit_dag.py
[2025-08-19T09:28:05.312+0000] {logging_mixin.py:188} INFO - [2025-08-19T09:28:05.311+0000] {dag.py:3096} INFO - Sync 1 DAGs
[2025-08-19T09:28:05.345+0000] {logging_mixin.py:188} INFO - [2025-08-19T09:28:05.345+0000] {dag.py:3954} INFO - Setting next_dagrun for data_audit_dag to 2025-08-19 09:00:00+00:00, run_after=2025-08-19 10:00:00+00:00
[2025-08-19T09:28:05.384+0000] {processor.py:183} INFO - Processing /opt/airflow/dags/Airflow Coding Assessment 2/data_audit_dag.py took 0.147 seconds
[2025-08-19T09:28:35.573+0000] {processor.py:161} INFO - Started process (PID=63421) to work on /opt/airflow/dags/Airflow Coding Assessment 2/data_audit_dag.py
[2025-08-19T09:28:35.574+0000] {processor.py:830} INFO - Processing file /opt/airflow/dags/Airflow Coding Assessment 2/data_audit_dag.py for tasks to queue
[2025-08-19T09:28:35.576+0000] {logging_mixin.py:188} INFO - [2025-08-19T09:28:35.575+0000] {dagbag.py:545} INFO - Filling up the DagBag from /opt/airflow/dags/Airflow Coding Assessment 2/data_audit_dag.py
[2025-08-19T09:28:35.618+0000] {processor.py:840} INFO - DAG(s) 'data_audit_dag' retrieved from /opt/airflow/dags/Airflow Coding Assessment 2/data_audit_dag.py
[2025-08-19T09:28:35.641+0000] {logging_mixin.py:188} INFO - [2025-08-19T09:28:35.640+0000] {dag.py:3096} INFO - Sync 1 DAGs
[2025-08-19T09:28:35.671+0000] {logging_mixin.py:188} INFO - [2025-08-19T09:28:35.671+0000] {dag.py:3954} INFO - Setting next_dagrun for data_audit_dag to 2025-08-19 09:00:00+00:00, run_after=2025-08-19 10:00:00+00:00
[2025-08-19T09:28:35.701+0000] {processor.py:183} INFO - Processing /opt/airflow/dags/Airflow Coding Assessment 2/data_audit_dag.py took 0.136 seconds
[2025-08-19T09:29:06.078+0000] {processor.py:161} INFO - Started process (PID=63479) to work on /opt/airflow/dags/Airflow Coding Assessment 2/data_audit_dag.py
[2025-08-19T09:29:06.080+0000] {processor.py:830} INFO - Processing file /opt/airflow/dags/Airflow Coding Assessment 2/data_audit_dag.py for tasks to queue
[2025-08-19T09:29:06.081+0000] {logging_mixin.py:188} INFO - [2025-08-19T09:29:06.081+0000] {dagbag.py:545} INFO - Filling up the DagBag from /opt/airflow/dags/Airflow Coding Assessment 2/data_audit_dag.py
[2025-08-19T09:29:06.114+0000] {processor.py:840} INFO - DAG(s) 'data_audit_dag' retrieved from /opt/airflow/dags/Airflow Coding Assessment 2/data_audit_dag.py
[2025-08-19T09:29:06.139+0000] {logging_mixin.py:188} INFO - [2025-08-19T09:29:06.138+0000] {dag.py:3096} INFO - Sync 1 DAGs
[2025-08-19T09:29:06.168+0000] {logging_mixin.py:188} INFO - [2025-08-19T09:29:06.167+0000] {dag.py:3954} INFO - Setting next_dagrun for data_audit_dag to 2025-08-19 09:00:00+00:00, run_after=2025-08-19 10:00:00+00:00
[2025-08-19T09:29:06.195+0000] {processor.py:183} INFO - Processing /opt/airflow/dags/Airflow Coding Assessment 2/data_audit_dag.py took 0.124 seconds
[2025-08-19T09:29:36.537+0000] {processor.py:161} INFO - Started process (PID=63537) to work on /opt/airflow/dags/Airflow Coding Assessment 2/data_audit_dag.py
[2025-08-19T09:29:36.539+0000] {processor.py:830} INFO - Processing file /opt/airflow/dags/Airflow Coding Assessment 2/data_audit_dag.py for tasks to queue
[2025-08-19T09:29:36.540+0000] {logging_mixin.py:188} INFO - [2025-08-19T09:29:36.540+0000] {dagbag.py:545} INFO - Filling up the DagBag from /opt/airflow/dags/Airflow Coding Assessment 2/data_audit_dag.py
[2025-08-19T09:29:36.577+0000] {processor.py:840} INFO - DAG(s) 'data_audit_dag' retrieved from /opt/airflow/dags/Airflow Coding Assessment 2/data_audit_dag.py
[2025-08-19T09:29:36.603+0000] {logging_mixin.py:188} INFO - [2025-08-19T09:29:36.603+0000] {dag.py:3096} INFO - Sync 1 DAGs
[2025-08-19T09:29:36.637+0000] {logging_mixin.py:188} INFO - [2025-08-19T09:29:36.637+0000] {dag.py:3954} INFO - Setting next_dagrun for data_audit_dag to 2025-08-19 09:00:00+00:00, run_after=2025-08-19 10:00:00+00:00
[2025-08-19T09:29:36.666+0000] {processor.py:183} INFO - Processing /opt/airflow/dags/Airflow Coding Assessment 2/data_audit_dag.py took 0.136 seconds
