[2025-08-19T08:41:01.072+0000] {local_task_job_runner.py:120} INFO - ::group::Pre task execution logs
[2025-08-19T08:41:01.109+0000] {taskinstance.py:2076} INFO - Dependencies all met for dep_context=non-requeueable deps ti=<TaskInstance: etl_pipeline_dag.extract_data manual__2025-08-19T08:40:53.017921+00:00 [queued]>
[2025-08-19T08:41:01.119+0000] {taskinstance.py:2076} INFO - Dependencies all met for dep_context=requeueable deps ti=<TaskInstance: etl_pipeline_dag.extract_data manual__2025-08-19T08:40:53.017921+00:00 [queued]>
[2025-08-19T08:41:01.120+0000] {taskinstance.py:2306} INFO - Starting attempt 1 of 1
[2025-08-19T08:41:01.141+0000] {taskinstance.py:2330} INFO - Executing <Task(PythonOperator): extract_data> on 2025-08-19 08:40:53.017921+00:00
[2025-08-19T08:41:01.150+0000] {warnings.py:110} WARNING - /home/***/.local/lib/python3.12/site-packages/***/task/task_runner/standard_task_runner.py:61: DeprecationWarning: This process (pid=107) is multi-threaded, use of fork() may lead to deadlocks in the child.
  pid = os.fork()

[2025-08-19T08:41:01.154+0000] {standard_task_runner.py:63} INFO - Started process 109 to run task
[2025-08-19T08:41:01.152+0000] {standard_task_runner.py:90} INFO - Running: ['***', 'tasks', 'run', 'etl_pipeline_dag', 'extract_data', 'manual__2025-08-19T08:40:53.017921+00:00', '--job-id', '20', '--raw', '--subdir', 'DAGS_FOLDER/etl_pipeline_dag.py', '--cfg-path', '/tmp/tmp8ehfp1ci']
[2025-08-19T08:41:01.156+0000] {standard_task_runner.py:91} INFO - Job 20: Subtask extract_data
[2025-08-19T08:41:01.227+0000] {task_command.py:426} INFO - Running <TaskInstance: etl_pipeline_dag.extract_data manual__2025-08-19T08:40:53.017921+00:00 [running]> on host 6cacbbe28f9c
[2025-08-19T08:41:01.349+0000] {taskinstance.py:2648} INFO - Exporting env vars: AIRFLOW_CTX_DAG_OWNER='***' AIRFLOW_CTX_DAG_ID='etl_pipeline_dag' AIRFLOW_CTX_TASK_ID='extract_data' AIRFLOW_CTX_EXECUTION_DATE='2025-08-19T08:40:53.017921+00:00' AIRFLOW_CTX_TRY_NUMBER='1' AIRFLOW_CTX_DAG_RUN_ID='manual__2025-08-19T08:40:53.017921+00:00'
[2025-08-19T08:41:01.353+0000] {taskinstance.py:430} INFO - ::endgroup::
[2025-08-19T08:41:01.361+0000] {logging_mixin.py:188} INFO - [Extract] Raw data saved to /opt/***/dags/raw_data.txt: 100,200,300,400,500
[2025-08-19T08:41:01.362+0000] {python.py:237} INFO - Done. Returned value was: None
[2025-08-19T08:41:01.364+0000] {taskinstance.py:441} INFO - ::group::Post task execution logs
[2025-08-19T08:41:01.376+0000] {taskinstance.py:1206} INFO - Marking task as SUCCESS. dag_id=etl_pipeline_dag, task_id=extract_data, run_id=manual__2025-08-19T08:40:53.017921+00:00, execution_date=20250819T084053, start_date=20250819T084101, end_date=20250819T084101
[2025-08-19T08:41:01.411+0000] {local_task_job_runner.py:240} INFO - Task exited with return code 0
[2025-08-19T08:41:01.443+0000] {taskinstance.py:3498} INFO - 1 downstream tasks scheduled from follow-on schedule check
[2025-08-19T08:41:01.447+0000] {local_task_job_runner.py:222} INFO - ::endgroup::
