[2025-08-19T05:35:53.447+0000] {local_task_job_runner.py:120} INFO - ::group::Pre task execution logs
[2025-08-19T05:35:53.469+0000] {taskinstance.py:2076} INFO - Dependencies all met for dep_context=non-requeueable deps ti=<TaskInstance: chained_tasks_dag.simulate_file_confirmation manual__2025-08-19T05:35:48.423039+00:00 [queued]>
[2025-08-19T05:35:53.476+0000] {taskinstance.py:2076} INFO - Dependencies all met for dep_context=requeueable deps ti=<TaskInstance: chained_tasks_dag.simulate_file_confirmation manual__2025-08-19T05:35:48.423039+00:00 [queued]>
[2025-08-19T05:35:53.477+0000] {taskinstance.py:2306} INFO - Starting attempt 1 of 1
[2025-08-19T05:35:53.493+0000] {taskinstance.py:2330} INFO - Executing <Task(BashOperator): simulate_file_confirmation> on 2025-08-19 05:35:48.423039+00:00
[2025-08-19T05:35:53.500+0000] {warnings.py:110} WARNING - /home/***/.local/lib/python3.12/site-packages/***/task/task_runner/standard_task_runner.py:61: DeprecationWarning: This process (pid=100) is multi-threaded, use of fork() may lead to deadlocks in the child.
  pid = os.fork()

[2025-08-19T05:35:53.504+0000] {standard_task_runner.py:63} INFO - Started process 102 to run task
[2025-08-19T05:35:53.503+0000] {standard_task_runner.py:90} INFO - Running: ['***', 'tasks', 'run', 'chained_tasks_dag', 'simulate_file_confirmation', 'manual__2025-08-19T05:35:48.423039+00:00', '--job-id', '18', '--raw', '--subdir', 'DAGS_FOLDER/chained_dag.py', '--cfg-path', '/tmp/tmpon71jg_1']
[2025-08-19T05:35:53.506+0000] {standard_task_runner.py:91} INFO - Job 18: Subtask simulate_file_confirmation
[2025-08-19T05:35:53.572+0000] {task_command.py:426} INFO - Running <TaskInstance: chained_tasks_dag.simulate_file_confirmation manual__2025-08-19T05:35:48.423039+00:00 [running]> on host 6cacbbe28f9c
[2025-08-19T05:35:53.669+0000] {taskinstance.py:2648} INFO - Exporting env vars: AIRFLOW_CTX_DAG_OWNER='***' AIRFLOW_CTX_DAG_ID='chained_tasks_dag' AIRFLOW_CTX_TASK_ID='simulate_file_confirmation' AIRFLOW_CTX_EXECUTION_DATE='2025-08-19T05:35:48.423039+00:00' AIRFLOW_CTX_TRY_NUMBER='1' AIRFLOW_CTX_DAG_RUN_ID='manual__2025-08-19T05:35:48.423039+00:00'
[2025-08-19T05:35:53.673+0000] {taskinstance.py:430} INFO - ::endgroup::
[2025-08-19T05:35:53.674+0000] {subprocess.py:63} INFO - Tmp dir root location: /tmp
[2025-08-19T05:35:53.678+0000] {subprocess.py:75} INFO - Running command: ['/usr/bin/bash', '-c', "echo 'Message saved at /tmp/***_message.txt'"]
[2025-08-19T05:35:53.704+0000] {subprocess.py:86} INFO - Output:
[2025-08-19T05:35:53.735+0000] {subprocess.py:93} INFO - Message saved at /tmp/***_message.txt
[2025-08-19T05:35:53.737+0000] {subprocess.py:97} INFO - Command exited with return code 0
[2025-08-19T05:35:53.739+0000] {taskinstance.py:441} INFO - ::group::Post task execution logs
[2025-08-19T05:35:53.781+0000] {taskinstance.py:1206} INFO - Marking task as SUCCESS. dag_id=chained_tasks_dag, task_id=simulate_file_confirmation, run_id=manual__2025-08-19T05:35:48.423039+00:00, execution_date=20250819T053548, start_date=20250819T053553, end_date=20250819T053553
[2025-08-19T05:35:53.841+0000] {local_task_job_runner.py:240} INFO - Task exited with return code 0
[2025-08-19T05:35:53.870+0000] {taskinstance.py:3498} INFO - 1 downstream tasks scheduled from follow-on schedule check
[2025-08-19T05:35:53.877+0000] {local_task_job_runner.py:222} INFO - ::endgroup::
