[2025-08-19T04:59:42.661+0000] {local_task_job_runner.py:120} INFO - ::group::Pre task execution logs
[2025-08-19T04:59:42.684+0000] {taskinstance.py:2076} INFO - Dependencies all met for dep_context=non-requeueable deps ti=<TaskInstance: consumer_dag.read_file_task manual__2025-08-19T04:59:40.905183+00:00 [queued]>
[2025-08-19T04:59:42.693+0000] {taskinstance.py:2076} INFO - Dependencies all met for dep_context=requeueable deps ti=<TaskInstance: consumer_dag.read_file_task manual__2025-08-19T04:59:40.905183+00:00 [queued]>
[2025-08-19T04:59:42.694+0000] {taskinstance.py:2306} INFO - Starting attempt 1 of 1
[2025-08-19T04:59:42.708+0000] {taskinstance.py:2330} INFO - Executing <Task(PythonOperator): read_file_task> on 2025-08-19 04:59:40.905183+00:00
[2025-08-19T04:59:42.716+0000] {warnings.py:110} WARNING - /home/***/.local/lib/python3.12/site-packages/***/task/task_runner/standard_task_runner.py:61: DeprecationWarning: This process (pid=94) is multi-threaded, use of fork() may lead to deadlocks in the child.
  pid = os.fork()

[2025-08-19T04:59:42.718+0000] {standard_task_runner.py:63} INFO - Started process 96 to run task
[2025-08-19T04:59:42.719+0000] {standard_task_runner.py:90} INFO - Running: ['***', 'tasks', 'run', 'consumer_dag', 'read_file_task', 'manual__2025-08-19T04:59:40.905183+00:00', '--job-id', '16', '--raw', '--subdir', 'DAGS_FOLDER/consumer_dag.py', '--cfg-path', '/tmp/tmpqh0tgox4']
[2025-08-19T04:59:42.722+0000] {standard_task_runner.py:91} INFO - Job 16: Subtask read_file_task
[2025-08-19T04:59:42.792+0000] {task_command.py:426} INFO - Running <TaskInstance: consumer_dag.read_file_task manual__2025-08-19T04:59:40.905183+00:00 [running]> on host 6cacbbe28f9c
[2025-08-19T04:59:42.881+0000] {taskinstance.py:2648} INFO - Exporting env vars: AIRFLOW_CTX_DAG_OWNER='***' AIRFLOW_CTX_DAG_ID='consumer_dag' AIRFLOW_CTX_TASK_ID='read_file_task' AIRFLOW_CTX_EXECUTION_DATE='2025-08-19T04:59:40.905183+00:00' AIRFLOW_CTX_TRY_NUMBER='1' AIRFLOW_CTX_DAG_RUN_ID='manual__2025-08-19T04:59:40.905183+00:00'
[2025-08-19T04:59:42.883+0000] {taskinstance.py:430} INFO - ::endgroup::
[2025-08-19T04:59:42.890+0000] {logging_mixin.py:188} INFO - Read from file: This is the dataset written by Producer DAG.
[2025-08-19T04:59:42.891+0000] {python.py:237} INFO - Done. Returned value was: None
[2025-08-19T04:59:42.892+0000] {taskinstance.py:441} INFO - ::group::Post task execution logs
[2025-08-19T04:59:42.901+0000] {taskinstance.py:1206} INFO - Marking task as SUCCESS. dag_id=consumer_dag, task_id=read_file_task, run_id=manual__2025-08-19T04:59:40.905183+00:00, execution_date=20250819T045940, start_date=20250819T045942, end_date=20250819T045942
[2025-08-19T04:59:42.934+0000] {local_task_job_runner.py:240} INFO - Task exited with return code 0
[2025-08-19T04:59:42.953+0000] {taskinstance.py:3498} INFO - 0 downstream tasks scheduled from follow-on schedule check
[2025-08-19T04:59:42.958+0000] {local_task_job_runner.py:222} INFO - ::endgroup::
