[2025-08-19T09:24:29.933+0000] {local_task_job_runner.py:120} INFO - ::group::Pre task execution logs
[2025-08-19T09:24:29.959+0000] {taskinstance.py:2076} INFO - Dependencies all met for dep_context=non-requeueable deps ti=<TaskInstance: data_audit_dag.bash_notify_task manual__2025-08-19T09:24:15.353741+00:00 [queued]>
[2025-08-19T09:24:29.969+0000] {taskinstance.py:2076} INFO - Dependencies all met for dep_context=requeueable deps ti=<TaskInstance: data_audit_dag.bash_notify_task manual__2025-08-19T09:24:15.353741+00:00 [queued]>
[2025-08-19T09:24:29.970+0000] {taskinstance.py:2306} INFO - Starting attempt 1 of 2
[2025-08-19T09:24:30.003+0000] {taskinstance.py:2330} INFO - Executing <Task(BashOperator): bash_notify_task> on 2025-08-19 09:24:15.353741+00:00
[2025-08-19T09:24:30.014+0000] {warnings.py:110} WARNING - /home/***/.local/lib/python3.12/site-packages/***/task/task_runner/standard_task_runner.py:61: DeprecationWarning: This process (pid=142) is multi-threaded, use of fork() may lead to deadlocks in the child.
  pid = os.fork()

[2025-08-19T09:24:30.017+0000] {standard_task_runner.py:63} INFO - Started process 145 to run task
[2025-08-19T09:24:30.016+0000] {standard_task_runner.py:90} INFO - Running: ['***', 'tasks', 'run', 'data_audit_dag', 'bash_notify_task', 'manual__2025-08-19T09:24:15.353741+00:00', '--job-id', '30', '--raw', '--subdir', 'DAGS_FOLDER/Airflow Coding Assessment 2/data_audit_dag.py', '--cfg-path', '/tmp/tmp_ckurf0_']
[2025-08-19T09:24:30.023+0000] {standard_task_runner.py:91} INFO - Job 30: Subtask bash_notify_task
[2025-08-19T09:24:30.093+0000] {task_command.py:426} INFO - Running <TaskInstance: data_audit_dag.bash_notify_task manual__2025-08-19T09:24:15.353741+00:00 [running]> on host 6cacbbe28f9c
[2025-08-19T09:24:30.192+0000] {taskinstance.py:2648} INFO - Exporting env vars: AIRFLOW_CTX_DAG_EMAIL='youremail@example.com' AIRFLOW_CTX_DAG_OWNER='Anbu Dharshini' AIRFLOW_CTX_DAG_ID='data_audit_dag' AIRFLOW_CTX_TASK_ID='bash_notify_task' AIRFLOW_CTX_EXECUTION_DATE='2025-08-19T09:24:15.353741+00:00' AIRFLOW_CTX_TRY_NUMBER='1' AIRFLOW_CTX_DAG_RUN_ID='manual__2025-08-19T09:24:15.353741+00:00'
[2025-08-19T09:24:30.195+0000] {taskinstance.py:430} INFO - ::endgroup::
[2025-08-19T09:24:30.196+0000] {subprocess.py:63} INFO - Tmp dir root location: /tmp
[2025-08-19T09:24:30.198+0000] {subprocess.py:75} INFO - Running command: ['/usr/bin/bash', '-c', "echo 'Audit DAG run completed!'"]
[2025-08-19T09:24:30.211+0000] {subprocess.py:86} INFO - Output:
[2025-08-19T09:24:30.217+0000] {subprocess.py:93} INFO - Audit DAG run completed!
[2025-08-19T09:24:30.218+0000] {subprocess.py:97} INFO - Command exited with return code 0
[2025-08-19T09:24:30.219+0000] {taskinstance.py:441} INFO - ::group::Post task execution logs
[2025-08-19T09:24:30.252+0000] {taskinstance.py:1206} INFO - Marking task as SUCCESS. dag_id=data_audit_dag, task_id=bash_notify_task, run_id=manual__2025-08-19T09:24:15.353741+00:00, execution_date=20250819T092415, start_date=20250819T092429, end_date=20250819T092430
[2025-08-19T09:24:30.276+0000] {local_task_job_runner.py:240} INFO - Task exited with return code 0
[2025-08-19T09:24:30.293+0000] {taskinstance.py:3498} INFO - 0 downstream tasks scheduled from follow-on schedule check
[2025-08-19T09:24:30.298+0000] {local_task_job_runner.py:222} INFO - ::endgroup::
