[2025-08-19T03:10:03.447+0000] {local_task_job_runner.py:120} INFO - ::group::Pre task execution logs
[2025-08-19T03:10:03.508+0000] {taskinstance.py:2076} INFO - Dependencies all met for dep_context=non-requeueable deps ti=<TaskInstance: hello_world_dag.say_hello_task scheduled__2025-08-18T00:00:00+00:00 [queued]>
[2025-08-19T03:10:03.529+0000] {taskinstance.py:2076} INFO - Dependencies all met for dep_context=requeueable deps ti=<TaskInstance: hello_world_dag.say_hello_task scheduled__2025-08-18T00:00:00+00:00 [queued]>
[2025-08-19T03:10:03.532+0000] {taskinstance.py:2306} INFO - Starting attempt 1 of 1
[2025-08-19T03:10:03.565+0000] {taskinstance.py:2330} INFO - Executing <Task(PythonOperator): say_hello_task> on 2025-08-18 00:00:00+00:00
[2025-08-19T03:10:03.588+0000] {warnings.py:110} WARNING - /home/***/.local/lib/python3.12/site-packages/***/task/task_runner/standard_task_runner.py:61: DeprecationWarning: This process (pid=58) is multi-threaded, use of fork() may lead to deadlocks in the child.
  pid = os.fork()

[2025-08-19T03:10:03.601+0000] {standard_task_runner.py:63} INFO - Started process 60 to run task
[2025-08-19T03:10:03.591+0000] {standard_task_runner.py:90} INFO - Running: ['***', 'tasks', 'run', 'hello_world_dag', 'say_hello_task', 'scheduled__2025-08-18T00:00:00+00:00', '--job-id', '4', '--raw', '--subdir', 'DAGS_FOLDER/hello_dag.py', '--cfg-path', '/tmp/tmpuikkfrsj']
[2025-08-19T03:10:03.613+0000] {standard_task_runner.py:91} INFO - Job 4: Subtask say_hello_task
[2025-08-19T03:10:03.724+0000] {task_command.py:426} INFO - Running <TaskInstance: hello_world_dag.say_hello_task scheduled__2025-08-18T00:00:00+00:00 [running]> on host 6cacbbe28f9c
[2025-08-19T03:10:03.929+0000] {taskinstance.py:2648} INFO - Exporting env vars: AIRFLOW_CTX_DAG_OWNER='***' AIRFLOW_CTX_DAG_ID='hello_world_dag' AIRFLOW_CTX_TASK_ID='say_hello_task' AIRFLOW_CTX_EXECUTION_DATE='2025-08-18T00:00:00+00:00' AIRFLOW_CTX_TRY_NUMBER='1' AIRFLOW_CTX_DAG_RUN_ID='scheduled__2025-08-18T00:00:00+00:00'
[2025-08-19T03:10:03.932+0000] {taskinstance.py:430} INFO - ::endgroup::
[2025-08-19T03:10:03.934+0000] {logging_mixin.py:188} INFO - Hello from Airflow!
[2025-08-19T03:10:03.935+0000] {python.py:237} INFO - Done. Returned value was: None
[2025-08-19T03:10:03.938+0000] {taskinstance.py:441} INFO - ::group::Post task execution logs
[2025-08-19T03:10:03.959+0000] {taskinstance.py:1206} INFO - Marking task as SUCCESS. dag_id=hello_world_dag, task_id=say_hello_task, run_id=scheduled__2025-08-18T00:00:00+00:00, execution_date=20250818T000000, start_date=20250819T031003, end_date=20250819T031003
[2025-08-19T03:10:04.023+0000] {local_task_job_runner.py:240} INFO - Task exited with return code 0
[2025-08-19T03:10:04.054+0000] {taskinstance.py:3498} INFO - 0 downstream tasks scheduled from follow-on schedule check
[2025-08-19T03:10:04.059+0000] {local_task_job_runner.py:222} INFO - ::endgroup::
