[2025-08-19T09:24:27.414+0000] {local_task_job_runner.py:120} INFO - ::group::Pre task execution logs
[2025-08-19T09:24:27.439+0000] {taskinstance.py:2076} INFO - Dependencies all met for dep_context=non-requeueable deps ti=<TaskInstance: data_audit_dag.final_status_task manual__2025-08-19T09:24:15.353741+00:00 [queued]>
[2025-08-19T09:24:27.449+0000] {taskinstance.py:2076} INFO - Dependencies all met for dep_context=requeueable deps ti=<TaskInstance: data_audit_dag.final_status_task manual__2025-08-19T09:24:15.353741+00:00 [queued]>
[2025-08-19T09:24:27.453+0000] {taskinstance.py:2306} INFO - Starting attempt 1 of 2
[2025-08-19T09:24:27.491+0000] {taskinstance.py:2330} INFO - Executing <Task(PythonOperator): final_status_task> on 2025-08-19 09:24:15.353741+00:00
[2025-08-19T09:24:27.498+0000] {warnings.py:110} WARNING - /home/***/.local/lib/python3.12/site-packages/***/task/task_runner/standard_task_runner.py:61: DeprecationWarning: This process (pid=135) is multi-threaded, use of fork() may lead to deadlocks in the child.
  pid = os.fork()

[2025-08-19T09:24:27.500+0000] {standard_task_runner.py:63} INFO - Started process 139 to run task
[2025-08-19T09:24:27.500+0000] {standard_task_runner.py:90} INFO - Running: ['***', 'tasks', 'run', 'data_audit_dag', 'final_status_task', 'manual__2025-08-19T09:24:15.353741+00:00', '--job-id', '29', '--raw', '--subdir', 'DAGS_FOLDER/Airflow Coding Assessment 2/data_audit_dag.py', '--cfg-path', '/tmp/tmp1j8t7wg9']
[2025-08-19T09:24:27.502+0000] {standard_task_runner.py:91} INFO - Job 29: Subtask final_status_task
[2025-08-19T09:24:27.559+0000] {task_command.py:426} INFO - Running <TaskInstance: data_audit_dag.final_status_task manual__2025-08-19T09:24:15.353741+00:00 [running]> on host 6cacbbe28f9c
[2025-08-19T09:24:27.658+0000] {taskinstance.py:2648} INFO - Exporting env vars: AIRFLOW_CTX_DAG_EMAIL='youremail@example.com' AIRFLOW_CTX_DAG_OWNER='Anbu Dharshini' AIRFLOW_CTX_DAG_ID='data_audit_dag' AIRFLOW_CTX_TASK_ID='final_status_task' AIRFLOW_CTX_EXECUTION_DATE='2025-08-19T09:24:15.353741+00:00' AIRFLOW_CTX_TRY_NUMBER='1' AIRFLOW_CTX_DAG_RUN_ID='manual__2025-08-19T09:24:15.353741+00:00'
[2025-08-19T09:24:27.660+0000] {taskinstance.py:430} INFO - ::endgroup::
[2025-08-19T09:24:27.662+0000] {logging_mixin.py:188} INFO - [Final]  Audit Success for user: 101
[2025-08-19T09:24:27.662+0000] {python.py:237} INFO - Done. Returned value was: None
[2025-08-19T09:24:27.675+0000] {taskinstance.py:441} INFO - ::group::Post task execution logs
[2025-08-19T09:24:27.685+0000] {taskinstance.py:1206} INFO - Marking task as SUCCESS. dag_id=data_audit_dag, task_id=final_status_task, run_id=manual__2025-08-19T09:24:15.353741+00:00, execution_date=20250819T092415, start_date=20250819T092427, end_date=20250819T092427
[2025-08-19T09:24:27.755+0000] {local_task_job_runner.py:240} INFO - Task exited with return code 0
[2025-08-19T09:24:27.789+0000] {taskinstance.py:3498} INFO - 1 downstream tasks scheduled from follow-on schedule check
[2025-08-19T09:24:27.794+0000] {local_task_job_runner.py:222} INFO - ::endgroup::
