[2025-08-19T08:41:07.255+0000] {local_task_job_runner.py:120} INFO - ::group::Pre task execution logs
[2025-08-19T08:41:07.284+0000] {taskinstance.py:2076} INFO - Dependencies all met for dep_context=non-requeueable deps ti=<TaskInstance: etl_pipeline_dag.load_data manual__2025-08-19T08:40:53.017921+00:00 [queued]>
[2025-08-19T08:41:07.297+0000] {taskinstance.py:2076} INFO - Dependencies all met for dep_context=requeueable deps ti=<TaskInstance: etl_pipeline_dag.load_data manual__2025-08-19T08:40:53.017921+00:00 [queued]>
[2025-08-19T08:41:07.299+0000] {taskinstance.py:2306} INFO - Starting attempt 1 of 1
[2025-08-19T08:41:07.318+0000] {taskinstance.py:2330} INFO - Executing <Task(PythonOperator): load_data> on 2025-08-19 08:40:53.017921+00:00
[2025-08-19T08:41:07.327+0000] {warnings.py:110} WARNING - /home/***/.local/lib/python3.12/site-packages/***/task/task_runner/standard_task_runner.py:61: DeprecationWarning: This process (pid=117) is multi-threaded, use of fork() may lead to deadlocks in the child.
  pid = os.fork()

[2025-08-19T08:41:07.332+0000] {standard_task_runner.py:63} INFO - Started process 119 to run task
[2025-08-19T08:41:07.333+0000] {standard_task_runner.py:90} INFO - Running: ['***', 'tasks', 'run', 'etl_pipeline_dag', 'load_data', 'manual__2025-08-19T08:40:53.017921+00:00', '--job-id', '22', '--raw', '--subdir', 'DAGS_FOLDER/etl_pipeline_dag.py', '--cfg-path', '/tmp/tmp2p9e6ub9']
[2025-08-19T08:41:07.339+0000] {standard_task_runner.py:91} INFO - Job 22: Subtask load_data
[2025-08-19T08:41:07.425+0000] {task_command.py:426} INFO - Running <TaskInstance: etl_pipeline_dag.load_data manual__2025-08-19T08:40:53.017921+00:00 [running]> on host 6cacbbe28f9c
[2025-08-19T08:41:07.548+0000] {taskinstance.py:2648} INFO - Exporting env vars: AIRFLOW_CTX_DAG_OWNER='***' AIRFLOW_CTX_DAG_ID='etl_pipeline_dag' AIRFLOW_CTX_TASK_ID='load_data' AIRFLOW_CTX_EXECUTION_DATE='2025-08-19T08:40:53.017921+00:00' AIRFLOW_CTX_TRY_NUMBER='1' AIRFLOW_CTX_DAG_RUN_ID='manual__2025-08-19T08:40:53.017921+00:00'
[2025-08-19T08:41:07.552+0000] {taskinstance.py:430} INFO - ::endgroup::
[2025-08-19T08:41:07.560+0000] {logging_mixin.py:188} INFO - [Load] Final transformed data loaded: 1500
[2025-08-19T08:41:07.561+0000] {python.py:237} INFO - Done. Returned value was: None
[2025-08-19T08:41:07.562+0000] {taskinstance.py:441} INFO - ::group::Post task execution logs
[2025-08-19T08:41:07.575+0000] {taskinstance.py:1206} INFO - Marking task as SUCCESS. dag_id=etl_pipeline_dag, task_id=load_data, run_id=manual__2025-08-19T08:40:53.017921+00:00, execution_date=20250819T084053, start_date=20250819T084107, end_date=20250819T084107
[2025-08-19T08:41:07.631+0000] {local_task_job_runner.py:240} INFO - Task exited with return code 0
[2025-08-19T08:41:07.653+0000] {taskinstance.py:3498} INFO - 0 downstream tasks scheduled from follow-on schedule check
[2025-08-19T08:41:07.658+0000] {local_task_job_runner.py:222} INFO - ::endgroup::
