[2025-08-19T03:09:55.865+0000] {processor.py:161} INFO - Started process (PID=22231) to work on /home/airflow/.local/lib/python3.12/site-packages/airflow/example_dags/example_xcomargs.py
[2025-08-19T03:09:55.880+0000] {processor.py:830} INFO - Processing file /home/airflow/.local/lib/python3.12/site-packages/airflow/example_dags/example_xcomargs.py for tasks to queue
[2025-08-19T03:09:55.895+0000] {logging_mixin.py:188} INFO - [2025-08-19T03:09:55.893+0000] {dagbag.py:545} INFO - Filling up the DagBag from /home/airflow/.local/lib/python3.12/site-packages/airflow/example_dags/example_xcomargs.py
[2025-08-19T03:09:55.995+0000] {processor.py:840} INFO - DAG(s) 'example_xcom_args_with_operators', 'example_xcom_args' retrieved from /home/airflow/.local/lib/python3.12/site-packages/airflow/example_dags/example_xcomargs.py
[2025-08-19T03:09:56.208+0000] {logging_mixin.py:188} INFO - [2025-08-19T03:09:56.199+0000] {dag.py:3096} INFO - Sync 2 DAGs
[2025-08-19T03:09:56.338+0000] {logging_mixin.py:188} INFO - [2025-08-19T03:09:56.337+0000] {dag.py:3954} INFO - Setting next_dagrun for example_xcom_args to None, run_after=None
[2025-08-19T03:09:56.372+0000] {logging_mixin.py:188} INFO - [2025-08-19T03:09:56.372+0000] {dag.py:3954} INFO - Setting next_dagrun for example_xcom_args_with_operators to None, run_after=None
[2025-08-19T03:09:56.562+0000] {processor.py:183} INFO - Processing /home/airflow/.local/lib/python3.12/site-packages/airflow/example_dags/example_xcomargs.py took 0.748 seconds
[2025-08-19T03:10:27.565+0000] {processor.py:161} INFO - Started process (PID=22284) to work on /home/airflow/.local/lib/python3.12/site-packages/airflow/example_dags/example_xcomargs.py
[2025-08-19T03:10:27.567+0000] {processor.py:830} INFO - Processing file /home/airflow/.local/lib/python3.12/site-packages/airflow/example_dags/example_xcomargs.py for tasks to queue
[2025-08-19T03:10:27.568+0000] {logging_mixin.py:188} INFO - [2025-08-19T03:10:27.568+0000] {dagbag.py:545} INFO - Filling up the DagBag from /home/airflow/.local/lib/python3.12/site-packages/airflow/example_dags/example_xcomargs.py
[2025-08-19T03:10:27.580+0000] {processor.py:840} INFO - DAG(s) 'example_xcom_args_with_operators', 'example_xcom_args' retrieved from /home/airflow/.local/lib/python3.12/site-packages/airflow/example_dags/example_xcomargs.py
[2025-08-19T03:10:27.614+0000] {logging_mixin.py:188} INFO - [2025-08-19T03:10:27.613+0000] {dag.py:3096} INFO - Sync 2 DAGs
[2025-08-19T03:10:27.638+0000] {logging_mixin.py:188} INFO - [2025-08-19T03:10:27.637+0000] {dag.py:3954} INFO - Setting next_dagrun for example_xcom_args to None, run_after=None
[2025-08-19T03:10:27.644+0000] {logging_mixin.py:188} INFO - [2025-08-19T03:10:27.644+0000] {dag.py:3954} INFO - Setting next_dagrun for example_xcom_args_with_operators to None, run_after=None
[2025-08-19T03:10:27.678+0000] {processor.py:183} INFO - Processing /home/airflow/.local/lib/python3.12/site-packages/airflow/example_dags/example_xcomargs.py took 0.120 seconds
[2025-08-19T03:10:58.297+0000] {processor.py:161} INFO - Started process (PID=22337) to work on /home/airflow/.local/lib/python3.12/site-packages/airflow/example_dags/example_xcomargs.py
[2025-08-19T03:10:58.299+0000] {processor.py:830} INFO - Processing file /home/airflow/.local/lib/python3.12/site-packages/airflow/example_dags/example_xcomargs.py for tasks to queue
[2025-08-19T03:10:58.301+0000] {logging_mixin.py:188} INFO - [2025-08-19T03:10:58.300+0000] {dagbag.py:545} INFO - Filling up the DagBag from /home/airflow/.local/lib/python3.12/site-packages/airflow/example_dags/example_xcomargs.py
[2025-08-19T03:10:58.312+0000] {processor.py:840} INFO - DAG(s) 'example_xcom_args_with_operators', 'example_xcom_args' retrieved from /home/airflow/.local/lib/python3.12/site-packages/airflow/example_dags/example_xcomargs.py
[2025-08-19T03:10:58.346+0000] {logging_mixin.py:188} INFO - [2025-08-19T03:10:58.346+0000] {dag.py:3096} INFO - Sync 2 DAGs
[2025-08-19T03:10:58.363+0000] {logging_mixin.py:188} INFO - [2025-08-19T03:10:58.363+0000] {dag.py:3954} INFO - Setting next_dagrun for example_xcom_args to None, run_after=None
[2025-08-19T03:10:58.368+0000] {logging_mixin.py:188} INFO - [2025-08-19T03:10:58.368+0000] {dag.py:3954} INFO - Setting next_dagrun for example_xcom_args_with_operators to None, run_after=None
[2025-08-19T03:10:58.396+0000] {processor.py:183} INFO - Processing /home/airflow/.local/lib/python3.12/site-packages/airflow/example_dags/example_xcomargs.py took 0.107 seconds
[2025-08-19T03:11:28.829+0000] {processor.py:161} INFO - Started process (PID=22390) to work on /home/airflow/.local/lib/python3.12/site-packages/airflow/example_dags/example_xcomargs.py
[2025-08-19T03:11:28.831+0000] {processor.py:830} INFO - Processing file /home/airflow/.local/lib/python3.12/site-packages/airflow/example_dags/example_xcomargs.py for tasks to queue
[2025-08-19T03:11:28.832+0000] {logging_mixin.py:188} INFO - [2025-08-19T03:11:28.832+0000] {dagbag.py:545} INFO - Filling up the DagBag from /home/airflow/.local/lib/python3.12/site-packages/airflow/example_dags/example_xcomargs.py
[2025-08-19T03:11:28.843+0000] {processor.py:840} INFO - DAG(s) 'example_xcom_args_with_operators', 'example_xcom_args' retrieved from /home/airflow/.local/lib/python3.12/site-packages/airflow/example_dags/example_xcomargs.py
[2025-08-19T03:11:28.871+0000] {logging_mixin.py:188} INFO - [2025-08-19T03:11:28.871+0000] {dag.py:3096} INFO - Sync 2 DAGs
[2025-08-19T03:11:28.890+0000] {logging_mixin.py:188} INFO - [2025-08-19T03:11:28.890+0000] {dag.py:3954} INFO - Setting next_dagrun for example_xcom_args to None, run_after=None
[2025-08-19T03:11:28.895+0000] {logging_mixin.py:188} INFO - [2025-08-19T03:11:28.894+0000] {dag.py:3954} INFO - Setting next_dagrun for example_xcom_args_with_operators to None, run_after=None
[2025-08-19T03:11:28.921+0000] {processor.py:183} INFO - Processing /home/airflow/.local/lib/python3.12/site-packages/airflow/example_dags/example_xcomargs.py took 0.098 seconds
[2025-08-19T03:11:59.405+0000] {processor.py:161} INFO - Started process (PID=22443) to work on /home/airflow/.local/lib/python3.12/site-packages/airflow/example_dags/example_xcomargs.py
[2025-08-19T03:11:59.406+0000] {processor.py:830} INFO - Processing file /home/airflow/.local/lib/python3.12/site-packages/airflow/example_dags/example_xcomargs.py for tasks to queue
[2025-08-19T03:11:59.407+0000] {logging_mixin.py:188} INFO - [2025-08-19T03:11:59.407+0000] {dagbag.py:545} INFO - Filling up the DagBag from /home/airflow/.local/lib/python3.12/site-packages/airflow/example_dags/example_xcomargs.py
[2025-08-19T03:11:59.416+0000] {processor.py:840} INFO - DAG(s) 'example_xcom_args', 'example_xcom_args_with_operators' retrieved from /home/airflow/.local/lib/python3.12/site-packages/airflow/example_dags/example_xcomargs.py
[2025-08-19T03:11:59.445+0000] {logging_mixin.py:188} INFO - [2025-08-19T03:11:59.444+0000] {dag.py:3096} INFO - Sync 2 DAGs
[2025-08-19T03:11:59.461+0000] {logging_mixin.py:188} INFO - [2025-08-19T03:11:59.461+0000] {dag.py:3954} INFO - Setting next_dagrun for example_xcom_args to None, run_after=None
[2025-08-19T03:11:59.466+0000] {logging_mixin.py:188} INFO - [2025-08-19T03:11:59.466+0000] {dag.py:3954} INFO - Setting next_dagrun for example_xcom_args_with_operators to None, run_after=None
[2025-08-19T03:11:59.494+0000] {processor.py:183} INFO - Processing /home/airflow/.local/lib/python3.12/site-packages/airflow/example_dags/example_xcomargs.py took 0.096 seconds
[2025-08-19T03:12:29.932+0000] {processor.py:161} INFO - Started process (PID=22496) to work on /home/airflow/.local/lib/python3.12/site-packages/airflow/example_dags/example_xcomargs.py
[2025-08-19T03:12:29.934+0000] {processor.py:830} INFO - Processing file /home/airflow/.local/lib/python3.12/site-packages/airflow/example_dags/example_xcomargs.py for tasks to queue
[2025-08-19T03:12:29.935+0000] {logging_mixin.py:188} INFO - [2025-08-19T03:12:29.935+0000] {dagbag.py:545} INFO - Filling up the DagBag from /home/airflow/.local/lib/python3.12/site-packages/airflow/example_dags/example_xcomargs.py
[2025-08-19T03:12:29.944+0000] {processor.py:840} INFO - DAG(s) 'example_xcom_args', 'example_xcom_args_with_operators' retrieved from /home/airflow/.local/lib/python3.12/site-packages/airflow/example_dags/example_xcomargs.py
[2025-08-19T03:12:29.973+0000] {logging_mixin.py:188} INFO - [2025-08-19T03:12:29.973+0000] {dag.py:3096} INFO - Sync 2 DAGs
[2025-08-19T03:12:29.989+0000] {logging_mixin.py:188} INFO - [2025-08-19T03:12:29.989+0000] {dag.py:3954} INFO - Setting next_dagrun for example_xcom_args to None, run_after=None
[2025-08-19T03:12:29.994+0000] {logging_mixin.py:188} INFO - [2025-08-19T03:12:29.994+0000] {dag.py:3954} INFO - Setting next_dagrun for example_xcom_args_with_operators to None, run_after=None
[2025-08-19T03:12:30.024+0000] {processor.py:183} INFO - Processing /home/airflow/.local/lib/python3.12/site-packages/airflow/example_dags/example_xcomargs.py took 0.097 seconds
[2025-08-19T03:13:00.590+0000] {processor.py:161} INFO - Started process (PID=22549) to work on /home/airflow/.local/lib/python3.12/site-packages/airflow/example_dags/example_xcomargs.py
[2025-08-19T03:13:00.591+0000] {processor.py:830} INFO - Processing file /home/airflow/.local/lib/python3.12/site-packages/airflow/example_dags/example_xcomargs.py for tasks to queue
[2025-08-19T03:13:00.593+0000] {logging_mixin.py:188} INFO - [2025-08-19T03:13:00.593+0000] {dagbag.py:545} INFO - Filling up the DagBag from /home/airflow/.local/lib/python3.12/site-packages/airflow/example_dags/example_xcomargs.py
[2025-08-19T03:13:00.603+0000] {processor.py:840} INFO - DAG(s) 'example_xcom_args', 'example_xcom_args_with_operators' retrieved from /home/airflow/.local/lib/python3.12/site-packages/airflow/example_dags/example_xcomargs.py
[2025-08-19T03:13:00.633+0000] {logging_mixin.py:188} INFO - [2025-08-19T03:13:00.632+0000] {dag.py:3096} INFO - Sync 2 DAGs
[2025-08-19T03:13:00.648+0000] {logging_mixin.py:188} INFO - [2025-08-19T03:13:00.648+0000] {dag.py:3954} INFO - Setting next_dagrun for example_xcom_args to None, run_after=None
[2025-08-19T03:13:00.654+0000] {logging_mixin.py:188} INFO - [2025-08-19T03:13:00.653+0000] {dag.py:3954} INFO - Setting next_dagrun for example_xcom_args_with_operators to None, run_after=None
[2025-08-19T03:13:00.680+0000] {processor.py:183} INFO - Processing /home/airflow/.local/lib/python3.12/site-packages/airflow/example_dags/example_xcomargs.py took 0.098 seconds
[2025-08-19T03:13:31.379+0000] {processor.py:161} INFO - Started process (PID=22602) to work on /home/airflow/.local/lib/python3.12/site-packages/airflow/example_dags/example_xcomargs.py
[2025-08-19T03:13:31.380+0000] {processor.py:830} INFO - Processing file /home/airflow/.local/lib/python3.12/site-packages/airflow/example_dags/example_xcomargs.py for tasks to queue
[2025-08-19T03:13:31.382+0000] {logging_mixin.py:188} INFO - [2025-08-19T03:13:31.381+0000] {dagbag.py:545} INFO - Filling up the DagBag from /home/airflow/.local/lib/python3.12/site-packages/airflow/example_dags/example_xcomargs.py
[2025-08-19T03:13:31.393+0000] {processor.py:840} INFO - DAG(s) 'example_xcom_args_with_operators', 'example_xcom_args' retrieved from /home/airflow/.local/lib/python3.12/site-packages/airflow/example_dags/example_xcomargs.py
[2025-08-19T03:13:31.422+0000] {logging_mixin.py:188} INFO - [2025-08-19T03:13:31.421+0000] {dag.py:3096} INFO - Sync 2 DAGs
[2025-08-19T03:13:31.438+0000] {logging_mixin.py:188} INFO - [2025-08-19T03:13:31.437+0000] {dag.py:3954} INFO - Setting next_dagrun for example_xcom_args to None, run_after=None
[2025-08-19T03:13:31.443+0000] {logging_mixin.py:188} INFO - [2025-08-19T03:13:31.442+0000] {dag.py:3954} INFO - Setting next_dagrun for example_xcom_args_with_operators to None, run_after=None
[2025-08-19T03:13:31.468+0000] {processor.py:183} INFO - Processing /home/airflow/.local/lib/python3.12/site-packages/airflow/example_dags/example_xcomargs.py took 0.095 seconds
[2025-08-19T03:14:02.152+0000] {processor.py:161} INFO - Started process (PID=22655) to work on /home/airflow/.local/lib/python3.12/site-packages/airflow/example_dags/example_xcomargs.py
[2025-08-19T03:14:02.154+0000] {processor.py:830} INFO - Processing file /home/airflow/.local/lib/python3.12/site-packages/airflow/example_dags/example_xcomargs.py for tasks to queue
[2025-08-19T03:14:02.156+0000] {logging_mixin.py:188} INFO - [2025-08-19T03:14:02.155+0000] {dagbag.py:545} INFO - Filling up the DagBag from /home/airflow/.local/lib/python3.12/site-packages/airflow/example_dags/example_xcomargs.py
[2025-08-19T03:14:02.164+0000] {processor.py:840} INFO - DAG(s) 'example_xcom_args', 'example_xcom_args_with_operators' retrieved from /home/airflow/.local/lib/python3.12/site-packages/airflow/example_dags/example_xcomargs.py
[2025-08-19T03:14:02.192+0000] {logging_mixin.py:188} INFO - [2025-08-19T03:14:02.192+0000] {dag.py:3096} INFO - Sync 2 DAGs
[2025-08-19T03:14:02.208+0000] {logging_mixin.py:188} INFO - [2025-08-19T03:14:02.208+0000] {dag.py:3954} INFO - Setting next_dagrun for example_xcom_args to None, run_after=None
[2025-08-19T03:14:02.213+0000] {logging_mixin.py:188} INFO - [2025-08-19T03:14:02.212+0000] {dag.py:3954} INFO - Setting next_dagrun for example_xcom_args_with_operators to None, run_after=None
[2025-08-19T03:14:02.244+0000] {processor.py:183} INFO - Processing /home/airflow/.local/lib/python3.12/site-packages/airflow/example_dags/example_xcomargs.py took 0.098 seconds
[2025-08-19T03:14:32.946+0000] {processor.py:161} INFO - Started process (PID=22708) to work on /home/airflow/.local/lib/python3.12/site-packages/airflow/example_dags/example_xcomargs.py
[2025-08-19T03:14:32.947+0000] {processor.py:830} INFO - Processing file /home/airflow/.local/lib/python3.12/site-packages/airflow/example_dags/example_xcomargs.py for tasks to queue
[2025-08-19T03:14:32.949+0000] {logging_mixin.py:188} INFO - [2025-08-19T03:14:32.949+0000] {dagbag.py:545} INFO - Filling up the DagBag from /home/airflow/.local/lib/python3.12/site-packages/airflow/example_dags/example_xcomargs.py
[2025-08-19T03:14:32.958+0000] {processor.py:840} INFO - DAG(s) 'example_xcom_args_with_operators', 'example_xcom_args' retrieved from /home/airflow/.local/lib/python3.12/site-packages/airflow/example_dags/example_xcomargs.py
[2025-08-19T03:14:32.986+0000] {logging_mixin.py:188} INFO - [2025-08-19T03:14:32.985+0000] {dag.py:3096} INFO - Sync 2 DAGs
[2025-08-19T03:14:33.003+0000] {logging_mixin.py:188} INFO - [2025-08-19T03:14:33.002+0000] {dag.py:3954} INFO - Setting next_dagrun for example_xcom_args to None, run_after=None
[2025-08-19T03:14:33.008+0000] {logging_mixin.py:188} INFO - [2025-08-19T03:14:33.008+0000] {dag.py:3954} INFO - Setting next_dagrun for example_xcom_args_with_operators to None, run_after=None
[2025-08-19T03:14:33.042+0000] {processor.py:183} INFO - Processing /home/airflow/.local/lib/python3.12/site-packages/airflow/example_dags/example_xcomargs.py took 0.102 seconds
[2025-08-19T03:15:03.831+0000] {processor.py:161} INFO - Started process (PID=22761) to work on /home/airflow/.local/lib/python3.12/site-packages/airflow/example_dags/example_xcomargs.py
[2025-08-19T03:15:03.833+0000] {processor.py:830} INFO - Processing file /home/airflow/.local/lib/python3.12/site-packages/airflow/example_dags/example_xcomargs.py for tasks to queue
[2025-08-19T03:15:03.835+0000] {logging_mixin.py:188} INFO - [2025-08-19T03:15:03.834+0000] {dagbag.py:545} INFO - Filling up the DagBag from /home/airflow/.local/lib/python3.12/site-packages/airflow/example_dags/example_xcomargs.py
[2025-08-19T03:15:03.844+0000] {processor.py:840} INFO - DAG(s) 'example_xcom_args_with_operators', 'example_xcom_args' retrieved from /home/airflow/.local/lib/python3.12/site-packages/airflow/example_dags/example_xcomargs.py
[2025-08-19T03:15:03.870+0000] {logging_mixin.py:188} INFO - [2025-08-19T03:15:03.870+0000] {dag.py:3096} INFO - Sync 2 DAGs
[2025-08-19T03:15:03.886+0000] {logging_mixin.py:188} INFO - [2025-08-19T03:15:03.886+0000] {dag.py:3954} INFO - Setting next_dagrun for example_xcom_args to None, run_after=None
[2025-08-19T03:15:03.891+0000] {logging_mixin.py:188} INFO - [2025-08-19T03:15:03.890+0000] {dag.py:3954} INFO - Setting next_dagrun for example_xcom_args_with_operators to None, run_after=None
[2025-08-19T03:15:03.916+0000] {processor.py:183} INFO - Processing /home/airflow/.local/lib/python3.12/site-packages/airflow/example_dags/example_xcomargs.py took 0.091 seconds
[2025-08-19T03:15:34.604+0000] {processor.py:161} INFO - Started process (PID=22814) to work on /home/airflow/.local/lib/python3.12/site-packages/airflow/example_dags/example_xcomargs.py
[2025-08-19T03:15:34.607+0000] {processor.py:830} INFO - Processing file /home/airflow/.local/lib/python3.12/site-packages/airflow/example_dags/example_xcomargs.py for tasks to queue
[2025-08-19T03:15:34.610+0000] {logging_mixin.py:188} INFO - [2025-08-19T03:15:34.609+0000] {dagbag.py:545} INFO - Filling up the DagBag from /home/airflow/.local/lib/python3.12/site-packages/airflow/example_dags/example_xcomargs.py
[2025-08-19T03:15:34.630+0000] {processor.py:840} INFO - DAG(s) 'example_xcom_args_with_operators', 'example_xcom_args' retrieved from /home/airflow/.local/lib/python3.12/site-packages/airflow/example_dags/example_xcomargs.py
[2025-08-19T03:15:34.667+0000] {logging_mixin.py:188} INFO - [2025-08-19T03:15:34.667+0000] {dag.py:3096} INFO - Sync 2 DAGs
[2025-08-19T03:15:34.693+0000] {logging_mixin.py:188} INFO - [2025-08-19T03:15:34.693+0000] {dag.py:3954} INFO - Setting next_dagrun for example_xcom_args to None, run_after=None
[2025-08-19T03:15:34.698+0000] {logging_mixin.py:188} INFO - [2025-08-19T03:15:34.698+0000] {dag.py:3954} INFO - Setting next_dagrun for example_xcom_args_with_operators to None, run_after=None
[2025-08-19T03:15:34.723+0000] {processor.py:183} INFO - Processing /home/airflow/.local/lib/python3.12/site-packages/airflow/example_dags/example_xcomargs.py took 0.132 seconds
[2025-08-19T03:16:05.437+0000] {processor.py:161} INFO - Started process (PID=22867) to work on /home/airflow/.local/lib/python3.12/site-packages/airflow/example_dags/example_xcomargs.py
[2025-08-19T03:16:05.439+0000] {processor.py:830} INFO - Processing file /home/airflow/.local/lib/python3.12/site-packages/airflow/example_dags/example_xcomargs.py for tasks to queue
[2025-08-19T03:16:05.440+0000] {logging_mixin.py:188} INFO - [2025-08-19T03:16:05.440+0000] {dagbag.py:545} INFO - Filling up the DagBag from /home/airflow/.local/lib/python3.12/site-packages/airflow/example_dags/example_xcomargs.py
[2025-08-19T03:16:05.450+0000] {processor.py:840} INFO - DAG(s) 'example_xcom_args_with_operators', 'example_xcom_args' retrieved from /home/airflow/.local/lib/python3.12/site-packages/airflow/example_dags/example_xcomargs.py
[2025-08-19T03:16:05.477+0000] {logging_mixin.py:188} INFO - [2025-08-19T03:16:05.477+0000] {dag.py:3096} INFO - Sync 2 DAGs
[2025-08-19T03:16:05.493+0000] {logging_mixin.py:188} INFO - [2025-08-19T03:16:05.493+0000] {dag.py:3954} INFO - Setting next_dagrun for example_xcom_args to None, run_after=None
[2025-08-19T03:16:05.498+0000] {logging_mixin.py:188} INFO - [2025-08-19T03:16:05.498+0000] {dag.py:3954} INFO - Setting next_dagrun for example_xcom_args_with_operators to None, run_after=None
[2025-08-19T03:16:05.530+0000] {processor.py:183} INFO - Processing /home/airflow/.local/lib/python3.12/site-packages/airflow/example_dags/example_xcomargs.py took 0.099 seconds
[2025-08-19T03:16:35.825+0000] {processor.py:161} INFO - Started process (PID=22920) to work on /home/airflow/.local/lib/python3.12/site-packages/airflow/example_dags/example_xcomargs.py
[2025-08-19T03:16:35.826+0000] {processor.py:830} INFO - Processing file /home/airflow/.local/lib/python3.12/site-packages/airflow/example_dags/example_xcomargs.py for tasks to queue
[2025-08-19T03:16:35.828+0000] {logging_mixin.py:188} INFO - [2025-08-19T03:16:35.827+0000] {dagbag.py:545} INFO - Filling up the DagBag from /home/airflow/.local/lib/python3.12/site-packages/airflow/example_dags/example_xcomargs.py
[2025-08-19T03:16:35.837+0000] {processor.py:840} INFO - DAG(s) 'example_xcom_args', 'example_xcom_args_with_operators' retrieved from /home/airflow/.local/lib/python3.12/site-packages/airflow/example_dags/example_xcomargs.py
[2025-08-19T03:16:35.866+0000] {logging_mixin.py:188} INFO - [2025-08-19T03:16:35.866+0000] {dag.py:3096} INFO - Sync 2 DAGs
[2025-08-19T03:16:35.882+0000] {logging_mixin.py:188} INFO - [2025-08-19T03:16:35.882+0000] {dag.py:3954} INFO - Setting next_dagrun for example_xcom_args to None, run_after=None
[2025-08-19T03:16:35.887+0000] {logging_mixin.py:188} INFO - [2025-08-19T03:16:35.886+0000] {dag.py:3954} INFO - Setting next_dagrun for example_xcom_args_with_operators to None, run_after=None
[2025-08-19T03:16:35.914+0000] {processor.py:183} INFO - Processing /home/airflow/.local/lib/python3.12/site-packages/airflow/example_dags/example_xcomargs.py took 0.095 seconds
[2025-08-19T03:17:06.197+0000] {processor.py:161} INFO - Started process (PID=22973) to work on /home/airflow/.local/lib/python3.12/site-packages/airflow/example_dags/example_xcomargs.py
[2025-08-19T03:17:06.198+0000] {processor.py:830} INFO - Processing file /home/airflow/.local/lib/python3.12/site-packages/airflow/example_dags/example_xcomargs.py for tasks to queue
[2025-08-19T03:17:06.200+0000] {logging_mixin.py:188} INFO - [2025-08-19T03:17:06.200+0000] {dagbag.py:545} INFO - Filling up the DagBag from /home/airflow/.local/lib/python3.12/site-packages/airflow/example_dags/example_xcomargs.py
[2025-08-19T03:17:06.209+0000] {processor.py:840} INFO - DAG(s) 'example_xcom_args', 'example_xcom_args_with_operators' retrieved from /home/airflow/.local/lib/python3.12/site-packages/airflow/example_dags/example_xcomargs.py
[2025-08-19T03:17:06.237+0000] {logging_mixin.py:188} INFO - [2025-08-19T03:17:06.237+0000] {dag.py:3096} INFO - Sync 2 DAGs
[2025-08-19T03:17:06.252+0000] {logging_mixin.py:188} INFO - [2025-08-19T03:17:06.252+0000] {dag.py:3954} INFO - Setting next_dagrun for example_xcom_args to None, run_after=None
[2025-08-19T03:17:06.257+0000] {logging_mixin.py:188} INFO - [2025-08-19T03:17:06.257+0000] {dag.py:3954} INFO - Setting next_dagrun for example_xcom_args_with_operators to None, run_after=None
[2025-08-19T03:17:06.281+0000] {processor.py:183} INFO - Processing /home/airflow/.local/lib/python3.12/site-packages/airflow/example_dags/example_xcomargs.py took 0.090 seconds
[2025-08-19T03:17:36.768+0000] {processor.py:161} INFO - Started process (PID=23026) to work on /home/airflow/.local/lib/python3.12/site-packages/airflow/example_dags/example_xcomargs.py
[2025-08-19T03:17:36.769+0000] {processor.py:830} INFO - Processing file /home/airflow/.local/lib/python3.12/site-packages/airflow/example_dags/example_xcomargs.py for tasks to queue
[2025-08-19T03:17:36.771+0000] {logging_mixin.py:188} INFO - [2025-08-19T03:17:36.770+0000] {dagbag.py:545} INFO - Filling up the DagBag from /home/airflow/.local/lib/python3.12/site-packages/airflow/example_dags/example_xcomargs.py
[2025-08-19T03:17:36.780+0000] {processor.py:840} INFO - DAG(s) 'example_xcom_args_with_operators', 'example_xcom_args' retrieved from /home/airflow/.local/lib/python3.12/site-packages/airflow/example_dags/example_xcomargs.py
[2025-08-19T03:17:36.809+0000] {logging_mixin.py:188} INFO - [2025-08-19T03:17:36.809+0000] {dag.py:3096} INFO - Sync 2 DAGs
[2025-08-19T03:17:36.823+0000] {logging_mixin.py:188} INFO - [2025-08-19T03:17:36.823+0000] {dag.py:3954} INFO - Setting next_dagrun for example_xcom_args to None, run_after=None
[2025-08-19T03:17:36.828+0000] {logging_mixin.py:188} INFO - [2025-08-19T03:17:36.828+0000] {dag.py:3954} INFO - Setting next_dagrun for example_xcom_args_with_operators to None, run_after=None
[2025-08-19T03:17:36.857+0000] {processor.py:183} INFO - Processing /home/airflow/.local/lib/python3.12/site-packages/airflow/example_dags/example_xcomargs.py took 0.095 seconds
[2025-08-19T03:18:06.999+0000] {processor.py:161} INFO - Started process (PID=23079) to work on /home/airflow/.local/lib/python3.12/site-packages/airflow/example_dags/example_xcomargs.py
[2025-08-19T03:18:07.001+0000] {processor.py:830} INFO - Processing file /home/airflow/.local/lib/python3.12/site-packages/airflow/example_dags/example_xcomargs.py for tasks to queue
[2025-08-19T03:18:07.003+0000] {logging_mixin.py:188} INFO - [2025-08-19T03:18:07.002+0000] {dagbag.py:545} INFO - Filling up the DagBag from /home/airflow/.local/lib/python3.12/site-packages/airflow/example_dags/example_xcomargs.py
[2025-08-19T03:18:07.016+0000] {processor.py:840} INFO - DAG(s) 'example_xcom_args_with_operators', 'example_xcom_args' retrieved from /home/airflow/.local/lib/python3.12/site-packages/airflow/example_dags/example_xcomargs.py
[2025-08-19T03:18:07.048+0000] {logging_mixin.py:188} INFO - [2025-08-19T03:18:07.048+0000] {dag.py:3096} INFO - Sync 2 DAGs
[2025-08-19T03:18:07.065+0000] {logging_mixin.py:188} INFO - [2025-08-19T03:18:07.065+0000] {dag.py:3954} INFO - Setting next_dagrun for example_xcom_args to None, run_after=None
[2025-08-19T03:18:07.070+0000] {logging_mixin.py:188} INFO - [2025-08-19T03:18:07.070+0000] {dag.py:3954} INFO - Setting next_dagrun for example_xcom_args_with_operators to None, run_after=None
[2025-08-19T03:18:07.097+0000] {processor.py:183} INFO - Processing /home/airflow/.local/lib/python3.12/site-packages/airflow/example_dags/example_xcomargs.py took 0.105 seconds
[2025-08-19T03:18:37.283+0000] {processor.py:161} INFO - Started process (PID=23132) to work on /home/airflow/.local/lib/python3.12/site-packages/airflow/example_dags/example_xcomargs.py
[2025-08-19T03:18:37.285+0000] {processor.py:830} INFO - Processing file /home/airflow/.local/lib/python3.12/site-packages/airflow/example_dags/example_xcomargs.py for tasks to queue
[2025-08-19T03:18:37.286+0000] {logging_mixin.py:188} INFO - [2025-08-19T03:18:37.286+0000] {dagbag.py:545} INFO - Filling up the DagBag from /home/airflow/.local/lib/python3.12/site-packages/airflow/example_dags/example_xcomargs.py
[2025-08-19T03:18:37.296+0000] {processor.py:840} INFO - DAG(s) 'example_xcom_args', 'example_xcom_args_with_operators' retrieved from /home/airflow/.local/lib/python3.12/site-packages/airflow/example_dags/example_xcomargs.py
[2025-08-19T03:18:37.327+0000] {logging_mixin.py:188} INFO - [2025-08-19T03:18:37.327+0000] {dag.py:3096} INFO - Sync 2 DAGs
[2025-08-19T03:18:37.345+0000] {logging_mixin.py:188} INFO - [2025-08-19T03:18:37.344+0000] {dag.py:3954} INFO - Setting next_dagrun for example_xcom_args to None, run_after=None
[2025-08-19T03:18:37.350+0000] {logging_mixin.py:188} INFO - [2025-08-19T03:18:37.349+0000] {dag.py:3954} INFO - Setting next_dagrun for example_xcom_args_with_operators to None, run_after=None
[2025-08-19T03:18:37.379+0000] {processor.py:183} INFO - Processing /home/airflow/.local/lib/python3.12/site-packages/airflow/example_dags/example_xcomargs.py took 0.104 seconds
[2025-08-19T03:19:07.513+0000] {processor.py:161} INFO - Started process (PID=23185) to work on /home/airflow/.local/lib/python3.12/site-packages/airflow/example_dags/example_xcomargs.py
[2025-08-19T03:19:07.515+0000] {processor.py:830} INFO - Processing file /home/airflow/.local/lib/python3.12/site-packages/airflow/example_dags/example_xcomargs.py for tasks to queue
[2025-08-19T03:19:07.516+0000] {logging_mixin.py:188} INFO - [2025-08-19T03:19:07.516+0000] {dagbag.py:545} INFO - Filling up the DagBag from /home/airflow/.local/lib/python3.12/site-packages/airflow/example_dags/example_xcomargs.py
[2025-08-19T03:19:07.525+0000] {processor.py:840} INFO - DAG(s) 'example_xcom_args', 'example_xcom_args_with_operators' retrieved from /home/airflow/.local/lib/python3.12/site-packages/airflow/example_dags/example_xcomargs.py
[2025-08-19T03:19:07.557+0000] {logging_mixin.py:188} INFO - [2025-08-19T03:19:07.557+0000] {dag.py:3096} INFO - Sync 2 DAGs
[2025-08-19T03:19:07.573+0000] {logging_mixin.py:188} INFO - [2025-08-19T03:19:07.572+0000] {dag.py:3954} INFO - Setting next_dagrun for example_xcom_args to None, run_after=None
[2025-08-19T03:19:07.577+0000] {logging_mixin.py:188} INFO - [2025-08-19T03:19:07.577+0000] {dag.py:3954} INFO - Setting next_dagrun for example_xcom_args_with_operators to None, run_after=None
[2025-08-19T03:19:07.637+0000] {processor.py:183} INFO - Processing /home/airflow/.local/lib/python3.12/site-packages/airflow/example_dags/example_xcomargs.py took 0.129 seconds
[2025-08-19T03:19:38.436+0000] {processor.py:161} INFO - Started process (PID=23238) to work on /home/airflow/.local/lib/python3.12/site-packages/airflow/example_dags/example_xcomargs.py
[2025-08-19T03:19:38.438+0000] {processor.py:830} INFO - Processing file /home/airflow/.local/lib/python3.12/site-packages/airflow/example_dags/example_xcomargs.py for tasks to queue
[2025-08-19T03:19:38.440+0000] {logging_mixin.py:188} INFO - [2025-08-19T03:19:38.439+0000] {dagbag.py:545} INFO - Filling up the DagBag from /home/airflow/.local/lib/python3.12/site-packages/airflow/example_dags/example_xcomargs.py
[2025-08-19T03:19:38.451+0000] {processor.py:840} INFO - DAG(s) 'example_xcom_args', 'example_xcom_args_with_operators' retrieved from /home/airflow/.local/lib/python3.12/site-packages/airflow/example_dags/example_xcomargs.py
[2025-08-19T03:19:38.481+0000] {logging_mixin.py:188} INFO - [2025-08-19T03:19:38.480+0000] {dag.py:3096} INFO - Sync 2 DAGs
[2025-08-19T03:19:38.498+0000] {logging_mixin.py:188} INFO - [2025-08-19T03:19:38.497+0000] {dag.py:3954} INFO - Setting next_dagrun for example_xcom_args to None, run_after=None
[2025-08-19T03:19:38.504+0000] {logging_mixin.py:188} INFO - [2025-08-19T03:19:38.504+0000] {dag.py:3954} INFO - Setting next_dagrun for example_xcom_args_with_operators to None, run_after=None
[2025-08-19T03:19:38.528+0000] {processor.py:183} INFO - Processing /home/airflow/.local/lib/python3.12/site-packages/airflow/example_dags/example_xcomargs.py took 0.099 seconds
[2025-08-19T03:20:08.689+0000] {processor.py:161} INFO - Started process (PID=23291) to work on /home/airflow/.local/lib/python3.12/site-packages/airflow/example_dags/example_xcomargs.py
[2025-08-19T03:20:08.691+0000] {processor.py:830} INFO - Processing file /home/airflow/.local/lib/python3.12/site-packages/airflow/example_dags/example_xcomargs.py for tasks to queue
[2025-08-19T03:20:08.693+0000] {logging_mixin.py:188} INFO - [2025-08-19T03:20:08.692+0000] {dagbag.py:545} INFO - Filling up the DagBag from /home/airflow/.local/lib/python3.12/site-packages/airflow/example_dags/example_xcomargs.py
[2025-08-19T03:20:08.704+0000] {processor.py:840} INFO - DAG(s) 'example_xcom_args_with_operators', 'example_xcom_args' retrieved from /home/airflow/.local/lib/python3.12/site-packages/airflow/example_dags/example_xcomargs.py
[2025-08-19T03:20:08.735+0000] {logging_mixin.py:188} INFO - [2025-08-19T03:20:08.735+0000] {dag.py:3096} INFO - Sync 2 DAGs
[2025-08-19T03:20:08.751+0000] {logging_mixin.py:188} INFO - [2025-08-19T03:20:08.750+0000] {dag.py:3954} INFO - Setting next_dagrun for example_xcom_args to None, run_after=None
[2025-08-19T03:20:08.755+0000] {logging_mixin.py:188} INFO - [2025-08-19T03:20:08.755+0000] {dag.py:3954} INFO - Setting next_dagrun for example_xcom_args_with_operators to None, run_after=None
[2025-08-19T03:20:08.781+0000] {processor.py:183} INFO - Processing /home/airflow/.local/lib/python3.12/site-packages/airflow/example_dags/example_xcomargs.py took 0.097 seconds
[2025-08-19T03:20:38.884+0000] {processor.py:161} INFO - Started process (PID=23344) to work on /home/airflow/.local/lib/python3.12/site-packages/airflow/example_dags/example_xcomargs.py
[2025-08-19T03:20:38.886+0000] {processor.py:830} INFO - Processing file /home/airflow/.local/lib/python3.12/site-packages/airflow/example_dags/example_xcomargs.py for tasks to queue
[2025-08-19T03:20:38.887+0000] {logging_mixin.py:188} INFO - [2025-08-19T03:20:38.887+0000] {dagbag.py:545} INFO - Filling up the DagBag from /home/airflow/.local/lib/python3.12/site-packages/airflow/example_dags/example_xcomargs.py
[2025-08-19T03:20:38.896+0000] {processor.py:840} INFO - DAG(s) 'example_xcom_args_with_operators', 'example_xcom_args' retrieved from /home/airflow/.local/lib/python3.12/site-packages/airflow/example_dags/example_xcomargs.py
[2025-08-19T03:20:38.923+0000] {logging_mixin.py:188} INFO - [2025-08-19T03:20:38.923+0000] {dag.py:3096} INFO - Sync 2 DAGs
[2025-08-19T03:20:38.940+0000] {logging_mixin.py:188} INFO - [2025-08-19T03:20:38.940+0000] {dag.py:3954} INFO - Setting next_dagrun for example_xcom_args to None, run_after=None
[2025-08-19T03:20:38.947+0000] {logging_mixin.py:188} INFO - [2025-08-19T03:20:38.946+0000] {dag.py:3954} INFO - Setting next_dagrun for example_xcom_args_with_operators to None, run_after=None
[2025-08-19T03:20:38.978+0000] {processor.py:183} INFO - Processing /home/airflow/.local/lib/python3.12/site-packages/airflow/example_dags/example_xcomargs.py took 0.102 seconds
[2025-08-19T03:21:09.266+0000] {processor.py:161} INFO - Started process (PID=23397) to work on /home/airflow/.local/lib/python3.12/site-packages/airflow/example_dags/example_xcomargs.py
[2025-08-19T03:21:09.268+0000] {processor.py:830} INFO - Processing file /home/airflow/.local/lib/python3.12/site-packages/airflow/example_dags/example_xcomargs.py for tasks to queue
[2025-08-19T03:21:09.269+0000] {logging_mixin.py:188} INFO - [2025-08-19T03:21:09.269+0000] {dagbag.py:545} INFO - Filling up the DagBag from /home/airflow/.local/lib/python3.12/site-packages/airflow/example_dags/example_xcomargs.py
[2025-08-19T03:21:09.278+0000] {processor.py:840} INFO - DAG(s) 'example_xcom_args_with_operators', 'example_xcom_args' retrieved from /home/airflow/.local/lib/python3.12/site-packages/airflow/example_dags/example_xcomargs.py
[2025-08-19T03:21:09.307+0000] {logging_mixin.py:188} INFO - [2025-08-19T03:21:09.306+0000] {dag.py:3096} INFO - Sync 2 DAGs
[2025-08-19T03:21:09.323+0000] {logging_mixin.py:188} INFO - [2025-08-19T03:21:09.322+0000] {dag.py:3954} INFO - Setting next_dagrun for example_xcom_args to None, run_after=None
[2025-08-19T03:21:09.329+0000] {logging_mixin.py:188} INFO - [2025-08-19T03:21:09.328+0000] {dag.py:3954} INFO - Setting next_dagrun for example_xcom_args_with_operators to None, run_after=None
[2025-08-19T03:21:09.355+0000] {processor.py:183} INFO - Processing /home/airflow/.local/lib/python3.12/site-packages/airflow/example_dags/example_xcomargs.py took 0.097 seconds
[2025-08-19T03:21:39.943+0000] {processor.py:161} INFO - Started process (PID=23450) to work on /home/airflow/.local/lib/python3.12/site-packages/airflow/example_dags/example_xcomargs.py
[2025-08-19T03:21:39.944+0000] {processor.py:830} INFO - Processing file /home/airflow/.local/lib/python3.12/site-packages/airflow/example_dags/example_xcomargs.py for tasks to queue
[2025-08-19T03:21:39.946+0000] {logging_mixin.py:188} INFO - [2025-08-19T03:21:39.946+0000] {dagbag.py:545} INFO - Filling up the DagBag from /home/airflow/.local/lib/python3.12/site-packages/airflow/example_dags/example_xcomargs.py
[2025-08-19T03:21:39.954+0000] {processor.py:840} INFO - DAG(s) 'example_xcom_args_with_operators', 'example_xcom_args' retrieved from /home/airflow/.local/lib/python3.12/site-packages/airflow/example_dags/example_xcomargs.py
[2025-08-19T03:21:39.983+0000] {logging_mixin.py:188} INFO - [2025-08-19T03:21:39.983+0000] {dag.py:3096} INFO - Sync 2 DAGs
[2025-08-19T03:21:39.998+0000] {logging_mixin.py:188} INFO - [2025-08-19T03:21:39.998+0000] {dag.py:3954} INFO - Setting next_dagrun for example_xcom_args to None, run_after=None
[2025-08-19T03:21:40.003+0000] {logging_mixin.py:188} INFO - [2025-08-19T03:21:40.003+0000] {dag.py:3954} INFO - Setting next_dagrun for example_xcom_args_with_operators to None, run_after=None
[2025-08-19T03:21:40.032+0000] {processor.py:183} INFO - Processing /home/airflow/.local/lib/python3.12/site-packages/airflow/example_dags/example_xcomargs.py took 0.096 seconds
[2025-08-19T03:22:10.570+0000] {processor.py:161} INFO - Started process (PID=23503) to work on /home/airflow/.local/lib/python3.12/site-packages/airflow/example_dags/example_xcomargs.py
[2025-08-19T03:22:10.572+0000] {processor.py:830} INFO - Processing file /home/airflow/.local/lib/python3.12/site-packages/airflow/example_dags/example_xcomargs.py for tasks to queue
[2025-08-19T03:22:10.573+0000] {logging_mixin.py:188} INFO - [2025-08-19T03:22:10.573+0000] {dagbag.py:545} INFO - Filling up the DagBag from /home/airflow/.local/lib/python3.12/site-packages/airflow/example_dags/example_xcomargs.py
[2025-08-19T03:22:10.582+0000] {processor.py:840} INFO - DAG(s) 'example_xcom_args', 'example_xcom_args_with_operators' retrieved from /home/airflow/.local/lib/python3.12/site-packages/airflow/example_dags/example_xcomargs.py
[2025-08-19T03:22:10.610+0000] {logging_mixin.py:188} INFO - [2025-08-19T03:22:10.610+0000] {dag.py:3096} INFO - Sync 2 DAGs
[2025-08-19T03:22:10.625+0000] {logging_mixin.py:188} INFO - [2025-08-19T03:22:10.624+0000] {dag.py:3954} INFO - Setting next_dagrun for example_xcom_args to None, run_after=None
[2025-08-19T03:22:10.630+0000] {logging_mixin.py:188} INFO - [2025-08-19T03:22:10.630+0000] {dag.py:3954} INFO - Setting next_dagrun for example_xcom_args_with_operators to None, run_after=None
[2025-08-19T03:22:10.655+0000] {processor.py:183} INFO - Processing /home/airflow/.local/lib/python3.12/site-packages/airflow/example_dags/example_xcomargs.py took 0.091 seconds
[2025-08-19T03:22:41.081+0000] {processor.py:161} INFO - Started process (PID=23556) to work on /home/airflow/.local/lib/python3.12/site-packages/airflow/example_dags/example_xcomargs.py
[2025-08-19T03:22:41.083+0000] {processor.py:830} INFO - Processing file /home/airflow/.local/lib/python3.12/site-packages/airflow/example_dags/example_xcomargs.py for tasks to queue
[2025-08-19T03:22:41.085+0000] {logging_mixin.py:188} INFO - [2025-08-19T03:22:41.084+0000] {dagbag.py:545} INFO - Filling up the DagBag from /home/airflow/.local/lib/python3.12/site-packages/airflow/example_dags/example_xcomargs.py
[2025-08-19T03:22:41.095+0000] {processor.py:840} INFO - DAG(s) 'example_xcom_args_with_operators', 'example_xcom_args' retrieved from /home/airflow/.local/lib/python3.12/site-packages/airflow/example_dags/example_xcomargs.py
[2025-08-19T03:22:41.123+0000] {logging_mixin.py:188} INFO - [2025-08-19T03:22:41.122+0000] {dag.py:3096} INFO - Sync 2 DAGs
[2025-08-19T03:22:41.136+0000] {logging_mixin.py:188} INFO - [2025-08-19T03:22:41.136+0000] {dag.py:3954} INFO - Setting next_dagrun for example_xcom_args to None, run_after=None
[2025-08-19T03:22:41.141+0000] {logging_mixin.py:188} INFO - [2025-08-19T03:22:41.141+0000] {dag.py:3954} INFO - Setting next_dagrun for example_xcom_args_with_operators to None, run_after=None
[2025-08-19T03:22:41.162+0000] {processor.py:183} INFO - Processing /home/airflow/.local/lib/python3.12/site-packages/airflow/example_dags/example_xcomargs.py took 0.087 seconds
[2025-08-19T03:23:11.553+0000] {processor.py:161} INFO - Started process (PID=23609) to work on /home/airflow/.local/lib/python3.12/site-packages/airflow/example_dags/example_xcomargs.py
[2025-08-19T03:23:11.555+0000] {processor.py:830} INFO - Processing file /home/airflow/.local/lib/python3.12/site-packages/airflow/example_dags/example_xcomargs.py for tasks to queue
[2025-08-19T03:23:11.556+0000] {logging_mixin.py:188} INFO - [2025-08-19T03:23:11.556+0000] {dagbag.py:545} INFO - Filling up the DagBag from /home/airflow/.local/lib/python3.12/site-packages/airflow/example_dags/example_xcomargs.py
[2025-08-19T03:23:11.565+0000] {processor.py:840} INFO - DAG(s) 'example_xcom_args', 'example_xcom_args_with_operators' retrieved from /home/airflow/.local/lib/python3.12/site-packages/airflow/example_dags/example_xcomargs.py
[2025-08-19T03:23:11.595+0000] {logging_mixin.py:188} INFO - [2025-08-19T03:23:11.595+0000] {dag.py:3096} INFO - Sync 2 DAGs
[2025-08-19T03:23:11.610+0000] {logging_mixin.py:188} INFO - [2025-08-19T03:23:11.610+0000] {dag.py:3954} INFO - Setting next_dagrun for example_xcom_args to None, run_after=None
[2025-08-19T03:23:11.615+0000] {logging_mixin.py:188} INFO - [2025-08-19T03:23:11.614+0000] {dag.py:3954} INFO - Setting next_dagrun for example_xcom_args_with_operators to None, run_after=None
[2025-08-19T03:23:11.652+0000] {processor.py:183} INFO - Processing /home/airflow/.local/lib/python3.12/site-packages/airflow/example_dags/example_xcomargs.py took 0.104 seconds
[2025-08-19T03:23:41.764+0000] {processor.py:161} INFO - Started process (PID=23660) to work on /home/airflow/.local/lib/python3.12/site-packages/airflow/example_dags/example_xcomargs.py
[2025-08-19T03:23:41.766+0000] {processor.py:830} INFO - Processing file /home/airflow/.local/lib/python3.12/site-packages/airflow/example_dags/example_xcomargs.py for tasks to queue
[2025-08-19T03:23:41.768+0000] {logging_mixin.py:188} INFO - [2025-08-19T03:23:41.767+0000] {dagbag.py:545} INFO - Filling up the DagBag from /home/airflow/.local/lib/python3.12/site-packages/airflow/example_dags/example_xcomargs.py
[2025-08-19T03:23:41.777+0000] {processor.py:840} INFO - DAG(s) 'example_xcom_args_with_operators', 'example_xcom_args' retrieved from /home/airflow/.local/lib/python3.12/site-packages/airflow/example_dags/example_xcomargs.py
[2025-08-19T03:23:41.808+0000] {logging_mixin.py:188} INFO - [2025-08-19T03:23:41.808+0000] {dag.py:3096} INFO - Sync 2 DAGs
[2025-08-19T03:23:41.822+0000] {logging_mixin.py:188} INFO - [2025-08-19T03:23:41.822+0000] {dag.py:3954} INFO - Setting next_dagrun for example_xcom_args to None, run_after=None
[2025-08-19T03:23:41.827+0000] {logging_mixin.py:188} INFO - [2025-08-19T03:23:41.827+0000] {dag.py:3954} INFO - Setting next_dagrun for example_xcom_args_with_operators to None, run_after=None
[2025-08-19T03:23:41.850+0000] {processor.py:183} INFO - Processing /home/airflow/.local/lib/python3.12/site-packages/airflow/example_dags/example_xcomargs.py took 0.092 seconds
[2025-08-19T03:24:12.438+0000] {processor.py:161} INFO - Started process (PID=23713) to work on /home/airflow/.local/lib/python3.12/site-packages/airflow/example_dags/example_xcomargs.py
[2025-08-19T03:24:12.440+0000] {processor.py:830} INFO - Processing file /home/airflow/.local/lib/python3.12/site-packages/airflow/example_dags/example_xcomargs.py for tasks to queue
[2025-08-19T03:24:12.441+0000] {logging_mixin.py:188} INFO - [2025-08-19T03:24:12.441+0000] {dagbag.py:545} INFO - Filling up the DagBag from /home/airflow/.local/lib/python3.12/site-packages/airflow/example_dags/example_xcomargs.py
[2025-08-19T03:24:12.449+0000] {processor.py:840} INFO - DAG(s) 'example_xcom_args', 'example_xcom_args_with_operators' retrieved from /home/airflow/.local/lib/python3.12/site-packages/airflow/example_dags/example_xcomargs.py
[2025-08-19T03:24:12.480+0000] {logging_mixin.py:188} INFO - [2025-08-19T03:24:12.480+0000] {dag.py:3096} INFO - Sync 2 DAGs
[2025-08-19T03:24:12.494+0000] {logging_mixin.py:188} INFO - [2025-08-19T03:24:12.494+0000] {dag.py:3954} INFO - Setting next_dagrun for example_xcom_args to None, run_after=None
[2025-08-19T03:24:12.498+0000] {logging_mixin.py:188} INFO - [2025-08-19T03:24:12.498+0000] {dag.py:3954} INFO - Setting next_dagrun for example_xcom_args_with_operators to None, run_after=None
[2025-08-19T03:24:12.520+0000] {processor.py:183} INFO - Processing /home/airflow/.local/lib/python3.12/site-packages/airflow/example_dags/example_xcomargs.py took 0.089 seconds
[2025-08-19T03:24:43.037+0000] {processor.py:161} INFO - Started process (PID=23766) to work on /home/airflow/.local/lib/python3.12/site-packages/airflow/example_dags/example_xcomargs.py
[2025-08-19T03:24:43.039+0000] {processor.py:830} INFO - Processing file /home/airflow/.local/lib/python3.12/site-packages/airflow/example_dags/example_xcomargs.py for tasks to queue
[2025-08-19T03:24:43.040+0000] {logging_mixin.py:188} INFO - [2025-08-19T03:24:43.040+0000] {dagbag.py:545} INFO - Filling up the DagBag from /home/airflow/.local/lib/python3.12/site-packages/airflow/example_dags/example_xcomargs.py
[2025-08-19T03:24:43.049+0000] {processor.py:840} INFO - DAG(s) 'example_xcom_args', 'example_xcom_args_with_operators' retrieved from /home/airflow/.local/lib/python3.12/site-packages/airflow/example_dags/example_xcomargs.py
[2025-08-19T03:24:43.080+0000] {logging_mixin.py:188} INFO - [2025-08-19T03:24:43.079+0000] {dag.py:3096} INFO - Sync 2 DAGs
[2025-08-19T03:24:43.094+0000] {logging_mixin.py:188} INFO - [2025-08-19T03:24:43.093+0000] {dag.py:3954} INFO - Setting next_dagrun for example_xcom_args to None, run_after=None
[2025-08-19T03:24:43.099+0000] {logging_mixin.py:188} INFO - [2025-08-19T03:24:43.099+0000] {dag.py:3954} INFO - Setting next_dagrun for example_xcom_args_with_operators to None, run_after=None
[2025-08-19T03:24:43.140+0000] {processor.py:183} INFO - Processing /home/airflow/.local/lib/python3.12/site-packages/airflow/example_dags/example_xcomargs.py took 0.110 seconds
[2025-08-19T03:25:13.577+0000] {processor.py:161} INFO - Started process (PID=23819) to work on /home/airflow/.local/lib/python3.12/site-packages/airflow/example_dags/example_xcomargs.py
[2025-08-19T03:25:13.580+0000] {processor.py:830} INFO - Processing file /home/airflow/.local/lib/python3.12/site-packages/airflow/example_dags/example_xcomargs.py for tasks to queue
[2025-08-19T03:25:13.581+0000] {logging_mixin.py:188} INFO - [2025-08-19T03:25:13.581+0000] {dagbag.py:545} INFO - Filling up the DagBag from /home/airflow/.local/lib/python3.12/site-packages/airflow/example_dags/example_xcomargs.py
[2025-08-19T03:25:13.592+0000] {processor.py:840} INFO - DAG(s) 'example_xcom_args_with_operators', 'example_xcom_args' retrieved from /home/airflow/.local/lib/python3.12/site-packages/airflow/example_dags/example_xcomargs.py
[2025-08-19T03:25:13.622+0000] {logging_mixin.py:188} INFO - [2025-08-19T03:25:13.622+0000] {dag.py:3096} INFO - Sync 2 DAGs
[2025-08-19T03:25:13.636+0000] {logging_mixin.py:188} INFO - [2025-08-19T03:25:13.636+0000] {dag.py:3954} INFO - Setting next_dagrun for example_xcom_args to None, run_after=None
[2025-08-19T03:25:13.640+0000] {logging_mixin.py:188} INFO - [2025-08-19T03:25:13.640+0000] {dag.py:3954} INFO - Setting next_dagrun for example_xcom_args_with_operators to None, run_after=None
[2025-08-19T03:25:13.671+0000] {processor.py:183} INFO - Processing /home/airflow/.local/lib/python3.12/site-packages/airflow/example_dags/example_xcomargs.py took 0.106 seconds
[2025-08-19T03:25:44.227+0000] {processor.py:161} INFO - Started process (PID=23872) to work on /home/airflow/.local/lib/python3.12/site-packages/airflow/example_dags/example_xcomargs.py
[2025-08-19T03:25:44.229+0000] {processor.py:830} INFO - Processing file /home/airflow/.local/lib/python3.12/site-packages/airflow/example_dags/example_xcomargs.py for tasks to queue
[2025-08-19T03:25:44.231+0000] {logging_mixin.py:188} INFO - [2025-08-19T03:25:44.230+0000] {dagbag.py:545} INFO - Filling up the DagBag from /home/airflow/.local/lib/python3.12/site-packages/airflow/example_dags/example_xcomargs.py
[2025-08-19T03:25:44.241+0000] {processor.py:840} INFO - DAG(s) 'example_xcom_args_with_operators', 'example_xcom_args' retrieved from /home/airflow/.local/lib/python3.12/site-packages/airflow/example_dags/example_xcomargs.py
[2025-08-19T03:25:44.269+0000] {logging_mixin.py:188} INFO - [2025-08-19T03:25:44.269+0000] {dag.py:3096} INFO - Sync 2 DAGs
[2025-08-19T03:25:44.282+0000] {logging_mixin.py:188} INFO - [2025-08-19T03:25:44.282+0000] {dag.py:3954} INFO - Setting next_dagrun for example_xcom_args to None, run_after=None
[2025-08-19T03:25:44.287+0000] {logging_mixin.py:188} INFO - [2025-08-19T03:25:44.287+0000] {dag.py:3954} INFO - Setting next_dagrun for example_xcom_args_with_operators to None, run_after=None
[2025-08-19T03:25:44.318+0000] {processor.py:183} INFO - Processing /home/airflow/.local/lib/python3.12/site-packages/airflow/example_dags/example_xcomargs.py took 0.097 seconds
[2025-08-19T03:26:14.517+0000] {processor.py:161} INFO - Started process (PID=23925) to work on /home/airflow/.local/lib/python3.12/site-packages/airflow/example_dags/example_xcomargs.py
[2025-08-19T03:26:14.519+0000] {processor.py:830} INFO - Processing file /home/airflow/.local/lib/python3.12/site-packages/airflow/example_dags/example_xcomargs.py for tasks to queue
[2025-08-19T03:26:14.520+0000] {logging_mixin.py:188} INFO - [2025-08-19T03:26:14.520+0000] {dagbag.py:545} INFO - Filling up the DagBag from /home/airflow/.local/lib/python3.12/site-packages/airflow/example_dags/example_xcomargs.py
[2025-08-19T03:26:14.529+0000] {processor.py:840} INFO - DAG(s) 'example_xcom_args_with_operators', 'example_xcom_args' retrieved from /home/airflow/.local/lib/python3.12/site-packages/airflow/example_dags/example_xcomargs.py
[2025-08-19T03:26:14.556+0000] {logging_mixin.py:188} INFO - [2025-08-19T03:26:14.556+0000] {dag.py:3096} INFO - Sync 2 DAGs
[2025-08-19T03:26:14.571+0000] {logging_mixin.py:188} INFO - [2025-08-19T03:26:14.571+0000] {dag.py:3954} INFO - Setting next_dagrun for example_xcom_args to None, run_after=None
[2025-08-19T03:26:14.576+0000] {logging_mixin.py:188} INFO - [2025-08-19T03:26:14.576+0000] {dag.py:3954} INFO - Setting next_dagrun for example_xcom_args_with_operators to None, run_after=None
[2025-08-19T03:26:14.628+0000] {processor.py:183} INFO - Processing /home/airflow/.local/lib/python3.12/site-packages/airflow/example_dags/example_xcomargs.py took 0.117 seconds
[2025-08-19T03:26:44.973+0000] {processor.py:161} INFO - Started process (PID=23978) to work on /home/airflow/.local/lib/python3.12/site-packages/airflow/example_dags/example_xcomargs.py
[2025-08-19T03:26:44.974+0000] {processor.py:830} INFO - Processing file /home/airflow/.local/lib/python3.12/site-packages/airflow/example_dags/example_xcomargs.py for tasks to queue
[2025-08-19T03:26:44.975+0000] {logging_mixin.py:188} INFO - [2025-08-19T03:26:44.975+0000] {dagbag.py:545} INFO - Filling up the DagBag from /home/airflow/.local/lib/python3.12/site-packages/airflow/example_dags/example_xcomargs.py
[2025-08-19T03:26:44.988+0000] {processor.py:840} INFO - DAG(s) 'example_xcom_args_with_operators', 'example_xcom_args' retrieved from /home/airflow/.local/lib/python3.12/site-packages/airflow/example_dags/example_xcomargs.py
[2025-08-19T03:26:45.016+0000] {logging_mixin.py:188} INFO - [2025-08-19T03:26:45.016+0000] {dag.py:3096} INFO - Sync 2 DAGs
[2025-08-19T03:26:45.035+0000] {logging_mixin.py:188} INFO - [2025-08-19T03:26:45.035+0000] {dag.py:3954} INFO - Setting next_dagrun for example_xcom_args to None, run_after=None
[2025-08-19T03:26:45.039+0000] {logging_mixin.py:188} INFO - [2025-08-19T03:26:45.039+0000] {dag.py:3954} INFO - Setting next_dagrun for example_xcom_args_with_operators to None, run_after=None
[2025-08-19T03:26:45.065+0000] {processor.py:183} INFO - Processing /home/airflow/.local/lib/python3.12/site-packages/airflow/example_dags/example_xcomargs.py took 0.098 seconds
[2025-08-19T03:27:15.490+0000] {processor.py:161} INFO - Started process (PID=24031) to work on /home/airflow/.local/lib/python3.12/site-packages/airflow/example_dags/example_xcomargs.py
[2025-08-19T03:27:15.492+0000] {processor.py:830} INFO - Processing file /home/airflow/.local/lib/python3.12/site-packages/airflow/example_dags/example_xcomargs.py for tasks to queue
[2025-08-19T03:27:15.493+0000] {logging_mixin.py:188} INFO - [2025-08-19T03:27:15.493+0000] {dagbag.py:545} INFO - Filling up the DagBag from /home/airflow/.local/lib/python3.12/site-packages/airflow/example_dags/example_xcomargs.py
[2025-08-19T03:27:15.502+0000] {processor.py:840} INFO - DAG(s) 'example_xcom_args', 'example_xcom_args_with_operators' retrieved from /home/airflow/.local/lib/python3.12/site-packages/airflow/example_dags/example_xcomargs.py
[2025-08-19T03:27:15.530+0000] {logging_mixin.py:188} INFO - [2025-08-19T03:27:15.530+0000] {dag.py:3096} INFO - Sync 2 DAGs
[2025-08-19T03:27:15.545+0000] {logging_mixin.py:188} INFO - [2025-08-19T03:27:15.544+0000] {dag.py:3954} INFO - Setting next_dagrun for example_xcom_args to None, run_after=None
[2025-08-19T03:27:15.550+0000] {logging_mixin.py:188} INFO - [2025-08-19T03:27:15.549+0000] {dag.py:3954} INFO - Setting next_dagrun for example_xcom_args_with_operators to None, run_after=None
[2025-08-19T03:27:15.578+0000] {processor.py:183} INFO - Processing /home/airflow/.local/lib/python3.12/site-packages/airflow/example_dags/example_xcomargs.py took 0.094 seconds
[2025-08-19T03:27:45.937+0000] {processor.py:161} INFO - Started process (PID=24084) to work on /home/airflow/.local/lib/python3.12/site-packages/airflow/example_dags/example_xcomargs.py
[2025-08-19T03:27:45.938+0000] {processor.py:830} INFO - Processing file /home/airflow/.local/lib/python3.12/site-packages/airflow/example_dags/example_xcomargs.py for tasks to queue
[2025-08-19T03:27:45.940+0000] {logging_mixin.py:188} INFO - [2025-08-19T03:27:45.939+0000] {dagbag.py:545} INFO - Filling up the DagBag from /home/airflow/.local/lib/python3.12/site-packages/airflow/example_dags/example_xcomargs.py
[2025-08-19T03:27:45.949+0000] {processor.py:840} INFO - DAG(s) 'example_xcom_args', 'example_xcom_args_with_operators' retrieved from /home/airflow/.local/lib/python3.12/site-packages/airflow/example_dags/example_xcomargs.py
[2025-08-19T03:27:45.977+0000] {logging_mixin.py:188} INFO - [2025-08-19T03:27:45.977+0000] {dag.py:3096} INFO - Sync 2 DAGs
[2025-08-19T03:27:45.991+0000] {logging_mixin.py:188} INFO - [2025-08-19T03:27:45.991+0000] {dag.py:3954} INFO - Setting next_dagrun for example_xcom_args to None, run_after=None
[2025-08-19T03:27:45.995+0000] {logging_mixin.py:188} INFO - [2025-08-19T03:27:45.995+0000] {dag.py:3954} INFO - Setting next_dagrun for example_xcom_args_with_operators to None, run_after=None
[2025-08-19T03:27:46.019+0000] {processor.py:183} INFO - Processing /home/airflow/.local/lib/python3.12/site-packages/airflow/example_dags/example_xcomargs.py took 0.088 seconds
[2025-08-19T03:28:16.476+0000] {processor.py:161} INFO - Started process (PID=24137) to work on /home/airflow/.local/lib/python3.12/site-packages/airflow/example_dags/example_xcomargs.py
[2025-08-19T03:28:16.477+0000] {processor.py:830} INFO - Processing file /home/airflow/.local/lib/python3.12/site-packages/airflow/example_dags/example_xcomargs.py for tasks to queue
[2025-08-19T03:28:16.479+0000] {logging_mixin.py:188} INFO - [2025-08-19T03:28:16.479+0000] {dagbag.py:545} INFO - Filling up the DagBag from /home/airflow/.local/lib/python3.12/site-packages/airflow/example_dags/example_xcomargs.py
[2025-08-19T03:28:16.488+0000] {processor.py:840} INFO - DAG(s) 'example_xcom_args', 'example_xcom_args_with_operators' retrieved from /home/airflow/.local/lib/python3.12/site-packages/airflow/example_dags/example_xcomargs.py
[2025-08-19T03:28:16.517+0000] {logging_mixin.py:188} INFO - [2025-08-19T03:28:16.517+0000] {dag.py:3096} INFO - Sync 2 DAGs
[2025-08-19T03:28:16.530+0000] {logging_mixin.py:188} INFO - [2025-08-19T03:28:16.529+0000] {dag.py:3954} INFO - Setting next_dagrun for example_xcom_args to None, run_after=None
[2025-08-19T03:28:16.534+0000] {logging_mixin.py:188} INFO - [2025-08-19T03:28:16.534+0000] {dag.py:3954} INFO - Setting next_dagrun for example_xcom_args_with_operators to None, run_after=None
[2025-08-19T03:28:16.561+0000] {processor.py:183} INFO - Processing /home/airflow/.local/lib/python3.12/site-packages/airflow/example_dags/example_xcomargs.py took 0.092 seconds
[2025-08-19T03:28:46.866+0000] {processor.py:161} INFO - Started process (PID=24190) to work on /home/airflow/.local/lib/python3.12/site-packages/airflow/example_dags/example_xcomargs.py
[2025-08-19T03:28:46.868+0000] {processor.py:830} INFO - Processing file /home/airflow/.local/lib/python3.12/site-packages/airflow/example_dags/example_xcomargs.py for tasks to queue
[2025-08-19T03:28:46.869+0000] {logging_mixin.py:188} INFO - [2025-08-19T03:28:46.868+0000] {dagbag.py:545} INFO - Filling up the DagBag from /home/airflow/.local/lib/python3.12/site-packages/airflow/example_dags/example_xcomargs.py
[2025-08-19T03:28:46.879+0000] {processor.py:840} INFO - DAG(s) 'example_xcom_args_with_operators', 'example_xcom_args' retrieved from /home/airflow/.local/lib/python3.12/site-packages/airflow/example_dags/example_xcomargs.py
[2025-08-19T03:28:46.904+0000] {logging_mixin.py:188} INFO - [2025-08-19T03:28:46.903+0000] {dag.py:3096} INFO - Sync 2 DAGs
[2025-08-19T03:28:46.917+0000] {logging_mixin.py:188} INFO - [2025-08-19T03:28:46.917+0000] {dag.py:3954} INFO - Setting next_dagrun for example_xcom_args to None, run_after=None
[2025-08-19T03:28:46.922+0000] {logging_mixin.py:188} INFO - [2025-08-19T03:28:46.922+0000] {dag.py:3954} INFO - Setting next_dagrun for example_xcom_args_with_operators to None, run_after=None
[2025-08-19T03:28:46.945+0000] {processor.py:183} INFO - Processing /home/airflow/.local/lib/python3.12/site-packages/airflow/example_dags/example_xcomargs.py took 0.087 seconds
[2025-08-19T03:29:17.207+0000] {processor.py:161} INFO - Started process (PID=24243) to work on /home/airflow/.local/lib/python3.12/site-packages/airflow/example_dags/example_xcomargs.py
[2025-08-19T03:29:17.209+0000] {processor.py:830} INFO - Processing file /home/airflow/.local/lib/python3.12/site-packages/airflow/example_dags/example_xcomargs.py for tasks to queue
[2025-08-19T03:29:17.211+0000] {logging_mixin.py:188} INFO - [2025-08-19T03:29:17.211+0000] {dagbag.py:545} INFO - Filling up the DagBag from /home/airflow/.local/lib/python3.12/site-packages/airflow/example_dags/example_xcomargs.py
[2025-08-19T03:29:17.220+0000] {processor.py:840} INFO - DAG(s) 'example_xcom_args_with_operators', 'example_xcom_args' retrieved from /home/airflow/.local/lib/python3.12/site-packages/airflow/example_dags/example_xcomargs.py
[2025-08-19T03:29:17.248+0000] {logging_mixin.py:188} INFO - [2025-08-19T03:29:17.248+0000] {dag.py:3096} INFO - Sync 2 DAGs
[2025-08-19T03:29:17.263+0000] {logging_mixin.py:188} INFO - [2025-08-19T03:29:17.263+0000] {dag.py:3954} INFO - Setting next_dagrun for example_xcom_args to None, run_after=None
[2025-08-19T03:29:17.267+0000] {logging_mixin.py:188} INFO - [2025-08-19T03:29:17.267+0000] {dag.py:3954} INFO - Setting next_dagrun for example_xcom_args_with_operators to None, run_after=None
[2025-08-19T03:29:17.288+0000] {processor.py:183} INFO - Processing /home/airflow/.local/lib/python3.12/site-packages/airflow/example_dags/example_xcomargs.py took 0.087 seconds
[2025-08-19T03:29:47.531+0000] {processor.py:161} INFO - Started process (PID=24296) to work on /home/airflow/.local/lib/python3.12/site-packages/airflow/example_dags/example_xcomargs.py
[2025-08-19T03:29:47.533+0000] {processor.py:830} INFO - Processing file /home/airflow/.local/lib/python3.12/site-packages/airflow/example_dags/example_xcomargs.py for tasks to queue
[2025-08-19T03:29:47.535+0000] {logging_mixin.py:188} INFO - [2025-08-19T03:29:47.534+0000] {dagbag.py:545} INFO - Filling up the DagBag from /home/airflow/.local/lib/python3.12/site-packages/airflow/example_dags/example_xcomargs.py
[2025-08-19T03:29:47.544+0000] {processor.py:840} INFO - DAG(s) 'example_xcom_args', 'example_xcom_args_with_operators' retrieved from /home/airflow/.local/lib/python3.12/site-packages/airflow/example_dags/example_xcomargs.py
[2025-08-19T03:29:47.574+0000] {logging_mixin.py:188} INFO - [2025-08-19T03:29:47.573+0000] {dag.py:3096} INFO - Sync 2 DAGs
[2025-08-19T03:29:47.588+0000] {logging_mixin.py:188} INFO - [2025-08-19T03:29:47.588+0000] {dag.py:3954} INFO - Setting next_dagrun for example_xcom_args to None, run_after=None
[2025-08-19T03:29:47.593+0000] {logging_mixin.py:188} INFO - [2025-08-19T03:29:47.592+0000] {dag.py:3954} INFO - Setting next_dagrun for example_xcom_args_with_operators to None, run_after=None
[2025-08-19T03:29:47.615+0000] {processor.py:183} INFO - Processing /home/airflow/.local/lib/python3.12/site-packages/airflow/example_dags/example_xcomargs.py took 0.090 seconds
[2025-08-19T03:30:18.064+0000] {processor.py:161} INFO - Started process (PID=24349) to work on /home/airflow/.local/lib/python3.12/site-packages/airflow/example_dags/example_xcomargs.py
[2025-08-19T03:30:18.065+0000] {processor.py:830} INFO - Processing file /home/airflow/.local/lib/python3.12/site-packages/airflow/example_dags/example_xcomargs.py for tasks to queue
[2025-08-19T03:30:18.066+0000] {logging_mixin.py:188} INFO - [2025-08-19T03:30:18.066+0000] {dagbag.py:545} INFO - Filling up the DagBag from /home/airflow/.local/lib/python3.12/site-packages/airflow/example_dags/example_xcomargs.py
[2025-08-19T03:30:18.076+0000] {processor.py:840} INFO - DAG(s) 'example_xcom_args_with_operators', 'example_xcom_args' retrieved from /home/airflow/.local/lib/python3.12/site-packages/airflow/example_dags/example_xcomargs.py
[2025-08-19T03:30:18.105+0000] {logging_mixin.py:188} INFO - [2025-08-19T03:30:18.104+0000] {dag.py:3096} INFO - Sync 2 DAGs
[2025-08-19T03:30:18.120+0000] {logging_mixin.py:188} INFO - [2025-08-19T03:30:18.120+0000] {dag.py:3954} INFO - Setting next_dagrun for example_xcom_args to None, run_after=None
[2025-08-19T03:30:18.125+0000] {logging_mixin.py:188} INFO - [2025-08-19T03:30:18.124+0000] {dag.py:3954} INFO - Setting next_dagrun for example_xcom_args_with_operators to None, run_after=None
[2025-08-19T03:30:18.148+0000] {processor.py:183} INFO - Processing /home/airflow/.local/lib/python3.12/site-packages/airflow/example_dags/example_xcomargs.py took 0.090 seconds
[2025-08-19T03:30:48.623+0000] {processor.py:161} INFO - Started process (PID=24402) to work on /home/airflow/.local/lib/python3.12/site-packages/airflow/example_dags/example_xcomargs.py
[2025-08-19T03:30:48.625+0000] {processor.py:830} INFO - Processing file /home/airflow/.local/lib/python3.12/site-packages/airflow/example_dags/example_xcomargs.py for tasks to queue
[2025-08-19T03:30:48.627+0000] {logging_mixin.py:188} INFO - [2025-08-19T03:30:48.627+0000] {dagbag.py:545} INFO - Filling up the DagBag from /home/airflow/.local/lib/python3.12/site-packages/airflow/example_dags/example_xcomargs.py
[2025-08-19T03:30:48.647+0000] {processor.py:840} INFO - DAG(s) 'example_xcom_args_with_operators', 'example_xcom_args' retrieved from /home/airflow/.local/lib/python3.12/site-packages/airflow/example_dags/example_xcomargs.py
[2025-08-19T03:30:48.684+0000] {logging_mixin.py:188} INFO - [2025-08-19T03:30:48.684+0000] {dag.py:3096} INFO - Sync 2 DAGs
[2025-08-19T03:30:48.700+0000] {logging_mixin.py:188} INFO - [2025-08-19T03:30:48.699+0000] {dag.py:3954} INFO - Setting next_dagrun for example_xcom_args to None, run_after=None
[2025-08-19T03:30:48.705+0000] {logging_mixin.py:188} INFO - [2025-08-19T03:30:48.704+0000] {dag.py:3954} INFO - Setting next_dagrun for example_xcom_args_with_operators to None, run_after=None
[2025-08-19T03:30:48.738+0000] {processor.py:183} INFO - Processing /home/airflow/.local/lib/python3.12/site-packages/airflow/example_dags/example_xcomargs.py took 0.122 seconds
[2025-08-19T03:31:19.219+0000] {processor.py:161} INFO - Started process (PID=24455) to work on /home/airflow/.local/lib/python3.12/site-packages/airflow/example_dags/example_xcomargs.py
[2025-08-19T03:31:19.222+0000] {processor.py:830} INFO - Processing file /home/airflow/.local/lib/python3.12/site-packages/airflow/example_dags/example_xcomargs.py for tasks to queue
[2025-08-19T03:31:19.224+0000] {logging_mixin.py:188} INFO - [2025-08-19T03:31:19.223+0000] {dagbag.py:545} INFO - Filling up the DagBag from /home/airflow/.local/lib/python3.12/site-packages/airflow/example_dags/example_xcomargs.py
[2025-08-19T03:31:19.245+0000] {processor.py:840} INFO - DAG(s) 'example_xcom_args_with_operators', 'example_xcom_args' retrieved from /home/airflow/.local/lib/python3.12/site-packages/airflow/example_dags/example_xcomargs.py
[2025-08-19T03:31:19.290+0000] {logging_mixin.py:188} INFO - [2025-08-19T03:31:19.290+0000] {dag.py:3096} INFO - Sync 2 DAGs
[2025-08-19T03:31:19.307+0000] {logging_mixin.py:188} INFO - [2025-08-19T03:31:19.306+0000] {dag.py:3954} INFO - Setting next_dagrun for example_xcom_args to None, run_after=None
[2025-08-19T03:31:19.312+0000] {logging_mixin.py:188} INFO - [2025-08-19T03:31:19.312+0000] {dag.py:3954} INFO - Setting next_dagrun for example_xcom_args_with_operators to None, run_after=None
[2025-08-19T03:31:19.343+0000] {processor.py:183} INFO - Processing /home/airflow/.local/lib/python3.12/site-packages/airflow/example_dags/example_xcomargs.py took 0.133 seconds
[2025-08-19T03:31:49.673+0000] {processor.py:161} INFO - Started process (PID=24508) to work on /home/airflow/.local/lib/python3.12/site-packages/airflow/example_dags/example_xcomargs.py
[2025-08-19T03:31:49.675+0000] {processor.py:830} INFO - Processing file /home/airflow/.local/lib/python3.12/site-packages/airflow/example_dags/example_xcomargs.py for tasks to queue
[2025-08-19T03:31:49.678+0000] {logging_mixin.py:188} INFO - [2025-08-19T03:31:49.677+0000] {dagbag.py:545} INFO - Filling up the DagBag from /home/airflow/.local/lib/python3.12/site-packages/airflow/example_dags/example_xcomargs.py
[2025-08-19T03:31:49.691+0000] {processor.py:840} INFO - DAG(s) 'example_xcom_args_with_operators', 'example_xcom_args' retrieved from /home/airflow/.local/lib/python3.12/site-packages/airflow/example_dags/example_xcomargs.py
[2025-08-19T03:31:49.727+0000] {logging_mixin.py:188} INFO - [2025-08-19T03:31:49.727+0000] {dag.py:3096} INFO - Sync 2 DAGs
[2025-08-19T03:31:49.742+0000] {logging_mixin.py:188} INFO - [2025-08-19T03:31:49.742+0000] {dag.py:3954} INFO - Setting next_dagrun for example_xcom_args to None, run_after=None
[2025-08-19T03:31:49.748+0000] {logging_mixin.py:188} INFO - [2025-08-19T03:31:49.748+0000] {dag.py:3954} INFO - Setting next_dagrun for example_xcom_args_with_operators to None, run_after=None
[2025-08-19T03:31:49.771+0000] {processor.py:183} INFO - Processing /home/airflow/.local/lib/python3.12/site-packages/airflow/example_dags/example_xcomargs.py took 0.104 seconds
[2025-08-19T03:32:19.896+0000] {processor.py:161} INFO - Started process (PID=24561) to work on /home/airflow/.local/lib/python3.12/site-packages/airflow/example_dags/example_xcomargs.py
[2025-08-19T03:32:19.899+0000] {processor.py:830} INFO - Processing file /home/airflow/.local/lib/python3.12/site-packages/airflow/example_dags/example_xcomargs.py for tasks to queue
[2025-08-19T03:32:19.901+0000] {logging_mixin.py:188} INFO - [2025-08-19T03:32:19.901+0000] {dagbag.py:545} INFO - Filling up the DagBag from /home/airflow/.local/lib/python3.12/site-packages/airflow/example_dags/example_xcomargs.py
[2025-08-19T03:32:19.920+0000] {processor.py:840} INFO - DAG(s) 'example_xcom_args', 'example_xcom_args_with_operators' retrieved from /home/airflow/.local/lib/python3.12/site-packages/airflow/example_dags/example_xcomargs.py
[2025-08-19T03:32:19.950+0000] {logging_mixin.py:188} INFO - [2025-08-19T03:32:19.949+0000] {dag.py:3096} INFO - Sync 2 DAGs
[2025-08-19T03:32:19.964+0000] {logging_mixin.py:188} INFO - [2025-08-19T03:32:19.963+0000] {dag.py:3954} INFO - Setting next_dagrun for example_xcom_args to None, run_after=None
[2025-08-19T03:32:19.968+0000] {logging_mixin.py:188} INFO - [2025-08-19T03:32:19.968+0000] {dag.py:3954} INFO - Setting next_dagrun for example_xcom_args_with_operators to None, run_after=None
[2025-08-19T03:32:19.992+0000] {processor.py:183} INFO - Processing /home/airflow/.local/lib/python3.12/site-packages/airflow/example_dags/example_xcomargs.py took 0.107 seconds
[2025-08-19T03:32:50.090+0000] {processor.py:161} INFO - Started process (PID=24614) to work on /home/airflow/.local/lib/python3.12/site-packages/airflow/example_dags/example_xcomargs.py
[2025-08-19T03:32:50.092+0000] {processor.py:830} INFO - Processing file /home/airflow/.local/lib/python3.12/site-packages/airflow/example_dags/example_xcomargs.py for tasks to queue
[2025-08-19T03:32:50.094+0000] {logging_mixin.py:188} INFO - [2025-08-19T03:32:50.093+0000] {dagbag.py:545} INFO - Filling up the DagBag from /home/airflow/.local/lib/python3.12/site-packages/airflow/example_dags/example_xcomargs.py
[2025-08-19T03:32:50.107+0000] {processor.py:840} INFO - DAG(s) 'example_xcom_args', 'example_xcom_args_with_operators' retrieved from /home/airflow/.local/lib/python3.12/site-packages/airflow/example_dags/example_xcomargs.py
[2025-08-19T03:32:50.138+0000] {logging_mixin.py:188} INFO - [2025-08-19T03:32:50.138+0000] {dag.py:3096} INFO - Sync 2 DAGs
[2025-08-19T03:32:50.155+0000] {logging_mixin.py:188} INFO - [2025-08-19T03:32:50.155+0000] {dag.py:3954} INFO - Setting next_dagrun for example_xcom_args to None, run_after=None
[2025-08-19T03:32:50.160+0000] {logging_mixin.py:188} INFO - [2025-08-19T03:32:50.160+0000] {dag.py:3954} INFO - Setting next_dagrun for example_xcom_args_with_operators to None, run_after=None
[2025-08-19T03:32:50.190+0000] {processor.py:183} INFO - Processing /home/airflow/.local/lib/python3.12/site-packages/airflow/example_dags/example_xcomargs.py took 0.106 seconds
[2025-08-19T03:33:20.600+0000] {processor.py:161} INFO - Started process (PID=24667) to work on /home/airflow/.local/lib/python3.12/site-packages/airflow/example_dags/example_xcomargs.py
[2025-08-19T03:33:20.602+0000] {processor.py:830} INFO - Processing file /home/airflow/.local/lib/python3.12/site-packages/airflow/example_dags/example_xcomargs.py for tasks to queue
[2025-08-19T03:33:20.605+0000] {logging_mixin.py:188} INFO - [2025-08-19T03:33:20.604+0000] {dagbag.py:545} INFO - Filling up the DagBag from /home/airflow/.local/lib/python3.12/site-packages/airflow/example_dags/example_xcomargs.py
[2025-08-19T03:33:20.632+0000] {processor.py:840} INFO - DAG(s) 'example_xcom_args', 'example_xcom_args_with_operators' retrieved from /home/airflow/.local/lib/python3.12/site-packages/airflow/example_dags/example_xcomargs.py
[2025-08-19T03:33:20.693+0000] {logging_mixin.py:188} INFO - [2025-08-19T03:33:20.691+0000] {dag.py:3096} INFO - Sync 2 DAGs
[2025-08-19T03:33:20.729+0000] {logging_mixin.py:188} INFO - [2025-08-19T03:33:20.728+0000] {dag.py:3954} INFO - Setting next_dagrun for example_xcom_args to None, run_after=None
[2025-08-19T03:33:20.739+0000] {logging_mixin.py:188} INFO - [2025-08-19T03:33:20.739+0000] {dag.py:3954} INFO - Setting next_dagrun for example_xcom_args_with_operators to None, run_after=None
[2025-08-19T03:33:20.792+0000] {processor.py:183} INFO - Processing /home/airflow/.local/lib/python3.12/site-packages/airflow/example_dags/example_xcomargs.py took 0.203 seconds
[2025-08-19T03:33:51.022+0000] {processor.py:161} INFO - Started process (PID=24720) to work on /home/airflow/.local/lib/python3.12/site-packages/airflow/example_dags/example_xcomargs.py
[2025-08-19T03:33:51.024+0000] {processor.py:830} INFO - Processing file /home/airflow/.local/lib/python3.12/site-packages/airflow/example_dags/example_xcomargs.py for tasks to queue
[2025-08-19T03:33:51.026+0000] {logging_mixin.py:188} INFO - [2025-08-19T03:33:51.025+0000] {dagbag.py:545} INFO - Filling up the DagBag from /home/airflow/.local/lib/python3.12/site-packages/airflow/example_dags/example_xcomargs.py
[2025-08-19T03:33:51.036+0000] {processor.py:840} INFO - DAG(s) 'example_xcom_args', 'example_xcom_args_with_operators' retrieved from /home/airflow/.local/lib/python3.12/site-packages/airflow/example_dags/example_xcomargs.py
[2025-08-19T03:33:51.067+0000] {logging_mixin.py:188} INFO - [2025-08-19T03:33:51.067+0000] {dag.py:3096} INFO - Sync 2 DAGs
[2025-08-19T03:33:51.083+0000] {logging_mixin.py:188} INFO - [2025-08-19T03:33:51.083+0000] {dag.py:3954} INFO - Setting next_dagrun for example_xcom_args to None, run_after=None
[2025-08-19T03:33:51.089+0000] {logging_mixin.py:188} INFO - [2025-08-19T03:33:51.089+0000] {dag.py:3954} INFO - Setting next_dagrun for example_xcom_args_with_operators to None, run_after=None
[2025-08-19T03:33:51.133+0000] {processor.py:183} INFO - Processing /home/airflow/.local/lib/python3.12/site-packages/airflow/example_dags/example_xcomargs.py took 0.117 seconds
[2025-08-19T03:34:21.219+0000] {processor.py:161} INFO - Started process (PID=24773) to work on /home/airflow/.local/lib/python3.12/site-packages/airflow/example_dags/example_xcomargs.py
[2025-08-19T03:34:21.220+0000] {processor.py:830} INFO - Processing file /home/airflow/.local/lib/python3.12/site-packages/airflow/example_dags/example_xcomargs.py for tasks to queue
[2025-08-19T03:34:21.222+0000] {logging_mixin.py:188} INFO - [2025-08-19T03:34:21.221+0000] {dagbag.py:545} INFO - Filling up the DagBag from /home/airflow/.local/lib/python3.12/site-packages/airflow/example_dags/example_xcomargs.py
[2025-08-19T03:34:21.233+0000] {processor.py:840} INFO - DAG(s) 'example_xcom_args', 'example_xcom_args_with_operators' retrieved from /home/airflow/.local/lib/python3.12/site-packages/airflow/example_dags/example_xcomargs.py
[2025-08-19T03:34:21.265+0000] {logging_mixin.py:188} INFO - [2025-08-19T03:34:21.265+0000] {dag.py:3096} INFO - Sync 2 DAGs
[2025-08-19T03:34:21.284+0000] {logging_mixin.py:188} INFO - [2025-08-19T03:34:21.284+0000] {dag.py:3954} INFO - Setting next_dagrun for example_xcom_args to None, run_after=None
[2025-08-19T03:34:21.288+0000] {logging_mixin.py:188} INFO - [2025-08-19T03:34:21.288+0000] {dag.py:3954} INFO - Setting next_dagrun for example_xcom_args_with_operators to None, run_after=None
[2025-08-19T03:34:21.331+0000] {processor.py:183} INFO - Processing /home/airflow/.local/lib/python3.12/site-packages/airflow/example_dags/example_xcomargs.py took 0.121 seconds
[2025-08-19T03:34:51.699+0000] {processor.py:161} INFO - Started process (PID=24826) to work on /home/airflow/.local/lib/python3.12/site-packages/airflow/example_dags/example_xcomargs.py
[2025-08-19T03:34:51.701+0000] {processor.py:830} INFO - Processing file /home/airflow/.local/lib/python3.12/site-packages/airflow/example_dags/example_xcomargs.py for tasks to queue
[2025-08-19T03:34:51.703+0000] {logging_mixin.py:188} INFO - [2025-08-19T03:34:51.703+0000] {dagbag.py:545} INFO - Filling up the DagBag from /home/airflow/.local/lib/python3.12/site-packages/airflow/example_dags/example_xcomargs.py
[2025-08-19T03:34:51.714+0000] {processor.py:840} INFO - DAG(s) 'example_xcom_args', 'example_xcom_args_with_operators' retrieved from /home/airflow/.local/lib/python3.12/site-packages/airflow/example_dags/example_xcomargs.py
[2025-08-19T03:34:51.744+0000] {logging_mixin.py:188} INFO - [2025-08-19T03:34:51.744+0000] {dag.py:3096} INFO - Sync 2 DAGs
[2025-08-19T03:34:51.758+0000] {logging_mixin.py:188} INFO - [2025-08-19T03:34:51.757+0000] {dag.py:3954} INFO - Setting next_dagrun for example_xcom_args to None, run_after=None
[2025-08-19T03:34:51.762+0000] {logging_mixin.py:188} INFO - [2025-08-19T03:34:51.762+0000] {dag.py:3954} INFO - Setting next_dagrun for example_xcom_args_with_operators to None, run_after=None
[2025-08-19T03:34:51.791+0000] {processor.py:183} INFO - Processing /home/airflow/.local/lib/python3.12/site-packages/airflow/example_dags/example_xcomargs.py took 0.101 seconds
[2025-08-19T03:35:22.115+0000] {processor.py:161} INFO - Started process (PID=24879) to work on /home/airflow/.local/lib/python3.12/site-packages/airflow/example_dags/example_xcomargs.py
[2025-08-19T03:35:22.116+0000] {processor.py:830} INFO - Processing file /home/airflow/.local/lib/python3.12/site-packages/airflow/example_dags/example_xcomargs.py for tasks to queue
[2025-08-19T03:35:22.118+0000] {logging_mixin.py:188} INFO - [2025-08-19T03:35:22.118+0000] {dagbag.py:545} INFO - Filling up the DagBag from /home/airflow/.local/lib/python3.12/site-packages/airflow/example_dags/example_xcomargs.py
[2025-08-19T03:35:22.137+0000] {processor.py:840} INFO - DAG(s) 'example_xcom_args', 'example_xcom_args_with_operators' retrieved from /home/airflow/.local/lib/python3.12/site-packages/airflow/example_dags/example_xcomargs.py
[2025-08-19T03:35:22.180+0000] {logging_mixin.py:188} INFO - [2025-08-19T03:35:22.180+0000] {dag.py:3096} INFO - Sync 2 DAGs
[2025-08-19T03:35:22.202+0000] {logging_mixin.py:188} INFO - [2025-08-19T03:35:22.201+0000] {dag.py:3954} INFO - Setting next_dagrun for example_xcom_args to None, run_after=None
[2025-08-19T03:35:22.211+0000] {logging_mixin.py:188} INFO - [2025-08-19T03:35:22.210+0000] {dag.py:3954} INFO - Setting next_dagrun for example_xcom_args_with_operators to None, run_after=None
[2025-08-19T03:35:22.241+0000] {processor.py:183} INFO - Processing /home/airflow/.local/lib/python3.12/site-packages/airflow/example_dags/example_xcomargs.py took 0.135 seconds
[2025-08-19T03:35:52.546+0000] {processor.py:161} INFO - Started process (PID=24932) to work on /home/airflow/.local/lib/python3.12/site-packages/airflow/example_dags/example_xcomargs.py
[2025-08-19T03:35:52.548+0000] {processor.py:830} INFO - Processing file /home/airflow/.local/lib/python3.12/site-packages/airflow/example_dags/example_xcomargs.py for tasks to queue
[2025-08-19T03:35:52.549+0000] {logging_mixin.py:188} INFO - [2025-08-19T03:35:52.549+0000] {dagbag.py:545} INFO - Filling up the DagBag from /home/airflow/.local/lib/python3.12/site-packages/airflow/example_dags/example_xcomargs.py
[2025-08-19T03:35:52.560+0000] {processor.py:840} INFO - DAG(s) 'example_xcom_args_with_operators', 'example_xcom_args' retrieved from /home/airflow/.local/lib/python3.12/site-packages/airflow/example_dags/example_xcomargs.py
[2025-08-19T03:35:52.590+0000] {logging_mixin.py:188} INFO - [2025-08-19T03:35:52.589+0000] {dag.py:3096} INFO - Sync 2 DAGs
[2025-08-19T03:35:52.604+0000] {logging_mixin.py:188} INFO - [2025-08-19T03:35:52.604+0000] {dag.py:3954} INFO - Setting next_dagrun for example_xcom_args to None, run_after=None
[2025-08-19T03:35:52.609+0000] {logging_mixin.py:188} INFO - [2025-08-19T03:35:52.609+0000] {dag.py:3954} INFO - Setting next_dagrun for example_xcom_args_with_operators to None, run_after=None
[2025-08-19T03:35:52.630+0000] {processor.py:183} INFO - Processing /home/airflow/.local/lib/python3.12/site-packages/airflow/example_dags/example_xcomargs.py took 0.091 seconds
[2025-08-19T03:36:23.276+0000] {processor.py:161} INFO - Started process (PID=24985) to work on /home/airflow/.local/lib/python3.12/site-packages/airflow/example_dags/example_xcomargs.py
[2025-08-19T03:36:23.278+0000] {processor.py:830} INFO - Processing file /home/airflow/.local/lib/python3.12/site-packages/airflow/example_dags/example_xcomargs.py for tasks to queue
[2025-08-19T03:36:23.279+0000] {logging_mixin.py:188} INFO - [2025-08-19T03:36:23.279+0000] {dagbag.py:545} INFO - Filling up the DagBag from /home/airflow/.local/lib/python3.12/site-packages/airflow/example_dags/example_xcomargs.py
[2025-08-19T03:36:23.296+0000] {processor.py:840} INFO - DAG(s) 'example_xcom_args_with_operators', 'example_xcom_args' retrieved from /home/airflow/.local/lib/python3.12/site-packages/airflow/example_dags/example_xcomargs.py
[2025-08-19T03:36:23.334+0000] {logging_mixin.py:188} INFO - [2025-08-19T03:36:23.334+0000] {dag.py:3096} INFO - Sync 2 DAGs
[2025-08-19T03:36:23.358+0000] {logging_mixin.py:188} INFO - [2025-08-19T03:36:23.358+0000] {dag.py:3954} INFO - Setting next_dagrun for example_xcom_args to None, run_after=None
[2025-08-19T03:36:23.363+0000] {logging_mixin.py:188} INFO - [2025-08-19T03:36:23.362+0000] {dag.py:3954} INFO - Setting next_dagrun for example_xcom_args_with_operators to None, run_after=None
[2025-08-19T03:36:23.389+0000] {processor.py:183} INFO - Processing /home/airflow/.local/lib/python3.12/site-packages/airflow/example_dags/example_xcomargs.py took 0.129 seconds
[2025-08-19T03:36:54.106+0000] {processor.py:161} INFO - Started process (PID=25038) to work on /home/airflow/.local/lib/python3.12/site-packages/airflow/example_dags/example_xcomargs.py
[2025-08-19T03:36:54.107+0000] {processor.py:830} INFO - Processing file /home/airflow/.local/lib/python3.12/site-packages/airflow/example_dags/example_xcomargs.py for tasks to queue
[2025-08-19T03:36:54.108+0000] {logging_mixin.py:188} INFO - [2025-08-19T03:36:54.108+0000] {dagbag.py:545} INFO - Filling up the DagBag from /home/airflow/.local/lib/python3.12/site-packages/airflow/example_dags/example_xcomargs.py
[2025-08-19T03:36:54.118+0000] {processor.py:840} INFO - DAG(s) 'example_xcom_args_with_operators', 'example_xcom_args' retrieved from /home/airflow/.local/lib/python3.12/site-packages/airflow/example_dags/example_xcomargs.py
[2025-08-19T03:36:54.147+0000] {logging_mixin.py:188} INFO - [2025-08-19T03:36:54.147+0000] {dag.py:3096} INFO - Sync 2 DAGs
[2025-08-19T03:36:54.162+0000] {logging_mixin.py:188} INFO - [2025-08-19T03:36:54.162+0000] {dag.py:3954} INFO - Setting next_dagrun for example_xcom_args to None, run_after=None
[2025-08-19T03:36:54.166+0000] {logging_mixin.py:188} INFO - [2025-08-19T03:36:54.166+0000] {dag.py:3954} INFO - Setting next_dagrun for example_xcom_args_with_operators to None, run_after=None
[2025-08-19T03:36:54.195+0000] {processor.py:183} INFO - Processing /home/airflow/.local/lib/python3.12/site-packages/airflow/example_dags/example_xcomargs.py took 0.097 seconds
[2025-08-19T03:37:25.245+0000] {processor.py:161} INFO - Started process (PID=25091) to work on /home/airflow/.local/lib/python3.12/site-packages/airflow/example_dags/example_xcomargs.py
[2025-08-19T03:37:25.246+0000] {processor.py:830} INFO - Processing file /home/airflow/.local/lib/python3.12/site-packages/airflow/example_dags/example_xcomargs.py for tasks to queue
[2025-08-19T03:37:25.247+0000] {logging_mixin.py:188} INFO - [2025-08-19T03:37:25.247+0000] {dagbag.py:545} INFO - Filling up the DagBag from /home/airflow/.local/lib/python3.12/site-packages/airflow/example_dags/example_xcomargs.py
[2025-08-19T03:37:25.256+0000] {processor.py:840} INFO - DAG(s) 'example_xcom_args', 'example_xcom_args_with_operators' retrieved from /home/airflow/.local/lib/python3.12/site-packages/airflow/example_dags/example_xcomargs.py
[2025-08-19T03:37:25.283+0000] {logging_mixin.py:188} INFO - [2025-08-19T03:37:25.283+0000] {dag.py:3096} INFO - Sync 2 DAGs
[2025-08-19T03:37:25.298+0000] {logging_mixin.py:188} INFO - [2025-08-19T03:37:25.297+0000] {dag.py:3954} INFO - Setting next_dagrun for example_xcom_args to None, run_after=None
[2025-08-19T03:37:25.303+0000] {logging_mixin.py:188} INFO - [2025-08-19T03:37:25.303+0000] {dag.py:3954} INFO - Setting next_dagrun for example_xcom_args_with_operators to None, run_after=None
[2025-08-19T03:37:25.329+0000] {processor.py:183} INFO - Processing /home/airflow/.local/lib/python3.12/site-packages/airflow/example_dags/example_xcomargs.py took 0.091 seconds
