[2025-08-19T03:10:04.155+0000] {processor.py:161} INFO - Started process (PID=22246) to work on /home/airflow/.local/lib/python3.12/site-packages/airflow/example_dags/example_sensors.py
[2025-08-19T03:10:04.157+0000] {processor.py:830} INFO - Processing file /home/airflow/.local/lib/python3.12/site-packages/airflow/example_dags/example_sensors.py for tasks to queue
[2025-08-19T03:10:04.161+0000] {logging_mixin.py:188} INFO - [2025-08-19T03:10:04.161+0000] {dagbag.py:545} INFO - Filling up the DagBag from /home/airflow/.local/lib/python3.12/site-packages/airflow/example_dags/example_sensors.py
[2025-08-19T03:10:04.197+0000] {processor.py:840} INFO - DAG(s) 'example_sensors' retrieved from /home/airflow/.local/lib/python3.12/site-packages/airflow/example_dags/example_sensors.py
[2025-08-19T03:10:04.253+0000] {logging_mixin.py:188} INFO - [2025-08-19T03:10:04.252+0000] {dag.py:3096} INFO - Sync 1 DAGs
[2025-08-19T03:10:04.284+0000] {logging_mixin.py:188} INFO - [2025-08-19T03:10:04.284+0000] {dag.py:3954} INFO - Setting next_dagrun for example_sensors to None, run_after=None
[2025-08-19T03:10:04.332+0000] {processor.py:183} INFO - Processing /home/airflow/.local/lib/python3.12/site-packages/airflow/example_dags/example_sensors.py took 0.188 seconds
[2025-08-19T03:10:34.720+0000] {processor.py:161} INFO - Started process (PID=22299) to work on /home/airflow/.local/lib/python3.12/site-packages/airflow/example_dags/example_sensors.py
[2025-08-19T03:10:34.722+0000] {processor.py:830} INFO - Processing file /home/airflow/.local/lib/python3.12/site-packages/airflow/example_dags/example_sensors.py for tasks to queue
[2025-08-19T03:10:34.724+0000] {logging_mixin.py:188} INFO - [2025-08-19T03:10:34.723+0000] {dagbag.py:545} INFO - Filling up the DagBag from /home/airflow/.local/lib/python3.12/site-packages/airflow/example_dags/example_sensors.py
[2025-08-19T03:10:34.736+0000] {processor.py:840} INFO - DAG(s) 'example_sensors' retrieved from /home/airflow/.local/lib/python3.12/site-packages/airflow/example_dags/example_sensors.py
[2025-08-19T03:10:34.778+0000] {logging_mixin.py:188} INFO - [2025-08-19T03:10:34.777+0000] {dag.py:3096} INFO - Sync 1 DAGs
[2025-08-19T03:10:34.804+0000] {logging_mixin.py:188} INFO - [2025-08-19T03:10:34.804+0000] {dag.py:3954} INFO - Setting next_dagrun for example_sensors to None, run_after=None
[2025-08-19T03:10:34.840+0000] {processor.py:183} INFO - Processing /home/airflow/.local/lib/python3.12/site-packages/airflow/example_dags/example_sensors.py took 0.127 seconds
[2025-08-19T03:11:05.448+0000] {processor.py:161} INFO - Started process (PID=22352) to work on /home/airflow/.local/lib/python3.12/site-packages/airflow/example_dags/example_sensors.py
[2025-08-19T03:11:05.450+0000] {processor.py:830} INFO - Processing file /home/airflow/.local/lib/python3.12/site-packages/airflow/example_dags/example_sensors.py for tasks to queue
[2025-08-19T03:11:05.451+0000] {logging_mixin.py:188} INFO - [2025-08-19T03:11:05.451+0000] {dagbag.py:545} INFO - Filling up the DagBag from /home/airflow/.local/lib/python3.12/site-packages/airflow/example_dags/example_sensors.py
[2025-08-19T03:11:05.462+0000] {processor.py:840} INFO - DAG(s) 'example_sensors' retrieved from /home/airflow/.local/lib/python3.12/site-packages/airflow/example_dags/example_sensors.py
[2025-08-19T03:11:05.491+0000] {logging_mixin.py:188} INFO - [2025-08-19T03:11:05.490+0000] {dag.py:3096} INFO - Sync 1 DAGs
[2025-08-19T03:11:05.506+0000] {logging_mixin.py:188} INFO - [2025-08-19T03:11:05.505+0000] {dag.py:3954} INFO - Setting next_dagrun for example_sensors to None, run_after=None
[2025-08-19T03:11:05.546+0000] {processor.py:183} INFO - Processing /home/airflow/.local/lib/python3.12/site-packages/airflow/example_dags/example_sensors.py took 0.104 seconds
[2025-08-19T03:11:35.847+0000] {processor.py:161} INFO - Started process (PID=22405) to work on /home/airflow/.local/lib/python3.12/site-packages/airflow/example_dags/example_sensors.py
[2025-08-19T03:11:35.848+0000] {processor.py:830} INFO - Processing file /home/airflow/.local/lib/python3.12/site-packages/airflow/example_dags/example_sensors.py for tasks to queue
[2025-08-19T03:11:35.849+0000] {logging_mixin.py:188} INFO - [2025-08-19T03:11:35.849+0000] {dagbag.py:545} INFO - Filling up the DagBag from /home/airflow/.local/lib/python3.12/site-packages/airflow/example_dags/example_sensors.py
[2025-08-19T03:11:35.859+0000] {processor.py:840} INFO - DAG(s) 'example_sensors' retrieved from /home/airflow/.local/lib/python3.12/site-packages/airflow/example_dags/example_sensors.py
[2025-08-19T03:11:35.887+0000] {logging_mixin.py:188} INFO - [2025-08-19T03:11:35.886+0000] {dag.py:3096} INFO - Sync 1 DAGs
[2025-08-19T03:11:35.901+0000] {logging_mixin.py:188} INFO - [2025-08-19T03:11:35.901+0000] {dag.py:3954} INFO - Setting next_dagrun for example_sensors to None, run_after=None
[2025-08-19T03:11:35.929+0000] {processor.py:183} INFO - Processing /home/airflow/.local/lib/python3.12/site-packages/airflow/example_dags/example_sensors.py took 0.089 seconds
[2025-08-19T03:12:06.294+0000] {processor.py:161} INFO - Started process (PID=22458) to work on /home/airflow/.local/lib/python3.12/site-packages/airflow/example_dags/example_sensors.py
[2025-08-19T03:12:06.296+0000] {processor.py:830} INFO - Processing file /home/airflow/.local/lib/python3.12/site-packages/airflow/example_dags/example_sensors.py for tasks to queue
[2025-08-19T03:12:06.297+0000] {logging_mixin.py:188} INFO - [2025-08-19T03:12:06.297+0000] {dagbag.py:545} INFO - Filling up the DagBag from /home/airflow/.local/lib/python3.12/site-packages/airflow/example_dags/example_sensors.py
[2025-08-19T03:12:06.307+0000] {processor.py:840} INFO - DAG(s) 'example_sensors' retrieved from /home/airflow/.local/lib/python3.12/site-packages/airflow/example_dags/example_sensors.py
[2025-08-19T03:12:06.335+0000] {logging_mixin.py:188} INFO - [2025-08-19T03:12:06.335+0000] {dag.py:3096} INFO - Sync 1 DAGs
[2025-08-19T03:12:06.351+0000] {logging_mixin.py:188} INFO - [2025-08-19T03:12:06.350+0000] {dag.py:3954} INFO - Setting next_dagrun for example_sensors to None, run_after=None
[2025-08-19T03:12:06.376+0000] {processor.py:183} INFO - Processing /home/airflow/.local/lib/python3.12/site-packages/airflow/example_dags/example_sensors.py took 0.088 seconds
[2025-08-19T03:12:36.968+0000] {processor.py:161} INFO - Started process (PID=22511) to work on /home/airflow/.local/lib/python3.12/site-packages/airflow/example_dags/example_sensors.py
[2025-08-19T03:12:36.969+0000] {processor.py:830} INFO - Processing file /home/airflow/.local/lib/python3.12/site-packages/airflow/example_dags/example_sensors.py for tasks to queue
[2025-08-19T03:12:36.970+0000] {logging_mixin.py:188} INFO - [2025-08-19T03:12:36.970+0000] {dagbag.py:545} INFO - Filling up the DagBag from /home/airflow/.local/lib/python3.12/site-packages/airflow/example_dags/example_sensors.py
[2025-08-19T03:12:36.979+0000] {processor.py:840} INFO - DAG(s) 'example_sensors' retrieved from /home/airflow/.local/lib/python3.12/site-packages/airflow/example_dags/example_sensors.py
[2025-08-19T03:12:37.008+0000] {logging_mixin.py:188} INFO - [2025-08-19T03:12:37.007+0000] {dag.py:3096} INFO - Sync 1 DAGs
[2025-08-19T03:12:37.022+0000] {logging_mixin.py:188} INFO - [2025-08-19T03:12:37.021+0000] {dag.py:3954} INFO - Setting next_dagrun for example_sensors to None, run_after=None
[2025-08-19T03:12:37.048+0000] {processor.py:183} INFO - Processing /home/airflow/.local/lib/python3.12/site-packages/airflow/example_dags/example_sensors.py took 0.087 seconds
[2025-08-19T03:13:07.607+0000] {processor.py:161} INFO - Started process (PID=22564) to work on /home/airflow/.local/lib/python3.12/site-packages/airflow/example_dags/example_sensors.py
[2025-08-19T03:13:07.608+0000] {processor.py:830} INFO - Processing file /home/airflow/.local/lib/python3.12/site-packages/airflow/example_dags/example_sensors.py for tasks to queue
[2025-08-19T03:13:07.610+0000] {logging_mixin.py:188} INFO - [2025-08-19T03:13:07.609+0000] {dagbag.py:545} INFO - Filling up the DagBag from /home/airflow/.local/lib/python3.12/site-packages/airflow/example_dags/example_sensors.py
[2025-08-19T03:13:07.621+0000] {processor.py:840} INFO - DAG(s) 'example_sensors' retrieved from /home/airflow/.local/lib/python3.12/site-packages/airflow/example_dags/example_sensors.py
[2025-08-19T03:13:07.646+0000] {logging_mixin.py:188} INFO - [2025-08-19T03:13:07.646+0000] {dag.py:3096} INFO - Sync 1 DAGs
[2025-08-19T03:13:07.659+0000] {logging_mixin.py:188} INFO - [2025-08-19T03:13:07.658+0000] {dag.py:3954} INFO - Setting next_dagrun for example_sensors to None, run_after=None
[2025-08-19T03:13:07.684+0000] {processor.py:183} INFO - Processing /home/airflow/.local/lib/python3.12/site-packages/airflow/example_dags/example_sensors.py took 0.083 seconds
[2025-08-19T03:13:38.433+0000] {processor.py:161} INFO - Started process (PID=22617) to work on /home/airflow/.local/lib/python3.12/site-packages/airflow/example_dags/example_sensors.py
[2025-08-19T03:13:38.434+0000] {processor.py:830} INFO - Processing file /home/airflow/.local/lib/python3.12/site-packages/airflow/example_dags/example_sensors.py for tasks to queue
[2025-08-19T03:13:38.435+0000] {logging_mixin.py:188} INFO - [2025-08-19T03:13:38.435+0000] {dagbag.py:545} INFO - Filling up the DagBag from /home/airflow/.local/lib/python3.12/site-packages/airflow/example_dags/example_sensors.py
[2025-08-19T03:13:38.445+0000] {processor.py:840} INFO - DAG(s) 'example_sensors' retrieved from /home/airflow/.local/lib/python3.12/site-packages/airflow/example_dags/example_sensors.py
[2025-08-19T03:13:38.477+0000] {logging_mixin.py:188} INFO - [2025-08-19T03:13:38.476+0000] {dag.py:3096} INFO - Sync 1 DAGs
[2025-08-19T03:13:38.495+0000] {logging_mixin.py:188} INFO - [2025-08-19T03:13:38.495+0000] {dag.py:3954} INFO - Setting next_dagrun for example_sensors to None, run_after=None
[2025-08-19T03:13:38.523+0000] {processor.py:183} INFO - Processing /home/airflow/.local/lib/python3.12/site-packages/airflow/example_dags/example_sensors.py took 0.097 seconds
[2025-08-19T03:14:09.263+0000] {processor.py:161} INFO - Started process (PID=22670) to work on /home/airflow/.local/lib/python3.12/site-packages/airflow/example_dags/example_sensors.py
[2025-08-19T03:14:09.264+0000] {processor.py:830} INFO - Processing file /home/airflow/.local/lib/python3.12/site-packages/airflow/example_dags/example_sensors.py for tasks to queue
[2025-08-19T03:14:09.265+0000] {logging_mixin.py:188} INFO - [2025-08-19T03:14:09.265+0000] {dagbag.py:545} INFO - Filling up the DagBag from /home/airflow/.local/lib/python3.12/site-packages/airflow/example_dags/example_sensors.py
[2025-08-19T03:14:09.275+0000] {processor.py:840} INFO - DAG(s) 'example_sensors' retrieved from /home/airflow/.local/lib/python3.12/site-packages/airflow/example_dags/example_sensors.py
[2025-08-19T03:14:09.303+0000] {logging_mixin.py:188} INFO - [2025-08-19T03:14:09.303+0000] {dag.py:3096} INFO - Sync 1 DAGs
[2025-08-19T03:14:09.318+0000] {logging_mixin.py:188} INFO - [2025-08-19T03:14:09.317+0000] {dag.py:3954} INFO - Setting next_dagrun for example_sensors to None, run_after=None
[2025-08-19T03:14:09.340+0000] {processor.py:183} INFO - Processing /home/airflow/.local/lib/python3.12/site-packages/airflow/example_dags/example_sensors.py took 0.084 seconds
[2025-08-19T03:14:40.088+0000] {processor.py:161} INFO - Started process (PID=22723) to work on /home/airflow/.local/lib/python3.12/site-packages/airflow/example_dags/example_sensors.py
[2025-08-19T03:14:40.089+0000] {processor.py:830} INFO - Processing file /home/airflow/.local/lib/python3.12/site-packages/airflow/example_dags/example_sensors.py for tasks to queue
[2025-08-19T03:14:40.091+0000] {logging_mixin.py:188} INFO - [2025-08-19T03:14:40.090+0000] {dagbag.py:545} INFO - Filling up the DagBag from /home/airflow/.local/lib/python3.12/site-packages/airflow/example_dags/example_sensors.py
[2025-08-19T03:14:40.102+0000] {processor.py:840} INFO - DAG(s) 'example_sensors' retrieved from /home/airflow/.local/lib/python3.12/site-packages/airflow/example_dags/example_sensors.py
[2025-08-19T03:14:40.129+0000] {logging_mixin.py:188} INFO - [2025-08-19T03:14:40.129+0000] {dag.py:3096} INFO - Sync 1 DAGs
[2025-08-19T03:14:40.142+0000] {logging_mixin.py:188} INFO - [2025-08-19T03:14:40.142+0000] {dag.py:3954} INFO - Setting next_dagrun for example_sensors to None, run_after=None
[2025-08-19T03:14:40.167+0000] {processor.py:183} INFO - Processing /home/airflow/.local/lib/python3.12/site-packages/airflow/example_dags/example_sensors.py took 0.085 seconds
[2025-08-19T03:15:10.845+0000] {processor.py:161} INFO - Started process (PID=22776) to work on /home/airflow/.local/lib/python3.12/site-packages/airflow/example_dags/example_sensors.py
[2025-08-19T03:15:10.846+0000] {processor.py:830} INFO - Processing file /home/airflow/.local/lib/python3.12/site-packages/airflow/example_dags/example_sensors.py for tasks to queue
[2025-08-19T03:15:10.848+0000] {logging_mixin.py:188} INFO - [2025-08-19T03:15:10.847+0000] {dagbag.py:545} INFO - Filling up the DagBag from /home/airflow/.local/lib/python3.12/site-packages/airflow/example_dags/example_sensors.py
[2025-08-19T03:15:10.857+0000] {processor.py:840} INFO - DAG(s) 'example_sensors' retrieved from /home/airflow/.local/lib/python3.12/site-packages/airflow/example_dags/example_sensors.py
[2025-08-19T03:15:10.884+0000] {logging_mixin.py:188} INFO - [2025-08-19T03:15:10.883+0000] {dag.py:3096} INFO - Sync 1 DAGs
[2025-08-19T03:15:10.896+0000] {logging_mixin.py:188} INFO - [2025-08-19T03:15:10.896+0000] {dag.py:3954} INFO - Setting next_dagrun for example_sensors to None, run_after=None
[2025-08-19T03:15:10.919+0000] {processor.py:183} INFO - Processing /home/airflow/.local/lib/python3.12/site-packages/airflow/example_dags/example_sensors.py took 0.080 seconds
[2025-08-19T03:15:41.721+0000] {processor.py:161} INFO - Started process (PID=22829) to work on /home/airflow/.local/lib/python3.12/site-packages/airflow/example_dags/example_sensors.py
[2025-08-19T03:15:41.723+0000] {processor.py:830} INFO - Processing file /home/airflow/.local/lib/python3.12/site-packages/airflow/example_dags/example_sensors.py for tasks to queue
[2025-08-19T03:15:41.724+0000] {logging_mixin.py:188} INFO - [2025-08-19T03:15:41.724+0000] {dagbag.py:545} INFO - Filling up the DagBag from /home/airflow/.local/lib/python3.12/site-packages/airflow/example_dags/example_sensors.py
[2025-08-19T03:15:41.737+0000] {processor.py:840} INFO - DAG(s) 'example_sensors' retrieved from /home/airflow/.local/lib/python3.12/site-packages/airflow/example_dags/example_sensors.py
[2025-08-19T03:15:41.765+0000] {logging_mixin.py:188} INFO - [2025-08-19T03:15:41.765+0000] {dag.py:3096} INFO - Sync 1 DAGs
[2025-08-19T03:15:41.780+0000] {logging_mixin.py:188} INFO - [2025-08-19T03:15:41.780+0000] {dag.py:3954} INFO - Setting next_dagrun for example_sensors to None, run_after=None
[2025-08-19T03:15:41.803+0000] {processor.py:183} INFO - Processing /home/airflow/.local/lib/python3.12/site-packages/airflow/example_dags/example_sensors.py took 0.089 seconds
[2025-08-19T03:16:12.310+0000] {processor.py:161} INFO - Started process (PID=22882) to work on /home/airflow/.local/lib/python3.12/site-packages/airflow/example_dags/example_sensors.py
[2025-08-19T03:16:12.311+0000] {processor.py:830} INFO - Processing file /home/airflow/.local/lib/python3.12/site-packages/airflow/example_dags/example_sensors.py for tasks to queue
[2025-08-19T03:16:12.313+0000] {logging_mixin.py:188} INFO - [2025-08-19T03:16:12.312+0000] {dagbag.py:545} INFO - Filling up the DagBag from /home/airflow/.local/lib/python3.12/site-packages/airflow/example_dags/example_sensors.py
[2025-08-19T03:16:12.326+0000] {processor.py:840} INFO - DAG(s) 'example_sensors' retrieved from /home/airflow/.local/lib/python3.12/site-packages/airflow/example_dags/example_sensors.py
[2025-08-19T03:16:12.351+0000] {logging_mixin.py:188} INFO - [2025-08-19T03:16:12.351+0000] {dag.py:3096} INFO - Sync 1 DAGs
[2025-08-19T03:16:12.366+0000] {logging_mixin.py:188} INFO - [2025-08-19T03:16:12.365+0000] {dag.py:3954} INFO - Setting next_dagrun for example_sensors to None, run_after=None
[2025-08-19T03:16:12.387+0000] {processor.py:183} INFO - Processing /home/airflow/.local/lib/python3.12/site-packages/airflow/example_dags/example_sensors.py took 0.084 seconds
[2025-08-19T03:16:42.776+0000] {processor.py:161} INFO - Started process (PID=22935) to work on /home/airflow/.local/lib/python3.12/site-packages/airflow/example_dags/example_sensors.py
[2025-08-19T03:16:42.777+0000] {processor.py:830} INFO - Processing file /home/airflow/.local/lib/python3.12/site-packages/airflow/example_dags/example_sensors.py for tasks to queue
[2025-08-19T03:16:42.779+0000] {logging_mixin.py:188} INFO - [2025-08-19T03:16:42.778+0000] {dagbag.py:545} INFO - Filling up the DagBag from /home/airflow/.local/lib/python3.12/site-packages/airflow/example_dags/example_sensors.py
[2025-08-19T03:16:42.788+0000] {processor.py:840} INFO - DAG(s) 'example_sensors' retrieved from /home/airflow/.local/lib/python3.12/site-packages/airflow/example_dags/example_sensors.py
[2025-08-19T03:16:42.815+0000] {logging_mixin.py:188} INFO - [2025-08-19T03:16:42.815+0000] {dag.py:3096} INFO - Sync 1 DAGs
[2025-08-19T03:16:42.830+0000] {logging_mixin.py:188} INFO - [2025-08-19T03:16:42.830+0000] {dag.py:3954} INFO - Setting next_dagrun for example_sensors to None, run_after=None
[2025-08-19T03:16:42.854+0000] {processor.py:183} INFO - Processing /home/airflow/.local/lib/python3.12/site-packages/airflow/example_dags/example_sensors.py took 0.084 seconds
[2025-08-19T03:17:13.016+0000] {processor.py:161} INFO - Started process (PID=22988) to work on /home/airflow/.local/lib/python3.12/site-packages/airflow/example_dags/example_sensors.py
[2025-08-19T03:17:13.017+0000] {processor.py:830} INFO - Processing file /home/airflow/.local/lib/python3.12/site-packages/airflow/example_dags/example_sensors.py for tasks to queue
[2025-08-19T03:17:13.019+0000] {logging_mixin.py:188} INFO - [2025-08-19T03:17:13.018+0000] {dagbag.py:545} INFO - Filling up the DagBag from /home/airflow/.local/lib/python3.12/site-packages/airflow/example_dags/example_sensors.py
[2025-08-19T03:17:13.028+0000] {processor.py:840} INFO - DAG(s) 'example_sensors' retrieved from /home/airflow/.local/lib/python3.12/site-packages/airflow/example_dags/example_sensors.py
[2025-08-19T03:17:13.054+0000] {logging_mixin.py:188} INFO - [2025-08-19T03:17:13.054+0000] {dag.py:3096} INFO - Sync 1 DAGs
[2025-08-19T03:17:13.068+0000] {logging_mixin.py:188} INFO - [2025-08-19T03:17:13.068+0000] {dag.py:3954} INFO - Setting next_dagrun for example_sensors to None, run_after=None
[2025-08-19T03:17:13.092+0000] {processor.py:183} INFO - Processing /home/airflow/.local/lib/python3.12/site-packages/airflow/example_dags/example_sensors.py took 0.084 seconds
[2025-08-19T03:17:43.905+0000] {processor.py:161} INFO - Started process (PID=23041) to work on /home/airflow/.local/lib/python3.12/site-packages/airflow/example_dags/example_sensors.py
[2025-08-19T03:17:43.906+0000] {processor.py:830} INFO - Processing file /home/airflow/.local/lib/python3.12/site-packages/airflow/example_dags/example_sensors.py for tasks to queue
[2025-08-19T03:17:43.907+0000] {logging_mixin.py:188} INFO - [2025-08-19T03:17:43.907+0000] {dagbag.py:545} INFO - Filling up the DagBag from /home/airflow/.local/lib/python3.12/site-packages/airflow/example_dags/example_sensors.py
[2025-08-19T03:17:43.917+0000] {processor.py:840} INFO - DAG(s) 'example_sensors' retrieved from /home/airflow/.local/lib/python3.12/site-packages/airflow/example_dags/example_sensors.py
[2025-08-19T03:17:43.942+0000] {logging_mixin.py:188} INFO - [2025-08-19T03:17:43.942+0000] {dag.py:3096} INFO - Sync 1 DAGs
[2025-08-19T03:17:43.955+0000] {logging_mixin.py:188} INFO - [2025-08-19T03:17:43.955+0000] {dag.py:3954} INFO - Setting next_dagrun for example_sensors to None, run_after=None
[2025-08-19T03:17:43.984+0000] {processor.py:183} INFO - Processing /home/airflow/.local/lib/python3.12/site-packages/airflow/example_dags/example_sensors.py took 0.086 seconds
[2025-08-19T03:18:14.165+0000] {processor.py:161} INFO - Started process (PID=23094) to work on /home/airflow/.local/lib/python3.12/site-packages/airflow/example_dags/example_sensors.py
[2025-08-19T03:18:14.167+0000] {processor.py:830} INFO - Processing file /home/airflow/.local/lib/python3.12/site-packages/airflow/example_dags/example_sensors.py for tasks to queue
[2025-08-19T03:18:14.168+0000] {logging_mixin.py:188} INFO - [2025-08-19T03:18:14.168+0000] {dagbag.py:545} INFO - Filling up the DagBag from /home/airflow/.local/lib/python3.12/site-packages/airflow/example_dags/example_sensors.py
[2025-08-19T03:18:14.178+0000] {processor.py:840} INFO - DAG(s) 'example_sensors' retrieved from /home/airflow/.local/lib/python3.12/site-packages/airflow/example_dags/example_sensors.py
[2025-08-19T03:18:14.206+0000] {logging_mixin.py:188} INFO - [2025-08-19T03:18:14.206+0000] {dag.py:3096} INFO - Sync 1 DAGs
[2025-08-19T03:18:14.222+0000] {logging_mixin.py:188} INFO - [2025-08-19T03:18:14.222+0000] {dag.py:3954} INFO - Setting next_dagrun for example_sensors to None, run_after=None
[2025-08-19T03:18:14.247+0000] {processor.py:183} INFO - Processing /home/airflow/.local/lib/python3.12/site-packages/airflow/example_dags/example_sensors.py took 0.088 seconds
[2025-08-19T03:18:44.411+0000] {processor.py:161} INFO - Started process (PID=23147) to work on /home/airflow/.local/lib/python3.12/site-packages/airflow/example_dags/example_sensors.py
[2025-08-19T03:18:44.412+0000] {processor.py:830} INFO - Processing file /home/airflow/.local/lib/python3.12/site-packages/airflow/example_dags/example_sensors.py for tasks to queue
[2025-08-19T03:18:44.414+0000] {logging_mixin.py:188} INFO - [2025-08-19T03:18:44.413+0000] {dagbag.py:545} INFO - Filling up the DagBag from /home/airflow/.local/lib/python3.12/site-packages/airflow/example_dags/example_sensors.py
[2025-08-19T03:18:44.426+0000] {processor.py:840} INFO - DAG(s) 'example_sensors' retrieved from /home/airflow/.local/lib/python3.12/site-packages/airflow/example_dags/example_sensors.py
[2025-08-19T03:18:44.455+0000] {logging_mixin.py:188} INFO - [2025-08-19T03:18:44.454+0000] {dag.py:3096} INFO - Sync 1 DAGs
[2025-08-19T03:18:44.468+0000] {logging_mixin.py:188} INFO - [2025-08-19T03:18:44.468+0000] {dag.py:3954} INFO - Setting next_dagrun for example_sensors to None, run_after=None
[2025-08-19T03:18:44.496+0000] {processor.py:183} INFO - Processing /home/airflow/.local/lib/python3.12/site-packages/airflow/example_dags/example_sensors.py took 0.091 seconds
[2025-08-19T03:19:14.560+0000] {processor.py:161} INFO - Started process (PID=23199) to work on /home/airflow/.local/lib/python3.12/site-packages/airflow/example_dags/example_sensors.py
[2025-08-19T03:19:14.561+0000] {processor.py:830} INFO - Processing file /home/airflow/.local/lib/python3.12/site-packages/airflow/example_dags/example_sensors.py for tasks to queue
[2025-08-19T03:19:14.562+0000] {logging_mixin.py:188} INFO - [2025-08-19T03:19:14.562+0000] {dagbag.py:545} INFO - Filling up the DagBag from /home/airflow/.local/lib/python3.12/site-packages/airflow/example_dags/example_sensors.py
[2025-08-19T03:19:14.572+0000] {processor.py:840} INFO - DAG(s) 'example_sensors' retrieved from /home/airflow/.local/lib/python3.12/site-packages/airflow/example_dags/example_sensors.py
[2025-08-19T03:19:14.599+0000] {logging_mixin.py:188} INFO - [2025-08-19T03:19:14.599+0000] {dag.py:3096} INFO - Sync 1 DAGs
[2025-08-19T03:19:14.612+0000] {logging_mixin.py:188} INFO - [2025-08-19T03:19:14.612+0000] {dag.py:3954} INFO - Setting next_dagrun for example_sensors to None, run_after=None
[2025-08-19T03:19:14.633+0000] {processor.py:183} INFO - Processing /home/airflow/.local/lib/python3.12/site-packages/airflow/example_dags/example_sensors.py took 0.080 seconds
[2025-08-19T03:19:45.258+0000] {processor.py:161} INFO - Started process (PID=23252) to work on /home/airflow/.local/lib/python3.12/site-packages/airflow/example_dags/example_sensors.py
[2025-08-19T03:19:45.260+0000] {processor.py:830} INFO - Processing file /home/airflow/.local/lib/python3.12/site-packages/airflow/example_dags/example_sensors.py for tasks to queue
[2025-08-19T03:19:45.261+0000] {logging_mixin.py:188} INFO - [2025-08-19T03:19:45.261+0000] {dagbag.py:545} INFO - Filling up the DagBag from /home/airflow/.local/lib/python3.12/site-packages/airflow/example_dags/example_sensors.py
[2025-08-19T03:19:45.271+0000] {processor.py:840} INFO - DAG(s) 'example_sensors' retrieved from /home/airflow/.local/lib/python3.12/site-packages/airflow/example_dags/example_sensors.py
[2025-08-19T03:19:45.300+0000] {logging_mixin.py:188} INFO - [2025-08-19T03:19:45.300+0000] {dag.py:3096} INFO - Sync 1 DAGs
[2025-08-19T03:19:45.312+0000] {logging_mixin.py:188} INFO - [2025-08-19T03:19:45.312+0000] {dag.py:3954} INFO - Setting next_dagrun for example_sensors to None, run_after=None
[2025-08-19T03:19:45.338+0000] {processor.py:183} INFO - Processing /home/airflow/.local/lib/python3.12/site-packages/airflow/example_dags/example_sensors.py took 0.085 seconds
[2025-08-19T03:20:15.753+0000] {processor.py:161} INFO - Started process (PID=23305) to work on /home/airflow/.local/lib/python3.12/site-packages/airflow/example_dags/example_sensors.py
[2025-08-19T03:20:15.754+0000] {processor.py:830} INFO - Processing file /home/airflow/.local/lib/python3.12/site-packages/airflow/example_dags/example_sensors.py for tasks to queue
[2025-08-19T03:20:15.755+0000] {logging_mixin.py:188} INFO - [2025-08-19T03:20:15.755+0000] {dagbag.py:545} INFO - Filling up the DagBag from /home/airflow/.local/lib/python3.12/site-packages/airflow/example_dags/example_sensors.py
[2025-08-19T03:20:15.769+0000] {processor.py:840} INFO - DAG(s) 'example_sensors' retrieved from /home/airflow/.local/lib/python3.12/site-packages/airflow/example_dags/example_sensors.py
[2025-08-19T03:20:15.798+0000] {logging_mixin.py:188} INFO - [2025-08-19T03:20:15.797+0000] {dag.py:3096} INFO - Sync 1 DAGs
[2025-08-19T03:20:15.813+0000] {logging_mixin.py:188} INFO - [2025-08-19T03:20:15.813+0000] {dag.py:3954} INFO - Setting next_dagrun for example_sensors to None, run_after=None
[2025-08-19T03:20:15.841+0000] {processor.py:183} INFO - Processing /home/airflow/.local/lib/python3.12/site-packages/airflow/example_dags/example_sensors.py took 0.097 seconds
[2025-08-19T03:20:45.940+0000] {processor.py:161} INFO - Started process (PID=23358) to work on /home/airflow/.local/lib/python3.12/site-packages/airflow/example_dags/example_sensors.py
[2025-08-19T03:20:45.942+0000] {processor.py:830} INFO - Processing file /home/airflow/.local/lib/python3.12/site-packages/airflow/example_dags/example_sensors.py for tasks to queue
[2025-08-19T03:20:45.943+0000] {logging_mixin.py:188} INFO - [2025-08-19T03:20:45.943+0000] {dagbag.py:545} INFO - Filling up the DagBag from /home/airflow/.local/lib/python3.12/site-packages/airflow/example_dags/example_sensors.py
[2025-08-19T03:20:45.954+0000] {processor.py:840} INFO - DAG(s) 'example_sensors' retrieved from /home/airflow/.local/lib/python3.12/site-packages/airflow/example_dags/example_sensors.py
[2025-08-19T03:20:45.981+0000] {logging_mixin.py:188} INFO - [2025-08-19T03:20:45.981+0000] {dag.py:3096} INFO - Sync 1 DAGs
[2025-08-19T03:20:45.995+0000] {logging_mixin.py:188} INFO - [2025-08-19T03:20:45.994+0000] {dag.py:3954} INFO - Setting next_dagrun for example_sensors to None, run_after=None
[2025-08-19T03:20:46.024+0000] {processor.py:183} INFO - Processing /home/airflow/.local/lib/python3.12/site-packages/airflow/example_dags/example_sensors.py took 0.090 seconds
[2025-08-19T03:21:16.117+0000] {processor.py:161} INFO - Started process (PID=23411) to work on /home/airflow/.local/lib/python3.12/site-packages/airflow/example_dags/example_sensors.py
[2025-08-19T03:21:16.119+0000] {processor.py:830} INFO - Processing file /home/airflow/.local/lib/python3.12/site-packages/airflow/example_dags/example_sensors.py for tasks to queue
[2025-08-19T03:21:16.120+0000] {logging_mixin.py:188} INFO - [2025-08-19T03:21:16.119+0000] {dagbag.py:545} INFO - Filling up the DagBag from /home/airflow/.local/lib/python3.12/site-packages/airflow/example_dags/example_sensors.py
[2025-08-19T03:21:16.130+0000] {processor.py:840} INFO - DAG(s) 'example_sensors' retrieved from /home/airflow/.local/lib/python3.12/site-packages/airflow/example_dags/example_sensors.py
[2025-08-19T03:21:16.156+0000] {logging_mixin.py:188} INFO - [2025-08-19T03:21:16.156+0000] {dag.py:3096} INFO - Sync 1 DAGs
[2025-08-19T03:21:16.168+0000] {logging_mixin.py:188} INFO - [2025-08-19T03:21:16.168+0000] {dag.py:3954} INFO - Setting next_dagrun for example_sensors to None, run_after=None
[2025-08-19T03:21:16.190+0000] {processor.py:183} INFO - Processing /home/airflow/.local/lib/python3.12/site-packages/airflow/example_dags/example_sensors.py took 0.078 seconds
[2025-08-19T03:21:46.885+0000] {processor.py:161} INFO - Started process (PID=23464) to work on /home/airflow/.local/lib/python3.12/site-packages/airflow/example_dags/example_sensors.py
[2025-08-19T03:21:46.887+0000] {processor.py:830} INFO - Processing file /home/airflow/.local/lib/python3.12/site-packages/airflow/example_dags/example_sensors.py for tasks to queue
[2025-08-19T03:21:46.888+0000] {logging_mixin.py:188} INFO - [2025-08-19T03:21:46.888+0000] {dagbag.py:545} INFO - Filling up the DagBag from /home/airflow/.local/lib/python3.12/site-packages/airflow/example_dags/example_sensors.py
[2025-08-19T03:21:46.900+0000] {processor.py:840} INFO - DAG(s) 'example_sensors' retrieved from /home/airflow/.local/lib/python3.12/site-packages/airflow/example_dags/example_sensors.py
[2025-08-19T03:21:46.937+0000] {logging_mixin.py:188} INFO - [2025-08-19T03:21:46.936+0000] {dag.py:3096} INFO - Sync 1 DAGs
[2025-08-19T03:21:46.951+0000] {logging_mixin.py:188} INFO - [2025-08-19T03:21:46.951+0000] {dag.py:3954} INFO - Setting next_dagrun for example_sensors to None, run_after=None
[2025-08-19T03:21:46.979+0000] {processor.py:183} INFO - Processing /home/airflow/.local/lib/python3.12/site-packages/airflow/example_dags/example_sensors.py took 0.101 seconds
[2025-08-19T03:22:17.443+0000] {processor.py:161} INFO - Started process (PID=23517) to work on /home/airflow/.local/lib/python3.12/site-packages/airflow/example_dags/example_sensors.py
[2025-08-19T03:22:17.445+0000] {processor.py:830} INFO - Processing file /home/airflow/.local/lib/python3.12/site-packages/airflow/example_dags/example_sensors.py for tasks to queue
[2025-08-19T03:22:17.447+0000] {logging_mixin.py:188} INFO - [2025-08-19T03:22:17.447+0000] {dagbag.py:545} INFO - Filling up the DagBag from /home/airflow/.local/lib/python3.12/site-packages/airflow/example_dags/example_sensors.py
[2025-08-19T03:22:17.461+0000] {processor.py:840} INFO - DAG(s) 'example_sensors' retrieved from /home/airflow/.local/lib/python3.12/site-packages/airflow/example_dags/example_sensors.py
[2025-08-19T03:22:17.487+0000] {logging_mixin.py:188} INFO - [2025-08-19T03:22:17.487+0000] {dag.py:3096} INFO - Sync 1 DAGs
[2025-08-19T03:22:17.500+0000] {logging_mixin.py:188} INFO - [2025-08-19T03:22:17.500+0000] {dag.py:3954} INFO - Setting next_dagrun for example_sensors to None, run_after=None
[2025-08-19T03:22:17.535+0000] {processor.py:183} INFO - Processing /home/airflow/.local/lib/python3.12/site-packages/airflow/example_dags/example_sensors.py took 0.101 seconds
[2025-08-19T03:22:47.915+0000] {processor.py:161} INFO - Started process (PID=23570) to work on /home/airflow/.local/lib/python3.12/site-packages/airflow/example_dags/example_sensors.py
[2025-08-19T03:22:47.917+0000] {processor.py:830} INFO - Processing file /home/airflow/.local/lib/python3.12/site-packages/airflow/example_dags/example_sensors.py for tasks to queue
[2025-08-19T03:22:47.919+0000] {logging_mixin.py:188} INFO - [2025-08-19T03:22:47.918+0000] {dagbag.py:545} INFO - Filling up the DagBag from /home/airflow/.local/lib/python3.12/site-packages/airflow/example_dags/example_sensors.py
[2025-08-19T03:22:47.929+0000] {processor.py:840} INFO - DAG(s) 'example_sensors' retrieved from /home/airflow/.local/lib/python3.12/site-packages/airflow/example_dags/example_sensors.py
[2025-08-19T03:22:47.957+0000] {logging_mixin.py:188} INFO - [2025-08-19T03:22:47.957+0000] {dag.py:3096} INFO - Sync 1 DAGs
[2025-08-19T03:22:47.971+0000] {logging_mixin.py:188} INFO - [2025-08-19T03:22:47.971+0000] {dag.py:3954} INFO - Setting next_dagrun for example_sensors to None, run_after=None
[2025-08-19T03:22:47.995+0000] {processor.py:183} INFO - Processing /home/airflow/.local/lib/python3.12/site-packages/airflow/example_dags/example_sensors.py took 0.087 seconds
[2025-08-19T03:23:18.310+0000] {processor.py:161} INFO - Started process (PID=23623) to work on /home/airflow/.local/lib/python3.12/site-packages/airflow/example_dags/example_sensors.py
[2025-08-19T03:23:18.311+0000] {processor.py:830} INFO - Processing file /home/airflow/.local/lib/python3.12/site-packages/airflow/example_dags/example_sensors.py for tasks to queue
[2025-08-19T03:23:18.312+0000] {logging_mixin.py:188} INFO - [2025-08-19T03:23:18.312+0000] {dagbag.py:545} INFO - Filling up the DagBag from /home/airflow/.local/lib/python3.12/site-packages/airflow/example_dags/example_sensors.py
[2025-08-19T03:23:18.322+0000] {processor.py:840} INFO - DAG(s) 'example_sensors' retrieved from /home/airflow/.local/lib/python3.12/site-packages/airflow/example_dags/example_sensors.py
[2025-08-19T03:23:18.349+0000] {logging_mixin.py:188} INFO - [2025-08-19T03:23:18.348+0000] {dag.py:3096} INFO - Sync 1 DAGs
[2025-08-19T03:23:18.361+0000] {logging_mixin.py:188} INFO - [2025-08-19T03:23:18.361+0000] {dag.py:3954} INFO - Setting next_dagrun for example_sensors to None, run_after=None
[2025-08-19T03:23:18.382+0000] {processor.py:183} INFO - Processing /home/airflow/.local/lib/python3.12/site-packages/airflow/example_dags/example_sensors.py took 0.079 seconds
[2025-08-19T03:23:48.782+0000] {processor.py:161} INFO - Started process (PID=23676) to work on /home/airflow/.local/lib/python3.12/site-packages/airflow/example_dags/example_sensors.py
[2025-08-19T03:23:48.784+0000] {processor.py:830} INFO - Processing file /home/airflow/.local/lib/python3.12/site-packages/airflow/example_dags/example_sensors.py for tasks to queue
[2025-08-19T03:23:48.785+0000] {logging_mixin.py:188} INFO - [2025-08-19T03:23:48.784+0000] {dagbag.py:545} INFO - Filling up the DagBag from /home/airflow/.local/lib/python3.12/site-packages/airflow/example_dags/example_sensors.py
[2025-08-19T03:23:48.796+0000] {processor.py:840} INFO - DAG(s) 'example_sensors' retrieved from /home/airflow/.local/lib/python3.12/site-packages/airflow/example_dags/example_sensors.py
[2025-08-19T03:23:48.825+0000] {logging_mixin.py:188} INFO - [2025-08-19T03:23:48.825+0000] {dag.py:3096} INFO - Sync 1 DAGs
[2025-08-19T03:23:48.840+0000] {logging_mixin.py:188} INFO - [2025-08-19T03:23:48.840+0000] {dag.py:3954} INFO - Setting next_dagrun for example_sensors to None, run_after=None
[2025-08-19T03:23:48.867+0000] {processor.py:183} INFO - Processing /home/airflow/.local/lib/python3.12/site-packages/airflow/example_dags/example_sensors.py took 0.092 seconds
[2025-08-19T03:24:19.463+0000] {processor.py:161} INFO - Started process (PID=23729) to work on /home/airflow/.local/lib/python3.12/site-packages/airflow/example_dags/example_sensors.py
[2025-08-19T03:24:19.465+0000] {processor.py:830} INFO - Processing file /home/airflow/.local/lib/python3.12/site-packages/airflow/example_dags/example_sensors.py for tasks to queue
[2025-08-19T03:24:19.466+0000] {logging_mixin.py:188} INFO - [2025-08-19T03:24:19.466+0000] {dagbag.py:545} INFO - Filling up the DagBag from /home/airflow/.local/lib/python3.12/site-packages/airflow/example_dags/example_sensors.py
[2025-08-19T03:24:19.481+0000] {processor.py:840} INFO - DAG(s) 'example_sensors' retrieved from /home/airflow/.local/lib/python3.12/site-packages/airflow/example_dags/example_sensors.py
[2025-08-19T03:24:19.511+0000] {logging_mixin.py:188} INFO - [2025-08-19T03:24:19.510+0000] {dag.py:3096} INFO - Sync 1 DAGs
[2025-08-19T03:24:19.525+0000] {logging_mixin.py:188} INFO - [2025-08-19T03:24:19.525+0000] {dag.py:3954} INFO - Setting next_dagrun for example_sensors to None, run_after=None
[2025-08-19T03:24:19.552+0000] {processor.py:183} INFO - Processing /home/airflow/.local/lib/python3.12/site-packages/airflow/example_dags/example_sensors.py took 0.099 seconds
[2025-08-19T03:24:50.027+0000] {processor.py:161} INFO - Started process (PID=23782) to work on /home/airflow/.local/lib/python3.12/site-packages/airflow/example_dags/example_sensors.py
[2025-08-19T03:24:50.028+0000] {processor.py:830} INFO - Processing file /home/airflow/.local/lib/python3.12/site-packages/airflow/example_dags/example_sensors.py for tasks to queue
[2025-08-19T03:24:50.029+0000] {logging_mixin.py:188} INFO - [2025-08-19T03:24:50.029+0000] {dagbag.py:545} INFO - Filling up the DagBag from /home/airflow/.local/lib/python3.12/site-packages/airflow/example_dags/example_sensors.py
[2025-08-19T03:24:50.042+0000] {processor.py:840} INFO - DAG(s) 'example_sensors' retrieved from /home/airflow/.local/lib/python3.12/site-packages/airflow/example_dags/example_sensors.py
[2025-08-19T03:24:50.071+0000] {logging_mixin.py:188} INFO - [2025-08-19T03:24:50.071+0000] {dag.py:3096} INFO - Sync 1 DAGs
[2025-08-19T03:24:50.085+0000] {logging_mixin.py:188} INFO - [2025-08-19T03:24:50.084+0000] {dag.py:3954} INFO - Setting next_dagrun for example_sensors to None, run_after=None
[2025-08-19T03:24:50.113+0000] {processor.py:183} INFO - Processing /home/airflow/.local/lib/python3.12/site-packages/airflow/example_dags/example_sensors.py took 0.094 seconds
[2025-08-19T03:25:20.533+0000] {processor.py:161} INFO - Started process (PID=23835) to work on /home/airflow/.local/lib/python3.12/site-packages/airflow/example_dags/example_sensors.py
[2025-08-19T03:25:20.535+0000] {processor.py:830} INFO - Processing file /home/airflow/.local/lib/python3.12/site-packages/airflow/example_dags/example_sensors.py for tasks to queue
[2025-08-19T03:25:20.537+0000] {logging_mixin.py:188} INFO - [2025-08-19T03:25:20.536+0000] {dagbag.py:545} INFO - Filling up the DagBag from /home/airflow/.local/lib/python3.12/site-packages/airflow/example_dags/example_sensors.py
[2025-08-19T03:25:20.552+0000] {processor.py:840} INFO - DAG(s) 'example_sensors' retrieved from /home/airflow/.local/lib/python3.12/site-packages/airflow/example_dags/example_sensors.py
[2025-08-19T03:25:20.589+0000] {logging_mixin.py:188} INFO - [2025-08-19T03:25:20.588+0000] {dag.py:3096} INFO - Sync 1 DAGs
[2025-08-19T03:25:20.608+0000] {logging_mixin.py:188} INFO - [2025-08-19T03:25:20.608+0000] {dag.py:3954} INFO - Setting next_dagrun for example_sensors to None, run_after=None
[2025-08-19T03:25:20.643+0000] {processor.py:183} INFO - Processing /home/airflow/.local/lib/python3.12/site-packages/airflow/example_dags/example_sensors.py took 0.118 seconds
[2025-08-19T03:25:51.132+0000] {processor.py:161} INFO - Started process (PID=23888) to work on /home/airflow/.local/lib/python3.12/site-packages/airflow/example_dags/example_sensors.py
[2025-08-19T03:25:51.134+0000] {processor.py:830} INFO - Processing file /home/airflow/.local/lib/python3.12/site-packages/airflow/example_dags/example_sensors.py for tasks to queue
[2025-08-19T03:25:51.135+0000] {logging_mixin.py:188} INFO - [2025-08-19T03:25:51.135+0000] {dagbag.py:545} INFO - Filling up the DagBag from /home/airflow/.local/lib/python3.12/site-packages/airflow/example_dags/example_sensors.py
[2025-08-19T03:25:51.145+0000] {processor.py:840} INFO - DAG(s) 'example_sensors' retrieved from /home/airflow/.local/lib/python3.12/site-packages/airflow/example_dags/example_sensors.py
[2025-08-19T03:25:51.170+0000] {logging_mixin.py:188} INFO - [2025-08-19T03:25:51.170+0000] {dag.py:3096} INFO - Sync 1 DAGs
[2025-08-19T03:25:51.183+0000] {logging_mixin.py:188} INFO - [2025-08-19T03:25:51.183+0000] {dag.py:3954} INFO - Setting next_dagrun for example_sensors to None, run_after=None
[2025-08-19T03:25:51.207+0000] {processor.py:183} INFO - Processing /home/airflow/.local/lib/python3.12/site-packages/airflow/example_dags/example_sensors.py took 0.082 seconds
[2025-08-19T03:26:21.383+0000] {processor.py:161} INFO - Started process (PID=23941) to work on /home/airflow/.local/lib/python3.12/site-packages/airflow/example_dags/example_sensors.py
[2025-08-19T03:26:21.384+0000] {processor.py:830} INFO - Processing file /home/airflow/.local/lib/python3.12/site-packages/airflow/example_dags/example_sensors.py for tasks to queue
[2025-08-19T03:26:21.386+0000] {logging_mixin.py:188} INFO - [2025-08-19T03:26:21.385+0000] {dagbag.py:545} INFO - Filling up the DagBag from /home/airflow/.local/lib/python3.12/site-packages/airflow/example_dags/example_sensors.py
[2025-08-19T03:26:21.397+0000] {processor.py:840} INFO - DAG(s) 'example_sensors' retrieved from /home/airflow/.local/lib/python3.12/site-packages/airflow/example_dags/example_sensors.py
[2025-08-19T03:26:21.424+0000] {logging_mixin.py:188} INFO - [2025-08-19T03:26:21.424+0000] {dag.py:3096} INFO - Sync 1 DAGs
[2025-08-19T03:26:21.438+0000] {logging_mixin.py:188} INFO - [2025-08-19T03:26:21.437+0000] {dag.py:3954} INFO - Setting next_dagrun for example_sensors to None, run_after=None
[2025-08-19T03:26:21.468+0000] {processor.py:183} INFO - Processing /home/airflow/.local/lib/python3.12/site-packages/airflow/example_dags/example_sensors.py took 0.092 seconds
[2025-08-19T03:26:51.965+0000] {processor.py:161} INFO - Started process (PID=23994) to work on /home/airflow/.local/lib/python3.12/site-packages/airflow/example_dags/example_sensors.py
[2025-08-19T03:26:51.967+0000] {processor.py:830} INFO - Processing file /home/airflow/.local/lib/python3.12/site-packages/airflow/example_dags/example_sensors.py for tasks to queue
[2025-08-19T03:26:51.968+0000] {logging_mixin.py:188} INFO - [2025-08-19T03:26:51.967+0000] {dagbag.py:545} INFO - Filling up the DagBag from /home/airflow/.local/lib/python3.12/site-packages/airflow/example_dags/example_sensors.py
[2025-08-19T03:26:51.977+0000] {processor.py:840} INFO - DAG(s) 'example_sensors' retrieved from /home/airflow/.local/lib/python3.12/site-packages/airflow/example_dags/example_sensors.py
[2025-08-19T03:26:52.002+0000] {logging_mixin.py:188} INFO - [2025-08-19T03:26:52.002+0000] {dag.py:3096} INFO - Sync 1 DAGs
[2025-08-19T03:26:52.016+0000] {logging_mixin.py:188} INFO - [2025-08-19T03:26:52.016+0000] {dag.py:3954} INFO - Setting next_dagrun for example_sensors to None, run_after=None
[2025-08-19T03:26:52.038+0000] {processor.py:183} INFO - Processing /home/airflow/.local/lib/python3.12/site-packages/airflow/example_dags/example_sensors.py took 0.080 seconds
[2025-08-19T03:27:22.425+0000] {processor.py:161} INFO - Started process (PID=24047) to work on /home/airflow/.local/lib/python3.12/site-packages/airflow/example_dags/example_sensors.py
[2025-08-19T03:27:22.427+0000] {processor.py:830} INFO - Processing file /home/airflow/.local/lib/python3.12/site-packages/airflow/example_dags/example_sensors.py for tasks to queue
[2025-08-19T03:27:22.428+0000] {logging_mixin.py:188} INFO - [2025-08-19T03:27:22.428+0000] {dagbag.py:545} INFO - Filling up the DagBag from /home/airflow/.local/lib/python3.12/site-packages/airflow/example_dags/example_sensors.py
[2025-08-19T03:27:22.437+0000] {processor.py:840} INFO - DAG(s) 'example_sensors' retrieved from /home/airflow/.local/lib/python3.12/site-packages/airflow/example_dags/example_sensors.py
[2025-08-19T03:27:22.463+0000] {logging_mixin.py:188} INFO - [2025-08-19T03:27:22.463+0000] {dag.py:3096} INFO - Sync 1 DAGs
[2025-08-19T03:27:22.475+0000] {logging_mixin.py:188} INFO - [2025-08-19T03:27:22.475+0000] {dag.py:3954} INFO - Setting next_dagrun for example_sensors to None, run_after=None
[2025-08-19T03:27:22.500+0000] {processor.py:183} INFO - Processing /home/airflow/.local/lib/python3.12/site-packages/airflow/example_dags/example_sensors.py took 0.082 seconds
[2025-08-19T03:27:52.953+0000] {processor.py:161} INFO - Started process (PID=24100) to work on /home/airflow/.local/lib/python3.12/site-packages/airflow/example_dags/example_sensors.py
[2025-08-19T03:27:52.955+0000] {processor.py:830} INFO - Processing file /home/airflow/.local/lib/python3.12/site-packages/airflow/example_dags/example_sensors.py for tasks to queue
[2025-08-19T03:27:52.956+0000] {logging_mixin.py:188} INFO - [2025-08-19T03:27:52.956+0000] {dagbag.py:545} INFO - Filling up the DagBag from /home/airflow/.local/lib/python3.12/site-packages/airflow/example_dags/example_sensors.py
[2025-08-19T03:27:52.967+0000] {processor.py:840} INFO - DAG(s) 'example_sensors' retrieved from /home/airflow/.local/lib/python3.12/site-packages/airflow/example_dags/example_sensors.py
[2025-08-19T03:27:52.993+0000] {logging_mixin.py:188} INFO - [2025-08-19T03:27:52.993+0000] {dag.py:3096} INFO - Sync 1 DAGs
[2025-08-19T03:27:53.006+0000] {logging_mixin.py:188} INFO - [2025-08-19T03:27:53.006+0000] {dag.py:3954} INFO - Setting next_dagrun for example_sensors to None, run_after=None
[2025-08-19T03:27:53.029+0000] {processor.py:183} INFO - Processing /home/airflow/.local/lib/python3.12/site-packages/airflow/example_dags/example_sensors.py took 0.082 seconds
[2025-08-19T03:28:23.351+0000] {processor.py:161} INFO - Started process (PID=24153) to work on /home/airflow/.local/lib/python3.12/site-packages/airflow/example_dags/example_sensors.py
[2025-08-19T03:28:23.352+0000] {processor.py:830} INFO - Processing file /home/airflow/.local/lib/python3.12/site-packages/airflow/example_dags/example_sensors.py for tasks to queue
[2025-08-19T03:28:23.354+0000] {logging_mixin.py:188} INFO - [2025-08-19T03:28:23.353+0000] {dagbag.py:545} INFO - Filling up the DagBag from /home/airflow/.local/lib/python3.12/site-packages/airflow/example_dags/example_sensors.py
[2025-08-19T03:28:23.363+0000] {processor.py:840} INFO - DAG(s) 'example_sensors' retrieved from /home/airflow/.local/lib/python3.12/site-packages/airflow/example_dags/example_sensors.py
[2025-08-19T03:28:23.388+0000] {logging_mixin.py:188} INFO - [2025-08-19T03:28:23.388+0000] {dag.py:3096} INFO - Sync 1 DAGs
[2025-08-19T03:28:23.401+0000] {logging_mixin.py:188} INFO - [2025-08-19T03:28:23.400+0000] {dag.py:3954} INFO - Setting next_dagrun for example_sensors to None, run_after=None
[2025-08-19T03:28:23.422+0000] {processor.py:183} INFO - Processing /home/airflow/.local/lib/python3.12/site-packages/airflow/example_dags/example_sensors.py took 0.077 seconds
[2025-08-19T03:28:53.804+0000] {processor.py:161} INFO - Started process (PID=24206) to work on /home/airflow/.local/lib/python3.12/site-packages/airflow/example_dags/example_sensors.py
[2025-08-19T03:28:53.806+0000] {processor.py:830} INFO - Processing file /home/airflow/.local/lib/python3.12/site-packages/airflow/example_dags/example_sensors.py for tasks to queue
[2025-08-19T03:28:53.807+0000] {logging_mixin.py:188} INFO - [2025-08-19T03:28:53.806+0000] {dagbag.py:545} INFO - Filling up the DagBag from /home/airflow/.local/lib/python3.12/site-packages/airflow/example_dags/example_sensors.py
[2025-08-19T03:28:53.817+0000] {processor.py:840} INFO - DAG(s) 'example_sensors' retrieved from /home/airflow/.local/lib/python3.12/site-packages/airflow/example_dags/example_sensors.py
[2025-08-19T03:28:53.843+0000] {logging_mixin.py:188} INFO - [2025-08-19T03:28:53.843+0000] {dag.py:3096} INFO - Sync 1 DAGs
[2025-08-19T03:28:53.855+0000] {logging_mixin.py:188} INFO - [2025-08-19T03:28:53.855+0000] {dag.py:3954} INFO - Setting next_dagrun for example_sensors to None, run_after=None
[2025-08-19T03:28:53.877+0000] {processor.py:183} INFO - Processing /home/airflow/.local/lib/python3.12/site-packages/airflow/example_dags/example_sensors.py took 0.080 seconds
[2025-08-19T03:29:24.186+0000] {processor.py:161} INFO - Started process (PID=24259) to work on /home/airflow/.local/lib/python3.12/site-packages/airflow/example_dags/example_sensors.py
[2025-08-19T03:29:24.187+0000] {processor.py:830} INFO - Processing file /home/airflow/.local/lib/python3.12/site-packages/airflow/example_dags/example_sensors.py for tasks to queue
[2025-08-19T03:29:24.189+0000] {logging_mixin.py:188} INFO - [2025-08-19T03:29:24.188+0000] {dagbag.py:545} INFO - Filling up the DagBag from /home/airflow/.local/lib/python3.12/site-packages/airflow/example_dags/example_sensors.py
[2025-08-19T03:29:24.199+0000] {processor.py:840} INFO - DAG(s) 'example_sensors' retrieved from /home/airflow/.local/lib/python3.12/site-packages/airflow/example_dags/example_sensors.py
[2025-08-19T03:29:24.228+0000] {logging_mixin.py:188} INFO - [2025-08-19T03:29:24.228+0000] {dag.py:3096} INFO - Sync 1 DAGs
[2025-08-19T03:29:24.243+0000] {logging_mixin.py:188} INFO - [2025-08-19T03:29:24.242+0000] {dag.py:3954} INFO - Setting next_dagrun for example_sensors to None, run_after=None
[2025-08-19T03:29:24.267+0000] {processor.py:183} INFO - Processing /home/airflow/.local/lib/python3.12/site-packages/airflow/example_dags/example_sensors.py took 0.087 seconds
[2025-08-19T03:29:54.406+0000] {processor.py:161} INFO - Started process (PID=24312) to work on /home/airflow/.local/lib/python3.12/site-packages/airflow/example_dags/example_sensors.py
[2025-08-19T03:29:54.407+0000] {processor.py:830} INFO - Processing file /home/airflow/.local/lib/python3.12/site-packages/airflow/example_dags/example_sensors.py for tasks to queue
[2025-08-19T03:29:54.409+0000] {logging_mixin.py:188} INFO - [2025-08-19T03:29:54.408+0000] {dagbag.py:545} INFO - Filling up the DagBag from /home/airflow/.local/lib/python3.12/site-packages/airflow/example_dags/example_sensors.py
[2025-08-19T03:29:54.418+0000] {processor.py:840} INFO - DAG(s) 'example_sensors' retrieved from /home/airflow/.local/lib/python3.12/site-packages/airflow/example_dags/example_sensors.py
[2025-08-19T03:29:54.444+0000] {logging_mixin.py:188} INFO - [2025-08-19T03:29:54.444+0000] {dag.py:3096} INFO - Sync 1 DAGs
[2025-08-19T03:29:54.457+0000] {logging_mixin.py:188} INFO - [2025-08-19T03:29:54.457+0000] {dag.py:3954} INFO - Setting next_dagrun for example_sensors to None, run_after=None
[2025-08-19T03:29:54.479+0000] {processor.py:183} INFO - Processing /home/airflow/.local/lib/python3.12/site-packages/airflow/example_dags/example_sensors.py took 0.080 seconds
[2025-08-19T03:30:25.034+0000] {processor.py:161} INFO - Started process (PID=24365) to work on /home/airflow/.local/lib/python3.12/site-packages/airflow/example_dags/example_sensors.py
[2025-08-19T03:30:25.035+0000] {processor.py:830} INFO - Processing file /home/airflow/.local/lib/python3.12/site-packages/airflow/example_dags/example_sensors.py for tasks to queue
[2025-08-19T03:30:25.036+0000] {logging_mixin.py:188} INFO - [2025-08-19T03:30:25.036+0000] {dagbag.py:545} INFO - Filling up the DagBag from /home/airflow/.local/lib/python3.12/site-packages/airflow/example_dags/example_sensors.py
[2025-08-19T03:30:25.047+0000] {processor.py:840} INFO - DAG(s) 'example_sensors' retrieved from /home/airflow/.local/lib/python3.12/site-packages/airflow/example_dags/example_sensors.py
[2025-08-19T03:30:25.073+0000] {logging_mixin.py:188} INFO - [2025-08-19T03:30:25.073+0000] {dag.py:3096} INFO - Sync 1 DAGs
[2025-08-19T03:30:25.085+0000] {logging_mixin.py:188} INFO - [2025-08-19T03:30:25.085+0000] {dag.py:3954} INFO - Setting next_dagrun for example_sensors to None, run_after=None
[2025-08-19T03:30:25.106+0000] {processor.py:183} INFO - Processing /home/airflow/.local/lib/python3.12/site-packages/airflow/example_dags/example_sensors.py took 0.078 seconds
[2025-08-19T03:30:55.665+0000] {processor.py:161} INFO - Started process (PID=24418) to work on /home/airflow/.local/lib/python3.12/site-packages/airflow/example_dags/example_sensors.py
[2025-08-19T03:30:55.667+0000] {processor.py:830} INFO - Processing file /home/airflow/.local/lib/python3.12/site-packages/airflow/example_dags/example_sensors.py for tasks to queue
[2025-08-19T03:30:55.669+0000] {logging_mixin.py:188} INFO - [2025-08-19T03:30:55.668+0000] {dagbag.py:545} INFO - Filling up the DagBag from /home/airflow/.local/lib/python3.12/site-packages/airflow/example_dags/example_sensors.py
[2025-08-19T03:30:55.679+0000] {processor.py:840} INFO - DAG(s) 'example_sensors' retrieved from /home/airflow/.local/lib/python3.12/site-packages/airflow/example_dags/example_sensors.py
[2025-08-19T03:30:55.706+0000] {logging_mixin.py:188} INFO - [2025-08-19T03:30:55.706+0000] {dag.py:3096} INFO - Sync 1 DAGs
[2025-08-19T03:30:55.719+0000] {logging_mixin.py:188} INFO - [2025-08-19T03:30:55.719+0000] {dag.py:3954} INFO - Setting next_dagrun for example_sensors to None, run_after=None
[2025-08-19T03:30:55.742+0000] {processor.py:183} INFO - Processing /home/airflow/.local/lib/python3.12/site-packages/airflow/example_dags/example_sensors.py took 0.085 seconds
[2025-08-19T03:31:26.775+0000] {processor.py:161} INFO - Started process (PID=24471) to work on /home/airflow/.local/lib/python3.12/site-packages/airflow/example_dags/example_sensors.py
[2025-08-19T03:31:26.777+0000] {processor.py:830} INFO - Processing file /home/airflow/.local/lib/python3.12/site-packages/airflow/example_dags/example_sensors.py for tasks to queue
[2025-08-19T03:31:26.778+0000] {logging_mixin.py:188} INFO - [2025-08-19T03:31:26.778+0000] {dagbag.py:545} INFO - Filling up the DagBag from /home/airflow/.local/lib/python3.12/site-packages/airflow/example_dags/example_sensors.py
[2025-08-19T03:31:26.789+0000] {processor.py:840} INFO - DAG(s) 'example_sensors' retrieved from /home/airflow/.local/lib/python3.12/site-packages/airflow/example_dags/example_sensors.py
[2025-08-19T03:31:26.815+0000] {logging_mixin.py:188} INFO - [2025-08-19T03:31:26.815+0000] {dag.py:3096} INFO - Sync 1 DAGs
[2025-08-19T03:31:26.829+0000] {logging_mixin.py:188} INFO - [2025-08-19T03:31:26.829+0000] {dag.py:3954} INFO - Setting next_dagrun for example_sensors to None, run_after=None
[2025-08-19T03:31:26.854+0000] {processor.py:183} INFO - Processing /home/airflow/.local/lib/python3.12/site-packages/airflow/example_dags/example_sensors.py took 0.085 seconds
[2025-08-19T03:31:57.183+0000] {processor.py:161} INFO - Started process (PID=24525) to work on /home/airflow/.local/lib/python3.12/site-packages/airflow/example_dags/example_sensors.py
[2025-08-19T03:31:57.184+0000] {processor.py:830} INFO - Processing file /home/airflow/.local/lib/python3.12/site-packages/airflow/example_dags/example_sensors.py for tasks to queue
[2025-08-19T03:31:57.186+0000] {logging_mixin.py:188} INFO - [2025-08-19T03:31:57.186+0000] {dagbag.py:545} INFO - Filling up the DagBag from /home/airflow/.local/lib/python3.12/site-packages/airflow/example_dags/example_sensors.py
[2025-08-19T03:31:57.195+0000] {processor.py:840} INFO - DAG(s) 'example_sensors' retrieved from /home/airflow/.local/lib/python3.12/site-packages/airflow/example_dags/example_sensors.py
[2025-08-19T03:31:57.225+0000] {logging_mixin.py:188} INFO - [2025-08-19T03:31:57.225+0000] {dag.py:3096} INFO - Sync 1 DAGs
[2025-08-19T03:31:57.239+0000] {logging_mixin.py:188} INFO - [2025-08-19T03:31:57.239+0000] {dag.py:3954} INFO - Setting next_dagrun for example_sensors to None, run_after=None
[2025-08-19T03:31:57.263+0000] {processor.py:183} INFO - Processing /home/airflow/.local/lib/python3.12/site-packages/airflow/example_dags/example_sensors.py took 0.087 seconds
[2025-08-19T03:32:27.604+0000] {processor.py:161} INFO - Started process (PID=24577) to work on /home/airflow/.local/lib/python3.12/site-packages/airflow/example_dags/example_sensors.py
[2025-08-19T03:32:27.606+0000] {processor.py:830} INFO - Processing file /home/airflow/.local/lib/python3.12/site-packages/airflow/example_dags/example_sensors.py for tasks to queue
[2025-08-19T03:32:27.607+0000] {logging_mixin.py:188} INFO - [2025-08-19T03:32:27.607+0000] {dagbag.py:545} INFO - Filling up the DagBag from /home/airflow/.local/lib/python3.12/site-packages/airflow/example_dags/example_sensors.py
[2025-08-19T03:32:27.619+0000] {processor.py:840} INFO - DAG(s) 'example_sensors' retrieved from /home/airflow/.local/lib/python3.12/site-packages/airflow/example_dags/example_sensors.py
[2025-08-19T03:32:27.648+0000] {logging_mixin.py:188} INFO - [2025-08-19T03:32:27.647+0000] {dag.py:3096} INFO - Sync 1 DAGs
[2025-08-19T03:32:27.662+0000] {logging_mixin.py:188} INFO - [2025-08-19T03:32:27.662+0000] {dag.py:3954} INFO - Setting next_dagrun for example_sensors to None, run_after=None
[2025-08-19T03:32:27.688+0000] {processor.py:183} INFO - Processing /home/airflow/.local/lib/python3.12/site-packages/airflow/example_dags/example_sensors.py took 0.092 seconds
[2025-08-19T03:32:58.421+0000] {processor.py:161} INFO - Started process (PID=24630) to work on /home/airflow/.local/lib/python3.12/site-packages/airflow/example_dags/example_sensors.py
[2025-08-19T03:32:58.424+0000] {processor.py:830} INFO - Processing file /home/airflow/.local/lib/python3.12/site-packages/airflow/example_dags/example_sensors.py for tasks to queue
[2025-08-19T03:32:58.426+0000] {logging_mixin.py:188} INFO - [2025-08-19T03:32:58.425+0000] {dagbag.py:545} INFO - Filling up the DagBag from /home/airflow/.local/lib/python3.12/site-packages/airflow/example_dags/example_sensors.py
[2025-08-19T03:32:58.447+0000] {processor.py:840} INFO - DAG(s) 'example_sensors' retrieved from /home/airflow/.local/lib/python3.12/site-packages/airflow/example_dags/example_sensors.py
[2025-08-19T03:32:58.505+0000] {logging_mixin.py:188} INFO - [2025-08-19T03:32:58.505+0000] {dag.py:3096} INFO - Sync 1 DAGs
[2025-08-19T03:32:58.532+0000] {logging_mixin.py:188} INFO - [2025-08-19T03:32:58.532+0000] {dag.py:3954} INFO - Setting next_dagrun for example_sensors to None, run_after=None
[2025-08-19T03:32:58.577+0000] {processor.py:183} INFO - Processing /home/airflow/.local/lib/python3.12/site-packages/airflow/example_dags/example_sensors.py took 0.172 seconds
[2025-08-19T03:33:30.398+0000] {processor.py:161} INFO - Started process (PID=24683) to work on /home/airflow/.local/lib/python3.12/site-packages/airflow/example_dags/example_sensors.py
[2025-08-19T03:33:30.402+0000] {processor.py:830} INFO - Processing file /home/airflow/.local/lib/python3.12/site-packages/airflow/example_dags/example_sensors.py for tasks to queue
[2025-08-19T03:33:30.407+0000] {logging_mixin.py:188} INFO - [2025-08-19T03:33:30.405+0000] {dagbag.py:545} INFO - Filling up the DagBag from /home/airflow/.local/lib/python3.12/site-packages/airflow/example_dags/example_sensors.py
[2025-08-19T03:33:30.457+0000] {processor.py:840} INFO - DAG(s) 'example_sensors' retrieved from /home/airflow/.local/lib/python3.12/site-packages/airflow/example_dags/example_sensors.py
[2025-08-19T03:33:30.606+0000] {logging_mixin.py:188} INFO - [2025-08-19T03:33:30.605+0000] {dag.py:3096} INFO - Sync 1 DAGs
[2025-08-19T03:33:30.697+0000] {logging_mixin.py:188} INFO - [2025-08-19T03:33:30.692+0000] {dag.py:3954} INFO - Setting next_dagrun for example_sensors to None, run_after=None
[2025-08-19T03:33:30.861+0000] {processor.py:183} INFO - Processing /home/airflow/.local/lib/python3.12/site-packages/airflow/example_dags/example_sensors.py took 0.491 seconds
[2025-08-19T03:34:01.112+0000] {processor.py:161} INFO - Started process (PID=24734) to work on /home/airflow/.local/lib/python3.12/site-packages/airflow/example_dags/example_sensors.py
[2025-08-19T03:34:01.114+0000] {processor.py:830} INFO - Processing file /home/airflow/.local/lib/python3.12/site-packages/airflow/example_dags/example_sensors.py for tasks to queue
[2025-08-19T03:34:01.114+0000] {logging_mixin.py:188} INFO - [2025-08-19T03:34:01.114+0000] {dagbag.py:545} INFO - Filling up the DagBag from /home/airflow/.local/lib/python3.12/site-packages/airflow/example_dags/example_sensors.py
[2025-08-19T03:34:01.125+0000] {processor.py:840} INFO - DAG(s) 'example_sensors' retrieved from /home/airflow/.local/lib/python3.12/site-packages/airflow/example_dags/example_sensors.py
[2025-08-19T03:34:01.152+0000] {logging_mixin.py:188} INFO - [2025-08-19T03:34:01.151+0000] {dag.py:3096} INFO - Sync 1 DAGs
[2025-08-19T03:34:01.165+0000] {logging_mixin.py:188} INFO - [2025-08-19T03:34:01.165+0000] {dag.py:3954} INFO - Setting next_dagrun for example_sensors to None, run_after=None
[2025-08-19T03:34:01.193+0000] {processor.py:183} INFO - Processing /home/airflow/.local/lib/python3.12/site-packages/airflow/example_dags/example_sensors.py took 0.087 seconds
[2025-08-19T03:34:31.501+0000] {processor.py:161} INFO - Started process (PID=24787) to work on /home/airflow/.local/lib/python3.12/site-packages/airflow/example_dags/example_sensors.py
[2025-08-19T03:34:31.505+0000] {processor.py:830} INFO - Processing file /home/airflow/.local/lib/python3.12/site-packages/airflow/example_dags/example_sensors.py for tasks to queue
[2025-08-19T03:34:31.507+0000] {logging_mixin.py:188} INFO - [2025-08-19T03:34:31.506+0000] {dagbag.py:545} INFO - Filling up the DagBag from /home/airflow/.local/lib/python3.12/site-packages/airflow/example_dags/example_sensors.py
[2025-08-19T03:34:31.529+0000] {processor.py:840} INFO - DAG(s) 'example_sensors' retrieved from /home/airflow/.local/lib/python3.12/site-packages/airflow/example_dags/example_sensors.py
[2025-08-19T03:34:31.587+0000] {logging_mixin.py:188} INFO - [2025-08-19T03:34:31.587+0000] {dag.py:3096} INFO - Sync 1 DAGs
[2025-08-19T03:34:31.602+0000] {logging_mixin.py:188} INFO - [2025-08-19T03:34:31.602+0000] {dag.py:3954} INFO - Setting next_dagrun for example_sensors to None, run_after=None
[2025-08-19T03:34:31.652+0000] {processor.py:183} INFO - Processing /home/airflow/.local/lib/python3.12/site-packages/airflow/example_dags/example_sensors.py took 0.165 seconds
[2025-08-19T03:35:01.800+0000] {processor.py:161} INFO - Started process (PID=24840) to work on /home/airflow/.local/lib/python3.12/site-packages/airflow/example_dags/example_sensors.py
[2025-08-19T03:35:01.802+0000] {processor.py:830} INFO - Processing file /home/airflow/.local/lib/python3.12/site-packages/airflow/example_dags/example_sensors.py for tasks to queue
[2025-08-19T03:35:01.803+0000] {logging_mixin.py:188} INFO - [2025-08-19T03:35:01.803+0000] {dagbag.py:545} INFO - Filling up the DagBag from /home/airflow/.local/lib/python3.12/site-packages/airflow/example_dags/example_sensors.py
[2025-08-19T03:35:01.814+0000] {processor.py:840} INFO - DAG(s) 'example_sensors' retrieved from /home/airflow/.local/lib/python3.12/site-packages/airflow/example_dags/example_sensors.py
[2025-08-19T03:35:01.840+0000] {logging_mixin.py:188} INFO - [2025-08-19T03:35:01.840+0000] {dag.py:3096} INFO - Sync 1 DAGs
[2025-08-19T03:35:01.853+0000] {logging_mixin.py:188} INFO - [2025-08-19T03:35:01.853+0000] {dag.py:3954} INFO - Setting next_dagrun for example_sensors to None, run_after=None
[2025-08-19T03:35:01.874+0000] {processor.py:183} INFO - Processing /home/airflow/.local/lib/python3.12/site-packages/airflow/example_dags/example_sensors.py took 0.081 seconds
[2025-08-19T03:35:32.103+0000] {processor.py:161} INFO - Started process (PID=24893) to work on /home/airflow/.local/lib/python3.12/site-packages/airflow/example_dags/example_sensors.py
[2025-08-19T03:35:32.104+0000] {processor.py:830} INFO - Processing file /home/airflow/.local/lib/python3.12/site-packages/airflow/example_dags/example_sensors.py for tasks to queue
[2025-08-19T03:35:32.105+0000] {logging_mixin.py:188} INFO - [2025-08-19T03:35:32.105+0000] {dagbag.py:545} INFO - Filling up the DagBag from /home/airflow/.local/lib/python3.12/site-packages/airflow/example_dags/example_sensors.py
[2025-08-19T03:35:32.117+0000] {processor.py:840} INFO - DAG(s) 'example_sensors' retrieved from /home/airflow/.local/lib/python3.12/site-packages/airflow/example_dags/example_sensors.py
[2025-08-19T03:35:32.150+0000] {logging_mixin.py:188} INFO - [2025-08-19T03:35:32.150+0000] {dag.py:3096} INFO - Sync 1 DAGs
[2025-08-19T03:35:32.164+0000] {logging_mixin.py:188} INFO - [2025-08-19T03:35:32.164+0000] {dag.py:3954} INFO - Setting next_dagrun for example_sensors to None, run_after=None
[2025-08-19T03:35:32.195+0000] {processor.py:183} INFO - Processing /home/airflow/.local/lib/python3.12/site-packages/airflow/example_dags/example_sensors.py took 0.100 seconds
[2025-08-19T03:36:02.551+0000] {processor.py:161} INFO - Started process (PID=24946) to work on /home/airflow/.local/lib/python3.12/site-packages/airflow/example_dags/example_sensors.py
[2025-08-19T03:36:02.552+0000] {processor.py:830} INFO - Processing file /home/airflow/.local/lib/python3.12/site-packages/airflow/example_dags/example_sensors.py for tasks to queue
[2025-08-19T03:36:02.553+0000] {logging_mixin.py:188} INFO - [2025-08-19T03:36:02.553+0000] {dagbag.py:545} INFO - Filling up the DagBag from /home/airflow/.local/lib/python3.12/site-packages/airflow/example_dags/example_sensors.py
[2025-08-19T03:36:02.564+0000] {processor.py:840} INFO - DAG(s) 'example_sensors' retrieved from /home/airflow/.local/lib/python3.12/site-packages/airflow/example_dags/example_sensors.py
[2025-08-19T03:36:02.591+0000] {logging_mixin.py:188} INFO - [2025-08-19T03:36:02.591+0000] {dag.py:3096} INFO - Sync 1 DAGs
[2025-08-19T03:36:02.605+0000] {logging_mixin.py:188} INFO - [2025-08-19T03:36:02.605+0000] {dag.py:3954} INFO - Setting next_dagrun for example_sensors to None, run_after=None
[2025-08-19T03:36:02.636+0000] {processor.py:183} INFO - Processing /home/airflow/.local/lib/python3.12/site-packages/airflow/example_dags/example_sensors.py took 0.093 seconds
[2025-08-19T03:36:33.270+0000] {processor.py:161} INFO - Started process (PID=24999) to work on /home/airflow/.local/lib/python3.12/site-packages/airflow/example_dags/example_sensors.py
[2025-08-19T03:36:33.272+0000] {processor.py:830} INFO - Processing file /home/airflow/.local/lib/python3.12/site-packages/airflow/example_dags/example_sensors.py for tasks to queue
[2025-08-19T03:36:33.276+0000] {logging_mixin.py:188} INFO - [2025-08-19T03:36:33.274+0000] {dagbag.py:545} INFO - Filling up the DagBag from /home/airflow/.local/lib/python3.12/site-packages/airflow/example_dags/example_sensors.py
[2025-08-19T03:36:33.293+0000] {processor.py:840} INFO - DAG(s) 'example_sensors' retrieved from /home/airflow/.local/lib/python3.12/site-packages/airflow/example_dags/example_sensors.py
[2025-08-19T03:36:33.343+0000] {logging_mixin.py:188} INFO - [2025-08-19T03:36:33.343+0000] {dag.py:3096} INFO - Sync 1 DAGs
[2025-08-19T03:36:33.377+0000] {logging_mixin.py:188} INFO - [2025-08-19T03:36:33.375+0000] {dag.py:3954} INFO - Setting next_dagrun for example_sensors to None, run_after=None
[2025-08-19T03:36:33.424+0000] {processor.py:183} INFO - Processing /home/airflow/.local/lib/python3.12/site-packages/airflow/example_dags/example_sensors.py took 0.163 seconds
[2025-08-19T03:37:04.208+0000] {processor.py:161} INFO - Started process (PID=25052) to work on /home/airflow/.local/lib/python3.12/site-packages/airflow/example_dags/example_sensors.py
[2025-08-19T03:37:04.211+0000] {processor.py:830} INFO - Processing file /home/airflow/.local/lib/python3.12/site-packages/airflow/example_dags/example_sensors.py for tasks to queue
[2025-08-19T03:37:04.212+0000] {logging_mixin.py:188} INFO - [2025-08-19T03:37:04.212+0000] {dagbag.py:545} INFO - Filling up the DagBag from /home/airflow/.local/lib/python3.12/site-packages/airflow/example_dags/example_sensors.py
[2025-08-19T03:37:04.225+0000] {processor.py:840} INFO - DAG(s) 'example_sensors' retrieved from /home/airflow/.local/lib/python3.12/site-packages/airflow/example_dags/example_sensors.py
[2025-08-19T03:37:04.256+0000] {logging_mixin.py:188} INFO - [2025-08-19T03:37:04.255+0000] {dag.py:3096} INFO - Sync 1 DAGs
[2025-08-19T03:37:04.271+0000] {logging_mixin.py:188} INFO - [2025-08-19T03:37:04.271+0000] {dag.py:3954} INFO - Setting next_dagrun for example_sensors to None, run_after=None
[2025-08-19T03:37:04.300+0000] {processor.py:183} INFO - Processing /home/airflow/.local/lib/python3.12/site-packages/airflow/example_dags/example_sensors.py took 0.100 seconds
