[2025-08-19T03:09:57.250+0000] {processor.py:161} INFO - Started process (PID=22233) to work on /home/airflow/.local/lib/python3.12/site-packages/airflow/example_dags/example_local_kubernetes_executor.py
[2025-08-19T03:09:57.285+0000] {processor.py:830} INFO - Processing file /home/airflow/.local/lib/python3.12/site-packages/airflow/example_dags/example_local_kubernetes_executor.py for tasks to queue
[2025-08-19T03:09:57.329+0000] {logging_mixin.py:188} INFO - [2025-08-19T03:09:57.328+0000] {dagbag.py:545} INFO - Filling up the DagBag from /home/airflow/.local/lib/python3.12/site-packages/airflow/example_dags/example_local_kubernetes_executor.py
[2025-08-19T03:09:57.444+0000] {processor.py:840} INFO - DAG(s) 'example_local_kubernetes_executor' retrieved from /home/airflow/.local/lib/python3.12/site-packages/airflow/example_dags/example_local_kubernetes_executor.py
[2025-08-19T03:09:57.844+0000] {logging_mixin.py:188} INFO - [2025-08-19T03:09:57.843+0000] {dag.py:3096} INFO - Sync 1 DAGs
[2025-08-19T03:09:57.947+0000] {logging_mixin.py:188} INFO - [2025-08-19T03:09:57.947+0000] {dag.py:3954} INFO - Setting next_dagrun for example_local_kubernetes_executor to None, run_after=None
[2025-08-19T03:09:58.080+0000] {processor.py:183} INFO - Processing /home/airflow/.local/lib/python3.12/site-packages/airflow/example_dags/example_local_kubernetes_executor.py took 0.870 seconds
[2025-08-19T03:10:28.754+0000] {processor.py:161} INFO - Started process (PID=22286) to work on /home/airflow/.local/lib/python3.12/site-packages/airflow/example_dags/example_local_kubernetes_executor.py
[2025-08-19T03:10:28.756+0000] {processor.py:830} INFO - Processing file /home/airflow/.local/lib/python3.12/site-packages/airflow/example_dags/example_local_kubernetes_executor.py for tasks to queue
[2025-08-19T03:10:28.757+0000] {logging_mixin.py:188} INFO - [2025-08-19T03:10:28.757+0000] {dagbag.py:545} INFO - Filling up the DagBag from /home/airflow/.local/lib/python3.12/site-packages/airflow/example_dags/example_local_kubernetes_executor.py
[2025-08-19T03:10:28.766+0000] {processor.py:840} INFO - DAG(s) 'example_local_kubernetes_executor' retrieved from /home/airflow/.local/lib/python3.12/site-packages/airflow/example_dags/example_local_kubernetes_executor.py
[2025-08-19T03:10:28.809+0000] {logging_mixin.py:188} INFO - [2025-08-19T03:10:28.809+0000] {dag.py:3096} INFO - Sync 1 DAGs
[2025-08-19T03:10:28.824+0000] {logging_mixin.py:188} INFO - [2025-08-19T03:10:28.823+0000] {dag.py:3954} INFO - Setting next_dagrun for example_local_kubernetes_executor to None, run_after=None
[2025-08-19T03:10:28.854+0000] {processor.py:183} INFO - Processing /home/airflow/.local/lib/python3.12/site-packages/airflow/example_dags/example_local_kubernetes_executor.py took 0.107 seconds
[2025-08-19T03:10:59.372+0000] {processor.py:161} INFO - Started process (PID=22339) to work on /home/airflow/.local/lib/python3.12/site-packages/airflow/example_dags/example_local_kubernetes_executor.py
[2025-08-19T03:10:59.376+0000] {processor.py:830} INFO - Processing file /home/airflow/.local/lib/python3.12/site-packages/airflow/example_dags/example_local_kubernetes_executor.py for tasks to queue
[2025-08-19T03:10:59.378+0000] {logging_mixin.py:188} INFO - [2025-08-19T03:10:59.377+0000] {dagbag.py:545} INFO - Filling up the DagBag from /home/airflow/.local/lib/python3.12/site-packages/airflow/example_dags/example_local_kubernetes_executor.py
[2025-08-19T03:10:59.397+0000] {processor.py:840} INFO - DAG(s) 'example_local_kubernetes_executor' retrieved from /home/airflow/.local/lib/python3.12/site-packages/airflow/example_dags/example_local_kubernetes_executor.py
[2025-08-19T03:10:59.453+0000] {logging_mixin.py:188} INFO - [2025-08-19T03:10:59.453+0000] {dag.py:3096} INFO - Sync 1 DAGs
[2025-08-19T03:10:59.468+0000] {logging_mixin.py:188} INFO - [2025-08-19T03:10:59.467+0000] {dag.py:3954} INFO - Setting next_dagrun for example_local_kubernetes_executor to None, run_after=None
[2025-08-19T03:10:59.492+0000] {processor.py:183} INFO - Processing /home/airflow/.local/lib/python3.12/site-packages/airflow/example_dags/example_local_kubernetes_executor.py took 0.132 seconds
[2025-08-19T03:11:29.980+0000] {processor.py:161} INFO - Started process (PID=22392) to work on /home/airflow/.local/lib/python3.12/site-packages/airflow/example_dags/example_local_kubernetes_executor.py
[2025-08-19T03:11:29.982+0000] {processor.py:830} INFO - Processing file /home/airflow/.local/lib/python3.12/site-packages/airflow/example_dags/example_local_kubernetes_executor.py for tasks to queue
[2025-08-19T03:11:29.983+0000] {logging_mixin.py:188} INFO - [2025-08-19T03:11:29.983+0000] {dagbag.py:545} INFO - Filling up the DagBag from /home/airflow/.local/lib/python3.12/site-packages/airflow/example_dags/example_local_kubernetes_executor.py
[2025-08-19T03:11:29.991+0000] {processor.py:840} INFO - DAG(s) 'example_local_kubernetes_executor' retrieved from /home/airflow/.local/lib/python3.12/site-packages/airflow/example_dags/example_local_kubernetes_executor.py
[2025-08-19T03:11:30.035+0000] {logging_mixin.py:188} INFO - [2025-08-19T03:11:30.035+0000] {dag.py:3096} INFO - Sync 1 DAGs
[2025-08-19T03:11:30.050+0000] {logging_mixin.py:188} INFO - [2025-08-19T03:11:30.049+0000] {dag.py:3954} INFO - Setting next_dagrun for example_local_kubernetes_executor to None, run_after=None
[2025-08-19T03:11:30.073+0000] {processor.py:183} INFO - Processing /home/airflow/.local/lib/python3.12/site-packages/airflow/example_dags/example_local_kubernetes_executor.py took 0.099 seconds
[2025-08-19T03:12:00.433+0000] {processor.py:161} INFO - Started process (PID=22445) to work on /home/airflow/.local/lib/python3.12/site-packages/airflow/example_dags/example_local_kubernetes_executor.py
[2025-08-19T03:12:00.435+0000] {processor.py:830} INFO - Processing file /home/airflow/.local/lib/python3.12/site-packages/airflow/example_dags/example_local_kubernetes_executor.py for tasks to queue
[2025-08-19T03:12:00.436+0000] {logging_mixin.py:188} INFO - [2025-08-19T03:12:00.436+0000] {dagbag.py:545} INFO - Filling up the DagBag from /home/airflow/.local/lib/python3.12/site-packages/airflow/example_dags/example_local_kubernetes_executor.py
[2025-08-19T03:12:00.445+0000] {processor.py:840} INFO - DAG(s) 'example_local_kubernetes_executor' retrieved from /home/airflow/.local/lib/python3.12/site-packages/airflow/example_dags/example_local_kubernetes_executor.py
[2025-08-19T03:12:00.489+0000] {logging_mixin.py:188} INFO - [2025-08-19T03:12:00.489+0000] {dag.py:3096} INFO - Sync 1 DAGs
[2025-08-19T03:12:00.504+0000] {logging_mixin.py:188} INFO - [2025-08-19T03:12:00.504+0000] {dag.py:3954} INFO - Setting next_dagrun for example_local_kubernetes_executor to None, run_after=None
[2025-08-19T03:12:00.529+0000] {processor.py:183} INFO - Processing /home/airflow/.local/lib/python3.12/site-packages/airflow/example_dags/example_local_kubernetes_executor.py took 0.102 seconds
[2025-08-19T03:12:30.956+0000] {processor.py:161} INFO - Started process (PID=22498) to work on /home/airflow/.local/lib/python3.12/site-packages/airflow/example_dags/example_local_kubernetes_executor.py
[2025-08-19T03:12:30.957+0000] {processor.py:830} INFO - Processing file /home/airflow/.local/lib/python3.12/site-packages/airflow/example_dags/example_local_kubernetes_executor.py for tasks to queue
[2025-08-19T03:12:30.959+0000] {logging_mixin.py:188} INFO - [2025-08-19T03:12:30.959+0000] {dagbag.py:545} INFO - Filling up the DagBag from /home/airflow/.local/lib/python3.12/site-packages/airflow/example_dags/example_local_kubernetes_executor.py
[2025-08-19T03:12:30.966+0000] {processor.py:840} INFO - DAG(s) 'example_local_kubernetes_executor' retrieved from /home/airflow/.local/lib/python3.12/site-packages/airflow/example_dags/example_local_kubernetes_executor.py
[2025-08-19T03:12:31.009+0000] {logging_mixin.py:188} INFO - [2025-08-19T03:12:31.008+0000] {dag.py:3096} INFO - Sync 1 DAGs
[2025-08-19T03:12:31.024+0000] {logging_mixin.py:188} INFO - [2025-08-19T03:12:31.024+0000] {dag.py:3954} INFO - Setting next_dagrun for example_local_kubernetes_executor to None, run_after=None
[2025-08-19T03:12:31.048+0000] {processor.py:183} INFO - Processing /home/airflow/.local/lib/python3.12/site-packages/airflow/example_dags/example_local_kubernetes_executor.py took 0.098 seconds
[2025-08-19T03:13:01.618+0000] {processor.py:161} INFO - Started process (PID=22551) to work on /home/airflow/.local/lib/python3.12/site-packages/airflow/example_dags/example_local_kubernetes_executor.py
[2025-08-19T03:13:01.621+0000] {processor.py:830} INFO - Processing file /home/airflow/.local/lib/python3.12/site-packages/airflow/example_dags/example_local_kubernetes_executor.py for tasks to queue
[2025-08-19T03:13:01.623+0000] {logging_mixin.py:188} INFO - [2025-08-19T03:13:01.622+0000] {dagbag.py:545} INFO - Filling up the DagBag from /home/airflow/.local/lib/python3.12/site-packages/airflow/example_dags/example_local_kubernetes_executor.py
[2025-08-19T03:13:01.631+0000] {processor.py:840} INFO - DAG(s) 'example_local_kubernetes_executor' retrieved from /home/airflow/.local/lib/python3.12/site-packages/airflow/example_dags/example_local_kubernetes_executor.py
[2025-08-19T03:13:01.674+0000] {logging_mixin.py:188} INFO - [2025-08-19T03:13:01.674+0000] {dag.py:3096} INFO - Sync 1 DAGs
[2025-08-19T03:13:01.690+0000] {logging_mixin.py:188} INFO - [2025-08-19T03:13:01.690+0000] {dag.py:3954} INFO - Setting next_dagrun for example_local_kubernetes_executor to None, run_after=None
[2025-08-19T03:13:01.714+0000] {processor.py:183} INFO - Processing /home/airflow/.local/lib/python3.12/site-packages/airflow/example_dags/example_local_kubernetes_executor.py took 0.101 seconds
[2025-08-19T03:13:32.466+0000] {processor.py:161} INFO - Started process (PID=22604) to work on /home/airflow/.local/lib/python3.12/site-packages/airflow/example_dags/example_local_kubernetes_executor.py
[2025-08-19T03:13:32.467+0000] {processor.py:830} INFO - Processing file /home/airflow/.local/lib/python3.12/site-packages/airflow/example_dags/example_local_kubernetes_executor.py for tasks to queue
[2025-08-19T03:13:32.468+0000] {logging_mixin.py:188} INFO - [2025-08-19T03:13:32.468+0000] {dagbag.py:545} INFO - Filling up the DagBag from /home/airflow/.local/lib/python3.12/site-packages/airflow/example_dags/example_local_kubernetes_executor.py
[2025-08-19T03:13:32.476+0000] {processor.py:840} INFO - DAG(s) 'example_local_kubernetes_executor' retrieved from /home/airflow/.local/lib/python3.12/site-packages/airflow/example_dags/example_local_kubernetes_executor.py
[2025-08-19T03:13:32.525+0000] {logging_mixin.py:188} INFO - [2025-08-19T03:13:32.524+0000] {dag.py:3096} INFO - Sync 1 DAGs
[2025-08-19T03:13:32.539+0000] {logging_mixin.py:188} INFO - [2025-08-19T03:13:32.539+0000] {dag.py:3954} INFO - Setting next_dagrun for example_local_kubernetes_executor to None, run_after=None
[2025-08-19T03:13:32.568+0000] {processor.py:183} INFO - Processing /home/airflow/.local/lib/python3.12/site-packages/airflow/example_dags/example_local_kubernetes_executor.py took 0.108 seconds
[2025-08-19T03:14:03.287+0000] {processor.py:161} INFO - Started process (PID=22657) to work on /home/airflow/.local/lib/python3.12/site-packages/airflow/example_dags/example_local_kubernetes_executor.py
[2025-08-19T03:14:03.288+0000] {processor.py:830} INFO - Processing file /home/airflow/.local/lib/python3.12/site-packages/airflow/example_dags/example_local_kubernetes_executor.py for tasks to queue
[2025-08-19T03:14:03.290+0000] {logging_mixin.py:188} INFO - [2025-08-19T03:14:03.289+0000] {dagbag.py:545} INFO - Filling up the DagBag from /home/airflow/.local/lib/python3.12/site-packages/airflow/example_dags/example_local_kubernetes_executor.py
[2025-08-19T03:14:03.298+0000] {processor.py:840} INFO - DAG(s) 'example_local_kubernetes_executor' retrieved from /home/airflow/.local/lib/python3.12/site-packages/airflow/example_dags/example_local_kubernetes_executor.py
[2025-08-19T03:14:03.341+0000] {logging_mixin.py:188} INFO - [2025-08-19T03:14:03.340+0000] {dag.py:3096} INFO - Sync 1 DAGs
[2025-08-19T03:14:03.356+0000] {logging_mixin.py:188} INFO - [2025-08-19T03:14:03.356+0000] {dag.py:3954} INFO - Setting next_dagrun for example_local_kubernetes_executor to None, run_after=None
[2025-08-19T03:14:03.383+0000] {processor.py:183} INFO - Processing /home/airflow/.local/lib/python3.12/site-packages/airflow/example_dags/example_local_kubernetes_executor.py took 0.103 seconds
[2025-08-19T03:14:34.082+0000] {processor.py:161} INFO - Started process (PID=22710) to work on /home/airflow/.local/lib/python3.12/site-packages/airflow/example_dags/example_local_kubernetes_executor.py
[2025-08-19T03:14:34.083+0000] {processor.py:830} INFO - Processing file /home/airflow/.local/lib/python3.12/site-packages/airflow/example_dags/example_local_kubernetes_executor.py for tasks to queue
[2025-08-19T03:14:34.085+0000] {logging_mixin.py:188} INFO - [2025-08-19T03:14:34.084+0000] {dagbag.py:545} INFO - Filling up the DagBag from /home/airflow/.local/lib/python3.12/site-packages/airflow/example_dags/example_local_kubernetes_executor.py
[2025-08-19T03:14:34.095+0000] {processor.py:840} INFO - DAG(s) 'example_local_kubernetes_executor' retrieved from /home/airflow/.local/lib/python3.12/site-packages/airflow/example_dags/example_local_kubernetes_executor.py
[2025-08-19T03:14:34.138+0000] {logging_mixin.py:188} INFO - [2025-08-19T03:14:34.138+0000] {dag.py:3096} INFO - Sync 1 DAGs
[2025-08-19T03:14:34.154+0000] {logging_mixin.py:188} INFO - [2025-08-19T03:14:34.154+0000] {dag.py:3954} INFO - Setting next_dagrun for example_local_kubernetes_executor to None, run_after=None
[2025-08-19T03:14:34.176+0000] {processor.py:183} INFO - Processing /home/airflow/.local/lib/python3.12/site-packages/airflow/example_dags/example_local_kubernetes_executor.py took 0.103 seconds
[2025-08-19T03:15:04.861+0000] {processor.py:161} INFO - Started process (PID=22763) to work on /home/airflow/.local/lib/python3.12/site-packages/airflow/example_dags/example_local_kubernetes_executor.py
[2025-08-19T03:15:04.863+0000] {processor.py:830} INFO - Processing file /home/airflow/.local/lib/python3.12/site-packages/airflow/example_dags/example_local_kubernetes_executor.py for tasks to queue
[2025-08-19T03:15:04.864+0000] {logging_mixin.py:188} INFO - [2025-08-19T03:15:04.864+0000] {dagbag.py:545} INFO - Filling up the DagBag from /home/airflow/.local/lib/python3.12/site-packages/airflow/example_dags/example_local_kubernetes_executor.py
[2025-08-19T03:15:04.872+0000] {processor.py:840} INFO - DAG(s) 'example_local_kubernetes_executor' retrieved from /home/airflow/.local/lib/python3.12/site-packages/airflow/example_dags/example_local_kubernetes_executor.py
[2025-08-19T03:15:04.916+0000] {logging_mixin.py:188} INFO - [2025-08-19T03:15:04.916+0000] {dag.py:3096} INFO - Sync 1 DAGs
[2025-08-19T03:15:04.932+0000] {logging_mixin.py:188} INFO - [2025-08-19T03:15:04.931+0000] {dag.py:3954} INFO - Setting next_dagrun for example_local_kubernetes_executor to None, run_after=None
[2025-08-19T03:15:04.956+0000] {processor.py:183} INFO - Processing /home/airflow/.local/lib/python3.12/site-packages/airflow/example_dags/example_local_kubernetes_executor.py took 0.102 seconds
[2025-08-19T03:15:35.722+0000] {processor.py:161} INFO - Started process (PID=22816) to work on /home/airflow/.local/lib/python3.12/site-packages/airflow/example_dags/example_local_kubernetes_executor.py
[2025-08-19T03:15:35.724+0000] {processor.py:830} INFO - Processing file /home/airflow/.local/lib/python3.12/site-packages/airflow/example_dags/example_local_kubernetes_executor.py for tasks to queue
[2025-08-19T03:15:35.725+0000] {logging_mixin.py:188} INFO - [2025-08-19T03:15:35.725+0000] {dagbag.py:545} INFO - Filling up the DagBag from /home/airflow/.local/lib/python3.12/site-packages/airflow/example_dags/example_local_kubernetes_executor.py
[2025-08-19T03:15:35.733+0000] {processor.py:840} INFO - DAG(s) 'example_local_kubernetes_executor' retrieved from /home/airflow/.local/lib/python3.12/site-packages/airflow/example_dags/example_local_kubernetes_executor.py
[2025-08-19T03:15:35.774+0000] {logging_mixin.py:188} INFO - [2025-08-19T03:15:35.774+0000] {dag.py:3096} INFO - Sync 1 DAGs
[2025-08-19T03:15:35.787+0000] {logging_mixin.py:188} INFO - [2025-08-19T03:15:35.787+0000] {dag.py:3954} INFO - Setting next_dagrun for example_local_kubernetes_executor to None, run_after=None
[2025-08-19T03:15:35.813+0000] {processor.py:183} INFO - Processing /home/airflow/.local/lib/python3.12/site-packages/airflow/example_dags/example_local_kubernetes_executor.py took 0.096 seconds
[2025-08-19T03:16:06.468+0000] {processor.py:161} INFO - Started process (PID=22869) to work on /home/airflow/.local/lib/python3.12/site-packages/airflow/example_dags/example_local_kubernetes_executor.py
[2025-08-19T03:16:06.470+0000] {processor.py:830} INFO - Processing file /home/airflow/.local/lib/python3.12/site-packages/airflow/example_dags/example_local_kubernetes_executor.py for tasks to queue
[2025-08-19T03:16:06.471+0000] {logging_mixin.py:188} INFO - [2025-08-19T03:16:06.471+0000] {dagbag.py:545} INFO - Filling up the DagBag from /home/airflow/.local/lib/python3.12/site-packages/airflow/example_dags/example_local_kubernetes_executor.py
[2025-08-19T03:16:06.479+0000] {processor.py:840} INFO - DAG(s) 'example_local_kubernetes_executor' retrieved from /home/airflow/.local/lib/python3.12/site-packages/airflow/example_dags/example_local_kubernetes_executor.py
[2025-08-19T03:16:06.522+0000] {logging_mixin.py:188} INFO - [2025-08-19T03:16:06.522+0000] {dag.py:3096} INFO - Sync 1 DAGs
[2025-08-19T03:16:06.536+0000] {logging_mixin.py:188} INFO - [2025-08-19T03:16:06.536+0000] {dag.py:3954} INFO - Setting next_dagrun for example_local_kubernetes_executor to None, run_after=None
[2025-08-19T03:16:06.559+0000] {processor.py:183} INFO - Processing /home/airflow/.local/lib/python3.12/site-packages/airflow/example_dags/example_local_kubernetes_executor.py took 0.097 seconds
[2025-08-19T03:16:36.959+0000] {processor.py:161} INFO - Started process (PID=22922) to work on /home/airflow/.local/lib/python3.12/site-packages/airflow/example_dags/example_local_kubernetes_executor.py
[2025-08-19T03:16:36.962+0000] {processor.py:830} INFO - Processing file /home/airflow/.local/lib/python3.12/site-packages/airflow/example_dags/example_local_kubernetes_executor.py for tasks to queue
[2025-08-19T03:16:36.963+0000] {logging_mixin.py:188} INFO - [2025-08-19T03:16:36.963+0000] {dagbag.py:545} INFO - Filling up the DagBag from /home/airflow/.local/lib/python3.12/site-packages/airflow/example_dags/example_local_kubernetes_executor.py
[2025-08-19T03:16:36.972+0000] {processor.py:840} INFO - DAG(s) 'example_local_kubernetes_executor' retrieved from /home/airflow/.local/lib/python3.12/site-packages/airflow/example_dags/example_local_kubernetes_executor.py
[2025-08-19T03:16:37.015+0000] {logging_mixin.py:188} INFO - [2025-08-19T03:16:37.015+0000] {dag.py:3096} INFO - Sync 1 DAGs
[2025-08-19T03:16:37.029+0000] {logging_mixin.py:188} INFO - [2025-08-19T03:16:37.029+0000] {dag.py:3954} INFO - Setting next_dagrun for example_local_kubernetes_executor to None, run_after=None
[2025-08-19T03:16:37.055+0000] {processor.py:183} INFO - Processing /home/airflow/.local/lib/python3.12/site-packages/airflow/example_dags/example_local_kubernetes_executor.py took 0.102 seconds
[2025-08-19T03:17:07.211+0000] {processor.py:161} INFO - Started process (PID=22975) to work on /home/airflow/.local/lib/python3.12/site-packages/airflow/example_dags/example_local_kubernetes_executor.py
[2025-08-19T03:17:07.213+0000] {processor.py:830} INFO - Processing file /home/airflow/.local/lib/python3.12/site-packages/airflow/example_dags/example_local_kubernetes_executor.py for tasks to queue
[2025-08-19T03:17:07.214+0000] {logging_mixin.py:188} INFO - [2025-08-19T03:17:07.213+0000] {dagbag.py:545} INFO - Filling up the DagBag from /home/airflow/.local/lib/python3.12/site-packages/airflow/example_dags/example_local_kubernetes_executor.py
[2025-08-19T03:17:07.221+0000] {processor.py:840} INFO - DAG(s) 'example_local_kubernetes_executor' retrieved from /home/airflow/.local/lib/python3.12/site-packages/airflow/example_dags/example_local_kubernetes_executor.py
[2025-08-19T03:17:07.264+0000] {logging_mixin.py:188} INFO - [2025-08-19T03:17:07.263+0000] {dag.py:3096} INFO - Sync 1 DAGs
[2025-08-19T03:17:07.278+0000] {logging_mixin.py:188} INFO - [2025-08-19T03:17:07.278+0000] {dag.py:3954} INFO - Setting next_dagrun for example_local_kubernetes_executor to None, run_after=None
[2025-08-19T03:17:07.300+0000] {processor.py:183} INFO - Processing /home/airflow/.local/lib/python3.12/site-packages/airflow/example_dags/example_local_kubernetes_executor.py took 0.096 seconds
[2025-08-19T03:17:37.916+0000] {processor.py:161} INFO - Started process (PID=23028) to work on /home/airflow/.local/lib/python3.12/site-packages/airflow/example_dags/example_local_kubernetes_executor.py
[2025-08-19T03:17:37.918+0000] {processor.py:830} INFO - Processing file /home/airflow/.local/lib/python3.12/site-packages/airflow/example_dags/example_local_kubernetes_executor.py for tasks to queue
[2025-08-19T03:17:37.920+0000] {logging_mixin.py:188} INFO - [2025-08-19T03:17:37.919+0000] {dagbag.py:545} INFO - Filling up the DagBag from /home/airflow/.local/lib/python3.12/site-packages/airflow/example_dags/example_local_kubernetes_executor.py
[2025-08-19T03:17:37.930+0000] {processor.py:840} INFO - DAG(s) 'example_local_kubernetes_executor' retrieved from /home/airflow/.local/lib/python3.12/site-packages/airflow/example_dags/example_local_kubernetes_executor.py
[2025-08-19T03:17:37.983+0000] {logging_mixin.py:188} INFO - [2025-08-19T03:17:37.983+0000] {dag.py:3096} INFO - Sync 1 DAGs
[2025-08-19T03:17:37.997+0000] {logging_mixin.py:188} INFO - [2025-08-19T03:17:37.997+0000] {dag.py:3954} INFO - Setting next_dagrun for example_local_kubernetes_executor to None, run_after=None
[2025-08-19T03:17:38.022+0000] {processor.py:183} INFO - Processing /home/airflow/.local/lib/python3.12/site-packages/airflow/example_dags/example_local_kubernetes_executor.py took 0.112 seconds
[2025-08-19T03:18:08.158+0000] {processor.py:161} INFO - Started process (PID=23081) to work on /home/airflow/.local/lib/python3.12/site-packages/airflow/example_dags/example_local_kubernetes_executor.py
[2025-08-19T03:18:08.159+0000] {processor.py:830} INFO - Processing file /home/airflow/.local/lib/python3.12/site-packages/airflow/example_dags/example_local_kubernetes_executor.py for tasks to queue
[2025-08-19T03:18:08.161+0000] {logging_mixin.py:188} INFO - [2025-08-19T03:18:08.161+0000] {dagbag.py:545} INFO - Filling up the DagBag from /home/airflow/.local/lib/python3.12/site-packages/airflow/example_dags/example_local_kubernetes_executor.py
[2025-08-19T03:18:08.172+0000] {processor.py:840} INFO - DAG(s) 'example_local_kubernetes_executor' retrieved from /home/airflow/.local/lib/python3.12/site-packages/airflow/example_dags/example_local_kubernetes_executor.py
[2025-08-19T03:18:08.215+0000] {logging_mixin.py:188} INFO - [2025-08-19T03:18:08.215+0000] {dag.py:3096} INFO - Sync 1 DAGs
[2025-08-19T03:18:08.232+0000] {logging_mixin.py:188} INFO - [2025-08-19T03:18:08.232+0000] {dag.py:3954} INFO - Setting next_dagrun for example_local_kubernetes_executor to None, run_after=None
[2025-08-19T03:18:08.259+0000] {processor.py:183} INFO - Processing /home/airflow/.local/lib/python3.12/site-packages/airflow/example_dags/example_local_kubernetes_executor.py took 0.107 seconds
[2025-08-19T03:18:38.437+0000] {processor.py:161} INFO - Started process (PID=23135) to work on /home/airflow/.local/lib/python3.12/site-packages/airflow/example_dags/example_local_kubernetes_executor.py
[2025-08-19T03:18:38.439+0000] {processor.py:830} INFO - Processing file /home/airflow/.local/lib/python3.12/site-packages/airflow/example_dags/example_local_kubernetes_executor.py for tasks to queue
[2025-08-19T03:18:38.442+0000] {logging_mixin.py:188} INFO - [2025-08-19T03:18:38.441+0000] {dagbag.py:545} INFO - Filling up the DagBag from /home/airflow/.local/lib/python3.12/site-packages/airflow/example_dags/example_local_kubernetes_executor.py
[2025-08-19T03:18:38.451+0000] {processor.py:840} INFO - DAG(s) 'example_local_kubernetes_executor' retrieved from /home/airflow/.local/lib/python3.12/site-packages/airflow/example_dags/example_local_kubernetes_executor.py
[2025-08-19T03:18:38.491+0000] {logging_mixin.py:188} INFO - [2025-08-19T03:18:38.490+0000] {dag.py:3096} INFO - Sync 1 DAGs
[2025-08-19T03:18:38.505+0000] {logging_mixin.py:188} INFO - [2025-08-19T03:18:38.504+0000] {dag.py:3954} INFO - Setting next_dagrun for example_local_kubernetes_executor to None, run_after=None
[2025-08-19T03:18:38.529+0000] {processor.py:183} INFO - Processing /home/airflow/.local/lib/python3.12/site-packages/airflow/example_dags/example_local_kubernetes_executor.py took 0.100 seconds
[2025-08-19T03:19:08.689+0000] {processor.py:161} INFO - Started process (PID=23188) to work on /home/airflow/.local/lib/python3.12/site-packages/airflow/example_dags/example_local_kubernetes_executor.py
[2025-08-19T03:19:08.691+0000] {processor.py:830} INFO - Processing file /home/airflow/.local/lib/python3.12/site-packages/airflow/example_dags/example_local_kubernetes_executor.py for tasks to queue
[2025-08-19T03:19:08.692+0000] {logging_mixin.py:188} INFO - [2025-08-19T03:19:08.691+0000] {dagbag.py:545} INFO - Filling up the DagBag from /home/airflow/.local/lib/python3.12/site-packages/airflow/example_dags/example_local_kubernetes_executor.py
[2025-08-19T03:19:08.702+0000] {processor.py:840} INFO - DAG(s) 'example_local_kubernetes_executor' retrieved from /home/airflow/.local/lib/python3.12/site-packages/airflow/example_dags/example_local_kubernetes_executor.py
[2025-08-19T03:19:08.749+0000] {logging_mixin.py:188} INFO - [2025-08-19T03:19:08.748+0000] {dag.py:3096} INFO - Sync 1 DAGs
[2025-08-19T03:19:08.762+0000] {logging_mixin.py:188} INFO - [2025-08-19T03:19:08.762+0000] {dag.py:3954} INFO - Setting next_dagrun for example_local_kubernetes_executor to None, run_after=None
[2025-08-19T03:19:08.788+0000] {processor.py:183} INFO - Processing /home/airflow/.local/lib/python3.12/site-packages/airflow/example_dags/example_local_kubernetes_executor.py took 0.107 seconds
[2025-08-19T03:19:39.465+0000] {processor.py:161} INFO - Started process (PID=23240) to work on /home/airflow/.local/lib/python3.12/site-packages/airflow/example_dags/example_local_kubernetes_executor.py
[2025-08-19T03:19:39.467+0000] {processor.py:830} INFO - Processing file /home/airflow/.local/lib/python3.12/site-packages/airflow/example_dags/example_local_kubernetes_executor.py for tasks to queue
[2025-08-19T03:19:39.470+0000] {logging_mixin.py:188} INFO - [2025-08-19T03:19:39.469+0000] {dagbag.py:545} INFO - Filling up the DagBag from /home/airflow/.local/lib/python3.12/site-packages/airflow/example_dags/example_local_kubernetes_executor.py
[2025-08-19T03:19:39.482+0000] {processor.py:840} INFO - DAG(s) 'example_local_kubernetes_executor' retrieved from /home/airflow/.local/lib/python3.12/site-packages/airflow/example_dags/example_local_kubernetes_executor.py
[2025-08-19T03:19:39.535+0000] {logging_mixin.py:188} INFO - [2025-08-19T03:19:39.535+0000] {dag.py:3096} INFO - Sync 1 DAGs
[2025-08-19T03:19:39.551+0000] {logging_mixin.py:188} INFO - [2025-08-19T03:19:39.550+0000] {dag.py:3954} INFO - Setting next_dagrun for example_local_kubernetes_executor to None, run_after=None
[2025-08-19T03:19:39.580+0000] {processor.py:183} INFO - Processing /home/airflow/.local/lib/python3.12/site-packages/airflow/example_dags/example_local_kubernetes_executor.py took 0.123 seconds
[2025-08-19T03:20:09.842+0000] {processor.py:161} INFO - Started process (PID=23293) to work on /home/airflow/.local/lib/python3.12/site-packages/airflow/example_dags/example_local_kubernetes_executor.py
[2025-08-19T03:20:09.843+0000] {processor.py:830} INFO - Processing file /home/airflow/.local/lib/python3.12/site-packages/airflow/example_dags/example_local_kubernetes_executor.py for tasks to queue
[2025-08-19T03:20:09.845+0000] {logging_mixin.py:188} INFO - [2025-08-19T03:20:09.844+0000] {dagbag.py:545} INFO - Filling up the DagBag from /home/airflow/.local/lib/python3.12/site-packages/airflow/example_dags/example_local_kubernetes_executor.py
[2025-08-19T03:20:09.853+0000] {processor.py:840} INFO - DAG(s) 'example_local_kubernetes_executor' retrieved from /home/airflow/.local/lib/python3.12/site-packages/airflow/example_dags/example_local_kubernetes_executor.py
[2025-08-19T03:20:09.899+0000] {logging_mixin.py:188} INFO - [2025-08-19T03:20:09.898+0000] {dag.py:3096} INFO - Sync 1 DAGs
[2025-08-19T03:20:09.914+0000] {logging_mixin.py:188} INFO - [2025-08-19T03:20:09.913+0000] {dag.py:3954} INFO - Setting next_dagrun for example_local_kubernetes_executor to None, run_after=None
[2025-08-19T03:20:09.938+0000] {processor.py:183} INFO - Processing /home/airflow/.local/lib/python3.12/site-packages/airflow/example_dags/example_local_kubernetes_executor.py took 0.102 seconds
[2025-08-19T03:20:40.037+0000] {processor.py:161} INFO - Started process (PID=23346) to work on /home/airflow/.local/lib/python3.12/site-packages/airflow/example_dags/example_local_kubernetes_executor.py
[2025-08-19T03:20:40.039+0000] {processor.py:830} INFO - Processing file /home/airflow/.local/lib/python3.12/site-packages/airflow/example_dags/example_local_kubernetes_executor.py for tasks to queue
[2025-08-19T03:20:40.041+0000] {logging_mixin.py:188} INFO - [2025-08-19T03:20:40.040+0000] {dagbag.py:545} INFO - Filling up the DagBag from /home/airflow/.local/lib/python3.12/site-packages/airflow/example_dags/example_local_kubernetes_executor.py
[2025-08-19T03:20:40.048+0000] {processor.py:840} INFO - DAG(s) 'example_local_kubernetes_executor' retrieved from /home/airflow/.local/lib/python3.12/site-packages/airflow/example_dags/example_local_kubernetes_executor.py
[2025-08-19T03:20:40.090+0000] {logging_mixin.py:188} INFO - [2025-08-19T03:20:40.090+0000] {dag.py:3096} INFO - Sync 1 DAGs
[2025-08-19T03:20:40.105+0000] {logging_mixin.py:188} INFO - [2025-08-19T03:20:40.105+0000] {dag.py:3954} INFO - Setting next_dagrun for example_local_kubernetes_executor to None, run_after=None
[2025-08-19T03:20:40.131+0000] {processor.py:183} INFO - Processing /home/airflow/.local/lib/python3.12/site-packages/airflow/example_dags/example_local_kubernetes_executor.py took 0.100 seconds
[2025-08-19T03:21:10.402+0000] {processor.py:161} INFO - Started process (PID=23399) to work on /home/airflow/.local/lib/python3.12/site-packages/airflow/example_dags/example_local_kubernetes_executor.py
[2025-08-19T03:21:10.404+0000] {processor.py:830} INFO - Processing file /home/airflow/.local/lib/python3.12/site-packages/airflow/example_dags/example_local_kubernetes_executor.py for tasks to queue
[2025-08-19T03:21:10.406+0000] {logging_mixin.py:188} INFO - [2025-08-19T03:21:10.406+0000] {dagbag.py:545} INFO - Filling up the DagBag from /home/airflow/.local/lib/python3.12/site-packages/airflow/example_dags/example_local_kubernetes_executor.py
[2025-08-19T03:21:10.415+0000] {processor.py:840} INFO - DAG(s) 'example_local_kubernetes_executor' retrieved from /home/airflow/.local/lib/python3.12/site-packages/airflow/example_dags/example_local_kubernetes_executor.py
[2025-08-19T03:21:10.456+0000] {logging_mixin.py:188} INFO - [2025-08-19T03:21:10.456+0000] {dag.py:3096} INFO - Sync 1 DAGs
[2025-08-19T03:21:10.471+0000] {logging_mixin.py:188} INFO - [2025-08-19T03:21:10.471+0000] {dag.py:3954} INFO - Setting next_dagrun for example_local_kubernetes_executor to None, run_after=None
[2025-08-19T03:21:10.494+0000] {processor.py:183} INFO - Processing /home/airflow/.local/lib/python3.12/site-packages/airflow/example_dags/example_local_kubernetes_executor.py took 0.097 seconds
[2025-08-19T03:21:40.975+0000] {processor.py:161} INFO - Started process (PID=23452) to work on /home/airflow/.local/lib/python3.12/site-packages/airflow/example_dags/example_local_kubernetes_executor.py
[2025-08-19T03:21:40.976+0000] {processor.py:830} INFO - Processing file /home/airflow/.local/lib/python3.12/site-packages/airflow/example_dags/example_local_kubernetes_executor.py for tasks to queue
[2025-08-19T03:21:40.978+0000] {logging_mixin.py:188} INFO - [2025-08-19T03:21:40.978+0000] {dagbag.py:545} INFO - Filling up the DagBag from /home/airflow/.local/lib/python3.12/site-packages/airflow/example_dags/example_local_kubernetes_executor.py
[2025-08-19T03:21:40.985+0000] {processor.py:840} INFO - DAG(s) 'example_local_kubernetes_executor' retrieved from /home/airflow/.local/lib/python3.12/site-packages/airflow/example_dags/example_local_kubernetes_executor.py
[2025-08-19T03:21:41.032+0000] {logging_mixin.py:188} INFO - [2025-08-19T03:21:41.032+0000] {dag.py:3096} INFO - Sync 1 DAGs
[2025-08-19T03:21:41.047+0000] {logging_mixin.py:188} INFO - [2025-08-19T03:21:41.047+0000] {dag.py:3954} INFO - Setting next_dagrun for example_local_kubernetes_executor to None, run_after=None
[2025-08-19T03:21:41.072+0000] {processor.py:183} INFO - Processing /home/airflow/.local/lib/python3.12/site-packages/airflow/example_dags/example_local_kubernetes_executor.py took 0.105 seconds
[2025-08-19T03:22:11.592+0000] {processor.py:161} INFO - Started process (PID=23505) to work on /home/airflow/.local/lib/python3.12/site-packages/airflow/example_dags/example_local_kubernetes_executor.py
[2025-08-19T03:22:11.594+0000] {processor.py:830} INFO - Processing file /home/airflow/.local/lib/python3.12/site-packages/airflow/example_dags/example_local_kubernetes_executor.py for tasks to queue
[2025-08-19T03:22:11.595+0000] {logging_mixin.py:188} INFO - [2025-08-19T03:22:11.595+0000] {dagbag.py:545} INFO - Filling up the DagBag from /home/airflow/.local/lib/python3.12/site-packages/airflow/example_dags/example_local_kubernetes_executor.py
[2025-08-19T03:22:11.604+0000] {processor.py:840} INFO - DAG(s) 'example_local_kubernetes_executor' retrieved from /home/airflow/.local/lib/python3.12/site-packages/airflow/example_dags/example_local_kubernetes_executor.py
[2025-08-19T03:22:11.649+0000] {logging_mixin.py:188} INFO - [2025-08-19T03:22:11.649+0000] {dag.py:3096} INFO - Sync 1 DAGs
[2025-08-19T03:22:11.665+0000] {logging_mixin.py:188} INFO - [2025-08-19T03:22:11.664+0000] {dag.py:3954} INFO - Setting next_dagrun for example_local_kubernetes_executor to None, run_after=None
[2025-08-19T03:22:11.688+0000] {processor.py:183} INFO - Processing /home/airflow/.local/lib/python3.12/site-packages/airflow/example_dags/example_local_kubernetes_executor.py took 0.102 seconds
[2025-08-19T03:22:42.117+0000] {processor.py:161} INFO - Started process (PID=23558) to work on /home/airflow/.local/lib/python3.12/site-packages/airflow/example_dags/example_local_kubernetes_executor.py
[2025-08-19T03:22:42.119+0000] {processor.py:830} INFO - Processing file /home/airflow/.local/lib/python3.12/site-packages/airflow/example_dags/example_local_kubernetes_executor.py for tasks to queue
[2025-08-19T03:22:42.121+0000] {logging_mixin.py:188} INFO - [2025-08-19T03:22:42.121+0000] {dagbag.py:545} INFO - Filling up the DagBag from /home/airflow/.local/lib/python3.12/site-packages/airflow/example_dags/example_local_kubernetes_executor.py
[2025-08-19T03:22:42.130+0000] {processor.py:840} INFO - DAG(s) 'example_local_kubernetes_executor' retrieved from /home/airflow/.local/lib/python3.12/site-packages/airflow/example_dags/example_local_kubernetes_executor.py
[2025-08-19T03:22:42.170+0000] {logging_mixin.py:188} INFO - [2025-08-19T03:22:42.169+0000] {dag.py:3096} INFO - Sync 1 DAGs
[2025-08-19T03:22:42.187+0000] {logging_mixin.py:188} INFO - [2025-08-19T03:22:42.187+0000] {dag.py:3954} INFO - Setting next_dagrun for example_local_kubernetes_executor to None, run_after=None
[2025-08-19T03:22:42.214+0000] {processor.py:183} INFO - Processing /home/airflow/.local/lib/python3.12/site-packages/airflow/example_dags/example_local_kubernetes_executor.py took 0.103 seconds
[2025-08-19T03:23:12.594+0000] {processor.py:161} INFO - Started process (PID=23611) to work on /home/airflow/.local/lib/python3.12/site-packages/airflow/example_dags/example_local_kubernetes_executor.py
[2025-08-19T03:23:12.596+0000] {processor.py:830} INFO - Processing file /home/airflow/.local/lib/python3.12/site-packages/airflow/example_dags/example_local_kubernetes_executor.py for tasks to queue
[2025-08-19T03:23:12.597+0000] {logging_mixin.py:188} INFO - [2025-08-19T03:23:12.597+0000] {dagbag.py:545} INFO - Filling up the DagBag from /home/airflow/.local/lib/python3.12/site-packages/airflow/example_dags/example_local_kubernetes_executor.py
[2025-08-19T03:23:12.604+0000] {processor.py:840} INFO - DAG(s) 'example_local_kubernetes_executor' retrieved from /home/airflow/.local/lib/python3.12/site-packages/airflow/example_dags/example_local_kubernetes_executor.py
[2025-08-19T03:23:12.643+0000] {logging_mixin.py:188} INFO - [2025-08-19T03:23:12.643+0000] {dag.py:3096} INFO - Sync 1 DAGs
[2025-08-19T03:23:12.657+0000] {logging_mixin.py:188} INFO - [2025-08-19T03:23:12.657+0000] {dag.py:3954} INFO - Setting next_dagrun for example_local_kubernetes_executor to None, run_after=None
[2025-08-19T03:23:12.684+0000] {processor.py:183} INFO - Processing /home/airflow/.local/lib/python3.12/site-packages/airflow/example_dags/example_local_kubernetes_executor.py took 0.099 seconds
[2025-08-19T03:23:42.923+0000] {processor.py:161} INFO - Started process (PID=23664) to work on /home/airflow/.local/lib/python3.12/site-packages/airflow/example_dags/example_local_kubernetes_executor.py
[2025-08-19T03:23:42.925+0000] {processor.py:830} INFO - Processing file /home/airflow/.local/lib/python3.12/site-packages/airflow/example_dags/example_local_kubernetes_executor.py for tasks to queue
[2025-08-19T03:23:42.927+0000] {logging_mixin.py:188} INFO - [2025-08-19T03:23:42.926+0000] {dagbag.py:545} INFO - Filling up the DagBag from /home/airflow/.local/lib/python3.12/site-packages/airflow/example_dags/example_local_kubernetes_executor.py
[2025-08-19T03:23:42.935+0000] {processor.py:840} INFO - DAG(s) 'example_local_kubernetes_executor' retrieved from /home/airflow/.local/lib/python3.12/site-packages/airflow/example_dags/example_local_kubernetes_executor.py
[2025-08-19T03:23:42.977+0000] {logging_mixin.py:188} INFO - [2025-08-19T03:23:42.977+0000] {dag.py:3096} INFO - Sync 1 DAGs
[2025-08-19T03:23:42.991+0000] {logging_mixin.py:188} INFO - [2025-08-19T03:23:42.991+0000] {dag.py:3954} INFO - Setting next_dagrun for example_local_kubernetes_executor to None, run_after=None
[2025-08-19T03:23:43.015+0000] {processor.py:183} INFO - Processing /home/airflow/.local/lib/python3.12/site-packages/airflow/example_dags/example_local_kubernetes_executor.py took 0.098 seconds
[2025-08-19T03:24:13.598+0000] {processor.py:161} INFO - Started process (PID=23717) to work on /home/airflow/.local/lib/python3.12/site-packages/airflow/example_dags/example_local_kubernetes_executor.py
[2025-08-19T03:24:13.600+0000] {processor.py:830} INFO - Processing file /home/airflow/.local/lib/python3.12/site-packages/airflow/example_dags/example_local_kubernetes_executor.py for tasks to queue
[2025-08-19T03:24:13.602+0000] {logging_mixin.py:188} INFO - [2025-08-19T03:24:13.601+0000] {dagbag.py:545} INFO - Filling up the DagBag from /home/airflow/.local/lib/python3.12/site-packages/airflow/example_dags/example_local_kubernetes_executor.py
[2025-08-19T03:24:13.610+0000] {processor.py:840} INFO - DAG(s) 'example_local_kubernetes_executor' retrieved from /home/airflow/.local/lib/python3.12/site-packages/airflow/example_dags/example_local_kubernetes_executor.py
[2025-08-19T03:24:13.656+0000] {logging_mixin.py:188} INFO - [2025-08-19T03:24:13.655+0000] {dag.py:3096} INFO - Sync 1 DAGs
[2025-08-19T03:24:13.670+0000] {logging_mixin.py:188} INFO - [2025-08-19T03:24:13.670+0000] {dag.py:3954} INFO - Setting next_dagrun for example_local_kubernetes_executor to None, run_after=None
[2025-08-19T03:24:13.694+0000] {processor.py:183} INFO - Processing /home/airflow/.local/lib/python3.12/site-packages/airflow/example_dags/example_local_kubernetes_executor.py took 0.102 seconds
[2025-08-19T03:24:44.202+0000] {processor.py:161} INFO - Started process (PID=23770) to work on /home/airflow/.local/lib/python3.12/site-packages/airflow/example_dags/example_local_kubernetes_executor.py
[2025-08-19T03:24:44.204+0000] {processor.py:830} INFO - Processing file /home/airflow/.local/lib/python3.12/site-packages/airflow/example_dags/example_local_kubernetes_executor.py for tasks to queue
[2025-08-19T03:24:44.205+0000] {logging_mixin.py:188} INFO - [2025-08-19T03:24:44.205+0000] {dagbag.py:545} INFO - Filling up the DagBag from /home/airflow/.local/lib/python3.12/site-packages/airflow/example_dags/example_local_kubernetes_executor.py
[2025-08-19T03:24:44.213+0000] {processor.py:840} INFO - DAG(s) 'example_local_kubernetes_executor' retrieved from /home/airflow/.local/lib/python3.12/site-packages/airflow/example_dags/example_local_kubernetes_executor.py
[2025-08-19T03:24:44.258+0000] {logging_mixin.py:188} INFO - [2025-08-19T03:24:44.257+0000] {dag.py:3096} INFO - Sync 1 DAGs
[2025-08-19T03:24:44.272+0000] {logging_mixin.py:188} INFO - [2025-08-19T03:24:44.272+0000] {dag.py:3954} INFO - Setting next_dagrun for example_local_kubernetes_executor to None, run_after=None
[2025-08-19T03:24:44.296+0000] {processor.py:183} INFO - Processing /home/airflow/.local/lib/python3.12/site-packages/airflow/example_dags/example_local_kubernetes_executor.py took 0.101 seconds
[2025-08-19T03:25:14.752+0000] {processor.py:161} INFO - Started process (PID=23823) to work on /home/airflow/.local/lib/python3.12/site-packages/airflow/example_dags/example_local_kubernetes_executor.py
[2025-08-19T03:25:14.754+0000] {processor.py:830} INFO - Processing file /home/airflow/.local/lib/python3.12/site-packages/airflow/example_dags/example_local_kubernetes_executor.py for tasks to queue
[2025-08-19T03:25:14.756+0000] {logging_mixin.py:188} INFO - [2025-08-19T03:25:14.755+0000] {dagbag.py:545} INFO - Filling up the DagBag from /home/airflow/.local/lib/python3.12/site-packages/airflow/example_dags/example_local_kubernetes_executor.py
[2025-08-19T03:25:14.764+0000] {processor.py:840} INFO - DAG(s) 'example_local_kubernetes_executor' retrieved from /home/airflow/.local/lib/python3.12/site-packages/airflow/example_dags/example_local_kubernetes_executor.py
[2025-08-19T03:25:14.809+0000] {logging_mixin.py:188} INFO - [2025-08-19T03:25:14.809+0000] {dag.py:3096} INFO - Sync 1 DAGs
[2025-08-19T03:25:14.823+0000] {logging_mixin.py:188} INFO - [2025-08-19T03:25:14.823+0000] {dag.py:3954} INFO - Setting next_dagrun for example_local_kubernetes_executor to None, run_after=None
[2025-08-19T03:25:14.848+0000] {processor.py:183} INFO - Processing /home/airflow/.local/lib/python3.12/site-packages/airflow/example_dags/example_local_kubernetes_executor.py took 0.106 seconds
[2025-08-19T03:25:45.388+0000] {processor.py:161} INFO - Started process (PID=23876) to work on /home/airflow/.local/lib/python3.12/site-packages/airflow/example_dags/example_local_kubernetes_executor.py
[2025-08-19T03:25:45.390+0000] {processor.py:830} INFO - Processing file /home/airflow/.local/lib/python3.12/site-packages/airflow/example_dags/example_local_kubernetes_executor.py for tasks to queue
[2025-08-19T03:25:45.392+0000] {logging_mixin.py:188} INFO - [2025-08-19T03:25:45.391+0000] {dagbag.py:545} INFO - Filling up the DagBag from /home/airflow/.local/lib/python3.12/site-packages/airflow/example_dags/example_local_kubernetes_executor.py
[2025-08-19T03:25:45.401+0000] {processor.py:840} INFO - DAG(s) 'example_local_kubernetes_executor' retrieved from /home/airflow/.local/lib/python3.12/site-packages/airflow/example_dags/example_local_kubernetes_executor.py
[2025-08-19T03:25:45.442+0000] {logging_mixin.py:188} INFO - [2025-08-19T03:25:45.442+0000] {dag.py:3096} INFO - Sync 1 DAGs
[2025-08-19T03:25:45.456+0000] {logging_mixin.py:188} INFO - [2025-08-19T03:25:45.456+0000] {dag.py:3954} INFO - Setting next_dagrun for example_local_kubernetes_executor to None, run_after=None
[2025-08-19T03:25:45.481+0000] {processor.py:183} INFO - Processing /home/airflow/.local/lib/python3.12/site-packages/airflow/example_dags/example_local_kubernetes_executor.py took 0.101 seconds
[2025-08-19T03:26:15.587+0000] {processor.py:161} INFO - Started process (PID=23927) to work on /home/airflow/.local/lib/python3.12/site-packages/airflow/example_dags/example_local_kubernetes_executor.py
[2025-08-19T03:26:15.588+0000] {processor.py:830} INFO - Processing file /home/airflow/.local/lib/python3.12/site-packages/airflow/example_dags/example_local_kubernetes_executor.py for tasks to queue
[2025-08-19T03:26:15.589+0000] {logging_mixin.py:188} INFO - [2025-08-19T03:26:15.589+0000] {dagbag.py:545} INFO - Filling up the DagBag from /home/airflow/.local/lib/python3.12/site-packages/airflow/example_dags/example_local_kubernetes_executor.py
[2025-08-19T03:26:15.598+0000] {processor.py:840} INFO - DAG(s) 'example_local_kubernetes_executor' retrieved from /home/airflow/.local/lib/python3.12/site-packages/airflow/example_dags/example_local_kubernetes_executor.py
[2025-08-19T03:26:15.640+0000] {logging_mixin.py:188} INFO - [2025-08-19T03:26:15.640+0000] {dag.py:3096} INFO - Sync 1 DAGs
[2025-08-19T03:26:15.656+0000] {logging_mixin.py:188} INFO - [2025-08-19T03:26:15.656+0000] {dag.py:3954} INFO - Setting next_dagrun for example_local_kubernetes_executor to None, run_after=None
[2025-08-19T03:26:15.683+0000] {processor.py:183} INFO - Processing /home/airflow/.local/lib/python3.12/site-packages/airflow/example_dags/example_local_kubernetes_executor.py took 0.102 seconds
[2025-08-19T03:26:46.114+0000] {processor.py:161} INFO - Started process (PID=23980) to work on /home/airflow/.local/lib/python3.12/site-packages/airflow/example_dags/example_local_kubernetes_executor.py
[2025-08-19T03:26:46.117+0000] {processor.py:830} INFO - Processing file /home/airflow/.local/lib/python3.12/site-packages/airflow/example_dags/example_local_kubernetes_executor.py for tasks to queue
[2025-08-19T03:26:46.118+0000] {logging_mixin.py:188} INFO - [2025-08-19T03:26:46.118+0000] {dagbag.py:545} INFO - Filling up the DagBag from /home/airflow/.local/lib/python3.12/site-packages/airflow/example_dags/example_local_kubernetes_executor.py
[2025-08-19T03:26:46.127+0000] {processor.py:840} INFO - DAG(s) 'example_local_kubernetes_executor' retrieved from /home/airflow/.local/lib/python3.12/site-packages/airflow/example_dags/example_local_kubernetes_executor.py
[2025-08-19T03:26:46.174+0000] {logging_mixin.py:188} INFO - [2025-08-19T03:26:46.173+0000] {dag.py:3096} INFO - Sync 1 DAGs
[2025-08-19T03:26:46.190+0000] {logging_mixin.py:188} INFO - [2025-08-19T03:26:46.189+0000] {dag.py:3954} INFO - Setting next_dagrun for example_local_kubernetes_executor to None, run_after=None
[2025-08-19T03:26:46.216+0000] {processor.py:183} INFO - Processing /home/airflow/.local/lib/python3.12/site-packages/airflow/example_dags/example_local_kubernetes_executor.py took 0.108 seconds
[2025-08-19T03:27:16.533+0000] {processor.py:161} INFO - Started process (PID=24033) to work on /home/airflow/.local/lib/python3.12/site-packages/airflow/example_dags/example_local_kubernetes_executor.py
[2025-08-19T03:27:16.535+0000] {processor.py:830} INFO - Processing file /home/airflow/.local/lib/python3.12/site-packages/airflow/example_dags/example_local_kubernetes_executor.py for tasks to queue
[2025-08-19T03:27:16.537+0000] {logging_mixin.py:188} INFO - [2025-08-19T03:27:16.537+0000] {dagbag.py:545} INFO - Filling up the DagBag from /home/airflow/.local/lib/python3.12/site-packages/airflow/example_dags/example_local_kubernetes_executor.py
[2025-08-19T03:27:16.551+0000] {processor.py:840} INFO - DAG(s) 'example_local_kubernetes_executor' retrieved from /home/airflow/.local/lib/python3.12/site-packages/airflow/example_dags/example_local_kubernetes_executor.py
[2025-08-19T03:27:16.595+0000] {logging_mixin.py:188} INFO - [2025-08-19T03:27:16.595+0000] {dag.py:3096} INFO - Sync 1 DAGs
[2025-08-19T03:27:16.612+0000] {logging_mixin.py:188} INFO - [2025-08-19T03:27:16.611+0000] {dag.py:3954} INFO - Setting next_dagrun for example_local_kubernetes_executor to None, run_after=None
[2025-08-19T03:27:16.638+0000] {processor.py:183} INFO - Processing /home/airflow/.local/lib/python3.12/site-packages/airflow/example_dags/example_local_kubernetes_executor.py took 0.112 seconds
[2025-08-19T03:27:47.062+0000] {processor.py:161} INFO - Started process (PID=24086) to work on /home/airflow/.local/lib/python3.12/site-packages/airflow/example_dags/example_local_kubernetes_executor.py
[2025-08-19T03:27:47.064+0000] {processor.py:830} INFO - Processing file /home/airflow/.local/lib/python3.12/site-packages/airflow/example_dags/example_local_kubernetes_executor.py for tasks to queue
[2025-08-19T03:27:47.066+0000] {logging_mixin.py:188} INFO - [2025-08-19T03:27:47.066+0000] {dagbag.py:545} INFO - Filling up the DagBag from /home/airflow/.local/lib/python3.12/site-packages/airflow/example_dags/example_local_kubernetes_executor.py
[2025-08-19T03:27:47.075+0000] {processor.py:840} INFO - DAG(s) 'example_local_kubernetes_executor' retrieved from /home/airflow/.local/lib/python3.12/site-packages/airflow/example_dags/example_local_kubernetes_executor.py
[2025-08-19T03:27:47.117+0000] {logging_mixin.py:188} INFO - [2025-08-19T03:27:47.117+0000] {dag.py:3096} INFO - Sync 1 DAGs
[2025-08-19T03:27:47.134+0000] {logging_mixin.py:188} INFO - [2025-08-19T03:27:47.133+0000] {dag.py:3954} INFO - Setting next_dagrun for example_local_kubernetes_executor to None, run_after=None
[2025-08-19T03:27:47.158+0000] {processor.py:183} INFO - Processing /home/airflow/.local/lib/python3.12/site-packages/airflow/example_dags/example_local_kubernetes_executor.py took 0.105 seconds
[2025-08-19T03:28:17.623+0000] {processor.py:161} INFO - Started process (PID=24139) to work on /home/airflow/.local/lib/python3.12/site-packages/airflow/example_dags/example_local_kubernetes_executor.py
[2025-08-19T03:28:17.625+0000] {processor.py:830} INFO - Processing file /home/airflow/.local/lib/python3.12/site-packages/airflow/example_dags/example_local_kubernetes_executor.py for tasks to queue
[2025-08-19T03:28:17.626+0000] {logging_mixin.py:188} INFO - [2025-08-19T03:28:17.626+0000] {dagbag.py:545} INFO - Filling up the DagBag from /home/airflow/.local/lib/python3.12/site-packages/airflow/example_dags/example_local_kubernetes_executor.py
[2025-08-19T03:28:17.635+0000] {processor.py:840} INFO - DAG(s) 'example_local_kubernetes_executor' retrieved from /home/airflow/.local/lib/python3.12/site-packages/airflow/example_dags/example_local_kubernetes_executor.py
[2025-08-19T03:28:17.674+0000] {logging_mixin.py:188} INFO - [2025-08-19T03:28:17.674+0000] {dag.py:3096} INFO - Sync 1 DAGs
[2025-08-19T03:28:17.690+0000] {logging_mixin.py:188} INFO - [2025-08-19T03:28:17.690+0000] {dag.py:3954} INFO - Setting next_dagrun for example_local_kubernetes_executor to None, run_after=None
[2025-08-19T03:28:17.715+0000] {processor.py:183} INFO - Processing /home/airflow/.local/lib/python3.12/site-packages/airflow/example_dags/example_local_kubernetes_executor.py took 0.097 seconds
[2025-08-19T03:28:47.932+0000] {processor.py:161} INFO - Started process (PID=24192) to work on /home/airflow/.local/lib/python3.12/site-packages/airflow/example_dags/example_local_kubernetes_executor.py
[2025-08-19T03:28:47.934+0000] {processor.py:830} INFO - Processing file /home/airflow/.local/lib/python3.12/site-packages/airflow/example_dags/example_local_kubernetes_executor.py for tasks to queue
[2025-08-19T03:28:47.936+0000] {logging_mixin.py:188} INFO - [2025-08-19T03:28:47.936+0000] {dagbag.py:545} INFO - Filling up the DagBag from /home/airflow/.local/lib/python3.12/site-packages/airflow/example_dags/example_local_kubernetes_executor.py
[2025-08-19T03:28:47.945+0000] {processor.py:840} INFO - DAG(s) 'example_local_kubernetes_executor' retrieved from /home/airflow/.local/lib/python3.12/site-packages/airflow/example_dags/example_local_kubernetes_executor.py
[2025-08-19T03:28:47.987+0000] {logging_mixin.py:188} INFO - [2025-08-19T03:28:47.987+0000] {dag.py:3096} INFO - Sync 1 DAGs
[2025-08-19T03:28:48.002+0000] {logging_mixin.py:188} INFO - [2025-08-19T03:28:48.002+0000] {dag.py:3954} INFO - Setting next_dagrun for example_local_kubernetes_executor to None, run_after=None
[2025-08-19T03:28:48.027+0000] {processor.py:183} INFO - Processing /home/airflow/.local/lib/python3.12/site-packages/airflow/example_dags/example_local_kubernetes_executor.py took 0.103 seconds
[2025-08-19T03:29:18.300+0000] {processor.py:161} INFO - Started process (PID=24245) to work on /home/airflow/.local/lib/python3.12/site-packages/airflow/example_dags/example_local_kubernetes_executor.py
[2025-08-19T03:29:18.302+0000] {processor.py:830} INFO - Processing file /home/airflow/.local/lib/python3.12/site-packages/airflow/example_dags/example_local_kubernetes_executor.py for tasks to queue
[2025-08-19T03:29:18.303+0000] {logging_mixin.py:188} INFO - [2025-08-19T03:29:18.303+0000] {dagbag.py:545} INFO - Filling up the DagBag from /home/airflow/.local/lib/python3.12/site-packages/airflow/example_dags/example_local_kubernetes_executor.py
[2025-08-19T03:29:18.313+0000] {processor.py:840} INFO - DAG(s) 'example_local_kubernetes_executor' retrieved from /home/airflow/.local/lib/python3.12/site-packages/airflow/example_dags/example_local_kubernetes_executor.py
[2025-08-19T03:29:18.356+0000] {logging_mixin.py:188} INFO - [2025-08-19T03:29:18.356+0000] {dag.py:3096} INFO - Sync 1 DAGs
[2025-08-19T03:29:18.371+0000] {logging_mixin.py:188} INFO - [2025-08-19T03:29:18.371+0000] {dag.py:3954} INFO - Setting next_dagrun for example_local_kubernetes_executor to None, run_after=None
[2025-08-19T03:29:18.396+0000] {processor.py:183} INFO - Processing /home/airflow/.local/lib/python3.12/site-packages/airflow/example_dags/example_local_kubernetes_executor.py took 0.103 seconds
[2025-08-19T03:29:48.628+0000] {processor.py:161} INFO - Started process (PID=24298) to work on /home/airflow/.local/lib/python3.12/site-packages/airflow/example_dags/example_local_kubernetes_executor.py
[2025-08-19T03:29:48.630+0000] {processor.py:830} INFO - Processing file /home/airflow/.local/lib/python3.12/site-packages/airflow/example_dags/example_local_kubernetes_executor.py for tasks to queue
[2025-08-19T03:29:48.631+0000] {logging_mixin.py:188} INFO - [2025-08-19T03:29:48.630+0000] {dagbag.py:545} INFO - Filling up the DagBag from /home/airflow/.local/lib/python3.12/site-packages/airflow/example_dags/example_local_kubernetes_executor.py
[2025-08-19T03:29:48.639+0000] {processor.py:840} INFO - DAG(s) 'example_local_kubernetes_executor' retrieved from /home/airflow/.local/lib/python3.12/site-packages/airflow/example_dags/example_local_kubernetes_executor.py
[2025-08-19T03:29:48.684+0000] {logging_mixin.py:188} INFO - [2025-08-19T03:29:48.683+0000] {dag.py:3096} INFO - Sync 1 DAGs
[2025-08-19T03:29:48.699+0000] {logging_mixin.py:188} INFO - [2025-08-19T03:29:48.699+0000] {dag.py:3954} INFO - Setting next_dagrun for example_local_kubernetes_executor to None, run_after=None
[2025-08-19T03:29:48.727+0000] {processor.py:183} INFO - Processing /home/airflow/.local/lib/python3.12/site-packages/airflow/example_dags/example_local_kubernetes_executor.py took 0.105 seconds
[2025-08-19T03:30:19.161+0000] {processor.py:161} INFO - Started process (PID=24351) to work on /home/airflow/.local/lib/python3.12/site-packages/airflow/example_dags/example_local_kubernetes_executor.py
[2025-08-19T03:30:19.163+0000] {processor.py:830} INFO - Processing file /home/airflow/.local/lib/python3.12/site-packages/airflow/example_dags/example_local_kubernetes_executor.py for tasks to queue
[2025-08-19T03:30:19.165+0000] {logging_mixin.py:188} INFO - [2025-08-19T03:30:19.165+0000] {dagbag.py:545} INFO - Filling up the DagBag from /home/airflow/.local/lib/python3.12/site-packages/airflow/example_dags/example_local_kubernetes_executor.py
[2025-08-19T03:30:19.176+0000] {processor.py:840} INFO - DAG(s) 'example_local_kubernetes_executor' retrieved from /home/airflow/.local/lib/python3.12/site-packages/airflow/example_dags/example_local_kubernetes_executor.py
[2025-08-19T03:30:19.223+0000] {logging_mixin.py:188} INFO - [2025-08-19T03:30:19.223+0000] {dag.py:3096} INFO - Sync 1 DAGs
[2025-08-19T03:30:19.237+0000] {logging_mixin.py:188} INFO - [2025-08-19T03:30:19.237+0000] {dag.py:3954} INFO - Setting next_dagrun for example_local_kubernetes_executor to None, run_after=None
[2025-08-19T03:30:19.261+0000] {processor.py:183} INFO - Processing /home/airflow/.local/lib/python3.12/site-packages/airflow/example_dags/example_local_kubernetes_executor.py took 0.108 seconds
[2025-08-19T03:30:49.690+0000] {processor.py:161} INFO - Started process (PID=24404) to work on /home/airflow/.local/lib/python3.12/site-packages/airflow/example_dags/example_local_kubernetes_executor.py
[2025-08-19T03:30:49.692+0000] {processor.py:830} INFO - Processing file /home/airflow/.local/lib/python3.12/site-packages/airflow/example_dags/example_local_kubernetes_executor.py for tasks to queue
[2025-08-19T03:30:49.695+0000] {logging_mixin.py:188} INFO - [2025-08-19T03:30:49.694+0000] {dagbag.py:545} INFO - Filling up the DagBag from /home/airflow/.local/lib/python3.12/site-packages/airflow/example_dags/example_local_kubernetes_executor.py
[2025-08-19T03:30:49.709+0000] {processor.py:840} INFO - DAG(s) 'example_local_kubernetes_executor' retrieved from /home/airflow/.local/lib/python3.12/site-packages/airflow/example_dags/example_local_kubernetes_executor.py
[2025-08-19T03:30:49.776+0000] {logging_mixin.py:188} INFO - [2025-08-19T03:30:49.776+0000] {dag.py:3096} INFO - Sync 1 DAGs
[2025-08-19T03:30:49.793+0000] {logging_mixin.py:188} INFO - [2025-08-19T03:30:49.792+0000] {dag.py:3954} INFO - Setting next_dagrun for example_local_kubernetes_executor to None, run_after=None
[2025-08-19T03:30:49.818+0000] {processor.py:183} INFO - Processing /home/airflow/.local/lib/python3.12/site-packages/airflow/example_dags/example_local_kubernetes_executor.py took 0.141 seconds
[2025-08-19T03:31:20.336+0000] {processor.py:161} INFO - Started process (PID=24457) to work on /home/airflow/.local/lib/python3.12/site-packages/airflow/example_dags/example_local_kubernetes_executor.py
[2025-08-19T03:31:20.338+0000] {processor.py:830} INFO - Processing file /home/airflow/.local/lib/python3.12/site-packages/airflow/example_dags/example_local_kubernetes_executor.py for tasks to queue
[2025-08-19T03:31:20.340+0000] {logging_mixin.py:188} INFO - [2025-08-19T03:31:20.340+0000] {dagbag.py:545} INFO - Filling up the DagBag from /home/airflow/.local/lib/python3.12/site-packages/airflow/example_dags/example_local_kubernetes_executor.py
[2025-08-19T03:31:20.352+0000] {processor.py:840} INFO - DAG(s) 'example_local_kubernetes_executor' retrieved from /home/airflow/.local/lib/python3.12/site-packages/airflow/example_dags/example_local_kubernetes_executor.py
[2025-08-19T03:31:20.402+0000] {logging_mixin.py:188} INFO - [2025-08-19T03:31:20.402+0000] {dag.py:3096} INFO - Sync 1 DAGs
[2025-08-19T03:31:20.416+0000] {logging_mixin.py:188} INFO - [2025-08-19T03:31:20.416+0000] {dag.py:3954} INFO - Setting next_dagrun for example_local_kubernetes_executor to None, run_after=None
[2025-08-19T03:31:20.443+0000] {processor.py:183} INFO - Processing /home/airflow/.local/lib/python3.12/site-packages/airflow/example_dags/example_local_kubernetes_executor.py took 0.114 seconds
[2025-08-19T03:31:50.834+0000] {processor.py:161} INFO - Started process (PID=24510) to work on /home/airflow/.local/lib/python3.12/site-packages/airflow/example_dags/example_local_kubernetes_executor.py
[2025-08-19T03:31:50.835+0000] {processor.py:830} INFO - Processing file /home/airflow/.local/lib/python3.12/site-packages/airflow/example_dags/example_local_kubernetes_executor.py for tasks to queue
[2025-08-19T03:31:50.837+0000] {logging_mixin.py:188} INFO - [2025-08-19T03:31:50.837+0000] {dagbag.py:545} INFO - Filling up the DagBag from /home/airflow/.local/lib/python3.12/site-packages/airflow/example_dags/example_local_kubernetes_executor.py
[2025-08-19T03:31:50.844+0000] {processor.py:840} INFO - DAG(s) 'example_local_kubernetes_executor' retrieved from /home/airflow/.local/lib/python3.12/site-packages/airflow/example_dags/example_local_kubernetes_executor.py
[2025-08-19T03:31:50.886+0000] {logging_mixin.py:188} INFO - [2025-08-19T03:31:50.886+0000] {dag.py:3096} INFO - Sync 1 DAGs
[2025-08-19T03:31:50.900+0000] {logging_mixin.py:188} INFO - [2025-08-19T03:31:50.900+0000] {dag.py:3954} INFO - Setting next_dagrun for example_local_kubernetes_executor to None, run_after=None
[2025-08-19T03:31:50.922+0000] {processor.py:183} INFO - Processing /home/airflow/.local/lib/python3.12/site-packages/airflow/example_dags/example_local_kubernetes_executor.py took 0.095 seconds
[2025-08-19T03:32:21.071+0000] {processor.py:161} INFO - Started process (PID=24563) to work on /home/airflow/.local/lib/python3.12/site-packages/airflow/example_dags/example_local_kubernetes_executor.py
[2025-08-19T03:32:21.073+0000] {processor.py:830} INFO - Processing file /home/airflow/.local/lib/python3.12/site-packages/airflow/example_dags/example_local_kubernetes_executor.py for tasks to queue
[2025-08-19T03:32:21.076+0000] {logging_mixin.py:188} INFO - [2025-08-19T03:32:21.075+0000] {dagbag.py:545} INFO - Filling up the DagBag from /home/airflow/.local/lib/python3.12/site-packages/airflow/example_dags/example_local_kubernetes_executor.py
[2025-08-19T03:32:21.088+0000] {processor.py:840} INFO - DAG(s) 'example_local_kubernetes_executor' retrieved from /home/airflow/.local/lib/python3.12/site-packages/airflow/example_dags/example_local_kubernetes_executor.py
[2025-08-19T03:32:21.156+0000] {logging_mixin.py:188} INFO - [2025-08-19T03:32:21.156+0000] {dag.py:3096} INFO - Sync 1 DAGs
[2025-08-19T03:32:21.172+0000] {logging_mixin.py:188} INFO - [2025-08-19T03:32:21.172+0000] {dag.py:3954} INFO - Setting next_dagrun for example_local_kubernetes_executor to None, run_after=None
[2025-08-19T03:32:21.198+0000] {processor.py:183} INFO - Processing /home/airflow/.local/lib/python3.12/site-packages/airflow/example_dags/example_local_kubernetes_executor.py took 0.135 seconds
[2025-08-19T03:32:51.253+0000] {processor.py:161} INFO - Started process (PID=24616) to work on /home/airflow/.local/lib/python3.12/site-packages/airflow/example_dags/example_local_kubernetes_executor.py
[2025-08-19T03:32:51.254+0000] {processor.py:830} INFO - Processing file /home/airflow/.local/lib/python3.12/site-packages/airflow/example_dags/example_local_kubernetes_executor.py for tasks to queue
[2025-08-19T03:32:51.256+0000] {logging_mixin.py:188} INFO - [2025-08-19T03:32:51.256+0000] {dagbag.py:545} INFO - Filling up the DagBag from /home/airflow/.local/lib/python3.12/site-packages/airflow/example_dags/example_local_kubernetes_executor.py
[2025-08-19T03:32:51.268+0000] {processor.py:840} INFO - DAG(s) 'example_local_kubernetes_executor' retrieved from /home/airflow/.local/lib/python3.12/site-packages/airflow/example_dags/example_local_kubernetes_executor.py
[2025-08-19T03:32:51.323+0000] {logging_mixin.py:188} INFO - [2025-08-19T03:32:51.323+0000] {dag.py:3096} INFO - Sync 1 DAGs
[2025-08-19T03:32:51.339+0000] {logging_mixin.py:188} INFO - [2025-08-19T03:32:51.339+0000] {dag.py:3954} INFO - Setting next_dagrun for example_local_kubernetes_executor to None, run_after=None
[2025-08-19T03:32:51.369+0000] {processor.py:183} INFO - Processing /home/airflow/.local/lib/python3.12/site-packages/airflow/example_dags/example_local_kubernetes_executor.py took 0.125 seconds
[2025-08-19T03:33:21.891+0000] {processor.py:161} INFO - Started process (PID=24669) to work on /home/airflow/.local/lib/python3.12/site-packages/airflow/example_dags/example_local_kubernetes_executor.py
[2025-08-19T03:33:21.894+0000] {processor.py:830} INFO - Processing file /home/airflow/.local/lib/python3.12/site-packages/airflow/example_dags/example_local_kubernetes_executor.py for tasks to queue
[2025-08-19T03:33:21.898+0000] {logging_mixin.py:188} INFO - [2025-08-19T03:33:21.897+0000] {dagbag.py:545} INFO - Filling up the DagBag from /home/airflow/.local/lib/python3.12/site-packages/airflow/example_dags/example_local_kubernetes_executor.py
[2025-08-19T03:33:21.921+0000] {processor.py:840} INFO - DAG(s) 'example_local_kubernetes_executor' retrieved from /home/airflow/.local/lib/python3.12/site-packages/airflow/example_dags/example_local_kubernetes_executor.py
[2025-08-19T03:33:22.014+0000] {logging_mixin.py:188} INFO - [2025-08-19T03:33:22.013+0000] {dag.py:3096} INFO - Sync 1 DAGs
[2025-08-19T03:33:22.042+0000] {logging_mixin.py:188} INFO - [2025-08-19T03:33:22.042+0000] {dag.py:3954} INFO - Setting next_dagrun for example_local_kubernetes_executor to None, run_after=None
[2025-08-19T03:33:22.105+0000] {processor.py:183} INFO - Processing /home/airflow/.local/lib/python3.12/site-packages/airflow/example_dags/example_local_kubernetes_executor.py took 0.228 seconds
[2025-08-19T03:33:52.200+0000] {processor.py:161} INFO - Started process (PID=24722) to work on /home/airflow/.local/lib/python3.12/site-packages/airflow/example_dags/example_local_kubernetes_executor.py
[2025-08-19T03:33:52.202+0000] {processor.py:830} INFO - Processing file /home/airflow/.local/lib/python3.12/site-packages/airflow/example_dags/example_local_kubernetes_executor.py for tasks to queue
[2025-08-19T03:33:52.203+0000] {logging_mixin.py:188} INFO - [2025-08-19T03:33:52.203+0000] {dagbag.py:545} INFO - Filling up the DagBag from /home/airflow/.local/lib/python3.12/site-packages/airflow/example_dags/example_local_kubernetes_executor.py
[2025-08-19T03:33:52.214+0000] {processor.py:840} INFO - DAG(s) 'example_local_kubernetes_executor' retrieved from /home/airflow/.local/lib/python3.12/site-packages/airflow/example_dags/example_local_kubernetes_executor.py
[2025-08-19T03:33:52.265+0000] {logging_mixin.py:188} INFO - [2025-08-19T03:33:52.265+0000] {dag.py:3096} INFO - Sync 1 DAGs
[2025-08-19T03:33:52.283+0000] {logging_mixin.py:188} INFO - [2025-08-19T03:33:52.283+0000] {dag.py:3954} INFO - Setting next_dagrun for example_local_kubernetes_executor to None, run_after=None
[2025-08-19T03:33:52.347+0000] {processor.py:183} INFO - Processing /home/airflow/.local/lib/python3.12/site-packages/airflow/example_dags/example_local_kubernetes_executor.py took 0.154 seconds
[2025-08-19T03:34:22.578+0000] {processor.py:161} INFO - Started process (PID=24776) to work on /home/airflow/.local/lib/python3.12/site-packages/airflow/example_dags/example_local_kubernetes_executor.py
[2025-08-19T03:34:22.580+0000] {processor.py:830} INFO - Processing file /home/airflow/.local/lib/python3.12/site-packages/airflow/example_dags/example_local_kubernetes_executor.py for tasks to queue
[2025-08-19T03:34:22.582+0000] {logging_mixin.py:188} INFO - [2025-08-19T03:34:22.582+0000] {dagbag.py:545} INFO - Filling up the DagBag from /home/airflow/.local/lib/python3.12/site-packages/airflow/example_dags/example_local_kubernetes_executor.py
[2025-08-19T03:34:22.592+0000] {processor.py:840} INFO - DAG(s) 'example_local_kubernetes_executor' retrieved from /home/airflow/.local/lib/python3.12/site-packages/airflow/example_dags/example_local_kubernetes_executor.py
[2025-08-19T03:34:22.635+0000] {logging_mixin.py:188} INFO - [2025-08-19T03:34:22.635+0000] {dag.py:3096} INFO - Sync 1 DAGs
[2025-08-19T03:34:22.649+0000] {logging_mixin.py:188} INFO - [2025-08-19T03:34:22.648+0000] {dag.py:3954} INFO - Setting next_dagrun for example_local_kubernetes_executor to None, run_after=None
[2025-08-19T03:34:22.673+0000] {processor.py:183} INFO - Processing /home/airflow/.local/lib/python3.12/site-packages/airflow/example_dags/example_local_kubernetes_executor.py took 0.104 seconds
[2025-08-19T03:34:52.857+0000] {processor.py:161} INFO - Started process (PID=24828) to work on /home/airflow/.local/lib/python3.12/site-packages/airflow/example_dags/example_local_kubernetes_executor.py
[2025-08-19T03:34:52.859+0000] {processor.py:830} INFO - Processing file /home/airflow/.local/lib/python3.12/site-packages/airflow/example_dags/example_local_kubernetes_executor.py for tasks to queue
[2025-08-19T03:34:52.861+0000] {logging_mixin.py:188} INFO - [2025-08-19T03:34:52.860+0000] {dagbag.py:545} INFO - Filling up the DagBag from /home/airflow/.local/lib/python3.12/site-packages/airflow/example_dags/example_local_kubernetes_executor.py
[2025-08-19T03:34:52.869+0000] {processor.py:840} INFO - DAG(s) 'example_local_kubernetes_executor' retrieved from /home/airflow/.local/lib/python3.12/site-packages/airflow/example_dags/example_local_kubernetes_executor.py
[2025-08-19T03:34:52.916+0000] {logging_mixin.py:188} INFO - [2025-08-19T03:34:52.916+0000] {dag.py:3096} INFO - Sync 1 DAGs
[2025-08-19T03:34:52.935+0000] {logging_mixin.py:188} INFO - [2025-08-19T03:34:52.935+0000] {dag.py:3954} INFO - Setting next_dagrun for example_local_kubernetes_executor to None, run_after=None
[2025-08-19T03:34:52.983+0000] {processor.py:183} INFO - Processing /home/airflow/.local/lib/python3.12/site-packages/airflow/example_dags/example_local_kubernetes_executor.py took 0.132 seconds
[2025-08-19T03:35:23.134+0000] {processor.py:161} INFO - Started process (PID=24881) to work on /home/airflow/.local/lib/python3.12/site-packages/airflow/example_dags/example_local_kubernetes_executor.py
[2025-08-19T03:35:23.136+0000] {processor.py:830} INFO - Processing file /home/airflow/.local/lib/python3.12/site-packages/airflow/example_dags/example_local_kubernetes_executor.py for tasks to queue
[2025-08-19T03:35:23.137+0000] {logging_mixin.py:188} INFO - [2025-08-19T03:35:23.137+0000] {dagbag.py:545} INFO - Filling up the DagBag from /home/airflow/.local/lib/python3.12/site-packages/airflow/example_dags/example_local_kubernetes_executor.py
[2025-08-19T03:35:23.146+0000] {processor.py:840} INFO - DAG(s) 'example_local_kubernetes_executor' retrieved from /home/airflow/.local/lib/python3.12/site-packages/airflow/example_dags/example_local_kubernetes_executor.py
[2025-08-19T03:35:23.192+0000] {logging_mixin.py:188} INFO - [2025-08-19T03:35:23.192+0000] {dag.py:3096} INFO - Sync 1 DAGs
[2025-08-19T03:35:23.208+0000] {logging_mixin.py:188} INFO - [2025-08-19T03:35:23.208+0000] {dag.py:3954} INFO - Setting next_dagrun for example_local_kubernetes_executor to None, run_after=None
[2025-08-19T03:35:23.235+0000] {processor.py:183} INFO - Processing /home/airflow/.local/lib/python3.12/site-packages/airflow/example_dags/example_local_kubernetes_executor.py took 0.107 seconds
[2025-08-19T03:35:53.695+0000] {processor.py:161} INFO - Started process (PID=24934) to work on /home/airflow/.local/lib/python3.12/site-packages/airflow/example_dags/example_local_kubernetes_executor.py
[2025-08-19T03:35:53.696+0000] {processor.py:830} INFO - Processing file /home/airflow/.local/lib/python3.12/site-packages/airflow/example_dags/example_local_kubernetes_executor.py for tasks to queue
[2025-08-19T03:35:53.698+0000] {logging_mixin.py:188} INFO - [2025-08-19T03:35:53.697+0000] {dagbag.py:545} INFO - Filling up the DagBag from /home/airflow/.local/lib/python3.12/site-packages/airflow/example_dags/example_local_kubernetes_executor.py
[2025-08-19T03:35:53.707+0000] {processor.py:840} INFO - DAG(s) 'example_local_kubernetes_executor' retrieved from /home/airflow/.local/lib/python3.12/site-packages/airflow/example_dags/example_local_kubernetes_executor.py
[2025-08-19T03:35:53.750+0000] {logging_mixin.py:188} INFO - [2025-08-19T03:35:53.750+0000] {dag.py:3096} INFO - Sync 1 DAGs
[2025-08-19T03:35:53.764+0000] {logging_mixin.py:188} INFO - [2025-08-19T03:35:53.764+0000] {dag.py:3954} INFO - Setting next_dagrun for example_local_kubernetes_executor to None, run_after=None
[2025-08-19T03:35:53.790+0000] {processor.py:183} INFO - Processing /home/airflow/.local/lib/python3.12/site-packages/airflow/example_dags/example_local_kubernetes_executor.py took 0.101 seconds
[2025-08-19T03:36:24.309+0000] {processor.py:161} INFO - Started process (PID=24987) to work on /home/airflow/.local/lib/python3.12/site-packages/airflow/example_dags/example_local_kubernetes_executor.py
[2025-08-19T03:36:24.311+0000] {processor.py:830} INFO - Processing file /home/airflow/.local/lib/python3.12/site-packages/airflow/example_dags/example_local_kubernetes_executor.py for tasks to queue
[2025-08-19T03:36:24.313+0000] {logging_mixin.py:188} INFO - [2025-08-19T03:36:24.313+0000] {dagbag.py:545} INFO - Filling up the DagBag from /home/airflow/.local/lib/python3.12/site-packages/airflow/example_dags/example_local_kubernetes_executor.py
[2025-08-19T03:36:24.325+0000] {processor.py:840} INFO - DAG(s) 'example_local_kubernetes_executor' retrieved from /home/airflow/.local/lib/python3.12/site-packages/airflow/example_dags/example_local_kubernetes_executor.py
[2025-08-19T03:36:24.378+0000] {logging_mixin.py:188} INFO - [2025-08-19T03:36:24.377+0000] {dag.py:3096} INFO - Sync 1 DAGs
[2025-08-19T03:36:24.395+0000] {logging_mixin.py:188} INFO - [2025-08-19T03:36:24.394+0000] {dag.py:3954} INFO - Setting next_dagrun for example_local_kubernetes_executor to None, run_after=None
[2025-08-19T03:36:24.422+0000] {processor.py:183} INFO - Processing /home/airflow/.local/lib/python3.12/site-packages/airflow/example_dags/example_local_kubernetes_executor.py took 0.121 seconds
[2025-08-19T03:36:55.270+0000] {processor.py:161} INFO - Started process (PID=25040) to work on /home/airflow/.local/lib/python3.12/site-packages/airflow/example_dags/example_local_kubernetes_executor.py
[2025-08-19T03:36:55.273+0000] {processor.py:830} INFO - Processing file /home/airflow/.local/lib/python3.12/site-packages/airflow/example_dags/example_local_kubernetes_executor.py for tasks to queue
[2025-08-19T03:36:55.275+0000] {logging_mixin.py:188} INFO - [2025-08-19T03:36:55.274+0000] {dagbag.py:545} INFO - Filling up the DagBag from /home/airflow/.local/lib/python3.12/site-packages/airflow/example_dags/example_local_kubernetes_executor.py
[2025-08-19T03:36:55.284+0000] {processor.py:840} INFO - DAG(s) 'example_local_kubernetes_executor' retrieved from /home/airflow/.local/lib/python3.12/site-packages/airflow/example_dags/example_local_kubernetes_executor.py
[2025-08-19T03:36:55.331+0000] {logging_mixin.py:188} INFO - [2025-08-19T03:36:55.331+0000] {dag.py:3096} INFO - Sync 1 DAGs
[2025-08-19T03:36:55.346+0000] {logging_mixin.py:188} INFO - [2025-08-19T03:36:55.346+0000] {dag.py:3954} INFO - Setting next_dagrun for example_local_kubernetes_executor to None, run_after=None
[2025-08-19T03:36:55.373+0000] {processor.py:183} INFO - Processing /home/airflow/.local/lib/python3.12/site-packages/airflow/example_dags/example_local_kubernetes_executor.py took 0.113 seconds
[2025-08-19T03:37:26.286+0000] {processor.py:161} INFO - Started process (PID=25093) to work on /home/airflow/.local/lib/python3.12/site-packages/airflow/example_dags/example_local_kubernetes_executor.py
[2025-08-19T03:37:26.288+0000] {processor.py:830} INFO - Processing file /home/airflow/.local/lib/python3.12/site-packages/airflow/example_dags/example_local_kubernetes_executor.py for tasks to queue
[2025-08-19T03:37:26.289+0000] {logging_mixin.py:188} INFO - [2025-08-19T03:37:26.289+0000] {dagbag.py:545} INFO - Filling up the DagBag from /home/airflow/.local/lib/python3.12/site-packages/airflow/example_dags/example_local_kubernetes_executor.py
[2025-08-19T03:37:26.297+0000] {processor.py:840} INFO - DAG(s) 'example_local_kubernetes_executor' retrieved from /home/airflow/.local/lib/python3.12/site-packages/airflow/example_dags/example_local_kubernetes_executor.py
[2025-08-19T03:37:26.339+0000] {logging_mixin.py:188} INFO - [2025-08-19T03:37:26.339+0000] {dag.py:3096} INFO - Sync 1 DAGs
[2025-08-19T03:37:26.355+0000] {logging_mixin.py:188} INFO - [2025-08-19T03:37:26.355+0000] {dag.py:3954} INFO - Setting next_dagrun for example_local_kubernetes_executor to None, run_after=None
[2025-08-19T03:37:26.379+0000] {processor.py:183} INFO - Processing /home/airflow/.local/lib/python3.12/site-packages/airflow/example_dags/example_local_kubernetes_executor.py took 0.101 seconds
