[2025-08-19T03:10:04.659+0000] {processor.py:161} INFO - Started process (PID=22248) to work on /home/airflow/.local/lib/python3.12/site-packages/airflow/example_dags/example_trigger_controller_dag.py
[2025-08-19T03:10:04.661+0000] {processor.py:830} INFO - Processing file /home/airflow/.local/lib/python3.12/site-packages/airflow/example_dags/example_trigger_controller_dag.py for tasks to queue
[2025-08-19T03:10:04.663+0000] {logging_mixin.py:188} INFO - [2025-08-19T03:10:04.662+0000] {dagbag.py:545} INFO - Filling up the DagBag from /home/airflow/.local/lib/python3.12/site-packages/airflow/example_dags/example_trigger_controller_dag.py
[2025-08-19T03:10:04.672+0000] {processor.py:840} INFO - DAG(s) 'example_trigger_controller_dag' retrieved from /home/airflow/.local/lib/python3.12/site-packages/airflow/example_dags/example_trigger_controller_dag.py
[2025-08-19T03:10:04.707+0000] {logging_mixin.py:188} INFO - [2025-08-19T03:10:04.706+0000] {dag.py:3096} INFO - Sync 1 DAGs
[2025-08-19T03:10:04.766+0000] {logging_mixin.py:188} INFO - [2025-08-19T03:10:04.765+0000] {dag.py:3954} INFO - Setting next_dagrun for example_trigger_controller_dag to 2021-01-01 00:00:00+00:00, run_after=2021-01-01 00:00:00+00:00
[2025-08-19T03:10:04.823+0000] {processor.py:183} INFO - Processing /home/airflow/.local/lib/python3.12/site-packages/airflow/example_dags/example_trigger_controller_dag.py took 0.173 seconds
[2025-08-19T03:10:35.068+0000] {processor.py:161} INFO - Started process (PID=22301) to work on /home/airflow/.local/lib/python3.12/site-packages/airflow/example_dags/example_trigger_controller_dag.py
[2025-08-19T03:10:35.070+0000] {processor.py:830} INFO - Processing file /home/airflow/.local/lib/python3.12/site-packages/airflow/example_dags/example_trigger_controller_dag.py for tasks to queue
[2025-08-19T03:10:35.071+0000] {logging_mixin.py:188} INFO - [2025-08-19T03:10:35.071+0000] {dagbag.py:545} INFO - Filling up the DagBag from /home/airflow/.local/lib/python3.12/site-packages/airflow/example_dags/example_trigger_controller_dag.py
[2025-08-19T03:10:35.078+0000] {processor.py:840} INFO - DAG(s) 'example_trigger_controller_dag' retrieved from /home/airflow/.local/lib/python3.12/site-packages/airflow/example_dags/example_trigger_controller_dag.py
[2025-08-19T03:10:35.102+0000] {logging_mixin.py:188} INFO - [2025-08-19T03:10:35.102+0000] {dag.py:3096} INFO - Sync 1 DAGs
[2025-08-19T03:10:35.125+0000] {logging_mixin.py:188} INFO - [2025-08-19T03:10:35.124+0000] {dag.py:3954} INFO - Setting next_dagrun for example_trigger_controller_dag to 2021-01-01 00:00:00+00:00, run_after=2021-01-01 00:00:00+00:00
[2025-08-19T03:10:35.154+0000] {processor.py:183} INFO - Processing /home/airflow/.local/lib/python3.12/site-packages/airflow/example_dags/example_trigger_controller_dag.py took 0.092 seconds
[2025-08-19T03:11:05.583+0000] {processor.py:161} INFO - Started process (PID=22354) to work on /home/airflow/.local/lib/python3.12/site-packages/airflow/example_dags/example_trigger_controller_dag.py
[2025-08-19T03:11:05.585+0000] {processor.py:830} INFO - Processing file /home/airflow/.local/lib/python3.12/site-packages/airflow/example_dags/example_trigger_controller_dag.py for tasks to queue
[2025-08-19T03:11:05.586+0000] {logging_mixin.py:188} INFO - [2025-08-19T03:11:05.586+0000] {dagbag.py:545} INFO - Filling up the DagBag from /home/airflow/.local/lib/python3.12/site-packages/airflow/example_dags/example_trigger_controller_dag.py
[2025-08-19T03:11:05.592+0000] {processor.py:840} INFO - DAG(s) 'example_trigger_controller_dag' retrieved from /home/airflow/.local/lib/python3.12/site-packages/airflow/example_dags/example_trigger_controller_dag.py
[2025-08-19T03:11:05.616+0000] {logging_mixin.py:188} INFO - [2025-08-19T03:11:05.616+0000] {dag.py:3096} INFO - Sync 1 DAGs
[2025-08-19T03:11:05.639+0000] {logging_mixin.py:188} INFO - [2025-08-19T03:11:05.639+0000] {dag.py:3954} INFO - Setting next_dagrun for example_trigger_controller_dag to 2021-01-01 00:00:00+00:00, run_after=2021-01-01 00:00:00+00:00
[2025-08-19T03:11:05.663+0000] {processor.py:183} INFO - Processing /home/airflow/.local/lib/python3.12/site-packages/airflow/example_dags/example_trigger_controller_dag.py took 0.086 seconds
[2025-08-19T03:11:36.008+0000] {processor.py:161} INFO - Started process (PID=22407) to work on /home/airflow/.local/lib/python3.12/site-packages/airflow/example_dags/example_trigger_controller_dag.py
[2025-08-19T03:11:36.010+0000] {processor.py:830} INFO - Processing file /home/airflow/.local/lib/python3.12/site-packages/airflow/example_dags/example_trigger_controller_dag.py for tasks to queue
[2025-08-19T03:11:36.011+0000] {logging_mixin.py:188} INFO - [2025-08-19T03:11:36.011+0000] {dagbag.py:545} INFO - Filling up the DagBag from /home/airflow/.local/lib/python3.12/site-packages/airflow/example_dags/example_trigger_controller_dag.py
[2025-08-19T03:11:36.017+0000] {processor.py:840} INFO - DAG(s) 'example_trigger_controller_dag' retrieved from /home/airflow/.local/lib/python3.12/site-packages/airflow/example_dags/example_trigger_controller_dag.py
[2025-08-19T03:11:36.040+0000] {logging_mixin.py:188} INFO - [2025-08-19T03:11:36.040+0000] {dag.py:3096} INFO - Sync 1 DAGs
[2025-08-19T03:11:36.062+0000] {logging_mixin.py:188} INFO - [2025-08-19T03:11:36.062+0000] {dag.py:3954} INFO - Setting next_dagrun for example_trigger_controller_dag to 2021-01-01 00:00:00+00:00, run_after=2021-01-01 00:00:00+00:00
[2025-08-19T03:11:36.084+0000] {processor.py:183} INFO - Processing /home/airflow/.local/lib/python3.12/site-packages/airflow/example_dags/example_trigger_controller_dag.py took 0.082 seconds
[2025-08-19T03:12:06.462+0000] {processor.py:161} INFO - Started process (PID=22460) to work on /home/airflow/.local/lib/python3.12/site-packages/airflow/example_dags/example_trigger_controller_dag.py
[2025-08-19T03:12:06.463+0000] {processor.py:830} INFO - Processing file /home/airflow/.local/lib/python3.12/site-packages/airflow/example_dags/example_trigger_controller_dag.py for tasks to queue
[2025-08-19T03:12:06.465+0000] {logging_mixin.py:188} INFO - [2025-08-19T03:12:06.464+0000] {dagbag.py:545} INFO - Filling up the DagBag from /home/airflow/.local/lib/python3.12/site-packages/airflow/example_dags/example_trigger_controller_dag.py
[2025-08-19T03:12:06.470+0000] {processor.py:840} INFO - DAG(s) 'example_trigger_controller_dag' retrieved from /home/airflow/.local/lib/python3.12/site-packages/airflow/example_dags/example_trigger_controller_dag.py
[2025-08-19T03:12:06.501+0000] {logging_mixin.py:188} INFO - [2025-08-19T03:12:06.501+0000] {dag.py:3096} INFO - Sync 1 DAGs
[2025-08-19T03:12:06.531+0000] {logging_mixin.py:188} INFO - [2025-08-19T03:12:06.530+0000] {dag.py:3954} INFO - Setting next_dagrun for example_trigger_controller_dag to 2021-01-01 00:00:00+00:00, run_after=2021-01-01 00:00:00+00:00
[2025-08-19T03:12:06.561+0000] {processor.py:183} INFO - Processing /home/airflow/.local/lib/python3.12/site-packages/airflow/example_dags/example_trigger_controller_dag.py took 0.106 seconds
[2025-08-19T03:12:37.082+0000] {processor.py:161} INFO - Started process (PID=22513) to work on /home/airflow/.local/lib/python3.12/site-packages/airflow/example_dags/example_trigger_controller_dag.py
[2025-08-19T03:12:37.084+0000] {processor.py:830} INFO - Processing file /home/airflow/.local/lib/python3.12/site-packages/airflow/example_dags/example_trigger_controller_dag.py for tasks to queue
[2025-08-19T03:12:37.085+0000] {logging_mixin.py:188} INFO - [2025-08-19T03:12:37.085+0000] {dagbag.py:545} INFO - Filling up the DagBag from /home/airflow/.local/lib/python3.12/site-packages/airflow/example_dags/example_trigger_controller_dag.py
[2025-08-19T03:12:37.092+0000] {processor.py:840} INFO - DAG(s) 'example_trigger_controller_dag' retrieved from /home/airflow/.local/lib/python3.12/site-packages/airflow/example_dags/example_trigger_controller_dag.py
[2025-08-19T03:12:37.113+0000] {logging_mixin.py:188} INFO - [2025-08-19T03:12:37.113+0000] {dag.py:3096} INFO - Sync 1 DAGs
[2025-08-19T03:12:37.136+0000] {logging_mixin.py:188} INFO - [2025-08-19T03:12:37.136+0000] {dag.py:3954} INFO - Setting next_dagrun for example_trigger_controller_dag to 2021-01-01 00:00:00+00:00, run_after=2021-01-01 00:00:00+00:00
[2025-08-19T03:12:37.160+0000] {processor.py:183} INFO - Processing /home/airflow/.local/lib/python3.12/site-packages/airflow/example_dags/example_trigger_controller_dag.py took 0.086 seconds
[2025-08-19T03:13:07.721+0000] {processor.py:161} INFO - Started process (PID=22566) to work on /home/airflow/.local/lib/python3.12/site-packages/airflow/example_dags/example_trigger_controller_dag.py
[2025-08-19T03:13:07.723+0000] {processor.py:830} INFO - Processing file /home/airflow/.local/lib/python3.12/site-packages/airflow/example_dags/example_trigger_controller_dag.py for tasks to queue
[2025-08-19T03:13:07.724+0000] {logging_mixin.py:188} INFO - [2025-08-19T03:13:07.724+0000] {dagbag.py:545} INFO - Filling up the DagBag from /home/airflow/.local/lib/python3.12/site-packages/airflow/example_dags/example_trigger_controller_dag.py
[2025-08-19T03:13:07.729+0000] {processor.py:840} INFO - DAG(s) 'example_trigger_controller_dag' retrieved from /home/airflow/.local/lib/python3.12/site-packages/airflow/example_dags/example_trigger_controller_dag.py
[2025-08-19T03:13:07.752+0000] {logging_mixin.py:188} INFO - [2025-08-19T03:13:07.751+0000] {dag.py:3096} INFO - Sync 1 DAGs
[2025-08-19T03:13:07.774+0000] {logging_mixin.py:188} INFO - [2025-08-19T03:13:07.774+0000] {dag.py:3954} INFO - Setting next_dagrun for example_trigger_controller_dag to 2021-01-01 00:00:00+00:00, run_after=2021-01-01 00:00:00+00:00
[2025-08-19T03:13:07.797+0000] {processor.py:183} INFO - Processing /home/airflow/.local/lib/python3.12/site-packages/airflow/example_dags/example_trigger_controller_dag.py took 0.082 seconds
[2025-08-19T03:13:38.569+0000] {processor.py:161} INFO - Started process (PID=22619) to work on /home/airflow/.local/lib/python3.12/site-packages/airflow/example_dags/example_trigger_controller_dag.py
[2025-08-19T03:13:38.571+0000] {processor.py:830} INFO - Processing file /home/airflow/.local/lib/python3.12/site-packages/airflow/example_dags/example_trigger_controller_dag.py for tasks to queue
[2025-08-19T03:13:38.573+0000] {logging_mixin.py:188} INFO - [2025-08-19T03:13:38.572+0000] {dagbag.py:545} INFO - Filling up the DagBag from /home/airflow/.local/lib/python3.12/site-packages/airflow/example_dags/example_trigger_controller_dag.py
[2025-08-19T03:13:38.580+0000] {processor.py:840} INFO - DAG(s) 'example_trigger_controller_dag' retrieved from /home/airflow/.local/lib/python3.12/site-packages/airflow/example_dags/example_trigger_controller_dag.py
[2025-08-19T03:13:38.604+0000] {logging_mixin.py:188} INFO - [2025-08-19T03:13:38.603+0000] {dag.py:3096} INFO - Sync 1 DAGs
[2025-08-19T03:13:38.627+0000] {logging_mixin.py:188} INFO - [2025-08-19T03:13:38.626+0000] {dag.py:3954} INFO - Setting next_dagrun for example_trigger_controller_dag to 2021-01-01 00:00:00+00:00, run_after=2021-01-01 00:00:00+00:00
[2025-08-19T03:13:38.651+0000] {processor.py:183} INFO - Processing /home/airflow/.local/lib/python3.12/site-packages/airflow/example_dags/example_trigger_controller_dag.py took 0.089 seconds
[2025-08-19T03:14:09.373+0000] {processor.py:161} INFO - Started process (PID=22672) to work on /home/airflow/.local/lib/python3.12/site-packages/airflow/example_dags/example_trigger_controller_dag.py
[2025-08-19T03:14:09.374+0000] {processor.py:830} INFO - Processing file /home/airflow/.local/lib/python3.12/site-packages/airflow/example_dags/example_trigger_controller_dag.py for tasks to queue
[2025-08-19T03:14:09.375+0000] {logging_mixin.py:188} INFO - [2025-08-19T03:14:09.375+0000] {dagbag.py:545} INFO - Filling up the DagBag from /home/airflow/.local/lib/python3.12/site-packages/airflow/example_dags/example_trigger_controller_dag.py
[2025-08-19T03:14:09.381+0000] {processor.py:840} INFO - DAG(s) 'example_trigger_controller_dag' retrieved from /home/airflow/.local/lib/python3.12/site-packages/airflow/example_dags/example_trigger_controller_dag.py
[2025-08-19T03:14:09.404+0000] {logging_mixin.py:188} INFO - [2025-08-19T03:14:09.403+0000] {dag.py:3096} INFO - Sync 1 DAGs
[2025-08-19T03:14:09.428+0000] {logging_mixin.py:188} INFO - [2025-08-19T03:14:09.427+0000] {dag.py:3954} INFO - Setting next_dagrun for example_trigger_controller_dag to 2021-01-01 00:00:00+00:00, run_after=2021-01-01 00:00:00+00:00
[2025-08-19T03:14:09.450+0000] {processor.py:183} INFO - Processing /home/airflow/.local/lib/python3.12/site-packages/airflow/example_dags/example_trigger_controller_dag.py took 0.084 seconds
[2025-08-19T03:14:40.199+0000] {processor.py:161} INFO - Started process (PID=22725) to work on /home/airflow/.local/lib/python3.12/site-packages/airflow/example_dags/example_trigger_controller_dag.py
[2025-08-19T03:14:40.200+0000] {processor.py:830} INFO - Processing file /home/airflow/.local/lib/python3.12/site-packages/airflow/example_dags/example_trigger_controller_dag.py for tasks to queue
[2025-08-19T03:14:40.202+0000] {logging_mixin.py:188} INFO - [2025-08-19T03:14:40.201+0000] {dagbag.py:545} INFO - Filling up the DagBag from /home/airflow/.local/lib/python3.12/site-packages/airflow/example_dags/example_trigger_controller_dag.py
[2025-08-19T03:14:40.207+0000] {processor.py:840} INFO - DAG(s) 'example_trigger_controller_dag' retrieved from /home/airflow/.local/lib/python3.12/site-packages/airflow/example_dags/example_trigger_controller_dag.py
[2025-08-19T03:14:40.230+0000] {logging_mixin.py:188} INFO - [2025-08-19T03:14:40.230+0000] {dag.py:3096} INFO - Sync 1 DAGs
[2025-08-19T03:14:40.252+0000] {logging_mixin.py:188} INFO - [2025-08-19T03:14:40.252+0000] {dag.py:3954} INFO - Setting next_dagrun for example_trigger_controller_dag to 2021-01-01 00:00:00+00:00, run_after=2021-01-01 00:00:00+00:00
[2025-08-19T03:14:40.275+0000] {processor.py:183} INFO - Processing /home/airflow/.local/lib/python3.12/site-packages/airflow/example_dags/example_trigger_controller_dag.py took 0.083 seconds
[2025-08-19T03:15:10.953+0000] {processor.py:161} INFO - Started process (PID=22778) to work on /home/airflow/.local/lib/python3.12/site-packages/airflow/example_dags/example_trigger_controller_dag.py
[2025-08-19T03:15:10.954+0000] {processor.py:830} INFO - Processing file /home/airflow/.local/lib/python3.12/site-packages/airflow/example_dags/example_trigger_controller_dag.py for tasks to queue
[2025-08-19T03:15:10.955+0000] {logging_mixin.py:188} INFO - [2025-08-19T03:15:10.955+0000] {dagbag.py:545} INFO - Filling up the DagBag from /home/airflow/.local/lib/python3.12/site-packages/airflow/example_dags/example_trigger_controller_dag.py
[2025-08-19T03:15:10.961+0000] {processor.py:840} INFO - DAG(s) 'example_trigger_controller_dag' retrieved from /home/airflow/.local/lib/python3.12/site-packages/airflow/example_dags/example_trigger_controller_dag.py
[2025-08-19T03:15:10.982+0000] {logging_mixin.py:188} INFO - [2025-08-19T03:15:10.982+0000] {dag.py:3096} INFO - Sync 1 DAGs
[2025-08-19T03:15:11.004+0000] {logging_mixin.py:188} INFO - [2025-08-19T03:15:11.003+0000] {dag.py:3954} INFO - Setting next_dagrun for example_trigger_controller_dag to 2021-01-01 00:00:00+00:00, run_after=2021-01-01 00:00:00+00:00
[2025-08-19T03:15:11.029+0000] {processor.py:183} INFO - Processing /home/airflow/.local/lib/python3.12/site-packages/airflow/example_dags/example_trigger_controller_dag.py took 0.082 seconds
[2025-08-19T03:15:41.841+0000] {processor.py:161} INFO - Started process (PID=22831) to work on /home/airflow/.local/lib/python3.12/site-packages/airflow/example_dags/example_trigger_controller_dag.py
[2025-08-19T03:15:41.842+0000] {processor.py:830} INFO - Processing file /home/airflow/.local/lib/python3.12/site-packages/airflow/example_dags/example_trigger_controller_dag.py for tasks to queue
[2025-08-19T03:15:41.843+0000] {logging_mixin.py:188} INFO - [2025-08-19T03:15:41.843+0000] {dagbag.py:545} INFO - Filling up the DagBag from /home/airflow/.local/lib/python3.12/site-packages/airflow/example_dags/example_trigger_controller_dag.py
[2025-08-19T03:15:41.849+0000] {processor.py:840} INFO - DAG(s) 'example_trigger_controller_dag' retrieved from /home/airflow/.local/lib/python3.12/site-packages/airflow/example_dags/example_trigger_controller_dag.py
[2025-08-19T03:15:41.871+0000] {logging_mixin.py:188} INFO - [2025-08-19T03:15:41.871+0000] {dag.py:3096} INFO - Sync 1 DAGs
[2025-08-19T03:15:41.894+0000] {logging_mixin.py:188} INFO - [2025-08-19T03:15:41.894+0000] {dag.py:3954} INFO - Setting next_dagrun for example_trigger_controller_dag to 2021-01-01 00:00:00+00:00, run_after=2021-01-01 00:00:00+00:00
[2025-08-19T03:15:41.918+0000] {processor.py:183} INFO - Processing /home/airflow/.local/lib/python3.12/site-packages/airflow/example_dags/example_trigger_controller_dag.py took 0.084 seconds
[2025-08-19T03:16:12.424+0000] {processor.py:161} INFO - Started process (PID=22884) to work on /home/airflow/.local/lib/python3.12/site-packages/airflow/example_dags/example_trigger_controller_dag.py
[2025-08-19T03:16:12.426+0000] {processor.py:830} INFO - Processing file /home/airflow/.local/lib/python3.12/site-packages/airflow/example_dags/example_trigger_controller_dag.py for tasks to queue
[2025-08-19T03:16:12.427+0000] {logging_mixin.py:188} INFO - [2025-08-19T03:16:12.427+0000] {dagbag.py:545} INFO - Filling up the DagBag from /home/airflow/.local/lib/python3.12/site-packages/airflow/example_dags/example_trigger_controller_dag.py
[2025-08-19T03:16:12.432+0000] {processor.py:840} INFO - DAG(s) 'example_trigger_controller_dag' retrieved from /home/airflow/.local/lib/python3.12/site-packages/airflow/example_dags/example_trigger_controller_dag.py
[2025-08-19T03:16:12.455+0000] {logging_mixin.py:188} INFO - [2025-08-19T03:16:12.455+0000] {dag.py:3096} INFO - Sync 1 DAGs
[2025-08-19T03:16:12.480+0000] {logging_mixin.py:188} INFO - [2025-08-19T03:16:12.480+0000] {dag.py:3954} INFO - Setting next_dagrun for example_trigger_controller_dag to 2021-01-01 00:00:00+00:00, run_after=2021-01-01 00:00:00+00:00
[2025-08-19T03:16:12.502+0000] {processor.py:183} INFO - Processing /home/airflow/.local/lib/python3.12/site-packages/airflow/example_dags/example_trigger_controller_dag.py took 0.084 seconds
[2025-08-19T03:16:42.925+0000] {processor.py:161} INFO - Started process (PID=22937) to work on /home/airflow/.local/lib/python3.12/site-packages/airflow/example_dags/example_trigger_controller_dag.py
[2025-08-19T03:16:42.926+0000] {processor.py:830} INFO - Processing file /home/airflow/.local/lib/python3.12/site-packages/airflow/example_dags/example_trigger_controller_dag.py for tasks to queue
[2025-08-19T03:16:42.927+0000] {logging_mixin.py:188} INFO - [2025-08-19T03:16:42.927+0000] {dagbag.py:545} INFO - Filling up the DagBag from /home/airflow/.local/lib/python3.12/site-packages/airflow/example_dags/example_trigger_controller_dag.py
[2025-08-19T03:16:42.931+0000] {processor.py:840} INFO - DAG(s) 'example_trigger_controller_dag' retrieved from /home/airflow/.local/lib/python3.12/site-packages/airflow/example_dags/example_trigger_controller_dag.py
[2025-08-19T03:16:42.953+0000] {logging_mixin.py:188} INFO - [2025-08-19T03:16:42.952+0000] {dag.py:3096} INFO - Sync 1 DAGs
[2025-08-19T03:16:42.976+0000] {logging_mixin.py:188} INFO - [2025-08-19T03:16:42.976+0000] {dag.py:3954} INFO - Setting next_dagrun for example_trigger_controller_dag to 2021-01-01 00:00:00+00:00, run_after=2021-01-01 00:00:00+00:00
[2025-08-19T03:16:43.000+0000] {processor.py:183} INFO - Processing /home/airflow/.local/lib/python3.12/site-packages/airflow/example_dags/example_trigger_controller_dag.py took 0.081 seconds
[2025-08-19T03:17:13.285+0000] {processor.py:161} INFO - Started process (PID=22990) to work on /home/airflow/.local/lib/python3.12/site-packages/airflow/example_dags/example_trigger_controller_dag.py
[2025-08-19T03:17:13.286+0000] {processor.py:830} INFO - Processing file /home/airflow/.local/lib/python3.12/site-packages/airflow/example_dags/example_trigger_controller_dag.py for tasks to queue
[2025-08-19T03:17:13.287+0000] {logging_mixin.py:188} INFO - [2025-08-19T03:17:13.287+0000] {dagbag.py:545} INFO - Filling up the DagBag from /home/airflow/.local/lib/python3.12/site-packages/airflow/example_dags/example_trigger_controller_dag.py
[2025-08-19T03:17:13.294+0000] {processor.py:840} INFO - DAG(s) 'example_trigger_controller_dag' retrieved from /home/airflow/.local/lib/python3.12/site-packages/airflow/example_dags/example_trigger_controller_dag.py
[2025-08-19T03:17:13.314+0000] {logging_mixin.py:188} INFO - [2025-08-19T03:17:13.314+0000] {dag.py:3096} INFO - Sync 1 DAGs
[2025-08-19T03:17:13.334+0000] {logging_mixin.py:188} INFO - [2025-08-19T03:17:13.334+0000] {dag.py:3954} INFO - Setting next_dagrun for example_trigger_controller_dag to 2021-01-01 00:00:00+00:00, run_after=2021-01-01 00:00:00+00:00
[2025-08-19T03:17:13.356+0000] {processor.py:183} INFO - Processing /home/airflow/.local/lib/python3.12/site-packages/airflow/example_dags/example_trigger_controller_dag.py took 0.077 seconds
[2025-08-19T03:17:44.184+0000] {processor.py:161} INFO - Started process (PID=23043) to work on /home/airflow/.local/lib/python3.12/site-packages/airflow/example_dags/example_trigger_controller_dag.py
[2025-08-19T03:17:44.185+0000] {processor.py:830} INFO - Processing file /home/airflow/.local/lib/python3.12/site-packages/airflow/example_dags/example_trigger_controller_dag.py for tasks to queue
[2025-08-19T03:17:44.186+0000] {logging_mixin.py:188} INFO - [2025-08-19T03:17:44.186+0000] {dagbag.py:545} INFO - Filling up the DagBag from /home/airflow/.local/lib/python3.12/site-packages/airflow/example_dags/example_trigger_controller_dag.py
[2025-08-19T03:17:44.192+0000] {processor.py:840} INFO - DAG(s) 'example_trigger_controller_dag' retrieved from /home/airflow/.local/lib/python3.12/site-packages/airflow/example_dags/example_trigger_controller_dag.py
[2025-08-19T03:17:44.215+0000] {logging_mixin.py:188} INFO - [2025-08-19T03:17:44.215+0000] {dag.py:3096} INFO - Sync 1 DAGs
[2025-08-19T03:17:44.237+0000] {logging_mixin.py:188} INFO - [2025-08-19T03:17:44.237+0000] {dag.py:3954} INFO - Setting next_dagrun for example_trigger_controller_dag to 2021-01-01 00:00:00+00:00, run_after=2021-01-01 00:00:00+00:00
[2025-08-19T03:17:44.262+0000] {processor.py:183} INFO - Processing /home/airflow/.local/lib/python3.12/site-packages/airflow/example_dags/example_trigger_controller_dag.py took 0.084 seconds
[2025-08-19T03:18:14.327+0000] {processor.py:161} INFO - Started process (PID=23096) to work on /home/airflow/.local/lib/python3.12/site-packages/airflow/example_dags/example_trigger_controller_dag.py
[2025-08-19T03:18:14.328+0000] {processor.py:830} INFO - Processing file /home/airflow/.local/lib/python3.12/site-packages/airflow/example_dags/example_trigger_controller_dag.py for tasks to queue
[2025-08-19T03:18:14.330+0000] {logging_mixin.py:188} INFO - [2025-08-19T03:18:14.329+0000] {dagbag.py:545} INFO - Filling up the DagBag from /home/airflow/.local/lib/python3.12/site-packages/airflow/example_dags/example_trigger_controller_dag.py
[2025-08-19T03:18:14.336+0000] {processor.py:840} INFO - DAG(s) 'example_trigger_controller_dag' retrieved from /home/airflow/.local/lib/python3.12/site-packages/airflow/example_dags/example_trigger_controller_dag.py
[2025-08-19T03:18:14.358+0000] {logging_mixin.py:188} INFO - [2025-08-19T03:18:14.357+0000] {dag.py:3096} INFO - Sync 1 DAGs
[2025-08-19T03:18:14.380+0000] {logging_mixin.py:188} INFO - [2025-08-19T03:18:14.380+0000] {dag.py:3954} INFO - Setting next_dagrun for example_trigger_controller_dag to 2021-01-01 00:00:00+00:00, run_after=2021-01-01 00:00:00+00:00
[2025-08-19T03:18:14.405+0000] {processor.py:183} INFO - Processing /home/airflow/.local/lib/python3.12/site-packages/airflow/example_dags/example_trigger_controller_dag.py took 0.084 seconds
[2025-08-19T03:18:44.706+0000] {processor.py:161} INFO - Started process (PID=23149) to work on /home/airflow/.local/lib/python3.12/site-packages/airflow/example_dags/example_trigger_controller_dag.py
[2025-08-19T03:18:44.708+0000] {processor.py:830} INFO - Processing file /home/airflow/.local/lib/python3.12/site-packages/airflow/example_dags/example_trigger_controller_dag.py for tasks to queue
[2025-08-19T03:18:44.709+0000] {logging_mixin.py:188} INFO - [2025-08-19T03:18:44.709+0000] {dagbag.py:545} INFO - Filling up the DagBag from /home/airflow/.local/lib/python3.12/site-packages/airflow/example_dags/example_trigger_controller_dag.py
[2025-08-19T03:18:44.715+0000] {processor.py:840} INFO - DAG(s) 'example_trigger_controller_dag' retrieved from /home/airflow/.local/lib/python3.12/site-packages/airflow/example_dags/example_trigger_controller_dag.py
[2025-08-19T03:18:44.738+0000] {logging_mixin.py:188} INFO - [2025-08-19T03:18:44.738+0000] {dag.py:3096} INFO - Sync 1 DAGs
[2025-08-19T03:18:44.766+0000] {logging_mixin.py:188} INFO - [2025-08-19T03:18:44.765+0000] {dag.py:3954} INFO - Setting next_dagrun for example_trigger_controller_dag to 2021-01-01 00:00:00+00:00, run_after=2021-01-01 00:00:00+00:00
[2025-08-19T03:18:44.788+0000] {processor.py:183} INFO - Processing /home/airflow/.local/lib/python3.12/site-packages/airflow/example_dags/example_trigger_controller_dag.py took 0.089 seconds
[2025-08-19T03:19:15.733+0000] {processor.py:161} INFO - Started process (PID=23202) to work on /home/airflow/.local/lib/python3.12/site-packages/airflow/example_dags/example_trigger_controller_dag.py
[2025-08-19T03:19:15.735+0000] {processor.py:830} INFO - Processing file /home/airflow/.local/lib/python3.12/site-packages/airflow/example_dags/example_trigger_controller_dag.py for tasks to queue
[2025-08-19T03:19:15.736+0000] {logging_mixin.py:188} INFO - [2025-08-19T03:19:15.736+0000] {dagbag.py:545} INFO - Filling up the DagBag from /home/airflow/.local/lib/python3.12/site-packages/airflow/example_dags/example_trigger_controller_dag.py
[2025-08-19T03:19:15.742+0000] {processor.py:840} INFO - DAG(s) 'example_trigger_controller_dag' retrieved from /home/airflow/.local/lib/python3.12/site-packages/airflow/example_dags/example_trigger_controller_dag.py
[2025-08-19T03:19:15.764+0000] {logging_mixin.py:188} INFO - [2025-08-19T03:19:15.764+0000] {dag.py:3096} INFO - Sync 1 DAGs
[2025-08-19T03:19:15.791+0000] {logging_mixin.py:188} INFO - [2025-08-19T03:19:15.790+0000] {dag.py:3954} INFO - Setting next_dagrun for example_trigger_controller_dag to 2021-01-01 00:00:00+00:00, run_after=2021-01-01 00:00:00+00:00
[2025-08-19T03:19:15.817+0000] {processor.py:183} INFO - Processing /home/airflow/.local/lib/python3.12/site-packages/airflow/example_dags/example_trigger_controller_dag.py took 0.090 seconds
[2025-08-19T03:19:46.429+0000] {processor.py:161} INFO - Started process (PID=23255) to work on /home/airflow/.local/lib/python3.12/site-packages/airflow/example_dags/example_trigger_controller_dag.py
[2025-08-19T03:19:46.431+0000] {processor.py:830} INFO - Processing file /home/airflow/.local/lib/python3.12/site-packages/airflow/example_dags/example_trigger_controller_dag.py for tasks to queue
[2025-08-19T03:19:46.433+0000] {logging_mixin.py:188} INFO - [2025-08-19T03:19:46.432+0000] {dagbag.py:545} INFO - Filling up the DagBag from /home/airflow/.local/lib/python3.12/site-packages/airflow/example_dags/example_trigger_controller_dag.py
[2025-08-19T03:19:46.438+0000] {processor.py:840} INFO - DAG(s) 'example_trigger_controller_dag' retrieved from /home/airflow/.local/lib/python3.12/site-packages/airflow/example_dags/example_trigger_controller_dag.py
[2025-08-19T03:19:46.459+0000] {logging_mixin.py:188} INFO - [2025-08-19T03:19:46.459+0000] {dag.py:3096} INFO - Sync 1 DAGs
[2025-08-19T03:19:46.483+0000] {logging_mixin.py:188} INFO - [2025-08-19T03:19:46.483+0000] {dag.py:3954} INFO - Setting next_dagrun for example_trigger_controller_dag to 2021-01-01 00:00:00+00:00, run_after=2021-01-01 00:00:00+00:00
[2025-08-19T03:19:46.528+0000] {processor.py:183} INFO - Processing /home/airflow/.local/lib/python3.12/site-packages/airflow/example_dags/example_trigger_controller_dag.py took 0.105 seconds
[2025-08-19T03:20:16.946+0000] {processor.py:161} INFO - Started process (PID=23308) to work on /home/airflow/.local/lib/python3.12/site-packages/airflow/example_dags/example_trigger_controller_dag.py
[2025-08-19T03:20:16.948+0000] {processor.py:830} INFO - Processing file /home/airflow/.local/lib/python3.12/site-packages/airflow/example_dags/example_trigger_controller_dag.py for tasks to queue
[2025-08-19T03:20:16.949+0000] {logging_mixin.py:188} INFO - [2025-08-19T03:20:16.949+0000] {dagbag.py:545} INFO - Filling up the DagBag from /home/airflow/.local/lib/python3.12/site-packages/airflow/example_dags/example_trigger_controller_dag.py
[2025-08-19T03:20:16.955+0000] {processor.py:840} INFO - DAG(s) 'example_trigger_controller_dag' retrieved from /home/airflow/.local/lib/python3.12/site-packages/airflow/example_dags/example_trigger_controller_dag.py
[2025-08-19T03:20:16.984+0000] {logging_mixin.py:188} INFO - [2025-08-19T03:20:16.984+0000] {dag.py:3096} INFO - Sync 1 DAGs
[2025-08-19T03:20:17.012+0000] {logging_mixin.py:188} INFO - [2025-08-19T03:20:17.011+0000] {dag.py:3954} INFO - Setting next_dagrun for example_trigger_controller_dag to 2021-01-01 00:00:00+00:00, run_after=2021-01-01 00:00:00+00:00
[2025-08-19T03:20:17.049+0000] {processor.py:183} INFO - Processing /home/airflow/.local/lib/python3.12/site-packages/airflow/example_dags/example_trigger_controller_dag.py took 0.111 seconds
[2025-08-19T03:20:47.098+0000] {processor.py:161} INFO - Started process (PID=23360) to work on /home/airflow/.local/lib/python3.12/site-packages/airflow/example_dags/example_trigger_controller_dag.py
[2025-08-19T03:20:47.099+0000] {processor.py:830} INFO - Processing file /home/airflow/.local/lib/python3.12/site-packages/airflow/example_dags/example_trigger_controller_dag.py for tasks to queue
[2025-08-19T03:20:47.100+0000] {logging_mixin.py:188} INFO - [2025-08-19T03:20:47.100+0000] {dagbag.py:545} INFO - Filling up the DagBag from /home/airflow/.local/lib/python3.12/site-packages/airflow/example_dags/example_trigger_controller_dag.py
[2025-08-19T03:20:47.105+0000] {processor.py:840} INFO - DAG(s) 'example_trigger_controller_dag' retrieved from /home/airflow/.local/lib/python3.12/site-packages/airflow/example_dags/example_trigger_controller_dag.py
[2025-08-19T03:20:47.129+0000] {logging_mixin.py:188} INFO - [2025-08-19T03:20:47.128+0000] {dag.py:3096} INFO - Sync 1 DAGs
[2025-08-19T03:20:47.152+0000] {logging_mixin.py:188} INFO - [2025-08-19T03:20:47.152+0000] {dag.py:3954} INFO - Setting next_dagrun for example_trigger_controller_dag to 2021-01-01 00:00:00+00:00, run_after=2021-01-01 00:00:00+00:00
[2025-08-19T03:20:47.181+0000] {processor.py:183} INFO - Processing /home/airflow/.local/lib/python3.12/site-packages/airflow/example_dags/example_trigger_controller_dag.py took 0.090 seconds
[2025-08-19T03:21:17.268+0000] {processor.py:161} INFO - Started process (PID=23412) to work on /home/airflow/.local/lib/python3.12/site-packages/airflow/example_dags/example_trigger_controller_dag.py
[2025-08-19T03:21:17.269+0000] {processor.py:830} INFO - Processing file /home/airflow/.local/lib/python3.12/site-packages/airflow/example_dags/example_trigger_controller_dag.py for tasks to queue
[2025-08-19T03:21:17.270+0000] {logging_mixin.py:188} INFO - [2025-08-19T03:21:17.270+0000] {dagbag.py:545} INFO - Filling up the DagBag from /home/airflow/.local/lib/python3.12/site-packages/airflow/example_dags/example_trigger_controller_dag.py
[2025-08-19T03:21:17.278+0000] {processor.py:840} INFO - DAG(s) 'example_trigger_controller_dag' retrieved from /home/airflow/.local/lib/python3.12/site-packages/airflow/example_dags/example_trigger_controller_dag.py
[2025-08-19T03:21:17.300+0000] {logging_mixin.py:188} INFO - [2025-08-19T03:21:17.300+0000] {dag.py:3096} INFO - Sync 1 DAGs
[2025-08-19T03:21:17.323+0000] {logging_mixin.py:188} INFO - [2025-08-19T03:21:17.323+0000] {dag.py:3954} INFO - Setting next_dagrun for example_trigger_controller_dag to 2021-01-01 00:00:00+00:00, run_after=2021-01-01 00:00:00+00:00
[2025-08-19T03:21:17.350+0000] {processor.py:183} INFO - Processing /home/airflow/.local/lib/python3.12/site-packages/airflow/example_dags/example_trigger_controller_dag.py took 0.088 seconds
[2025-08-19T03:21:48.064+0000] {processor.py:161} INFO - Started process (PID=23467) to work on /home/airflow/.local/lib/python3.12/site-packages/airflow/example_dags/example_trigger_controller_dag.py
[2025-08-19T03:21:48.066+0000] {processor.py:830} INFO - Processing file /home/airflow/.local/lib/python3.12/site-packages/airflow/example_dags/example_trigger_controller_dag.py for tasks to queue
[2025-08-19T03:21:48.067+0000] {logging_mixin.py:188} INFO - [2025-08-19T03:21:48.067+0000] {dagbag.py:545} INFO - Filling up the DagBag from /home/airflow/.local/lib/python3.12/site-packages/airflow/example_dags/example_trigger_controller_dag.py
[2025-08-19T03:21:48.073+0000] {processor.py:840} INFO - DAG(s) 'example_trigger_controller_dag' retrieved from /home/airflow/.local/lib/python3.12/site-packages/airflow/example_dags/example_trigger_controller_dag.py
[2025-08-19T03:21:48.098+0000] {logging_mixin.py:188} INFO - [2025-08-19T03:21:48.098+0000] {dag.py:3096} INFO - Sync 1 DAGs
[2025-08-19T03:21:48.124+0000] {logging_mixin.py:188} INFO - [2025-08-19T03:21:48.124+0000] {dag.py:3954} INFO - Setting next_dagrun for example_trigger_controller_dag to 2021-01-01 00:00:00+00:00, run_after=2021-01-01 00:00:00+00:00
[2025-08-19T03:21:48.151+0000] {processor.py:183} INFO - Processing /home/airflow/.local/lib/python3.12/site-packages/airflow/example_dags/example_trigger_controller_dag.py took 0.094 seconds
[2025-08-19T03:22:18.605+0000] {processor.py:161} INFO - Started process (PID=23520) to work on /home/airflow/.local/lib/python3.12/site-packages/airflow/example_dags/example_trigger_controller_dag.py
[2025-08-19T03:22:18.607+0000] {processor.py:830} INFO - Processing file /home/airflow/.local/lib/python3.12/site-packages/airflow/example_dags/example_trigger_controller_dag.py for tasks to queue
[2025-08-19T03:22:18.609+0000] {logging_mixin.py:188} INFO - [2025-08-19T03:22:18.608+0000] {dagbag.py:545} INFO - Filling up the DagBag from /home/airflow/.local/lib/python3.12/site-packages/airflow/example_dags/example_trigger_controller_dag.py
[2025-08-19T03:22:18.614+0000] {processor.py:840} INFO - DAG(s) 'example_trigger_controller_dag' retrieved from /home/airflow/.local/lib/python3.12/site-packages/airflow/example_dags/example_trigger_controller_dag.py
[2025-08-19T03:22:18.637+0000] {logging_mixin.py:188} INFO - [2025-08-19T03:22:18.637+0000] {dag.py:3096} INFO - Sync 1 DAGs
[2025-08-19T03:22:18.664+0000] {logging_mixin.py:188} INFO - [2025-08-19T03:22:18.664+0000] {dag.py:3954} INFO - Setting next_dagrun for example_trigger_controller_dag to 2021-01-01 00:00:00+00:00, run_after=2021-01-01 00:00:00+00:00
[2025-08-19T03:22:18.690+0000] {processor.py:183} INFO - Processing /home/airflow/.local/lib/python3.12/site-packages/airflow/example_dags/example_trigger_controller_dag.py took 0.091 seconds
[2025-08-19T03:22:49.092+0000] {processor.py:161} INFO - Started process (PID=23573) to work on /home/airflow/.local/lib/python3.12/site-packages/airflow/example_dags/example_trigger_controller_dag.py
[2025-08-19T03:22:49.094+0000] {processor.py:830} INFO - Processing file /home/airflow/.local/lib/python3.12/site-packages/airflow/example_dags/example_trigger_controller_dag.py for tasks to queue
[2025-08-19T03:22:49.095+0000] {logging_mixin.py:188} INFO - [2025-08-19T03:22:49.095+0000] {dagbag.py:545} INFO - Filling up the DagBag from /home/airflow/.local/lib/python3.12/site-packages/airflow/example_dags/example_trigger_controller_dag.py
[2025-08-19T03:22:49.101+0000] {processor.py:840} INFO - DAG(s) 'example_trigger_controller_dag' retrieved from /home/airflow/.local/lib/python3.12/site-packages/airflow/example_dags/example_trigger_controller_dag.py
[2025-08-19T03:22:49.123+0000] {logging_mixin.py:188} INFO - [2025-08-19T03:22:49.123+0000] {dag.py:3096} INFO - Sync 1 DAGs
[2025-08-19T03:22:49.149+0000] {logging_mixin.py:188} INFO - [2025-08-19T03:22:49.149+0000] {dag.py:3954} INFO - Setting next_dagrun for example_trigger_controller_dag to 2021-01-01 00:00:00+00:00, run_after=2021-01-01 00:00:00+00:00
[2025-08-19T03:22:49.176+0000] {processor.py:183} INFO - Processing /home/airflow/.local/lib/python3.12/site-packages/airflow/example_dags/example_trigger_controller_dag.py took 0.089 seconds
[2025-08-19T03:23:19.520+0000] {processor.py:161} INFO - Started process (PID=23626) to work on /home/airflow/.local/lib/python3.12/site-packages/airflow/example_dags/example_trigger_controller_dag.py
[2025-08-19T03:23:19.522+0000] {processor.py:830} INFO - Processing file /home/airflow/.local/lib/python3.12/site-packages/airflow/example_dags/example_trigger_controller_dag.py for tasks to queue
[2025-08-19T03:23:19.523+0000] {logging_mixin.py:188} INFO - [2025-08-19T03:23:19.523+0000] {dagbag.py:545} INFO - Filling up the DagBag from /home/airflow/.local/lib/python3.12/site-packages/airflow/example_dags/example_trigger_controller_dag.py
[2025-08-19T03:23:19.529+0000] {processor.py:840} INFO - DAG(s) 'example_trigger_controller_dag' retrieved from /home/airflow/.local/lib/python3.12/site-packages/airflow/example_dags/example_trigger_controller_dag.py
[2025-08-19T03:23:19.553+0000] {logging_mixin.py:188} INFO - [2025-08-19T03:23:19.553+0000] {dag.py:3096} INFO - Sync 1 DAGs
[2025-08-19T03:23:19.580+0000] {logging_mixin.py:188} INFO - [2025-08-19T03:23:19.580+0000] {dag.py:3954} INFO - Setting next_dagrun for example_trigger_controller_dag to 2021-01-01 00:00:00+00:00, run_after=2021-01-01 00:00:00+00:00
[2025-08-19T03:23:19.607+0000] {processor.py:183} INFO - Processing /home/airflow/.local/lib/python3.12/site-packages/airflow/example_dags/example_trigger_controller_dag.py took 0.093 seconds
[2025-08-19T03:23:49.972+0000] {processor.py:161} INFO - Started process (PID=23679) to work on /home/airflow/.local/lib/python3.12/site-packages/airflow/example_dags/example_trigger_controller_dag.py
[2025-08-19T03:23:49.973+0000] {processor.py:830} INFO - Processing file /home/airflow/.local/lib/python3.12/site-packages/airflow/example_dags/example_trigger_controller_dag.py for tasks to queue
[2025-08-19T03:23:49.974+0000] {logging_mixin.py:188} INFO - [2025-08-19T03:23:49.974+0000] {dagbag.py:545} INFO - Filling up the DagBag from /home/airflow/.local/lib/python3.12/site-packages/airflow/example_dags/example_trigger_controller_dag.py
[2025-08-19T03:23:49.979+0000] {processor.py:840} INFO - DAG(s) 'example_trigger_controller_dag' retrieved from /home/airflow/.local/lib/python3.12/site-packages/airflow/example_dags/example_trigger_controller_dag.py
[2025-08-19T03:23:50.002+0000] {logging_mixin.py:188} INFO - [2025-08-19T03:23:50.002+0000] {dag.py:3096} INFO - Sync 1 DAGs
[2025-08-19T03:23:50.029+0000] {logging_mixin.py:188} INFO - [2025-08-19T03:23:50.029+0000] {dag.py:3954} INFO - Setting next_dagrun for example_trigger_controller_dag to 2021-01-01 00:00:00+00:00, run_after=2021-01-01 00:00:00+00:00
[2025-08-19T03:23:50.056+0000] {processor.py:183} INFO - Processing /home/airflow/.local/lib/python3.12/site-packages/airflow/example_dags/example_trigger_controller_dag.py took 0.091 seconds
[2025-08-19T03:24:20.645+0000] {processor.py:161} INFO - Started process (PID=23732) to work on /home/airflow/.local/lib/python3.12/site-packages/airflow/example_dags/example_trigger_controller_dag.py
[2025-08-19T03:24:20.646+0000] {processor.py:830} INFO - Processing file /home/airflow/.local/lib/python3.12/site-packages/airflow/example_dags/example_trigger_controller_dag.py for tasks to queue
[2025-08-19T03:24:20.647+0000] {logging_mixin.py:188} INFO - [2025-08-19T03:24:20.647+0000] {dagbag.py:545} INFO - Filling up the DagBag from /home/airflow/.local/lib/python3.12/site-packages/airflow/example_dags/example_trigger_controller_dag.py
[2025-08-19T03:24:20.653+0000] {processor.py:840} INFO - DAG(s) 'example_trigger_controller_dag' retrieved from /home/airflow/.local/lib/python3.12/site-packages/airflow/example_dags/example_trigger_controller_dag.py
[2025-08-19T03:24:20.677+0000] {logging_mixin.py:188} INFO - [2025-08-19T03:24:20.677+0000] {dag.py:3096} INFO - Sync 1 DAGs
[2025-08-19T03:24:20.705+0000] {logging_mixin.py:188} INFO - [2025-08-19T03:24:20.705+0000] {dag.py:3954} INFO - Setting next_dagrun for example_trigger_controller_dag to 2021-01-01 00:00:00+00:00, run_after=2021-01-01 00:00:00+00:00
[2025-08-19T03:24:20.733+0000] {processor.py:183} INFO - Processing /home/airflow/.local/lib/python3.12/site-packages/airflow/example_dags/example_trigger_controller_dag.py took 0.095 seconds
[2025-08-19T03:24:51.226+0000] {processor.py:161} INFO - Started process (PID=23785) to work on /home/airflow/.local/lib/python3.12/site-packages/airflow/example_dags/example_trigger_controller_dag.py
[2025-08-19T03:24:51.228+0000] {processor.py:830} INFO - Processing file /home/airflow/.local/lib/python3.12/site-packages/airflow/example_dags/example_trigger_controller_dag.py for tasks to queue
[2025-08-19T03:24:51.230+0000] {logging_mixin.py:188} INFO - [2025-08-19T03:24:51.229+0000] {dagbag.py:545} INFO - Filling up the DagBag from /home/airflow/.local/lib/python3.12/site-packages/airflow/example_dags/example_trigger_controller_dag.py
[2025-08-19T03:24:51.236+0000] {processor.py:840} INFO - DAG(s) 'example_trigger_controller_dag' retrieved from /home/airflow/.local/lib/python3.12/site-packages/airflow/example_dags/example_trigger_controller_dag.py
[2025-08-19T03:24:51.262+0000] {logging_mixin.py:188} INFO - [2025-08-19T03:24:51.261+0000] {dag.py:3096} INFO - Sync 1 DAGs
[2025-08-19T03:24:51.301+0000] {logging_mixin.py:188} INFO - [2025-08-19T03:24:51.300+0000] {dag.py:3954} INFO - Setting next_dagrun for example_trigger_controller_dag to 2021-01-01 00:00:00+00:00, run_after=2021-01-01 00:00:00+00:00
[2025-08-19T03:24:51.348+0000] {processor.py:183} INFO - Processing /home/airflow/.local/lib/python3.12/site-packages/airflow/example_dags/example_trigger_controller_dag.py took 0.131 seconds
[2025-08-19T03:25:21.881+0000] {processor.py:161} INFO - Started process (PID=23838) to work on /home/airflow/.local/lib/python3.12/site-packages/airflow/example_dags/example_trigger_controller_dag.py
[2025-08-19T03:25:21.883+0000] {processor.py:830} INFO - Processing file /home/airflow/.local/lib/python3.12/site-packages/airflow/example_dags/example_trigger_controller_dag.py for tasks to queue
[2025-08-19T03:25:21.884+0000] {logging_mixin.py:188} INFO - [2025-08-19T03:25:21.884+0000] {dagbag.py:545} INFO - Filling up the DagBag from /home/airflow/.local/lib/python3.12/site-packages/airflow/example_dags/example_trigger_controller_dag.py
[2025-08-19T03:25:21.890+0000] {processor.py:840} INFO - DAG(s) 'example_trigger_controller_dag' retrieved from /home/airflow/.local/lib/python3.12/site-packages/airflow/example_dags/example_trigger_controller_dag.py
[2025-08-19T03:25:21.912+0000] {logging_mixin.py:188} INFO - [2025-08-19T03:25:21.912+0000] {dag.py:3096} INFO - Sync 1 DAGs
[2025-08-19T03:25:21.936+0000] {logging_mixin.py:188} INFO - [2025-08-19T03:25:21.936+0000] {dag.py:3954} INFO - Setting next_dagrun for example_trigger_controller_dag to 2021-01-01 00:00:00+00:00, run_after=2021-01-01 00:00:00+00:00
[2025-08-19T03:25:21.963+0000] {processor.py:183} INFO - Processing /home/airflow/.local/lib/python3.12/site-packages/airflow/example_dags/example_trigger_controller_dag.py took 0.088 seconds
[2025-08-19T03:25:52.296+0000] {processor.py:161} INFO - Started process (PID=23891) to work on /home/airflow/.local/lib/python3.12/site-packages/airflow/example_dags/example_trigger_controller_dag.py
[2025-08-19T03:25:52.297+0000] {processor.py:830} INFO - Processing file /home/airflow/.local/lib/python3.12/site-packages/airflow/example_dags/example_trigger_controller_dag.py for tasks to queue
[2025-08-19T03:25:52.298+0000] {logging_mixin.py:188} INFO - [2025-08-19T03:25:52.298+0000] {dagbag.py:545} INFO - Filling up the DagBag from /home/airflow/.local/lib/python3.12/site-packages/airflow/example_dags/example_trigger_controller_dag.py
[2025-08-19T03:25:52.304+0000] {processor.py:840} INFO - DAG(s) 'example_trigger_controller_dag' retrieved from /home/airflow/.local/lib/python3.12/site-packages/airflow/example_dags/example_trigger_controller_dag.py
[2025-08-19T03:25:52.328+0000] {logging_mixin.py:188} INFO - [2025-08-19T03:25:52.327+0000] {dag.py:3096} INFO - Sync 1 DAGs
[2025-08-19T03:25:52.352+0000] {logging_mixin.py:188} INFO - [2025-08-19T03:25:52.352+0000] {dag.py:3954} INFO - Setting next_dagrun for example_trigger_controller_dag to 2021-01-01 00:00:00+00:00, run_after=2021-01-01 00:00:00+00:00
[2025-08-19T03:25:52.377+0000] {processor.py:183} INFO - Processing /home/airflow/.local/lib/python3.12/site-packages/airflow/example_dags/example_trigger_controller_dag.py took 0.087 seconds
[2025-08-19T03:26:22.547+0000] {processor.py:161} INFO - Started process (PID=23944) to work on /home/airflow/.local/lib/python3.12/site-packages/airflow/example_dags/example_trigger_controller_dag.py
[2025-08-19T03:26:22.548+0000] {processor.py:830} INFO - Processing file /home/airflow/.local/lib/python3.12/site-packages/airflow/example_dags/example_trigger_controller_dag.py for tasks to queue
[2025-08-19T03:26:22.550+0000] {logging_mixin.py:188} INFO - [2025-08-19T03:26:22.549+0000] {dagbag.py:545} INFO - Filling up the DagBag from /home/airflow/.local/lib/python3.12/site-packages/airflow/example_dags/example_trigger_controller_dag.py
[2025-08-19T03:26:22.554+0000] {processor.py:840} INFO - DAG(s) 'example_trigger_controller_dag' retrieved from /home/airflow/.local/lib/python3.12/site-packages/airflow/example_dags/example_trigger_controller_dag.py
[2025-08-19T03:26:22.577+0000] {logging_mixin.py:188} INFO - [2025-08-19T03:26:22.577+0000] {dag.py:3096} INFO - Sync 1 DAGs
[2025-08-19T03:26:22.602+0000] {logging_mixin.py:188} INFO - [2025-08-19T03:26:22.602+0000] {dag.py:3954} INFO - Setting next_dagrun for example_trigger_controller_dag to 2021-01-01 00:00:00+00:00, run_after=2021-01-01 00:00:00+00:00
[2025-08-19T03:26:22.637+0000] {processor.py:183} INFO - Processing /home/airflow/.local/lib/python3.12/site-packages/airflow/example_dags/example_trigger_controller_dag.py took 0.097 seconds
[2025-08-19T03:26:53.136+0000] {processor.py:161} INFO - Started process (PID=23997) to work on /home/airflow/.local/lib/python3.12/site-packages/airflow/example_dags/example_trigger_controller_dag.py
[2025-08-19T03:26:53.138+0000] {processor.py:830} INFO - Processing file /home/airflow/.local/lib/python3.12/site-packages/airflow/example_dags/example_trigger_controller_dag.py for tasks to queue
[2025-08-19T03:26:53.139+0000] {logging_mixin.py:188} INFO - [2025-08-19T03:26:53.139+0000] {dagbag.py:545} INFO - Filling up the DagBag from /home/airflow/.local/lib/python3.12/site-packages/airflow/example_dags/example_trigger_controller_dag.py
[2025-08-19T03:26:53.144+0000] {processor.py:840} INFO - DAG(s) 'example_trigger_controller_dag' retrieved from /home/airflow/.local/lib/python3.12/site-packages/airflow/example_dags/example_trigger_controller_dag.py
[2025-08-19T03:26:53.167+0000] {logging_mixin.py:188} INFO - [2025-08-19T03:26:53.167+0000] {dag.py:3096} INFO - Sync 1 DAGs
[2025-08-19T03:26:53.194+0000] {logging_mixin.py:188} INFO - [2025-08-19T03:26:53.194+0000] {dag.py:3954} INFO - Setting next_dagrun for example_trigger_controller_dag to 2021-01-01 00:00:00+00:00, run_after=2021-01-01 00:00:00+00:00
[2025-08-19T03:26:53.220+0000] {processor.py:183} INFO - Processing /home/airflow/.local/lib/python3.12/site-packages/airflow/example_dags/example_trigger_controller_dag.py took 0.090 seconds
[2025-08-19T03:27:23.591+0000] {processor.py:161} INFO - Started process (PID=24050) to work on /home/airflow/.local/lib/python3.12/site-packages/airflow/example_dags/example_trigger_controller_dag.py
[2025-08-19T03:27:23.593+0000] {processor.py:830} INFO - Processing file /home/airflow/.local/lib/python3.12/site-packages/airflow/example_dags/example_trigger_controller_dag.py for tasks to queue
[2025-08-19T03:27:23.594+0000] {logging_mixin.py:188} INFO - [2025-08-19T03:27:23.594+0000] {dagbag.py:545} INFO - Filling up the DagBag from /home/airflow/.local/lib/python3.12/site-packages/airflow/example_dags/example_trigger_controller_dag.py
[2025-08-19T03:27:23.599+0000] {processor.py:840} INFO - DAG(s) 'example_trigger_controller_dag' retrieved from /home/airflow/.local/lib/python3.12/site-packages/airflow/example_dags/example_trigger_controller_dag.py
[2025-08-19T03:27:23.623+0000] {logging_mixin.py:188} INFO - [2025-08-19T03:27:23.623+0000] {dag.py:3096} INFO - Sync 1 DAGs
[2025-08-19T03:27:23.646+0000] {logging_mixin.py:188} INFO - [2025-08-19T03:27:23.646+0000] {dag.py:3954} INFO - Setting next_dagrun for example_trigger_controller_dag to 2021-01-01 00:00:00+00:00, run_after=2021-01-01 00:00:00+00:00
[2025-08-19T03:27:23.673+0000] {processor.py:183} INFO - Processing /home/airflow/.local/lib/python3.12/site-packages/airflow/example_dags/example_trigger_controller_dag.py took 0.088 seconds
[2025-08-19T03:27:54.119+0000] {processor.py:161} INFO - Started process (PID=24103) to work on /home/airflow/.local/lib/python3.12/site-packages/airflow/example_dags/example_trigger_controller_dag.py
[2025-08-19T03:27:54.121+0000] {processor.py:830} INFO - Processing file /home/airflow/.local/lib/python3.12/site-packages/airflow/example_dags/example_trigger_controller_dag.py for tasks to queue
[2025-08-19T03:27:54.122+0000] {logging_mixin.py:188} INFO - [2025-08-19T03:27:54.122+0000] {dagbag.py:545} INFO - Filling up the DagBag from /home/airflow/.local/lib/python3.12/site-packages/airflow/example_dags/example_trigger_controller_dag.py
[2025-08-19T03:27:54.130+0000] {processor.py:840} INFO - DAG(s) 'example_trigger_controller_dag' retrieved from /home/airflow/.local/lib/python3.12/site-packages/airflow/example_dags/example_trigger_controller_dag.py
[2025-08-19T03:27:54.156+0000] {logging_mixin.py:188} INFO - [2025-08-19T03:27:54.156+0000] {dag.py:3096} INFO - Sync 1 DAGs
[2025-08-19T03:27:54.182+0000] {logging_mixin.py:188} INFO - [2025-08-19T03:27:54.181+0000] {dag.py:3954} INFO - Setting next_dagrun for example_trigger_controller_dag to 2021-01-01 00:00:00+00:00, run_after=2021-01-01 00:00:00+00:00
[2025-08-19T03:27:54.208+0000] {processor.py:183} INFO - Processing /home/airflow/.local/lib/python3.12/site-packages/airflow/example_dags/example_trigger_controller_dag.py took 0.095 seconds
[2025-08-19T03:28:24.535+0000] {processor.py:161} INFO - Started process (PID=24156) to work on /home/airflow/.local/lib/python3.12/site-packages/airflow/example_dags/example_trigger_controller_dag.py
[2025-08-19T03:28:24.537+0000] {processor.py:830} INFO - Processing file /home/airflow/.local/lib/python3.12/site-packages/airflow/example_dags/example_trigger_controller_dag.py for tasks to queue
[2025-08-19T03:28:24.538+0000] {logging_mixin.py:188} INFO - [2025-08-19T03:28:24.538+0000] {dagbag.py:545} INFO - Filling up the DagBag from /home/airflow/.local/lib/python3.12/site-packages/airflow/example_dags/example_trigger_controller_dag.py
[2025-08-19T03:28:24.544+0000] {processor.py:840} INFO - DAG(s) 'example_trigger_controller_dag' retrieved from /home/airflow/.local/lib/python3.12/site-packages/airflow/example_dags/example_trigger_controller_dag.py
[2025-08-19T03:28:24.572+0000] {logging_mixin.py:188} INFO - [2025-08-19T03:28:24.572+0000] {dag.py:3096} INFO - Sync 1 DAGs
[2025-08-19T03:28:24.597+0000] {logging_mixin.py:188} INFO - [2025-08-19T03:28:24.596+0000] {dag.py:3954} INFO - Setting next_dagrun for example_trigger_controller_dag to 2021-01-01 00:00:00+00:00, run_after=2021-01-01 00:00:00+00:00
[2025-08-19T03:28:24.622+0000] {processor.py:183} INFO - Processing /home/airflow/.local/lib/python3.12/site-packages/airflow/example_dags/example_trigger_controller_dag.py took 0.094 seconds
[2025-08-19T03:28:54.984+0000] {processor.py:161} INFO - Started process (PID=24209) to work on /home/airflow/.local/lib/python3.12/site-packages/airflow/example_dags/example_trigger_controller_dag.py
[2025-08-19T03:28:54.985+0000] {processor.py:830} INFO - Processing file /home/airflow/.local/lib/python3.12/site-packages/airflow/example_dags/example_trigger_controller_dag.py for tasks to queue
[2025-08-19T03:28:54.986+0000] {logging_mixin.py:188} INFO - [2025-08-19T03:28:54.986+0000] {dagbag.py:545} INFO - Filling up the DagBag from /home/airflow/.local/lib/python3.12/site-packages/airflow/example_dags/example_trigger_controller_dag.py
[2025-08-19T03:28:54.991+0000] {processor.py:840} INFO - DAG(s) 'example_trigger_controller_dag' retrieved from /home/airflow/.local/lib/python3.12/site-packages/airflow/example_dags/example_trigger_controller_dag.py
[2025-08-19T03:28:55.015+0000] {logging_mixin.py:188} INFO - [2025-08-19T03:28:55.015+0000] {dag.py:3096} INFO - Sync 1 DAGs
[2025-08-19T03:28:55.039+0000] {logging_mixin.py:188} INFO - [2025-08-19T03:28:55.039+0000] {dag.py:3954} INFO - Setting next_dagrun for example_trigger_controller_dag to 2021-01-01 00:00:00+00:00, run_after=2021-01-01 00:00:00+00:00
[2025-08-19T03:28:55.064+0000] {processor.py:183} INFO - Processing /home/airflow/.local/lib/python3.12/site-packages/airflow/example_dags/example_trigger_controller_dag.py took 0.086 seconds
[2025-08-19T03:29:25.363+0000] {processor.py:161} INFO - Started process (PID=24262) to work on /home/airflow/.local/lib/python3.12/site-packages/airflow/example_dags/example_trigger_controller_dag.py
[2025-08-19T03:29:25.365+0000] {processor.py:830} INFO - Processing file /home/airflow/.local/lib/python3.12/site-packages/airflow/example_dags/example_trigger_controller_dag.py for tasks to queue
[2025-08-19T03:29:25.366+0000] {logging_mixin.py:188} INFO - [2025-08-19T03:29:25.366+0000] {dagbag.py:545} INFO - Filling up the DagBag from /home/airflow/.local/lib/python3.12/site-packages/airflow/example_dags/example_trigger_controller_dag.py
[2025-08-19T03:29:25.372+0000] {processor.py:840} INFO - DAG(s) 'example_trigger_controller_dag' retrieved from /home/airflow/.local/lib/python3.12/site-packages/airflow/example_dags/example_trigger_controller_dag.py
[2025-08-19T03:29:25.396+0000] {logging_mixin.py:188} INFO - [2025-08-19T03:29:25.396+0000] {dag.py:3096} INFO - Sync 1 DAGs
[2025-08-19T03:29:25.420+0000] {logging_mixin.py:188} INFO - [2025-08-19T03:29:25.420+0000] {dag.py:3954} INFO - Setting next_dagrun for example_trigger_controller_dag to 2021-01-01 00:00:00+00:00, run_after=2021-01-01 00:00:00+00:00
[2025-08-19T03:29:25.447+0000] {processor.py:183} INFO - Processing /home/airflow/.local/lib/python3.12/site-packages/airflow/example_dags/example_trigger_controller_dag.py took 0.089 seconds
[2025-08-19T03:29:55.692+0000] {processor.py:161} INFO - Started process (PID=24315) to work on /home/airflow/.local/lib/python3.12/site-packages/airflow/example_dags/example_trigger_controller_dag.py
[2025-08-19T03:29:55.693+0000] {processor.py:830} INFO - Processing file /home/airflow/.local/lib/python3.12/site-packages/airflow/example_dags/example_trigger_controller_dag.py for tasks to queue
[2025-08-19T03:29:55.695+0000] {logging_mixin.py:188} INFO - [2025-08-19T03:29:55.694+0000] {dagbag.py:545} INFO - Filling up the DagBag from /home/airflow/.local/lib/python3.12/site-packages/airflow/example_dags/example_trigger_controller_dag.py
[2025-08-19T03:29:55.702+0000] {processor.py:840} INFO - DAG(s) 'example_trigger_controller_dag' retrieved from /home/airflow/.local/lib/python3.12/site-packages/airflow/example_dags/example_trigger_controller_dag.py
[2025-08-19T03:29:55.729+0000] {logging_mixin.py:188} INFO - [2025-08-19T03:29:55.728+0000] {dag.py:3096} INFO - Sync 1 DAGs
[2025-08-19T03:29:55.754+0000] {logging_mixin.py:188} INFO - [2025-08-19T03:29:55.754+0000] {dag.py:3954} INFO - Setting next_dagrun for example_trigger_controller_dag to 2021-01-01 00:00:00+00:00, run_after=2021-01-01 00:00:00+00:00
[2025-08-19T03:29:55.783+0000] {processor.py:183} INFO - Processing /home/airflow/.local/lib/python3.12/site-packages/airflow/example_dags/example_trigger_controller_dag.py took 0.100 seconds
[2025-08-19T03:30:26.223+0000] {processor.py:161} INFO - Started process (PID=24368) to work on /home/airflow/.local/lib/python3.12/site-packages/airflow/example_dags/example_trigger_controller_dag.py
[2025-08-19T03:30:26.224+0000] {processor.py:830} INFO - Processing file /home/airflow/.local/lib/python3.12/site-packages/airflow/example_dags/example_trigger_controller_dag.py for tasks to queue
[2025-08-19T03:30:26.226+0000] {logging_mixin.py:188} INFO - [2025-08-19T03:30:26.225+0000] {dagbag.py:545} INFO - Filling up the DagBag from /home/airflow/.local/lib/python3.12/site-packages/airflow/example_dags/example_trigger_controller_dag.py
[2025-08-19T03:30:26.231+0000] {processor.py:840} INFO - DAG(s) 'example_trigger_controller_dag' retrieved from /home/airflow/.local/lib/python3.12/site-packages/airflow/example_dags/example_trigger_controller_dag.py
[2025-08-19T03:30:26.255+0000] {logging_mixin.py:188} INFO - [2025-08-19T03:30:26.255+0000] {dag.py:3096} INFO - Sync 1 DAGs
[2025-08-19T03:30:26.278+0000] {logging_mixin.py:188} INFO - [2025-08-19T03:30:26.278+0000] {dag.py:3954} INFO - Setting next_dagrun for example_trigger_controller_dag to 2021-01-01 00:00:00+00:00, run_after=2021-01-01 00:00:00+00:00
[2025-08-19T03:30:26.306+0000] {processor.py:183} INFO - Processing /home/airflow/.local/lib/python3.12/site-packages/airflow/example_dags/example_trigger_controller_dag.py took 0.089 seconds
[2025-08-19T03:30:56.842+0000] {processor.py:161} INFO - Started process (PID=24421) to work on /home/airflow/.local/lib/python3.12/site-packages/airflow/example_dags/example_trigger_controller_dag.py
[2025-08-19T03:30:56.844+0000] {processor.py:830} INFO - Processing file /home/airflow/.local/lib/python3.12/site-packages/airflow/example_dags/example_trigger_controller_dag.py for tasks to queue
[2025-08-19T03:30:56.845+0000] {logging_mixin.py:188} INFO - [2025-08-19T03:30:56.845+0000] {dagbag.py:545} INFO - Filling up the DagBag from /home/airflow/.local/lib/python3.12/site-packages/airflow/example_dags/example_trigger_controller_dag.py
[2025-08-19T03:30:56.851+0000] {processor.py:840} INFO - DAG(s) 'example_trigger_controller_dag' retrieved from /home/airflow/.local/lib/python3.12/site-packages/airflow/example_dags/example_trigger_controller_dag.py
[2025-08-19T03:30:56.876+0000] {logging_mixin.py:188} INFO - [2025-08-19T03:30:56.876+0000] {dag.py:3096} INFO - Sync 1 DAGs
[2025-08-19T03:30:56.901+0000] {logging_mixin.py:188} INFO - [2025-08-19T03:30:56.901+0000] {dag.py:3954} INFO - Setting next_dagrun for example_trigger_controller_dag to 2021-01-01 00:00:00+00:00, run_after=2021-01-01 00:00:00+00:00
[2025-08-19T03:30:56.927+0000] {processor.py:183} INFO - Processing /home/airflow/.local/lib/python3.12/site-packages/airflow/example_dags/example_trigger_controller_dag.py took 0.090 seconds
[2025-08-19T03:31:27.046+0000] {processor.py:161} INFO - Started process (PID=24474) to work on /home/airflow/.local/lib/python3.12/site-packages/airflow/example_dags/example_trigger_controller_dag.py
[2025-08-19T03:31:27.047+0000] {processor.py:830} INFO - Processing file /home/airflow/.local/lib/python3.12/site-packages/airflow/example_dags/example_trigger_controller_dag.py for tasks to queue
[2025-08-19T03:31:27.049+0000] {logging_mixin.py:188} INFO - [2025-08-19T03:31:27.048+0000] {dagbag.py:545} INFO - Filling up the DagBag from /home/airflow/.local/lib/python3.12/site-packages/airflow/example_dags/example_trigger_controller_dag.py
[2025-08-19T03:31:27.054+0000] {processor.py:840} INFO - DAG(s) 'example_trigger_controller_dag' retrieved from /home/airflow/.local/lib/python3.12/site-packages/airflow/example_dags/example_trigger_controller_dag.py
[2025-08-19T03:31:27.078+0000] {logging_mixin.py:188} INFO - [2025-08-19T03:31:27.077+0000] {dag.py:3096} INFO - Sync 1 DAGs
[2025-08-19T03:31:27.099+0000] {logging_mixin.py:188} INFO - [2025-08-19T03:31:27.099+0000] {dag.py:3954} INFO - Setting next_dagrun for example_trigger_controller_dag to 2021-01-01 00:00:00+00:00, run_after=2021-01-01 00:00:00+00:00
[2025-08-19T03:31:27.124+0000] {processor.py:183} INFO - Processing /home/airflow/.local/lib/python3.12/site-packages/airflow/example_dags/example_trigger_controller_dag.py took 0.084 seconds
[2025-08-19T03:31:57.473+0000] {processor.py:161} INFO - Started process (PID=24527) to work on /home/airflow/.local/lib/python3.12/site-packages/airflow/example_dags/example_trigger_controller_dag.py
[2025-08-19T03:31:57.474+0000] {processor.py:830} INFO - Processing file /home/airflow/.local/lib/python3.12/site-packages/airflow/example_dags/example_trigger_controller_dag.py for tasks to queue
[2025-08-19T03:31:57.475+0000] {logging_mixin.py:188} INFO - [2025-08-19T03:31:57.475+0000] {dagbag.py:545} INFO - Filling up the DagBag from /home/airflow/.local/lib/python3.12/site-packages/airflow/example_dags/example_trigger_controller_dag.py
[2025-08-19T03:31:57.481+0000] {processor.py:840} INFO - DAG(s) 'example_trigger_controller_dag' retrieved from /home/airflow/.local/lib/python3.12/site-packages/airflow/example_dags/example_trigger_controller_dag.py
[2025-08-19T03:31:57.503+0000] {logging_mixin.py:188} INFO - [2025-08-19T03:31:57.502+0000] {dag.py:3096} INFO - Sync 1 DAGs
[2025-08-19T03:31:57.525+0000] {logging_mixin.py:188} INFO - [2025-08-19T03:31:57.525+0000] {dag.py:3954} INFO - Setting next_dagrun for example_trigger_controller_dag to 2021-01-01 00:00:00+00:00, run_after=2021-01-01 00:00:00+00:00
[2025-08-19T03:31:57.551+0000] {processor.py:183} INFO - Processing /home/airflow/.local/lib/python3.12/site-packages/airflow/example_dags/example_trigger_controller_dag.py took 0.084 seconds
[2025-08-19T03:32:27.915+0000] {processor.py:161} INFO - Started process (PID=24580) to work on /home/airflow/.local/lib/python3.12/site-packages/airflow/example_dags/example_trigger_controller_dag.py
[2025-08-19T03:32:27.916+0000] {processor.py:830} INFO - Processing file /home/airflow/.local/lib/python3.12/site-packages/airflow/example_dags/example_trigger_controller_dag.py for tasks to queue
[2025-08-19T03:32:27.918+0000] {logging_mixin.py:188} INFO - [2025-08-19T03:32:27.917+0000] {dagbag.py:545} INFO - Filling up the DagBag from /home/airflow/.local/lib/python3.12/site-packages/airflow/example_dags/example_trigger_controller_dag.py
[2025-08-19T03:32:27.923+0000] {processor.py:840} INFO - DAG(s) 'example_trigger_controller_dag' retrieved from /home/airflow/.local/lib/python3.12/site-packages/airflow/example_dags/example_trigger_controller_dag.py
[2025-08-19T03:32:27.947+0000] {logging_mixin.py:188} INFO - [2025-08-19T03:32:27.947+0000] {dag.py:3096} INFO - Sync 1 DAGs
[2025-08-19T03:32:27.978+0000] {logging_mixin.py:188} INFO - [2025-08-19T03:32:27.977+0000] {dag.py:3954} INFO - Setting next_dagrun for example_trigger_controller_dag to 2021-01-01 00:00:00+00:00, run_after=2021-01-01 00:00:00+00:00
[2025-08-19T03:32:28.007+0000] {processor.py:183} INFO - Processing /home/airflow/.local/lib/python3.12/site-packages/airflow/example_dags/example_trigger_controller_dag.py took 0.099 seconds
[2025-08-19T03:32:58.953+0000] {processor.py:161} INFO - Started process (PID=24633) to work on /home/airflow/.local/lib/python3.12/site-packages/airflow/example_dags/example_trigger_controller_dag.py
[2025-08-19T03:32:58.955+0000] {processor.py:830} INFO - Processing file /home/airflow/.local/lib/python3.12/site-packages/airflow/example_dags/example_trigger_controller_dag.py for tasks to queue
[2025-08-19T03:32:58.958+0000] {logging_mixin.py:188} INFO - [2025-08-19T03:32:58.957+0000] {dagbag.py:545} INFO - Filling up the DagBag from /home/airflow/.local/lib/python3.12/site-packages/airflow/example_dags/example_trigger_controller_dag.py
[2025-08-19T03:32:58.969+0000] {processor.py:840} INFO - DAG(s) 'example_trigger_controller_dag' retrieved from /home/airflow/.local/lib/python3.12/site-packages/airflow/example_dags/example_trigger_controller_dag.py
[2025-08-19T03:32:59.018+0000] {logging_mixin.py:188} INFO - [2025-08-19T03:32:59.018+0000] {dag.py:3096} INFO - Sync 1 DAGs
[2025-08-19T03:32:59.073+0000] {logging_mixin.py:188} INFO - [2025-08-19T03:32:59.072+0000] {dag.py:3954} INFO - Setting next_dagrun for example_trigger_controller_dag to 2021-01-01 00:00:00+00:00, run_after=2021-01-01 00:00:00+00:00
[2025-08-19T03:32:59.125+0000] {processor.py:183} INFO - Processing /home/airflow/.local/lib/python3.12/site-packages/airflow/example_dags/example_trigger_controller_dag.py took 0.187 seconds
[2025-08-19T03:33:31.807+0000] {processor.py:161} INFO - Started process (PID=24686) to work on /home/airflow/.local/lib/python3.12/site-packages/airflow/example_dags/example_trigger_controller_dag.py
[2025-08-19T03:33:31.815+0000] {processor.py:830} INFO - Processing file /home/airflow/.local/lib/python3.12/site-packages/airflow/example_dags/example_trigger_controller_dag.py for tasks to queue
[2025-08-19T03:33:31.821+0000] {logging_mixin.py:188} INFO - [2025-08-19T03:33:31.819+0000] {dagbag.py:545} INFO - Filling up the DagBag from /home/airflow/.local/lib/python3.12/site-packages/airflow/example_dags/example_trigger_controller_dag.py
[2025-08-19T03:33:31.848+0000] {processor.py:840} INFO - DAG(s) 'example_trigger_controller_dag' retrieved from /home/airflow/.local/lib/python3.12/site-packages/airflow/example_dags/example_trigger_controller_dag.py
[2025-08-19T03:33:31.927+0000] {logging_mixin.py:188} INFO - [2025-08-19T03:33:31.926+0000] {dag.py:3096} INFO - Sync 1 DAGs
[2025-08-19T03:33:32.004+0000] {logging_mixin.py:188} INFO - [2025-08-19T03:33:32.003+0000] {dag.py:3954} INFO - Setting next_dagrun for example_trigger_controller_dag to 2021-01-01 00:00:00+00:00, run_after=2021-01-01 00:00:00+00:00
[2025-08-19T03:33:32.088+0000] {processor.py:183} INFO - Processing /home/airflow/.local/lib/python3.12/site-packages/airflow/example_dags/example_trigger_controller_dag.py took 0.312 seconds
[2025-08-19T03:34:02.436+0000] {processor.py:161} INFO - Started process (PID=24739) to work on /home/airflow/.local/lib/python3.12/site-packages/airflow/example_dags/example_trigger_controller_dag.py
[2025-08-19T03:34:02.437+0000] {processor.py:830} INFO - Processing file /home/airflow/.local/lib/python3.12/site-packages/airflow/example_dags/example_trigger_controller_dag.py for tasks to queue
[2025-08-19T03:34:02.439+0000] {logging_mixin.py:188} INFO - [2025-08-19T03:34:02.439+0000] {dagbag.py:545} INFO - Filling up the DagBag from /home/airflow/.local/lib/python3.12/site-packages/airflow/example_dags/example_trigger_controller_dag.py
[2025-08-19T03:34:02.445+0000] {processor.py:840} INFO - DAG(s) 'example_trigger_controller_dag' retrieved from /home/airflow/.local/lib/python3.12/site-packages/airflow/example_dags/example_trigger_controller_dag.py
[2025-08-19T03:34:02.470+0000] {logging_mixin.py:188} INFO - [2025-08-19T03:34:02.469+0000] {dag.py:3096} INFO - Sync 1 DAGs
[2025-08-19T03:34:02.496+0000] {logging_mixin.py:188} INFO - [2025-08-19T03:34:02.496+0000] {dag.py:3954} INFO - Setting next_dagrun for example_trigger_controller_dag to 2021-01-01 00:00:00+00:00, run_after=2021-01-01 00:00:00+00:00
[2025-08-19T03:34:02.521+0000] {processor.py:183} INFO - Processing /home/airflow/.local/lib/python3.12/site-packages/airflow/example_dags/example_trigger_controller_dag.py took 0.091 seconds
[2025-08-19T03:34:32.694+0000] {processor.py:161} INFO - Started process (PID=24792) to work on /home/airflow/.local/lib/python3.12/site-packages/airflow/example_dags/example_trigger_controller_dag.py
[2025-08-19T03:34:32.695+0000] {processor.py:830} INFO - Processing file /home/airflow/.local/lib/python3.12/site-packages/airflow/example_dags/example_trigger_controller_dag.py for tasks to queue
[2025-08-19T03:34:32.697+0000] {logging_mixin.py:188} INFO - [2025-08-19T03:34:32.697+0000] {dagbag.py:545} INFO - Filling up the DagBag from /home/airflow/.local/lib/python3.12/site-packages/airflow/example_dags/example_trigger_controller_dag.py
[2025-08-19T03:34:32.703+0000] {processor.py:840} INFO - DAG(s) 'example_trigger_controller_dag' retrieved from /home/airflow/.local/lib/python3.12/site-packages/airflow/example_dags/example_trigger_controller_dag.py
[2025-08-19T03:34:32.735+0000] {logging_mixin.py:188} INFO - [2025-08-19T03:34:32.734+0000] {dag.py:3096} INFO - Sync 1 DAGs
[2025-08-19T03:34:32.766+0000] {logging_mixin.py:188} INFO - [2025-08-19T03:34:32.765+0000] {dag.py:3954} INFO - Setting next_dagrun for example_trigger_controller_dag to 2021-01-01 00:00:00+00:00, run_after=2021-01-01 00:00:00+00:00
[2025-08-19T03:34:32.800+0000] {processor.py:183} INFO - Processing /home/airflow/.local/lib/python3.12/site-packages/airflow/example_dags/example_trigger_controller_dag.py took 0.116 seconds
[2025-08-19T03:35:02.985+0000] {processor.py:161} INFO - Started process (PID=24844) to work on /home/airflow/.local/lib/python3.12/site-packages/airflow/example_dags/example_trigger_controller_dag.py
[2025-08-19T03:35:02.987+0000] {processor.py:830} INFO - Processing file /home/airflow/.local/lib/python3.12/site-packages/airflow/example_dags/example_trigger_controller_dag.py for tasks to queue
[2025-08-19T03:35:02.989+0000] {logging_mixin.py:188} INFO - [2025-08-19T03:35:02.988+0000] {dagbag.py:545} INFO - Filling up the DagBag from /home/airflow/.local/lib/python3.12/site-packages/airflow/example_dags/example_trigger_controller_dag.py
[2025-08-19T03:35:02.994+0000] {processor.py:840} INFO - DAG(s) 'example_trigger_controller_dag' retrieved from /home/airflow/.local/lib/python3.12/site-packages/airflow/example_dags/example_trigger_controller_dag.py
[2025-08-19T03:35:03.022+0000] {logging_mixin.py:188} INFO - [2025-08-19T03:35:03.022+0000] {dag.py:3096} INFO - Sync 1 DAGs
[2025-08-19T03:35:03.050+0000] {logging_mixin.py:188} INFO - [2025-08-19T03:35:03.050+0000] {dag.py:3954} INFO - Setting next_dagrun for example_trigger_controller_dag to 2021-01-01 00:00:00+00:00, run_after=2021-01-01 00:00:00+00:00
[2025-08-19T03:35:03.082+0000] {processor.py:183} INFO - Processing /home/airflow/.local/lib/python3.12/site-packages/airflow/example_dags/example_trigger_controller_dag.py took 0.104 seconds
[2025-08-19T03:35:33.250+0000] {processor.py:161} INFO - Started process (PID=24895) to work on /home/airflow/.local/lib/python3.12/site-packages/airflow/example_dags/example_trigger_controller_dag.py
[2025-08-19T03:35:33.251+0000] {processor.py:830} INFO - Processing file /home/airflow/.local/lib/python3.12/site-packages/airflow/example_dags/example_trigger_controller_dag.py for tasks to queue
[2025-08-19T03:35:33.254+0000] {logging_mixin.py:188} INFO - [2025-08-19T03:35:33.253+0000] {dagbag.py:545} INFO - Filling up the DagBag from /home/airflow/.local/lib/python3.12/site-packages/airflow/example_dags/example_trigger_controller_dag.py
[2025-08-19T03:35:33.263+0000] {processor.py:840} INFO - DAG(s) 'example_trigger_controller_dag' retrieved from /home/airflow/.local/lib/python3.12/site-packages/airflow/example_dags/example_trigger_controller_dag.py
[2025-08-19T03:35:33.297+0000] {logging_mixin.py:188} INFO - [2025-08-19T03:35:33.297+0000] {dag.py:3096} INFO - Sync 1 DAGs
[2025-08-19T03:35:33.331+0000] {logging_mixin.py:188} INFO - [2025-08-19T03:35:33.331+0000] {dag.py:3954} INFO - Setting next_dagrun for example_trigger_controller_dag to 2021-01-01 00:00:00+00:00, run_after=2021-01-01 00:00:00+00:00
[2025-08-19T03:35:33.365+0000] {processor.py:183} INFO - Processing /home/airflow/.local/lib/python3.12/site-packages/airflow/example_dags/example_trigger_controller_dag.py took 0.123 seconds
[2025-08-19T03:36:03.628+0000] {processor.py:161} INFO - Started process (PID=24948) to work on /home/airflow/.local/lib/python3.12/site-packages/airflow/example_dags/example_trigger_controller_dag.py
[2025-08-19T03:36:03.629+0000] {processor.py:830} INFO - Processing file /home/airflow/.local/lib/python3.12/site-packages/airflow/example_dags/example_trigger_controller_dag.py for tasks to queue
[2025-08-19T03:36:03.631+0000] {logging_mixin.py:188} INFO - [2025-08-19T03:36:03.630+0000] {dagbag.py:545} INFO - Filling up the DagBag from /home/airflow/.local/lib/python3.12/site-packages/airflow/example_dags/example_trigger_controller_dag.py
[2025-08-19T03:36:03.637+0000] {processor.py:840} INFO - DAG(s) 'example_trigger_controller_dag' retrieved from /home/airflow/.local/lib/python3.12/site-packages/airflow/example_dags/example_trigger_controller_dag.py
[2025-08-19T03:36:03.662+0000] {logging_mixin.py:188} INFO - [2025-08-19T03:36:03.662+0000] {dag.py:3096} INFO - Sync 1 DAGs
[2025-08-19T03:36:03.686+0000] {logging_mixin.py:188} INFO - [2025-08-19T03:36:03.686+0000] {dag.py:3954} INFO - Setting next_dagrun for example_trigger_controller_dag to 2021-01-01 00:00:00+00:00, run_after=2021-01-01 00:00:00+00:00
[2025-08-19T03:36:03.712+0000] {processor.py:183} INFO - Processing /home/airflow/.local/lib/python3.12/site-packages/airflow/example_dags/example_trigger_controller_dag.py took 0.092 seconds
[2025-08-19T03:36:34.276+0000] {processor.py:161} INFO - Started process (PID=25001) to work on /home/airflow/.local/lib/python3.12/site-packages/airflow/example_dags/example_trigger_controller_dag.py
[2025-08-19T03:36:34.278+0000] {processor.py:830} INFO - Processing file /home/airflow/.local/lib/python3.12/site-packages/airflow/example_dags/example_trigger_controller_dag.py for tasks to queue
[2025-08-19T03:36:34.280+0000] {logging_mixin.py:188} INFO - [2025-08-19T03:36:34.279+0000] {dagbag.py:545} INFO - Filling up the DagBag from /home/airflow/.local/lib/python3.12/site-packages/airflow/example_dags/example_trigger_controller_dag.py
[2025-08-19T03:36:34.288+0000] {processor.py:840} INFO - DAG(s) 'example_trigger_controller_dag' retrieved from /home/airflow/.local/lib/python3.12/site-packages/airflow/example_dags/example_trigger_controller_dag.py
[2025-08-19T03:36:34.318+0000] {logging_mixin.py:188} INFO - [2025-08-19T03:36:34.317+0000] {dag.py:3096} INFO - Sync 1 DAGs
[2025-08-19T03:36:34.349+0000] {logging_mixin.py:188} INFO - [2025-08-19T03:36:34.348+0000] {dag.py:3954} INFO - Setting next_dagrun for example_trigger_controller_dag to 2021-01-01 00:00:00+00:00, run_after=2021-01-01 00:00:00+00:00
[2025-08-19T03:36:34.383+0000] {processor.py:183} INFO - Processing /home/airflow/.local/lib/python3.12/site-packages/airflow/example_dags/example_trigger_controller_dag.py took 0.116 seconds
[2025-08-19T03:37:05.222+0000] {processor.py:161} INFO - Started process (PID=25054) to work on /home/airflow/.local/lib/python3.12/site-packages/airflow/example_dags/example_trigger_controller_dag.py
[2025-08-19T03:37:05.223+0000] {processor.py:830} INFO - Processing file /home/airflow/.local/lib/python3.12/site-packages/airflow/example_dags/example_trigger_controller_dag.py for tasks to queue
[2025-08-19T03:37:05.224+0000] {logging_mixin.py:188} INFO - [2025-08-19T03:37:05.224+0000] {dagbag.py:545} INFO - Filling up the DagBag from /home/airflow/.local/lib/python3.12/site-packages/airflow/example_dags/example_trigger_controller_dag.py
[2025-08-19T03:37:05.229+0000] {processor.py:840} INFO - DAG(s) 'example_trigger_controller_dag' retrieved from /home/airflow/.local/lib/python3.12/site-packages/airflow/example_dags/example_trigger_controller_dag.py
[2025-08-19T03:37:05.255+0000] {logging_mixin.py:188} INFO - [2025-08-19T03:37:05.255+0000] {dag.py:3096} INFO - Sync 1 DAGs
[2025-08-19T03:37:05.281+0000] {logging_mixin.py:188} INFO - [2025-08-19T03:37:05.281+0000] {dag.py:3954} INFO - Setting next_dagrun for example_trigger_controller_dag to 2021-01-01 00:00:00+00:00, run_after=2021-01-01 00:00:00+00:00
[2025-08-19T03:37:05.310+0000] {processor.py:183} INFO - Processing /home/airflow/.local/lib/python3.12/site-packages/airflow/example_dags/example_trigger_controller_dag.py took 0.095 seconds
