[2025-08-19T03:10:00.826+0000] {processor.py:161} INFO - Started process (PID=22238) to work on /home/airflow/.local/lib/python3.12/site-packages/airflow/example_dags/example_bash_operator.py
[2025-08-19T03:10:00.844+0000] {processor.py:830} INFO - Processing file /home/airflow/.local/lib/python3.12/site-packages/airflow/example_dags/example_bash_operator.py for tasks to queue
[2025-08-19T03:10:00.862+0000] {logging_mixin.py:188} INFO - [2025-08-19T03:10:00.860+0000] {dagbag.py:545} INFO - Filling up the DagBag from /home/airflow/.local/lib/python3.12/site-packages/airflow/example_dags/example_bash_operator.py
[2025-08-19T03:10:02.020+0000] {processor.py:840} INFO - DAG(s) 'example_bash_operator' retrieved from /home/airflow/.local/lib/python3.12/site-packages/airflow/example_dags/example_bash_operator.py
[2025-08-19T03:10:02.549+0000] {logging_mixin.py:188} INFO - [2025-08-19T03:10:02.549+0000] {dag.py:3096} INFO - Sync 1 DAGs
[2025-08-19T03:10:02.627+0000] {logging_mixin.py:188} INFO - [2025-08-19T03:10:02.627+0000] {dag.py:3954} INFO - Setting next_dagrun for example_bash_operator to 2025-08-18 00:00:00+00:00, run_after=2025-08-19 00:00:00+00:00
[2025-08-19T03:10:02.713+0000] {processor.py:183} INFO - Processing /home/airflow/.local/lib/python3.12/site-packages/airflow/example_dags/example_bash_operator.py took 1.975 seconds
[2025-08-19T03:10:32.931+0000] {processor.py:161} INFO - Started process (PID=22291) to work on /home/airflow/.local/lib/python3.12/site-packages/airflow/example_dags/example_bash_operator.py
[2025-08-19T03:10:32.933+0000] {processor.py:830} INFO - Processing file /home/airflow/.local/lib/python3.12/site-packages/airflow/example_dags/example_bash_operator.py for tasks to queue
[2025-08-19T03:10:32.935+0000] {logging_mixin.py:188} INFO - [2025-08-19T03:10:32.934+0000] {dagbag.py:545} INFO - Filling up the DagBag from /home/airflow/.local/lib/python3.12/site-packages/airflow/example_dags/example_bash_operator.py
[2025-08-19T03:10:32.950+0000] {processor.py:840} INFO - DAG(s) 'example_bash_operator' retrieved from /home/airflow/.local/lib/python3.12/site-packages/airflow/example_dags/example_bash_operator.py
[2025-08-19T03:10:32.994+0000] {logging_mixin.py:188} INFO - [2025-08-19T03:10:32.994+0000] {dag.py:3096} INFO - Sync 1 DAGs
[2025-08-19T03:10:33.025+0000] {logging_mixin.py:188} INFO - [2025-08-19T03:10:33.025+0000] {dag.py:3954} INFO - Setting next_dagrun for example_bash_operator to 2025-08-18 00:00:00+00:00, run_after=2025-08-19 00:00:00+00:00
[2025-08-19T03:10:33.060+0000] {processor.py:183} INFO - Processing /home/airflow/.local/lib/python3.12/site-packages/airflow/example_dags/example_bash_operator.py took 0.138 seconds
[2025-08-19T03:11:03.717+0000] {processor.py:161} INFO - Started process (PID=22344) to work on /home/airflow/.local/lib/python3.12/site-packages/airflow/example_dags/example_bash_operator.py
[2025-08-19T03:11:03.720+0000] {processor.py:830} INFO - Processing file /home/airflow/.local/lib/python3.12/site-packages/airflow/example_dags/example_bash_operator.py for tasks to queue
[2025-08-19T03:11:03.722+0000] {logging_mixin.py:188} INFO - [2025-08-19T03:11:03.721+0000] {dagbag.py:545} INFO - Filling up the DagBag from /home/airflow/.local/lib/python3.12/site-packages/airflow/example_dags/example_bash_operator.py
[2025-08-19T03:11:03.735+0000] {processor.py:840} INFO - DAG(s) 'example_bash_operator' retrieved from /home/airflow/.local/lib/python3.12/site-packages/airflow/example_dags/example_bash_operator.py
[2025-08-19T03:11:03.773+0000] {logging_mixin.py:188} INFO - [2025-08-19T03:11:03.773+0000] {dag.py:3096} INFO - Sync 1 DAGs
[2025-08-19T03:11:03.820+0000] {logging_mixin.py:188} INFO - [2025-08-19T03:11:03.819+0000] {dag.py:3954} INFO - Setting next_dagrun for example_bash_operator to 2025-08-18 00:00:00+00:00, run_after=2025-08-19 00:00:00+00:00
[2025-08-19T03:11:03.856+0000] {processor.py:183} INFO - Processing /home/airflow/.local/lib/python3.12/site-packages/airflow/example_dags/example_bash_operator.py took 0.145 seconds
[2025-08-19T03:11:34.185+0000] {processor.py:161} INFO - Started process (PID=22397) to work on /home/airflow/.local/lib/python3.12/site-packages/airflow/example_dags/example_bash_operator.py
[2025-08-19T03:11:34.187+0000] {processor.py:830} INFO - Processing file /home/airflow/.local/lib/python3.12/site-packages/airflow/example_dags/example_bash_operator.py for tasks to queue
[2025-08-19T03:11:34.189+0000] {logging_mixin.py:188} INFO - [2025-08-19T03:11:34.188+0000] {dagbag.py:545} INFO - Filling up the DagBag from /home/airflow/.local/lib/python3.12/site-packages/airflow/example_dags/example_bash_operator.py
[2025-08-19T03:11:34.201+0000] {processor.py:840} INFO - DAG(s) 'example_bash_operator' retrieved from /home/airflow/.local/lib/python3.12/site-packages/airflow/example_dags/example_bash_operator.py
[2025-08-19T03:11:34.233+0000] {logging_mixin.py:188} INFO - [2025-08-19T03:11:34.233+0000] {dag.py:3096} INFO - Sync 1 DAGs
[2025-08-19T03:11:34.260+0000] {logging_mixin.py:188} INFO - [2025-08-19T03:11:34.260+0000] {dag.py:3954} INFO - Setting next_dagrun for example_bash_operator to 2025-08-18 00:00:00+00:00, run_after=2025-08-19 00:00:00+00:00
[2025-08-19T03:11:34.284+0000] {processor.py:183} INFO - Processing /home/airflow/.local/lib/python3.12/site-packages/airflow/example_dags/example_bash_operator.py took 0.108 seconds
[2025-08-19T03:12:04.619+0000] {processor.py:161} INFO - Started process (PID=22450) to work on /home/airflow/.local/lib/python3.12/site-packages/airflow/example_dags/example_bash_operator.py
[2025-08-19T03:12:04.621+0000] {processor.py:830} INFO - Processing file /home/airflow/.local/lib/python3.12/site-packages/airflow/example_dags/example_bash_operator.py for tasks to queue
[2025-08-19T03:12:04.622+0000] {logging_mixin.py:188} INFO - [2025-08-19T03:12:04.622+0000] {dagbag.py:545} INFO - Filling up the DagBag from /home/airflow/.local/lib/python3.12/site-packages/airflow/example_dags/example_bash_operator.py
[2025-08-19T03:12:04.637+0000] {processor.py:840} INFO - DAG(s) 'example_bash_operator' retrieved from /home/airflow/.local/lib/python3.12/site-packages/airflow/example_dags/example_bash_operator.py
[2025-08-19T03:12:04.670+0000] {logging_mixin.py:188} INFO - [2025-08-19T03:12:04.670+0000] {dag.py:3096} INFO - Sync 1 DAGs
[2025-08-19T03:12:04.697+0000] {logging_mixin.py:188} INFO - [2025-08-19T03:12:04.697+0000] {dag.py:3954} INFO - Setting next_dagrun for example_bash_operator to 2025-08-18 00:00:00+00:00, run_after=2025-08-19 00:00:00+00:00
[2025-08-19T03:12:04.722+0000] {processor.py:183} INFO - Processing /home/airflow/.local/lib/python3.12/site-packages/airflow/example_dags/example_bash_operator.py took 0.110 seconds
[2025-08-19T03:12:35.151+0000] {processor.py:161} INFO - Started process (PID=22503) to work on /home/airflow/.local/lib/python3.12/site-packages/airflow/example_dags/example_bash_operator.py
[2025-08-19T03:12:35.153+0000] {processor.py:830} INFO - Processing file /home/airflow/.local/lib/python3.12/site-packages/airflow/example_dags/example_bash_operator.py for tasks to queue
[2025-08-19T03:12:35.155+0000] {logging_mixin.py:188} INFO - [2025-08-19T03:12:35.154+0000] {dagbag.py:545} INFO - Filling up the DagBag from /home/airflow/.local/lib/python3.12/site-packages/airflow/example_dags/example_bash_operator.py
[2025-08-19T03:12:35.169+0000] {processor.py:840} INFO - DAG(s) 'example_bash_operator' retrieved from /home/airflow/.local/lib/python3.12/site-packages/airflow/example_dags/example_bash_operator.py
[2025-08-19T03:12:35.203+0000] {logging_mixin.py:188} INFO - [2025-08-19T03:12:35.203+0000] {dag.py:3096} INFO - Sync 1 DAGs
[2025-08-19T03:12:35.229+0000] {logging_mixin.py:188} INFO - [2025-08-19T03:12:35.229+0000] {dag.py:3954} INFO - Setting next_dagrun for example_bash_operator to 2025-08-18 00:00:00+00:00, run_after=2025-08-19 00:00:00+00:00
[2025-08-19T03:12:35.256+0000] {processor.py:183} INFO - Processing /home/airflow/.local/lib/python3.12/site-packages/airflow/example_dags/example_bash_operator.py took 0.114 seconds
[2025-08-19T03:13:05.944+0000] {processor.py:161} INFO - Started process (PID=22556) to work on /home/airflow/.local/lib/python3.12/site-packages/airflow/example_dags/example_bash_operator.py
[2025-08-19T03:13:05.946+0000] {processor.py:830} INFO - Processing file /home/airflow/.local/lib/python3.12/site-packages/airflow/example_dags/example_bash_operator.py for tasks to queue
[2025-08-19T03:13:05.947+0000] {logging_mixin.py:188} INFO - [2025-08-19T03:13:05.947+0000] {dagbag.py:545} INFO - Filling up the DagBag from /home/airflow/.local/lib/python3.12/site-packages/airflow/example_dags/example_bash_operator.py
[2025-08-19T03:13:05.959+0000] {processor.py:840} INFO - DAG(s) 'example_bash_operator' retrieved from /home/airflow/.local/lib/python3.12/site-packages/airflow/example_dags/example_bash_operator.py
[2025-08-19T03:13:05.987+0000] {logging_mixin.py:188} INFO - [2025-08-19T03:13:05.987+0000] {dag.py:3096} INFO - Sync 1 DAGs
[2025-08-19T03:13:06.017+0000] {logging_mixin.py:188} INFO - [2025-08-19T03:13:06.017+0000] {dag.py:3954} INFO - Setting next_dagrun for example_bash_operator to 2025-08-18 00:00:00+00:00, run_after=2025-08-19 00:00:00+00:00
[2025-08-19T03:13:06.042+0000] {processor.py:183} INFO - Processing /home/airflow/.local/lib/python3.12/site-packages/airflow/example_dags/example_bash_operator.py took 0.103 seconds
[2025-08-19T03:13:36.789+0000] {processor.py:161} INFO - Started process (PID=22609) to work on /home/airflow/.local/lib/python3.12/site-packages/airflow/example_dags/example_bash_operator.py
[2025-08-19T03:13:36.791+0000] {processor.py:830} INFO - Processing file /home/airflow/.local/lib/python3.12/site-packages/airflow/example_dags/example_bash_operator.py for tasks to queue
[2025-08-19T03:13:36.793+0000] {logging_mixin.py:188} INFO - [2025-08-19T03:13:36.792+0000] {dagbag.py:545} INFO - Filling up the DagBag from /home/airflow/.local/lib/python3.12/site-packages/airflow/example_dags/example_bash_operator.py
[2025-08-19T03:13:36.806+0000] {processor.py:840} INFO - DAG(s) 'example_bash_operator' retrieved from /home/airflow/.local/lib/python3.12/site-packages/airflow/example_dags/example_bash_operator.py
[2025-08-19T03:13:36.835+0000] {logging_mixin.py:188} INFO - [2025-08-19T03:13:36.834+0000] {dag.py:3096} INFO - Sync 1 DAGs
[2025-08-19T03:13:36.857+0000] {logging_mixin.py:188} INFO - [2025-08-19T03:13:36.857+0000] {dag.py:3954} INFO - Setting next_dagrun for example_bash_operator to 2025-08-18 00:00:00+00:00, run_after=2025-08-19 00:00:00+00:00
[2025-08-19T03:13:36.888+0000] {processor.py:183} INFO - Processing /home/airflow/.local/lib/python3.12/site-packages/airflow/example_dags/example_bash_operator.py took 0.105 seconds
[2025-08-19T03:14:07.605+0000] {processor.py:161} INFO - Started process (PID=22662) to work on /home/airflow/.local/lib/python3.12/site-packages/airflow/example_dags/example_bash_operator.py
[2025-08-19T03:14:07.607+0000] {processor.py:830} INFO - Processing file /home/airflow/.local/lib/python3.12/site-packages/airflow/example_dags/example_bash_operator.py for tasks to queue
[2025-08-19T03:14:07.609+0000] {logging_mixin.py:188} INFO - [2025-08-19T03:14:07.608+0000] {dagbag.py:545} INFO - Filling up the DagBag from /home/airflow/.local/lib/python3.12/site-packages/airflow/example_dags/example_bash_operator.py
[2025-08-19T03:14:07.622+0000] {processor.py:840} INFO - DAG(s) 'example_bash_operator' retrieved from /home/airflow/.local/lib/python3.12/site-packages/airflow/example_dags/example_bash_operator.py
[2025-08-19T03:14:07.652+0000] {logging_mixin.py:188} INFO - [2025-08-19T03:14:07.652+0000] {dag.py:3096} INFO - Sync 1 DAGs
[2025-08-19T03:14:07.678+0000] {logging_mixin.py:188} INFO - [2025-08-19T03:14:07.677+0000] {dag.py:3954} INFO - Setting next_dagrun for example_bash_operator to 2025-08-18 00:00:00+00:00, run_after=2025-08-19 00:00:00+00:00
[2025-08-19T03:14:07.703+0000] {processor.py:183} INFO - Processing /home/airflow/.local/lib/python3.12/site-packages/airflow/example_dags/example_bash_operator.py took 0.104 seconds
[2025-08-19T03:14:38.416+0000] {processor.py:161} INFO - Started process (PID=22715) to work on /home/airflow/.local/lib/python3.12/site-packages/airflow/example_dags/example_bash_operator.py
[2025-08-19T03:14:38.417+0000] {processor.py:830} INFO - Processing file /home/airflow/.local/lib/python3.12/site-packages/airflow/example_dags/example_bash_operator.py for tasks to queue
[2025-08-19T03:14:38.419+0000] {logging_mixin.py:188} INFO - [2025-08-19T03:14:38.418+0000] {dagbag.py:545} INFO - Filling up the DagBag from /home/airflow/.local/lib/python3.12/site-packages/airflow/example_dags/example_bash_operator.py
[2025-08-19T03:14:38.432+0000] {processor.py:840} INFO - DAG(s) 'example_bash_operator' retrieved from /home/airflow/.local/lib/python3.12/site-packages/airflow/example_dags/example_bash_operator.py
[2025-08-19T03:14:38.464+0000] {logging_mixin.py:188} INFO - [2025-08-19T03:14:38.464+0000] {dag.py:3096} INFO - Sync 1 DAGs
[2025-08-19T03:14:38.490+0000] {logging_mixin.py:188} INFO - [2025-08-19T03:14:38.490+0000] {dag.py:3954} INFO - Setting next_dagrun for example_bash_operator to 2025-08-18 00:00:00+00:00, run_after=2025-08-19 00:00:00+00:00
[2025-08-19T03:14:38.515+0000] {processor.py:183} INFO - Processing /home/airflow/.local/lib/python3.12/site-packages/airflow/example_dags/example_bash_operator.py took 0.104 seconds
[2025-08-19T03:15:09.186+0000] {processor.py:161} INFO - Started process (PID=22768) to work on /home/airflow/.local/lib/python3.12/site-packages/airflow/example_dags/example_bash_operator.py
[2025-08-19T03:15:09.188+0000] {processor.py:830} INFO - Processing file /home/airflow/.local/lib/python3.12/site-packages/airflow/example_dags/example_bash_operator.py for tasks to queue
[2025-08-19T03:15:09.190+0000] {logging_mixin.py:188} INFO - [2025-08-19T03:15:09.189+0000] {dagbag.py:545} INFO - Filling up the DagBag from /home/airflow/.local/lib/python3.12/site-packages/airflow/example_dags/example_bash_operator.py
[2025-08-19T03:15:09.202+0000] {processor.py:840} INFO - DAG(s) 'example_bash_operator' retrieved from /home/airflow/.local/lib/python3.12/site-packages/airflow/example_dags/example_bash_operator.py
[2025-08-19T03:15:09.234+0000] {logging_mixin.py:188} INFO - [2025-08-19T03:15:09.234+0000] {dag.py:3096} INFO - Sync 1 DAGs
[2025-08-19T03:15:09.260+0000] {logging_mixin.py:188} INFO - [2025-08-19T03:15:09.260+0000] {dag.py:3954} INFO - Setting next_dagrun for example_bash_operator to 2025-08-18 00:00:00+00:00, run_after=2025-08-19 00:00:00+00:00
[2025-08-19T03:15:09.286+0000] {processor.py:183} INFO - Processing /home/airflow/.local/lib/python3.12/site-packages/airflow/example_dags/example_bash_operator.py took 0.106 seconds
[2025-08-19T03:15:40.025+0000] {processor.py:161} INFO - Started process (PID=22821) to work on /home/airflow/.local/lib/python3.12/site-packages/airflow/example_dags/example_bash_operator.py
[2025-08-19T03:15:40.027+0000] {processor.py:830} INFO - Processing file /home/airflow/.local/lib/python3.12/site-packages/airflow/example_dags/example_bash_operator.py for tasks to queue
[2025-08-19T03:15:40.028+0000] {logging_mixin.py:188} INFO - [2025-08-19T03:15:40.028+0000] {dagbag.py:545} INFO - Filling up the DagBag from /home/airflow/.local/lib/python3.12/site-packages/airflow/example_dags/example_bash_operator.py
[2025-08-19T03:15:40.042+0000] {processor.py:840} INFO - DAG(s) 'example_bash_operator' retrieved from /home/airflow/.local/lib/python3.12/site-packages/airflow/example_dags/example_bash_operator.py
[2025-08-19T03:15:40.076+0000] {logging_mixin.py:188} INFO - [2025-08-19T03:15:40.076+0000] {dag.py:3096} INFO - Sync 1 DAGs
[2025-08-19T03:15:40.103+0000] {logging_mixin.py:188} INFO - [2025-08-19T03:15:40.103+0000] {dag.py:3954} INFO - Setting next_dagrun for example_bash_operator to 2025-08-18 00:00:00+00:00, run_after=2025-08-19 00:00:00+00:00
[2025-08-19T03:15:40.129+0000] {processor.py:183} INFO - Processing /home/airflow/.local/lib/python3.12/site-packages/airflow/example_dags/example_bash_operator.py took 0.111 seconds
[2025-08-19T03:16:10.673+0000] {processor.py:161} INFO - Started process (PID=22874) to work on /home/airflow/.local/lib/python3.12/site-packages/airflow/example_dags/example_bash_operator.py
[2025-08-19T03:16:10.675+0000] {processor.py:830} INFO - Processing file /home/airflow/.local/lib/python3.12/site-packages/airflow/example_dags/example_bash_operator.py for tasks to queue
[2025-08-19T03:16:10.677+0000] {logging_mixin.py:188} INFO - [2025-08-19T03:16:10.676+0000] {dagbag.py:545} INFO - Filling up the DagBag from /home/airflow/.local/lib/python3.12/site-packages/airflow/example_dags/example_bash_operator.py
[2025-08-19T03:16:10.691+0000] {processor.py:840} INFO - DAG(s) 'example_bash_operator' retrieved from /home/airflow/.local/lib/python3.12/site-packages/airflow/example_dags/example_bash_operator.py
[2025-08-19T03:16:10.720+0000] {logging_mixin.py:188} INFO - [2025-08-19T03:16:10.720+0000] {dag.py:3096} INFO - Sync 1 DAGs
[2025-08-19T03:16:10.748+0000] {logging_mixin.py:188} INFO - [2025-08-19T03:16:10.748+0000] {dag.py:3954} INFO - Setting next_dagrun for example_bash_operator to 2025-08-18 00:00:00+00:00, run_after=2025-08-19 00:00:00+00:00
[2025-08-19T03:16:10.772+0000] {processor.py:183} INFO - Processing /home/airflow/.local/lib/python3.12/site-packages/airflow/example_dags/example_bash_operator.py took 0.105 seconds
[2025-08-19T03:16:41.160+0000] {processor.py:161} INFO - Started process (PID=22927) to work on /home/airflow/.local/lib/python3.12/site-packages/airflow/example_dags/example_bash_operator.py
[2025-08-19T03:16:41.162+0000] {processor.py:830} INFO - Processing file /home/airflow/.local/lib/python3.12/site-packages/airflow/example_dags/example_bash_operator.py for tasks to queue
[2025-08-19T03:16:41.163+0000] {logging_mixin.py:188} INFO - [2025-08-19T03:16:41.163+0000] {dagbag.py:545} INFO - Filling up the DagBag from /home/airflow/.local/lib/python3.12/site-packages/airflow/example_dags/example_bash_operator.py
[2025-08-19T03:16:41.175+0000] {processor.py:840} INFO - DAG(s) 'example_bash_operator' retrieved from /home/airflow/.local/lib/python3.12/site-packages/airflow/example_dags/example_bash_operator.py
[2025-08-19T03:16:41.204+0000] {logging_mixin.py:188} INFO - [2025-08-19T03:16:41.204+0000] {dag.py:3096} INFO - Sync 1 DAGs
[2025-08-19T03:16:41.230+0000] {logging_mixin.py:188} INFO - [2025-08-19T03:16:41.230+0000] {dag.py:3954} INFO - Setting next_dagrun for example_bash_operator to 2025-08-18 00:00:00+00:00, run_after=2025-08-19 00:00:00+00:00
[2025-08-19T03:16:41.255+0000] {processor.py:183} INFO - Processing /home/airflow/.local/lib/python3.12/site-packages/airflow/example_dags/example_bash_operator.py took 0.101 seconds
[2025-08-19T03:17:11.509+0000] {processor.py:161} INFO - Started process (PID=22980) to work on /home/airflow/.local/lib/python3.12/site-packages/airflow/example_dags/example_bash_operator.py
[2025-08-19T03:17:11.511+0000] {processor.py:830} INFO - Processing file /home/airflow/.local/lib/python3.12/site-packages/airflow/example_dags/example_bash_operator.py for tasks to queue
[2025-08-19T03:17:11.513+0000] {logging_mixin.py:188} INFO - [2025-08-19T03:17:11.512+0000] {dagbag.py:545} INFO - Filling up the DagBag from /home/airflow/.local/lib/python3.12/site-packages/airflow/example_dags/example_bash_operator.py
[2025-08-19T03:17:11.526+0000] {processor.py:840} INFO - DAG(s) 'example_bash_operator' retrieved from /home/airflow/.local/lib/python3.12/site-packages/airflow/example_dags/example_bash_operator.py
[2025-08-19T03:17:11.554+0000] {logging_mixin.py:188} INFO - [2025-08-19T03:17:11.554+0000] {dag.py:3096} INFO - Sync 1 DAGs
[2025-08-19T03:17:11.578+0000] {logging_mixin.py:188} INFO - [2025-08-19T03:17:11.578+0000] {dag.py:3954} INFO - Setting next_dagrun for example_bash_operator to 2025-08-18 00:00:00+00:00, run_after=2025-08-19 00:00:00+00:00
[2025-08-19T03:17:11.601+0000] {processor.py:183} INFO - Processing /home/airflow/.local/lib/python3.12/site-packages/airflow/example_dags/example_bash_operator.py took 0.099 seconds
[2025-08-19T03:17:42.240+0000] {processor.py:161} INFO - Started process (PID=23033) to work on /home/airflow/.local/lib/python3.12/site-packages/airflow/example_dags/example_bash_operator.py
[2025-08-19T03:17:42.242+0000] {processor.py:830} INFO - Processing file /home/airflow/.local/lib/python3.12/site-packages/airflow/example_dags/example_bash_operator.py for tasks to queue
[2025-08-19T03:17:42.243+0000] {logging_mixin.py:188} INFO - [2025-08-19T03:17:42.243+0000] {dagbag.py:545} INFO - Filling up the DagBag from /home/airflow/.local/lib/python3.12/site-packages/airflow/example_dags/example_bash_operator.py
[2025-08-19T03:17:42.255+0000] {processor.py:840} INFO - DAG(s) 'example_bash_operator' retrieved from /home/airflow/.local/lib/python3.12/site-packages/airflow/example_dags/example_bash_operator.py
[2025-08-19T03:17:42.286+0000] {logging_mixin.py:188} INFO - [2025-08-19T03:17:42.285+0000] {dag.py:3096} INFO - Sync 1 DAGs
[2025-08-19T03:17:42.309+0000] {logging_mixin.py:188} INFO - [2025-08-19T03:17:42.309+0000] {dag.py:3954} INFO - Setting next_dagrun for example_bash_operator to 2025-08-18 00:00:00+00:00, run_after=2025-08-19 00:00:00+00:00
[2025-08-19T03:17:42.333+0000] {processor.py:183} INFO - Processing /home/airflow/.local/lib/python3.12/site-packages/airflow/example_dags/example_bash_operator.py took 0.100 seconds
[2025-08-19T03:18:12.492+0000] {processor.py:161} INFO - Started process (PID=23086) to work on /home/airflow/.local/lib/python3.12/site-packages/airflow/example_dags/example_bash_operator.py
[2025-08-19T03:18:12.493+0000] {processor.py:830} INFO - Processing file /home/airflow/.local/lib/python3.12/site-packages/airflow/example_dags/example_bash_operator.py for tasks to queue
[2025-08-19T03:18:12.495+0000] {logging_mixin.py:188} INFO - [2025-08-19T03:18:12.495+0000] {dagbag.py:545} INFO - Filling up the DagBag from /home/airflow/.local/lib/python3.12/site-packages/airflow/example_dags/example_bash_operator.py
[2025-08-19T03:18:12.509+0000] {processor.py:840} INFO - DAG(s) 'example_bash_operator' retrieved from /home/airflow/.local/lib/python3.12/site-packages/airflow/example_dags/example_bash_operator.py
[2025-08-19T03:18:12.537+0000] {logging_mixin.py:188} INFO - [2025-08-19T03:18:12.537+0000] {dag.py:3096} INFO - Sync 1 DAGs
[2025-08-19T03:18:12.565+0000] {logging_mixin.py:188} INFO - [2025-08-19T03:18:12.565+0000] {dag.py:3954} INFO - Setting next_dagrun for example_bash_operator to 2025-08-18 00:00:00+00:00, run_after=2025-08-19 00:00:00+00:00
[2025-08-19T03:18:12.590+0000] {processor.py:183} INFO - Processing /home/airflow/.local/lib/python3.12/site-packages/airflow/example_dags/example_bash_operator.py took 0.107 seconds
[2025-08-19T03:18:42.758+0000] {processor.py:161} INFO - Started process (PID=23139) to work on /home/airflow/.local/lib/python3.12/site-packages/airflow/example_dags/example_bash_operator.py
[2025-08-19T03:18:42.760+0000] {processor.py:830} INFO - Processing file /home/airflow/.local/lib/python3.12/site-packages/airflow/example_dags/example_bash_operator.py for tasks to queue
[2025-08-19T03:18:42.763+0000] {logging_mixin.py:188} INFO - [2025-08-19T03:18:42.762+0000] {dagbag.py:545} INFO - Filling up the DagBag from /home/airflow/.local/lib/python3.12/site-packages/airflow/example_dags/example_bash_operator.py
[2025-08-19T03:18:42.786+0000] {processor.py:840} INFO - DAG(s) 'example_bash_operator' retrieved from /home/airflow/.local/lib/python3.12/site-packages/airflow/example_dags/example_bash_operator.py
[2025-08-19T03:18:42.825+0000] {logging_mixin.py:188} INFO - [2025-08-19T03:18:42.825+0000] {dag.py:3096} INFO - Sync 1 DAGs
[2025-08-19T03:18:42.850+0000] {logging_mixin.py:188} INFO - [2025-08-19T03:18:42.850+0000] {dag.py:3954} INFO - Setting next_dagrun for example_bash_operator to 2025-08-18 00:00:00+00:00, run_after=2025-08-19 00:00:00+00:00
[2025-08-19T03:18:42.876+0000] {processor.py:183} INFO - Processing /home/airflow/.local/lib/python3.12/site-packages/airflow/example_dags/example_bash_operator.py took 0.129 seconds
[2025-08-19T03:19:13.014+0000] {processor.py:161} INFO - Started process (PID=23192) to work on /home/airflow/.local/lib/python3.12/site-packages/airflow/example_dags/example_bash_operator.py
[2025-08-19T03:19:13.016+0000] {processor.py:830} INFO - Processing file /home/airflow/.local/lib/python3.12/site-packages/airflow/example_dags/example_bash_operator.py for tasks to queue
[2025-08-19T03:19:13.018+0000] {logging_mixin.py:188} INFO - [2025-08-19T03:19:13.017+0000] {dagbag.py:545} INFO - Filling up the DagBag from /home/airflow/.local/lib/python3.12/site-packages/airflow/example_dags/example_bash_operator.py
[2025-08-19T03:19:13.031+0000] {processor.py:840} INFO - DAG(s) 'example_bash_operator' retrieved from /home/airflow/.local/lib/python3.12/site-packages/airflow/example_dags/example_bash_operator.py
[2025-08-19T03:19:13.060+0000] {logging_mixin.py:188} INFO - [2025-08-19T03:19:13.060+0000] {dag.py:3096} INFO - Sync 1 DAGs
[2025-08-19T03:19:13.086+0000] {logging_mixin.py:188} INFO - [2025-08-19T03:19:13.086+0000] {dag.py:3954} INFO - Setting next_dagrun for example_bash_operator to 2025-08-18 00:00:00+00:00, run_after=2025-08-19 00:00:00+00:00
[2025-08-19T03:19:13.114+0000] {processor.py:183} INFO - Processing /home/airflow/.local/lib/python3.12/site-packages/airflow/example_dags/example_bash_operator.py took 0.106 seconds
[2025-08-19T03:19:43.678+0000] {processor.py:161} INFO - Started process (PID=23245) to work on /home/airflow/.local/lib/python3.12/site-packages/airflow/example_dags/example_bash_operator.py
[2025-08-19T03:19:43.679+0000] {processor.py:830} INFO - Processing file /home/airflow/.local/lib/python3.12/site-packages/airflow/example_dags/example_bash_operator.py for tasks to queue
[2025-08-19T03:19:43.681+0000] {logging_mixin.py:188} INFO - [2025-08-19T03:19:43.680+0000] {dagbag.py:545} INFO - Filling up the DagBag from /home/airflow/.local/lib/python3.12/site-packages/airflow/example_dags/example_bash_operator.py
[2025-08-19T03:19:43.694+0000] {processor.py:840} INFO - DAG(s) 'example_bash_operator' retrieved from /home/airflow/.local/lib/python3.12/site-packages/airflow/example_dags/example_bash_operator.py
[2025-08-19T03:19:43.727+0000] {logging_mixin.py:188} INFO - [2025-08-19T03:19:43.726+0000] {dag.py:3096} INFO - Sync 1 DAGs
[2025-08-19T03:19:43.754+0000] {logging_mixin.py:188} INFO - [2025-08-19T03:19:43.754+0000] {dag.py:3954} INFO - Setting next_dagrun for example_bash_operator to 2025-08-18 00:00:00+00:00, run_after=2025-08-19 00:00:00+00:00
[2025-08-19T03:19:43.788+0000] {processor.py:183} INFO - Processing /home/airflow/.local/lib/python3.12/site-packages/airflow/example_dags/example_bash_operator.py took 0.119 seconds
[2025-08-19T03:20:14.157+0000] {processor.py:161} INFO - Started process (PID=23298) to work on /home/airflow/.local/lib/python3.12/site-packages/airflow/example_dags/example_bash_operator.py
[2025-08-19T03:20:14.159+0000] {processor.py:830} INFO - Processing file /home/airflow/.local/lib/python3.12/site-packages/airflow/example_dags/example_bash_operator.py for tasks to queue
[2025-08-19T03:20:14.160+0000] {logging_mixin.py:188} INFO - [2025-08-19T03:20:14.160+0000] {dagbag.py:545} INFO - Filling up the DagBag from /home/airflow/.local/lib/python3.12/site-packages/airflow/example_dags/example_bash_operator.py
[2025-08-19T03:20:14.172+0000] {processor.py:840} INFO - DAG(s) 'example_bash_operator' retrieved from /home/airflow/.local/lib/python3.12/site-packages/airflow/example_dags/example_bash_operator.py
[2025-08-19T03:20:14.203+0000] {logging_mixin.py:188} INFO - [2025-08-19T03:20:14.202+0000] {dag.py:3096} INFO - Sync 1 DAGs
[2025-08-19T03:20:14.231+0000] {logging_mixin.py:188} INFO - [2025-08-19T03:20:14.230+0000] {dag.py:3954} INFO - Setting next_dagrun for example_bash_operator to 2025-08-18 00:00:00+00:00, run_after=2025-08-19 00:00:00+00:00
[2025-08-19T03:20:14.255+0000] {processor.py:183} INFO - Processing /home/airflow/.local/lib/python3.12/site-packages/airflow/example_dags/example_bash_operator.py took 0.103 seconds
[2025-08-19T03:20:44.342+0000] {processor.py:161} INFO - Started process (PID=23351) to work on /home/airflow/.local/lib/python3.12/site-packages/airflow/example_dags/example_bash_operator.py
[2025-08-19T03:20:44.343+0000] {processor.py:830} INFO - Processing file /home/airflow/.local/lib/python3.12/site-packages/airflow/example_dags/example_bash_operator.py for tasks to queue
[2025-08-19T03:20:44.346+0000] {logging_mixin.py:188} INFO - [2025-08-19T03:20:44.346+0000] {dagbag.py:545} INFO - Filling up the DagBag from /home/airflow/.local/lib/python3.12/site-packages/airflow/example_dags/example_bash_operator.py
[2025-08-19T03:20:44.362+0000] {processor.py:840} INFO - DAG(s) 'example_bash_operator' retrieved from /home/airflow/.local/lib/python3.12/site-packages/airflow/example_dags/example_bash_operator.py
[2025-08-19T03:20:44.394+0000] {logging_mixin.py:188} INFO - [2025-08-19T03:20:44.394+0000] {dag.py:3096} INFO - Sync 1 DAGs
[2025-08-19T03:20:44.423+0000] {logging_mixin.py:188} INFO - [2025-08-19T03:20:44.423+0000] {dag.py:3954} INFO - Setting next_dagrun for example_bash_operator to 2025-08-18 00:00:00+00:00, run_after=2025-08-19 00:00:00+00:00
[2025-08-19T03:20:44.451+0000] {processor.py:183} INFO - Processing /home/airflow/.local/lib/python3.12/site-packages/airflow/example_dags/example_bash_operator.py took 0.118 seconds
[2025-08-19T03:21:14.591+0000] {processor.py:161} INFO - Started process (PID=23404) to work on /home/airflow/.local/lib/python3.12/site-packages/airflow/example_dags/example_bash_operator.py
[2025-08-19T03:21:14.593+0000] {processor.py:830} INFO - Processing file /home/airflow/.local/lib/python3.12/site-packages/airflow/example_dags/example_bash_operator.py for tasks to queue
[2025-08-19T03:21:14.594+0000] {logging_mixin.py:188} INFO - [2025-08-19T03:21:14.594+0000] {dagbag.py:545} INFO - Filling up the DagBag from /home/airflow/.local/lib/python3.12/site-packages/airflow/example_dags/example_bash_operator.py
[2025-08-19T03:21:14.606+0000] {processor.py:840} INFO - DAG(s) 'example_bash_operator' retrieved from /home/airflow/.local/lib/python3.12/site-packages/airflow/example_dags/example_bash_operator.py
[2025-08-19T03:21:14.639+0000] {logging_mixin.py:188} INFO - [2025-08-19T03:21:14.639+0000] {dag.py:3096} INFO - Sync 1 DAGs
[2025-08-19T03:21:14.667+0000] {logging_mixin.py:188} INFO - [2025-08-19T03:21:14.667+0000] {dag.py:3954} INFO - Setting next_dagrun for example_bash_operator to 2025-08-18 00:00:00+00:00, run_after=2025-08-19 00:00:00+00:00
[2025-08-19T03:21:14.691+0000] {processor.py:183} INFO - Processing /home/airflow/.local/lib/python3.12/site-packages/airflow/example_dags/example_bash_operator.py took 0.105 seconds
[2025-08-19T03:21:45.272+0000] {processor.py:161} INFO - Started process (PID=23457) to work on /home/airflow/.local/lib/python3.12/site-packages/airflow/example_dags/example_bash_operator.py
[2025-08-19T03:21:45.274+0000] {processor.py:830} INFO - Processing file /home/airflow/.local/lib/python3.12/site-packages/airflow/example_dags/example_bash_operator.py for tasks to queue
[2025-08-19T03:21:45.276+0000] {logging_mixin.py:188} INFO - [2025-08-19T03:21:45.275+0000] {dagbag.py:545} INFO - Filling up the DagBag from /home/airflow/.local/lib/python3.12/site-packages/airflow/example_dags/example_bash_operator.py
[2025-08-19T03:21:45.289+0000] {processor.py:840} INFO - DAG(s) 'example_bash_operator' retrieved from /home/airflow/.local/lib/python3.12/site-packages/airflow/example_dags/example_bash_operator.py
[2025-08-19T03:21:45.321+0000] {logging_mixin.py:188} INFO - [2025-08-19T03:21:45.321+0000] {dag.py:3096} INFO - Sync 1 DAGs
[2025-08-19T03:21:45.347+0000] {logging_mixin.py:188} INFO - [2025-08-19T03:21:45.347+0000] {dag.py:3954} INFO - Setting next_dagrun for example_bash_operator to 2025-08-18 00:00:00+00:00, run_after=2025-08-19 00:00:00+00:00
[2025-08-19T03:21:45.370+0000] {processor.py:183} INFO - Processing /home/airflow/.local/lib/python3.12/site-packages/airflow/example_dags/example_bash_operator.py took 0.104 seconds
[2025-08-19T03:22:15.896+0000] {processor.py:161} INFO - Started process (PID=23510) to work on /home/airflow/.local/lib/python3.12/site-packages/airflow/example_dags/example_bash_operator.py
[2025-08-19T03:22:15.898+0000] {processor.py:830} INFO - Processing file /home/airflow/.local/lib/python3.12/site-packages/airflow/example_dags/example_bash_operator.py for tasks to queue
[2025-08-19T03:22:15.899+0000] {logging_mixin.py:188} INFO - [2025-08-19T03:22:15.899+0000] {dagbag.py:545} INFO - Filling up the DagBag from /home/airflow/.local/lib/python3.12/site-packages/airflow/example_dags/example_bash_operator.py
[2025-08-19T03:22:15.911+0000] {processor.py:840} INFO - DAG(s) 'example_bash_operator' retrieved from /home/airflow/.local/lib/python3.12/site-packages/airflow/example_dags/example_bash_operator.py
[2025-08-19T03:22:15.940+0000] {logging_mixin.py:188} INFO - [2025-08-19T03:22:15.940+0000] {dag.py:3096} INFO - Sync 1 DAGs
[2025-08-19T03:22:15.967+0000] {logging_mixin.py:188} INFO - [2025-08-19T03:22:15.967+0000] {dag.py:3954} INFO - Setting next_dagrun for example_bash_operator to 2025-08-18 00:00:00+00:00, run_after=2025-08-19 00:00:00+00:00
[2025-08-19T03:22:15.992+0000] {processor.py:183} INFO - Processing /home/airflow/.local/lib/python3.12/site-packages/airflow/example_dags/example_bash_operator.py took 0.102 seconds
[2025-08-19T03:22:46.331+0000] {processor.py:161} INFO - Started process (PID=23563) to work on /home/airflow/.local/lib/python3.12/site-packages/airflow/example_dags/example_bash_operator.py
[2025-08-19T03:22:46.333+0000] {processor.py:830} INFO - Processing file /home/airflow/.local/lib/python3.12/site-packages/airflow/example_dags/example_bash_operator.py for tasks to queue
[2025-08-19T03:22:46.335+0000] {logging_mixin.py:188} INFO - [2025-08-19T03:22:46.335+0000] {dagbag.py:545} INFO - Filling up the DagBag from /home/airflow/.local/lib/python3.12/site-packages/airflow/example_dags/example_bash_operator.py
[2025-08-19T03:22:46.348+0000] {processor.py:840} INFO - DAG(s) 'example_bash_operator' retrieved from /home/airflow/.local/lib/python3.12/site-packages/airflow/example_dags/example_bash_operator.py
[2025-08-19T03:22:46.381+0000] {logging_mixin.py:188} INFO - [2025-08-19T03:22:46.380+0000] {dag.py:3096} INFO - Sync 1 DAGs
[2025-08-19T03:22:46.410+0000] {logging_mixin.py:188} INFO - [2025-08-19T03:22:46.410+0000] {dag.py:3954} INFO - Setting next_dagrun for example_bash_operator to 2025-08-18 00:00:00+00:00, run_after=2025-08-19 00:00:00+00:00
[2025-08-19T03:22:46.434+0000] {processor.py:183} INFO - Processing /home/airflow/.local/lib/python3.12/site-packages/airflow/example_dags/example_bash_operator.py took 0.111 seconds
[2025-08-19T03:23:16.802+0000] {processor.py:161} INFO - Started process (PID=23616) to work on /home/airflow/.local/lib/python3.12/site-packages/airflow/example_dags/example_bash_operator.py
[2025-08-19T03:23:16.805+0000] {processor.py:830} INFO - Processing file /home/airflow/.local/lib/python3.12/site-packages/airflow/example_dags/example_bash_operator.py for tasks to queue
[2025-08-19T03:23:16.806+0000] {logging_mixin.py:188} INFO - [2025-08-19T03:23:16.806+0000] {dagbag.py:545} INFO - Filling up the DagBag from /home/airflow/.local/lib/python3.12/site-packages/airflow/example_dags/example_bash_operator.py
[2025-08-19T03:23:16.818+0000] {processor.py:840} INFO - DAG(s) 'example_bash_operator' retrieved from /home/airflow/.local/lib/python3.12/site-packages/airflow/example_dags/example_bash_operator.py
[2025-08-19T03:23:16.850+0000] {logging_mixin.py:188} INFO - [2025-08-19T03:23:16.850+0000] {dag.py:3096} INFO - Sync 1 DAGs
[2025-08-19T03:23:16.876+0000] {logging_mixin.py:188} INFO - [2025-08-19T03:23:16.876+0000] {dag.py:3954} INFO - Setting next_dagrun for example_bash_operator to 2025-08-18 00:00:00+00:00, run_after=2025-08-19 00:00:00+00:00
[2025-08-19T03:23:16.901+0000] {processor.py:183} INFO - Processing /home/airflow/.local/lib/python3.12/site-packages/airflow/example_dags/example_bash_operator.py took 0.105 seconds
[2025-08-19T03:23:47.248+0000] {processor.py:161} INFO - Started process (PID=23669) to work on /home/airflow/.local/lib/python3.12/site-packages/airflow/example_dags/example_bash_operator.py
[2025-08-19T03:23:47.249+0000] {processor.py:830} INFO - Processing file /home/airflow/.local/lib/python3.12/site-packages/airflow/example_dags/example_bash_operator.py for tasks to queue
[2025-08-19T03:23:47.251+0000] {logging_mixin.py:188} INFO - [2025-08-19T03:23:47.250+0000] {dagbag.py:545} INFO - Filling up the DagBag from /home/airflow/.local/lib/python3.12/site-packages/airflow/example_dags/example_bash_operator.py
[2025-08-19T03:23:47.264+0000] {processor.py:840} INFO - DAG(s) 'example_bash_operator' retrieved from /home/airflow/.local/lib/python3.12/site-packages/airflow/example_dags/example_bash_operator.py
[2025-08-19T03:23:47.293+0000] {logging_mixin.py:188} INFO - [2025-08-19T03:23:47.292+0000] {dag.py:3096} INFO - Sync 1 DAGs
[2025-08-19T03:23:47.318+0000] {logging_mixin.py:188} INFO - [2025-08-19T03:23:47.318+0000] {dag.py:3954} INFO - Setting next_dagrun for example_bash_operator to 2025-08-18 00:00:00+00:00, run_after=2025-08-19 00:00:00+00:00
[2025-08-19T03:23:47.343+0000] {processor.py:183} INFO - Processing /home/airflow/.local/lib/python3.12/site-packages/airflow/example_dags/example_bash_operator.py took 0.101 seconds
[2025-08-19T03:24:17.908+0000] {processor.py:161} INFO - Started process (PID=23722) to work on /home/airflow/.local/lib/python3.12/site-packages/airflow/example_dags/example_bash_operator.py
[2025-08-19T03:24:17.909+0000] {processor.py:830} INFO - Processing file /home/airflow/.local/lib/python3.12/site-packages/airflow/example_dags/example_bash_operator.py for tasks to queue
[2025-08-19T03:24:17.910+0000] {logging_mixin.py:188} INFO - [2025-08-19T03:24:17.910+0000] {dagbag.py:545} INFO - Filling up the DagBag from /home/airflow/.local/lib/python3.12/site-packages/airflow/example_dags/example_bash_operator.py
[2025-08-19T03:24:17.923+0000] {processor.py:840} INFO - DAG(s) 'example_bash_operator' retrieved from /home/airflow/.local/lib/python3.12/site-packages/airflow/example_dags/example_bash_operator.py
[2025-08-19T03:24:17.955+0000] {logging_mixin.py:188} INFO - [2025-08-19T03:24:17.955+0000] {dag.py:3096} INFO - Sync 1 DAGs
[2025-08-19T03:24:17.979+0000] {logging_mixin.py:188} INFO - [2025-08-19T03:24:17.979+0000] {dag.py:3954} INFO - Setting next_dagrun for example_bash_operator to 2025-08-18 00:00:00+00:00, run_after=2025-08-19 00:00:00+00:00
[2025-08-19T03:24:18.006+0000] {processor.py:183} INFO - Processing /home/airflow/.local/lib/python3.12/site-packages/airflow/example_dags/example_bash_operator.py took 0.104 seconds
[2025-08-19T03:24:48.412+0000] {processor.py:161} INFO - Started process (PID=23775) to work on /home/airflow/.local/lib/python3.12/site-packages/airflow/example_dags/example_bash_operator.py
[2025-08-19T03:24:48.413+0000] {processor.py:830} INFO - Processing file /home/airflow/.local/lib/python3.12/site-packages/airflow/example_dags/example_bash_operator.py for tasks to queue
[2025-08-19T03:24:48.414+0000] {logging_mixin.py:188} INFO - [2025-08-19T03:24:48.414+0000] {dagbag.py:545} INFO - Filling up the DagBag from /home/airflow/.local/lib/python3.12/site-packages/airflow/example_dags/example_bash_operator.py
[2025-08-19T03:24:48.428+0000] {processor.py:840} INFO - DAG(s) 'example_bash_operator' retrieved from /home/airflow/.local/lib/python3.12/site-packages/airflow/example_dags/example_bash_operator.py
[2025-08-19T03:24:48.460+0000] {logging_mixin.py:188} INFO - [2025-08-19T03:24:48.460+0000] {dag.py:3096} INFO - Sync 1 DAGs
[2025-08-19T03:24:48.485+0000] {logging_mixin.py:188} INFO - [2025-08-19T03:24:48.484+0000] {dag.py:3954} INFO - Setting next_dagrun for example_bash_operator to 2025-08-18 00:00:00+00:00, run_after=2025-08-19 00:00:00+00:00
[2025-08-19T03:24:48.510+0000] {processor.py:183} INFO - Processing /home/airflow/.local/lib/python3.12/site-packages/airflow/example_dags/example_bash_operator.py took 0.105 seconds
[2025-08-19T03:25:19.070+0000] {processor.py:161} INFO - Started process (PID=23828) to work on /home/airflow/.local/lib/python3.12/site-packages/airflow/example_dags/example_bash_operator.py
[2025-08-19T03:25:19.072+0000] {processor.py:830} INFO - Processing file /home/airflow/.local/lib/python3.12/site-packages/airflow/example_dags/example_bash_operator.py for tasks to queue
[2025-08-19T03:25:19.073+0000] {logging_mixin.py:188} INFO - [2025-08-19T03:25:19.073+0000] {dagbag.py:545} INFO - Filling up the DagBag from /home/airflow/.local/lib/python3.12/site-packages/airflow/example_dags/example_bash_operator.py
[2025-08-19T03:25:19.093+0000] {processor.py:840} INFO - DAG(s) 'example_bash_operator' retrieved from /home/airflow/.local/lib/python3.12/site-packages/airflow/example_dags/example_bash_operator.py
[2025-08-19T03:25:19.127+0000] {logging_mixin.py:188} INFO - [2025-08-19T03:25:19.126+0000] {dag.py:3096} INFO - Sync 1 DAGs
[2025-08-19T03:25:19.151+0000] {logging_mixin.py:188} INFO - [2025-08-19T03:25:19.151+0000] {dag.py:3954} INFO - Setting next_dagrun for example_bash_operator to 2025-08-18 00:00:00+00:00, run_after=2025-08-19 00:00:00+00:00
[2025-08-19T03:25:19.181+0000] {processor.py:183} INFO - Processing /home/airflow/.local/lib/python3.12/site-packages/airflow/example_dags/example_bash_operator.py took 0.118 seconds
[2025-08-19T03:25:49.583+0000] {processor.py:161} INFO - Started process (PID=23881) to work on /home/airflow/.local/lib/python3.12/site-packages/airflow/example_dags/example_bash_operator.py
[2025-08-19T03:25:49.585+0000] {processor.py:830} INFO - Processing file /home/airflow/.local/lib/python3.12/site-packages/airflow/example_dags/example_bash_operator.py for tasks to queue
[2025-08-19T03:25:49.586+0000] {logging_mixin.py:188} INFO - [2025-08-19T03:25:49.585+0000] {dagbag.py:545} INFO - Filling up the DagBag from /home/airflow/.local/lib/python3.12/site-packages/airflow/example_dags/example_bash_operator.py
[2025-08-19T03:25:49.598+0000] {processor.py:840} INFO - DAG(s) 'example_bash_operator' retrieved from /home/airflow/.local/lib/python3.12/site-packages/airflow/example_dags/example_bash_operator.py
[2025-08-19T03:25:49.630+0000] {logging_mixin.py:188} INFO - [2025-08-19T03:25:49.630+0000] {dag.py:3096} INFO - Sync 1 DAGs
[2025-08-19T03:25:49.655+0000] {logging_mixin.py:188} INFO - [2025-08-19T03:25:49.655+0000] {dag.py:3954} INFO - Setting next_dagrun for example_bash_operator to 2025-08-18 00:00:00+00:00, run_after=2025-08-19 00:00:00+00:00
[2025-08-19T03:25:49.685+0000] {processor.py:183} INFO - Processing /home/airflow/.local/lib/python3.12/site-packages/airflow/example_dags/example_bash_operator.py took 0.109 seconds
[2025-08-19T03:26:19.781+0000] {processor.py:161} INFO - Started process (PID=23934) to work on /home/airflow/.local/lib/python3.12/site-packages/airflow/example_dags/example_bash_operator.py
[2025-08-19T03:26:19.782+0000] {processor.py:830} INFO - Processing file /home/airflow/.local/lib/python3.12/site-packages/airflow/example_dags/example_bash_operator.py for tasks to queue
[2025-08-19T03:26:19.784+0000] {logging_mixin.py:188} INFO - [2025-08-19T03:26:19.783+0000] {dagbag.py:545} INFO - Filling up the DagBag from /home/airflow/.local/lib/python3.12/site-packages/airflow/example_dags/example_bash_operator.py
[2025-08-19T03:26:19.798+0000] {processor.py:840} INFO - DAG(s) 'example_bash_operator' retrieved from /home/airflow/.local/lib/python3.12/site-packages/airflow/example_dags/example_bash_operator.py
[2025-08-19T03:26:19.828+0000] {logging_mixin.py:188} INFO - [2025-08-19T03:26:19.828+0000] {dag.py:3096} INFO - Sync 1 DAGs
[2025-08-19T03:26:19.851+0000] {logging_mixin.py:188} INFO - [2025-08-19T03:26:19.851+0000] {dag.py:3954} INFO - Setting next_dagrun for example_bash_operator to 2025-08-18 00:00:00+00:00, run_after=2025-08-19 00:00:00+00:00
[2025-08-19T03:26:19.881+0000] {processor.py:183} INFO - Processing /home/airflow/.local/lib/python3.12/site-packages/airflow/example_dags/example_bash_operator.py took 0.108 seconds
[2025-08-19T03:26:50.423+0000] {processor.py:161} INFO - Started process (PID=23987) to work on /home/airflow/.local/lib/python3.12/site-packages/airflow/example_dags/example_bash_operator.py
[2025-08-19T03:26:50.424+0000] {processor.py:830} INFO - Processing file /home/airflow/.local/lib/python3.12/site-packages/airflow/example_dags/example_bash_operator.py for tasks to queue
[2025-08-19T03:26:50.425+0000] {logging_mixin.py:188} INFO - [2025-08-19T03:26:50.425+0000] {dagbag.py:545} INFO - Filling up the DagBag from /home/airflow/.local/lib/python3.12/site-packages/airflow/example_dags/example_bash_operator.py
[2025-08-19T03:26:50.439+0000] {processor.py:840} INFO - DAG(s) 'example_bash_operator' retrieved from /home/airflow/.local/lib/python3.12/site-packages/airflow/example_dags/example_bash_operator.py
[2025-08-19T03:26:50.471+0000] {logging_mixin.py:188} INFO - [2025-08-19T03:26:50.470+0000] {dag.py:3096} INFO - Sync 1 DAGs
[2025-08-19T03:26:50.493+0000] {logging_mixin.py:188} INFO - [2025-08-19T03:26:50.493+0000] {dag.py:3954} INFO - Setting next_dagrun for example_bash_operator to 2025-08-18 00:00:00+00:00, run_after=2025-08-19 00:00:00+00:00
[2025-08-19T03:26:50.518+0000] {processor.py:183} INFO - Processing /home/airflow/.local/lib/python3.12/site-packages/airflow/example_dags/example_bash_operator.py took 0.101 seconds
[2025-08-19T03:27:20.882+0000] {processor.py:161} INFO - Started process (PID=24040) to work on /home/airflow/.local/lib/python3.12/site-packages/airflow/example_dags/example_bash_operator.py
[2025-08-19T03:27:20.884+0000] {processor.py:830} INFO - Processing file /home/airflow/.local/lib/python3.12/site-packages/airflow/example_dags/example_bash_operator.py for tasks to queue
[2025-08-19T03:27:20.886+0000] {logging_mixin.py:188} INFO - [2025-08-19T03:27:20.885+0000] {dagbag.py:545} INFO - Filling up the DagBag from /home/airflow/.local/lib/python3.12/site-packages/airflow/example_dags/example_bash_operator.py
[2025-08-19T03:27:20.900+0000] {processor.py:840} INFO - DAG(s) 'example_bash_operator' retrieved from /home/airflow/.local/lib/python3.12/site-packages/airflow/example_dags/example_bash_operator.py
[2025-08-19T03:27:20.928+0000] {logging_mixin.py:188} INFO - [2025-08-19T03:27:20.928+0000] {dag.py:3096} INFO - Sync 1 DAGs
[2025-08-19T03:27:20.952+0000] {logging_mixin.py:188} INFO - [2025-08-19T03:27:20.951+0000] {dag.py:3954} INFO - Setting next_dagrun for example_bash_operator to 2025-08-18 00:00:00+00:00, run_after=2025-08-19 00:00:00+00:00
[2025-08-19T03:27:20.978+0000] {processor.py:183} INFO - Processing /home/airflow/.local/lib/python3.12/site-packages/airflow/example_dags/example_bash_operator.py took 0.102 seconds
[2025-08-19T03:27:51.404+0000] {processor.py:161} INFO - Started process (PID=24093) to work on /home/airflow/.local/lib/python3.12/site-packages/airflow/example_dags/example_bash_operator.py
[2025-08-19T03:27:51.405+0000] {processor.py:830} INFO - Processing file /home/airflow/.local/lib/python3.12/site-packages/airflow/example_dags/example_bash_operator.py for tasks to queue
[2025-08-19T03:27:51.407+0000] {logging_mixin.py:188} INFO - [2025-08-19T03:27:51.407+0000] {dagbag.py:545} INFO - Filling up the DagBag from /home/airflow/.local/lib/python3.12/site-packages/airflow/example_dags/example_bash_operator.py
[2025-08-19T03:27:51.420+0000] {processor.py:840} INFO - DAG(s) 'example_bash_operator' retrieved from /home/airflow/.local/lib/python3.12/site-packages/airflow/example_dags/example_bash_operator.py
[2025-08-19T03:27:51.451+0000] {logging_mixin.py:188} INFO - [2025-08-19T03:27:51.451+0000] {dag.py:3096} INFO - Sync 1 DAGs
[2025-08-19T03:27:51.474+0000] {logging_mixin.py:188} INFO - [2025-08-19T03:27:51.474+0000] {dag.py:3954} INFO - Setting next_dagrun for example_bash_operator to 2025-08-18 00:00:00+00:00, run_after=2025-08-19 00:00:00+00:00
[2025-08-19T03:27:51.499+0000] {processor.py:183} INFO - Processing /home/airflow/.local/lib/python3.12/site-packages/airflow/example_dags/example_bash_operator.py took 0.102 seconds
[2025-08-19T03:28:21.838+0000] {processor.py:161} INFO - Started process (PID=24146) to work on /home/airflow/.local/lib/python3.12/site-packages/airflow/example_dags/example_bash_operator.py
[2025-08-19T03:28:21.840+0000] {processor.py:830} INFO - Processing file /home/airflow/.local/lib/python3.12/site-packages/airflow/example_dags/example_bash_operator.py for tasks to queue
[2025-08-19T03:28:21.842+0000] {logging_mixin.py:188} INFO - [2025-08-19T03:28:21.841+0000] {dagbag.py:545} INFO - Filling up the DagBag from /home/airflow/.local/lib/python3.12/site-packages/airflow/example_dags/example_bash_operator.py
[2025-08-19T03:28:21.855+0000] {processor.py:840} INFO - DAG(s) 'example_bash_operator' retrieved from /home/airflow/.local/lib/python3.12/site-packages/airflow/example_dags/example_bash_operator.py
[2025-08-19T03:28:21.882+0000] {logging_mixin.py:188} INFO - [2025-08-19T03:28:21.882+0000] {dag.py:3096} INFO - Sync 1 DAGs
[2025-08-19T03:28:21.907+0000] {logging_mixin.py:188} INFO - [2025-08-19T03:28:21.907+0000] {dag.py:3954} INFO - Setting next_dagrun for example_bash_operator to 2025-08-18 00:00:00+00:00, run_after=2025-08-19 00:00:00+00:00
[2025-08-19T03:28:21.933+0000] {processor.py:183} INFO - Processing /home/airflow/.local/lib/python3.12/site-packages/airflow/example_dags/example_bash_operator.py took 0.101 seconds
[2025-08-19T03:28:52.279+0000] {processor.py:161} INFO - Started process (PID=24199) to work on /home/airflow/.local/lib/python3.12/site-packages/airflow/example_dags/example_bash_operator.py
[2025-08-19T03:28:52.281+0000] {processor.py:830} INFO - Processing file /home/airflow/.local/lib/python3.12/site-packages/airflow/example_dags/example_bash_operator.py for tasks to queue
[2025-08-19T03:28:52.283+0000] {logging_mixin.py:188} INFO - [2025-08-19T03:28:52.282+0000] {dagbag.py:545} INFO - Filling up the DagBag from /home/airflow/.local/lib/python3.12/site-packages/airflow/example_dags/example_bash_operator.py
[2025-08-19T03:28:52.295+0000] {processor.py:840} INFO - DAG(s) 'example_bash_operator' retrieved from /home/airflow/.local/lib/python3.12/site-packages/airflow/example_dags/example_bash_operator.py
[2025-08-19T03:28:52.322+0000] {logging_mixin.py:188} INFO - [2025-08-19T03:28:52.322+0000] {dag.py:3096} INFO - Sync 1 DAGs
[2025-08-19T03:28:52.346+0000] {logging_mixin.py:188} INFO - [2025-08-19T03:28:52.346+0000] {dag.py:3954} INFO - Setting next_dagrun for example_bash_operator to 2025-08-18 00:00:00+00:00, run_after=2025-08-19 00:00:00+00:00
[2025-08-19T03:28:52.369+0000] {processor.py:183} INFO - Processing /home/airflow/.local/lib/python3.12/site-packages/airflow/example_dags/example_bash_operator.py took 0.096 seconds
[2025-08-19T03:29:22.647+0000] {processor.py:161} INFO - Started process (PID=24252) to work on /home/airflow/.local/lib/python3.12/site-packages/airflow/example_dags/example_bash_operator.py
[2025-08-19T03:29:22.649+0000] {processor.py:830} INFO - Processing file /home/airflow/.local/lib/python3.12/site-packages/airflow/example_dags/example_bash_operator.py for tasks to queue
[2025-08-19T03:29:22.650+0000] {logging_mixin.py:188} INFO - [2025-08-19T03:29:22.650+0000] {dagbag.py:545} INFO - Filling up the DagBag from /home/airflow/.local/lib/python3.12/site-packages/airflow/example_dags/example_bash_operator.py
[2025-08-19T03:29:22.662+0000] {processor.py:840} INFO - DAG(s) 'example_bash_operator' retrieved from /home/airflow/.local/lib/python3.12/site-packages/airflow/example_dags/example_bash_operator.py
[2025-08-19T03:29:22.693+0000] {logging_mixin.py:188} INFO - [2025-08-19T03:29:22.692+0000] {dag.py:3096} INFO - Sync 1 DAGs
[2025-08-19T03:29:22.716+0000] {logging_mixin.py:188} INFO - [2025-08-19T03:29:22.716+0000] {dag.py:3954} INFO - Setting next_dagrun for example_bash_operator to 2025-08-18 00:00:00+00:00, run_after=2025-08-19 00:00:00+00:00
[2025-08-19T03:29:22.742+0000] {processor.py:183} INFO - Processing /home/airflow/.local/lib/python3.12/site-packages/airflow/example_dags/example_bash_operator.py took 0.101 seconds
[2025-08-19T03:29:52.999+0000] {processor.py:161} INFO - Started process (PID=24305) to work on /home/airflow/.local/lib/python3.12/site-packages/airflow/example_dags/example_bash_operator.py
[2025-08-19T03:29:53.000+0000] {processor.py:830} INFO - Processing file /home/airflow/.local/lib/python3.12/site-packages/airflow/example_dags/example_bash_operator.py for tasks to queue
[2025-08-19T03:29:53.002+0000] {logging_mixin.py:188} INFO - [2025-08-19T03:29:53.002+0000] {dagbag.py:545} INFO - Filling up the DagBag from /home/airflow/.local/lib/python3.12/site-packages/airflow/example_dags/example_bash_operator.py
[2025-08-19T03:29:53.015+0000] {processor.py:840} INFO - DAG(s) 'example_bash_operator' retrieved from /home/airflow/.local/lib/python3.12/site-packages/airflow/example_dags/example_bash_operator.py
[2025-08-19T03:29:53.044+0000] {logging_mixin.py:188} INFO - [2025-08-19T03:29:53.044+0000] {dag.py:3096} INFO - Sync 1 DAGs
[2025-08-19T03:29:53.068+0000] {logging_mixin.py:188} INFO - [2025-08-19T03:29:53.068+0000] {dag.py:3954} INFO - Setting next_dagrun for example_bash_operator to 2025-08-18 00:00:00+00:00, run_after=2025-08-19 00:00:00+00:00
[2025-08-19T03:29:53.095+0000] {processor.py:183} INFO - Processing /home/airflow/.local/lib/python3.12/site-packages/airflow/example_dags/example_bash_operator.py took 0.102 seconds
[2025-08-19T03:30:23.530+0000] {processor.py:161} INFO - Started process (PID=24358) to work on /home/airflow/.local/lib/python3.12/site-packages/airflow/example_dags/example_bash_operator.py
[2025-08-19T03:30:23.531+0000] {processor.py:830} INFO - Processing file /home/airflow/.local/lib/python3.12/site-packages/airflow/example_dags/example_bash_operator.py for tasks to queue
[2025-08-19T03:30:23.533+0000] {logging_mixin.py:188} INFO - [2025-08-19T03:30:23.532+0000] {dagbag.py:545} INFO - Filling up the DagBag from /home/airflow/.local/lib/python3.12/site-packages/airflow/example_dags/example_bash_operator.py
[2025-08-19T03:30:23.545+0000] {processor.py:840} INFO - DAG(s) 'example_bash_operator' retrieved from /home/airflow/.local/lib/python3.12/site-packages/airflow/example_dags/example_bash_operator.py
[2025-08-19T03:30:23.574+0000] {logging_mixin.py:188} INFO - [2025-08-19T03:30:23.574+0000] {dag.py:3096} INFO - Sync 1 DAGs
[2025-08-19T03:30:23.598+0000] {logging_mixin.py:188} INFO - [2025-08-19T03:30:23.598+0000] {dag.py:3954} INFO - Setting next_dagrun for example_bash_operator to 2025-08-18 00:00:00+00:00, run_after=2025-08-19 00:00:00+00:00
[2025-08-19T03:30:23.622+0000] {processor.py:183} INFO - Processing /home/airflow/.local/lib/python3.12/site-packages/airflow/example_dags/example_bash_operator.py took 0.098 seconds
[2025-08-19T03:30:54.066+0000] {processor.py:161} INFO - Started process (PID=24411) to work on /home/airflow/.local/lib/python3.12/site-packages/airflow/example_dags/example_bash_operator.py
[2025-08-19T03:30:54.068+0000] {processor.py:830} INFO - Processing file /home/airflow/.local/lib/python3.12/site-packages/airflow/example_dags/example_bash_operator.py for tasks to queue
[2025-08-19T03:30:54.069+0000] {logging_mixin.py:188} INFO - [2025-08-19T03:30:54.069+0000] {dagbag.py:545} INFO - Filling up the DagBag from /home/airflow/.local/lib/python3.12/site-packages/airflow/example_dags/example_bash_operator.py
[2025-08-19T03:30:54.083+0000] {processor.py:840} INFO - DAG(s) 'example_bash_operator' retrieved from /home/airflow/.local/lib/python3.12/site-packages/airflow/example_dags/example_bash_operator.py
[2025-08-19T03:30:54.114+0000] {logging_mixin.py:188} INFO - [2025-08-19T03:30:54.113+0000] {dag.py:3096} INFO - Sync 1 DAGs
[2025-08-19T03:30:54.138+0000] {logging_mixin.py:188} INFO - [2025-08-19T03:30:54.138+0000] {dag.py:3954} INFO - Setting next_dagrun for example_bash_operator to 2025-08-18 00:00:00+00:00, run_after=2025-08-19 00:00:00+00:00
[2025-08-19T03:30:54.163+0000] {processor.py:183} INFO - Processing /home/airflow/.local/lib/python3.12/site-packages/airflow/example_dags/example_bash_operator.py took 0.103 seconds
[2025-08-19T03:31:24.223+0000] {processor.py:161} INFO - Started process (PID=24464) to work on /home/airflow/.local/lib/python3.12/site-packages/airflow/example_dags/example_bash_operator.py
[2025-08-19T03:31:24.225+0000] {processor.py:830} INFO - Processing file /home/airflow/.local/lib/python3.12/site-packages/airflow/example_dags/example_bash_operator.py for tasks to queue
[2025-08-19T03:31:24.226+0000] {logging_mixin.py:188} INFO - [2025-08-19T03:31:24.225+0000] {dagbag.py:545} INFO - Filling up the DagBag from /home/airflow/.local/lib/python3.12/site-packages/airflow/example_dags/example_bash_operator.py
[2025-08-19T03:31:24.238+0000] {processor.py:840} INFO - DAG(s) 'example_bash_operator' retrieved from /home/airflow/.local/lib/python3.12/site-packages/airflow/example_dags/example_bash_operator.py
[2025-08-19T03:31:24.270+0000] {logging_mixin.py:188} INFO - [2025-08-19T03:31:24.270+0000] {dag.py:3096} INFO - Sync 1 DAGs
[2025-08-19T03:31:24.294+0000] {logging_mixin.py:188} INFO - [2025-08-19T03:31:24.293+0000] {dag.py:3954} INFO - Setting next_dagrun for example_bash_operator to 2025-08-18 00:00:00+00:00, run_after=2025-08-19 00:00:00+00:00
[2025-08-19T03:31:24.323+0000] {processor.py:183} INFO - Processing /home/airflow/.local/lib/python3.12/site-packages/airflow/example_dags/example_bash_operator.py took 0.109 seconds
[2025-08-19T03:31:54.575+0000] {processor.py:161} INFO - Started process (PID=24517) to work on /home/airflow/.local/lib/python3.12/site-packages/airflow/example_dags/example_bash_operator.py
[2025-08-19T03:31:54.577+0000] {processor.py:830} INFO - Processing file /home/airflow/.local/lib/python3.12/site-packages/airflow/example_dags/example_bash_operator.py for tasks to queue
[2025-08-19T03:31:54.578+0000] {logging_mixin.py:188} INFO - [2025-08-19T03:31:54.578+0000] {dagbag.py:545} INFO - Filling up the DagBag from /home/airflow/.local/lib/python3.12/site-packages/airflow/example_dags/example_bash_operator.py
[2025-08-19T03:31:54.593+0000] {processor.py:840} INFO - DAG(s) 'example_bash_operator' retrieved from /home/airflow/.local/lib/python3.12/site-packages/airflow/example_dags/example_bash_operator.py
[2025-08-19T03:31:54.626+0000] {logging_mixin.py:188} INFO - [2025-08-19T03:31:54.625+0000] {dag.py:3096} INFO - Sync 1 DAGs
[2025-08-19T03:31:54.649+0000] {logging_mixin.py:188} INFO - [2025-08-19T03:31:54.648+0000] {dag.py:3954} INFO - Setting next_dagrun for example_bash_operator to 2025-08-18 00:00:00+00:00, run_after=2025-08-19 00:00:00+00:00
[2025-08-19T03:31:54.673+0000] {processor.py:183} INFO - Processing /home/airflow/.local/lib/python3.12/site-packages/airflow/example_dags/example_bash_operator.py took 0.108 seconds
[2025-08-19T03:32:25.464+0000] {processor.py:161} INFO - Started process (PID=24568) to work on /home/airflow/.local/lib/python3.12/site-packages/airflow/example_dags/example_bash_operator.py
[2025-08-19T03:32:25.466+0000] {processor.py:830} INFO - Processing file /home/airflow/.local/lib/python3.12/site-packages/airflow/example_dags/example_bash_operator.py for tasks to queue
[2025-08-19T03:32:25.468+0000] {logging_mixin.py:188} INFO - [2025-08-19T03:32:25.467+0000] {dagbag.py:545} INFO - Filling up the DagBag from /home/airflow/.local/lib/python3.12/site-packages/airflow/example_dags/example_bash_operator.py
[2025-08-19T03:32:25.484+0000] {processor.py:840} INFO - DAG(s) 'example_bash_operator' retrieved from /home/airflow/.local/lib/python3.12/site-packages/airflow/example_dags/example_bash_operator.py
[2025-08-19T03:32:25.521+0000] {logging_mixin.py:188} INFO - [2025-08-19T03:32:25.521+0000] {dag.py:3096} INFO - Sync 1 DAGs
[2025-08-19T03:32:25.549+0000] {logging_mixin.py:188} INFO - [2025-08-19T03:32:25.549+0000] {dag.py:3954} INFO - Setting next_dagrun for example_bash_operator to 2025-08-18 00:00:00+00:00, run_after=2025-08-19 00:00:00+00:00
[2025-08-19T03:32:25.576+0000] {processor.py:183} INFO - Processing /home/airflow/.local/lib/python3.12/site-packages/airflow/example_dags/example_bash_operator.py took 0.122 seconds
[2025-08-19T03:32:56.471+0000] {processor.py:161} INFO - Started process (PID=24621) to work on /home/airflow/.local/lib/python3.12/site-packages/airflow/example_dags/example_bash_operator.py
[2025-08-19T03:32:56.472+0000] {processor.py:830} INFO - Processing file /home/airflow/.local/lib/python3.12/site-packages/airflow/example_dags/example_bash_operator.py for tasks to queue
[2025-08-19T03:32:56.474+0000] {logging_mixin.py:188} INFO - [2025-08-19T03:32:56.473+0000] {dagbag.py:545} INFO - Filling up the DagBag from /home/airflow/.local/lib/python3.12/site-packages/airflow/example_dags/example_bash_operator.py
[2025-08-19T03:32:56.489+0000] {processor.py:840} INFO - DAG(s) 'example_bash_operator' retrieved from /home/airflow/.local/lib/python3.12/site-packages/airflow/example_dags/example_bash_operator.py
[2025-08-19T03:32:56.534+0000] {logging_mixin.py:188} INFO - [2025-08-19T03:32:56.533+0000] {dag.py:3096} INFO - Sync 1 DAGs
[2025-08-19T03:32:56.572+0000] {logging_mixin.py:188} INFO - [2025-08-19T03:32:56.572+0000] {dag.py:3954} INFO - Setting next_dagrun for example_bash_operator to 2025-08-18 00:00:00+00:00, run_after=2025-08-19 00:00:00+00:00
[2025-08-19T03:32:56.609+0000] {processor.py:183} INFO - Processing /home/airflow/.local/lib/python3.12/site-packages/airflow/example_dags/example_bash_operator.py took 0.145 seconds
[2025-08-19T03:33:27.223+0000] {processor.py:161} INFO - Started process (PID=24674) to work on /home/airflow/.local/lib/python3.12/site-packages/airflow/example_dags/example_bash_operator.py
[2025-08-19T03:33:27.225+0000] {processor.py:830} INFO - Processing file /home/airflow/.local/lib/python3.12/site-packages/airflow/example_dags/example_bash_operator.py for tasks to queue
[2025-08-19T03:33:27.226+0000] {logging_mixin.py:188} INFO - [2025-08-19T03:33:27.226+0000] {dagbag.py:545} INFO - Filling up the DagBag from /home/airflow/.local/lib/python3.12/site-packages/airflow/example_dags/example_bash_operator.py
[2025-08-19T03:33:27.242+0000] {processor.py:840} INFO - DAG(s) 'example_bash_operator' retrieved from /home/airflow/.local/lib/python3.12/site-packages/airflow/example_dags/example_bash_operator.py
[2025-08-19T03:33:27.297+0000] {logging_mixin.py:188} INFO - [2025-08-19T03:33:27.296+0000] {dag.py:3096} INFO - Sync 1 DAGs
[2025-08-19T03:33:27.336+0000] {logging_mixin.py:188} INFO - [2025-08-19T03:33:27.336+0000] {dag.py:3954} INFO - Setting next_dagrun for example_bash_operator to 2025-08-18 00:00:00+00:00, run_after=2025-08-19 00:00:00+00:00
[2025-08-19T03:33:27.375+0000] {processor.py:183} INFO - Processing /home/airflow/.local/lib/python3.12/site-packages/airflow/example_dags/example_bash_operator.py took 0.160 seconds
[2025-08-19T03:33:57.572+0000] {processor.py:161} INFO - Started process (PID=24727) to work on /home/airflow/.local/lib/python3.12/site-packages/airflow/example_dags/example_bash_operator.py
[2025-08-19T03:33:57.574+0000] {processor.py:830} INFO - Processing file /home/airflow/.local/lib/python3.12/site-packages/airflow/example_dags/example_bash_operator.py for tasks to queue
[2025-08-19T03:33:57.576+0000] {logging_mixin.py:188} INFO - [2025-08-19T03:33:57.575+0000] {dagbag.py:545} INFO - Filling up the DagBag from /home/airflow/.local/lib/python3.12/site-packages/airflow/example_dags/example_bash_operator.py
[2025-08-19T03:33:57.588+0000] {processor.py:840} INFO - DAG(s) 'example_bash_operator' retrieved from /home/airflow/.local/lib/python3.12/site-packages/airflow/example_dags/example_bash_operator.py
[2025-08-19T03:33:57.624+0000] {logging_mixin.py:188} INFO - [2025-08-19T03:33:57.623+0000] {dag.py:3096} INFO - Sync 1 DAGs
[2025-08-19T03:33:57.653+0000] {logging_mixin.py:188} INFO - [2025-08-19T03:33:57.652+0000] {dag.py:3954} INFO - Setting next_dagrun for example_bash_operator to 2025-08-18 00:00:00+00:00, run_after=2025-08-19 00:00:00+00:00
[2025-08-19T03:33:57.679+0000] {processor.py:183} INFO - Processing /home/airflow/.local/lib/python3.12/site-packages/airflow/example_dags/example_bash_operator.py took 0.114 seconds
[2025-08-19T03:34:27.845+0000] {processor.py:161} INFO - Started process (PID=24780) to work on /home/airflow/.local/lib/python3.12/site-packages/airflow/example_dags/example_bash_operator.py
[2025-08-19T03:34:27.847+0000] {processor.py:830} INFO - Processing file /home/airflow/.local/lib/python3.12/site-packages/airflow/example_dags/example_bash_operator.py for tasks to queue
[2025-08-19T03:34:27.849+0000] {logging_mixin.py:188} INFO - [2025-08-19T03:34:27.849+0000] {dagbag.py:545} INFO - Filling up the DagBag from /home/airflow/.local/lib/python3.12/site-packages/airflow/example_dags/example_bash_operator.py
[2025-08-19T03:34:27.867+0000] {processor.py:840} INFO - DAG(s) 'example_bash_operator' retrieved from /home/airflow/.local/lib/python3.12/site-packages/airflow/example_dags/example_bash_operator.py
[2025-08-19T03:34:27.906+0000] {logging_mixin.py:188} INFO - [2025-08-19T03:34:27.906+0000] {dag.py:3096} INFO - Sync 1 DAGs
[2025-08-19T03:34:27.935+0000] {logging_mixin.py:188} INFO - [2025-08-19T03:34:27.935+0000] {dag.py:3954} INFO - Setting next_dagrun for example_bash_operator to 2025-08-18 00:00:00+00:00, run_after=2025-08-19 00:00:00+00:00
[2025-08-19T03:34:27.962+0000] {processor.py:183} INFO - Processing /home/airflow/.local/lib/python3.12/site-packages/airflow/example_dags/example_bash_operator.py took 0.127 seconds
[2025-08-19T03:34:58.226+0000] {processor.py:161} INFO - Started process (PID=24833) to work on /home/airflow/.local/lib/python3.12/site-packages/airflow/example_dags/example_bash_operator.py
[2025-08-19T03:34:58.227+0000] {processor.py:830} INFO - Processing file /home/airflow/.local/lib/python3.12/site-packages/airflow/example_dags/example_bash_operator.py for tasks to queue
[2025-08-19T03:34:58.229+0000] {logging_mixin.py:188} INFO - [2025-08-19T03:34:58.228+0000] {dagbag.py:545} INFO - Filling up the DagBag from /home/airflow/.local/lib/python3.12/site-packages/airflow/example_dags/example_bash_operator.py
[2025-08-19T03:34:58.241+0000] {processor.py:840} INFO - DAG(s) 'example_bash_operator' retrieved from /home/airflow/.local/lib/python3.12/site-packages/airflow/example_dags/example_bash_operator.py
[2025-08-19T03:34:58.271+0000] {logging_mixin.py:188} INFO - [2025-08-19T03:34:58.271+0000] {dag.py:3096} INFO - Sync 1 DAGs
[2025-08-19T03:34:58.298+0000] {logging_mixin.py:188} INFO - [2025-08-19T03:34:58.298+0000] {dag.py:3954} INFO - Setting next_dagrun for example_bash_operator to 2025-08-18 00:00:00+00:00, run_after=2025-08-19 00:00:00+00:00
[2025-08-19T03:34:58.322+0000] {processor.py:183} INFO - Processing /home/airflow/.local/lib/python3.12/site-packages/airflow/example_dags/example_bash_operator.py took 0.103 seconds
[2025-08-19T03:35:28.467+0000] {processor.py:161} INFO - Started process (PID=24886) to work on /home/airflow/.local/lib/python3.12/site-packages/airflow/example_dags/example_bash_operator.py
[2025-08-19T03:35:28.468+0000] {processor.py:830} INFO - Processing file /home/airflow/.local/lib/python3.12/site-packages/airflow/example_dags/example_bash_operator.py for tasks to queue
[2025-08-19T03:35:28.470+0000] {logging_mixin.py:188} INFO - [2025-08-19T03:35:28.469+0000] {dagbag.py:545} INFO - Filling up the DagBag from /home/airflow/.local/lib/python3.12/site-packages/airflow/example_dags/example_bash_operator.py
[2025-08-19T03:35:28.486+0000] {processor.py:840} INFO - DAG(s) 'example_bash_operator' retrieved from /home/airflow/.local/lib/python3.12/site-packages/airflow/example_dags/example_bash_operator.py
[2025-08-19T03:35:28.524+0000] {logging_mixin.py:188} INFO - [2025-08-19T03:35:28.524+0000] {dag.py:3096} INFO - Sync 1 DAGs
[2025-08-19T03:35:28.558+0000] {logging_mixin.py:188} INFO - [2025-08-19T03:35:28.557+0000] {dag.py:3954} INFO - Setting next_dagrun for example_bash_operator to 2025-08-18 00:00:00+00:00, run_after=2025-08-19 00:00:00+00:00
[2025-08-19T03:35:28.594+0000] {processor.py:183} INFO - Processing /home/airflow/.local/lib/python3.12/site-packages/airflow/example_dags/example_bash_operator.py took 0.134 seconds
[2025-08-19T03:35:58.897+0000] {processor.py:161} INFO - Started process (PID=24939) to work on /home/airflow/.local/lib/python3.12/site-packages/airflow/example_dags/example_bash_operator.py
[2025-08-19T03:35:58.898+0000] {processor.py:830} INFO - Processing file /home/airflow/.local/lib/python3.12/site-packages/airflow/example_dags/example_bash_operator.py for tasks to queue
[2025-08-19T03:35:58.900+0000] {logging_mixin.py:188} INFO - [2025-08-19T03:35:58.899+0000] {dagbag.py:545} INFO - Filling up the DagBag from /home/airflow/.local/lib/python3.12/site-packages/airflow/example_dags/example_bash_operator.py
[2025-08-19T03:35:58.913+0000] {processor.py:840} INFO - DAG(s) 'example_bash_operator' retrieved from /home/airflow/.local/lib/python3.12/site-packages/airflow/example_dags/example_bash_operator.py
[2025-08-19T03:35:58.946+0000] {logging_mixin.py:188} INFO - [2025-08-19T03:35:58.945+0000] {dag.py:3096} INFO - Sync 1 DAGs
[2025-08-19T03:35:58.971+0000] {logging_mixin.py:188} INFO - [2025-08-19T03:35:58.971+0000] {dag.py:3954} INFO - Setting next_dagrun for example_bash_operator to 2025-08-18 00:00:00+00:00, run_after=2025-08-19 00:00:00+00:00
[2025-08-19T03:35:58.996+0000] {processor.py:183} INFO - Processing /home/airflow/.local/lib/python3.12/site-packages/airflow/example_dags/example_bash_operator.py took 0.106 seconds
[2025-08-19T03:36:29.671+0000] {processor.py:161} INFO - Started process (PID=24992) to work on /home/airflow/.local/lib/python3.12/site-packages/airflow/example_dags/example_bash_operator.py
[2025-08-19T03:36:29.672+0000] {processor.py:830} INFO - Processing file /home/airflow/.local/lib/python3.12/site-packages/airflow/example_dags/example_bash_operator.py for tasks to queue
[2025-08-19T03:36:29.674+0000] {logging_mixin.py:188} INFO - [2025-08-19T03:36:29.673+0000] {dagbag.py:545} INFO - Filling up the DagBag from /home/airflow/.local/lib/python3.12/site-packages/airflow/example_dags/example_bash_operator.py
[2025-08-19T03:36:29.687+0000] {processor.py:840} INFO - DAG(s) 'example_bash_operator' retrieved from /home/airflow/.local/lib/python3.12/site-packages/airflow/example_dags/example_bash_operator.py
[2025-08-19T03:36:29.718+0000] {logging_mixin.py:188} INFO - [2025-08-19T03:36:29.718+0000] {dag.py:3096} INFO - Sync 1 DAGs
[2025-08-19T03:36:29.746+0000] {logging_mixin.py:188} INFO - [2025-08-19T03:36:29.746+0000] {dag.py:3954} INFO - Setting next_dagrun for example_bash_operator to 2025-08-18 00:00:00+00:00, run_after=2025-08-19 00:00:00+00:00
[2025-08-19T03:36:29.774+0000] {processor.py:183} INFO - Processing /home/airflow/.local/lib/python3.12/site-packages/airflow/example_dags/example_bash_operator.py took 0.110 seconds
[2025-08-19T03:37:00.621+0000] {processor.py:161} INFO - Started process (PID=25045) to work on /home/airflow/.local/lib/python3.12/site-packages/airflow/example_dags/example_bash_operator.py
[2025-08-19T03:37:00.624+0000] {processor.py:830} INFO - Processing file /home/airflow/.local/lib/python3.12/site-packages/airflow/example_dags/example_bash_operator.py for tasks to queue
[2025-08-19T03:37:00.625+0000] {logging_mixin.py:188} INFO - [2025-08-19T03:37:00.625+0000] {dagbag.py:545} INFO - Filling up the DagBag from /home/airflow/.local/lib/python3.12/site-packages/airflow/example_dags/example_bash_operator.py
[2025-08-19T03:37:00.643+0000] {processor.py:840} INFO - DAG(s) 'example_bash_operator' retrieved from /home/airflow/.local/lib/python3.12/site-packages/airflow/example_dags/example_bash_operator.py
[2025-08-19T03:37:00.679+0000] {logging_mixin.py:188} INFO - [2025-08-19T03:37:00.679+0000] {dag.py:3096} INFO - Sync 1 DAGs
[2025-08-19T03:37:00.710+0000] {logging_mixin.py:188} INFO - [2025-08-19T03:37:00.710+0000] {dag.py:3954} INFO - Setting next_dagrun for example_bash_operator to 2025-08-18 00:00:00+00:00, run_after=2025-08-19 00:00:00+00:00
[2025-08-19T03:37:00.740+0000] {processor.py:183} INFO - Processing /home/airflow/.local/lib/python3.12/site-packages/airflow/example_dags/example_bash_operator.py took 0.128 seconds
[2025-08-19T03:37:31.500+0000] {processor.py:161} INFO - Started process (PID=25098) to work on /home/airflow/.local/lib/python3.12/site-packages/airflow/example_dags/example_bash_operator.py
[2025-08-19T03:37:31.502+0000] {processor.py:830} INFO - Processing file /home/airflow/.local/lib/python3.12/site-packages/airflow/example_dags/example_bash_operator.py for tasks to queue
[2025-08-19T03:37:31.504+0000] {logging_mixin.py:188} INFO - [2025-08-19T03:37:31.503+0000] {dagbag.py:545} INFO - Filling up the DagBag from /home/airflow/.local/lib/python3.12/site-packages/airflow/example_dags/example_bash_operator.py
[2025-08-19T03:37:31.515+0000] {processor.py:840} INFO - DAG(s) 'example_bash_operator' retrieved from /home/airflow/.local/lib/python3.12/site-packages/airflow/example_dags/example_bash_operator.py
[2025-08-19T03:37:31.547+0000] {logging_mixin.py:188} INFO - [2025-08-19T03:37:31.546+0000] {dag.py:3096} INFO - Sync 1 DAGs
[2025-08-19T03:37:31.575+0000] {logging_mixin.py:188} INFO - [2025-08-19T03:37:31.575+0000] {dag.py:3954} INFO - Setting next_dagrun for example_bash_operator to 2025-08-18 00:00:00+00:00, run_after=2025-08-19 00:00:00+00:00
[2025-08-19T03:37:31.606+0000] {processor.py:183} INFO - Processing /home/airflow/.local/lib/python3.12/site-packages/airflow/example_dags/example_bash_operator.py took 0.115 seconds
