[2025-08-19T03:09:52.422+0000] {processor.py:161} INFO - Started process (PID=22229) to work on /home/airflow/.local/lib/python3.12/site-packages/airflow/example_dags/example_task_group_decorator.py
[2025-08-19T03:09:52.439+0000] {processor.py:830} INFO - Processing file /home/airflow/.local/lib/python3.12/site-packages/airflow/example_dags/example_task_group_decorator.py for tasks to queue
[2025-08-19T03:09:52.451+0000] {logging_mixin.py:188} INFO - [2025-08-19T03:09:52.450+0000] {dagbag.py:545} INFO - Filling up the DagBag from /home/airflow/.local/lib/python3.12/site-packages/airflow/example_dags/example_task_group_decorator.py
[2025-08-19T03:09:52.578+0000] {processor.py:840} INFO - DAG(s) 'example_task_group_decorator' retrieved from /home/airflow/.local/lib/python3.12/site-packages/airflow/example_dags/example_task_group_decorator.py
[2025-08-19T03:09:52.830+0000] {logging_mixin.py:188} INFO - [2025-08-19T03:09:52.829+0000] {dag.py:3096} INFO - Sync 1 DAGs
[2025-08-19T03:09:53.083+0000] {logging_mixin.py:188} INFO - [2025-08-19T03:09:53.082+0000] {dag.py:3954} INFO - Setting next_dagrun for example_task_group_decorator to 2025-08-18 00:00:00+00:00, run_after=2025-08-19 00:00:00+00:00
[2025-08-19T03:09:53.312+0000] {processor.py:183} INFO - Processing /home/airflow/.local/lib/python3.12/site-packages/airflow/example_dags/example_task_group_decorator.py took 0.942 seconds
[2025-08-19T03:10:24.207+0000] {processor.py:161} INFO - Started process (PID=22281) to work on /home/airflow/.local/lib/python3.12/site-packages/airflow/example_dags/example_task_group_decorator.py
[2025-08-19T03:10:24.208+0000] {processor.py:830} INFO - Processing file /home/airflow/.local/lib/python3.12/site-packages/airflow/example_dags/example_task_group_decorator.py for tasks to queue
[2025-08-19T03:10:24.210+0000] {logging_mixin.py:188} INFO - [2025-08-19T03:10:24.210+0000] {dagbag.py:545} INFO - Filling up the DagBag from /home/airflow/.local/lib/python3.12/site-packages/airflow/example_dags/example_task_group_decorator.py
[2025-08-19T03:10:24.228+0000] {processor.py:840} INFO - DAG(s) 'example_task_group_decorator' retrieved from /home/airflow/.local/lib/python3.12/site-packages/airflow/example_dags/example_task_group_decorator.py
[2025-08-19T03:10:24.257+0000] {logging_mixin.py:188} INFO - [2025-08-19T03:10:24.256+0000] {dag.py:3096} INFO - Sync 1 DAGs
[2025-08-19T03:10:24.281+0000] {logging_mixin.py:188} INFO - [2025-08-19T03:10:24.281+0000] {dag.py:3954} INFO - Setting next_dagrun for example_task_group_decorator to 2025-08-18 00:00:00+00:00, run_after=2025-08-19 00:00:00+00:00
[2025-08-19T03:10:24.322+0000] {processor.py:183} INFO - Processing /home/airflow/.local/lib/python3.12/site-packages/airflow/example_dags/example_task_group_decorator.py took 0.123 seconds
[2025-08-19T03:10:55.007+0000] {processor.py:161} INFO - Started process (PID=22334) to work on /home/airflow/.local/lib/python3.12/site-packages/airflow/example_dags/example_task_group_decorator.py
[2025-08-19T03:10:55.008+0000] {processor.py:830} INFO - Processing file /home/airflow/.local/lib/python3.12/site-packages/airflow/example_dags/example_task_group_decorator.py for tasks to queue
[2025-08-19T03:10:55.010+0000] {logging_mixin.py:188} INFO - [2025-08-19T03:10:55.009+0000] {dagbag.py:545} INFO - Filling up the DagBag from /home/airflow/.local/lib/python3.12/site-packages/airflow/example_dags/example_task_group_decorator.py
[2025-08-19T03:10:55.028+0000] {processor.py:840} INFO - DAG(s) 'example_task_group_decorator' retrieved from /home/airflow/.local/lib/python3.12/site-packages/airflow/example_dags/example_task_group_decorator.py
[2025-08-19T03:10:55.062+0000] {logging_mixin.py:188} INFO - [2025-08-19T03:10:55.062+0000] {dag.py:3096} INFO - Sync 1 DAGs
[2025-08-19T03:10:55.084+0000] {logging_mixin.py:188} INFO - [2025-08-19T03:10:55.084+0000] {dag.py:3954} INFO - Setting next_dagrun for example_task_group_decorator to 2025-08-18 00:00:00+00:00, run_after=2025-08-19 00:00:00+00:00
[2025-08-19T03:10:55.312+0000] {processor.py:183} INFO - Processing /home/airflow/.local/lib/python3.12/site-packages/airflow/example_dags/example_task_group_decorator.py took 0.315 seconds
[2025-08-19T03:11:25.530+0000] {processor.py:161} INFO - Started process (PID=22387) to work on /home/airflow/.local/lib/python3.12/site-packages/airflow/example_dags/example_task_group_decorator.py
[2025-08-19T03:11:25.535+0000] {processor.py:830} INFO - Processing file /home/airflow/.local/lib/python3.12/site-packages/airflow/example_dags/example_task_group_decorator.py for tasks to queue
[2025-08-19T03:11:25.538+0000] {logging_mixin.py:188} INFO - [2025-08-19T03:11:25.537+0000] {dagbag.py:545} INFO - Filling up the DagBag from /home/airflow/.local/lib/python3.12/site-packages/airflow/example_dags/example_task_group_decorator.py
[2025-08-19T03:11:25.556+0000] {processor.py:840} INFO - DAG(s) 'example_task_group_decorator' retrieved from /home/airflow/.local/lib/python3.12/site-packages/airflow/example_dags/example_task_group_decorator.py
[2025-08-19T03:11:25.588+0000] {logging_mixin.py:188} INFO - [2025-08-19T03:11:25.587+0000] {dag.py:3096} INFO - Sync 1 DAGs
[2025-08-19T03:11:25.612+0000] {logging_mixin.py:188} INFO - [2025-08-19T03:11:25.612+0000] {dag.py:3954} INFO - Setting next_dagrun for example_task_group_decorator to 2025-08-18 00:00:00+00:00, run_after=2025-08-19 00:00:00+00:00
[2025-08-19T03:11:25.634+0000] {processor.py:183} INFO - Processing /home/airflow/.local/lib/python3.12/site-packages/airflow/example_dags/example_task_group_decorator.py took 0.111 seconds
[2025-08-19T03:11:56.199+0000] {processor.py:161} INFO - Started process (PID=22440) to work on /home/airflow/.local/lib/python3.12/site-packages/airflow/example_dags/example_task_group_decorator.py
[2025-08-19T03:11:56.201+0000] {processor.py:830} INFO - Processing file /home/airflow/.local/lib/python3.12/site-packages/airflow/example_dags/example_task_group_decorator.py for tasks to queue
[2025-08-19T03:11:56.203+0000] {logging_mixin.py:188} INFO - [2025-08-19T03:11:56.202+0000] {dagbag.py:545} INFO - Filling up the DagBag from /home/airflow/.local/lib/python3.12/site-packages/airflow/example_dags/example_task_group_decorator.py
[2025-08-19T03:11:56.224+0000] {processor.py:840} INFO - DAG(s) 'example_task_group_decorator' retrieved from /home/airflow/.local/lib/python3.12/site-packages/airflow/example_dags/example_task_group_decorator.py
[2025-08-19T03:11:56.252+0000] {logging_mixin.py:188} INFO - [2025-08-19T03:11:56.252+0000] {dag.py:3096} INFO - Sync 1 DAGs
[2025-08-19T03:11:56.274+0000] {logging_mixin.py:188} INFO - [2025-08-19T03:11:56.274+0000] {dag.py:3954} INFO - Setting next_dagrun for example_task_group_decorator to 2025-08-18 00:00:00+00:00, run_after=2025-08-19 00:00:00+00:00
[2025-08-19T03:11:56.307+0000] {processor.py:183} INFO - Processing /home/airflow/.local/lib/python3.12/site-packages/airflow/example_dags/example_task_group_decorator.py took 0.117 seconds
[2025-08-19T03:12:26.708+0000] {processor.py:161} INFO - Started process (PID=22493) to work on /home/airflow/.local/lib/python3.12/site-packages/airflow/example_dags/example_task_group_decorator.py
[2025-08-19T03:12:26.709+0000] {processor.py:830} INFO - Processing file /home/airflow/.local/lib/python3.12/site-packages/airflow/example_dags/example_task_group_decorator.py for tasks to queue
[2025-08-19T03:12:26.710+0000] {logging_mixin.py:188} INFO - [2025-08-19T03:12:26.710+0000] {dagbag.py:545} INFO - Filling up the DagBag from /home/airflow/.local/lib/python3.12/site-packages/airflow/example_dags/example_task_group_decorator.py
[2025-08-19T03:12:26.726+0000] {processor.py:840} INFO - DAG(s) 'example_task_group_decorator' retrieved from /home/airflow/.local/lib/python3.12/site-packages/airflow/example_dags/example_task_group_decorator.py
[2025-08-19T03:12:26.752+0000] {logging_mixin.py:188} INFO - [2025-08-19T03:12:26.752+0000] {dag.py:3096} INFO - Sync 1 DAGs
[2025-08-19T03:12:26.774+0000] {logging_mixin.py:188} INFO - [2025-08-19T03:12:26.774+0000] {dag.py:3954} INFO - Setting next_dagrun for example_task_group_decorator to 2025-08-18 00:00:00+00:00, run_after=2025-08-19 00:00:00+00:00
[2025-08-19T03:12:26.801+0000] {processor.py:183} INFO - Processing /home/airflow/.local/lib/python3.12/site-packages/airflow/example_dags/example_task_group_decorator.py took 0.099 seconds
[2025-08-19T03:12:57.376+0000] {processor.py:161} INFO - Started process (PID=22546) to work on /home/airflow/.local/lib/python3.12/site-packages/airflow/example_dags/example_task_group_decorator.py
[2025-08-19T03:12:57.379+0000] {processor.py:830} INFO - Processing file /home/airflow/.local/lib/python3.12/site-packages/airflow/example_dags/example_task_group_decorator.py for tasks to queue
[2025-08-19T03:12:57.380+0000] {logging_mixin.py:188} INFO - [2025-08-19T03:12:57.380+0000] {dagbag.py:545} INFO - Filling up the DagBag from /home/airflow/.local/lib/python3.12/site-packages/airflow/example_dags/example_task_group_decorator.py
[2025-08-19T03:12:57.396+0000] {processor.py:840} INFO - DAG(s) 'example_task_group_decorator' retrieved from /home/airflow/.local/lib/python3.12/site-packages/airflow/example_dags/example_task_group_decorator.py
[2025-08-19T03:12:57.425+0000] {logging_mixin.py:188} INFO - [2025-08-19T03:12:57.425+0000] {dag.py:3096} INFO - Sync 1 DAGs
[2025-08-19T03:12:57.447+0000] {logging_mixin.py:188} INFO - [2025-08-19T03:12:57.447+0000] {dag.py:3954} INFO - Setting next_dagrun for example_task_group_decorator to 2025-08-18 00:00:00+00:00, run_after=2025-08-19 00:00:00+00:00
[2025-08-19T03:12:57.471+0000] {processor.py:183} INFO - Processing /home/airflow/.local/lib/python3.12/site-packages/airflow/example_dags/example_task_group_decorator.py took 0.104 seconds
[2025-08-19T03:13:28.148+0000] {processor.py:161} INFO - Started process (PID=22599) to work on /home/airflow/.local/lib/python3.12/site-packages/airflow/example_dags/example_task_group_decorator.py
[2025-08-19T03:13:28.151+0000] {processor.py:830} INFO - Processing file /home/airflow/.local/lib/python3.12/site-packages/airflow/example_dags/example_task_group_decorator.py for tasks to queue
[2025-08-19T03:13:28.152+0000] {logging_mixin.py:188} INFO - [2025-08-19T03:13:28.152+0000] {dagbag.py:545} INFO - Filling up the DagBag from /home/airflow/.local/lib/python3.12/site-packages/airflow/example_dags/example_task_group_decorator.py
[2025-08-19T03:13:28.168+0000] {processor.py:840} INFO - DAG(s) 'example_task_group_decorator' retrieved from /home/airflow/.local/lib/python3.12/site-packages/airflow/example_dags/example_task_group_decorator.py
[2025-08-19T03:13:28.195+0000] {logging_mixin.py:188} INFO - [2025-08-19T03:13:28.194+0000] {dag.py:3096} INFO - Sync 1 DAGs
[2025-08-19T03:13:28.216+0000] {logging_mixin.py:188} INFO - [2025-08-19T03:13:28.216+0000] {dag.py:3954} INFO - Setting next_dagrun for example_task_group_decorator to 2025-08-18 00:00:00+00:00, run_after=2025-08-19 00:00:00+00:00
[2025-08-19T03:13:28.240+0000] {processor.py:183} INFO - Processing /home/airflow/.local/lib/python3.12/site-packages/airflow/example_dags/example_task_group_decorator.py took 0.101 seconds
[2025-08-19T03:13:58.934+0000] {processor.py:161} INFO - Started process (PID=22652) to work on /home/airflow/.local/lib/python3.12/site-packages/airflow/example_dags/example_task_group_decorator.py
[2025-08-19T03:13:58.936+0000] {processor.py:830} INFO - Processing file /home/airflow/.local/lib/python3.12/site-packages/airflow/example_dags/example_task_group_decorator.py for tasks to queue
[2025-08-19T03:13:58.938+0000] {logging_mixin.py:188} INFO - [2025-08-19T03:13:58.937+0000] {dagbag.py:545} INFO - Filling up the DagBag from /home/airflow/.local/lib/python3.12/site-packages/airflow/example_dags/example_task_group_decorator.py
[2025-08-19T03:13:58.956+0000] {processor.py:840} INFO - DAG(s) 'example_task_group_decorator' retrieved from /home/airflow/.local/lib/python3.12/site-packages/airflow/example_dags/example_task_group_decorator.py
[2025-08-19T03:13:58.985+0000] {logging_mixin.py:188} INFO - [2025-08-19T03:13:58.985+0000] {dag.py:3096} INFO - Sync 1 DAGs
[2025-08-19T03:13:59.009+0000] {logging_mixin.py:188} INFO - [2025-08-19T03:13:59.009+0000] {dag.py:3954} INFO - Setting next_dagrun for example_task_group_decorator to 2025-08-18 00:00:00+00:00, run_after=2025-08-19 00:00:00+00:00
[2025-08-19T03:13:59.035+0000] {processor.py:183} INFO - Processing /home/airflow/.local/lib/python3.12/site-packages/airflow/example_dags/example_task_group_decorator.py took 0.111 seconds
[2025-08-19T03:14:29.723+0000] {processor.py:161} INFO - Started process (PID=22705) to work on /home/airflow/.local/lib/python3.12/site-packages/airflow/example_dags/example_task_group_decorator.py
[2025-08-19T03:14:29.725+0000] {processor.py:830} INFO - Processing file /home/airflow/.local/lib/python3.12/site-packages/airflow/example_dags/example_task_group_decorator.py for tasks to queue
[2025-08-19T03:14:29.727+0000] {logging_mixin.py:188} INFO - [2025-08-19T03:14:29.727+0000] {dagbag.py:545} INFO - Filling up the DagBag from /home/airflow/.local/lib/python3.12/site-packages/airflow/example_dags/example_task_group_decorator.py
[2025-08-19T03:14:29.743+0000] {processor.py:840} INFO - DAG(s) 'example_task_group_decorator' retrieved from /home/airflow/.local/lib/python3.12/site-packages/airflow/example_dags/example_task_group_decorator.py
[2025-08-19T03:14:29.770+0000] {logging_mixin.py:188} INFO - [2025-08-19T03:14:29.770+0000] {dag.py:3096} INFO - Sync 1 DAGs
[2025-08-19T03:14:29.791+0000] {logging_mixin.py:188} INFO - [2025-08-19T03:14:29.791+0000] {dag.py:3954} INFO - Setting next_dagrun for example_task_group_decorator to 2025-08-18 00:00:00+00:00, run_after=2025-08-19 00:00:00+00:00
[2025-08-19T03:14:29.812+0000] {processor.py:183} INFO - Processing /home/airflow/.local/lib/python3.12/site-packages/airflow/example_dags/example_task_group_decorator.py took 0.096 seconds
[2025-08-19T03:15:00.582+0000] {processor.py:161} INFO - Started process (PID=22758) to work on /home/airflow/.local/lib/python3.12/site-packages/airflow/example_dags/example_task_group_decorator.py
[2025-08-19T03:15:00.584+0000] {processor.py:830} INFO - Processing file /home/airflow/.local/lib/python3.12/site-packages/airflow/example_dags/example_task_group_decorator.py for tasks to queue
[2025-08-19T03:15:00.586+0000] {logging_mixin.py:188} INFO - [2025-08-19T03:15:00.585+0000] {dagbag.py:545} INFO - Filling up the DagBag from /home/airflow/.local/lib/python3.12/site-packages/airflow/example_dags/example_task_group_decorator.py
[2025-08-19T03:15:00.601+0000] {processor.py:840} INFO - DAG(s) 'example_task_group_decorator' retrieved from /home/airflow/.local/lib/python3.12/site-packages/airflow/example_dags/example_task_group_decorator.py
[2025-08-19T03:15:00.629+0000] {logging_mixin.py:188} INFO - [2025-08-19T03:15:00.629+0000] {dag.py:3096} INFO - Sync 1 DAGs
[2025-08-19T03:15:00.652+0000] {logging_mixin.py:188} INFO - [2025-08-19T03:15:00.652+0000] {dag.py:3954} INFO - Setting next_dagrun for example_task_group_decorator to 2025-08-18 00:00:00+00:00, run_after=2025-08-19 00:00:00+00:00
[2025-08-19T03:15:00.685+0000] {processor.py:183} INFO - Processing /home/airflow/.local/lib/python3.12/site-packages/airflow/example_dags/example_task_group_decorator.py took 0.113 seconds
[2025-08-19T03:15:31.370+0000] {processor.py:161} INFO - Started process (PID=22811) to work on /home/airflow/.local/lib/python3.12/site-packages/airflow/example_dags/example_task_group_decorator.py
[2025-08-19T03:15:31.371+0000] {processor.py:830} INFO - Processing file /home/airflow/.local/lib/python3.12/site-packages/airflow/example_dags/example_task_group_decorator.py for tasks to queue
[2025-08-19T03:15:31.373+0000] {logging_mixin.py:188} INFO - [2025-08-19T03:15:31.372+0000] {dagbag.py:545} INFO - Filling up the DagBag from /home/airflow/.local/lib/python3.12/site-packages/airflow/example_dags/example_task_group_decorator.py
[2025-08-19T03:15:31.392+0000] {processor.py:840} INFO - DAG(s) 'example_task_group_decorator' retrieved from /home/airflow/.local/lib/python3.12/site-packages/airflow/example_dags/example_task_group_decorator.py
[2025-08-19T03:15:31.417+0000] {logging_mixin.py:188} INFO - [2025-08-19T03:15:31.416+0000] {dag.py:3096} INFO - Sync 1 DAGs
[2025-08-19T03:15:31.440+0000] {logging_mixin.py:188} INFO - [2025-08-19T03:15:31.439+0000] {dag.py:3954} INFO - Setting next_dagrun for example_task_group_decorator to 2025-08-18 00:00:00+00:00, run_after=2025-08-19 00:00:00+00:00
[2025-08-19T03:15:31.466+0000] {processor.py:183} INFO - Processing /home/airflow/.local/lib/python3.12/site-packages/airflow/example_dags/example_task_group_decorator.py took 0.102 seconds
[2025-08-19T03:16:02.221+0000] {processor.py:161} INFO - Started process (PID=22864) to work on /home/airflow/.local/lib/python3.12/site-packages/airflow/example_dags/example_task_group_decorator.py
[2025-08-19T03:16:02.223+0000] {processor.py:830} INFO - Processing file /home/airflow/.local/lib/python3.12/site-packages/airflow/example_dags/example_task_group_decorator.py for tasks to queue
[2025-08-19T03:16:02.225+0000] {logging_mixin.py:188} INFO - [2025-08-19T03:16:02.225+0000] {dagbag.py:545} INFO - Filling up the DagBag from /home/airflow/.local/lib/python3.12/site-packages/airflow/example_dags/example_task_group_decorator.py
[2025-08-19T03:16:02.251+0000] {processor.py:840} INFO - DAG(s) 'example_task_group_decorator' retrieved from /home/airflow/.local/lib/python3.12/site-packages/airflow/example_dags/example_task_group_decorator.py
[2025-08-19T03:16:02.282+0000] {logging_mixin.py:188} INFO - [2025-08-19T03:16:02.282+0000] {dag.py:3096} INFO - Sync 1 DAGs
[2025-08-19T03:16:02.304+0000] {logging_mixin.py:188} INFO - [2025-08-19T03:16:02.304+0000] {dag.py:3954} INFO - Setting next_dagrun for example_task_group_decorator to 2025-08-18 00:00:00+00:00, run_after=2025-08-19 00:00:00+00:00
[2025-08-19T03:16:02.329+0000] {processor.py:183} INFO - Processing /home/airflow/.local/lib/python3.12/site-packages/airflow/example_dags/example_task_group_decorator.py took 0.119 seconds
[2025-08-19T03:16:32.638+0000] {processor.py:161} INFO - Started process (PID=22917) to work on /home/airflow/.local/lib/python3.12/site-packages/airflow/example_dags/example_task_group_decorator.py
[2025-08-19T03:16:32.640+0000] {processor.py:830} INFO - Processing file /home/airflow/.local/lib/python3.12/site-packages/airflow/example_dags/example_task_group_decorator.py for tasks to queue
[2025-08-19T03:16:32.642+0000] {logging_mixin.py:188} INFO - [2025-08-19T03:16:32.642+0000] {dagbag.py:545} INFO - Filling up the DagBag from /home/airflow/.local/lib/python3.12/site-packages/airflow/example_dags/example_task_group_decorator.py
[2025-08-19T03:16:32.659+0000] {processor.py:840} INFO - DAG(s) 'example_task_group_decorator' retrieved from /home/airflow/.local/lib/python3.12/site-packages/airflow/example_dags/example_task_group_decorator.py
[2025-08-19T03:16:32.684+0000] {logging_mixin.py:188} INFO - [2025-08-19T03:16:32.684+0000] {dag.py:3096} INFO - Sync 1 DAGs
[2025-08-19T03:16:32.706+0000] {logging_mixin.py:188} INFO - [2025-08-19T03:16:32.705+0000] {dag.py:3954} INFO - Setting next_dagrun for example_task_group_decorator to 2025-08-18 00:00:00+00:00, run_after=2025-08-19 00:00:00+00:00
[2025-08-19T03:16:32.734+0000] {processor.py:183} INFO - Processing /home/airflow/.local/lib/python3.12/site-packages/airflow/example_dags/example_task_group_decorator.py took 0.107 seconds
[2025-08-19T03:17:03.182+0000] {processor.py:161} INFO - Started process (PID=22970) to work on /home/airflow/.local/lib/python3.12/site-packages/airflow/example_dags/example_task_group_decorator.py
[2025-08-19T03:17:03.185+0000] {processor.py:830} INFO - Processing file /home/airflow/.local/lib/python3.12/site-packages/airflow/example_dags/example_task_group_decorator.py for tasks to queue
[2025-08-19T03:17:03.187+0000] {logging_mixin.py:188} INFO - [2025-08-19T03:17:03.186+0000] {dagbag.py:545} INFO - Filling up the DagBag from /home/airflow/.local/lib/python3.12/site-packages/airflow/example_dags/example_task_group_decorator.py
[2025-08-19T03:17:03.205+0000] {processor.py:840} INFO - DAG(s) 'example_task_group_decorator' retrieved from /home/airflow/.local/lib/python3.12/site-packages/airflow/example_dags/example_task_group_decorator.py
[2025-08-19T03:17:03.231+0000] {logging_mixin.py:188} INFO - [2025-08-19T03:17:03.231+0000] {dag.py:3096} INFO - Sync 1 DAGs
[2025-08-19T03:17:03.256+0000] {logging_mixin.py:188} INFO - [2025-08-19T03:17:03.255+0000] {dag.py:3954} INFO - Setting next_dagrun for example_task_group_decorator to 2025-08-18 00:00:00+00:00, run_after=2025-08-19 00:00:00+00:00
[2025-08-19T03:17:03.285+0000] {processor.py:183} INFO - Processing /home/airflow/.local/lib/python3.12/site-packages/airflow/example_dags/example_task_group_decorator.py took 0.112 seconds
[2025-08-19T03:17:33.565+0000] {processor.py:161} INFO - Started process (PID=23023) to work on /home/airflow/.local/lib/python3.12/site-packages/airflow/example_dags/example_task_group_decorator.py
[2025-08-19T03:17:33.567+0000] {processor.py:830} INFO - Processing file /home/airflow/.local/lib/python3.12/site-packages/airflow/example_dags/example_task_group_decorator.py for tasks to queue
[2025-08-19T03:17:33.569+0000] {logging_mixin.py:188} INFO - [2025-08-19T03:17:33.568+0000] {dagbag.py:545} INFO - Filling up the DagBag from /home/airflow/.local/lib/python3.12/site-packages/airflow/example_dags/example_task_group_decorator.py
[2025-08-19T03:17:33.587+0000] {processor.py:840} INFO - DAG(s) 'example_task_group_decorator' retrieved from /home/airflow/.local/lib/python3.12/site-packages/airflow/example_dags/example_task_group_decorator.py
[2025-08-19T03:17:33.617+0000] {logging_mixin.py:188} INFO - [2025-08-19T03:17:33.617+0000] {dag.py:3096} INFO - Sync 1 DAGs
[2025-08-19T03:17:33.655+0000] {logging_mixin.py:188} INFO - [2025-08-19T03:17:33.655+0000] {dag.py:3954} INFO - Setting next_dagrun for example_task_group_decorator to 2025-08-18 00:00:00+00:00, run_after=2025-08-19 00:00:00+00:00
[2025-08-19T03:17:33.677+0000] {processor.py:183} INFO - Processing /home/airflow/.local/lib/python3.12/site-packages/airflow/example_dags/example_task_group_decorator.py took 0.122 seconds
[2025-08-19T03:18:03.773+0000] {processor.py:161} INFO - Started process (PID=23076) to work on /home/airflow/.local/lib/python3.12/site-packages/airflow/example_dags/example_task_group_decorator.py
[2025-08-19T03:18:03.775+0000] {processor.py:830} INFO - Processing file /home/airflow/.local/lib/python3.12/site-packages/airflow/example_dags/example_task_group_decorator.py for tasks to queue
[2025-08-19T03:18:03.777+0000] {logging_mixin.py:188} INFO - [2025-08-19T03:18:03.776+0000] {dagbag.py:545} INFO - Filling up the DagBag from /home/airflow/.local/lib/python3.12/site-packages/airflow/example_dags/example_task_group_decorator.py
[2025-08-19T03:18:03.796+0000] {processor.py:840} INFO - DAG(s) 'example_task_group_decorator' retrieved from /home/airflow/.local/lib/python3.12/site-packages/airflow/example_dags/example_task_group_decorator.py
[2025-08-19T03:18:03.826+0000] {logging_mixin.py:188} INFO - [2025-08-19T03:18:03.826+0000] {dag.py:3096} INFO - Sync 1 DAGs
[2025-08-19T03:18:03.848+0000] {logging_mixin.py:188} INFO - [2025-08-19T03:18:03.848+0000] {dag.py:3954} INFO - Setting next_dagrun for example_task_group_decorator to 2025-08-18 00:00:00+00:00, run_after=2025-08-19 00:00:00+00:00
[2025-08-19T03:18:03.874+0000] {processor.py:183} INFO - Processing /home/airflow/.local/lib/python3.12/site-packages/airflow/example_dags/example_task_group_decorator.py took 0.111 seconds
[2025-08-19T03:18:34.061+0000] {processor.py:161} INFO - Started process (PID=23129) to work on /home/airflow/.local/lib/python3.12/site-packages/airflow/example_dags/example_task_group_decorator.py
[2025-08-19T03:18:34.062+0000] {processor.py:830} INFO - Processing file /home/airflow/.local/lib/python3.12/site-packages/airflow/example_dags/example_task_group_decorator.py for tasks to queue
[2025-08-19T03:18:34.064+0000] {logging_mixin.py:188} INFO - [2025-08-19T03:18:34.063+0000] {dagbag.py:545} INFO - Filling up the DagBag from /home/airflow/.local/lib/python3.12/site-packages/airflow/example_dags/example_task_group_decorator.py
[2025-08-19T03:18:34.078+0000] {processor.py:840} INFO - DAG(s) 'example_task_group_decorator' retrieved from /home/airflow/.local/lib/python3.12/site-packages/airflow/example_dags/example_task_group_decorator.py
[2025-08-19T03:18:34.106+0000] {logging_mixin.py:188} INFO - [2025-08-19T03:18:34.105+0000] {dag.py:3096} INFO - Sync 1 DAGs
[2025-08-19T03:18:34.130+0000] {logging_mixin.py:188} INFO - [2025-08-19T03:18:34.130+0000] {dag.py:3954} INFO - Setting next_dagrun for example_task_group_decorator to 2025-08-18 00:00:00+00:00, run_after=2025-08-19 00:00:00+00:00
[2025-08-19T03:18:34.159+0000] {processor.py:183} INFO - Processing /home/airflow/.local/lib/python3.12/site-packages/airflow/example_dags/example_task_group_decorator.py took 0.105 seconds
[2025-08-19T03:19:04.905+0000] {processor.py:161} INFO - Started process (PID=23180) to work on /home/airflow/.local/lib/python3.12/site-packages/airflow/example_dags/example_task_group_decorator.py
[2025-08-19T03:19:04.907+0000] {processor.py:830} INFO - Processing file /home/airflow/.local/lib/python3.12/site-packages/airflow/example_dags/example_task_group_decorator.py for tasks to queue
[2025-08-19T03:19:04.909+0000] {logging_mixin.py:188} INFO - [2025-08-19T03:19:04.908+0000] {dagbag.py:545} INFO - Filling up the DagBag from /home/airflow/.local/lib/python3.12/site-packages/airflow/example_dags/example_task_group_decorator.py
[2025-08-19T03:19:04.924+0000] {processor.py:840} INFO - DAG(s) 'example_task_group_decorator' retrieved from /home/airflow/.local/lib/python3.12/site-packages/airflow/example_dags/example_task_group_decorator.py
[2025-08-19T03:19:04.961+0000] {logging_mixin.py:188} INFO - [2025-08-19T03:19:04.961+0000] {dag.py:3096} INFO - Sync 1 DAGs
[2025-08-19T03:19:04.991+0000] {logging_mixin.py:188} INFO - [2025-08-19T03:19:04.991+0000] {dag.py:3954} INFO - Setting next_dagrun for example_task_group_decorator to 2025-08-18 00:00:00+00:00, run_after=2025-08-19 00:00:00+00:00
[2025-08-19T03:19:05.027+0000] {processor.py:183} INFO - Processing /home/airflow/.local/lib/python3.12/site-packages/airflow/example_dags/example_task_group_decorator.py took 0.131 seconds
[2025-08-19T03:19:35.176+0000] {processor.py:161} INFO - Started process (PID=23233) to work on /home/airflow/.local/lib/python3.12/site-packages/airflow/example_dags/example_task_group_decorator.py
[2025-08-19T03:19:35.177+0000] {processor.py:830} INFO - Processing file /home/airflow/.local/lib/python3.12/site-packages/airflow/example_dags/example_task_group_decorator.py for tasks to queue
[2025-08-19T03:19:35.178+0000] {logging_mixin.py:188} INFO - [2025-08-19T03:19:35.178+0000] {dagbag.py:545} INFO - Filling up the DagBag from /home/airflow/.local/lib/python3.12/site-packages/airflow/example_dags/example_task_group_decorator.py
[2025-08-19T03:19:35.194+0000] {processor.py:840} INFO - DAG(s) 'example_task_group_decorator' retrieved from /home/airflow/.local/lib/python3.12/site-packages/airflow/example_dags/example_task_group_decorator.py
[2025-08-19T03:19:35.222+0000] {logging_mixin.py:188} INFO - [2025-08-19T03:19:35.222+0000] {dag.py:3096} INFO - Sync 1 DAGs
[2025-08-19T03:19:35.246+0000] {logging_mixin.py:188} INFO - [2025-08-19T03:19:35.245+0000] {dag.py:3954} INFO - Setting next_dagrun for example_task_group_decorator to 2025-08-18 00:00:00+00:00, run_after=2025-08-19 00:00:00+00:00
[2025-08-19T03:19:35.271+0000] {processor.py:183} INFO - Processing /home/airflow/.local/lib/python3.12/site-packages/airflow/example_dags/example_task_group_decorator.py took 0.106 seconds
[2025-08-19T03:20:05.394+0000] {processor.py:161} INFO - Started process (PID=23286) to work on /home/airflow/.local/lib/python3.12/site-packages/airflow/example_dags/example_task_group_decorator.py
[2025-08-19T03:20:05.396+0000] {processor.py:830} INFO - Processing file /home/airflow/.local/lib/python3.12/site-packages/airflow/example_dags/example_task_group_decorator.py for tasks to queue
[2025-08-19T03:20:05.397+0000] {logging_mixin.py:188} INFO - [2025-08-19T03:20:05.397+0000] {dagbag.py:545} INFO - Filling up the DagBag from /home/airflow/.local/lib/python3.12/site-packages/airflow/example_dags/example_task_group_decorator.py
[2025-08-19T03:20:05.414+0000] {processor.py:840} INFO - DAG(s) 'example_task_group_decorator' retrieved from /home/airflow/.local/lib/python3.12/site-packages/airflow/example_dags/example_task_group_decorator.py
[2025-08-19T03:20:05.443+0000] {logging_mixin.py:188} INFO - [2025-08-19T03:20:05.443+0000] {dag.py:3096} INFO - Sync 1 DAGs
[2025-08-19T03:20:05.466+0000] {logging_mixin.py:188} INFO - [2025-08-19T03:20:05.466+0000] {dag.py:3954} INFO - Setting next_dagrun for example_task_group_decorator to 2025-08-18 00:00:00+00:00, run_after=2025-08-19 00:00:00+00:00
[2025-08-19T03:20:05.498+0000] {processor.py:183} INFO - Processing /home/airflow/.local/lib/python3.12/site-packages/airflow/example_dags/example_task_group_decorator.py took 0.110 seconds
[2025-08-19T03:20:36.443+0000] {processor.py:161} INFO - Started process (PID=23339) to work on /home/airflow/.local/lib/python3.12/site-packages/airflow/example_dags/example_task_group_decorator.py
[2025-08-19T03:20:36.445+0000] {processor.py:830} INFO - Processing file /home/airflow/.local/lib/python3.12/site-packages/airflow/example_dags/example_task_group_decorator.py for tasks to queue
[2025-08-19T03:20:36.447+0000] {logging_mixin.py:188} INFO - [2025-08-19T03:20:36.446+0000] {dagbag.py:545} INFO - Filling up the DagBag from /home/airflow/.local/lib/python3.12/site-packages/airflow/example_dags/example_task_group_decorator.py
[2025-08-19T03:20:36.462+0000] {processor.py:840} INFO - DAG(s) 'example_task_group_decorator' retrieved from /home/airflow/.local/lib/python3.12/site-packages/airflow/example_dags/example_task_group_decorator.py
[2025-08-19T03:20:36.493+0000] {logging_mixin.py:188} INFO - [2025-08-19T03:20:36.492+0000] {dag.py:3096} INFO - Sync 1 DAGs
[2025-08-19T03:20:36.517+0000] {logging_mixin.py:188} INFO - [2025-08-19T03:20:36.517+0000] {dag.py:3954} INFO - Setting next_dagrun for example_task_group_decorator to 2025-08-18 00:00:00+00:00, run_after=2025-08-19 00:00:00+00:00
[2025-08-19T03:20:36.543+0000] {processor.py:183} INFO - Processing /home/airflow/.local/lib/python3.12/site-packages/airflow/example_dags/example_task_group_decorator.py took 0.110 seconds
[2025-08-19T03:21:06.720+0000] {processor.py:161} INFO - Started process (PID=23392) to work on /home/airflow/.local/lib/python3.12/site-packages/airflow/example_dags/example_task_group_decorator.py
[2025-08-19T03:21:06.722+0000] {processor.py:830} INFO - Processing file /home/airflow/.local/lib/python3.12/site-packages/airflow/example_dags/example_task_group_decorator.py for tasks to queue
[2025-08-19T03:21:06.724+0000] {logging_mixin.py:188} INFO - [2025-08-19T03:21:06.723+0000] {dagbag.py:545} INFO - Filling up the DagBag from /home/airflow/.local/lib/python3.12/site-packages/airflow/example_dags/example_task_group_decorator.py
[2025-08-19T03:21:06.742+0000] {processor.py:840} INFO - DAG(s) 'example_task_group_decorator' retrieved from /home/airflow/.local/lib/python3.12/site-packages/airflow/example_dags/example_task_group_decorator.py
[2025-08-19T03:21:06.767+0000] {logging_mixin.py:188} INFO - [2025-08-19T03:21:06.766+0000] {dag.py:3096} INFO - Sync 1 DAGs
[2025-08-19T03:21:06.788+0000] {logging_mixin.py:188} INFO - [2025-08-19T03:21:06.788+0000] {dag.py:3954} INFO - Setting next_dagrun for example_task_group_decorator to 2025-08-18 00:00:00+00:00, run_after=2025-08-19 00:00:00+00:00
[2025-08-19T03:21:06.821+0000] {processor.py:183} INFO - Processing /home/airflow/.local/lib/python3.12/site-packages/airflow/example_dags/example_task_group_decorator.py took 0.108 seconds
[2025-08-19T03:21:37.691+0000] {processor.py:161} INFO - Started process (PID=23445) to work on /home/airflow/.local/lib/python3.12/site-packages/airflow/example_dags/example_task_group_decorator.py
[2025-08-19T03:21:37.694+0000] {processor.py:830} INFO - Processing file /home/airflow/.local/lib/python3.12/site-packages/airflow/example_dags/example_task_group_decorator.py for tasks to queue
[2025-08-19T03:21:37.696+0000] {logging_mixin.py:188} INFO - [2025-08-19T03:21:37.695+0000] {dagbag.py:545} INFO - Filling up the DagBag from /home/airflow/.local/lib/python3.12/site-packages/airflow/example_dags/example_task_group_decorator.py
[2025-08-19T03:21:37.712+0000] {processor.py:840} INFO - DAG(s) 'example_task_group_decorator' retrieved from /home/airflow/.local/lib/python3.12/site-packages/airflow/example_dags/example_task_group_decorator.py
[2025-08-19T03:21:37.740+0000] {logging_mixin.py:188} INFO - [2025-08-19T03:21:37.740+0000] {dag.py:3096} INFO - Sync 1 DAGs
[2025-08-19T03:21:37.762+0000] {logging_mixin.py:188} INFO - [2025-08-19T03:21:37.762+0000] {dag.py:3954} INFO - Setting next_dagrun for example_task_group_decorator to 2025-08-18 00:00:00+00:00, run_after=2025-08-19 00:00:00+00:00
[2025-08-19T03:21:37.783+0000] {processor.py:183} INFO - Processing /home/airflow/.local/lib/python3.12/site-packages/airflow/example_dags/example_task_group_decorator.py took 0.103 seconds
[2025-08-19T03:22:08.324+0000] {processor.py:161} INFO - Started process (PID=23498) to work on /home/airflow/.local/lib/python3.12/site-packages/airflow/example_dags/example_task_group_decorator.py
[2025-08-19T03:22:08.326+0000] {processor.py:830} INFO - Processing file /home/airflow/.local/lib/python3.12/site-packages/airflow/example_dags/example_task_group_decorator.py for tasks to queue
[2025-08-19T03:22:08.327+0000] {logging_mixin.py:188} INFO - [2025-08-19T03:22:08.327+0000] {dagbag.py:545} INFO - Filling up the DagBag from /home/airflow/.local/lib/python3.12/site-packages/airflow/example_dags/example_task_group_decorator.py
[2025-08-19T03:22:08.343+0000] {processor.py:840} INFO - DAG(s) 'example_task_group_decorator' retrieved from /home/airflow/.local/lib/python3.12/site-packages/airflow/example_dags/example_task_group_decorator.py
[2025-08-19T03:22:08.368+0000] {logging_mixin.py:188} INFO - [2025-08-19T03:22:08.367+0000] {dag.py:3096} INFO - Sync 1 DAGs
[2025-08-19T03:22:08.388+0000] {logging_mixin.py:188} INFO - [2025-08-19T03:22:08.388+0000] {dag.py:3954} INFO - Setting next_dagrun for example_task_group_decorator to 2025-08-18 00:00:00+00:00, run_after=2025-08-19 00:00:00+00:00
[2025-08-19T03:22:08.423+0000] {processor.py:183} INFO - Processing /home/airflow/.local/lib/python3.12/site-packages/airflow/example_dags/example_task_group_decorator.py took 0.109 seconds
[2025-08-19T03:22:38.847+0000] {processor.py:161} INFO - Started process (PID=23551) to work on /home/airflow/.local/lib/python3.12/site-packages/airflow/example_dags/example_task_group_decorator.py
[2025-08-19T03:22:38.849+0000] {processor.py:830} INFO - Processing file /home/airflow/.local/lib/python3.12/site-packages/airflow/example_dags/example_task_group_decorator.py for tasks to queue
[2025-08-19T03:22:38.850+0000] {logging_mixin.py:188} INFO - [2025-08-19T03:22:38.850+0000] {dagbag.py:545} INFO - Filling up the DagBag from /home/airflow/.local/lib/python3.12/site-packages/airflow/example_dags/example_task_group_decorator.py
[2025-08-19T03:22:38.865+0000] {processor.py:840} INFO - DAG(s) 'example_task_group_decorator' retrieved from /home/airflow/.local/lib/python3.12/site-packages/airflow/example_dags/example_task_group_decorator.py
[2025-08-19T03:22:38.892+0000] {logging_mixin.py:188} INFO - [2025-08-19T03:22:38.891+0000] {dag.py:3096} INFO - Sync 1 DAGs
[2025-08-19T03:22:38.913+0000] {logging_mixin.py:188} INFO - [2025-08-19T03:22:38.913+0000] {dag.py:3954} INFO - Setting next_dagrun for example_task_group_decorator to 2025-08-18 00:00:00+00:00, run_after=2025-08-19 00:00:00+00:00
[2025-08-19T03:22:38.937+0000] {processor.py:183} INFO - Processing /home/airflow/.local/lib/python3.12/site-packages/airflow/example_dags/example_task_group_decorator.py took 0.096 seconds
[2025-08-19T03:23:09.289+0000] {processor.py:161} INFO - Started process (PID=23604) to work on /home/airflow/.local/lib/python3.12/site-packages/airflow/example_dags/example_task_group_decorator.py
[2025-08-19T03:23:09.291+0000] {processor.py:830} INFO - Processing file /home/airflow/.local/lib/python3.12/site-packages/airflow/example_dags/example_task_group_decorator.py for tasks to queue
[2025-08-19T03:23:09.293+0000] {logging_mixin.py:188} INFO - [2025-08-19T03:23:09.292+0000] {dagbag.py:545} INFO - Filling up the DagBag from /home/airflow/.local/lib/python3.12/site-packages/airflow/example_dags/example_task_group_decorator.py
[2025-08-19T03:23:09.311+0000] {processor.py:840} INFO - DAG(s) 'example_task_group_decorator' retrieved from /home/airflow/.local/lib/python3.12/site-packages/airflow/example_dags/example_task_group_decorator.py
[2025-08-19T03:23:09.339+0000] {logging_mixin.py:188} INFO - [2025-08-19T03:23:09.338+0000] {dag.py:3096} INFO - Sync 1 DAGs
[2025-08-19T03:23:09.362+0000] {logging_mixin.py:188} INFO - [2025-08-19T03:23:09.361+0000] {dag.py:3954} INFO - Setting next_dagrun for example_task_group_decorator to 2025-08-18 00:00:00+00:00, run_after=2025-08-19 00:00:00+00:00
[2025-08-19T03:23:09.392+0000] {processor.py:183} INFO - Processing /home/airflow/.local/lib/python3.12/site-packages/airflow/example_dags/example_task_group_decorator.py took 0.111 seconds
[2025-08-19T03:23:39.592+0000] {processor.py:161} INFO - Started process (PID=23657) to work on /home/airflow/.local/lib/python3.12/site-packages/airflow/example_dags/example_task_group_decorator.py
[2025-08-19T03:23:39.594+0000] {processor.py:830} INFO - Processing file /home/airflow/.local/lib/python3.12/site-packages/airflow/example_dags/example_task_group_decorator.py for tasks to queue
[2025-08-19T03:23:39.596+0000] {logging_mixin.py:188} INFO - [2025-08-19T03:23:39.595+0000] {dagbag.py:545} INFO - Filling up the DagBag from /home/airflow/.local/lib/python3.12/site-packages/airflow/example_dags/example_task_group_decorator.py
[2025-08-19T03:23:39.612+0000] {processor.py:840} INFO - DAG(s) 'example_task_group_decorator' retrieved from /home/airflow/.local/lib/python3.12/site-packages/airflow/example_dags/example_task_group_decorator.py
[2025-08-19T03:23:39.638+0000] {logging_mixin.py:188} INFO - [2025-08-19T03:23:39.638+0000] {dag.py:3096} INFO - Sync 1 DAGs
[2025-08-19T03:23:39.660+0000] {logging_mixin.py:188} INFO - [2025-08-19T03:23:39.660+0000] {dag.py:3954} INFO - Setting next_dagrun for example_task_group_decorator to 2025-08-18 00:00:00+00:00, run_after=2025-08-19 00:00:00+00:00
[2025-08-19T03:23:39.692+0000] {processor.py:183} INFO - Processing /home/airflow/.local/lib/python3.12/site-packages/airflow/example_dags/example_task_group_decorator.py took 0.107 seconds
[2025-08-19T03:24:10.282+0000] {processor.py:161} INFO - Started process (PID=23710) to work on /home/airflow/.local/lib/python3.12/site-packages/airflow/example_dags/example_task_group_decorator.py
[2025-08-19T03:24:10.283+0000] {processor.py:830} INFO - Processing file /home/airflow/.local/lib/python3.12/site-packages/airflow/example_dags/example_task_group_decorator.py for tasks to queue
[2025-08-19T03:24:10.286+0000] {logging_mixin.py:188} INFO - [2025-08-19T03:24:10.285+0000] {dagbag.py:545} INFO - Filling up the DagBag from /home/airflow/.local/lib/python3.12/site-packages/airflow/example_dags/example_task_group_decorator.py
[2025-08-19T03:24:10.300+0000] {processor.py:840} INFO - DAG(s) 'example_task_group_decorator' retrieved from /home/airflow/.local/lib/python3.12/site-packages/airflow/example_dags/example_task_group_decorator.py
[2025-08-19T03:24:10.325+0000] {logging_mixin.py:188} INFO - [2025-08-19T03:24:10.325+0000] {dag.py:3096} INFO - Sync 1 DAGs
[2025-08-19T03:24:10.347+0000] {logging_mixin.py:188} INFO - [2025-08-19T03:24:10.347+0000] {dag.py:3954} INFO - Setting next_dagrun for example_task_group_decorator to 2025-08-18 00:00:00+00:00, run_after=2025-08-19 00:00:00+00:00
[2025-08-19T03:24:10.372+0000] {processor.py:183} INFO - Processing /home/airflow/.local/lib/python3.12/site-packages/airflow/example_dags/example_task_group_decorator.py took 0.099 seconds
[2025-08-19T03:24:40.860+0000] {processor.py:161} INFO - Started process (PID=23763) to work on /home/airflow/.local/lib/python3.12/site-packages/airflow/example_dags/example_task_group_decorator.py
[2025-08-19T03:24:40.862+0000] {processor.py:830} INFO - Processing file /home/airflow/.local/lib/python3.12/site-packages/airflow/example_dags/example_task_group_decorator.py for tasks to queue
[2025-08-19T03:24:40.864+0000] {logging_mixin.py:188} INFO - [2025-08-19T03:24:40.864+0000] {dagbag.py:545} INFO - Filling up the DagBag from /home/airflow/.local/lib/python3.12/site-packages/airflow/example_dags/example_task_group_decorator.py
[2025-08-19T03:24:40.882+0000] {processor.py:840} INFO - DAG(s) 'example_task_group_decorator' retrieved from /home/airflow/.local/lib/python3.12/site-packages/airflow/example_dags/example_task_group_decorator.py
[2025-08-19T03:24:40.910+0000] {logging_mixin.py:188} INFO - [2025-08-19T03:24:40.909+0000] {dag.py:3096} INFO - Sync 1 DAGs
[2025-08-19T03:24:40.932+0000] {logging_mixin.py:188} INFO - [2025-08-19T03:24:40.932+0000] {dag.py:3954} INFO - Setting next_dagrun for example_task_group_decorator to 2025-08-18 00:00:00+00:00, run_after=2025-08-19 00:00:00+00:00
[2025-08-19T03:24:40.967+0000] {processor.py:183} INFO - Processing /home/airflow/.local/lib/python3.12/site-packages/airflow/example_dags/example_task_group_decorator.py took 0.118 seconds
[2025-08-19T03:25:11.540+0000] {processor.py:161} INFO - Started process (PID=23816) to work on /home/airflow/.local/lib/python3.12/site-packages/airflow/example_dags/example_task_group_decorator.py
[2025-08-19T03:25:11.542+0000] {processor.py:830} INFO - Processing file /home/airflow/.local/lib/python3.12/site-packages/airflow/example_dags/example_task_group_decorator.py for tasks to queue
[2025-08-19T03:25:11.544+0000] {logging_mixin.py:188} INFO - [2025-08-19T03:25:11.543+0000] {dagbag.py:545} INFO - Filling up the DagBag from /home/airflow/.local/lib/python3.12/site-packages/airflow/example_dags/example_task_group_decorator.py
[2025-08-19T03:25:11.562+0000] {processor.py:840} INFO - DAG(s) 'example_task_group_decorator' retrieved from /home/airflow/.local/lib/python3.12/site-packages/airflow/example_dags/example_task_group_decorator.py
[2025-08-19T03:25:11.589+0000] {logging_mixin.py:188} INFO - [2025-08-19T03:25:11.588+0000] {dag.py:3096} INFO - Sync 1 DAGs
[2025-08-19T03:25:11.612+0000] {logging_mixin.py:188} INFO - [2025-08-19T03:25:11.612+0000] {dag.py:3954} INFO - Setting next_dagrun for example_task_group_decorator to 2025-08-18 00:00:00+00:00, run_after=2025-08-19 00:00:00+00:00
[2025-08-19T03:25:11.639+0000] {processor.py:183} INFO - Processing /home/airflow/.local/lib/python3.12/site-packages/airflow/example_dags/example_task_group_decorator.py took 0.107 seconds
[2025-08-19T03:25:42.055+0000] {processor.py:161} INFO - Started process (PID=23869) to work on /home/airflow/.local/lib/python3.12/site-packages/airflow/example_dags/example_task_group_decorator.py
[2025-08-19T03:25:42.057+0000] {processor.py:830} INFO - Processing file /home/airflow/.local/lib/python3.12/site-packages/airflow/example_dags/example_task_group_decorator.py for tasks to queue
[2025-08-19T03:25:42.059+0000] {logging_mixin.py:188} INFO - [2025-08-19T03:25:42.059+0000] {dagbag.py:545} INFO - Filling up the DagBag from /home/airflow/.local/lib/python3.12/site-packages/airflow/example_dags/example_task_group_decorator.py
[2025-08-19T03:25:42.077+0000] {processor.py:840} INFO - DAG(s) 'example_task_group_decorator' retrieved from /home/airflow/.local/lib/python3.12/site-packages/airflow/example_dags/example_task_group_decorator.py
[2025-08-19T03:25:42.106+0000] {logging_mixin.py:188} INFO - [2025-08-19T03:25:42.105+0000] {dag.py:3096} INFO - Sync 1 DAGs
[2025-08-19T03:25:42.138+0000] {logging_mixin.py:188} INFO - [2025-08-19T03:25:42.138+0000] {dag.py:3954} INFO - Setting next_dagrun for example_task_group_decorator to 2025-08-18 00:00:00+00:00, run_after=2025-08-19 00:00:00+00:00
[2025-08-19T03:25:42.159+0000] {processor.py:183} INFO - Processing /home/airflow/.local/lib/python3.12/site-packages/airflow/example_dags/example_task_group_decorator.py took 0.115 seconds
[2025-08-19T03:26:12.366+0000] {processor.py:161} INFO - Started process (PID=23922) to work on /home/airflow/.local/lib/python3.12/site-packages/airflow/example_dags/example_task_group_decorator.py
[2025-08-19T03:26:12.368+0000] {processor.py:830} INFO - Processing file /home/airflow/.local/lib/python3.12/site-packages/airflow/example_dags/example_task_group_decorator.py for tasks to queue
[2025-08-19T03:26:12.369+0000] {logging_mixin.py:188} INFO - [2025-08-19T03:26:12.369+0000] {dagbag.py:545} INFO - Filling up the DagBag from /home/airflow/.local/lib/python3.12/site-packages/airflow/example_dags/example_task_group_decorator.py
[2025-08-19T03:26:12.384+0000] {processor.py:840} INFO - DAG(s) 'example_task_group_decorator' retrieved from /home/airflow/.local/lib/python3.12/site-packages/airflow/example_dags/example_task_group_decorator.py
[2025-08-19T03:26:12.410+0000] {logging_mixin.py:188} INFO - [2025-08-19T03:26:12.410+0000] {dag.py:3096} INFO - Sync 1 DAGs
[2025-08-19T03:26:12.434+0000] {logging_mixin.py:188} INFO - [2025-08-19T03:26:12.433+0000] {dag.py:3954} INFO - Setting next_dagrun for example_task_group_decorator to 2025-08-18 00:00:00+00:00, run_after=2025-08-19 00:00:00+00:00
[2025-08-19T03:26:12.457+0000] {processor.py:183} INFO - Processing /home/airflow/.local/lib/python3.12/site-packages/airflow/example_dags/example_task_group_decorator.py took 0.097 seconds
[2025-08-19T03:26:42.722+0000] {processor.py:161} INFO - Started process (PID=23975) to work on /home/airflow/.local/lib/python3.12/site-packages/airflow/example_dags/example_task_group_decorator.py
[2025-08-19T03:26:42.723+0000] {processor.py:830} INFO - Processing file /home/airflow/.local/lib/python3.12/site-packages/airflow/example_dags/example_task_group_decorator.py for tasks to queue
[2025-08-19T03:26:42.724+0000] {logging_mixin.py:188} INFO - [2025-08-19T03:26:42.724+0000] {dagbag.py:545} INFO - Filling up the DagBag from /home/airflow/.local/lib/python3.12/site-packages/airflow/example_dags/example_task_group_decorator.py
[2025-08-19T03:26:42.740+0000] {processor.py:840} INFO - DAG(s) 'example_task_group_decorator' retrieved from /home/airflow/.local/lib/python3.12/site-packages/airflow/example_dags/example_task_group_decorator.py
[2025-08-19T03:26:42.774+0000] {logging_mixin.py:188} INFO - [2025-08-19T03:26:42.774+0000] {dag.py:3096} INFO - Sync 1 DAGs
[2025-08-19T03:26:42.799+0000] {logging_mixin.py:188} INFO - [2025-08-19T03:26:42.799+0000] {dag.py:3954} INFO - Setting next_dagrun for example_task_group_decorator to 2025-08-18 00:00:00+00:00, run_after=2025-08-19 00:00:00+00:00
[2025-08-19T03:26:42.820+0000] {processor.py:183} INFO - Processing /home/airflow/.local/lib/python3.12/site-packages/airflow/example_dags/example_task_group_decorator.py took 0.105 seconds
[2025-08-19T03:27:13.267+0000] {processor.py:161} INFO - Started process (PID=24028) to work on /home/airflow/.local/lib/python3.12/site-packages/airflow/example_dags/example_task_group_decorator.py
[2025-08-19T03:27:13.269+0000] {processor.py:830} INFO - Processing file /home/airflow/.local/lib/python3.12/site-packages/airflow/example_dags/example_task_group_decorator.py for tasks to queue
[2025-08-19T03:27:13.271+0000] {logging_mixin.py:188} INFO - [2025-08-19T03:27:13.271+0000] {dagbag.py:545} INFO - Filling up the DagBag from /home/airflow/.local/lib/python3.12/site-packages/airflow/example_dags/example_task_group_decorator.py
[2025-08-19T03:27:13.288+0000] {processor.py:840} INFO - DAG(s) 'example_task_group_decorator' retrieved from /home/airflow/.local/lib/python3.12/site-packages/airflow/example_dags/example_task_group_decorator.py
[2025-08-19T03:27:13.315+0000] {logging_mixin.py:188} INFO - [2025-08-19T03:27:13.315+0000] {dag.py:3096} INFO - Sync 1 DAGs
[2025-08-19T03:27:13.336+0000] {logging_mixin.py:188} INFO - [2025-08-19T03:27:13.336+0000] {dag.py:3954} INFO - Setting next_dagrun for example_task_group_decorator to 2025-08-18 00:00:00+00:00, run_after=2025-08-19 00:00:00+00:00
[2025-08-19T03:27:13.361+0000] {processor.py:183} INFO - Processing /home/airflow/.local/lib/python3.12/site-packages/airflow/example_dags/example_task_group_decorator.py took 0.104 seconds
[2025-08-19T03:27:43.783+0000] {processor.py:161} INFO - Started process (PID=24081) to work on /home/airflow/.local/lib/python3.12/site-packages/airflow/example_dags/example_task_group_decorator.py
[2025-08-19T03:27:43.785+0000] {processor.py:830} INFO - Processing file /home/airflow/.local/lib/python3.12/site-packages/airflow/example_dags/example_task_group_decorator.py for tasks to queue
[2025-08-19T03:27:43.786+0000] {logging_mixin.py:188} INFO - [2025-08-19T03:27:43.785+0000] {dagbag.py:545} INFO - Filling up the DagBag from /home/airflow/.local/lib/python3.12/site-packages/airflow/example_dags/example_task_group_decorator.py
[2025-08-19T03:27:43.801+0000] {processor.py:840} INFO - DAG(s) 'example_task_group_decorator' retrieved from /home/airflow/.local/lib/python3.12/site-packages/airflow/example_dags/example_task_group_decorator.py
[2025-08-19T03:27:43.830+0000] {logging_mixin.py:188} INFO - [2025-08-19T03:27:43.830+0000] {dag.py:3096} INFO - Sync 1 DAGs
[2025-08-19T03:27:43.853+0000] {logging_mixin.py:188} INFO - [2025-08-19T03:27:43.853+0000] {dag.py:3954} INFO - Setting next_dagrun for example_task_group_decorator to 2025-08-18 00:00:00+00:00, run_after=2025-08-19 00:00:00+00:00
[2025-08-19T03:27:43.874+0000] {processor.py:183} INFO - Processing /home/airflow/.local/lib/python3.12/site-packages/airflow/example_dags/example_task_group_decorator.py took 0.098 seconds
[2025-08-19T03:28:14.222+0000] {processor.py:161} INFO - Started process (PID=24134) to work on /home/airflow/.local/lib/python3.12/site-packages/airflow/example_dags/example_task_group_decorator.py
[2025-08-19T03:28:14.224+0000] {processor.py:830} INFO - Processing file /home/airflow/.local/lib/python3.12/site-packages/airflow/example_dags/example_task_group_decorator.py for tasks to queue
[2025-08-19T03:28:14.225+0000] {logging_mixin.py:188} INFO - [2025-08-19T03:28:14.225+0000] {dagbag.py:545} INFO - Filling up the DagBag from /home/airflow/.local/lib/python3.12/site-packages/airflow/example_dags/example_task_group_decorator.py
[2025-08-19T03:28:14.243+0000] {processor.py:840} INFO - DAG(s) 'example_task_group_decorator' retrieved from /home/airflow/.local/lib/python3.12/site-packages/airflow/example_dags/example_task_group_decorator.py
[2025-08-19T03:28:14.268+0000] {logging_mixin.py:188} INFO - [2025-08-19T03:28:14.267+0000] {dag.py:3096} INFO - Sync 1 DAGs
[2025-08-19T03:28:14.289+0000] {logging_mixin.py:188} INFO - [2025-08-19T03:28:14.289+0000] {dag.py:3954} INFO - Setting next_dagrun for example_task_group_decorator to 2025-08-18 00:00:00+00:00, run_after=2025-08-19 00:00:00+00:00
[2025-08-19T03:28:14.324+0000] {processor.py:183} INFO - Processing /home/airflow/.local/lib/python3.12/site-packages/airflow/example_dags/example_task_group_decorator.py took 0.109 seconds
[2025-08-19T03:28:44.688+0000] {processor.py:161} INFO - Started process (PID=24187) to work on /home/airflow/.local/lib/python3.12/site-packages/airflow/example_dags/example_task_group_decorator.py
[2025-08-19T03:28:44.691+0000] {processor.py:830} INFO - Processing file /home/airflow/.local/lib/python3.12/site-packages/airflow/example_dags/example_task_group_decorator.py for tasks to queue
[2025-08-19T03:28:44.692+0000] {logging_mixin.py:188} INFO - [2025-08-19T03:28:44.692+0000] {dagbag.py:545} INFO - Filling up the DagBag from /home/airflow/.local/lib/python3.12/site-packages/airflow/example_dags/example_task_group_decorator.py
[2025-08-19T03:28:44.708+0000] {processor.py:840} INFO - DAG(s) 'example_task_group_decorator' retrieved from /home/airflow/.local/lib/python3.12/site-packages/airflow/example_dags/example_task_group_decorator.py
[2025-08-19T03:28:44.734+0000] {logging_mixin.py:188} INFO - [2025-08-19T03:28:44.733+0000] {dag.py:3096} INFO - Sync 1 DAGs
[2025-08-19T03:28:44.759+0000] {logging_mixin.py:188} INFO - [2025-08-19T03:28:44.759+0000] {dag.py:3954} INFO - Setting next_dagrun for example_task_group_decorator to 2025-08-18 00:00:00+00:00, run_after=2025-08-19 00:00:00+00:00
[2025-08-19T03:28:44.790+0000] {processor.py:183} INFO - Processing /home/airflow/.local/lib/python3.12/site-packages/airflow/example_dags/example_task_group_decorator.py took 0.110 seconds
[2025-08-19T03:29:15.048+0000] {processor.py:161} INFO - Started process (PID=24240) to work on /home/airflow/.local/lib/python3.12/site-packages/airflow/example_dags/example_task_group_decorator.py
[2025-08-19T03:29:15.051+0000] {processor.py:830} INFO - Processing file /home/airflow/.local/lib/python3.12/site-packages/airflow/example_dags/example_task_group_decorator.py for tasks to queue
[2025-08-19T03:29:15.052+0000] {logging_mixin.py:188} INFO - [2025-08-19T03:29:15.052+0000] {dagbag.py:545} INFO - Filling up the DagBag from /home/airflow/.local/lib/python3.12/site-packages/airflow/example_dags/example_task_group_decorator.py
[2025-08-19T03:29:15.068+0000] {processor.py:840} INFO - DAG(s) 'example_task_group_decorator' retrieved from /home/airflow/.local/lib/python3.12/site-packages/airflow/example_dags/example_task_group_decorator.py
[2025-08-19T03:29:15.093+0000] {logging_mixin.py:188} INFO - [2025-08-19T03:29:15.092+0000] {dag.py:3096} INFO - Sync 1 DAGs
[2025-08-19T03:29:15.116+0000] {logging_mixin.py:188} INFO - [2025-08-19T03:29:15.116+0000] {dag.py:3954} INFO - Setting next_dagrun for example_task_group_decorator to 2025-08-18 00:00:00+00:00, run_after=2025-08-19 00:00:00+00:00
[2025-08-19T03:29:15.139+0000] {processor.py:183} INFO - Processing /home/airflow/.local/lib/python3.12/site-packages/airflow/example_dags/example_task_group_decorator.py took 0.100 seconds
[2025-08-19T03:29:45.329+0000] {processor.py:161} INFO - Started process (PID=24293) to work on /home/airflow/.local/lib/python3.12/site-packages/airflow/example_dags/example_task_group_decorator.py
[2025-08-19T03:29:45.332+0000] {processor.py:830} INFO - Processing file /home/airflow/.local/lib/python3.12/site-packages/airflow/example_dags/example_task_group_decorator.py for tasks to queue
[2025-08-19T03:29:45.334+0000] {logging_mixin.py:188} INFO - [2025-08-19T03:29:45.334+0000] {dagbag.py:545} INFO - Filling up the DagBag from /home/airflow/.local/lib/python3.12/site-packages/airflow/example_dags/example_task_group_decorator.py
[2025-08-19T03:29:45.357+0000] {processor.py:840} INFO - DAG(s) 'example_task_group_decorator' retrieved from /home/airflow/.local/lib/python3.12/site-packages/airflow/example_dags/example_task_group_decorator.py
[2025-08-19T03:29:45.385+0000] {logging_mixin.py:188} INFO - [2025-08-19T03:29:45.384+0000] {dag.py:3096} INFO - Sync 1 DAGs
[2025-08-19T03:29:45.409+0000] {logging_mixin.py:188} INFO - [2025-08-19T03:29:45.409+0000] {dag.py:3954} INFO - Setting next_dagrun for example_task_group_decorator to 2025-08-18 00:00:00+00:00, run_after=2025-08-19 00:00:00+00:00
[2025-08-19T03:29:45.454+0000] {processor.py:183} INFO - Processing /home/airflow/.local/lib/python3.12/site-packages/airflow/example_dags/example_task_group_decorator.py took 0.135 seconds
[2025-08-19T03:30:15.893+0000] {processor.py:161} INFO - Started process (PID=24346) to work on /home/airflow/.local/lib/python3.12/site-packages/airflow/example_dags/example_task_group_decorator.py
[2025-08-19T03:30:15.895+0000] {processor.py:830} INFO - Processing file /home/airflow/.local/lib/python3.12/site-packages/airflow/example_dags/example_task_group_decorator.py for tasks to queue
[2025-08-19T03:30:15.897+0000] {logging_mixin.py:188} INFO - [2025-08-19T03:30:15.896+0000] {dagbag.py:545} INFO - Filling up the DagBag from /home/airflow/.local/lib/python3.12/site-packages/airflow/example_dags/example_task_group_decorator.py
[2025-08-19T03:30:15.914+0000] {processor.py:840} INFO - DAG(s) 'example_task_group_decorator' retrieved from /home/airflow/.local/lib/python3.12/site-packages/airflow/example_dags/example_task_group_decorator.py
[2025-08-19T03:30:15.943+0000] {logging_mixin.py:188} INFO - [2025-08-19T03:30:15.943+0000] {dag.py:3096} INFO - Sync 1 DAGs
[2025-08-19T03:30:15.966+0000] {logging_mixin.py:188} INFO - [2025-08-19T03:30:15.965+0000] {dag.py:3954} INFO - Setting next_dagrun for example_task_group_decorator to 2025-08-18 00:00:00+00:00, run_after=2025-08-19 00:00:00+00:00
[2025-08-19T03:30:15.991+0000] {processor.py:183} INFO - Processing /home/airflow/.local/lib/python3.12/site-packages/airflow/example_dags/example_task_group_decorator.py took 0.106 seconds
[2025-08-19T03:30:46.417+0000] {processor.py:161} INFO - Started process (PID=24399) to work on /home/airflow/.local/lib/python3.12/site-packages/airflow/example_dags/example_task_group_decorator.py
[2025-08-19T03:30:46.420+0000] {processor.py:830} INFO - Processing file /home/airflow/.local/lib/python3.12/site-packages/airflow/example_dags/example_task_group_decorator.py for tasks to queue
[2025-08-19T03:30:46.422+0000] {logging_mixin.py:188} INFO - [2025-08-19T03:30:46.422+0000] {dagbag.py:545} INFO - Filling up the DagBag from /home/airflow/.local/lib/python3.12/site-packages/airflow/example_dags/example_task_group_decorator.py
[2025-08-19T03:30:46.448+0000] {processor.py:840} INFO - DAG(s) 'example_task_group_decorator' retrieved from /home/airflow/.local/lib/python3.12/site-packages/airflow/example_dags/example_task_group_decorator.py
[2025-08-19T03:30:46.487+0000] {logging_mixin.py:188} INFO - [2025-08-19T03:30:46.487+0000] {dag.py:3096} INFO - Sync 1 DAGs
[2025-08-19T03:30:46.516+0000] {logging_mixin.py:188} INFO - [2025-08-19T03:30:46.516+0000] {dag.py:3954} INFO - Setting next_dagrun for example_task_group_decorator to 2025-08-18 00:00:00+00:00, run_after=2025-08-19 00:00:00+00:00
[2025-08-19T03:30:46.549+0000] {processor.py:183} INFO - Processing /home/airflow/.local/lib/python3.12/site-packages/airflow/example_dags/example_task_group_decorator.py took 0.144 seconds
[2025-08-19T03:31:17.042+0000] {processor.py:161} INFO - Started process (PID=24452) to work on /home/airflow/.local/lib/python3.12/site-packages/airflow/example_dags/example_task_group_decorator.py
[2025-08-19T03:31:17.045+0000] {processor.py:830} INFO - Processing file /home/airflow/.local/lib/python3.12/site-packages/airflow/example_dags/example_task_group_decorator.py for tasks to queue
[2025-08-19T03:31:17.047+0000] {logging_mixin.py:188} INFO - [2025-08-19T03:31:17.047+0000] {dagbag.py:545} INFO - Filling up the DagBag from /home/airflow/.local/lib/python3.12/site-packages/airflow/example_dags/example_task_group_decorator.py
[2025-08-19T03:31:17.070+0000] {processor.py:840} INFO - DAG(s) 'example_task_group_decorator' retrieved from /home/airflow/.local/lib/python3.12/site-packages/airflow/example_dags/example_task_group_decorator.py
[2025-08-19T03:31:17.097+0000] {logging_mixin.py:188} INFO - [2025-08-19T03:31:17.096+0000] {dag.py:3096} INFO - Sync 1 DAGs
[2025-08-19T03:31:17.119+0000] {logging_mixin.py:188} INFO - [2025-08-19T03:31:17.119+0000] {dag.py:3954} INFO - Setting next_dagrun for example_task_group_decorator to 2025-08-18 00:00:00+00:00, run_after=2025-08-19 00:00:00+00:00
[2025-08-19T03:31:17.144+0000] {processor.py:183} INFO - Processing /home/airflow/.local/lib/python3.12/site-packages/airflow/example_dags/example_task_group_decorator.py took 0.109 seconds
[2025-08-19T03:31:47.422+0000] {processor.py:161} INFO - Started process (PID=24505) to work on /home/airflow/.local/lib/python3.12/site-packages/airflow/example_dags/example_task_group_decorator.py
[2025-08-19T03:31:47.423+0000] {processor.py:830} INFO - Processing file /home/airflow/.local/lib/python3.12/site-packages/airflow/example_dags/example_task_group_decorator.py for tasks to queue
[2025-08-19T03:31:47.426+0000] {logging_mixin.py:188} INFO - [2025-08-19T03:31:47.425+0000] {dagbag.py:545} INFO - Filling up the DagBag from /home/airflow/.local/lib/python3.12/site-packages/airflow/example_dags/example_task_group_decorator.py
[2025-08-19T03:31:47.443+0000] {processor.py:840} INFO - DAG(s) 'example_task_group_decorator' retrieved from /home/airflow/.local/lib/python3.12/site-packages/airflow/example_dags/example_task_group_decorator.py
[2025-08-19T03:31:47.472+0000] {logging_mixin.py:188} INFO - [2025-08-19T03:31:47.472+0000] {dag.py:3096} INFO - Sync 1 DAGs
[2025-08-19T03:31:47.495+0000] {logging_mixin.py:188} INFO - [2025-08-19T03:31:47.494+0000] {dag.py:3954} INFO - Setting next_dagrun for example_task_group_decorator to 2025-08-18 00:00:00+00:00, run_after=2025-08-19 00:00:00+00:00
[2025-08-19T03:31:47.524+0000] {processor.py:183} INFO - Processing /home/airflow/.local/lib/python3.12/site-packages/airflow/example_dags/example_task_group_decorator.py took 0.112 seconds
[2025-08-19T03:32:18.513+0000] {processor.py:161} INFO - Started process (PID=24558) to work on /home/airflow/.local/lib/python3.12/site-packages/airflow/example_dags/example_task_group_decorator.py
[2025-08-19T03:32:18.515+0000] {processor.py:830} INFO - Processing file /home/airflow/.local/lib/python3.12/site-packages/airflow/example_dags/example_task_group_decorator.py for tasks to queue
[2025-08-19T03:32:18.517+0000] {logging_mixin.py:188} INFO - [2025-08-19T03:32:18.517+0000] {dagbag.py:545} INFO - Filling up the DagBag from /home/airflow/.local/lib/python3.12/site-packages/airflow/example_dags/example_task_group_decorator.py
[2025-08-19T03:32:18.538+0000] {processor.py:840} INFO - DAG(s) 'example_task_group_decorator' retrieved from /home/airflow/.local/lib/python3.12/site-packages/airflow/example_dags/example_task_group_decorator.py
[2025-08-19T03:32:18.580+0000] {logging_mixin.py:188} INFO - [2025-08-19T03:32:18.579+0000] {dag.py:3096} INFO - Sync 1 DAGs
[2025-08-19T03:32:18.607+0000] {logging_mixin.py:188} INFO - [2025-08-19T03:32:18.607+0000] {dag.py:3954} INFO - Setting next_dagrun for example_task_group_decorator to 2025-08-18 00:00:00+00:00, run_after=2025-08-19 00:00:00+00:00
[2025-08-19T03:32:18.647+0000] {processor.py:183} INFO - Processing /home/airflow/.local/lib/python3.12/site-packages/airflow/example_dags/example_task_group_decorator.py took 0.143 seconds
[2025-08-19T03:32:48.890+0000] {processor.py:161} INFO - Started process (PID=24612) to work on /home/airflow/.local/lib/python3.12/site-packages/airflow/example_dags/example_task_group_decorator.py
[2025-08-19T03:32:48.891+0000] {processor.py:830} INFO - Processing file /home/airflow/.local/lib/python3.12/site-packages/airflow/example_dags/example_task_group_decorator.py for tasks to queue
[2025-08-19T03:32:48.894+0000] {logging_mixin.py:188} INFO - [2025-08-19T03:32:48.894+0000] {dagbag.py:545} INFO - Filling up the DagBag from /home/airflow/.local/lib/python3.12/site-packages/airflow/example_dags/example_task_group_decorator.py
[2025-08-19T03:32:48.912+0000] {processor.py:840} INFO - DAG(s) 'example_task_group_decorator' retrieved from /home/airflow/.local/lib/python3.12/site-packages/airflow/example_dags/example_task_group_decorator.py
[2025-08-19T03:32:48.950+0000] {logging_mixin.py:188} INFO - [2025-08-19T03:32:48.949+0000] {dag.py:3096} INFO - Sync 1 DAGs
[2025-08-19T03:32:48.983+0000] {logging_mixin.py:188} INFO - [2025-08-19T03:32:48.982+0000] {dag.py:3954} INFO - Setting next_dagrun for example_task_group_decorator to 2025-08-18 00:00:00+00:00, run_after=2025-08-19 00:00:00+00:00
[2025-08-19T03:32:49.021+0000] {processor.py:183} INFO - Processing /home/airflow/.local/lib/python3.12/site-packages/airflow/example_dags/example_task_group_decorator.py took 0.137 seconds
[2025-08-19T03:33:19.306+0000] {processor.py:161} INFO - Started process (PID=24665) to work on /home/airflow/.local/lib/python3.12/site-packages/airflow/example_dags/example_task_group_decorator.py
[2025-08-19T03:33:19.308+0000] {processor.py:830} INFO - Processing file /home/airflow/.local/lib/python3.12/site-packages/airflow/example_dags/example_task_group_decorator.py for tasks to queue
[2025-08-19T03:33:19.310+0000] {logging_mixin.py:188} INFO - [2025-08-19T03:33:19.310+0000] {dagbag.py:545} INFO - Filling up the DagBag from /home/airflow/.local/lib/python3.12/site-packages/airflow/example_dags/example_task_group_decorator.py
[2025-08-19T03:33:19.332+0000] {processor.py:840} INFO - DAG(s) 'example_task_group_decorator' retrieved from /home/airflow/.local/lib/python3.12/site-packages/airflow/example_dags/example_task_group_decorator.py
[2025-08-19T03:33:19.385+0000] {logging_mixin.py:188} INFO - [2025-08-19T03:33:19.385+0000] {dag.py:3096} INFO - Sync 1 DAGs
[2025-08-19T03:33:19.430+0000] {logging_mixin.py:188} INFO - [2025-08-19T03:33:19.430+0000] {dag.py:3954} INFO - Setting next_dagrun for example_task_group_decorator to 2025-08-18 00:00:00+00:00, run_after=2025-08-19 00:00:00+00:00
[2025-08-19T03:33:19.477+0000] {processor.py:183} INFO - Processing /home/airflow/.local/lib/python3.12/site-packages/airflow/example_dags/example_task_group_decorator.py took 0.180 seconds
[2025-08-19T03:33:49.635+0000] {processor.py:161} INFO - Started process (PID=24718) to work on /home/airflow/.local/lib/python3.12/site-packages/airflow/example_dags/example_task_group_decorator.py
[2025-08-19T03:33:49.637+0000] {processor.py:830} INFO - Processing file /home/airflow/.local/lib/python3.12/site-packages/airflow/example_dags/example_task_group_decorator.py for tasks to queue
[2025-08-19T03:33:49.638+0000] {logging_mixin.py:188} INFO - [2025-08-19T03:33:49.638+0000] {dagbag.py:545} INFO - Filling up the DagBag from /home/airflow/.local/lib/python3.12/site-packages/airflow/example_dags/example_task_group_decorator.py
[2025-08-19T03:33:49.658+0000] {processor.py:840} INFO - DAG(s) 'example_task_group_decorator' retrieved from /home/airflow/.local/lib/python3.12/site-packages/airflow/example_dags/example_task_group_decorator.py
[2025-08-19T03:33:49.694+0000] {logging_mixin.py:188} INFO - [2025-08-19T03:33:49.694+0000] {dag.py:3096} INFO - Sync 1 DAGs
[2025-08-19T03:33:49.721+0000] {logging_mixin.py:188} INFO - [2025-08-19T03:33:49.720+0000] {dag.py:3954} INFO - Setting next_dagrun for example_task_group_decorator to 2025-08-18 00:00:00+00:00, run_after=2025-08-19 00:00:00+00:00
[2025-08-19T03:33:49.759+0000] {processor.py:183} INFO - Processing /home/airflow/.local/lib/python3.12/site-packages/airflow/example_dags/example_task_group_decorator.py took 0.131 seconds
[2025-08-19T03:34:19.912+0000] {processor.py:161} INFO - Started process (PID=24771) to work on /home/airflow/.local/lib/python3.12/site-packages/airflow/example_dags/example_task_group_decorator.py
[2025-08-19T03:34:19.913+0000] {processor.py:830} INFO - Processing file /home/airflow/.local/lib/python3.12/site-packages/airflow/example_dags/example_task_group_decorator.py for tasks to queue
[2025-08-19T03:34:19.915+0000] {logging_mixin.py:188} INFO - [2025-08-19T03:34:19.914+0000] {dagbag.py:545} INFO - Filling up the DagBag from /home/airflow/.local/lib/python3.12/site-packages/airflow/example_dags/example_task_group_decorator.py
[2025-08-19T03:34:19.929+0000] {processor.py:840} INFO - DAG(s) 'example_task_group_decorator' retrieved from /home/airflow/.local/lib/python3.12/site-packages/airflow/example_dags/example_task_group_decorator.py
[2025-08-19T03:34:19.956+0000] {logging_mixin.py:188} INFO - [2025-08-19T03:34:19.955+0000] {dag.py:3096} INFO - Sync 1 DAGs
[2025-08-19T03:34:19.980+0000] {logging_mixin.py:188} INFO - [2025-08-19T03:34:19.979+0000] {dag.py:3954} INFO - Setting next_dagrun for example_task_group_decorator to 2025-08-18 00:00:00+00:00, run_after=2025-08-19 00:00:00+00:00
[2025-08-19T03:34:20.009+0000] {processor.py:183} INFO - Processing /home/airflow/.local/lib/python3.12/site-packages/airflow/example_dags/example_task_group_decorator.py took 0.104 seconds
[2025-08-19T03:34:50.498+0000] {processor.py:161} INFO - Started process (PID=24824) to work on /home/airflow/.local/lib/python3.12/site-packages/airflow/example_dags/example_task_group_decorator.py
[2025-08-19T03:34:50.499+0000] {processor.py:830} INFO - Processing file /home/airflow/.local/lib/python3.12/site-packages/airflow/example_dags/example_task_group_decorator.py for tasks to queue
[2025-08-19T03:34:50.500+0000] {logging_mixin.py:188} INFO - [2025-08-19T03:34:50.500+0000] {dagbag.py:545} INFO - Filling up the DagBag from /home/airflow/.local/lib/python3.12/site-packages/airflow/example_dags/example_task_group_decorator.py
[2025-08-19T03:34:50.516+0000] {processor.py:840} INFO - DAG(s) 'example_task_group_decorator' retrieved from /home/airflow/.local/lib/python3.12/site-packages/airflow/example_dags/example_task_group_decorator.py
[2025-08-19T03:34:50.543+0000] {logging_mixin.py:188} INFO - [2025-08-19T03:34:50.543+0000] {dag.py:3096} INFO - Sync 1 DAGs
[2025-08-19T03:34:50.577+0000] {logging_mixin.py:188} INFO - [2025-08-19T03:34:50.577+0000] {dag.py:3954} INFO - Setting next_dagrun for example_task_group_decorator to 2025-08-18 00:00:00+00:00, run_after=2025-08-19 00:00:00+00:00
[2025-08-19T03:34:50.609+0000] {processor.py:183} INFO - Processing /home/airflow/.local/lib/python3.12/site-packages/airflow/example_dags/example_task_group_decorator.py took 0.118 seconds
[2025-08-19T03:35:21.559+0000] {processor.py:161} INFO - Started process (PID=24877) to work on /home/airflow/.local/lib/python3.12/site-packages/airflow/example_dags/example_task_group_decorator.py
[2025-08-19T03:35:21.567+0000] {processor.py:830} INFO - Processing file /home/airflow/.local/lib/python3.12/site-packages/airflow/example_dags/example_task_group_decorator.py for tasks to queue
[2025-08-19T03:35:21.569+0000] {logging_mixin.py:188} INFO - [2025-08-19T03:35:21.568+0000] {dagbag.py:545} INFO - Filling up the DagBag from /home/airflow/.local/lib/python3.12/site-packages/airflow/example_dags/example_task_group_decorator.py
[2025-08-19T03:35:21.613+0000] {processor.py:840} INFO - DAG(s) 'example_task_group_decorator' retrieved from /home/airflow/.local/lib/python3.12/site-packages/airflow/example_dags/example_task_group_decorator.py
[2025-08-19T03:35:21.662+0000] {logging_mixin.py:188} INFO - [2025-08-19T03:35:21.662+0000] {dag.py:3096} INFO - Sync 1 DAGs
[2025-08-19T03:35:21.711+0000] {logging_mixin.py:188} INFO - [2025-08-19T03:35:21.711+0000] {dag.py:3954} INFO - Setting next_dagrun for example_task_group_decorator to 2025-08-18 00:00:00+00:00, run_after=2025-08-19 00:00:00+00:00
[2025-08-19T03:35:21.765+0000] {processor.py:183} INFO - Processing /home/airflow/.local/lib/python3.12/site-packages/airflow/example_dags/example_task_group_decorator.py took 0.218 seconds
[2025-08-19T03:35:52.249+0000] {processor.py:161} INFO - Started process (PID=24930) to work on /home/airflow/.local/lib/python3.12/site-packages/airflow/example_dags/example_task_group_decorator.py
[2025-08-19T03:35:52.250+0000] {processor.py:830} INFO - Processing file /home/airflow/.local/lib/python3.12/site-packages/airflow/example_dags/example_task_group_decorator.py for tasks to queue
[2025-08-19T03:35:52.252+0000] {logging_mixin.py:188} INFO - [2025-08-19T03:35:52.251+0000] {dagbag.py:545} INFO - Filling up the DagBag from /home/airflow/.local/lib/python3.12/site-packages/airflow/example_dags/example_task_group_decorator.py
[2025-08-19T03:35:52.274+0000] {processor.py:840} INFO - DAG(s) 'example_task_group_decorator' retrieved from /home/airflow/.local/lib/python3.12/site-packages/airflow/example_dags/example_task_group_decorator.py
[2025-08-19T03:35:52.303+0000] {logging_mixin.py:188} INFO - [2025-08-19T03:35:52.303+0000] {dag.py:3096} INFO - Sync 1 DAGs
[2025-08-19T03:35:52.333+0000] {logging_mixin.py:188} INFO - [2025-08-19T03:35:52.332+0000] {dag.py:3954} INFO - Setting next_dagrun for example_task_group_decorator to 2025-08-18 00:00:00+00:00, run_after=2025-08-19 00:00:00+00:00
[2025-08-19T03:35:52.361+0000] {processor.py:183} INFO - Processing /home/airflow/.local/lib/python3.12/site-packages/airflow/example_dags/example_task_group_decorator.py took 0.121 seconds
[2025-08-19T03:36:22.938+0000] {processor.py:161} INFO - Started process (PID=24983) to work on /home/airflow/.local/lib/python3.12/site-packages/airflow/example_dags/example_task_group_decorator.py
[2025-08-19T03:36:22.939+0000] {processor.py:830} INFO - Processing file /home/airflow/.local/lib/python3.12/site-packages/airflow/example_dags/example_task_group_decorator.py for tasks to queue
[2025-08-19T03:36:22.940+0000] {logging_mixin.py:188} INFO - [2025-08-19T03:36:22.940+0000] {dagbag.py:545} INFO - Filling up the DagBag from /home/airflow/.local/lib/python3.12/site-packages/airflow/example_dags/example_task_group_decorator.py
[2025-08-19T03:36:22.957+0000] {processor.py:840} INFO - DAG(s) 'example_task_group_decorator' retrieved from /home/airflow/.local/lib/python3.12/site-packages/airflow/example_dags/example_task_group_decorator.py
[2025-08-19T03:36:22.986+0000] {logging_mixin.py:188} INFO - [2025-08-19T03:36:22.986+0000] {dag.py:3096} INFO - Sync 1 DAGs
[2025-08-19T03:36:23.012+0000] {logging_mixin.py:188} INFO - [2025-08-19T03:36:23.012+0000] {dag.py:3954} INFO - Setting next_dagrun for example_task_group_decorator to 2025-08-18 00:00:00+00:00, run_after=2025-08-19 00:00:00+00:00
[2025-08-19T03:36:23.040+0000] {processor.py:183} INFO - Processing /home/airflow/.local/lib/python3.12/site-packages/airflow/example_dags/example_task_group_decorator.py took 0.110 seconds
[2025-08-19T03:36:53.940+0000] {processor.py:161} INFO - Started process (PID=25036) to work on /home/airflow/.local/lib/python3.12/site-packages/airflow/example_dags/example_task_group_decorator.py
[2025-08-19T03:36:53.943+0000] {processor.py:830} INFO - Processing file /home/airflow/.local/lib/python3.12/site-packages/airflow/example_dags/example_task_group_decorator.py for tasks to queue
[2025-08-19T03:36:53.945+0000] {logging_mixin.py:188} INFO - [2025-08-19T03:36:53.945+0000] {dagbag.py:545} INFO - Filling up the DagBag from /home/airflow/.local/lib/python3.12/site-packages/airflow/example_dags/example_task_group_decorator.py
[2025-08-19T03:36:53.962+0000] {processor.py:840} INFO - DAG(s) 'example_task_group_decorator' retrieved from /home/airflow/.local/lib/python3.12/site-packages/airflow/example_dags/example_task_group_decorator.py
[2025-08-19T03:36:53.992+0000] {logging_mixin.py:188} INFO - [2025-08-19T03:36:53.991+0000] {dag.py:3096} INFO - Sync 1 DAGs
[2025-08-19T03:36:54.018+0000] {logging_mixin.py:188} INFO - [2025-08-19T03:36:54.017+0000] {dag.py:3954} INFO - Setting next_dagrun for example_task_group_decorator to 2025-08-18 00:00:00+00:00, run_after=2025-08-19 00:00:00+00:00
[2025-08-19T03:36:54.044+0000] {processor.py:183} INFO - Processing /home/airflow/.local/lib/python3.12/site-packages/airflow/example_dags/example_task_group_decorator.py took 0.112 seconds
[2025-08-19T03:37:24.928+0000] {processor.py:161} INFO - Started process (PID=25089) to work on /home/airflow/.local/lib/python3.12/site-packages/airflow/example_dags/example_task_group_decorator.py
[2025-08-19T03:37:24.930+0000] {processor.py:830} INFO - Processing file /home/airflow/.local/lib/python3.12/site-packages/airflow/example_dags/example_task_group_decorator.py for tasks to queue
[2025-08-19T03:37:24.932+0000] {logging_mixin.py:188} INFO - [2025-08-19T03:37:24.931+0000] {dagbag.py:545} INFO - Filling up the DagBag from /home/airflow/.local/lib/python3.12/site-packages/airflow/example_dags/example_task_group_decorator.py
[2025-08-19T03:37:24.948+0000] {processor.py:840} INFO - DAG(s) 'example_task_group_decorator' retrieved from /home/airflow/.local/lib/python3.12/site-packages/airflow/example_dags/example_task_group_decorator.py
[2025-08-19T03:37:24.979+0000] {logging_mixin.py:188} INFO - [2025-08-19T03:37:24.979+0000] {dag.py:3096} INFO - Sync 1 DAGs
[2025-08-19T03:37:25.007+0000] {logging_mixin.py:188} INFO - [2025-08-19T03:37:25.006+0000] {dag.py:3954} INFO - Setting next_dagrun for example_task_group_decorator to 2025-08-18 00:00:00+00:00, run_after=2025-08-19 00:00:00+00:00
[2025-08-19T03:37:25.043+0000] {processor.py:183} INFO - Processing /home/airflow/.local/lib/python3.12/site-packages/airflow/example_dags/example_task_group_decorator.py took 0.122 seconds
