[2025-08-19T03:10:06.481+0000] {processor.py:161} INFO - Started process (PID=22259) to work on /home/airflow/.local/lib/python3.12/site-packages/airflow/example_dags/example_external_task_marker_dag.py
[2025-08-19T03:10:06.484+0000] {processor.py:830} INFO - Processing file /home/airflow/.local/lib/python3.12/site-packages/airflow/example_dags/example_external_task_marker_dag.py for tasks to queue
[2025-08-19T03:10:06.487+0000] {logging_mixin.py:188} INFO - [2025-08-19T03:10:06.487+0000] {dagbag.py:545} INFO - Filling up the DagBag from /home/airflow/.local/lib/python3.12/site-packages/airflow/example_dags/example_external_task_marker_dag.py
[2025-08-19T03:10:06.503+0000] {processor.py:840} INFO - DAG(s) 'example_external_task_marker_parent', 'example_external_task_marker_child' retrieved from /home/airflow/.local/lib/python3.12/site-packages/airflow/example_dags/example_external_task_marker_dag.py
[2025-08-19T03:10:06.572+0000] {logging_mixin.py:188} INFO - [2025-08-19T03:10:06.571+0000] {dag.py:3096} INFO - Sync 2 DAGs
[2025-08-19T03:10:06.598+0000] {logging_mixin.py:188} INFO - [2025-08-19T03:10:06.597+0000] {dag.py:3954} INFO - Setting next_dagrun for example_external_task_marker_child to None, run_after=None
[2025-08-19T03:10:06.604+0000] {logging_mixin.py:188} INFO - [2025-08-19T03:10:06.603+0000] {dag.py:3954} INFO - Setting next_dagrun for example_external_task_marker_parent to None, run_after=None
[2025-08-19T03:10:06.649+0000] {processor.py:183} INFO - Processing /home/airflow/.local/lib/python3.12/site-packages/airflow/example_dags/example_external_task_marker_dag.py took 0.181 seconds
[2025-08-19T03:10:36.899+0000] {processor.py:161} INFO - Started process (PID=22312) to work on /home/airflow/.local/lib/python3.12/site-packages/airflow/example_dags/example_external_task_marker_dag.py
[2025-08-19T03:10:36.901+0000] {processor.py:830} INFO - Processing file /home/airflow/.local/lib/python3.12/site-packages/airflow/example_dags/example_external_task_marker_dag.py for tasks to queue
[2025-08-19T03:10:36.902+0000] {logging_mixin.py:188} INFO - [2025-08-19T03:10:36.901+0000] {dagbag.py:545} INFO - Filling up the DagBag from /home/airflow/.local/lib/python3.12/site-packages/airflow/example_dags/example_external_task_marker_dag.py
[2025-08-19T03:10:36.909+0000] {processor.py:840} INFO - DAG(s) 'example_external_task_marker_child', 'example_external_task_marker_parent' retrieved from /home/airflow/.local/lib/python3.12/site-packages/airflow/example_dags/example_external_task_marker_dag.py
[2025-08-19T03:10:36.937+0000] {logging_mixin.py:188} INFO - [2025-08-19T03:10:36.936+0000] {dag.py:3096} INFO - Sync 2 DAGs
[2025-08-19T03:10:36.952+0000] {logging_mixin.py:188} INFO - [2025-08-19T03:10:36.951+0000] {dag.py:3954} INFO - Setting next_dagrun for example_external_task_marker_child to None, run_after=None
[2025-08-19T03:10:36.956+0000] {logging_mixin.py:188} INFO - [2025-08-19T03:10:36.956+0000] {dag.py:3954} INFO - Setting next_dagrun for example_external_task_marker_parent to None, run_after=None
[2025-08-19T03:10:36.997+0000] {processor.py:183} INFO - Processing /home/airflow/.local/lib/python3.12/site-packages/airflow/example_dags/example_external_task_marker_dag.py took 0.104 seconds
[2025-08-19T03:11:07.508+0000] {processor.py:161} INFO - Started process (PID=22365) to work on /home/airflow/.local/lib/python3.12/site-packages/airflow/example_dags/example_external_task_marker_dag.py
[2025-08-19T03:11:07.510+0000] {processor.py:830} INFO - Processing file /home/airflow/.local/lib/python3.12/site-packages/airflow/example_dags/example_external_task_marker_dag.py for tasks to queue
[2025-08-19T03:11:07.512+0000] {logging_mixin.py:188} INFO - [2025-08-19T03:11:07.512+0000] {dagbag.py:545} INFO - Filling up the DagBag from /home/airflow/.local/lib/python3.12/site-packages/airflow/example_dags/example_external_task_marker_dag.py
[2025-08-19T03:11:07.523+0000] {processor.py:840} INFO - DAG(s) 'example_external_task_marker_child', 'example_external_task_marker_parent' retrieved from /home/airflow/.local/lib/python3.12/site-packages/airflow/example_dags/example_external_task_marker_dag.py
[2025-08-19T03:11:07.551+0000] {logging_mixin.py:188} INFO - [2025-08-19T03:11:07.550+0000] {dag.py:3096} INFO - Sync 2 DAGs
[2025-08-19T03:11:07.565+0000] {logging_mixin.py:188} INFO - [2025-08-19T03:11:07.565+0000] {dag.py:3954} INFO - Setting next_dagrun for example_external_task_marker_child to None, run_after=None
[2025-08-19T03:11:07.570+0000] {logging_mixin.py:188} INFO - [2025-08-19T03:11:07.570+0000] {dag.py:3954} INFO - Setting next_dagrun for example_external_task_marker_parent to None, run_after=None
[2025-08-19T03:11:07.593+0000] {processor.py:183} INFO - Processing /home/airflow/.local/lib/python3.12/site-packages/airflow/example_dags/example_external_task_marker_dag.py took 0.100 seconds
[2025-08-19T03:11:37.649+0000] {processor.py:161} INFO - Started process (PID=22418) to work on /home/airflow/.local/lib/python3.12/site-packages/airflow/example_dags/example_external_task_marker_dag.py
[2025-08-19T03:11:37.650+0000] {processor.py:830} INFO - Processing file /home/airflow/.local/lib/python3.12/site-packages/airflow/example_dags/example_external_task_marker_dag.py for tasks to queue
[2025-08-19T03:11:37.651+0000] {logging_mixin.py:188} INFO - [2025-08-19T03:11:37.651+0000] {dagbag.py:545} INFO - Filling up the DagBag from /home/airflow/.local/lib/python3.12/site-packages/airflow/example_dags/example_external_task_marker_dag.py
[2025-08-19T03:11:37.658+0000] {processor.py:840} INFO - DAG(s) 'example_external_task_marker_child', 'example_external_task_marker_parent' retrieved from /home/airflow/.local/lib/python3.12/site-packages/airflow/example_dags/example_external_task_marker_dag.py
[2025-08-19T03:11:37.684+0000] {logging_mixin.py:188} INFO - [2025-08-19T03:11:37.684+0000] {dag.py:3096} INFO - Sync 2 DAGs
[2025-08-19T03:11:37.697+0000] {logging_mixin.py:188} INFO - [2025-08-19T03:11:37.697+0000] {dag.py:3954} INFO - Setting next_dagrun for example_external_task_marker_child to None, run_after=None
[2025-08-19T03:11:37.701+0000] {logging_mixin.py:188} INFO - [2025-08-19T03:11:37.701+0000] {dag.py:3954} INFO - Setting next_dagrun for example_external_task_marker_parent to None, run_after=None
[2025-08-19T03:11:37.720+0000] {processor.py:183} INFO - Processing /home/airflow/.local/lib/python3.12/site-packages/airflow/example_dags/example_external_task_marker_dag.py took 0.077 seconds
[2025-08-19T03:12:08.121+0000] {processor.py:161} INFO - Started process (PID=22471) to work on /home/airflow/.local/lib/python3.12/site-packages/airflow/example_dags/example_external_task_marker_dag.py
[2025-08-19T03:12:08.122+0000] {processor.py:830} INFO - Processing file /home/airflow/.local/lib/python3.12/site-packages/airflow/example_dags/example_external_task_marker_dag.py for tasks to queue
[2025-08-19T03:12:08.124+0000] {logging_mixin.py:188} INFO - [2025-08-19T03:12:08.123+0000] {dagbag.py:545} INFO - Filling up the DagBag from /home/airflow/.local/lib/python3.12/site-packages/airflow/example_dags/example_external_task_marker_dag.py
[2025-08-19T03:12:08.131+0000] {processor.py:840} INFO - DAG(s) 'example_external_task_marker_parent', 'example_external_task_marker_child' retrieved from /home/airflow/.local/lib/python3.12/site-packages/airflow/example_dags/example_external_task_marker_dag.py
[2025-08-19T03:12:08.159+0000] {logging_mixin.py:188} INFO - [2025-08-19T03:12:08.159+0000] {dag.py:3096} INFO - Sync 2 DAGs
[2025-08-19T03:12:08.173+0000] {logging_mixin.py:188} INFO - [2025-08-19T03:12:08.173+0000] {dag.py:3954} INFO - Setting next_dagrun for example_external_task_marker_child to None, run_after=None
[2025-08-19T03:12:08.177+0000] {logging_mixin.py:188} INFO - [2025-08-19T03:12:08.177+0000] {dag.py:3954} INFO - Setting next_dagrun for example_external_task_marker_parent to None, run_after=None
[2025-08-19T03:12:08.196+0000] {processor.py:183} INFO - Processing /home/airflow/.local/lib/python3.12/site-packages/airflow/example_dags/example_external_task_marker_dag.py took 0.082 seconds
[2025-08-19T03:12:38.800+0000] {processor.py:161} INFO - Started process (PID=22524) to work on /home/airflow/.local/lib/python3.12/site-packages/airflow/example_dags/example_external_task_marker_dag.py
[2025-08-19T03:12:38.801+0000] {processor.py:830} INFO - Processing file /home/airflow/.local/lib/python3.12/site-packages/airflow/example_dags/example_external_task_marker_dag.py for tasks to queue
[2025-08-19T03:12:38.803+0000] {logging_mixin.py:188} INFO - [2025-08-19T03:12:38.802+0000] {dagbag.py:545} INFO - Filling up the DagBag from /home/airflow/.local/lib/python3.12/site-packages/airflow/example_dags/example_external_task_marker_dag.py
[2025-08-19T03:12:38.810+0000] {processor.py:840} INFO - DAG(s) 'example_external_task_marker_parent', 'example_external_task_marker_child' retrieved from /home/airflow/.local/lib/python3.12/site-packages/airflow/example_dags/example_external_task_marker_dag.py
[2025-08-19T03:12:38.837+0000] {logging_mixin.py:188} INFO - [2025-08-19T03:12:38.837+0000] {dag.py:3096} INFO - Sync 2 DAGs
[2025-08-19T03:12:38.849+0000] {logging_mixin.py:188} INFO - [2025-08-19T03:12:38.849+0000] {dag.py:3954} INFO - Setting next_dagrun for example_external_task_marker_child to None, run_after=None
[2025-08-19T03:12:38.854+0000] {logging_mixin.py:188} INFO - [2025-08-19T03:12:38.853+0000] {dag.py:3954} INFO - Setting next_dagrun for example_external_task_marker_parent to None, run_after=None
[2025-08-19T03:12:38.873+0000] {processor.py:183} INFO - Processing /home/airflow/.local/lib/python3.12/site-packages/airflow/example_dags/example_external_task_marker_dag.py took 0.080 seconds
[2025-08-19T03:13:09.423+0000] {processor.py:161} INFO - Started process (PID=22577) to work on /home/airflow/.local/lib/python3.12/site-packages/airflow/example_dags/example_external_task_marker_dag.py
[2025-08-19T03:13:09.424+0000] {processor.py:830} INFO - Processing file /home/airflow/.local/lib/python3.12/site-packages/airflow/example_dags/example_external_task_marker_dag.py for tasks to queue
[2025-08-19T03:13:09.426+0000] {logging_mixin.py:188} INFO - [2025-08-19T03:13:09.425+0000] {dagbag.py:545} INFO - Filling up the DagBag from /home/airflow/.local/lib/python3.12/site-packages/airflow/example_dags/example_external_task_marker_dag.py
[2025-08-19T03:13:09.433+0000] {processor.py:840} INFO - DAG(s) 'example_external_task_marker_parent', 'example_external_task_marker_child' retrieved from /home/airflow/.local/lib/python3.12/site-packages/airflow/example_dags/example_external_task_marker_dag.py
[2025-08-19T03:13:09.459+0000] {logging_mixin.py:188} INFO - [2025-08-19T03:13:09.459+0000] {dag.py:3096} INFO - Sync 2 DAGs
[2025-08-19T03:13:09.471+0000] {logging_mixin.py:188} INFO - [2025-08-19T03:13:09.471+0000] {dag.py:3954} INFO - Setting next_dagrun for example_external_task_marker_child to None, run_after=None
[2025-08-19T03:13:09.475+0000] {logging_mixin.py:188} INFO - [2025-08-19T03:13:09.475+0000] {dag.py:3954} INFO - Setting next_dagrun for example_external_task_marker_parent to None, run_after=None
[2025-08-19T03:13:09.495+0000] {processor.py:183} INFO - Processing /home/airflow/.local/lib/python3.12/site-packages/airflow/example_dags/example_external_task_marker_dag.py took 0.078 seconds
[2025-08-19T03:13:40.283+0000] {processor.py:161} INFO - Started process (PID=22630) to work on /home/airflow/.local/lib/python3.12/site-packages/airflow/example_dags/example_external_task_marker_dag.py
[2025-08-19T03:13:40.285+0000] {processor.py:830} INFO - Processing file /home/airflow/.local/lib/python3.12/site-packages/airflow/example_dags/example_external_task_marker_dag.py for tasks to queue
[2025-08-19T03:13:40.286+0000] {logging_mixin.py:188} INFO - [2025-08-19T03:13:40.286+0000] {dagbag.py:545} INFO - Filling up the DagBag from /home/airflow/.local/lib/python3.12/site-packages/airflow/example_dags/example_external_task_marker_dag.py
[2025-08-19T03:13:40.292+0000] {processor.py:840} INFO - DAG(s) 'example_external_task_marker_child', 'example_external_task_marker_parent' retrieved from /home/airflow/.local/lib/python3.12/site-packages/airflow/example_dags/example_external_task_marker_dag.py
[2025-08-19T03:13:40.326+0000] {logging_mixin.py:188} INFO - [2025-08-19T03:13:40.325+0000] {dag.py:3096} INFO - Sync 2 DAGs
[2025-08-19T03:13:40.340+0000] {logging_mixin.py:188} INFO - [2025-08-19T03:13:40.340+0000] {dag.py:3954} INFO - Setting next_dagrun for example_external_task_marker_child to None, run_after=None
[2025-08-19T03:13:40.345+0000] {logging_mixin.py:188} INFO - [2025-08-19T03:13:40.345+0000] {dag.py:3954} INFO - Setting next_dagrun for example_external_task_marker_parent to None, run_after=None
[2025-08-19T03:13:40.364+0000] {processor.py:183} INFO - Processing /home/airflow/.local/lib/python3.12/site-packages/airflow/example_dags/example_external_task_marker_dag.py took 0.087 seconds
[2025-08-19T03:14:11.228+0000] {processor.py:161} INFO - Started process (PID=22683) to work on /home/airflow/.local/lib/python3.12/site-packages/airflow/example_dags/example_external_task_marker_dag.py
[2025-08-19T03:14:11.230+0000] {processor.py:830} INFO - Processing file /home/airflow/.local/lib/python3.12/site-packages/airflow/example_dags/example_external_task_marker_dag.py for tasks to queue
[2025-08-19T03:14:11.231+0000] {logging_mixin.py:188} INFO - [2025-08-19T03:14:11.231+0000] {dagbag.py:545} INFO - Filling up the DagBag from /home/airflow/.local/lib/python3.12/site-packages/airflow/example_dags/example_external_task_marker_dag.py
[2025-08-19T03:14:11.239+0000] {processor.py:840} INFO - DAG(s) 'example_external_task_marker_parent', 'example_external_task_marker_child' retrieved from /home/airflow/.local/lib/python3.12/site-packages/airflow/example_dags/example_external_task_marker_dag.py
[2025-08-19T03:14:11.263+0000] {logging_mixin.py:188} INFO - [2025-08-19T03:14:11.263+0000] {dag.py:3096} INFO - Sync 2 DAGs
[2025-08-19T03:14:11.276+0000] {logging_mixin.py:188} INFO - [2025-08-19T03:14:11.275+0000] {dag.py:3954} INFO - Setting next_dagrun for example_external_task_marker_child to None, run_after=None
[2025-08-19T03:14:11.281+0000] {logging_mixin.py:188} INFO - [2025-08-19T03:14:11.280+0000] {dag.py:3954} INFO - Setting next_dagrun for example_external_task_marker_parent to None, run_after=None
[2025-08-19T03:14:11.304+0000] {processor.py:183} INFO - Processing /home/airflow/.local/lib/python3.12/site-packages/airflow/example_dags/example_external_task_marker_dag.py took 0.083 seconds
[2025-08-19T03:14:41.905+0000] {processor.py:161} INFO - Started process (PID=22736) to work on /home/airflow/.local/lib/python3.12/site-packages/airflow/example_dags/example_external_task_marker_dag.py
[2025-08-19T03:14:41.906+0000] {processor.py:830} INFO - Processing file /home/airflow/.local/lib/python3.12/site-packages/airflow/example_dags/example_external_task_marker_dag.py for tasks to queue
[2025-08-19T03:14:41.907+0000] {logging_mixin.py:188} INFO - [2025-08-19T03:14:41.907+0000] {dagbag.py:545} INFO - Filling up the DagBag from /home/airflow/.local/lib/python3.12/site-packages/airflow/example_dags/example_external_task_marker_dag.py
[2025-08-19T03:14:41.915+0000] {processor.py:840} INFO - DAG(s) 'example_external_task_marker_parent', 'example_external_task_marker_child' retrieved from /home/airflow/.local/lib/python3.12/site-packages/airflow/example_dags/example_external_task_marker_dag.py
[2025-08-19T03:14:41.940+0000] {logging_mixin.py:188} INFO - [2025-08-19T03:14:41.940+0000] {dag.py:3096} INFO - Sync 2 DAGs
[2025-08-19T03:14:41.953+0000] {logging_mixin.py:188} INFO - [2025-08-19T03:14:41.953+0000] {dag.py:3954} INFO - Setting next_dagrun for example_external_task_marker_child to None, run_after=None
[2025-08-19T03:14:41.957+0000] {logging_mixin.py:188} INFO - [2025-08-19T03:14:41.957+0000] {dag.py:3954} INFO - Setting next_dagrun for example_external_task_marker_parent to None, run_after=None
[2025-08-19T03:14:41.978+0000] {processor.py:183} INFO - Processing /home/airflow/.local/lib/python3.12/site-packages/airflow/example_dags/example_external_task_marker_dag.py took 0.079 seconds
[2025-08-19T03:15:12.672+0000] {processor.py:161} INFO - Started process (PID=22789) to work on /home/airflow/.local/lib/python3.12/site-packages/airflow/example_dags/example_external_task_marker_dag.py
[2025-08-19T03:15:12.674+0000] {processor.py:830} INFO - Processing file /home/airflow/.local/lib/python3.12/site-packages/airflow/example_dags/example_external_task_marker_dag.py for tasks to queue
[2025-08-19T03:15:12.675+0000] {logging_mixin.py:188} INFO - [2025-08-19T03:15:12.674+0000] {dagbag.py:545} INFO - Filling up the DagBag from /home/airflow/.local/lib/python3.12/site-packages/airflow/example_dags/example_external_task_marker_dag.py
[2025-08-19T03:15:12.682+0000] {processor.py:840} INFO - DAG(s) 'example_external_task_marker_parent', 'example_external_task_marker_child' retrieved from /home/airflow/.local/lib/python3.12/site-packages/airflow/example_dags/example_external_task_marker_dag.py
[2025-08-19T03:15:12.709+0000] {logging_mixin.py:188} INFO - [2025-08-19T03:15:12.709+0000] {dag.py:3096} INFO - Sync 2 DAGs
[2025-08-19T03:15:12.723+0000] {logging_mixin.py:188} INFO - [2025-08-19T03:15:12.723+0000] {dag.py:3954} INFO - Setting next_dagrun for example_external_task_marker_child to None, run_after=None
[2025-08-19T03:15:12.728+0000] {logging_mixin.py:188} INFO - [2025-08-19T03:15:12.728+0000] {dag.py:3954} INFO - Setting next_dagrun for example_external_task_marker_parent to None, run_after=None
[2025-08-19T03:15:12.746+0000] {processor.py:183} INFO - Processing /home/airflow/.local/lib/python3.12/site-packages/airflow/example_dags/example_external_task_marker_dag.py took 0.079 seconds
[2025-08-19T03:15:43.541+0000] {processor.py:161} INFO - Started process (PID=22842) to work on /home/airflow/.local/lib/python3.12/site-packages/airflow/example_dags/example_external_task_marker_dag.py
[2025-08-19T03:15:43.542+0000] {processor.py:830} INFO - Processing file /home/airflow/.local/lib/python3.12/site-packages/airflow/example_dags/example_external_task_marker_dag.py for tasks to queue
[2025-08-19T03:15:43.543+0000] {logging_mixin.py:188} INFO - [2025-08-19T03:15:43.543+0000] {dagbag.py:545} INFO - Filling up the DagBag from /home/airflow/.local/lib/python3.12/site-packages/airflow/example_dags/example_external_task_marker_dag.py
[2025-08-19T03:15:43.549+0000] {processor.py:840} INFO - DAG(s) 'example_external_task_marker_child', 'example_external_task_marker_parent' retrieved from /home/airflow/.local/lib/python3.12/site-packages/airflow/example_dags/example_external_task_marker_dag.py
[2025-08-19T03:15:43.580+0000] {logging_mixin.py:188} INFO - [2025-08-19T03:15:43.579+0000] {dag.py:3096} INFO - Sync 2 DAGs
[2025-08-19T03:15:43.593+0000] {logging_mixin.py:188} INFO - [2025-08-19T03:15:43.593+0000] {dag.py:3954} INFO - Setting next_dagrun for example_external_task_marker_child to None, run_after=None
[2025-08-19T03:15:43.598+0000] {logging_mixin.py:188} INFO - [2025-08-19T03:15:43.598+0000] {dag.py:3954} INFO - Setting next_dagrun for example_external_task_marker_parent to None, run_after=None
[2025-08-19T03:15:43.618+0000] {processor.py:183} INFO - Processing /home/airflow/.local/lib/python3.12/site-packages/airflow/example_dags/example_external_task_marker_dag.py took 0.083 seconds
[2025-08-19T03:16:14.164+0000] {processor.py:161} INFO - Started process (PID=22895) to work on /home/airflow/.local/lib/python3.12/site-packages/airflow/example_dags/example_external_task_marker_dag.py
[2025-08-19T03:16:14.166+0000] {processor.py:830} INFO - Processing file /home/airflow/.local/lib/python3.12/site-packages/airflow/example_dags/example_external_task_marker_dag.py for tasks to queue
[2025-08-19T03:16:14.167+0000] {logging_mixin.py:188} INFO - [2025-08-19T03:16:14.167+0000] {dagbag.py:545} INFO - Filling up the DagBag from /home/airflow/.local/lib/python3.12/site-packages/airflow/example_dags/example_external_task_marker_dag.py
[2025-08-19T03:16:14.174+0000] {processor.py:840} INFO - DAG(s) 'example_external_task_marker_parent', 'example_external_task_marker_child' retrieved from /home/airflow/.local/lib/python3.12/site-packages/airflow/example_dags/example_external_task_marker_dag.py
[2025-08-19T03:16:14.200+0000] {logging_mixin.py:188} INFO - [2025-08-19T03:16:14.200+0000] {dag.py:3096} INFO - Sync 2 DAGs
[2025-08-19T03:16:14.214+0000] {logging_mixin.py:188} INFO - [2025-08-19T03:16:14.214+0000] {dag.py:3954} INFO - Setting next_dagrun for example_external_task_marker_child to None, run_after=None
[2025-08-19T03:16:14.220+0000] {logging_mixin.py:188} INFO - [2025-08-19T03:16:14.220+0000] {dag.py:3954} INFO - Setting next_dagrun for example_external_task_marker_parent to None, run_after=None
[2025-08-19T03:16:14.248+0000] {processor.py:183} INFO - Processing /home/airflow/.local/lib/python3.12/site-packages/airflow/example_dags/example_external_task_marker_dag.py took 0.090 seconds
[2025-08-19T03:16:44.563+0000] {processor.py:161} INFO - Started process (PID=22948) to work on /home/airflow/.local/lib/python3.12/site-packages/airflow/example_dags/example_external_task_marker_dag.py
[2025-08-19T03:16:44.565+0000] {processor.py:830} INFO - Processing file /home/airflow/.local/lib/python3.12/site-packages/airflow/example_dags/example_external_task_marker_dag.py for tasks to queue
[2025-08-19T03:16:44.566+0000] {logging_mixin.py:188} INFO - [2025-08-19T03:16:44.565+0000] {dagbag.py:545} INFO - Filling up the DagBag from /home/airflow/.local/lib/python3.12/site-packages/airflow/example_dags/example_external_task_marker_dag.py
[2025-08-19T03:16:44.572+0000] {processor.py:840} INFO - DAG(s) 'example_external_task_marker_child', 'example_external_task_marker_parent' retrieved from /home/airflow/.local/lib/python3.12/site-packages/airflow/example_dags/example_external_task_marker_dag.py
[2025-08-19T03:16:44.598+0000] {logging_mixin.py:188} INFO - [2025-08-19T03:16:44.598+0000] {dag.py:3096} INFO - Sync 2 DAGs
[2025-08-19T03:16:44.613+0000] {logging_mixin.py:188} INFO - [2025-08-19T03:16:44.613+0000] {dag.py:3954} INFO - Setting next_dagrun for example_external_task_marker_child to None, run_after=None
[2025-08-19T03:16:44.617+0000] {logging_mixin.py:188} INFO - [2025-08-19T03:16:44.616+0000] {dag.py:3954} INFO - Setting next_dagrun for example_external_task_marker_parent to None, run_after=None
[2025-08-19T03:16:44.635+0000] {processor.py:183} INFO - Processing /home/airflow/.local/lib/python3.12/site-packages/airflow/example_dags/example_external_task_marker_dag.py took 0.078 seconds
[2025-08-19T03:17:14.930+0000] {processor.py:161} INFO - Started process (PID=23001) to work on /home/airflow/.local/lib/python3.12/site-packages/airflow/example_dags/example_external_task_marker_dag.py
[2025-08-19T03:17:14.931+0000] {processor.py:830} INFO - Processing file /home/airflow/.local/lib/python3.12/site-packages/airflow/example_dags/example_external_task_marker_dag.py for tasks to queue
[2025-08-19T03:17:14.932+0000] {logging_mixin.py:188} INFO - [2025-08-19T03:17:14.932+0000] {dagbag.py:545} INFO - Filling up the DagBag from /home/airflow/.local/lib/python3.12/site-packages/airflow/example_dags/example_external_task_marker_dag.py
[2025-08-19T03:17:14.939+0000] {processor.py:840} INFO - DAG(s) 'example_external_task_marker_parent', 'example_external_task_marker_child' retrieved from /home/airflow/.local/lib/python3.12/site-packages/airflow/example_dags/example_external_task_marker_dag.py
[2025-08-19T03:17:14.965+0000] {logging_mixin.py:188} INFO - [2025-08-19T03:17:14.965+0000] {dag.py:3096} INFO - Sync 2 DAGs
[2025-08-19T03:17:14.978+0000] {logging_mixin.py:188} INFO - [2025-08-19T03:17:14.978+0000] {dag.py:3954} INFO - Setting next_dagrun for example_external_task_marker_child to None, run_after=None
[2025-08-19T03:17:14.982+0000] {logging_mixin.py:188} INFO - [2025-08-19T03:17:14.982+0000] {dag.py:3954} INFO - Setting next_dagrun for example_external_task_marker_parent to None, run_after=None
[2025-08-19T03:17:14.999+0000] {processor.py:183} INFO - Processing /home/airflow/.local/lib/python3.12/site-packages/airflow/example_dags/example_external_task_marker_dag.py took 0.075 seconds
[2025-08-19T03:17:45.810+0000] {processor.py:161} INFO - Started process (PID=23054) to work on /home/airflow/.local/lib/python3.12/site-packages/airflow/example_dags/example_external_task_marker_dag.py
[2025-08-19T03:17:45.811+0000] {processor.py:830} INFO - Processing file /home/airflow/.local/lib/python3.12/site-packages/airflow/example_dags/example_external_task_marker_dag.py for tasks to queue
[2025-08-19T03:17:45.812+0000] {logging_mixin.py:188} INFO - [2025-08-19T03:17:45.812+0000] {dagbag.py:545} INFO - Filling up the DagBag from /home/airflow/.local/lib/python3.12/site-packages/airflow/example_dags/example_external_task_marker_dag.py
[2025-08-19T03:17:45.819+0000] {processor.py:840} INFO - DAG(s) 'example_external_task_marker_parent', 'example_external_task_marker_child' retrieved from /home/airflow/.local/lib/python3.12/site-packages/airflow/example_dags/example_external_task_marker_dag.py
[2025-08-19T03:17:45.843+0000] {logging_mixin.py:188} INFO - [2025-08-19T03:17:45.843+0000] {dag.py:3096} INFO - Sync 2 DAGs
[2025-08-19T03:17:45.857+0000] {logging_mixin.py:188} INFO - [2025-08-19T03:17:45.856+0000] {dag.py:3954} INFO - Setting next_dagrun for example_external_task_marker_child to None, run_after=None
[2025-08-19T03:17:45.861+0000] {logging_mixin.py:188} INFO - [2025-08-19T03:17:45.860+0000] {dag.py:3954} INFO - Setting next_dagrun for example_external_task_marker_parent to None, run_after=None
[2025-08-19T03:17:45.882+0000] {processor.py:183} INFO - Processing /home/airflow/.local/lib/python3.12/site-packages/airflow/example_dags/example_external_task_marker_dag.py took 0.078 seconds
[2025-08-19T03:18:16.103+0000] {processor.py:161} INFO - Started process (PID=23107) to work on /home/airflow/.local/lib/python3.12/site-packages/airflow/example_dags/example_external_task_marker_dag.py
[2025-08-19T03:18:16.104+0000] {processor.py:830} INFO - Processing file /home/airflow/.local/lib/python3.12/site-packages/airflow/example_dags/example_external_task_marker_dag.py for tasks to queue
[2025-08-19T03:18:16.106+0000] {logging_mixin.py:188} INFO - [2025-08-19T03:18:16.105+0000] {dagbag.py:545} INFO - Filling up the DagBag from /home/airflow/.local/lib/python3.12/site-packages/airflow/example_dags/example_external_task_marker_dag.py
[2025-08-19T03:18:16.112+0000] {processor.py:840} INFO - DAG(s) 'example_external_task_marker_parent', 'example_external_task_marker_child' retrieved from /home/airflow/.local/lib/python3.12/site-packages/airflow/example_dags/example_external_task_marker_dag.py
[2025-08-19T03:18:16.141+0000] {logging_mixin.py:188} INFO - [2025-08-19T03:18:16.141+0000] {dag.py:3096} INFO - Sync 2 DAGs
[2025-08-19T03:18:16.154+0000] {logging_mixin.py:188} INFO - [2025-08-19T03:18:16.154+0000] {dag.py:3954} INFO - Setting next_dagrun for example_external_task_marker_child to None, run_after=None
[2025-08-19T03:18:16.158+0000] {logging_mixin.py:188} INFO - [2025-08-19T03:18:16.158+0000] {dag.py:3954} INFO - Setting next_dagrun for example_external_task_marker_parent to None, run_after=None
[2025-08-19T03:18:16.179+0000] {processor.py:183} INFO - Processing /home/airflow/.local/lib/python3.12/site-packages/airflow/example_dags/example_external_task_marker_dag.py took 0.082 seconds
[2025-08-19T03:18:46.356+0000] {processor.py:161} INFO - Started process (PID=23160) to work on /home/airflow/.local/lib/python3.12/site-packages/airflow/example_dags/example_external_task_marker_dag.py
[2025-08-19T03:18:46.358+0000] {processor.py:830} INFO - Processing file /home/airflow/.local/lib/python3.12/site-packages/airflow/example_dags/example_external_task_marker_dag.py for tasks to queue
[2025-08-19T03:18:46.359+0000] {logging_mixin.py:188} INFO - [2025-08-19T03:18:46.359+0000] {dagbag.py:545} INFO - Filling up the DagBag from /home/airflow/.local/lib/python3.12/site-packages/airflow/example_dags/example_external_task_marker_dag.py
[2025-08-19T03:18:46.366+0000] {processor.py:840} INFO - DAG(s) 'example_external_task_marker_parent', 'example_external_task_marker_child' retrieved from /home/airflow/.local/lib/python3.12/site-packages/airflow/example_dags/example_external_task_marker_dag.py
[2025-08-19T03:18:46.392+0000] {logging_mixin.py:188} INFO - [2025-08-19T03:18:46.392+0000] {dag.py:3096} INFO - Sync 2 DAGs
[2025-08-19T03:18:46.406+0000] {logging_mixin.py:188} INFO - [2025-08-19T03:18:46.406+0000] {dag.py:3954} INFO - Setting next_dagrun for example_external_task_marker_child to None, run_after=None
[2025-08-19T03:18:46.411+0000] {logging_mixin.py:188} INFO - [2025-08-19T03:18:46.410+0000] {dag.py:3954} INFO - Setting next_dagrun for example_external_task_marker_parent to None, run_after=None
[2025-08-19T03:18:46.430+0000] {processor.py:183} INFO - Processing /home/airflow/.local/lib/python3.12/site-packages/airflow/example_dags/example_external_task_marker_dag.py took 0.081 seconds
[2025-08-19T03:19:16.563+0000] {processor.py:161} INFO - Started process (PID=23213) to work on /home/airflow/.local/lib/python3.12/site-packages/airflow/example_dags/example_external_task_marker_dag.py
[2025-08-19T03:19:16.565+0000] {processor.py:830} INFO - Processing file /home/airflow/.local/lib/python3.12/site-packages/airflow/example_dags/example_external_task_marker_dag.py for tasks to queue
[2025-08-19T03:19:16.566+0000] {logging_mixin.py:188} INFO - [2025-08-19T03:19:16.566+0000] {dagbag.py:545} INFO - Filling up the DagBag from /home/airflow/.local/lib/python3.12/site-packages/airflow/example_dags/example_external_task_marker_dag.py
[2025-08-19T03:19:16.574+0000] {processor.py:840} INFO - DAG(s) 'example_external_task_marker_parent', 'example_external_task_marker_child' retrieved from /home/airflow/.local/lib/python3.12/site-packages/airflow/example_dags/example_external_task_marker_dag.py
[2025-08-19T03:19:16.603+0000] {logging_mixin.py:188} INFO - [2025-08-19T03:19:16.603+0000] {dag.py:3096} INFO - Sync 2 DAGs
[2025-08-19T03:19:16.618+0000] {logging_mixin.py:188} INFO - [2025-08-19T03:19:16.618+0000] {dag.py:3954} INFO - Setting next_dagrun for example_external_task_marker_child to None, run_after=None
[2025-08-19T03:19:16.622+0000] {logging_mixin.py:188} INFO - [2025-08-19T03:19:16.622+0000] {dag.py:3954} INFO - Setting next_dagrun for example_external_task_marker_parent to None, run_after=None
[2025-08-19T03:19:16.640+0000] {processor.py:183} INFO - Processing /home/airflow/.local/lib/python3.12/site-packages/airflow/example_dags/example_external_task_marker_dag.py took 0.085 seconds
[2025-08-19T03:19:47.471+0000] {processor.py:161} INFO - Started process (PID=23266) to work on /home/airflow/.local/lib/python3.12/site-packages/airflow/example_dags/example_external_task_marker_dag.py
[2025-08-19T03:19:47.473+0000] {processor.py:830} INFO - Processing file /home/airflow/.local/lib/python3.12/site-packages/airflow/example_dags/example_external_task_marker_dag.py for tasks to queue
[2025-08-19T03:19:47.474+0000] {logging_mixin.py:188} INFO - [2025-08-19T03:19:47.474+0000] {dagbag.py:545} INFO - Filling up the DagBag from /home/airflow/.local/lib/python3.12/site-packages/airflow/example_dags/example_external_task_marker_dag.py
[2025-08-19T03:19:47.482+0000] {processor.py:840} INFO - DAG(s) 'example_external_task_marker_parent', 'example_external_task_marker_child' retrieved from /home/airflow/.local/lib/python3.12/site-packages/airflow/example_dags/example_external_task_marker_dag.py
[2025-08-19T03:19:47.509+0000] {logging_mixin.py:188} INFO - [2025-08-19T03:19:47.508+0000] {dag.py:3096} INFO - Sync 2 DAGs
[2025-08-19T03:19:47.525+0000] {logging_mixin.py:188} INFO - [2025-08-19T03:19:47.525+0000] {dag.py:3954} INFO - Setting next_dagrun for example_external_task_marker_child to None, run_after=None
[2025-08-19T03:19:47.531+0000] {logging_mixin.py:188} INFO - [2025-08-19T03:19:47.531+0000] {dag.py:3954} INFO - Setting next_dagrun for example_external_task_marker_parent to None, run_after=None
[2025-08-19T03:19:47.562+0000] {processor.py:183} INFO - Processing /home/airflow/.local/lib/python3.12/site-packages/airflow/example_dags/example_external_task_marker_dag.py took 0.098 seconds
[2025-08-19T03:20:17.999+0000] {processor.py:161} INFO - Started process (PID=23319) to work on /home/airflow/.local/lib/python3.12/site-packages/airflow/example_dags/example_external_task_marker_dag.py
[2025-08-19T03:20:18.001+0000] {processor.py:830} INFO - Processing file /home/airflow/.local/lib/python3.12/site-packages/airflow/example_dags/example_external_task_marker_dag.py for tasks to queue
[2025-08-19T03:20:18.003+0000] {logging_mixin.py:188} INFO - [2025-08-19T03:20:18.003+0000] {dagbag.py:545} INFO - Filling up the DagBag from /home/airflow/.local/lib/python3.12/site-packages/airflow/example_dags/example_external_task_marker_dag.py
[2025-08-19T03:20:18.011+0000] {processor.py:840} INFO - DAG(s) 'example_external_task_marker_parent', 'example_external_task_marker_child' retrieved from /home/airflow/.local/lib/python3.12/site-packages/airflow/example_dags/example_external_task_marker_dag.py
[2025-08-19T03:20:18.038+0000] {logging_mixin.py:188} INFO - [2025-08-19T03:20:18.037+0000] {dag.py:3096} INFO - Sync 2 DAGs
[2025-08-19T03:20:18.051+0000] {logging_mixin.py:188} INFO - [2025-08-19T03:20:18.051+0000] {dag.py:3954} INFO - Setting next_dagrun for example_external_task_marker_child to None, run_after=None
[2025-08-19T03:20:18.055+0000] {logging_mixin.py:188} INFO - [2025-08-19T03:20:18.055+0000] {dag.py:3954} INFO - Setting next_dagrun for example_external_task_marker_parent to None, run_after=None
[2025-08-19T03:20:18.075+0000] {processor.py:183} INFO - Processing /home/airflow/.local/lib/python3.12/site-packages/airflow/example_dags/example_external_task_marker_dag.py took 0.084 seconds
[2025-08-19T03:20:48.400+0000] {processor.py:161} INFO - Started process (PID=23372) to work on /home/airflow/.local/lib/python3.12/site-packages/airflow/example_dags/example_external_task_marker_dag.py
[2025-08-19T03:20:48.402+0000] {processor.py:830} INFO - Processing file /home/airflow/.local/lib/python3.12/site-packages/airflow/example_dags/example_external_task_marker_dag.py for tasks to queue
[2025-08-19T03:20:48.405+0000] {logging_mixin.py:188} INFO - [2025-08-19T03:20:48.404+0000] {dagbag.py:545} INFO - Filling up the DagBag from /home/airflow/.local/lib/python3.12/site-packages/airflow/example_dags/example_external_task_marker_dag.py
[2025-08-19T03:20:48.415+0000] {processor.py:840} INFO - DAG(s) 'example_external_task_marker_child', 'example_external_task_marker_parent' retrieved from /home/airflow/.local/lib/python3.12/site-packages/airflow/example_dags/example_external_task_marker_dag.py
[2025-08-19T03:20:48.446+0000] {logging_mixin.py:188} INFO - [2025-08-19T03:20:48.445+0000] {dag.py:3096} INFO - Sync 2 DAGs
[2025-08-19T03:20:48.460+0000] {logging_mixin.py:188} INFO - [2025-08-19T03:20:48.460+0000] {dag.py:3954} INFO - Setting next_dagrun for example_external_task_marker_child to None, run_after=None
[2025-08-19T03:20:48.465+0000] {logging_mixin.py:188} INFO - [2025-08-19T03:20:48.465+0000] {dag.py:3954} INFO - Setting next_dagrun for example_external_task_marker_parent to None, run_after=None
[2025-08-19T03:20:48.487+0000] {processor.py:183} INFO - Processing /home/airflow/.local/lib/python3.12/site-packages/airflow/example_dags/example_external_task_marker_dag.py took 0.097 seconds
[2025-08-19T03:21:19.253+0000] {processor.py:161} INFO - Started process (PID=23425) to work on /home/airflow/.local/lib/python3.12/site-packages/airflow/example_dags/example_external_task_marker_dag.py
[2025-08-19T03:21:19.254+0000] {processor.py:830} INFO - Processing file /home/airflow/.local/lib/python3.12/site-packages/airflow/example_dags/example_external_task_marker_dag.py for tasks to queue
[2025-08-19T03:21:19.256+0000] {logging_mixin.py:188} INFO - [2025-08-19T03:21:19.256+0000] {dagbag.py:545} INFO - Filling up the DagBag from /home/airflow/.local/lib/python3.12/site-packages/airflow/example_dags/example_external_task_marker_dag.py
[2025-08-19T03:21:19.265+0000] {processor.py:840} INFO - DAG(s) 'example_external_task_marker_child', 'example_external_task_marker_parent' retrieved from /home/airflow/.local/lib/python3.12/site-packages/airflow/example_dags/example_external_task_marker_dag.py
[2025-08-19T03:21:19.290+0000] {logging_mixin.py:188} INFO - [2025-08-19T03:21:19.290+0000] {dag.py:3096} INFO - Sync 2 DAGs
[2025-08-19T03:21:19.304+0000] {logging_mixin.py:188} INFO - [2025-08-19T03:21:19.304+0000] {dag.py:3954} INFO - Setting next_dagrun for example_external_task_marker_child to None, run_after=None
[2025-08-19T03:21:19.308+0000] {logging_mixin.py:188} INFO - [2025-08-19T03:21:19.308+0000] {dag.py:3954} INFO - Setting next_dagrun for example_external_task_marker_parent to None, run_after=None
[2025-08-19T03:21:19.327+0000] {processor.py:183} INFO - Processing /home/airflow/.local/lib/python3.12/site-packages/airflow/example_dags/example_external_task_marker_dag.py took 0.081 seconds
[2025-08-19T03:21:49.792+0000] {processor.py:161} INFO - Started process (PID=23478) to work on /home/airflow/.local/lib/python3.12/site-packages/airflow/example_dags/example_external_task_marker_dag.py
[2025-08-19T03:21:49.793+0000] {processor.py:830} INFO - Processing file /home/airflow/.local/lib/python3.12/site-packages/airflow/example_dags/example_external_task_marker_dag.py for tasks to queue
[2025-08-19T03:21:49.795+0000] {logging_mixin.py:188} INFO - [2025-08-19T03:21:49.794+0000] {dagbag.py:545} INFO - Filling up the DagBag from /home/airflow/.local/lib/python3.12/site-packages/airflow/example_dags/example_external_task_marker_dag.py
[2025-08-19T03:21:49.806+0000] {processor.py:840} INFO - DAG(s) 'example_external_task_marker_parent', 'example_external_task_marker_child' retrieved from /home/airflow/.local/lib/python3.12/site-packages/airflow/example_dags/example_external_task_marker_dag.py
[2025-08-19T03:21:49.838+0000] {logging_mixin.py:188} INFO - [2025-08-19T03:21:49.838+0000] {dag.py:3096} INFO - Sync 2 DAGs
[2025-08-19T03:21:49.855+0000] {logging_mixin.py:188} INFO - [2025-08-19T03:21:49.854+0000] {dag.py:3954} INFO - Setting next_dagrun for example_external_task_marker_child to None, run_after=None
[2025-08-19T03:21:49.859+0000] {logging_mixin.py:188} INFO - [2025-08-19T03:21:49.859+0000] {dag.py:3954} INFO - Setting next_dagrun for example_external_task_marker_parent to None, run_after=None
[2025-08-19T03:21:49.879+0000] {processor.py:183} INFO - Processing /home/airflow/.local/lib/python3.12/site-packages/airflow/example_dags/example_external_task_marker_dag.py took 0.094 seconds
[2025-08-19T03:22:20.380+0000] {processor.py:161} INFO - Started process (PID=23531) to work on /home/airflow/.local/lib/python3.12/site-packages/airflow/example_dags/example_external_task_marker_dag.py
[2025-08-19T03:22:20.382+0000] {processor.py:830} INFO - Processing file /home/airflow/.local/lib/python3.12/site-packages/airflow/example_dags/example_external_task_marker_dag.py for tasks to queue
[2025-08-19T03:22:20.384+0000] {logging_mixin.py:188} INFO - [2025-08-19T03:22:20.383+0000] {dagbag.py:545} INFO - Filling up the DagBag from /home/airflow/.local/lib/python3.12/site-packages/airflow/example_dags/example_external_task_marker_dag.py
[2025-08-19T03:22:20.392+0000] {processor.py:840} INFO - DAG(s) 'example_external_task_marker_parent', 'example_external_task_marker_child' retrieved from /home/airflow/.local/lib/python3.12/site-packages/airflow/example_dags/example_external_task_marker_dag.py
[2025-08-19T03:22:20.426+0000] {logging_mixin.py:188} INFO - [2025-08-19T03:22:20.425+0000] {dag.py:3096} INFO - Sync 2 DAGs
[2025-08-19T03:22:20.442+0000] {logging_mixin.py:188} INFO - [2025-08-19T03:22:20.442+0000] {dag.py:3954} INFO - Setting next_dagrun for example_external_task_marker_child to None, run_after=None
[2025-08-19T03:22:20.446+0000] {logging_mixin.py:188} INFO - [2025-08-19T03:22:20.446+0000] {dag.py:3954} INFO - Setting next_dagrun for example_external_task_marker_parent to None, run_after=None
[2025-08-19T03:22:20.464+0000] {processor.py:183} INFO - Processing /home/airflow/.local/lib/python3.12/site-packages/airflow/example_dags/example_external_task_marker_dag.py took 0.091 seconds
[2025-08-19T03:22:50.857+0000] {processor.py:161} INFO - Started process (PID=23584) to work on /home/airflow/.local/lib/python3.12/site-packages/airflow/example_dags/example_external_task_marker_dag.py
[2025-08-19T03:22:50.858+0000] {processor.py:830} INFO - Processing file /home/airflow/.local/lib/python3.12/site-packages/airflow/example_dags/example_external_task_marker_dag.py for tasks to queue
[2025-08-19T03:22:50.860+0000] {logging_mixin.py:188} INFO - [2025-08-19T03:22:50.860+0000] {dagbag.py:545} INFO - Filling up the DagBag from /home/airflow/.local/lib/python3.12/site-packages/airflow/example_dags/example_external_task_marker_dag.py
[2025-08-19T03:22:50.868+0000] {processor.py:840} INFO - DAG(s) 'example_external_task_marker_child', 'example_external_task_marker_parent' retrieved from /home/airflow/.local/lib/python3.12/site-packages/airflow/example_dags/example_external_task_marker_dag.py
[2025-08-19T03:22:50.897+0000] {logging_mixin.py:188} INFO - [2025-08-19T03:22:50.897+0000] {dag.py:3096} INFO - Sync 2 DAGs
[2025-08-19T03:22:50.913+0000] {logging_mixin.py:188} INFO - [2025-08-19T03:22:50.912+0000] {dag.py:3954} INFO - Setting next_dagrun for example_external_task_marker_child to None, run_after=None
[2025-08-19T03:22:50.917+0000] {logging_mixin.py:188} INFO - [2025-08-19T03:22:50.917+0000] {dag.py:3954} INFO - Setting next_dagrun for example_external_task_marker_parent to None, run_after=None
[2025-08-19T03:22:50.940+0000] {processor.py:183} INFO - Processing /home/airflow/.local/lib/python3.12/site-packages/airflow/example_dags/example_external_task_marker_dag.py took 0.092 seconds
[2025-08-19T03:23:21.247+0000] {processor.py:161} INFO - Started process (PID=23637) to work on /home/airflow/.local/lib/python3.12/site-packages/airflow/example_dags/example_external_task_marker_dag.py
[2025-08-19T03:23:21.249+0000] {processor.py:830} INFO - Processing file /home/airflow/.local/lib/python3.12/site-packages/airflow/example_dags/example_external_task_marker_dag.py for tasks to queue
[2025-08-19T03:23:21.250+0000] {logging_mixin.py:188} INFO - [2025-08-19T03:23:21.249+0000] {dagbag.py:545} INFO - Filling up the DagBag from /home/airflow/.local/lib/python3.12/site-packages/airflow/example_dags/example_external_task_marker_dag.py
[2025-08-19T03:23:21.257+0000] {processor.py:840} INFO - DAG(s) 'example_external_task_marker_child', 'example_external_task_marker_parent' retrieved from /home/airflow/.local/lib/python3.12/site-packages/airflow/example_dags/example_external_task_marker_dag.py
[2025-08-19T03:23:21.283+0000] {logging_mixin.py:188} INFO - [2025-08-19T03:23:21.283+0000] {dag.py:3096} INFO - Sync 2 DAGs
[2025-08-19T03:23:21.297+0000] {logging_mixin.py:188} INFO - [2025-08-19T03:23:21.296+0000] {dag.py:3954} INFO - Setting next_dagrun for example_external_task_marker_child to None, run_after=None
[2025-08-19T03:23:21.300+0000] {logging_mixin.py:188} INFO - [2025-08-19T03:23:21.300+0000] {dag.py:3954} INFO - Setting next_dagrun for example_external_task_marker_parent to None, run_after=None
[2025-08-19T03:23:21.325+0000] {processor.py:183} INFO - Processing /home/airflow/.local/lib/python3.12/site-packages/airflow/example_dags/example_external_task_marker_dag.py took 0.083 seconds
[2025-08-19T03:23:51.741+0000] {processor.py:161} INFO - Started process (PID=23690) to work on /home/airflow/.local/lib/python3.12/site-packages/airflow/example_dags/example_external_task_marker_dag.py
[2025-08-19T03:23:51.742+0000] {processor.py:830} INFO - Processing file /home/airflow/.local/lib/python3.12/site-packages/airflow/example_dags/example_external_task_marker_dag.py for tasks to queue
[2025-08-19T03:23:51.744+0000] {logging_mixin.py:188} INFO - [2025-08-19T03:23:51.744+0000] {dagbag.py:545} INFO - Filling up the DagBag from /home/airflow/.local/lib/python3.12/site-packages/airflow/example_dags/example_external_task_marker_dag.py
[2025-08-19T03:23:51.750+0000] {processor.py:840} INFO - DAG(s) 'example_external_task_marker_parent', 'example_external_task_marker_child' retrieved from /home/airflow/.local/lib/python3.12/site-packages/airflow/example_dags/example_external_task_marker_dag.py
[2025-08-19T03:23:51.776+0000] {logging_mixin.py:188} INFO - [2025-08-19T03:23:51.776+0000] {dag.py:3096} INFO - Sync 2 DAGs
[2025-08-19T03:23:51.789+0000] {logging_mixin.py:188} INFO - [2025-08-19T03:23:51.789+0000] {dag.py:3954} INFO - Setting next_dagrun for example_external_task_marker_child to None, run_after=None
[2025-08-19T03:23:51.794+0000] {logging_mixin.py:188} INFO - [2025-08-19T03:23:51.793+0000] {dag.py:3954} INFO - Setting next_dagrun for example_external_task_marker_parent to None, run_after=None
[2025-08-19T03:23:51.811+0000] {processor.py:183} INFO - Processing /home/airflow/.local/lib/python3.12/site-packages/airflow/example_dags/example_external_task_marker_dag.py took 0.076 seconds
[2025-08-19T03:24:22.366+0000] {processor.py:161} INFO - Started process (PID=23743) to work on /home/airflow/.local/lib/python3.12/site-packages/airflow/example_dags/example_external_task_marker_dag.py
[2025-08-19T03:24:22.368+0000] {processor.py:830} INFO - Processing file /home/airflow/.local/lib/python3.12/site-packages/airflow/example_dags/example_external_task_marker_dag.py for tasks to queue
[2025-08-19T03:24:22.369+0000] {logging_mixin.py:188} INFO - [2025-08-19T03:24:22.368+0000] {dagbag.py:545} INFO - Filling up the DagBag from /home/airflow/.local/lib/python3.12/site-packages/airflow/example_dags/example_external_task_marker_dag.py
[2025-08-19T03:24:22.375+0000] {processor.py:840} INFO - DAG(s) 'example_external_task_marker_parent', 'example_external_task_marker_child' retrieved from /home/airflow/.local/lib/python3.12/site-packages/airflow/example_dags/example_external_task_marker_dag.py
[2025-08-19T03:24:22.401+0000] {logging_mixin.py:188} INFO - [2025-08-19T03:24:22.401+0000] {dag.py:3096} INFO - Sync 2 DAGs
[2025-08-19T03:24:22.414+0000] {logging_mixin.py:188} INFO - [2025-08-19T03:24:22.414+0000] {dag.py:3954} INFO - Setting next_dagrun for example_external_task_marker_child to None, run_after=None
[2025-08-19T03:24:22.419+0000] {logging_mixin.py:188} INFO - [2025-08-19T03:24:22.419+0000] {dag.py:3954} INFO - Setting next_dagrun for example_external_task_marker_parent to None, run_after=None
[2025-08-19T03:24:22.442+0000] {processor.py:183} INFO - Processing /home/airflow/.local/lib/python3.12/site-packages/airflow/example_dags/example_external_task_marker_dag.py took 0.083 seconds
[2025-08-19T03:24:52.991+0000] {processor.py:161} INFO - Started process (PID=23796) to work on /home/airflow/.local/lib/python3.12/site-packages/airflow/example_dags/example_external_task_marker_dag.py
[2025-08-19T03:24:52.993+0000] {processor.py:830} INFO - Processing file /home/airflow/.local/lib/python3.12/site-packages/airflow/example_dags/example_external_task_marker_dag.py for tasks to queue
[2025-08-19T03:24:52.995+0000] {logging_mixin.py:188} INFO - [2025-08-19T03:24:52.994+0000] {dagbag.py:545} INFO - Filling up the DagBag from /home/airflow/.local/lib/python3.12/site-packages/airflow/example_dags/example_external_task_marker_dag.py
[2025-08-19T03:24:53.005+0000] {processor.py:840} INFO - DAG(s) 'example_external_task_marker_parent', 'example_external_task_marker_child' retrieved from /home/airflow/.local/lib/python3.12/site-packages/airflow/example_dags/example_external_task_marker_dag.py
[2025-08-19T03:24:53.032+0000] {logging_mixin.py:188} INFO - [2025-08-19T03:24:53.032+0000] {dag.py:3096} INFO - Sync 2 DAGs
[2025-08-19T03:24:53.047+0000] {logging_mixin.py:188} INFO - [2025-08-19T03:24:53.047+0000] {dag.py:3954} INFO - Setting next_dagrun for example_external_task_marker_child to None, run_after=None
[2025-08-19T03:24:53.053+0000] {logging_mixin.py:188} INFO - [2025-08-19T03:24:53.052+0000] {dag.py:3954} INFO - Setting next_dagrun for example_external_task_marker_parent to None, run_after=None
[2025-08-19T03:24:53.072+0000] {processor.py:183} INFO - Processing /home/airflow/.local/lib/python3.12/site-packages/airflow/example_dags/example_external_task_marker_dag.py took 0.087 seconds
[2025-08-19T03:25:23.603+0000] {processor.py:161} INFO - Started process (PID=23849) to work on /home/airflow/.local/lib/python3.12/site-packages/airflow/example_dags/example_external_task_marker_dag.py
[2025-08-19T03:25:23.604+0000] {processor.py:830} INFO - Processing file /home/airflow/.local/lib/python3.12/site-packages/airflow/example_dags/example_external_task_marker_dag.py for tasks to queue
[2025-08-19T03:25:23.605+0000] {logging_mixin.py:188} INFO - [2025-08-19T03:25:23.605+0000] {dagbag.py:545} INFO - Filling up the DagBag from /home/airflow/.local/lib/python3.12/site-packages/airflow/example_dags/example_external_task_marker_dag.py
[2025-08-19T03:25:23.612+0000] {processor.py:840} INFO - DAG(s) 'example_external_task_marker_parent', 'example_external_task_marker_child' retrieved from /home/airflow/.local/lib/python3.12/site-packages/airflow/example_dags/example_external_task_marker_dag.py
[2025-08-19T03:25:23.638+0000] {logging_mixin.py:188} INFO - [2025-08-19T03:25:23.638+0000] {dag.py:3096} INFO - Sync 2 DAGs
[2025-08-19T03:25:23.652+0000] {logging_mixin.py:188} INFO - [2025-08-19T03:25:23.652+0000] {dag.py:3954} INFO - Setting next_dagrun for example_external_task_marker_child to None, run_after=None
[2025-08-19T03:25:23.656+0000] {logging_mixin.py:188} INFO - [2025-08-19T03:25:23.656+0000] {dag.py:3954} INFO - Setting next_dagrun for example_external_task_marker_parent to None, run_after=None
[2025-08-19T03:25:23.673+0000] {processor.py:183} INFO - Processing /home/airflow/.local/lib/python3.12/site-packages/airflow/example_dags/example_external_task_marker_dag.py took 0.077 seconds
[2025-08-19T03:25:54.010+0000] {processor.py:161} INFO - Started process (PID=23902) to work on /home/airflow/.local/lib/python3.12/site-packages/airflow/example_dags/example_external_task_marker_dag.py
[2025-08-19T03:25:54.012+0000] {processor.py:830} INFO - Processing file /home/airflow/.local/lib/python3.12/site-packages/airflow/example_dags/example_external_task_marker_dag.py for tasks to queue
[2025-08-19T03:25:54.013+0000] {logging_mixin.py:188} INFO - [2025-08-19T03:25:54.013+0000] {dagbag.py:545} INFO - Filling up the DagBag from /home/airflow/.local/lib/python3.12/site-packages/airflow/example_dags/example_external_task_marker_dag.py
[2025-08-19T03:25:54.020+0000] {processor.py:840} INFO - DAG(s) 'example_external_task_marker_child', 'example_external_task_marker_parent' retrieved from /home/airflow/.local/lib/python3.12/site-packages/airflow/example_dags/example_external_task_marker_dag.py
[2025-08-19T03:25:54.051+0000] {logging_mixin.py:188} INFO - [2025-08-19T03:25:54.050+0000] {dag.py:3096} INFO - Sync 2 DAGs
[2025-08-19T03:25:54.065+0000] {logging_mixin.py:188} INFO - [2025-08-19T03:25:54.065+0000] {dag.py:3954} INFO - Setting next_dagrun for example_external_task_marker_child to None, run_after=None
[2025-08-19T03:25:54.070+0000] {logging_mixin.py:188} INFO - [2025-08-19T03:25:54.069+0000] {dag.py:3954} INFO - Setting next_dagrun for example_external_task_marker_parent to None, run_after=None
[2025-08-19T03:25:54.090+0000] {processor.py:183} INFO - Processing /home/airflow/.local/lib/python3.12/site-packages/airflow/example_dags/example_external_task_marker_dag.py took 0.086 seconds
[2025-08-19T03:26:24.369+0000] {processor.py:161} INFO - Started process (PID=23955) to work on /home/airflow/.local/lib/python3.12/site-packages/airflow/example_dags/example_external_task_marker_dag.py
[2025-08-19T03:26:24.370+0000] {processor.py:830} INFO - Processing file /home/airflow/.local/lib/python3.12/site-packages/airflow/example_dags/example_external_task_marker_dag.py for tasks to queue
[2025-08-19T03:26:24.372+0000] {logging_mixin.py:188} INFO - [2025-08-19T03:26:24.372+0000] {dagbag.py:545} INFO - Filling up the DagBag from /home/airflow/.local/lib/python3.12/site-packages/airflow/example_dags/example_external_task_marker_dag.py
[2025-08-19T03:26:24.379+0000] {processor.py:840} INFO - DAG(s) 'example_external_task_marker_child', 'example_external_task_marker_parent' retrieved from /home/airflow/.local/lib/python3.12/site-packages/airflow/example_dags/example_external_task_marker_dag.py
[2025-08-19T03:26:24.409+0000] {logging_mixin.py:188} INFO - [2025-08-19T03:26:24.409+0000] {dag.py:3096} INFO - Sync 2 DAGs
[2025-08-19T03:26:24.426+0000] {logging_mixin.py:188} INFO - [2025-08-19T03:26:24.425+0000] {dag.py:3954} INFO - Setting next_dagrun for example_external_task_marker_child to None, run_after=None
[2025-08-19T03:26:24.430+0000] {logging_mixin.py:188} INFO - [2025-08-19T03:26:24.430+0000] {dag.py:3954} INFO - Setting next_dagrun for example_external_task_marker_parent to None, run_after=None
[2025-08-19T03:26:24.449+0000] {processor.py:183} INFO - Processing /home/airflow/.local/lib/python3.12/site-packages/airflow/example_dags/example_external_task_marker_dag.py took 0.088 seconds
[2025-08-19T03:26:54.861+0000] {processor.py:161} INFO - Started process (PID=24008) to work on /home/airflow/.local/lib/python3.12/site-packages/airflow/example_dags/example_external_task_marker_dag.py
[2025-08-19T03:26:54.862+0000] {processor.py:830} INFO - Processing file /home/airflow/.local/lib/python3.12/site-packages/airflow/example_dags/example_external_task_marker_dag.py for tasks to queue
[2025-08-19T03:26:54.864+0000] {logging_mixin.py:188} INFO - [2025-08-19T03:26:54.863+0000] {dagbag.py:545} INFO - Filling up the DagBag from /home/airflow/.local/lib/python3.12/site-packages/airflow/example_dags/example_external_task_marker_dag.py
[2025-08-19T03:26:54.870+0000] {processor.py:840} INFO - DAG(s) 'example_external_task_marker_parent', 'example_external_task_marker_child' retrieved from /home/airflow/.local/lib/python3.12/site-packages/airflow/example_dags/example_external_task_marker_dag.py
[2025-08-19T03:26:54.898+0000] {logging_mixin.py:188} INFO - [2025-08-19T03:26:54.897+0000] {dag.py:3096} INFO - Sync 2 DAGs
[2025-08-19T03:26:54.912+0000] {logging_mixin.py:188} INFO - [2025-08-19T03:26:54.912+0000] {dag.py:3954} INFO - Setting next_dagrun for example_external_task_marker_child to None, run_after=None
[2025-08-19T03:26:54.917+0000] {logging_mixin.py:188} INFO - [2025-08-19T03:26:54.916+0000] {dag.py:3954} INFO - Setting next_dagrun for example_external_task_marker_parent to None, run_after=None
[2025-08-19T03:26:54.934+0000] {processor.py:183} INFO - Processing /home/airflow/.local/lib/python3.12/site-packages/airflow/example_dags/example_external_task_marker_dag.py took 0.079 seconds
[2025-08-19T03:27:25.318+0000] {processor.py:161} INFO - Started process (PID=24061) to work on /home/airflow/.local/lib/python3.12/site-packages/airflow/example_dags/example_external_task_marker_dag.py
[2025-08-19T03:27:25.319+0000] {processor.py:830} INFO - Processing file /home/airflow/.local/lib/python3.12/site-packages/airflow/example_dags/example_external_task_marker_dag.py for tasks to queue
[2025-08-19T03:27:25.321+0000] {logging_mixin.py:188} INFO - [2025-08-19T03:27:25.320+0000] {dagbag.py:545} INFO - Filling up the DagBag from /home/airflow/.local/lib/python3.12/site-packages/airflow/example_dags/example_external_task_marker_dag.py
[2025-08-19T03:27:25.328+0000] {processor.py:840} INFO - DAG(s) 'example_external_task_marker_child', 'example_external_task_marker_parent' retrieved from /home/airflow/.local/lib/python3.12/site-packages/airflow/example_dags/example_external_task_marker_dag.py
[2025-08-19T03:27:25.354+0000] {logging_mixin.py:188} INFO - [2025-08-19T03:27:25.354+0000] {dag.py:3096} INFO - Sync 2 DAGs
[2025-08-19T03:27:25.368+0000] {logging_mixin.py:188} INFO - [2025-08-19T03:27:25.368+0000] {dag.py:3954} INFO - Setting next_dagrun for example_external_task_marker_child to None, run_after=None
[2025-08-19T03:27:25.373+0000] {logging_mixin.py:188} INFO - [2025-08-19T03:27:25.372+0000] {dag.py:3954} INFO - Setting next_dagrun for example_external_task_marker_parent to None, run_after=None
[2025-08-19T03:27:25.392+0000] {processor.py:183} INFO - Processing /home/airflow/.local/lib/python3.12/site-packages/airflow/example_dags/example_external_task_marker_dag.py took 0.081 seconds
[2025-08-19T03:27:55.829+0000] {processor.py:161} INFO - Started process (PID=24114) to work on /home/airflow/.local/lib/python3.12/site-packages/airflow/example_dags/example_external_task_marker_dag.py
[2025-08-19T03:27:55.830+0000] {processor.py:830} INFO - Processing file /home/airflow/.local/lib/python3.12/site-packages/airflow/example_dags/example_external_task_marker_dag.py for tasks to queue
[2025-08-19T03:27:55.832+0000] {logging_mixin.py:188} INFO - [2025-08-19T03:27:55.832+0000] {dagbag.py:545} INFO - Filling up the DagBag from /home/airflow/.local/lib/python3.12/site-packages/airflow/example_dags/example_external_task_marker_dag.py
[2025-08-19T03:27:55.839+0000] {processor.py:840} INFO - DAG(s) 'example_external_task_marker_child', 'example_external_task_marker_parent' retrieved from /home/airflow/.local/lib/python3.12/site-packages/airflow/example_dags/example_external_task_marker_dag.py
[2025-08-19T03:27:55.867+0000] {logging_mixin.py:188} INFO - [2025-08-19T03:27:55.867+0000] {dag.py:3096} INFO - Sync 2 DAGs
[2025-08-19T03:27:55.881+0000] {logging_mixin.py:188} INFO - [2025-08-19T03:27:55.881+0000] {dag.py:3954} INFO - Setting next_dagrun for example_external_task_marker_child to None, run_after=None
[2025-08-19T03:27:55.885+0000] {logging_mixin.py:188} INFO - [2025-08-19T03:27:55.885+0000] {dag.py:3954} INFO - Setting next_dagrun for example_external_task_marker_parent to None, run_after=None
[2025-08-19T03:27:55.903+0000] {processor.py:183} INFO - Processing /home/airflow/.local/lib/python3.12/site-packages/airflow/example_dags/example_external_task_marker_dag.py took 0.080 seconds
[2025-08-19T03:28:26.254+0000] {processor.py:161} INFO - Started process (PID=24167) to work on /home/airflow/.local/lib/python3.12/site-packages/airflow/example_dags/example_external_task_marker_dag.py
[2025-08-19T03:28:26.255+0000] {processor.py:830} INFO - Processing file /home/airflow/.local/lib/python3.12/site-packages/airflow/example_dags/example_external_task_marker_dag.py for tasks to queue
[2025-08-19T03:28:26.257+0000] {logging_mixin.py:188} INFO - [2025-08-19T03:28:26.256+0000] {dagbag.py:545} INFO - Filling up the DagBag from /home/airflow/.local/lib/python3.12/site-packages/airflow/example_dags/example_external_task_marker_dag.py
[2025-08-19T03:28:26.263+0000] {processor.py:840} INFO - DAG(s) 'example_external_task_marker_parent', 'example_external_task_marker_child' retrieved from /home/airflow/.local/lib/python3.12/site-packages/airflow/example_dags/example_external_task_marker_dag.py
[2025-08-19T03:28:26.290+0000] {logging_mixin.py:188} INFO - [2025-08-19T03:28:26.290+0000] {dag.py:3096} INFO - Sync 2 DAGs
[2025-08-19T03:28:26.303+0000] {logging_mixin.py:188} INFO - [2025-08-19T03:28:26.303+0000] {dag.py:3954} INFO - Setting next_dagrun for example_external_task_marker_child to None, run_after=None
[2025-08-19T03:28:26.308+0000] {logging_mixin.py:188} INFO - [2025-08-19T03:28:26.307+0000] {dag.py:3954} INFO - Setting next_dagrun for example_external_task_marker_parent to None, run_after=None
[2025-08-19T03:28:26.326+0000] {processor.py:183} INFO - Processing /home/airflow/.local/lib/python3.12/site-packages/airflow/example_dags/example_external_task_marker_dag.py took 0.079 seconds
[2025-08-19T03:28:56.718+0000] {processor.py:161} INFO - Started process (PID=24220) to work on /home/airflow/.local/lib/python3.12/site-packages/airflow/example_dags/example_external_task_marker_dag.py
[2025-08-19T03:28:56.719+0000] {processor.py:830} INFO - Processing file /home/airflow/.local/lib/python3.12/site-packages/airflow/example_dags/example_external_task_marker_dag.py for tasks to queue
[2025-08-19T03:28:56.720+0000] {logging_mixin.py:188} INFO - [2025-08-19T03:28:56.720+0000] {dagbag.py:545} INFO - Filling up the DagBag from /home/airflow/.local/lib/python3.12/site-packages/airflow/example_dags/example_external_task_marker_dag.py
[2025-08-19T03:28:56.730+0000] {processor.py:840} INFO - DAG(s) 'example_external_task_marker_parent', 'example_external_task_marker_child' retrieved from /home/airflow/.local/lib/python3.12/site-packages/airflow/example_dags/example_external_task_marker_dag.py
[2025-08-19T03:28:56.756+0000] {logging_mixin.py:188} INFO - [2025-08-19T03:28:56.756+0000] {dag.py:3096} INFO - Sync 2 DAGs
[2025-08-19T03:28:56.769+0000] {logging_mixin.py:188} INFO - [2025-08-19T03:28:56.769+0000] {dag.py:3954} INFO - Setting next_dagrun for example_external_task_marker_child to None, run_after=None
[2025-08-19T03:28:56.774+0000] {logging_mixin.py:188} INFO - [2025-08-19T03:28:56.773+0000] {dag.py:3954} INFO - Setting next_dagrun for example_external_task_marker_parent to None, run_after=None
[2025-08-19T03:28:56.793+0000] {processor.py:183} INFO - Processing /home/airflow/.local/lib/python3.12/site-packages/airflow/example_dags/example_external_task_marker_dag.py took 0.081 seconds
[2025-08-19T03:29:27.056+0000] {processor.py:161} INFO - Started process (PID=24273) to work on /home/airflow/.local/lib/python3.12/site-packages/airflow/example_dags/example_external_task_marker_dag.py
[2025-08-19T03:29:27.057+0000] {processor.py:830} INFO - Processing file /home/airflow/.local/lib/python3.12/site-packages/airflow/example_dags/example_external_task_marker_dag.py for tasks to queue
[2025-08-19T03:29:27.058+0000] {logging_mixin.py:188} INFO - [2025-08-19T03:29:27.058+0000] {dagbag.py:545} INFO - Filling up the DagBag from /home/airflow/.local/lib/python3.12/site-packages/airflow/example_dags/example_external_task_marker_dag.py
[2025-08-19T03:29:27.065+0000] {processor.py:840} INFO - DAG(s) 'example_external_task_marker_child', 'example_external_task_marker_parent' retrieved from /home/airflow/.local/lib/python3.12/site-packages/airflow/example_dags/example_external_task_marker_dag.py
[2025-08-19T03:29:27.092+0000] {logging_mixin.py:188} INFO - [2025-08-19T03:29:27.092+0000] {dag.py:3096} INFO - Sync 2 DAGs
[2025-08-19T03:29:27.107+0000] {logging_mixin.py:188} INFO - [2025-08-19T03:29:27.107+0000] {dag.py:3954} INFO - Setting next_dagrun for example_external_task_marker_child to None, run_after=None
[2025-08-19T03:29:27.112+0000] {logging_mixin.py:188} INFO - [2025-08-19T03:29:27.111+0000] {dag.py:3954} INFO - Setting next_dagrun for example_external_task_marker_parent to None, run_after=None
[2025-08-19T03:29:27.129+0000] {processor.py:183} INFO - Processing /home/airflow/.local/lib/python3.12/site-packages/airflow/example_dags/example_external_task_marker_dag.py took 0.079 seconds
[2025-08-19T03:29:57.424+0000] {processor.py:161} INFO - Started process (PID=24326) to work on /home/airflow/.local/lib/python3.12/site-packages/airflow/example_dags/example_external_task_marker_dag.py
[2025-08-19T03:29:57.425+0000] {processor.py:830} INFO - Processing file /home/airflow/.local/lib/python3.12/site-packages/airflow/example_dags/example_external_task_marker_dag.py for tasks to queue
[2025-08-19T03:29:57.426+0000] {logging_mixin.py:188} INFO - [2025-08-19T03:29:57.426+0000] {dagbag.py:545} INFO - Filling up the DagBag from /home/airflow/.local/lib/python3.12/site-packages/airflow/example_dags/example_external_task_marker_dag.py
[2025-08-19T03:29:57.434+0000] {processor.py:840} INFO - DAG(s) 'example_external_task_marker_parent', 'example_external_task_marker_child' retrieved from /home/airflow/.local/lib/python3.12/site-packages/airflow/example_dags/example_external_task_marker_dag.py
[2025-08-19T03:29:57.461+0000] {logging_mixin.py:188} INFO - [2025-08-19T03:29:57.461+0000] {dag.py:3096} INFO - Sync 2 DAGs
[2025-08-19T03:29:57.475+0000] {logging_mixin.py:188} INFO - [2025-08-19T03:29:57.475+0000] {dag.py:3954} INFO - Setting next_dagrun for example_external_task_marker_child to None, run_after=None
[2025-08-19T03:29:57.479+0000] {logging_mixin.py:188} INFO - [2025-08-19T03:29:57.479+0000] {dag.py:3954} INFO - Setting next_dagrun for example_external_task_marker_parent to None, run_after=None
[2025-08-19T03:29:57.497+0000] {processor.py:183} INFO - Processing /home/airflow/.local/lib/python3.12/site-packages/airflow/example_dags/example_external_task_marker_dag.py took 0.079 seconds
[2025-08-19T03:30:27.912+0000] {processor.py:161} INFO - Started process (PID=24379) to work on /home/airflow/.local/lib/python3.12/site-packages/airflow/example_dags/example_external_task_marker_dag.py
[2025-08-19T03:30:27.914+0000] {processor.py:830} INFO - Processing file /home/airflow/.local/lib/python3.12/site-packages/airflow/example_dags/example_external_task_marker_dag.py for tasks to queue
[2025-08-19T03:30:27.915+0000] {logging_mixin.py:188} INFO - [2025-08-19T03:30:27.914+0000] {dagbag.py:545} INFO - Filling up the DagBag from /home/airflow/.local/lib/python3.12/site-packages/airflow/example_dags/example_external_task_marker_dag.py
[2025-08-19T03:30:27.922+0000] {processor.py:840} INFO - DAG(s) 'example_external_task_marker_child', 'example_external_task_marker_parent' retrieved from /home/airflow/.local/lib/python3.12/site-packages/airflow/example_dags/example_external_task_marker_dag.py
[2025-08-19T03:30:27.948+0000] {logging_mixin.py:188} INFO - [2025-08-19T03:30:27.948+0000] {dag.py:3096} INFO - Sync 2 DAGs
[2025-08-19T03:30:27.962+0000] {logging_mixin.py:188} INFO - [2025-08-19T03:30:27.961+0000] {dag.py:3954} INFO - Setting next_dagrun for example_external_task_marker_child to None, run_after=None
[2025-08-19T03:30:27.965+0000] {logging_mixin.py:188} INFO - [2025-08-19T03:30:27.965+0000] {dag.py:3954} INFO - Setting next_dagrun for example_external_task_marker_parent to None, run_after=None
[2025-08-19T03:30:27.985+0000] {processor.py:183} INFO - Processing /home/airflow/.local/lib/python3.12/site-packages/airflow/example_dags/example_external_task_marker_dag.py took 0.079 seconds
[2025-08-19T03:30:58.582+0000] {processor.py:161} INFO - Started process (PID=24432) to work on /home/airflow/.local/lib/python3.12/site-packages/airflow/example_dags/example_external_task_marker_dag.py
[2025-08-19T03:30:58.584+0000] {processor.py:830} INFO - Processing file /home/airflow/.local/lib/python3.12/site-packages/airflow/example_dags/example_external_task_marker_dag.py for tasks to queue
[2025-08-19T03:30:58.585+0000] {logging_mixin.py:188} INFO - [2025-08-19T03:30:58.585+0000] {dagbag.py:545} INFO - Filling up the DagBag from /home/airflow/.local/lib/python3.12/site-packages/airflow/example_dags/example_external_task_marker_dag.py
[2025-08-19T03:30:58.592+0000] {processor.py:840} INFO - DAG(s) 'example_external_task_marker_child', 'example_external_task_marker_parent' retrieved from /home/airflow/.local/lib/python3.12/site-packages/airflow/example_dags/example_external_task_marker_dag.py
[2025-08-19T03:30:58.619+0000] {logging_mixin.py:188} INFO - [2025-08-19T03:30:58.619+0000] {dag.py:3096} INFO - Sync 2 DAGs
[2025-08-19T03:30:58.633+0000] {logging_mixin.py:188} INFO - [2025-08-19T03:30:58.633+0000] {dag.py:3954} INFO - Setting next_dagrun for example_external_task_marker_child to None, run_after=None
[2025-08-19T03:30:58.638+0000] {logging_mixin.py:188} INFO - [2025-08-19T03:30:58.637+0000] {dag.py:3954} INFO - Setting next_dagrun for example_external_task_marker_parent to None, run_after=None
[2025-08-19T03:30:58.656+0000] {processor.py:183} INFO - Processing /home/airflow/.local/lib/python3.12/site-packages/airflow/example_dags/example_external_task_marker_dag.py took 0.081 seconds
[2025-08-19T03:31:28.985+0000] {processor.py:161} INFO - Started process (PID=24485) to work on /home/airflow/.local/lib/python3.12/site-packages/airflow/example_dags/example_external_task_marker_dag.py
[2025-08-19T03:31:28.987+0000] {processor.py:830} INFO - Processing file /home/airflow/.local/lib/python3.12/site-packages/airflow/example_dags/example_external_task_marker_dag.py for tasks to queue
[2025-08-19T03:31:28.989+0000] {logging_mixin.py:188} INFO - [2025-08-19T03:31:28.988+0000] {dagbag.py:545} INFO - Filling up the DagBag from /home/airflow/.local/lib/python3.12/site-packages/airflow/example_dags/example_external_task_marker_dag.py
[2025-08-19T03:31:28.998+0000] {processor.py:840} INFO - DAG(s) 'example_external_task_marker_parent', 'example_external_task_marker_child' retrieved from /home/airflow/.local/lib/python3.12/site-packages/airflow/example_dags/example_external_task_marker_dag.py
[2025-08-19T03:31:29.026+0000] {logging_mixin.py:188} INFO - [2025-08-19T03:31:29.025+0000] {dag.py:3096} INFO - Sync 2 DAGs
[2025-08-19T03:31:29.040+0000] {logging_mixin.py:188} INFO - [2025-08-19T03:31:29.039+0000] {dag.py:3954} INFO - Setting next_dagrun for example_external_task_marker_child to None, run_after=None
[2025-08-19T03:31:29.044+0000] {logging_mixin.py:188} INFO - [2025-08-19T03:31:29.044+0000] {dag.py:3954} INFO - Setting next_dagrun for example_external_task_marker_parent to None, run_after=None
[2025-08-19T03:31:29.064+0000] {processor.py:183} INFO - Processing /home/airflow/.local/lib/python3.12/site-packages/airflow/example_dags/example_external_task_marker_dag.py took 0.088 seconds
[2025-08-19T03:31:59.176+0000] {processor.py:161} INFO - Started process (PID=24538) to work on /home/airflow/.local/lib/python3.12/site-packages/airflow/example_dags/example_external_task_marker_dag.py
[2025-08-19T03:31:59.177+0000] {processor.py:830} INFO - Processing file /home/airflow/.local/lib/python3.12/site-packages/airflow/example_dags/example_external_task_marker_dag.py for tasks to queue
[2025-08-19T03:31:59.179+0000] {logging_mixin.py:188} INFO - [2025-08-19T03:31:59.178+0000] {dagbag.py:545} INFO - Filling up the DagBag from /home/airflow/.local/lib/python3.12/site-packages/airflow/example_dags/example_external_task_marker_dag.py
[2025-08-19T03:31:59.187+0000] {processor.py:840} INFO - DAG(s) 'example_external_task_marker_parent', 'example_external_task_marker_child' retrieved from /home/airflow/.local/lib/python3.12/site-packages/airflow/example_dags/example_external_task_marker_dag.py
[2025-08-19T03:31:59.218+0000] {logging_mixin.py:188} INFO - [2025-08-19T03:31:59.217+0000] {dag.py:3096} INFO - Sync 2 DAGs
[2025-08-19T03:31:59.233+0000] {logging_mixin.py:188} INFO - [2025-08-19T03:31:59.233+0000] {dag.py:3954} INFO - Setting next_dagrun for example_external_task_marker_child to None, run_after=None
[2025-08-19T03:31:59.238+0000] {logging_mixin.py:188} INFO - [2025-08-19T03:31:59.238+0000] {dag.py:3954} INFO - Setting next_dagrun for example_external_task_marker_parent to None, run_after=None
[2025-08-19T03:31:59.257+0000] {processor.py:183} INFO - Processing /home/airflow/.local/lib/python3.12/site-packages/airflow/example_dags/example_external_task_marker_dag.py took 0.089 seconds
[2025-08-19T03:32:29.908+0000] {processor.py:161} INFO - Started process (PID=24591) to work on /home/airflow/.local/lib/python3.12/site-packages/airflow/example_dags/example_external_task_marker_dag.py
[2025-08-19T03:32:29.910+0000] {processor.py:830} INFO - Processing file /home/airflow/.local/lib/python3.12/site-packages/airflow/example_dags/example_external_task_marker_dag.py for tasks to queue
[2025-08-19T03:32:29.911+0000] {logging_mixin.py:188} INFO - [2025-08-19T03:32:29.911+0000] {dagbag.py:545} INFO - Filling up the DagBag from /home/airflow/.local/lib/python3.12/site-packages/airflow/example_dags/example_external_task_marker_dag.py
[2025-08-19T03:32:29.923+0000] {processor.py:840} INFO - DAG(s) 'example_external_task_marker_child', 'example_external_task_marker_parent' retrieved from /home/airflow/.local/lib/python3.12/site-packages/airflow/example_dags/example_external_task_marker_dag.py
[2025-08-19T03:32:29.955+0000] {logging_mixin.py:188} INFO - [2025-08-19T03:32:29.955+0000] {dag.py:3096} INFO - Sync 2 DAGs
[2025-08-19T03:32:29.969+0000] {logging_mixin.py:188} INFO - [2025-08-19T03:32:29.969+0000] {dag.py:3954} INFO - Setting next_dagrun for example_external_task_marker_child to None, run_after=None
[2025-08-19T03:32:29.974+0000] {logging_mixin.py:188} INFO - [2025-08-19T03:32:29.974+0000] {dag.py:3954} INFO - Setting next_dagrun for example_external_task_marker_parent to None, run_after=None
[2025-08-19T03:32:30.001+0000] {processor.py:183} INFO - Processing /home/airflow/.local/lib/python3.12/site-packages/airflow/example_dags/example_external_task_marker_dag.py took 0.099 seconds
[2025-08-19T03:33:00.731+0000] {processor.py:161} INFO - Started process (PID=24644) to work on /home/airflow/.local/lib/python3.12/site-packages/airflow/example_dags/example_external_task_marker_dag.py
[2025-08-19T03:33:00.734+0000] {processor.py:830} INFO - Processing file /home/airflow/.local/lib/python3.12/site-packages/airflow/example_dags/example_external_task_marker_dag.py for tasks to queue
[2025-08-19T03:33:00.736+0000] {logging_mixin.py:188} INFO - [2025-08-19T03:33:00.736+0000] {dagbag.py:545} INFO - Filling up the DagBag from /home/airflow/.local/lib/python3.12/site-packages/airflow/example_dags/example_external_task_marker_dag.py
[2025-08-19T03:33:00.752+0000] {processor.py:840} INFO - DAG(s) 'example_external_task_marker_parent', 'example_external_task_marker_child' retrieved from /home/airflow/.local/lib/python3.12/site-packages/airflow/example_dags/example_external_task_marker_dag.py
[2025-08-19T03:33:00.809+0000] {logging_mixin.py:188} INFO - [2025-08-19T03:33:00.808+0000] {dag.py:3096} INFO - Sync 2 DAGs
[2025-08-19T03:33:00.839+0000] {logging_mixin.py:188} INFO - [2025-08-19T03:33:00.839+0000] {dag.py:3954} INFO - Setting next_dagrun for example_external_task_marker_child to None, run_after=None
[2025-08-19T03:33:00.848+0000] {logging_mixin.py:188} INFO - [2025-08-19T03:33:00.847+0000] {dag.py:3954} INFO - Setting next_dagrun for example_external_task_marker_parent to None, run_after=None
[2025-08-19T03:33:00.899+0000] {processor.py:183} INFO - Processing /home/airflow/.local/lib/python3.12/site-packages/airflow/example_dags/example_external_task_marker_dag.py took 0.179 seconds
[2025-08-19T03:33:34.809+0000] {processor.py:161} INFO - Started process (PID=24697) to work on /home/airflow/.local/lib/python3.12/site-packages/airflow/example_dags/example_external_task_marker_dag.py
[2025-08-19T03:33:34.825+0000] {processor.py:830} INFO - Processing file /home/airflow/.local/lib/python3.12/site-packages/airflow/example_dags/example_external_task_marker_dag.py for tasks to queue
[2025-08-19T03:33:34.830+0000] {logging_mixin.py:188} INFO - [2025-08-19T03:33:34.829+0000] {dagbag.py:545} INFO - Filling up the DagBag from /home/airflow/.local/lib/python3.12/site-packages/airflow/example_dags/example_external_task_marker_dag.py
[2025-08-19T03:33:34.869+0000] {processor.py:840} INFO - DAG(s) 'example_external_task_marker_child', 'example_external_task_marker_parent' retrieved from /home/airflow/.local/lib/python3.12/site-packages/airflow/example_dags/example_external_task_marker_dag.py
[2025-08-19T03:33:35.036+0000] {logging_mixin.py:188} INFO - [2025-08-19T03:33:35.035+0000] {dag.py:3096} INFO - Sync 2 DAGs
[2025-08-19T03:33:35.134+0000] {logging_mixin.py:188} INFO - [2025-08-19T03:33:35.133+0000] {dag.py:3954} INFO - Setting next_dagrun for example_external_task_marker_child to None, run_after=None
[2025-08-19T03:33:35.152+0000] {logging_mixin.py:188} INFO - [2025-08-19T03:33:35.151+0000] {dag.py:3954} INFO - Setting next_dagrun for example_external_task_marker_parent to None, run_after=None
[2025-08-19T03:33:35.267+0000] {processor.py:183} INFO - Processing /home/airflow/.local/lib/python3.12/site-packages/airflow/example_dags/example_external_task_marker_dag.py took 0.489 seconds
[2025-08-19T03:34:05.520+0000] {processor.py:161} INFO - Started process (PID=24750) to work on /home/airflow/.local/lib/python3.12/site-packages/airflow/example_dags/example_external_task_marker_dag.py
[2025-08-19T03:34:05.521+0000] {processor.py:830} INFO - Processing file /home/airflow/.local/lib/python3.12/site-packages/airflow/example_dags/example_external_task_marker_dag.py for tasks to queue
[2025-08-19T03:34:05.523+0000] {logging_mixin.py:188} INFO - [2025-08-19T03:34:05.522+0000] {dagbag.py:545} INFO - Filling up the DagBag from /home/airflow/.local/lib/python3.12/site-packages/airflow/example_dags/example_external_task_marker_dag.py
[2025-08-19T03:34:05.530+0000] {processor.py:840} INFO - DAG(s) 'example_external_task_marker_parent', 'example_external_task_marker_child' retrieved from /home/airflow/.local/lib/python3.12/site-packages/airflow/example_dags/example_external_task_marker_dag.py
[2025-08-19T03:34:05.560+0000] {logging_mixin.py:188} INFO - [2025-08-19T03:34:05.560+0000] {dag.py:3096} INFO - Sync 2 DAGs
[2025-08-19T03:34:05.576+0000] {logging_mixin.py:188} INFO - [2025-08-19T03:34:05.575+0000] {dag.py:3954} INFO - Setting next_dagrun for example_external_task_marker_child to None, run_after=None
[2025-08-19T03:34:05.581+0000] {logging_mixin.py:188} INFO - [2025-08-19T03:34:05.581+0000] {dag.py:3954} INFO - Setting next_dagrun for example_external_task_marker_parent to None, run_after=None
[2025-08-19T03:34:05.605+0000] {processor.py:183} INFO - Processing /home/airflow/.local/lib/python3.12/site-packages/airflow/example_dags/example_external_task_marker_dag.py took 0.092 seconds
[2025-08-19T03:34:36.128+0000] {processor.py:161} INFO - Started process (PID=24803) to work on /home/airflow/.local/lib/python3.12/site-packages/airflow/example_dags/example_external_task_marker_dag.py
[2025-08-19T03:34:36.130+0000] {processor.py:830} INFO - Processing file /home/airflow/.local/lib/python3.12/site-packages/airflow/example_dags/example_external_task_marker_dag.py for tasks to queue
[2025-08-19T03:34:36.131+0000] {logging_mixin.py:188} INFO - [2025-08-19T03:34:36.131+0000] {dagbag.py:545} INFO - Filling up the DagBag from /home/airflow/.local/lib/python3.12/site-packages/airflow/example_dags/example_external_task_marker_dag.py
[2025-08-19T03:34:36.139+0000] {processor.py:840} INFO - DAG(s) 'example_external_task_marker_child', 'example_external_task_marker_parent' retrieved from /home/airflow/.local/lib/python3.12/site-packages/airflow/example_dags/example_external_task_marker_dag.py
[2025-08-19T03:34:36.169+0000] {logging_mixin.py:188} INFO - [2025-08-19T03:34:36.168+0000] {dag.py:3096} INFO - Sync 2 DAGs
[2025-08-19T03:34:36.183+0000] {logging_mixin.py:188} INFO - [2025-08-19T03:34:36.183+0000] {dag.py:3954} INFO - Setting next_dagrun for example_external_task_marker_child to None, run_after=None
[2025-08-19T03:34:36.188+0000] {logging_mixin.py:188} INFO - [2025-08-19T03:34:36.188+0000] {dag.py:3954} INFO - Setting next_dagrun for example_external_task_marker_parent to None, run_after=None
[2025-08-19T03:34:36.222+0000] {processor.py:183} INFO - Processing /home/airflow/.local/lib/python3.12/site-packages/airflow/example_dags/example_external_task_marker_dag.py took 0.102 seconds
[2025-08-19T03:35:06.337+0000] {processor.py:161} INFO - Started process (PID=24856) to work on /home/airflow/.local/lib/python3.12/site-packages/airflow/example_dags/example_external_task_marker_dag.py
[2025-08-19T03:35:06.338+0000] {processor.py:830} INFO - Processing file /home/airflow/.local/lib/python3.12/site-packages/airflow/example_dags/example_external_task_marker_dag.py for tasks to queue
[2025-08-19T03:35:06.339+0000] {logging_mixin.py:188} INFO - [2025-08-19T03:35:06.339+0000] {dagbag.py:545} INFO - Filling up the DagBag from /home/airflow/.local/lib/python3.12/site-packages/airflow/example_dags/example_external_task_marker_dag.py
[2025-08-19T03:35:06.347+0000] {processor.py:840} INFO - DAG(s) 'example_external_task_marker_parent', 'example_external_task_marker_child' retrieved from /home/airflow/.local/lib/python3.12/site-packages/airflow/example_dags/example_external_task_marker_dag.py
[2025-08-19T03:35:06.375+0000] {logging_mixin.py:188} INFO - [2025-08-19T03:35:06.375+0000] {dag.py:3096} INFO - Sync 2 DAGs
[2025-08-19T03:35:06.390+0000] {logging_mixin.py:188} INFO - [2025-08-19T03:35:06.390+0000] {dag.py:3954} INFO - Setting next_dagrun for example_external_task_marker_child to None, run_after=None
[2025-08-19T03:35:06.395+0000] {logging_mixin.py:188} INFO - [2025-08-19T03:35:06.395+0000] {dag.py:3954} INFO - Setting next_dagrun for example_external_task_marker_parent to None, run_after=None
[2025-08-19T03:35:06.417+0000] {processor.py:183} INFO - Processing /home/airflow/.local/lib/python3.12/site-packages/airflow/example_dags/example_external_task_marker_dag.py took 0.086 seconds
[2025-08-19T03:35:37.017+0000] {processor.py:161} INFO - Started process (PID=24909) to work on /home/airflow/.local/lib/python3.12/site-packages/airflow/example_dags/example_external_task_marker_dag.py
[2025-08-19T03:35:37.018+0000] {processor.py:830} INFO - Processing file /home/airflow/.local/lib/python3.12/site-packages/airflow/example_dags/example_external_task_marker_dag.py for tasks to queue
[2025-08-19T03:35:37.021+0000] {logging_mixin.py:188} INFO - [2025-08-19T03:35:37.020+0000] {dagbag.py:545} INFO - Filling up the DagBag from /home/airflow/.local/lib/python3.12/site-packages/airflow/example_dags/example_external_task_marker_dag.py
[2025-08-19T03:35:37.029+0000] {processor.py:840} INFO - DAG(s) 'example_external_task_marker_parent', 'example_external_task_marker_child' retrieved from /home/airflow/.local/lib/python3.12/site-packages/airflow/example_dags/example_external_task_marker_dag.py
[2025-08-19T03:35:37.064+0000] {logging_mixin.py:188} INFO - [2025-08-19T03:35:37.064+0000] {dag.py:3096} INFO - Sync 2 DAGs
[2025-08-19T03:35:37.085+0000] {logging_mixin.py:188} INFO - [2025-08-19T03:35:37.084+0000] {dag.py:3954} INFO - Setting next_dagrun for example_external_task_marker_child to None, run_after=None
[2025-08-19T03:35:37.092+0000] {logging_mixin.py:188} INFO - [2025-08-19T03:35:37.092+0000] {dag.py:3954} INFO - Setting next_dagrun for example_external_task_marker_parent to None, run_after=None
[2025-08-19T03:35:37.124+0000] {processor.py:183} INFO - Processing /home/airflow/.local/lib/python3.12/site-packages/airflow/example_dags/example_external_task_marker_dag.py took 0.116 seconds
[2025-08-19T03:36:07.506+0000] {processor.py:161} INFO - Started process (PID=24962) to work on /home/airflow/.local/lib/python3.12/site-packages/airflow/example_dags/example_external_task_marker_dag.py
[2025-08-19T03:36:07.509+0000] {processor.py:830} INFO - Processing file /home/airflow/.local/lib/python3.12/site-packages/airflow/example_dags/example_external_task_marker_dag.py for tasks to queue
[2025-08-19T03:36:07.510+0000] {logging_mixin.py:188} INFO - [2025-08-19T03:36:07.510+0000] {dagbag.py:545} INFO - Filling up the DagBag from /home/airflow/.local/lib/python3.12/site-packages/airflow/example_dags/example_external_task_marker_dag.py
[2025-08-19T03:36:07.518+0000] {processor.py:840} INFO - DAG(s) 'example_external_task_marker_parent', 'example_external_task_marker_child' retrieved from /home/airflow/.local/lib/python3.12/site-packages/airflow/example_dags/example_external_task_marker_dag.py
[2025-08-19T03:36:07.548+0000] {logging_mixin.py:188} INFO - [2025-08-19T03:36:07.547+0000] {dag.py:3096} INFO - Sync 2 DAGs
[2025-08-19T03:36:07.562+0000] {logging_mixin.py:188} INFO - [2025-08-19T03:36:07.562+0000] {dag.py:3954} INFO - Setting next_dagrun for example_external_task_marker_child to None, run_after=None
[2025-08-19T03:36:07.567+0000] {logging_mixin.py:188} INFO - [2025-08-19T03:36:07.567+0000] {dag.py:3954} INFO - Setting next_dagrun for example_external_task_marker_parent to None, run_after=None
[2025-08-19T03:36:07.586+0000] {processor.py:183} INFO - Processing /home/airflow/.local/lib/python3.12/site-packages/airflow/example_dags/example_external_task_marker_dag.py took 0.087 seconds
[2025-08-19T03:36:37.634+0000] {processor.py:161} INFO - Started process (PID=25015) to work on /home/airflow/.local/lib/python3.12/site-packages/airflow/example_dags/example_external_task_marker_dag.py
[2025-08-19T03:36:37.636+0000] {processor.py:830} INFO - Processing file /home/airflow/.local/lib/python3.12/site-packages/airflow/example_dags/example_external_task_marker_dag.py for tasks to queue
[2025-08-19T03:36:37.638+0000] {logging_mixin.py:188} INFO - [2025-08-19T03:36:37.637+0000] {dagbag.py:545} INFO - Filling up the DagBag from /home/airflow/.local/lib/python3.12/site-packages/airflow/example_dags/example_external_task_marker_dag.py
[2025-08-19T03:36:37.646+0000] {processor.py:840} INFO - DAG(s) 'example_external_task_marker_child', 'example_external_task_marker_parent' retrieved from /home/airflow/.local/lib/python3.12/site-packages/airflow/example_dags/example_external_task_marker_dag.py
[2025-08-19T03:36:37.679+0000] {logging_mixin.py:188} INFO - [2025-08-19T03:36:37.679+0000] {dag.py:3096} INFO - Sync 2 DAGs
[2025-08-19T03:36:37.702+0000] {logging_mixin.py:188} INFO - [2025-08-19T03:36:37.701+0000] {dag.py:3954} INFO - Setting next_dagrun for example_external_task_marker_child to None, run_after=None
[2025-08-19T03:36:37.707+0000] {logging_mixin.py:188} INFO - [2025-08-19T03:36:37.706+0000] {dag.py:3954} INFO - Setting next_dagrun for example_external_task_marker_parent to None, run_after=None
[2025-08-19T03:36:37.730+0000] {processor.py:183} INFO - Processing /home/airflow/.local/lib/python3.12/site-packages/airflow/example_dags/example_external_task_marker_dag.py took 0.104 seconds
[2025-08-19T03:37:08.573+0000] {processor.py:161} INFO - Started process (PID=25068) to work on /home/airflow/.local/lib/python3.12/site-packages/airflow/example_dags/example_external_task_marker_dag.py
[2025-08-19T03:37:08.574+0000] {processor.py:830} INFO - Processing file /home/airflow/.local/lib/python3.12/site-packages/airflow/example_dags/example_external_task_marker_dag.py for tasks to queue
[2025-08-19T03:37:08.575+0000] {logging_mixin.py:188} INFO - [2025-08-19T03:37:08.575+0000] {dagbag.py:545} INFO - Filling up the DagBag from /home/airflow/.local/lib/python3.12/site-packages/airflow/example_dags/example_external_task_marker_dag.py
[2025-08-19T03:37:08.584+0000] {processor.py:840} INFO - DAG(s) 'example_external_task_marker_parent', 'example_external_task_marker_child' retrieved from /home/airflow/.local/lib/python3.12/site-packages/airflow/example_dags/example_external_task_marker_dag.py
[2025-08-19T03:37:08.615+0000] {logging_mixin.py:188} INFO - [2025-08-19T03:37:08.614+0000] {dag.py:3096} INFO - Sync 2 DAGs
[2025-08-19T03:37:08.630+0000] {logging_mixin.py:188} INFO - [2025-08-19T03:37:08.630+0000] {dag.py:3954} INFO - Setting next_dagrun for example_external_task_marker_child to None, run_after=None
[2025-08-19T03:37:08.636+0000] {logging_mixin.py:188} INFO - [2025-08-19T03:37:08.635+0000] {dag.py:3954} INFO - Setting next_dagrun for example_external_task_marker_parent to None, run_after=None
[2025-08-19T03:37:08.660+0000] {processor.py:183} INFO - Processing /home/airflow/.local/lib/python3.12/site-packages/airflow/example_dags/example_external_task_marker_dag.py took 0.094 seconds
