[2025-08-19T03:10:06.970+0000] {processor.py:161} INFO - Started process (PID=22262) to work on /home/airflow/.local/lib/python3.12/site-packages/airflow/example_dags/example_bash_decorator.py
[2025-08-19T03:10:06.973+0000] {processor.py:830} INFO - Processing file /home/airflow/.local/lib/python3.12/site-packages/airflow/example_dags/example_bash_decorator.py for tasks to queue
[2025-08-19T03:10:06.976+0000] {logging_mixin.py:188} INFO - [2025-08-19T03:10:06.975+0000] {dagbag.py:545} INFO - Filling up the DagBag from /home/airflow/.local/lib/python3.12/site-packages/airflow/example_dags/example_bash_decorator.py
[2025-08-19T03:10:07.023+0000] {processor.py:840} INFO - DAG(s) 'example_bash_decorator' retrieved from /home/airflow/.local/lib/python3.12/site-packages/airflow/example_dags/example_bash_decorator.py
[2025-08-19T03:10:07.081+0000] {logging_mixin.py:188} INFO - [2025-08-19T03:10:07.081+0000] {dag.py:3096} INFO - Sync 1 DAGs
[2025-08-19T03:10:07.108+0000] {logging_mixin.py:188} INFO - [2025-08-19T03:10:07.108+0000] {dag.py:3954} INFO - Setting next_dagrun for example_bash_decorator to None, run_after=None
[2025-08-19T03:10:07.153+0000] {processor.py:183} INFO - Processing /home/airflow/.local/lib/python3.12/site-packages/airflow/example_dags/example_bash_decorator.py took 0.202 seconds
[2025-08-19T03:10:37.319+0000] {processor.py:161} INFO - Started process (PID=22315) to work on /home/airflow/.local/lib/python3.12/site-packages/airflow/example_dags/example_bash_decorator.py
[2025-08-19T03:10:37.321+0000] {processor.py:830} INFO - Processing file /home/airflow/.local/lib/python3.12/site-packages/airflow/example_dags/example_bash_decorator.py for tasks to queue
[2025-08-19T03:10:37.322+0000] {logging_mixin.py:188} INFO - [2025-08-19T03:10:37.322+0000] {dagbag.py:545} INFO - Filling up the DagBag from /home/airflow/.local/lib/python3.12/site-packages/airflow/example_dags/example_bash_decorator.py
[2025-08-19T03:10:37.335+0000] {processor.py:840} INFO - DAG(s) 'example_bash_decorator' retrieved from /home/airflow/.local/lib/python3.12/site-packages/airflow/example_dags/example_bash_decorator.py
[2025-08-19T03:10:37.361+0000] {logging_mixin.py:188} INFO - [2025-08-19T03:10:37.360+0000] {dag.py:3096} INFO - Sync 1 DAGs
[2025-08-19T03:10:37.374+0000] {logging_mixin.py:188} INFO - [2025-08-19T03:10:37.373+0000] {dag.py:3954} INFO - Setting next_dagrun for example_bash_decorator to None, run_after=None
[2025-08-19T03:10:37.401+0000] {processor.py:183} INFO - Processing /home/airflow/.local/lib/python3.12/site-packages/airflow/example_dags/example_bash_decorator.py took 0.088 seconds
[2025-08-19T03:11:07.823+0000] {processor.py:161} INFO - Started process (PID=22368) to work on /home/airflow/.local/lib/python3.12/site-packages/airflow/example_dags/example_bash_decorator.py
[2025-08-19T03:11:07.825+0000] {processor.py:830} INFO - Processing file /home/airflow/.local/lib/python3.12/site-packages/airflow/example_dags/example_bash_decorator.py for tasks to queue
[2025-08-19T03:11:07.828+0000] {logging_mixin.py:188} INFO - [2025-08-19T03:11:07.827+0000] {dagbag.py:545} INFO - Filling up the DagBag from /home/airflow/.local/lib/python3.12/site-packages/airflow/example_dags/example_bash_decorator.py
[2025-08-19T03:11:07.849+0000] {processor.py:840} INFO - DAG(s) 'example_bash_decorator' retrieved from /home/airflow/.local/lib/python3.12/site-packages/airflow/example_dags/example_bash_decorator.py
[2025-08-19T03:11:07.884+0000] {logging_mixin.py:188} INFO - [2025-08-19T03:11:07.884+0000] {dag.py:3096} INFO - Sync 1 DAGs
[2025-08-19T03:11:07.901+0000] {logging_mixin.py:188} INFO - [2025-08-19T03:11:07.901+0000] {dag.py:3954} INFO - Setting next_dagrun for example_bash_decorator to None, run_after=None
[2025-08-19T03:11:07.928+0000] {processor.py:183} INFO - Processing /home/airflow/.local/lib/python3.12/site-packages/airflow/example_dags/example_bash_decorator.py took 0.115 seconds
[2025-08-19T03:11:38.889+0000] {processor.py:161} INFO - Started process (PID=22421) to work on /home/airflow/.local/lib/python3.12/site-packages/airflow/example_dags/example_bash_decorator.py
[2025-08-19T03:11:38.891+0000] {processor.py:830} INFO - Processing file /home/airflow/.local/lib/python3.12/site-packages/airflow/example_dags/example_bash_decorator.py for tasks to queue
[2025-08-19T03:11:38.893+0000] {logging_mixin.py:188} INFO - [2025-08-19T03:11:38.892+0000] {dagbag.py:545} INFO - Filling up the DagBag from /home/airflow/.local/lib/python3.12/site-packages/airflow/example_dags/example_bash_decorator.py
[2025-08-19T03:11:38.907+0000] {processor.py:840} INFO - DAG(s) 'example_bash_decorator' retrieved from /home/airflow/.local/lib/python3.12/site-packages/airflow/example_dags/example_bash_decorator.py
[2025-08-19T03:11:38.934+0000] {logging_mixin.py:188} INFO - [2025-08-19T03:11:38.933+0000] {dag.py:3096} INFO - Sync 1 DAGs
[2025-08-19T03:11:38.949+0000] {logging_mixin.py:188} INFO - [2025-08-19T03:11:38.949+0000] {dag.py:3954} INFO - Setting next_dagrun for example_bash_decorator to None, run_after=None
[2025-08-19T03:11:38.973+0000] {processor.py:183} INFO - Processing /home/airflow/.local/lib/python3.12/site-packages/airflow/example_dags/example_bash_decorator.py took 0.089 seconds
[2025-08-19T03:12:09.383+0000] {processor.py:161} INFO - Started process (PID=22474) to work on /home/airflow/.local/lib/python3.12/site-packages/airflow/example_dags/example_bash_decorator.py
[2025-08-19T03:12:09.384+0000] {processor.py:830} INFO - Processing file /home/airflow/.local/lib/python3.12/site-packages/airflow/example_dags/example_bash_decorator.py for tasks to queue
[2025-08-19T03:12:09.386+0000] {logging_mixin.py:188} INFO - [2025-08-19T03:12:09.385+0000] {dagbag.py:545} INFO - Filling up the DagBag from /home/airflow/.local/lib/python3.12/site-packages/airflow/example_dags/example_bash_decorator.py
[2025-08-19T03:12:09.399+0000] {processor.py:840} INFO - DAG(s) 'example_bash_decorator' retrieved from /home/airflow/.local/lib/python3.12/site-packages/airflow/example_dags/example_bash_decorator.py
[2025-08-19T03:12:09.425+0000] {logging_mixin.py:188} INFO - [2025-08-19T03:12:09.424+0000] {dag.py:3096} INFO - Sync 1 DAGs
[2025-08-19T03:12:09.438+0000] {logging_mixin.py:188} INFO - [2025-08-19T03:12:09.437+0000] {dag.py:3954} INFO - Setting next_dagrun for example_bash_decorator to None, run_after=None
[2025-08-19T03:12:09.461+0000] {processor.py:183} INFO - Processing /home/airflow/.local/lib/python3.12/site-packages/airflow/example_dags/example_bash_decorator.py took 0.084 seconds
[2025-08-19T03:12:39.997+0000] {processor.py:161} INFO - Started process (PID=22527) to work on /home/airflow/.local/lib/python3.12/site-packages/airflow/example_dags/example_bash_decorator.py
[2025-08-19T03:12:39.998+0000] {processor.py:830} INFO - Processing file /home/airflow/.local/lib/python3.12/site-packages/airflow/example_dags/example_bash_decorator.py for tasks to queue
[2025-08-19T03:12:40.000+0000] {logging_mixin.py:188} INFO - [2025-08-19T03:12:39.999+0000] {dagbag.py:545} INFO - Filling up the DagBag from /home/airflow/.local/lib/python3.12/site-packages/airflow/example_dags/example_bash_decorator.py
[2025-08-19T03:12:40.013+0000] {processor.py:840} INFO - DAG(s) 'example_bash_decorator' retrieved from /home/airflow/.local/lib/python3.12/site-packages/airflow/example_dags/example_bash_decorator.py
[2025-08-19T03:12:40.039+0000] {logging_mixin.py:188} INFO - [2025-08-19T03:12:40.039+0000] {dag.py:3096} INFO - Sync 1 DAGs
[2025-08-19T03:12:40.053+0000] {logging_mixin.py:188} INFO - [2025-08-19T03:12:40.052+0000] {dag.py:3954} INFO - Setting next_dagrun for example_bash_decorator to None, run_after=None
[2025-08-19T03:12:40.078+0000] {processor.py:183} INFO - Processing /home/airflow/.local/lib/python3.12/site-packages/airflow/example_dags/example_bash_decorator.py took 0.087 seconds
[2025-08-19T03:13:10.673+0000] {processor.py:161} INFO - Started process (PID=22580) to work on /home/airflow/.local/lib/python3.12/site-packages/airflow/example_dags/example_bash_decorator.py
[2025-08-19T03:13:10.675+0000] {processor.py:830} INFO - Processing file /home/airflow/.local/lib/python3.12/site-packages/airflow/example_dags/example_bash_decorator.py for tasks to queue
[2025-08-19T03:13:10.676+0000] {logging_mixin.py:188} INFO - [2025-08-19T03:13:10.676+0000] {dagbag.py:545} INFO - Filling up the DagBag from /home/airflow/.local/lib/python3.12/site-packages/airflow/example_dags/example_bash_decorator.py
[2025-08-19T03:13:10.690+0000] {processor.py:840} INFO - DAG(s) 'example_bash_decorator' retrieved from /home/airflow/.local/lib/python3.12/site-packages/airflow/example_dags/example_bash_decorator.py
[2025-08-19T03:13:10.719+0000] {logging_mixin.py:188} INFO - [2025-08-19T03:13:10.718+0000] {dag.py:3096} INFO - Sync 1 DAGs
[2025-08-19T03:13:10.735+0000] {logging_mixin.py:188} INFO - [2025-08-19T03:13:10.735+0000] {dag.py:3954} INFO - Setting next_dagrun for example_bash_decorator to None, run_after=None
[2025-08-19T03:13:10.761+0000] {processor.py:183} INFO - Processing /home/airflow/.local/lib/python3.12/site-packages/airflow/example_dags/example_bash_decorator.py took 0.093 seconds
[2025-08-19T03:13:41.540+0000] {processor.py:161} INFO - Started process (PID=22633) to work on /home/airflow/.local/lib/python3.12/site-packages/airflow/example_dags/example_bash_decorator.py
[2025-08-19T03:13:41.542+0000] {processor.py:830} INFO - Processing file /home/airflow/.local/lib/python3.12/site-packages/airflow/example_dags/example_bash_decorator.py for tasks to queue
[2025-08-19T03:13:41.543+0000] {logging_mixin.py:188} INFO - [2025-08-19T03:13:41.542+0000] {dagbag.py:545} INFO - Filling up the DagBag from /home/airflow/.local/lib/python3.12/site-packages/airflow/example_dags/example_bash_decorator.py
[2025-08-19T03:13:41.557+0000] {processor.py:840} INFO - DAG(s) 'example_bash_decorator' retrieved from /home/airflow/.local/lib/python3.12/site-packages/airflow/example_dags/example_bash_decorator.py
[2025-08-19T03:13:41.583+0000] {logging_mixin.py:188} INFO - [2025-08-19T03:13:41.583+0000] {dag.py:3096} INFO - Sync 1 DAGs
[2025-08-19T03:13:41.597+0000] {logging_mixin.py:188} INFO - [2025-08-19T03:13:41.597+0000] {dag.py:3954} INFO - Setting next_dagrun for example_bash_decorator to None, run_after=None
[2025-08-19T03:13:41.621+0000] {processor.py:183} INFO - Processing /home/airflow/.local/lib/python3.12/site-packages/airflow/example_dags/example_bash_decorator.py took 0.086 seconds
[2025-08-19T03:14:12.370+0000] {processor.py:161} INFO - Started process (PID=22686) to work on /home/airflow/.local/lib/python3.12/site-packages/airflow/example_dags/example_bash_decorator.py
[2025-08-19T03:14:12.371+0000] {processor.py:830} INFO - Processing file /home/airflow/.local/lib/python3.12/site-packages/airflow/example_dags/example_bash_decorator.py for tasks to queue
[2025-08-19T03:14:12.372+0000] {logging_mixin.py:188} INFO - [2025-08-19T03:14:12.372+0000] {dagbag.py:545} INFO - Filling up the DagBag from /home/airflow/.local/lib/python3.12/site-packages/airflow/example_dags/example_bash_decorator.py
[2025-08-19T03:14:12.386+0000] {processor.py:840} INFO - DAG(s) 'example_bash_decorator' retrieved from /home/airflow/.local/lib/python3.12/site-packages/airflow/example_dags/example_bash_decorator.py
[2025-08-19T03:14:12.411+0000] {logging_mixin.py:188} INFO - [2025-08-19T03:14:12.410+0000] {dag.py:3096} INFO - Sync 1 DAGs
[2025-08-19T03:14:12.424+0000] {logging_mixin.py:188} INFO - [2025-08-19T03:14:12.424+0000] {dag.py:3954} INFO - Setting next_dagrun for example_bash_decorator to None, run_after=None
[2025-08-19T03:14:12.449+0000] {processor.py:183} INFO - Processing /home/airflow/.local/lib/python3.12/site-packages/airflow/example_dags/example_bash_decorator.py took 0.085 seconds
[2025-08-19T03:14:43.164+0000] {processor.py:161} INFO - Started process (PID=22739) to work on /home/airflow/.local/lib/python3.12/site-packages/airflow/example_dags/example_bash_decorator.py
[2025-08-19T03:14:43.165+0000] {processor.py:830} INFO - Processing file /home/airflow/.local/lib/python3.12/site-packages/airflow/example_dags/example_bash_decorator.py for tasks to queue
[2025-08-19T03:14:43.166+0000] {logging_mixin.py:188} INFO - [2025-08-19T03:14:43.166+0000] {dagbag.py:545} INFO - Filling up the DagBag from /home/airflow/.local/lib/python3.12/site-packages/airflow/example_dags/example_bash_decorator.py
[2025-08-19T03:14:43.180+0000] {processor.py:840} INFO - DAG(s) 'example_bash_decorator' retrieved from /home/airflow/.local/lib/python3.12/site-packages/airflow/example_dags/example_bash_decorator.py
[2025-08-19T03:14:43.204+0000] {logging_mixin.py:188} INFO - [2025-08-19T03:14:43.204+0000] {dag.py:3096} INFO - Sync 1 DAGs
[2025-08-19T03:14:43.219+0000] {logging_mixin.py:188} INFO - [2025-08-19T03:14:43.218+0000] {dag.py:3954} INFO - Setting next_dagrun for example_bash_decorator to None, run_after=None
[2025-08-19T03:14:43.242+0000] {processor.py:183} INFO - Processing /home/airflow/.local/lib/python3.12/site-packages/airflow/example_dags/example_bash_decorator.py took 0.085 seconds
[2025-08-19T03:15:13.926+0000] {processor.py:161} INFO - Started process (PID=22792) to work on /home/airflow/.local/lib/python3.12/site-packages/airflow/example_dags/example_bash_decorator.py
[2025-08-19T03:15:13.928+0000] {processor.py:830} INFO - Processing file /home/airflow/.local/lib/python3.12/site-packages/airflow/example_dags/example_bash_decorator.py for tasks to queue
[2025-08-19T03:15:13.929+0000] {logging_mixin.py:188} INFO - [2025-08-19T03:15:13.929+0000] {dagbag.py:545} INFO - Filling up the DagBag from /home/airflow/.local/lib/python3.12/site-packages/airflow/example_dags/example_bash_decorator.py
[2025-08-19T03:15:13.942+0000] {processor.py:840} INFO - DAG(s) 'example_bash_decorator' retrieved from /home/airflow/.local/lib/python3.12/site-packages/airflow/example_dags/example_bash_decorator.py
[2025-08-19T03:15:13.966+0000] {logging_mixin.py:188} INFO - [2025-08-19T03:15:13.966+0000] {dag.py:3096} INFO - Sync 1 DAGs
[2025-08-19T03:15:13.980+0000] {logging_mixin.py:188} INFO - [2025-08-19T03:15:13.980+0000] {dag.py:3954} INFO - Setting next_dagrun for example_bash_decorator to None, run_after=None
[2025-08-19T03:15:14.004+0000] {processor.py:183} INFO - Processing /home/airflow/.local/lib/python3.12/site-packages/airflow/example_dags/example_bash_decorator.py took 0.085 seconds
[2025-08-19T03:15:44.781+0000] {processor.py:161} INFO - Started process (PID=22845) to work on /home/airflow/.local/lib/python3.12/site-packages/airflow/example_dags/example_bash_decorator.py
[2025-08-19T03:15:44.782+0000] {processor.py:830} INFO - Processing file /home/airflow/.local/lib/python3.12/site-packages/airflow/example_dags/example_bash_decorator.py for tasks to queue
[2025-08-19T03:15:44.783+0000] {logging_mixin.py:188} INFO - [2025-08-19T03:15:44.783+0000] {dagbag.py:545} INFO - Filling up the DagBag from /home/airflow/.local/lib/python3.12/site-packages/airflow/example_dags/example_bash_decorator.py
[2025-08-19T03:15:44.798+0000] {processor.py:840} INFO - DAG(s) 'example_bash_decorator' retrieved from /home/airflow/.local/lib/python3.12/site-packages/airflow/example_dags/example_bash_decorator.py
[2025-08-19T03:15:44.822+0000] {logging_mixin.py:188} INFO - [2025-08-19T03:15:44.821+0000] {dag.py:3096} INFO - Sync 1 DAGs
[2025-08-19T03:15:44.834+0000] {logging_mixin.py:188} INFO - [2025-08-19T03:15:44.834+0000] {dag.py:3954} INFO - Setting next_dagrun for example_bash_decorator to None, run_after=None
[2025-08-19T03:15:44.860+0000] {processor.py:183} INFO - Processing /home/airflow/.local/lib/python3.12/site-packages/airflow/example_dags/example_bash_decorator.py took 0.085 seconds
[2025-08-19T03:16:15.428+0000] {processor.py:161} INFO - Started process (PID=22898) to work on /home/airflow/.local/lib/python3.12/site-packages/airflow/example_dags/example_bash_decorator.py
[2025-08-19T03:16:15.430+0000] {processor.py:830} INFO - Processing file /home/airflow/.local/lib/python3.12/site-packages/airflow/example_dags/example_bash_decorator.py for tasks to queue
[2025-08-19T03:16:15.431+0000] {logging_mixin.py:188} INFO - [2025-08-19T03:16:15.431+0000] {dagbag.py:545} INFO - Filling up the DagBag from /home/airflow/.local/lib/python3.12/site-packages/airflow/example_dags/example_bash_decorator.py
[2025-08-19T03:16:15.444+0000] {processor.py:840} INFO - DAG(s) 'example_bash_decorator' retrieved from /home/airflow/.local/lib/python3.12/site-packages/airflow/example_dags/example_bash_decorator.py
[2025-08-19T03:16:15.469+0000] {logging_mixin.py:188} INFO - [2025-08-19T03:16:15.469+0000] {dag.py:3096} INFO - Sync 1 DAGs
[2025-08-19T03:16:15.483+0000] {logging_mixin.py:188} INFO - [2025-08-19T03:16:15.483+0000] {dag.py:3954} INFO - Setting next_dagrun for example_bash_decorator to None, run_after=None
[2025-08-19T03:16:15.508+0000] {processor.py:183} INFO - Processing /home/airflow/.local/lib/python3.12/site-packages/airflow/example_dags/example_bash_decorator.py took 0.085 seconds
[2025-08-19T03:16:45.777+0000] {processor.py:161} INFO - Started process (PID=22951) to work on /home/airflow/.local/lib/python3.12/site-packages/airflow/example_dags/example_bash_decorator.py
[2025-08-19T03:16:45.778+0000] {processor.py:830} INFO - Processing file /home/airflow/.local/lib/python3.12/site-packages/airflow/example_dags/example_bash_decorator.py for tasks to queue
[2025-08-19T03:16:45.779+0000] {logging_mixin.py:188} INFO - [2025-08-19T03:16:45.779+0000] {dagbag.py:545} INFO - Filling up the DagBag from /home/airflow/.local/lib/python3.12/site-packages/airflow/example_dags/example_bash_decorator.py
[2025-08-19T03:16:45.793+0000] {processor.py:840} INFO - DAG(s) 'example_bash_decorator' retrieved from /home/airflow/.local/lib/python3.12/site-packages/airflow/example_dags/example_bash_decorator.py
[2025-08-19T03:16:45.817+0000] {logging_mixin.py:188} INFO - [2025-08-19T03:16:45.817+0000] {dag.py:3096} INFO - Sync 1 DAGs
[2025-08-19T03:16:45.830+0000] {logging_mixin.py:188} INFO - [2025-08-19T03:16:45.830+0000] {dag.py:3954} INFO - Setting next_dagrun for example_bash_decorator to None, run_after=None
[2025-08-19T03:16:45.854+0000] {processor.py:183} INFO - Processing /home/airflow/.local/lib/python3.12/site-packages/airflow/example_dags/example_bash_decorator.py took 0.083 seconds
[2025-08-19T03:17:16.155+0000] {processor.py:161} INFO - Started process (PID=23004) to work on /home/airflow/.local/lib/python3.12/site-packages/airflow/example_dags/example_bash_decorator.py
[2025-08-19T03:17:16.157+0000] {processor.py:830} INFO - Processing file /home/airflow/.local/lib/python3.12/site-packages/airflow/example_dags/example_bash_decorator.py for tasks to queue
[2025-08-19T03:17:16.158+0000] {logging_mixin.py:188} INFO - [2025-08-19T03:17:16.158+0000] {dagbag.py:545} INFO - Filling up the DagBag from /home/airflow/.local/lib/python3.12/site-packages/airflow/example_dags/example_bash_decorator.py
[2025-08-19T03:17:16.171+0000] {processor.py:840} INFO - DAG(s) 'example_bash_decorator' retrieved from /home/airflow/.local/lib/python3.12/site-packages/airflow/example_dags/example_bash_decorator.py
[2025-08-19T03:17:16.196+0000] {logging_mixin.py:188} INFO - [2025-08-19T03:17:16.196+0000] {dag.py:3096} INFO - Sync 1 DAGs
[2025-08-19T03:17:16.209+0000] {logging_mixin.py:188} INFO - [2025-08-19T03:17:16.209+0000] {dag.py:3954} INFO - Setting next_dagrun for example_bash_decorator to None, run_after=None
[2025-08-19T03:17:16.232+0000] {processor.py:183} INFO - Processing /home/airflow/.local/lib/python3.12/site-packages/airflow/example_dags/example_bash_decorator.py took 0.082 seconds
[2025-08-19T03:17:47.056+0000] {processor.py:161} INFO - Started process (PID=23057) to work on /home/airflow/.local/lib/python3.12/site-packages/airflow/example_dags/example_bash_decorator.py
[2025-08-19T03:17:47.058+0000] {processor.py:830} INFO - Processing file /home/airflow/.local/lib/python3.12/site-packages/airflow/example_dags/example_bash_decorator.py for tasks to queue
[2025-08-19T03:17:47.059+0000] {logging_mixin.py:188} INFO - [2025-08-19T03:17:47.058+0000] {dagbag.py:545} INFO - Filling up the DagBag from /home/airflow/.local/lib/python3.12/site-packages/airflow/example_dags/example_bash_decorator.py
[2025-08-19T03:17:47.072+0000] {processor.py:840} INFO - DAG(s) 'example_bash_decorator' retrieved from /home/airflow/.local/lib/python3.12/site-packages/airflow/example_dags/example_bash_decorator.py
[2025-08-19T03:17:47.097+0000] {logging_mixin.py:188} INFO - [2025-08-19T03:17:47.097+0000] {dag.py:3096} INFO - Sync 1 DAGs
[2025-08-19T03:17:47.109+0000] {logging_mixin.py:188} INFO - [2025-08-19T03:17:47.109+0000] {dag.py:3954} INFO - Setting next_dagrun for example_bash_decorator to None, run_after=None
[2025-08-19T03:17:47.132+0000] {processor.py:183} INFO - Processing /home/airflow/.local/lib/python3.12/site-packages/airflow/example_dags/example_bash_decorator.py took 0.082 seconds
[2025-08-19T03:18:17.357+0000] {processor.py:161} INFO - Started process (PID=23110) to work on /home/airflow/.local/lib/python3.12/site-packages/airflow/example_dags/example_bash_decorator.py
[2025-08-19T03:18:17.358+0000] {processor.py:830} INFO - Processing file /home/airflow/.local/lib/python3.12/site-packages/airflow/example_dags/example_bash_decorator.py for tasks to queue
[2025-08-19T03:18:17.359+0000] {logging_mixin.py:188} INFO - [2025-08-19T03:18:17.359+0000] {dagbag.py:545} INFO - Filling up the DagBag from /home/airflow/.local/lib/python3.12/site-packages/airflow/example_dags/example_bash_decorator.py
[2025-08-19T03:18:17.373+0000] {processor.py:840} INFO - DAG(s) 'example_bash_decorator' retrieved from /home/airflow/.local/lib/python3.12/site-packages/airflow/example_dags/example_bash_decorator.py
[2025-08-19T03:18:17.398+0000] {logging_mixin.py:188} INFO - [2025-08-19T03:18:17.398+0000] {dag.py:3096} INFO - Sync 1 DAGs
[2025-08-19T03:18:17.412+0000] {logging_mixin.py:188} INFO - [2025-08-19T03:18:17.411+0000] {dag.py:3954} INFO - Setting next_dagrun for example_bash_decorator to None, run_after=None
[2025-08-19T03:18:17.434+0000] {processor.py:183} INFO - Processing /home/airflow/.local/lib/python3.12/site-packages/airflow/example_dags/example_bash_decorator.py took 0.084 seconds
[2025-08-19T03:18:47.595+0000] {processor.py:161} INFO - Started process (PID=23163) to work on /home/airflow/.local/lib/python3.12/site-packages/airflow/example_dags/example_bash_decorator.py
[2025-08-19T03:18:47.597+0000] {processor.py:830} INFO - Processing file /home/airflow/.local/lib/python3.12/site-packages/airflow/example_dags/example_bash_decorator.py for tasks to queue
[2025-08-19T03:18:47.598+0000] {logging_mixin.py:188} INFO - [2025-08-19T03:18:47.598+0000] {dagbag.py:545} INFO - Filling up the DagBag from /home/airflow/.local/lib/python3.12/site-packages/airflow/example_dags/example_bash_decorator.py
[2025-08-19T03:18:47.612+0000] {processor.py:840} INFO - DAG(s) 'example_bash_decorator' retrieved from /home/airflow/.local/lib/python3.12/site-packages/airflow/example_dags/example_bash_decorator.py
[2025-08-19T03:18:47.638+0000] {logging_mixin.py:188} INFO - [2025-08-19T03:18:47.638+0000] {dag.py:3096} INFO - Sync 1 DAGs
[2025-08-19T03:18:47.652+0000] {logging_mixin.py:188} INFO - [2025-08-19T03:18:47.652+0000] {dag.py:3954} INFO - Setting next_dagrun for example_bash_decorator to None, run_after=None
[2025-08-19T03:18:47.678+0000] {processor.py:183} INFO - Processing /home/airflow/.local/lib/python3.12/site-packages/airflow/example_dags/example_bash_decorator.py took 0.089 seconds
[2025-08-19T03:19:17.815+0000] {processor.py:161} INFO - Started process (PID=23216) to work on /home/airflow/.local/lib/python3.12/site-packages/airflow/example_dags/example_bash_decorator.py
[2025-08-19T03:19:17.816+0000] {processor.py:830} INFO - Processing file /home/airflow/.local/lib/python3.12/site-packages/airflow/example_dags/example_bash_decorator.py for tasks to queue
[2025-08-19T03:19:17.817+0000] {logging_mixin.py:188} INFO - [2025-08-19T03:19:17.817+0000] {dagbag.py:545} INFO - Filling up the DagBag from /home/airflow/.local/lib/python3.12/site-packages/airflow/example_dags/example_bash_decorator.py
[2025-08-19T03:19:17.832+0000] {processor.py:840} INFO - DAG(s) 'example_bash_decorator' retrieved from /home/airflow/.local/lib/python3.12/site-packages/airflow/example_dags/example_bash_decorator.py
[2025-08-19T03:19:17.857+0000] {logging_mixin.py:188} INFO - [2025-08-19T03:19:17.857+0000] {dag.py:3096} INFO - Sync 1 DAGs
[2025-08-19T03:19:17.870+0000] {logging_mixin.py:188} INFO - [2025-08-19T03:19:17.870+0000] {dag.py:3954} INFO - Setting next_dagrun for example_bash_decorator to None, run_after=None
[2025-08-19T03:19:17.894+0000] {processor.py:183} INFO - Processing /home/airflow/.local/lib/python3.12/site-packages/airflow/example_dags/example_bash_decorator.py took 0.086 seconds
[2025-08-19T03:19:48.830+0000] {processor.py:161} INFO - Started process (PID=23269) to work on /home/airflow/.local/lib/python3.12/site-packages/airflow/example_dags/example_bash_decorator.py
[2025-08-19T03:19:48.832+0000] {processor.py:830} INFO - Processing file /home/airflow/.local/lib/python3.12/site-packages/airflow/example_dags/example_bash_decorator.py for tasks to queue
[2025-08-19T03:19:48.833+0000] {logging_mixin.py:188} INFO - [2025-08-19T03:19:48.833+0000] {dagbag.py:545} INFO - Filling up the DagBag from /home/airflow/.local/lib/python3.12/site-packages/airflow/example_dags/example_bash_decorator.py
[2025-08-19T03:19:48.848+0000] {processor.py:840} INFO - DAG(s) 'example_bash_decorator' retrieved from /home/airflow/.local/lib/python3.12/site-packages/airflow/example_dags/example_bash_decorator.py
[2025-08-19T03:19:48.876+0000] {logging_mixin.py:188} INFO - [2025-08-19T03:19:48.875+0000] {dag.py:3096} INFO - Sync 1 DAGs
[2025-08-19T03:19:48.890+0000] {logging_mixin.py:188} INFO - [2025-08-19T03:19:48.889+0000] {dag.py:3954} INFO - Setting next_dagrun for example_bash_decorator to None, run_after=None
[2025-08-19T03:19:48.916+0000] {processor.py:183} INFO - Processing /home/airflow/.local/lib/python3.12/site-packages/airflow/example_dags/example_bash_decorator.py took 0.094 seconds
[2025-08-19T03:20:19.150+0000] {processor.py:161} INFO - Started process (PID=23322) to work on /home/airflow/.local/lib/python3.12/site-packages/airflow/example_dags/example_bash_decorator.py
[2025-08-19T03:20:19.151+0000] {processor.py:830} INFO - Processing file /home/airflow/.local/lib/python3.12/site-packages/airflow/example_dags/example_bash_decorator.py for tasks to queue
[2025-08-19T03:20:19.153+0000] {logging_mixin.py:188} INFO - [2025-08-19T03:20:19.152+0000] {dagbag.py:545} INFO - Filling up the DagBag from /home/airflow/.local/lib/python3.12/site-packages/airflow/example_dags/example_bash_decorator.py
[2025-08-19T03:20:19.167+0000] {processor.py:840} INFO - DAG(s) 'example_bash_decorator' retrieved from /home/airflow/.local/lib/python3.12/site-packages/airflow/example_dags/example_bash_decorator.py
[2025-08-19T03:20:19.192+0000] {logging_mixin.py:188} INFO - [2025-08-19T03:20:19.191+0000] {dag.py:3096} INFO - Sync 1 DAGs
[2025-08-19T03:20:19.205+0000] {logging_mixin.py:188} INFO - [2025-08-19T03:20:19.205+0000] {dag.py:3954} INFO - Setting next_dagrun for example_bash_decorator to None, run_after=None
[2025-08-19T03:20:19.233+0000] {processor.py:183} INFO - Processing /home/airflow/.local/lib/python3.12/site-packages/airflow/example_dags/example_bash_decorator.py took 0.089 seconds
[2025-08-19T03:20:49.535+0000] {processor.py:161} INFO - Started process (PID=23375) to work on /home/airflow/.local/lib/python3.12/site-packages/airflow/example_dags/example_bash_decorator.py
[2025-08-19T03:20:49.536+0000] {processor.py:830} INFO - Processing file /home/airflow/.local/lib/python3.12/site-packages/airflow/example_dags/example_bash_decorator.py for tasks to queue
[2025-08-19T03:20:49.537+0000] {logging_mixin.py:188} INFO - [2025-08-19T03:20:49.537+0000] {dagbag.py:545} INFO - Filling up the DagBag from /home/airflow/.local/lib/python3.12/site-packages/airflow/example_dags/example_bash_decorator.py
[2025-08-19T03:20:49.551+0000] {processor.py:840} INFO - DAG(s) 'example_bash_decorator' retrieved from /home/airflow/.local/lib/python3.12/site-packages/airflow/example_dags/example_bash_decorator.py
[2025-08-19T03:20:49.575+0000] {logging_mixin.py:188} INFO - [2025-08-19T03:20:49.575+0000] {dag.py:3096} INFO - Sync 1 DAGs
[2025-08-19T03:20:49.589+0000] {logging_mixin.py:188} INFO - [2025-08-19T03:20:49.589+0000] {dag.py:3954} INFO - Setting next_dagrun for example_bash_decorator to None, run_after=None
[2025-08-19T03:20:49.618+0000] {processor.py:183} INFO - Processing /home/airflow/.local/lib/python3.12/site-packages/airflow/example_dags/example_bash_decorator.py took 0.089 seconds
[2025-08-19T03:21:20.467+0000] {processor.py:161} INFO - Started process (PID=23428) to work on /home/airflow/.local/lib/python3.12/site-packages/airflow/example_dags/example_bash_decorator.py
[2025-08-19T03:21:20.468+0000] {processor.py:830} INFO - Processing file /home/airflow/.local/lib/python3.12/site-packages/airflow/example_dags/example_bash_decorator.py for tasks to queue
[2025-08-19T03:21:20.470+0000] {logging_mixin.py:188} INFO - [2025-08-19T03:21:20.469+0000] {dagbag.py:545} INFO - Filling up the DagBag from /home/airflow/.local/lib/python3.12/site-packages/airflow/example_dags/example_bash_decorator.py
[2025-08-19T03:21:20.483+0000] {processor.py:840} INFO - DAG(s) 'example_bash_decorator' retrieved from /home/airflow/.local/lib/python3.12/site-packages/airflow/example_dags/example_bash_decorator.py
[2025-08-19T03:21:20.511+0000] {logging_mixin.py:188} INFO - [2025-08-19T03:21:20.511+0000] {dag.py:3096} INFO - Sync 1 DAGs
[2025-08-19T03:21:20.524+0000] {logging_mixin.py:188} INFO - [2025-08-19T03:21:20.524+0000] {dag.py:3954} INFO - Setting next_dagrun for example_bash_decorator to None, run_after=None
[2025-08-19T03:21:20.549+0000] {processor.py:183} INFO - Processing /home/airflow/.local/lib/python3.12/site-packages/airflow/example_dags/example_bash_decorator.py took 0.087 seconds
[2025-08-19T03:21:51.041+0000] {processor.py:161} INFO - Started process (PID=23481) to work on /home/airflow/.local/lib/python3.12/site-packages/airflow/example_dags/example_bash_decorator.py
[2025-08-19T03:21:51.043+0000] {processor.py:830} INFO - Processing file /home/airflow/.local/lib/python3.12/site-packages/airflow/example_dags/example_bash_decorator.py for tasks to queue
[2025-08-19T03:21:51.044+0000] {logging_mixin.py:188} INFO - [2025-08-19T03:21:51.044+0000] {dagbag.py:545} INFO - Filling up the DagBag from /home/airflow/.local/lib/python3.12/site-packages/airflow/example_dags/example_bash_decorator.py
[2025-08-19T03:21:51.061+0000] {processor.py:840} INFO - DAG(s) 'example_bash_decorator' retrieved from /home/airflow/.local/lib/python3.12/site-packages/airflow/example_dags/example_bash_decorator.py
[2025-08-19T03:21:51.085+0000] {logging_mixin.py:188} INFO - [2025-08-19T03:21:51.085+0000] {dag.py:3096} INFO - Sync 1 DAGs
[2025-08-19T03:21:51.098+0000] {logging_mixin.py:188} INFO - [2025-08-19T03:21:51.098+0000] {dag.py:3954} INFO - Setting next_dagrun for example_bash_decorator to None, run_after=None
[2025-08-19T03:21:51.118+0000] {processor.py:183} INFO - Processing /home/airflow/.local/lib/python3.12/site-packages/airflow/example_dags/example_bash_decorator.py took 0.085 seconds
[2025-08-19T03:22:21.608+0000] {processor.py:161} INFO - Started process (PID=23534) to work on /home/airflow/.local/lib/python3.12/site-packages/airflow/example_dags/example_bash_decorator.py
[2025-08-19T03:22:21.609+0000] {processor.py:830} INFO - Processing file /home/airflow/.local/lib/python3.12/site-packages/airflow/example_dags/example_bash_decorator.py for tasks to queue
[2025-08-19T03:22:21.610+0000] {logging_mixin.py:188} INFO - [2025-08-19T03:22:21.610+0000] {dagbag.py:545} INFO - Filling up the DagBag from /home/airflow/.local/lib/python3.12/site-packages/airflow/example_dags/example_bash_decorator.py
[2025-08-19T03:22:21.623+0000] {processor.py:840} INFO - DAG(s) 'example_bash_decorator' retrieved from /home/airflow/.local/lib/python3.12/site-packages/airflow/example_dags/example_bash_decorator.py
[2025-08-19T03:22:21.649+0000] {logging_mixin.py:188} INFO - [2025-08-19T03:22:21.649+0000] {dag.py:3096} INFO - Sync 1 DAGs
[2025-08-19T03:22:21.662+0000] {logging_mixin.py:188} INFO - [2025-08-19T03:22:21.662+0000] {dag.py:3954} INFO - Setting next_dagrun for example_bash_decorator to None, run_after=None
[2025-08-19T03:22:21.685+0000] {processor.py:183} INFO - Processing /home/airflow/.local/lib/python3.12/site-packages/airflow/example_dags/example_bash_decorator.py took 0.083 seconds
[2025-08-19T03:22:52.115+0000] {processor.py:161} INFO - Started process (PID=23587) to work on /home/airflow/.local/lib/python3.12/site-packages/airflow/example_dags/example_bash_decorator.py
[2025-08-19T03:22:52.117+0000] {processor.py:830} INFO - Processing file /home/airflow/.local/lib/python3.12/site-packages/airflow/example_dags/example_bash_decorator.py for tasks to queue
[2025-08-19T03:22:52.118+0000] {logging_mixin.py:188} INFO - [2025-08-19T03:22:52.118+0000] {dagbag.py:545} INFO - Filling up the DagBag from /home/airflow/.local/lib/python3.12/site-packages/airflow/example_dags/example_bash_decorator.py
[2025-08-19T03:22:52.133+0000] {processor.py:840} INFO - DAG(s) 'example_bash_decorator' retrieved from /home/airflow/.local/lib/python3.12/site-packages/airflow/example_dags/example_bash_decorator.py
[2025-08-19T03:22:52.172+0000] {logging_mixin.py:188} INFO - [2025-08-19T03:22:52.171+0000] {dag.py:3096} INFO - Sync 1 DAGs
[2025-08-19T03:22:52.188+0000] {logging_mixin.py:188} INFO - [2025-08-19T03:22:52.187+0000] {dag.py:3954} INFO - Setting next_dagrun for example_bash_decorator to None, run_after=None
[2025-08-19T03:22:52.215+0000] {processor.py:183} INFO - Processing /home/airflow/.local/lib/python3.12/site-packages/airflow/example_dags/example_bash_decorator.py took 0.106 seconds
[2025-08-19T03:23:22.488+0000] {processor.py:161} INFO - Started process (PID=23640) to work on /home/airflow/.local/lib/python3.12/site-packages/airflow/example_dags/example_bash_decorator.py
[2025-08-19T03:23:22.489+0000] {processor.py:830} INFO - Processing file /home/airflow/.local/lib/python3.12/site-packages/airflow/example_dags/example_bash_decorator.py for tasks to queue
[2025-08-19T03:23:22.491+0000] {logging_mixin.py:188} INFO - [2025-08-19T03:23:22.490+0000] {dagbag.py:545} INFO - Filling up the DagBag from /home/airflow/.local/lib/python3.12/site-packages/airflow/example_dags/example_bash_decorator.py
[2025-08-19T03:23:22.503+0000] {processor.py:840} INFO - DAG(s) 'example_bash_decorator' retrieved from /home/airflow/.local/lib/python3.12/site-packages/airflow/example_dags/example_bash_decorator.py
[2025-08-19T03:23:22.529+0000] {logging_mixin.py:188} INFO - [2025-08-19T03:23:22.529+0000] {dag.py:3096} INFO - Sync 1 DAGs
[2025-08-19T03:23:22.542+0000] {logging_mixin.py:188} INFO - [2025-08-19T03:23:22.541+0000] {dag.py:3954} INFO - Setting next_dagrun for example_bash_decorator to None, run_after=None
[2025-08-19T03:23:22.567+0000] {processor.py:183} INFO - Processing /home/airflow/.local/lib/python3.12/site-packages/airflow/example_dags/example_bash_decorator.py took 0.085 seconds
[2025-08-19T03:23:52.961+0000] {processor.py:161} INFO - Started process (PID=23693) to work on /home/airflow/.local/lib/python3.12/site-packages/airflow/example_dags/example_bash_decorator.py
[2025-08-19T03:23:52.962+0000] {processor.py:830} INFO - Processing file /home/airflow/.local/lib/python3.12/site-packages/airflow/example_dags/example_bash_decorator.py for tasks to queue
[2025-08-19T03:23:52.964+0000] {logging_mixin.py:188} INFO - [2025-08-19T03:23:52.963+0000] {dagbag.py:545} INFO - Filling up the DagBag from /home/airflow/.local/lib/python3.12/site-packages/airflow/example_dags/example_bash_decorator.py
[2025-08-19T03:23:52.978+0000] {processor.py:840} INFO - DAG(s) 'example_bash_decorator' retrieved from /home/airflow/.local/lib/python3.12/site-packages/airflow/example_dags/example_bash_decorator.py
[2025-08-19T03:23:53.006+0000] {logging_mixin.py:188} INFO - [2025-08-19T03:23:53.005+0000] {dag.py:3096} INFO - Sync 1 DAGs
[2025-08-19T03:23:53.022+0000] {logging_mixin.py:188} INFO - [2025-08-19T03:23:53.022+0000] {dag.py:3954} INFO - Setting next_dagrun for example_bash_decorator to None, run_after=None
[2025-08-19T03:23:53.052+0000] {processor.py:183} INFO - Processing /home/airflow/.local/lib/python3.12/site-packages/airflow/example_dags/example_bash_decorator.py took 0.097 seconds
[2025-08-19T03:24:23.618+0000] {processor.py:161} INFO - Started process (PID=23746) to work on /home/airflow/.local/lib/python3.12/site-packages/airflow/example_dags/example_bash_decorator.py
[2025-08-19T03:24:23.620+0000] {processor.py:830} INFO - Processing file /home/airflow/.local/lib/python3.12/site-packages/airflow/example_dags/example_bash_decorator.py for tasks to queue
[2025-08-19T03:24:23.621+0000] {logging_mixin.py:188} INFO - [2025-08-19T03:24:23.621+0000] {dagbag.py:545} INFO - Filling up the DagBag from /home/airflow/.local/lib/python3.12/site-packages/airflow/example_dags/example_bash_decorator.py
[2025-08-19T03:24:23.634+0000] {processor.py:840} INFO - DAG(s) 'example_bash_decorator' retrieved from /home/airflow/.local/lib/python3.12/site-packages/airflow/example_dags/example_bash_decorator.py
[2025-08-19T03:24:23.658+0000] {logging_mixin.py:188} INFO - [2025-08-19T03:24:23.658+0000] {dag.py:3096} INFO - Sync 1 DAGs
[2025-08-19T03:24:23.671+0000] {logging_mixin.py:188} INFO - [2025-08-19T03:24:23.671+0000] {dag.py:3954} INFO - Setting next_dagrun for example_bash_decorator to None, run_after=None
[2025-08-19T03:24:23.698+0000] {processor.py:183} INFO - Processing /home/airflow/.local/lib/python3.12/site-packages/airflow/example_dags/example_bash_decorator.py took 0.085 seconds
[2025-08-19T03:24:54.232+0000] {processor.py:161} INFO - Started process (PID=23799) to work on /home/airflow/.local/lib/python3.12/site-packages/airflow/example_dags/example_bash_decorator.py
[2025-08-19T03:24:54.233+0000] {processor.py:830} INFO - Processing file /home/airflow/.local/lib/python3.12/site-packages/airflow/example_dags/example_bash_decorator.py for tasks to queue
[2025-08-19T03:24:54.235+0000] {logging_mixin.py:188} INFO - [2025-08-19T03:24:54.234+0000] {dagbag.py:545} INFO - Filling up the DagBag from /home/airflow/.local/lib/python3.12/site-packages/airflow/example_dags/example_bash_decorator.py
[2025-08-19T03:24:54.248+0000] {processor.py:840} INFO - DAG(s) 'example_bash_decorator' retrieved from /home/airflow/.local/lib/python3.12/site-packages/airflow/example_dags/example_bash_decorator.py
[2025-08-19T03:24:54.276+0000] {logging_mixin.py:188} INFO - [2025-08-19T03:24:54.276+0000] {dag.py:3096} INFO - Sync 1 DAGs
[2025-08-19T03:24:54.290+0000] {logging_mixin.py:188} INFO - [2025-08-19T03:24:54.290+0000] {dag.py:3954} INFO - Setting next_dagrun for example_bash_decorator to None, run_after=None
[2025-08-19T03:24:54.315+0000] {processor.py:183} INFO - Processing /home/airflow/.local/lib/python3.12/site-packages/airflow/example_dags/example_bash_decorator.py took 0.089 seconds
[2025-08-19T03:25:24.847+0000] {processor.py:161} INFO - Started process (PID=23852) to work on /home/airflow/.local/lib/python3.12/site-packages/airflow/example_dags/example_bash_decorator.py
[2025-08-19T03:25:24.848+0000] {processor.py:830} INFO - Processing file /home/airflow/.local/lib/python3.12/site-packages/airflow/example_dags/example_bash_decorator.py for tasks to queue
[2025-08-19T03:25:24.850+0000] {logging_mixin.py:188} INFO - [2025-08-19T03:25:24.849+0000] {dagbag.py:545} INFO - Filling up the DagBag from /home/airflow/.local/lib/python3.12/site-packages/airflow/example_dags/example_bash_decorator.py
[2025-08-19T03:25:24.864+0000] {processor.py:840} INFO - DAG(s) 'example_bash_decorator' retrieved from /home/airflow/.local/lib/python3.12/site-packages/airflow/example_dags/example_bash_decorator.py
[2025-08-19T03:25:24.889+0000] {logging_mixin.py:188} INFO - [2025-08-19T03:25:24.889+0000] {dag.py:3096} INFO - Sync 1 DAGs
[2025-08-19T03:25:24.902+0000] {logging_mixin.py:188} INFO - [2025-08-19T03:25:24.901+0000] {dag.py:3954} INFO - Setting next_dagrun for example_bash_decorator to None, run_after=None
[2025-08-19T03:25:24.923+0000] {processor.py:183} INFO - Processing /home/airflow/.local/lib/python3.12/site-packages/airflow/example_dags/example_bash_decorator.py took 0.084 seconds
[2025-08-19T03:25:55.252+0000] {processor.py:161} INFO - Started process (PID=23905) to work on /home/airflow/.local/lib/python3.12/site-packages/airflow/example_dags/example_bash_decorator.py
[2025-08-19T03:25:55.253+0000] {processor.py:830} INFO - Processing file /home/airflow/.local/lib/python3.12/site-packages/airflow/example_dags/example_bash_decorator.py for tasks to queue
[2025-08-19T03:25:55.254+0000] {logging_mixin.py:188} INFO - [2025-08-19T03:25:55.254+0000] {dagbag.py:545} INFO - Filling up the DagBag from /home/airflow/.local/lib/python3.12/site-packages/airflow/example_dags/example_bash_decorator.py
[2025-08-19T03:25:55.268+0000] {processor.py:840} INFO - DAG(s) 'example_bash_decorator' retrieved from /home/airflow/.local/lib/python3.12/site-packages/airflow/example_dags/example_bash_decorator.py
[2025-08-19T03:25:55.296+0000] {logging_mixin.py:188} INFO - [2025-08-19T03:25:55.296+0000] {dag.py:3096} INFO - Sync 1 DAGs
[2025-08-19T03:25:55.311+0000] {logging_mixin.py:188} INFO - [2025-08-19T03:25:55.310+0000] {dag.py:3954} INFO - Setting next_dagrun for example_bash_decorator to None, run_after=None
[2025-08-19T03:25:55.338+0000] {processor.py:183} INFO - Processing /home/airflow/.local/lib/python3.12/site-packages/airflow/example_dags/example_bash_decorator.py took 0.094 seconds
[2025-08-19T03:26:25.638+0000] {processor.py:161} INFO - Started process (PID=23958) to work on /home/airflow/.local/lib/python3.12/site-packages/airflow/example_dags/example_bash_decorator.py
[2025-08-19T03:26:25.640+0000] {processor.py:830} INFO - Processing file /home/airflow/.local/lib/python3.12/site-packages/airflow/example_dags/example_bash_decorator.py for tasks to queue
[2025-08-19T03:26:25.643+0000] {logging_mixin.py:188} INFO - [2025-08-19T03:26:25.642+0000] {dagbag.py:545} INFO - Filling up the DagBag from /home/airflow/.local/lib/python3.12/site-packages/airflow/example_dags/example_bash_decorator.py
[2025-08-19T03:26:25.676+0000] {processor.py:840} INFO - DAG(s) 'example_bash_decorator' retrieved from /home/airflow/.local/lib/python3.12/site-packages/airflow/example_dags/example_bash_decorator.py
[2025-08-19T03:26:25.712+0000] {logging_mixin.py:188} INFO - [2025-08-19T03:26:25.712+0000] {dag.py:3096} INFO - Sync 1 DAGs
[2025-08-19T03:26:25.726+0000] {logging_mixin.py:188} INFO - [2025-08-19T03:26:25.726+0000] {dag.py:3954} INFO - Setting next_dagrun for example_bash_decorator to None, run_after=None
[2025-08-19T03:26:25.749+0000] {processor.py:183} INFO - Processing /home/airflow/.local/lib/python3.12/site-packages/airflow/example_dags/example_bash_decorator.py took 0.127 seconds
[2025-08-19T03:26:56.089+0000] {processor.py:161} INFO - Started process (PID=24011) to work on /home/airflow/.local/lib/python3.12/site-packages/airflow/example_dags/example_bash_decorator.py
[2025-08-19T03:26:56.090+0000] {processor.py:830} INFO - Processing file /home/airflow/.local/lib/python3.12/site-packages/airflow/example_dags/example_bash_decorator.py for tasks to queue
[2025-08-19T03:26:56.091+0000] {logging_mixin.py:188} INFO - [2025-08-19T03:26:56.091+0000] {dagbag.py:545} INFO - Filling up the DagBag from /home/airflow/.local/lib/python3.12/site-packages/airflow/example_dags/example_bash_decorator.py
[2025-08-19T03:26:56.105+0000] {processor.py:840} INFO - DAG(s) 'example_bash_decorator' retrieved from /home/airflow/.local/lib/python3.12/site-packages/airflow/example_dags/example_bash_decorator.py
[2025-08-19T03:26:56.131+0000] {logging_mixin.py:188} INFO - [2025-08-19T03:26:56.131+0000] {dag.py:3096} INFO - Sync 1 DAGs
[2025-08-19T03:26:56.144+0000] {logging_mixin.py:188} INFO - [2025-08-19T03:26:56.144+0000] {dag.py:3954} INFO - Setting next_dagrun for example_bash_decorator to None, run_after=None
[2025-08-19T03:26:56.168+0000] {processor.py:183} INFO - Processing /home/airflow/.local/lib/python3.12/site-packages/airflow/example_dags/example_bash_decorator.py took 0.085 seconds
[2025-08-19T03:27:26.525+0000] {processor.py:161} INFO - Started process (PID=24064) to work on /home/airflow/.local/lib/python3.12/site-packages/airflow/example_dags/example_bash_decorator.py
[2025-08-19T03:27:26.526+0000] {processor.py:830} INFO - Processing file /home/airflow/.local/lib/python3.12/site-packages/airflow/example_dags/example_bash_decorator.py for tasks to queue
[2025-08-19T03:27:26.528+0000] {logging_mixin.py:188} INFO - [2025-08-19T03:27:26.527+0000] {dagbag.py:545} INFO - Filling up the DagBag from /home/airflow/.local/lib/python3.12/site-packages/airflow/example_dags/example_bash_decorator.py
[2025-08-19T03:27:26.543+0000] {processor.py:840} INFO - DAG(s) 'example_bash_decorator' retrieved from /home/airflow/.local/lib/python3.12/site-packages/airflow/example_dags/example_bash_decorator.py
[2025-08-19T03:27:26.569+0000] {logging_mixin.py:188} INFO - [2025-08-19T03:27:26.569+0000] {dag.py:3096} INFO - Sync 1 DAGs
[2025-08-19T03:27:26.582+0000] {logging_mixin.py:188} INFO - [2025-08-19T03:27:26.582+0000] {dag.py:3954} INFO - Setting next_dagrun for example_bash_decorator to None, run_after=None
[2025-08-19T03:27:26.605+0000] {processor.py:183} INFO - Processing /home/airflow/.local/lib/python3.12/site-packages/airflow/example_dags/example_bash_decorator.py took 0.086 seconds
[2025-08-19T03:27:57.050+0000] {processor.py:161} INFO - Started process (PID=24117) to work on /home/airflow/.local/lib/python3.12/site-packages/airflow/example_dags/example_bash_decorator.py
[2025-08-19T03:27:57.051+0000] {processor.py:830} INFO - Processing file /home/airflow/.local/lib/python3.12/site-packages/airflow/example_dags/example_bash_decorator.py for tasks to queue
[2025-08-19T03:27:57.052+0000] {logging_mixin.py:188} INFO - [2025-08-19T03:27:57.052+0000] {dagbag.py:545} INFO - Filling up the DagBag from /home/airflow/.local/lib/python3.12/site-packages/airflow/example_dags/example_bash_decorator.py
[2025-08-19T03:27:57.066+0000] {processor.py:840} INFO - DAG(s) 'example_bash_decorator' retrieved from /home/airflow/.local/lib/python3.12/site-packages/airflow/example_dags/example_bash_decorator.py
[2025-08-19T03:27:57.091+0000] {logging_mixin.py:188} INFO - [2025-08-19T03:27:57.091+0000] {dag.py:3096} INFO - Sync 1 DAGs
[2025-08-19T03:27:57.105+0000] {logging_mixin.py:188} INFO - [2025-08-19T03:27:57.105+0000] {dag.py:3954} INFO - Setting next_dagrun for example_bash_decorator to None, run_after=None
[2025-08-19T03:27:57.130+0000] {processor.py:183} INFO - Processing /home/airflow/.local/lib/python3.12/site-packages/airflow/example_dags/example_bash_decorator.py took 0.086 seconds
[2025-08-19T03:28:27.470+0000] {processor.py:161} INFO - Started process (PID=24170) to work on /home/airflow/.local/lib/python3.12/site-packages/airflow/example_dags/example_bash_decorator.py
[2025-08-19T03:28:27.471+0000] {processor.py:830} INFO - Processing file /home/airflow/.local/lib/python3.12/site-packages/airflow/example_dags/example_bash_decorator.py for tasks to queue
[2025-08-19T03:28:27.472+0000] {logging_mixin.py:188} INFO - [2025-08-19T03:28:27.472+0000] {dagbag.py:545} INFO - Filling up the DagBag from /home/airflow/.local/lib/python3.12/site-packages/airflow/example_dags/example_bash_decorator.py
[2025-08-19T03:28:27.485+0000] {processor.py:840} INFO - DAG(s) 'example_bash_decorator' retrieved from /home/airflow/.local/lib/python3.12/site-packages/airflow/example_dags/example_bash_decorator.py
[2025-08-19T03:28:27.509+0000] {logging_mixin.py:188} INFO - [2025-08-19T03:28:27.509+0000] {dag.py:3096} INFO - Sync 1 DAGs
[2025-08-19T03:28:27.522+0000] {logging_mixin.py:188} INFO - [2025-08-19T03:28:27.522+0000] {dag.py:3954} INFO - Setting next_dagrun for example_bash_decorator to None, run_after=None
[2025-08-19T03:28:27.543+0000] {processor.py:183} INFO - Processing /home/airflow/.local/lib/python3.12/site-packages/airflow/example_dags/example_bash_decorator.py took 0.079 seconds
[2025-08-19T03:28:57.948+0000] {processor.py:161} INFO - Started process (PID=24223) to work on /home/airflow/.local/lib/python3.12/site-packages/airflow/example_dags/example_bash_decorator.py
[2025-08-19T03:28:57.949+0000] {processor.py:830} INFO - Processing file /home/airflow/.local/lib/python3.12/site-packages/airflow/example_dags/example_bash_decorator.py for tasks to queue
[2025-08-19T03:28:57.951+0000] {logging_mixin.py:188} INFO - [2025-08-19T03:28:57.950+0000] {dagbag.py:545} INFO - Filling up the DagBag from /home/airflow/.local/lib/python3.12/site-packages/airflow/example_dags/example_bash_decorator.py
[2025-08-19T03:28:57.964+0000] {processor.py:840} INFO - DAG(s) 'example_bash_decorator' retrieved from /home/airflow/.local/lib/python3.12/site-packages/airflow/example_dags/example_bash_decorator.py
[2025-08-19T03:28:57.988+0000] {logging_mixin.py:188} INFO - [2025-08-19T03:28:57.988+0000] {dag.py:3096} INFO - Sync 1 DAGs
[2025-08-19T03:28:58.002+0000] {logging_mixin.py:188} INFO - [2025-08-19T03:28:58.001+0000] {dag.py:3954} INFO - Setting next_dagrun for example_bash_decorator to None, run_after=None
[2025-08-19T03:28:58.027+0000] {processor.py:183} INFO - Processing /home/airflow/.local/lib/python3.12/site-packages/airflow/example_dags/example_bash_decorator.py took 0.084 seconds
[2025-08-19T03:29:28.300+0000] {processor.py:161} INFO - Started process (PID=24276) to work on /home/airflow/.local/lib/python3.12/site-packages/airflow/example_dags/example_bash_decorator.py
[2025-08-19T03:29:28.301+0000] {processor.py:830} INFO - Processing file /home/airflow/.local/lib/python3.12/site-packages/airflow/example_dags/example_bash_decorator.py for tasks to queue
[2025-08-19T03:29:28.302+0000] {logging_mixin.py:188} INFO - [2025-08-19T03:29:28.302+0000] {dagbag.py:545} INFO - Filling up the DagBag from /home/airflow/.local/lib/python3.12/site-packages/airflow/example_dags/example_bash_decorator.py
[2025-08-19T03:29:28.316+0000] {processor.py:840} INFO - DAG(s) 'example_bash_decorator' retrieved from /home/airflow/.local/lib/python3.12/site-packages/airflow/example_dags/example_bash_decorator.py
[2025-08-19T03:29:28.343+0000] {logging_mixin.py:188} INFO - [2025-08-19T03:29:28.343+0000] {dag.py:3096} INFO - Sync 1 DAGs
[2025-08-19T03:29:28.357+0000] {logging_mixin.py:188} INFO - [2025-08-19T03:29:28.356+0000] {dag.py:3954} INFO - Setting next_dagrun for example_bash_decorator to None, run_after=None
[2025-08-19T03:29:28.384+0000] {processor.py:183} INFO - Processing /home/airflow/.local/lib/python3.12/site-packages/airflow/example_dags/example_bash_decorator.py took 0.091 seconds
[2025-08-19T03:29:58.665+0000] {processor.py:161} INFO - Started process (PID=24329) to work on /home/airflow/.local/lib/python3.12/site-packages/airflow/example_dags/example_bash_decorator.py
[2025-08-19T03:29:58.666+0000] {processor.py:830} INFO - Processing file /home/airflow/.local/lib/python3.12/site-packages/airflow/example_dags/example_bash_decorator.py for tasks to queue
[2025-08-19T03:29:58.667+0000] {logging_mixin.py:188} INFO - [2025-08-19T03:29:58.667+0000] {dagbag.py:545} INFO - Filling up the DagBag from /home/airflow/.local/lib/python3.12/site-packages/airflow/example_dags/example_bash_decorator.py
[2025-08-19T03:29:58.682+0000] {processor.py:840} INFO - DAG(s) 'example_bash_decorator' retrieved from /home/airflow/.local/lib/python3.12/site-packages/airflow/example_dags/example_bash_decorator.py
[2025-08-19T03:29:58.708+0000] {logging_mixin.py:188} INFO - [2025-08-19T03:29:58.708+0000] {dag.py:3096} INFO - Sync 1 DAGs
[2025-08-19T03:29:58.719+0000] {logging_mixin.py:188} INFO - [2025-08-19T03:29:58.719+0000] {dag.py:3954} INFO - Setting next_dagrun for example_bash_decorator to None, run_after=None
[2025-08-19T03:29:58.740+0000] {processor.py:183} INFO - Processing /home/airflow/.local/lib/python3.12/site-packages/airflow/example_dags/example_bash_decorator.py took 0.081 seconds
[2025-08-19T03:30:29.146+0000] {processor.py:161} INFO - Started process (PID=24382) to work on /home/airflow/.local/lib/python3.12/site-packages/airflow/example_dags/example_bash_decorator.py
[2025-08-19T03:30:29.148+0000] {processor.py:830} INFO - Processing file /home/airflow/.local/lib/python3.12/site-packages/airflow/example_dags/example_bash_decorator.py for tasks to queue
[2025-08-19T03:30:29.149+0000] {logging_mixin.py:188} INFO - [2025-08-19T03:30:29.148+0000] {dagbag.py:545} INFO - Filling up the DagBag from /home/airflow/.local/lib/python3.12/site-packages/airflow/example_dags/example_bash_decorator.py
[2025-08-19T03:30:29.162+0000] {processor.py:840} INFO - DAG(s) 'example_bash_decorator' retrieved from /home/airflow/.local/lib/python3.12/site-packages/airflow/example_dags/example_bash_decorator.py
[2025-08-19T03:30:29.192+0000] {logging_mixin.py:188} INFO - [2025-08-19T03:30:29.192+0000] {dag.py:3096} INFO - Sync 1 DAGs
[2025-08-19T03:30:29.205+0000] {logging_mixin.py:188} INFO - [2025-08-19T03:30:29.204+0000] {dag.py:3954} INFO - Setting next_dagrun for example_bash_decorator to None, run_after=None
[2025-08-19T03:30:29.229+0000] {processor.py:183} INFO - Processing /home/airflow/.local/lib/python3.12/site-packages/airflow/example_dags/example_bash_decorator.py took 0.088 seconds
[2025-08-19T03:30:59.823+0000] {processor.py:161} INFO - Started process (PID=24435) to work on /home/airflow/.local/lib/python3.12/site-packages/airflow/example_dags/example_bash_decorator.py
[2025-08-19T03:30:59.825+0000] {processor.py:830} INFO - Processing file /home/airflow/.local/lib/python3.12/site-packages/airflow/example_dags/example_bash_decorator.py for tasks to queue
[2025-08-19T03:30:59.827+0000] {logging_mixin.py:188} INFO - [2025-08-19T03:30:59.827+0000] {dagbag.py:545} INFO - Filling up the DagBag from /home/airflow/.local/lib/python3.12/site-packages/airflow/example_dags/example_bash_decorator.py
[2025-08-19T03:30:59.842+0000] {processor.py:840} INFO - DAG(s) 'example_bash_decorator' retrieved from /home/airflow/.local/lib/python3.12/site-packages/airflow/example_dags/example_bash_decorator.py
[2025-08-19T03:30:59.867+0000] {logging_mixin.py:188} INFO - [2025-08-19T03:30:59.867+0000] {dag.py:3096} INFO - Sync 1 DAGs
[2025-08-19T03:30:59.880+0000] {logging_mixin.py:188} INFO - [2025-08-19T03:30:59.880+0000] {dag.py:3954} INFO - Setting next_dagrun for example_bash_decorator to None, run_after=None
[2025-08-19T03:30:59.904+0000] {processor.py:183} INFO - Processing /home/airflow/.local/lib/python3.12/site-packages/airflow/example_dags/example_bash_decorator.py took 0.089 seconds
[2025-08-19T03:31:30.143+0000] {processor.py:161} INFO - Started process (PID=24488) to work on /home/airflow/.local/lib/python3.12/site-packages/airflow/example_dags/example_bash_decorator.py
[2025-08-19T03:31:30.145+0000] {processor.py:830} INFO - Processing file /home/airflow/.local/lib/python3.12/site-packages/airflow/example_dags/example_bash_decorator.py for tasks to queue
[2025-08-19T03:31:30.146+0000] {logging_mixin.py:188} INFO - [2025-08-19T03:31:30.146+0000] {dagbag.py:545} INFO - Filling up the DagBag from /home/airflow/.local/lib/python3.12/site-packages/airflow/example_dags/example_bash_decorator.py
[2025-08-19T03:31:30.165+0000] {processor.py:840} INFO - DAG(s) 'example_bash_decorator' retrieved from /home/airflow/.local/lib/python3.12/site-packages/airflow/example_dags/example_bash_decorator.py
[2025-08-19T03:31:30.190+0000] {logging_mixin.py:188} INFO - [2025-08-19T03:31:30.189+0000] {dag.py:3096} INFO - Sync 1 DAGs
[2025-08-19T03:31:30.202+0000] {logging_mixin.py:188} INFO - [2025-08-19T03:31:30.202+0000] {dag.py:3954} INFO - Setting next_dagrun for example_bash_decorator to None, run_after=None
[2025-08-19T03:31:30.224+0000] {processor.py:183} INFO - Processing /home/airflow/.local/lib/python3.12/site-packages/airflow/example_dags/example_bash_decorator.py took 0.088 seconds
[2025-08-19T03:32:00.411+0000] {processor.py:161} INFO - Started process (PID=24541) to work on /home/airflow/.local/lib/python3.12/site-packages/airflow/example_dags/example_bash_decorator.py
[2025-08-19T03:32:00.412+0000] {processor.py:830} INFO - Processing file /home/airflow/.local/lib/python3.12/site-packages/airflow/example_dags/example_bash_decorator.py for tasks to queue
[2025-08-19T03:32:00.413+0000] {logging_mixin.py:188} INFO - [2025-08-19T03:32:00.413+0000] {dagbag.py:545} INFO - Filling up the DagBag from /home/airflow/.local/lib/python3.12/site-packages/airflow/example_dags/example_bash_decorator.py
[2025-08-19T03:32:00.431+0000] {processor.py:840} INFO - DAG(s) 'example_bash_decorator' retrieved from /home/airflow/.local/lib/python3.12/site-packages/airflow/example_dags/example_bash_decorator.py
[2025-08-19T03:32:00.460+0000] {logging_mixin.py:188} INFO - [2025-08-19T03:32:00.459+0000] {dag.py:3096} INFO - Sync 1 DAGs
[2025-08-19T03:32:00.474+0000] {logging_mixin.py:188} INFO - [2025-08-19T03:32:00.474+0000] {dag.py:3954} INFO - Setting next_dagrun for example_bash_decorator to None, run_after=None
[2025-08-19T03:32:00.499+0000] {processor.py:183} INFO - Processing /home/airflow/.local/lib/python3.12/site-packages/airflow/example_dags/example_bash_decorator.py took 0.094 seconds
[2025-08-19T03:32:31.453+0000] {processor.py:161} INFO - Started process (PID=24594) to work on /home/airflow/.local/lib/python3.12/site-packages/airflow/example_dags/example_bash_decorator.py
[2025-08-19T03:32:31.454+0000] {processor.py:830} INFO - Processing file /home/airflow/.local/lib/python3.12/site-packages/airflow/example_dags/example_bash_decorator.py for tasks to queue
[2025-08-19T03:32:31.456+0000] {logging_mixin.py:188} INFO - [2025-08-19T03:32:31.455+0000] {dagbag.py:545} INFO - Filling up the DagBag from /home/airflow/.local/lib/python3.12/site-packages/airflow/example_dags/example_bash_decorator.py
[2025-08-19T03:32:31.471+0000] {processor.py:840} INFO - DAG(s) 'example_bash_decorator' retrieved from /home/airflow/.local/lib/python3.12/site-packages/airflow/example_dags/example_bash_decorator.py
[2025-08-19T03:32:31.497+0000] {logging_mixin.py:188} INFO - [2025-08-19T03:32:31.497+0000] {dag.py:3096} INFO - Sync 1 DAGs
[2025-08-19T03:32:31.510+0000] {logging_mixin.py:188} INFO - [2025-08-19T03:32:31.510+0000] {dag.py:3954} INFO - Setting next_dagrun for example_bash_decorator to None, run_after=None
[2025-08-19T03:32:31.534+0000] {processor.py:183} INFO - Processing /home/airflow/.local/lib/python3.12/site-packages/airflow/example_dags/example_bash_decorator.py took 0.089 seconds
[2025-08-19T03:33:02.200+0000] {processor.py:161} INFO - Started process (PID=24647) to work on /home/airflow/.local/lib/python3.12/site-packages/airflow/example_dags/example_bash_decorator.py
[2025-08-19T03:33:02.203+0000] {processor.py:830} INFO - Processing file /home/airflow/.local/lib/python3.12/site-packages/airflow/example_dags/example_bash_decorator.py for tasks to queue
[2025-08-19T03:33:02.206+0000] {logging_mixin.py:188} INFO - [2025-08-19T03:33:02.205+0000] {dagbag.py:545} INFO - Filling up the DagBag from /home/airflow/.local/lib/python3.12/site-packages/airflow/example_dags/example_bash_decorator.py
[2025-08-19T03:33:02.243+0000] {processor.py:840} INFO - DAG(s) 'example_bash_decorator' retrieved from /home/airflow/.local/lib/python3.12/site-packages/airflow/example_dags/example_bash_decorator.py
[2025-08-19T03:33:02.300+0000] {logging_mixin.py:188} INFO - [2025-08-19T03:33:02.300+0000] {dag.py:3096} INFO - Sync 1 DAGs
[2025-08-19T03:33:02.329+0000] {logging_mixin.py:188} INFO - [2025-08-19T03:33:02.329+0000] {dag.py:3954} INFO - Setting next_dagrun for example_bash_decorator to None, run_after=None
[2025-08-19T03:33:02.390+0000] {processor.py:183} INFO - Processing /home/airflow/.local/lib/python3.12/site-packages/airflow/example_dags/example_bash_decorator.py took 0.206 seconds
[2025-08-19T03:33:35.926+0000] {processor.py:161} INFO - Started process (PID=24700) to work on /home/airflow/.local/lib/python3.12/site-packages/airflow/example_dags/example_bash_decorator.py
[2025-08-19T03:33:35.929+0000] {processor.py:830} INFO - Processing file /home/airflow/.local/lib/python3.12/site-packages/airflow/example_dags/example_bash_decorator.py for tasks to queue
[2025-08-19T03:33:35.934+0000] {logging_mixin.py:188} INFO - [2025-08-19T03:33:35.932+0000] {dagbag.py:545} INFO - Filling up the DagBag from /home/airflow/.local/lib/python3.12/site-packages/airflow/example_dags/example_bash_decorator.py
[2025-08-19T03:33:35.983+0000] {processor.py:840} INFO - DAG(s) 'example_bash_decorator' retrieved from /home/airflow/.local/lib/python3.12/site-packages/airflow/example_dags/example_bash_decorator.py
[2025-08-19T03:33:36.096+0000] {logging_mixin.py:188} INFO - [2025-08-19T03:33:36.095+0000] {dag.py:3096} INFO - Sync 1 DAGs
[2025-08-19T03:33:36.168+0000] {logging_mixin.py:188} INFO - [2025-08-19T03:33:36.167+0000] {dag.py:3954} INFO - Setting next_dagrun for example_bash_decorator to None, run_after=None
[2025-08-19T03:33:36.258+0000] {processor.py:183} INFO - Processing /home/airflow/.local/lib/python3.12/site-packages/airflow/example_dags/example_bash_decorator.py took 0.352 seconds
[2025-08-19T03:34:06.698+0000] {processor.py:161} INFO - Started process (PID=24753) to work on /home/airflow/.local/lib/python3.12/site-packages/airflow/example_dags/example_bash_decorator.py
[2025-08-19T03:34:06.699+0000] {processor.py:830} INFO - Processing file /home/airflow/.local/lib/python3.12/site-packages/airflow/example_dags/example_bash_decorator.py for tasks to queue
[2025-08-19T03:34:06.701+0000] {logging_mixin.py:188} INFO - [2025-08-19T03:34:06.701+0000] {dagbag.py:545} INFO - Filling up the DagBag from /home/airflow/.local/lib/python3.12/site-packages/airflow/example_dags/example_bash_decorator.py
[2025-08-19T03:34:06.721+0000] {processor.py:840} INFO - DAG(s) 'example_bash_decorator' retrieved from /home/airflow/.local/lib/python3.12/site-packages/airflow/example_dags/example_bash_decorator.py
[2025-08-19T03:34:06.759+0000] {logging_mixin.py:188} INFO - [2025-08-19T03:34:06.759+0000] {dag.py:3096} INFO - Sync 1 DAGs
[2025-08-19T03:34:06.778+0000] {logging_mixin.py:188} INFO - [2025-08-19T03:34:06.778+0000] {dag.py:3954} INFO - Setting next_dagrun for example_bash_decorator to None, run_after=None
[2025-08-19T03:34:06.804+0000] {processor.py:183} INFO - Processing /home/airflow/.local/lib/python3.12/site-packages/airflow/example_dags/example_bash_decorator.py took 0.115 seconds
[2025-08-19T03:34:37.300+0000] {processor.py:161} INFO - Started process (PID=24806) to work on /home/airflow/.local/lib/python3.12/site-packages/airflow/example_dags/example_bash_decorator.py
[2025-08-19T03:34:37.301+0000] {processor.py:830} INFO - Processing file /home/airflow/.local/lib/python3.12/site-packages/airflow/example_dags/example_bash_decorator.py for tasks to queue
[2025-08-19T03:34:37.303+0000] {logging_mixin.py:188} INFO - [2025-08-19T03:34:37.302+0000] {dagbag.py:545} INFO - Filling up the DagBag from /home/airflow/.local/lib/python3.12/site-packages/airflow/example_dags/example_bash_decorator.py
[2025-08-19T03:34:37.325+0000] {processor.py:840} INFO - DAG(s) 'example_bash_decorator' retrieved from /home/airflow/.local/lib/python3.12/site-packages/airflow/example_dags/example_bash_decorator.py
[2025-08-19T03:34:37.349+0000] {logging_mixin.py:188} INFO - [2025-08-19T03:34:37.349+0000] {dag.py:3096} INFO - Sync 1 DAGs
[2025-08-19T03:34:37.364+0000] {logging_mixin.py:188} INFO - [2025-08-19T03:34:37.364+0000] {dag.py:3954} INFO - Setting next_dagrun for example_bash_decorator to None, run_after=None
[2025-08-19T03:34:37.409+0000] {processor.py:183} INFO - Processing /home/airflow/.local/lib/python3.12/site-packages/airflow/example_dags/example_bash_decorator.py took 0.115 seconds
[2025-08-19T03:35:07.527+0000] {processor.py:161} INFO - Started process (PID=24859) to work on /home/airflow/.local/lib/python3.12/site-packages/airflow/example_dags/example_bash_decorator.py
[2025-08-19T03:35:07.528+0000] {processor.py:830} INFO - Processing file /home/airflow/.local/lib/python3.12/site-packages/airflow/example_dags/example_bash_decorator.py for tasks to queue
[2025-08-19T03:35:07.530+0000] {logging_mixin.py:188} INFO - [2025-08-19T03:35:07.529+0000] {dagbag.py:545} INFO - Filling up the DagBag from /home/airflow/.local/lib/python3.12/site-packages/airflow/example_dags/example_bash_decorator.py
[2025-08-19T03:35:07.544+0000] {processor.py:840} INFO - DAG(s) 'example_bash_decorator' retrieved from /home/airflow/.local/lib/python3.12/site-packages/airflow/example_dags/example_bash_decorator.py
[2025-08-19T03:35:07.569+0000] {logging_mixin.py:188} INFO - [2025-08-19T03:35:07.569+0000] {dag.py:3096} INFO - Sync 1 DAGs
[2025-08-19T03:35:07.585+0000] {logging_mixin.py:188} INFO - [2025-08-19T03:35:07.585+0000] {dag.py:3954} INFO - Setting next_dagrun for example_bash_decorator to None, run_after=None
[2025-08-19T03:35:07.619+0000] {processor.py:183} INFO - Processing /home/airflow/.local/lib/python3.12/site-packages/airflow/example_dags/example_bash_decorator.py took 0.099 seconds
[2025-08-19T03:35:38.196+0000] {processor.py:161} INFO - Started process (PID=24912) to work on /home/airflow/.local/lib/python3.12/site-packages/airflow/example_dags/example_bash_decorator.py
[2025-08-19T03:35:38.198+0000] {processor.py:830} INFO - Processing file /home/airflow/.local/lib/python3.12/site-packages/airflow/example_dags/example_bash_decorator.py for tasks to queue
[2025-08-19T03:35:38.199+0000] {logging_mixin.py:188} INFO - [2025-08-19T03:35:38.199+0000] {dagbag.py:545} INFO - Filling up the DagBag from /home/airflow/.local/lib/python3.12/site-packages/airflow/example_dags/example_bash_decorator.py
[2025-08-19T03:35:38.216+0000] {processor.py:840} INFO - DAG(s) 'example_bash_decorator' retrieved from /home/airflow/.local/lib/python3.12/site-packages/airflow/example_dags/example_bash_decorator.py
[2025-08-19T03:35:38.247+0000] {logging_mixin.py:188} INFO - [2025-08-19T03:35:38.247+0000] {dag.py:3096} INFO - Sync 1 DAGs
[2025-08-19T03:35:38.265+0000] {logging_mixin.py:188} INFO - [2025-08-19T03:35:38.264+0000] {dag.py:3954} INFO - Setting next_dagrun for example_bash_decorator to None, run_after=None
[2025-08-19T03:35:38.293+0000] {processor.py:183} INFO - Processing /home/airflow/.local/lib/python3.12/site-packages/airflow/example_dags/example_bash_decorator.py took 0.104 seconds
[2025-08-19T03:36:08.659+0000] {processor.py:161} INFO - Started process (PID=24965) to work on /home/airflow/.local/lib/python3.12/site-packages/airflow/example_dags/example_bash_decorator.py
[2025-08-19T03:36:08.660+0000] {processor.py:830} INFO - Processing file /home/airflow/.local/lib/python3.12/site-packages/airflow/example_dags/example_bash_decorator.py for tasks to queue
[2025-08-19T03:36:08.662+0000] {logging_mixin.py:188} INFO - [2025-08-19T03:36:08.661+0000] {dagbag.py:545} INFO - Filling up the DagBag from /home/airflow/.local/lib/python3.12/site-packages/airflow/example_dags/example_bash_decorator.py
[2025-08-19T03:36:08.676+0000] {processor.py:840} INFO - DAG(s) 'example_bash_decorator' retrieved from /home/airflow/.local/lib/python3.12/site-packages/airflow/example_dags/example_bash_decorator.py
[2025-08-19T03:36:08.699+0000] {logging_mixin.py:188} INFO - [2025-08-19T03:36:08.699+0000] {dag.py:3096} INFO - Sync 1 DAGs
[2025-08-19T03:36:08.712+0000] {logging_mixin.py:188} INFO - [2025-08-19T03:36:08.712+0000] {dag.py:3954} INFO - Setting next_dagrun for example_bash_decorator to None, run_after=None
[2025-08-19T03:36:08.734+0000] {processor.py:183} INFO - Processing /home/airflow/.local/lib/python3.12/site-packages/airflow/example_dags/example_bash_decorator.py took 0.081 seconds
[2025-08-19T03:36:38.948+0000] {processor.py:161} INFO - Started process (PID=25018) to work on /home/airflow/.local/lib/python3.12/site-packages/airflow/example_dags/example_bash_decorator.py
[2025-08-19T03:36:38.950+0000] {processor.py:830} INFO - Processing file /home/airflow/.local/lib/python3.12/site-packages/airflow/example_dags/example_bash_decorator.py for tasks to queue
[2025-08-19T03:36:38.951+0000] {logging_mixin.py:188} INFO - [2025-08-19T03:36:38.951+0000] {dagbag.py:545} INFO - Filling up the DagBag from /home/airflow/.local/lib/python3.12/site-packages/airflow/example_dags/example_bash_decorator.py
[2025-08-19T03:36:38.966+0000] {processor.py:840} INFO - DAG(s) 'example_bash_decorator' retrieved from /home/airflow/.local/lib/python3.12/site-packages/airflow/example_dags/example_bash_decorator.py
[2025-08-19T03:36:38.995+0000] {logging_mixin.py:188} INFO - [2025-08-19T03:36:38.994+0000] {dag.py:3096} INFO - Sync 1 DAGs
[2025-08-19T03:36:39.011+0000] {logging_mixin.py:188} INFO - [2025-08-19T03:36:39.011+0000] {dag.py:3954} INFO - Setting next_dagrun for example_bash_decorator to None, run_after=None
[2025-08-19T03:36:39.037+0000] {processor.py:183} INFO - Processing /home/airflow/.local/lib/python3.12/site-packages/airflow/example_dags/example_bash_decorator.py took 0.096 seconds
[2025-08-19T03:37:09.763+0000] {processor.py:161} INFO - Started process (PID=25071) to work on /home/airflow/.local/lib/python3.12/site-packages/airflow/example_dags/example_bash_decorator.py
[2025-08-19T03:37:09.764+0000] {processor.py:830} INFO - Processing file /home/airflow/.local/lib/python3.12/site-packages/airflow/example_dags/example_bash_decorator.py for tasks to queue
[2025-08-19T03:37:09.767+0000] {logging_mixin.py:188} INFO - [2025-08-19T03:37:09.766+0000] {dagbag.py:545} INFO - Filling up the DagBag from /home/airflow/.local/lib/python3.12/site-packages/airflow/example_dags/example_bash_decorator.py
[2025-08-19T03:37:09.781+0000] {processor.py:840} INFO - DAG(s) 'example_bash_decorator' retrieved from /home/airflow/.local/lib/python3.12/site-packages/airflow/example_dags/example_bash_decorator.py
[2025-08-19T03:37:09.812+0000] {logging_mixin.py:188} INFO - [2025-08-19T03:37:09.812+0000] {dag.py:3096} INFO - Sync 1 DAGs
[2025-08-19T03:37:09.827+0000] {logging_mixin.py:188} INFO - [2025-08-19T03:37:09.827+0000] {dag.py:3954} INFO - Setting next_dagrun for example_bash_decorator to None, run_after=None
[2025-08-19T03:37:09.854+0000] {processor.py:183} INFO - Processing /home/airflow/.local/lib/python3.12/site-packages/airflow/example_dags/example_bash_decorator.py took 0.098 seconds
