[2025-08-19T03:09:54.141+0000] {processor.py:161} INFO - Started process (PID=22230) to work on /home/airflow/.local/lib/python3.12/site-packages/airflow/example_dags/example_branch_operator.py
[2025-08-19T03:09:54.176+0000] {processor.py:830} INFO - Processing file /home/airflow/.local/lib/python3.12/site-packages/airflow/example_dags/example_branch_operator.py for tasks to queue
[2025-08-19T03:09:54.206+0000] {logging_mixin.py:188} INFO - [2025-08-19T03:09:54.205+0000] {dagbag.py:545} INFO - Filling up the DagBag from /home/airflow/.local/lib/python3.12/site-packages/airflow/example_dags/example_branch_operator.py
[2025-08-19T03:09:54.581+0000] {processor.py:840} INFO - DAG(s) 'example_branch_operator' retrieved from /home/airflow/.local/lib/python3.12/site-packages/airflow/example_dags/example_branch_operator.py
[2025-08-19T03:09:55.419+0000] {logging_mixin.py:188} INFO - [2025-08-19T03:09:55.418+0000] {dag.py:3096} INFO - Sync 1 DAGs
[2025-08-19T03:09:55.660+0000] {logging_mixin.py:188} INFO - [2025-08-19T03:09:55.650+0000] {dag.py:3954} INFO - Setting next_dagrun for example_branch_operator to 2025-08-18 00:00:00+00:00, run_after=2025-08-19 00:00:00+00:00
[2025-08-19T03:09:55.835+0000] {processor.py:183} INFO - Processing /home/airflow/.local/lib/python3.12/site-packages/airflow/example_dags/example_branch_operator.py took 1.733 seconds
[2025-08-19T03:10:26.405+0000] {processor.py:161} INFO - Started process (PID=22283) to work on /home/airflow/.local/lib/python3.12/site-packages/airflow/example_dags/example_branch_operator.py
[2025-08-19T03:10:26.406+0000] {processor.py:830} INFO - Processing file /home/airflow/.local/lib/python3.12/site-packages/airflow/example_dags/example_branch_operator.py for tasks to queue
[2025-08-19T03:10:26.409+0000] {logging_mixin.py:188} INFO - [2025-08-19T03:10:26.408+0000] {dagbag.py:545} INFO - Filling up the DagBag from /home/airflow/.local/lib/python3.12/site-packages/airflow/example_dags/example_branch_operator.py
[2025-08-19T03:10:26.435+0000] {processor.py:840} INFO - DAG(s) 'example_branch_operator' retrieved from /home/airflow/.local/lib/python3.12/site-packages/airflow/example_dags/example_branch_operator.py
[2025-08-19T03:10:26.481+0000] {logging_mixin.py:188} INFO - [2025-08-19T03:10:26.480+0000] {dag.py:3096} INFO - Sync 1 DAGs
[2025-08-19T03:10:26.515+0000] {logging_mixin.py:188} INFO - [2025-08-19T03:10:26.514+0000] {dag.py:3954} INFO - Setting next_dagrun for example_branch_operator to 2025-08-18 00:00:00+00:00, run_after=2025-08-19 00:00:00+00:00
[2025-08-19T03:10:26.553+0000] {processor.py:183} INFO - Processing /home/airflow/.local/lib/python3.12/site-packages/airflow/example_dags/example_branch_operator.py took 0.156 seconds
[2025-08-19T03:10:57.148+0000] {processor.py:161} INFO - Started process (PID=22336) to work on /home/airflow/.local/lib/python3.12/site-packages/airflow/example_dags/example_branch_operator.py
[2025-08-19T03:10:57.150+0000] {processor.py:830} INFO - Processing file /home/airflow/.local/lib/python3.12/site-packages/airflow/example_dags/example_branch_operator.py for tasks to queue
[2025-08-19T03:10:57.153+0000] {logging_mixin.py:188} INFO - [2025-08-19T03:10:57.152+0000] {dagbag.py:545} INFO - Filling up the DagBag from /home/airflow/.local/lib/python3.12/site-packages/airflow/example_dags/example_branch_operator.py
[2025-08-19T03:10:57.179+0000] {processor.py:840} INFO - DAG(s) 'example_branch_operator' retrieved from /home/airflow/.local/lib/python3.12/site-packages/airflow/example_dags/example_branch_operator.py
[2025-08-19T03:10:57.212+0000] {logging_mixin.py:188} INFO - [2025-08-19T03:10:57.211+0000] {dag.py:3096} INFO - Sync 1 DAGs
[2025-08-19T03:10:57.235+0000] {logging_mixin.py:188} INFO - [2025-08-19T03:10:57.235+0000] {dag.py:3954} INFO - Setting next_dagrun for example_branch_operator to 2025-08-18 00:00:00+00:00, run_after=2025-08-19 00:00:00+00:00
[2025-08-19T03:10:57.270+0000] {processor.py:183} INFO - Processing /home/airflow/.local/lib/python3.12/site-packages/airflow/example_dags/example_branch_operator.py took 0.131 seconds
[2025-08-19T03:11:27.731+0000] {processor.py:161} INFO - Started process (PID=22389) to work on /home/airflow/.local/lib/python3.12/site-packages/airflow/example_dags/example_branch_operator.py
[2025-08-19T03:11:27.734+0000] {processor.py:830} INFO - Processing file /home/airflow/.local/lib/python3.12/site-packages/airflow/example_dags/example_branch_operator.py for tasks to queue
[2025-08-19T03:11:27.735+0000] {logging_mixin.py:188} INFO - [2025-08-19T03:11:27.735+0000] {dagbag.py:545} INFO - Filling up the DagBag from /home/airflow/.local/lib/python3.12/site-packages/airflow/example_dags/example_branch_operator.py
[2025-08-19T03:11:27.751+0000] {processor.py:840} INFO - DAG(s) 'example_branch_operator' retrieved from /home/airflow/.local/lib/python3.12/site-packages/airflow/example_dags/example_branch_operator.py
[2025-08-19T03:11:27.783+0000] {logging_mixin.py:188} INFO - [2025-08-19T03:11:27.783+0000] {dag.py:3096} INFO - Sync 1 DAGs
[2025-08-19T03:11:27.805+0000] {logging_mixin.py:188} INFO - [2025-08-19T03:11:27.805+0000] {dag.py:3954} INFO - Setting next_dagrun for example_branch_operator to 2025-08-18 00:00:00+00:00, run_after=2025-08-19 00:00:00+00:00
[2025-08-19T03:11:27.827+0000] {processor.py:183} INFO - Processing /home/airflow/.local/lib/python3.12/site-packages/airflow/example_dags/example_branch_operator.py took 0.103 seconds
[2025-08-19T03:11:58.402+0000] {processor.py:161} INFO - Started process (PID=22442) to work on /home/airflow/.local/lib/python3.12/site-packages/airflow/example_dags/example_branch_operator.py
[2025-08-19T03:11:58.404+0000] {processor.py:830} INFO - Processing file /home/airflow/.local/lib/python3.12/site-packages/airflow/example_dags/example_branch_operator.py for tasks to queue
[2025-08-19T03:11:58.406+0000] {logging_mixin.py:188} INFO - [2025-08-19T03:11:58.406+0000] {dagbag.py:545} INFO - Filling up the DagBag from /home/airflow/.local/lib/python3.12/site-packages/airflow/example_dags/example_branch_operator.py
[2025-08-19T03:11:58.424+0000] {processor.py:840} INFO - DAG(s) 'example_branch_operator' retrieved from /home/airflow/.local/lib/python3.12/site-packages/airflow/example_dags/example_branch_operator.py
[2025-08-19T03:11:58.460+0000] {logging_mixin.py:188} INFO - [2025-08-19T03:11:58.460+0000] {dag.py:3096} INFO - Sync 1 DAGs
[2025-08-19T03:11:58.482+0000] {logging_mixin.py:188} INFO - [2025-08-19T03:11:58.482+0000] {dag.py:3954} INFO - Setting next_dagrun for example_branch_operator to 2025-08-18 00:00:00+00:00, run_after=2025-08-19 00:00:00+00:00
[2025-08-19T03:11:58.504+0000] {processor.py:183} INFO - Processing /home/airflow/.local/lib/python3.12/site-packages/airflow/example_dags/example_branch_operator.py took 0.111 seconds
[2025-08-19T03:12:28.879+0000] {processor.py:161} INFO - Started process (PID=22495) to work on /home/airflow/.local/lib/python3.12/site-packages/airflow/example_dags/example_branch_operator.py
[2025-08-19T03:12:28.881+0000] {processor.py:830} INFO - Processing file /home/airflow/.local/lib/python3.12/site-packages/airflow/example_dags/example_branch_operator.py for tasks to queue
[2025-08-19T03:12:28.883+0000] {logging_mixin.py:188} INFO - [2025-08-19T03:12:28.882+0000] {dagbag.py:545} INFO - Filling up the DagBag from /home/airflow/.local/lib/python3.12/site-packages/airflow/example_dags/example_branch_operator.py
[2025-08-19T03:12:28.917+0000] {processor.py:840} INFO - DAG(s) 'example_branch_operator' retrieved from /home/airflow/.local/lib/python3.12/site-packages/airflow/example_dags/example_branch_operator.py
[2025-08-19T03:12:28.968+0000] {logging_mixin.py:188} INFO - [2025-08-19T03:12:28.968+0000] {dag.py:3096} INFO - Sync 1 DAGs
[2025-08-19T03:12:28.999+0000] {logging_mixin.py:188} INFO - [2025-08-19T03:12:28.998+0000] {dag.py:3954} INFO - Setting next_dagrun for example_branch_operator to 2025-08-18 00:00:00+00:00, run_after=2025-08-19 00:00:00+00:00
[2025-08-19T03:12:29.041+0000] {processor.py:183} INFO - Processing /home/airflow/.local/lib/python3.12/site-packages/airflow/example_dags/example_branch_operator.py took 0.169 seconds
[2025-08-19T03:12:59.592+0000] {processor.py:161} INFO - Started process (PID=22548) to work on /home/airflow/.local/lib/python3.12/site-packages/airflow/example_dags/example_branch_operator.py
[2025-08-19T03:12:59.594+0000] {processor.py:830} INFO - Processing file /home/airflow/.local/lib/python3.12/site-packages/airflow/example_dags/example_branch_operator.py for tasks to queue
[2025-08-19T03:12:59.595+0000] {logging_mixin.py:188} INFO - [2025-08-19T03:12:59.594+0000] {dagbag.py:545} INFO - Filling up the DagBag from /home/airflow/.local/lib/python3.12/site-packages/airflow/example_dags/example_branch_operator.py
[2025-08-19T03:12:59.616+0000] {processor.py:840} INFO - DAG(s) 'example_branch_operator' retrieved from /home/airflow/.local/lib/python3.12/site-packages/airflow/example_dags/example_branch_operator.py
[2025-08-19T03:12:59.646+0000] {logging_mixin.py:188} INFO - [2025-08-19T03:12:59.645+0000] {dag.py:3096} INFO - Sync 1 DAGs
[2025-08-19T03:12:59.668+0000] {logging_mixin.py:188} INFO - [2025-08-19T03:12:59.668+0000] {dag.py:3954} INFO - Setting next_dagrun for example_branch_operator to 2025-08-18 00:00:00+00:00, run_after=2025-08-19 00:00:00+00:00
[2025-08-19T03:12:59.694+0000] {processor.py:183} INFO - Processing /home/airflow/.local/lib/python3.12/site-packages/airflow/example_dags/example_branch_operator.py took 0.108 seconds
[2025-08-19T03:13:30.301+0000] {processor.py:161} INFO - Started process (PID=22601) to work on /home/airflow/.local/lib/python3.12/site-packages/airflow/example_dags/example_branch_operator.py
[2025-08-19T03:13:30.303+0000] {processor.py:830} INFO - Processing file /home/airflow/.local/lib/python3.12/site-packages/airflow/example_dags/example_branch_operator.py for tasks to queue
[2025-08-19T03:13:30.304+0000] {logging_mixin.py:188} INFO - [2025-08-19T03:13:30.304+0000] {dagbag.py:545} INFO - Filling up the DagBag from /home/airflow/.local/lib/python3.12/site-packages/airflow/example_dags/example_branch_operator.py
[2025-08-19T03:13:30.323+0000] {processor.py:840} INFO - DAG(s) 'example_branch_operator' retrieved from /home/airflow/.local/lib/python3.12/site-packages/airflow/example_dags/example_branch_operator.py
[2025-08-19T03:13:30.354+0000] {logging_mixin.py:188} INFO - [2025-08-19T03:13:30.353+0000] {dag.py:3096} INFO - Sync 1 DAGs
[2025-08-19T03:13:30.375+0000] {logging_mixin.py:188} INFO - [2025-08-19T03:13:30.375+0000] {dag.py:3954} INFO - Setting next_dagrun for example_branch_operator to 2025-08-18 00:00:00+00:00, run_after=2025-08-19 00:00:00+00:00
[2025-08-19T03:13:30.397+0000] {processor.py:183} INFO - Processing /home/airflow/.local/lib/python3.12/site-packages/airflow/example_dags/example_branch_operator.py took 0.103 seconds
[2025-08-19T03:14:01.123+0000] {processor.py:161} INFO - Started process (PID=22654) to work on /home/airflow/.local/lib/python3.12/site-packages/airflow/example_dags/example_branch_operator.py
[2025-08-19T03:14:01.125+0000] {processor.py:830} INFO - Processing file /home/airflow/.local/lib/python3.12/site-packages/airflow/example_dags/example_branch_operator.py for tasks to queue
[2025-08-19T03:14:01.127+0000] {logging_mixin.py:188} INFO - [2025-08-19T03:14:01.127+0000] {dagbag.py:545} INFO - Filling up the DagBag from /home/airflow/.local/lib/python3.12/site-packages/airflow/example_dags/example_branch_operator.py
[2025-08-19T03:14:01.144+0000] {processor.py:840} INFO - DAG(s) 'example_branch_operator' retrieved from /home/airflow/.local/lib/python3.12/site-packages/airflow/example_dags/example_branch_operator.py
[2025-08-19T03:14:01.172+0000] {logging_mixin.py:188} INFO - [2025-08-19T03:14:01.172+0000] {dag.py:3096} INFO - Sync 1 DAGs
[2025-08-19T03:14:01.198+0000] {logging_mixin.py:188} INFO - [2025-08-19T03:14:01.197+0000] {dag.py:3954} INFO - Setting next_dagrun for example_branch_operator to 2025-08-18 00:00:00+00:00, run_after=2025-08-19 00:00:00+00:00
[2025-08-19T03:14:01.221+0000] {processor.py:183} INFO - Processing /home/airflow/.local/lib/python3.12/site-packages/airflow/example_dags/example_branch_operator.py took 0.107 seconds
[2025-08-19T03:14:31.902+0000] {processor.py:161} INFO - Started process (PID=22707) to work on /home/airflow/.local/lib/python3.12/site-packages/airflow/example_dags/example_branch_operator.py
[2025-08-19T03:14:31.904+0000] {processor.py:830} INFO - Processing file /home/airflow/.local/lib/python3.12/site-packages/airflow/example_dags/example_branch_operator.py for tasks to queue
[2025-08-19T03:14:31.906+0000] {logging_mixin.py:188} INFO - [2025-08-19T03:14:31.905+0000] {dagbag.py:545} INFO - Filling up the DagBag from /home/airflow/.local/lib/python3.12/site-packages/airflow/example_dags/example_branch_operator.py
[2025-08-19T03:14:31.926+0000] {processor.py:840} INFO - DAG(s) 'example_branch_operator' retrieved from /home/airflow/.local/lib/python3.12/site-packages/airflow/example_dags/example_branch_operator.py
[2025-08-19T03:14:31.957+0000] {logging_mixin.py:188} INFO - [2025-08-19T03:14:31.957+0000] {dag.py:3096} INFO - Sync 1 DAGs
[2025-08-19T03:14:31.992+0000] {logging_mixin.py:188} INFO - [2025-08-19T03:14:31.992+0000] {dag.py:3954} INFO - Setting next_dagrun for example_branch_operator to 2025-08-18 00:00:00+00:00, run_after=2025-08-19 00:00:00+00:00
[2025-08-19T03:14:32.016+0000] {processor.py:183} INFO - Processing /home/airflow/.local/lib/python3.12/site-packages/airflow/example_dags/example_branch_operator.py took 0.123 seconds
[2025-08-19T03:15:02.810+0000] {processor.py:161} INFO - Started process (PID=22760) to work on /home/airflow/.local/lib/python3.12/site-packages/airflow/example_dags/example_branch_operator.py
[2025-08-19T03:15:02.812+0000] {processor.py:830} INFO - Processing file /home/airflow/.local/lib/python3.12/site-packages/airflow/example_dags/example_branch_operator.py for tasks to queue
[2025-08-19T03:15:02.813+0000] {logging_mixin.py:188} INFO - [2025-08-19T03:15:02.813+0000] {dagbag.py:545} INFO - Filling up the DagBag from /home/airflow/.local/lib/python3.12/site-packages/airflow/example_dags/example_branch_operator.py
[2025-08-19T03:15:02.831+0000] {processor.py:840} INFO - DAG(s) 'example_branch_operator' retrieved from /home/airflow/.local/lib/python3.12/site-packages/airflow/example_dags/example_branch_operator.py
[2025-08-19T03:15:02.862+0000] {logging_mixin.py:188} INFO - [2025-08-19T03:15:02.862+0000] {dag.py:3096} INFO - Sync 1 DAGs
[2025-08-19T03:15:02.888+0000] {logging_mixin.py:188} INFO - [2025-08-19T03:15:02.888+0000] {dag.py:3954} INFO - Setting next_dagrun for example_branch_operator to 2025-08-18 00:00:00+00:00, run_after=2025-08-19 00:00:00+00:00
[2025-08-19T03:15:02.914+0000] {processor.py:183} INFO - Processing /home/airflow/.local/lib/python3.12/site-packages/airflow/example_dags/example_branch_operator.py took 0.111 seconds
[2025-08-19T03:15:33.552+0000] {processor.py:161} INFO - Started process (PID=22813) to work on /home/airflow/.local/lib/python3.12/site-packages/airflow/example_dags/example_branch_operator.py
[2025-08-19T03:15:33.554+0000] {processor.py:830} INFO - Processing file /home/airflow/.local/lib/python3.12/site-packages/airflow/example_dags/example_branch_operator.py for tasks to queue
[2025-08-19T03:15:33.555+0000] {logging_mixin.py:188} INFO - [2025-08-19T03:15:33.555+0000] {dagbag.py:545} INFO - Filling up the DagBag from /home/airflow/.local/lib/python3.12/site-packages/airflow/example_dags/example_branch_operator.py
[2025-08-19T03:15:33.574+0000] {processor.py:840} INFO - DAG(s) 'example_branch_operator' retrieved from /home/airflow/.local/lib/python3.12/site-packages/airflow/example_dags/example_branch_operator.py
[2025-08-19T03:15:33.607+0000] {logging_mixin.py:188} INFO - [2025-08-19T03:15:33.606+0000] {dag.py:3096} INFO - Sync 1 DAGs
[2025-08-19T03:15:33.632+0000] {logging_mixin.py:188} INFO - [2025-08-19T03:15:33.631+0000] {dag.py:3954} INFO - Setting next_dagrun for example_branch_operator to 2025-08-18 00:00:00+00:00, run_after=2025-08-19 00:00:00+00:00
[2025-08-19T03:15:33.660+0000] {processor.py:183} INFO - Processing /home/airflow/.local/lib/python3.12/site-packages/airflow/example_dags/example_branch_operator.py took 0.114 seconds
[2025-08-19T03:16:04.425+0000] {processor.py:161} INFO - Started process (PID=22866) to work on /home/airflow/.local/lib/python3.12/site-packages/airflow/example_dags/example_branch_operator.py
[2025-08-19T03:16:04.426+0000] {processor.py:830} INFO - Processing file /home/airflow/.local/lib/python3.12/site-packages/airflow/example_dags/example_branch_operator.py for tasks to queue
[2025-08-19T03:16:04.428+0000] {logging_mixin.py:188} INFO - [2025-08-19T03:16:04.427+0000] {dagbag.py:545} INFO - Filling up the DagBag from /home/airflow/.local/lib/python3.12/site-packages/airflow/example_dags/example_branch_operator.py
[2025-08-19T03:16:04.451+0000] {processor.py:840} INFO - DAG(s) 'example_branch_operator' retrieved from /home/airflow/.local/lib/python3.12/site-packages/airflow/example_dags/example_branch_operator.py
[2025-08-19T03:16:04.493+0000] {logging_mixin.py:188} INFO - [2025-08-19T03:16:04.493+0000] {dag.py:3096} INFO - Sync 1 DAGs
[2025-08-19T03:16:04.522+0000] {logging_mixin.py:188} INFO - [2025-08-19T03:16:04.522+0000] {dag.py:3954} INFO - Setting next_dagrun for example_branch_operator to 2025-08-18 00:00:00+00:00, run_after=2025-08-19 00:00:00+00:00
[2025-08-19T03:16:04.554+0000] {processor.py:183} INFO - Processing /home/airflow/.local/lib/python3.12/site-packages/airflow/example_dags/example_branch_operator.py took 0.137 seconds
[2025-08-19T03:16:34.799+0000] {processor.py:161} INFO - Started process (PID=22919) to work on /home/airflow/.local/lib/python3.12/site-packages/airflow/example_dags/example_branch_operator.py
[2025-08-19T03:16:34.800+0000] {processor.py:830} INFO - Processing file /home/airflow/.local/lib/python3.12/site-packages/airflow/example_dags/example_branch_operator.py for tasks to queue
[2025-08-19T03:16:34.801+0000] {logging_mixin.py:188} INFO - [2025-08-19T03:16:34.801+0000] {dagbag.py:545} INFO - Filling up the DagBag from /home/airflow/.local/lib/python3.12/site-packages/airflow/example_dags/example_branch_operator.py
[2025-08-19T03:16:34.817+0000] {processor.py:840} INFO - DAG(s) 'example_branch_operator' retrieved from /home/airflow/.local/lib/python3.12/site-packages/airflow/example_dags/example_branch_operator.py
[2025-08-19T03:16:34.844+0000] {logging_mixin.py:188} INFO - [2025-08-19T03:16:34.843+0000] {dag.py:3096} INFO - Sync 1 DAGs
[2025-08-19T03:16:34.865+0000] {logging_mixin.py:188} INFO - [2025-08-19T03:16:34.864+0000] {dag.py:3954} INFO - Setting next_dagrun for example_branch_operator to 2025-08-18 00:00:00+00:00, run_after=2025-08-19 00:00:00+00:00
[2025-08-19T03:16:34.891+0000] {processor.py:183} INFO - Processing /home/airflow/.local/lib/python3.12/site-packages/airflow/example_dags/example_branch_operator.py took 0.100 seconds
[2025-08-19T03:17:05.178+0000] {processor.py:161} INFO - Started process (PID=22972) to work on /home/airflow/.local/lib/python3.12/site-packages/airflow/example_dags/example_branch_operator.py
[2025-08-19T03:17:05.181+0000] {processor.py:830} INFO - Processing file /home/airflow/.local/lib/python3.12/site-packages/airflow/example_dags/example_branch_operator.py for tasks to queue
[2025-08-19T03:17:05.183+0000] {logging_mixin.py:188} INFO - [2025-08-19T03:17:05.182+0000] {dagbag.py:545} INFO - Filling up the DagBag from /home/airflow/.local/lib/python3.12/site-packages/airflow/example_dags/example_branch_operator.py
[2025-08-19T03:17:05.206+0000] {processor.py:840} INFO - DAG(s) 'example_branch_operator' retrieved from /home/airflow/.local/lib/python3.12/site-packages/airflow/example_dags/example_branch_operator.py
[2025-08-19T03:17:05.238+0000] {logging_mixin.py:188} INFO - [2025-08-19T03:17:05.238+0000] {dag.py:3096} INFO - Sync 1 DAGs
[2025-08-19T03:17:05.259+0000] {logging_mixin.py:188} INFO - [2025-08-19T03:17:05.259+0000] {dag.py:3954} INFO - Setting next_dagrun for example_branch_operator to 2025-08-18 00:00:00+00:00, run_after=2025-08-19 00:00:00+00:00
[2025-08-19T03:17:05.283+0000] {processor.py:183} INFO - Processing /home/airflow/.local/lib/python3.12/site-packages/airflow/example_dags/example_branch_operator.py took 0.115 seconds
[2025-08-19T03:17:35.766+0000] {processor.py:161} INFO - Started process (PID=23025) to work on /home/airflow/.local/lib/python3.12/site-packages/airflow/example_dags/example_branch_operator.py
[2025-08-19T03:17:35.768+0000] {processor.py:830} INFO - Processing file /home/airflow/.local/lib/python3.12/site-packages/airflow/example_dags/example_branch_operator.py for tasks to queue
[2025-08-19T03:17:35.770+0000] {logging_mixin.py:188} INFO - [2025-08-19T03:17:35.770+0000] {dagbag.py:545} INFO - Filling up the DagBag from /home/airflow/.local/lib/python3.12/site-packages/airflow/example_dags/example_branch_operator.py
[2025-08-19T03:17:35.799+0000] {processor.py:840} INFO - DAG(s) 'example_branch_operator' retrieved from /home/airflow/.local/lib/python3.12/site-packages/airflow/example_dags/example_branch_operator.py
[2025-08-19T03:17:35.832+0000] {logging_mixin.py:188} INFO - [2025-08-19T03:17:35.832+0000] {dag.py:3096} INFO - Sync 1 DAGs
[2025-08-19T03:17:35.853+0000] {logging_mixin.py:188} INFO - [2025-08-19T03:17:35.853+0000] {dag.py:3954} INFO - Setting next_dagrun for example_branch_operator to 2025-08-18 00:00:00+00:00, run_after=2025-08-19 00:00:00+00:00
[2025-08-19T03:17:35.897+0000] {processor.py:183} INFO - Processing /home/airflow/.local/lib/python3.12/site-packages/airflow/example_dags/example_branch_operator.py took 0.140 seconds
[2025-08-19T03:18:06.005+0000] {processor.py:161} INFO - Started process (PID=23078) to work on /home/airflow/.local/lib/python3.12/site-packages/airflow/example_dags/example_branch_operator.py
[2025-08-19T03:18:06.007+0000] {processor.py:830} INFO - Processing file /home/airflow/.local/lib/python3.12/site-packages/airflow/example_dags/example_branch_operator.py for tasks to queue
[2025-08-19T03:18:06.010+0000] {logging_mixin.py:188} INFO - [2025-08-19T03:18:06.009+0000] {dagbag.py:545} INFO - Filling up the DagBag from /home/airflow/.local/lib/python3.12/site-packages/airflow/example_dags/example_branch_operator.py
[2025-08-19T03:18:06.028+0000] {processor.py:840} INFO - DAG(s) 'example_branch_operator' retrieved from /home/airflow/.local/lib/python3.12/site-packages/airflow/example_dags/example_branch_operator.py
[2025-08-19T03:18:06.060+0000] {logging_mixin.py:188} INFO - [2025-08-19T03:18:06.059+0000] {dag.py:3096} INFO - Sync 1 DAGs
[2025-08-19T03:18:06.086+0000] {logging_mixin.py:188} INFO - [2025-08-19T03:18:06.086+0000] {dag.py:3954} INFO - Setting next_dagrun for example_branch_operator to 2025-08-18 00:00:00+00:00, run_after=2025-08-19 00:00:00+00:00
[2025-08-19T03:18:06.113+0000] {processor.py:183} INFO - Processing /home/airflow/.local/lib/python3.12/site-packages/airflow/example_dags/example_branch_operator.py took 0.120 seconds
[2025-08-19T03:18:36.249+0000] {processor.py:161} INFO - Started process (PID=23131) to work on /home/airflow/.local/lib/python3.12/site-packages/airflow/example_dags/example_branch_operator.py
[2025-08-19T03:18:36.252+0000] {processor.py:830} INFO - Processing file /home/airflow/.local/lib/python3.12/site-packages/airflow/example_dags/example_branch_operator.py for tasks to queue
[2025-08-19T03:18:36.254+0000] {logging_mixin.py:188} INFO - [2025-08-19T03:18:36.253+0000] {dagbag.py:545} INFO - Filling up the DagBag from /home/airflow/.local/lib/python3.12/site-packages/airflow/example_dags/example_branch_operator.py
[2025-08-19T03:18:36.281+0000] {processor.py:840} INFO - DAG(s) 'example_branch_operator' retrieved from /home/airflow/.local/lib/python3.12/site-packages/airflow/example_dags/example_branch_operator.py
[2025-08-19T03:18:36.318+0000] {logging_mixin.py:188} INFO - [2025-08-19T03:18:36.318+0000] {dag.py:3096} INFO - Sync 1 DAGs
[2025-08-19T03:18:36.344+0000] {logging_mixin.py:188} INFO - [2025-08-19T03:18:36.344+0000] {dag.py:3954} INFO - Setting next_dagrun for example_branch_operator to 2025-08-18 00:00:00+00:00, run_after=2025-08-19 00:00:00+00:00
[2025-08-19T03:18:36.379+0000] {processor.py:183} INFO - Processing /home/airflow/.local/lib/python3.12/site-packages/airflow/example_dags/example_branch_operator.py took 0.141 seconds
[2025-08-19T03:19:06.527+0000] {processor.py:161} INFO - Started process (PID=23184) to work on /home/airflow/.local/lib/python3.12/site-packages/airflow/example_dags/example_branch_operator.py
[2025-08-19T03:19:06.529+0000] {processor.py:830} INFO - Processing file /home/airflow/.local/lib/python3.12/site-packages/airflow/example_dags/example_branch_operator.py for tasks to queue
[2025-08-19T03:19:06.531+0000] {logging_mixin.py:188} INFO - [2025-08-19T03:19:06.531+0000] {dagbag.py:545} INFO - Filling up the DagBag from /home/airflow/.local/lib/python3.12/site-packages/airflow/example_dags/example_branch_operator.py
[2025-08-19T03:19:06.551+0000] {processor.py:840} INFO - DAG(s) 'example_branch_operator' retrieved from /home/airflow/.local/lib/python3.12/site-packages/airflow/example_dags/example_branch_operator.py
[2025-08-19T03:19:06.584+0000] {logging_mixin.py:188} INFO - [2025-08-19T03:19:06.584+0000] {dag.py:3096} INFO - Sync 1 DAGs
[2025-08-19T03:19:06.607+0000] {logging_mixin.py:188} INFO - [2025-08-19T03:19:06.607+0000] {dag.py:3954} INFO - Setting next_dagrun for example_branch_operator to 2025-08-18 00:00:00+00:00, run_after=2025-08-19 00:00:00+00:00
[2025-08-19T03:19:06.632+0000] {processor.py:183} INFO - Processing /home/airflow/.local/lib/python3.12/site-packages/airflow/example_dags/example_branch_operator.py took 0.118 seconds
[2025-08-19T03:19:37.432+0000] {processor.py:161} INFO - Started process (PID=23237) to work on /home/airflow/.local/lib/python3.12/site-packages/airflow/example_dags/example_branch_operator.py
[2025-08-19T03:19:37.434+0000] {processor.py:830} INFO - Processing file /home/airflow/.local/lib/python3.12/site-packages/airflow/example_dags/example_branch_operator.py for tasks to queue
[2025-08-19T03:19:37.436+0000] {logging_mixin.py:188} INFO - [2025-08-19T03:19:37.436+0000] {dagbag.py:545} INFO - Filling up the DagBag from /home/airflow/.local/lib/python3.12/site-packages/airflow/example_dags/example_branch_operator.py
[2025-08-19T03:19:37.453+0000] {processor.py:840} INFO - DAG(s) 'example_branch_operator' retrieved from /home/airflow/.local/lib/python3.12/site-packages/airflow/example_dags/example_branch_operator.py
[2025-08-19T03:19:37.484+0000] {logging_mixin.py:188} INFO - [2025-08-19T03:19:37.484+0000] {dag.py:3096} INFO - Sync 1 DAGs
[2025-08-19T03:19:37.508+0000] {logging_mixin.py:188} INFO - [2025-08-19T03:19:37.507+0000] {dag.py:3954} INFO - Setting next_dagrun for example_branch_operator to 2025-08-18 00:00:00+00:00, run_after=2025-08-19 00:00:00+00:00
[2025-08-19T03:19:37.538+0000] {processor.py:183} INFO - Processing /home/airflow/.local/lib/python3.12/site-packages/airflow/example_dags/example_branch_operator.py took 0.117 seconds
[2025-08-19T03:20:07.695+0000] {processor.py:161} INFO - Started process (PID=23290) to work on /home/airflow/.local/lib/python3.12/site-packages/airflow/example_dags/example_branch_operator.py
[2025-08-19T03:20:07.696+0000] {processor.py:830} INFO - Processing file /home/airflow/.local/lib/python3.12/site-packages/airflow/example_dags/example_branch_operator.py for tasks to queue
[2025-08-19T03:20:07.698+0000] {logging_mixin.py:188} INFO - [2025-08-19T03:20:07.697+0000] {dagbag.py:545} INFO - Filling up the DagBag from /home/airflow/.local/lib/python3.12/site-packages/airflow/example_dags/example_branch_operator.py
[2025-08-19T03:20:07.718+0000] {processor.py:840} INFO - DAG(s) 'example_branch_operator' retrieved from /home/airflow/.local/lib/python3.12/site-packages/airflow/example_dags/example_branch_operator.py
[2025-08-19T03:20:07.752+0000] {logging_mixin.py:188} INFO - [2025-08-19T03:20:07.751+0000] {dag.py:3096} INFO - Sync 1 DAGs
[2025-08-19T03:20:07.780+0000] {logging_mixin.py:188} INFO - [2025-08-19T03:20:07.779+0000] {dag.py:3954} INFO - Setting next_dagrun for example_branch_operator to 2025-08-18 00:00:00+00:00, run_after=2025-08-19 00:00:00+00:00
[2025-08-19T03:20:07.806+0000] {processor.py:183} INFO - Processing /home/airflow/.local/lib/python3.12/site-packages/airflow/example_dags/example_branch_operator.py took 0.117 seconds
[2025-08-19T03:20:37.860+0000] {processor.py:161} INFO - Started process (PID=23343) to work on /home/airflow/.local/lib/python3.12/site-packages/airflow/example_dags/example_branch_operator.py
[2025-08-19T03:20:37.862+0000] {processor.py:830} INFO - Processing file /home/airflow/.local/lib/python3.12/site-packages/airflow/example_dags/example_branch_operator.py for tasks to queue
[2025-08-19T03:20:37.864+0000] {logging_mixin.py:188} INFO - [2025-08-19T03:20:37.863+0000] {dagbag.py:545} INFO - Filling up the DagBag from /home/airflow/.local/lib/python3.12/site-packages/airflow/example_dags/example_branch_operator.py
[2025-08-19T03:20:37.882+0000] {processor.py:840} INFO - DAG(s) 'example_branch_operator' retrieved from /home/airflow/.local/lib/python3.12/site-packages/airflow/example_dags/example_branch_operator.py
[2025-08-19T03:20:37.915+0000] {logging_mixin.py:188} INFO - [2025-08-19T03:20:37.914+0000] {dag.py:3096} INFO - Sync 1 DAGs
[2025-08-19T03:20:37.938+0000] {logging_mixin.py:188} INFO - [2025-08-19T03:20:37.938+0000] {dag.py:3954} INFO - Setting next_dagrun for example_branch_operator to 2025-08-18 00:00:00+00:00, run_after=2025-08-19 00:00:00+00:00
[2025-08-19T03:20:37.963+0000] {processor.py:183} INFO - Processing /home/airflow/.local/lib/python3.12/site-packages/airflow/example_dags/example_branch_operator.py took 0.111 seconds
[2025-08-19T03:21:08.235+0000] {processor.py:161} INFO - Started process (PID=23396) to work on /home/airflow/.local/lib/python3.12/site-packages/airflow/example_dags/example_branch_operator.py
[2025-08-19T03:21:08.236+0000] {processor.py:830} INFO - Processing file /home/airflow/.local/lib/python3.12/site-packages/airflow/example_dags/example_branch_operator.py for tasks to queue
[2025-08-19T03:21:08.237+0000] {logging_mixin.py:188} INFO - [2025-08-19T03:21:08.237+0000] {dagbag.py:545} INFO - Filling up the DagBag from /home/airflow/.local/lib/python3.12/site-packages/airflow/example_dags/example_branch_operator.py
[2025-08-19T03:21:08.254+0000] {processor.py:840} INFO - DAG(s) 'example_branch_operator' retrieved from /home/airflow/.local/lib/python3.12/site-packages/airflow/example_dags/example_branch_operator.py
[2025-08-19T03:21:08.283+0000] {logging_mixin.py:188} INFO - [2025-08-19T03:21:08.283+0000] {dag.py:3096} INFO - Sync 1 DAGs
[2025-08-19T03:21:08.306+0000] {logging_mixin.py:188} INFO - [2025-08-19T03:21:08.306+0000] {dag.py:3954} INFO - Setting next_dagrun for example_branch_operator to 2025-08-18 00:00:00+00:00, run_after=2025-08-19 00:00:00+00:00
[2025-08-19T03:21:08.330+0000] {processor.py:183} INFO - Processing /home/airflow/.local/lib/python3.12/site-packages/airflow/example_dags/example_branch_operator.py took 0.102 seconds
[2025-08-19T03:21:38.752+0000] {processor.py:161} INFO - Started process (PID=23447) to work on /home/airflow/.local/lib/python3.12/site-packages/airflow/example_dags/example_branch_operator.py
[2025-08-19T03:21:38.754+0000] {processor.py:830} INFO - Processing file /home/airflow/.local/lib/python3.12/site-packages/airflow/example_dags/example_branch_operator.py for tasks to queue
[2025-08-19T03:21:38.755+0000] {logging_mixin.py:188} INFO - [2025-08-19T03:21:38.755+0000] {dagbag.py:545} INFO - Filling up the DagBag from /home/airflow/.local/lib/python3.12/site-packages/airflow/example_dags/example_branch_operator.py
[2025-08-19T03:21:38.772+0000] {processor.py:840} INFO - DAG(s) 'example_branch_operator' retrieved from /home/airflow/.local/lib/python3.12/site-packages/airflow/example_dags/example_branch_operator.py
[2025-08-19T03:21:38.806+0000] {logging_mixin.py:188} INFO - [2025-08-19T03:21:38.806+0000] {dag.py:3096} INFO - Sync 1 DAGs
[2025-08-19T03:21:38.835+0000] {logging_mixin.py:188} INFO - [2025-08-19T03:21:38.835+0000] {dag.py:3954} INFO - Setting next_dagrun for example_branch_operator to 2025-08-18 00:00:00+00:00, run_after=2025-08-19 00:00:00+00:00
[2025-08-19T03:21:38.867+0000] {processor.py:183} INFO - Processing /home/airflow/.local/lib/python3.12/site-packages/airflow/example_dags/example_branch_operator.py took 0.121 seconds
[2025-08-19T03:22:09.393+0000] {processor.py:161} INFO - Started process (PID=23500) to work on /home/airflow/.local/lib/python3.12/site-packages/airflow/example_dags/example_branch_operator.py
[2025-08-19T03:22:09.395+0000] {processor.py:830} INFO - Processing file /home/airflow/.local/lib/python3.12/site-packages/airflow/example_dags/example_branch_operator.py for tasks to queue
[2025-08-19T03:22:09.396+0000] {logging_mixin.py:188} INFO - [2025-08-19T03:22:09.396+0000] {dagbag.py:545} INFO - Filling up the DagBag from /home/airflow/.local/lib/python3.12/site-packages/airflow/example_dags/example_branch_operator.py
[2025-08-19T03:22:09.414+0000] {processor.py:840} INFO - DAG(s) 'example_branch_operator' retrieved from /home/airflow/.local/lib/python3.12/site-packages/airflow/example_dags/example_branch_operator.py
[2025-08-19T03:22:09.449+0000] {logging_mixin.py:188} INFO - [2025-08-19T03:22:09.449+0000] {dag.py:3096} INFO - Sync 1 DAGs
[2025-08-19T03:22:09.477+0000] {logging_mixin.py:188} INFO - [2025-08-19T03:22:09.477+0000] {dag.py:3954} INFO - Setting next_dagrun for example_branch_operator to 2025-08-18 00:00:00+00:00, run_after=2025-08-19 00:00:00+00:00
[2025-08-19T03:22:09.503+0000] {processor.py:183} INFO - Processing /home/airflow/.local/lib/python3.12/site-packages/airflow/example_dags/example_branch_operator.py took 0.116 seconds
[2025-08-19T03:22:39.914+0000] {processor.py:161} INFO - Started process (PID=23553) to work on /home/airflow/.local/lib/python3.12/site-packages/airflow/example_dags/example_branch_operator.py
[2025-08-19T03:22:39.916+0000] {processor.py:830} INFO - Processing file /home/airflow/.local/lib/python3.12/site-packages/airflow/example_dags/example_branch_operator.py for tasks to queue
[2025-08-19T03:22:39.917+0000] {logging_mixin.py:188} INFO - [2025-08-19T03:22:39.916+0000] {dagbag.py:545} INFO - Filling up the DagBag from /home/airflow/.local/lib/python3.12/site-packages/airflow/example_dags/example_branch_operator.py
[2025-08-19T03:22:39.935+0000] {processor.py:840} INFO - DAG(s) 'example_branch_operator' retrieved from /home/airflow/.local/lib/python3.12/site-packages/airflow/example_dags/example_branch_operator.py
[2025-08-19T03:22:39.970+0000] {logging_mixin.py:188} INFO - [2025-08-19T03:22:39.970+0000] {dag.py:3096} INFO - Sync 1 DAGs
[2025-08-19T03:22:39.996+0000] {logging_mixin.py:188} INFO - [2025-08-19T03:22:39.996+0000] {dag.py:3954} INFO - Setting next_dagrun for example_branch_operator to 2025-08-18 00:00:00+00:00, run_after=2025-08-19 00:00:00+00:00
[2025-08-19T03:22:40.020+0000] {processor.py:183} INFO - Processing /home/airflow/.local/lib/python3.12/site-packages/airflow/example_dags/example_branch_operator.py took 0.112 seconds
[2025-08-19T03:23:10.389+0000] {processor.py:161} INFO - Started process (PID=23606) to work on /home/airflow/.local/lib/python3.12/site-packages/airflow/example_dags/example_branch_operator.py
[2025-08-19T03:23:10.390+0000] {processor.py:830} INFO - Processing file /home/airflow/.local/lib/python3.12/site-packages/airflow/example_dags/example_branch_operator.py for tasks to queue
[2025-08-19T03:23:10.392+0000] {logging_mixin.py:188} INFO - [2025-08-19T03:23:10.391+0000] {dagbag.py:545} INFO - Filling up the DagBag from /home/airflow/.local/lib/python3.12/site-packages/airflow/example_dags/example_branch_operator.py
[2025-08-19T03:23:10.411+0000] {processor.py:840} INFO - DAG(s) 'example_branch_operator' retrieved from /home/airflow/.local/lib/python3.12/site-packages/airflow/example_dags/example_branch_operator.py
[2025-08-19T03:23:10.445+0000] {logging_mixin.py:188} INFO - [2025-08-19T03:23:10.445+0000] {dag.py:3096} INFO - Sync 1 DAGs
[2025-08-19T03:23:10.470+0000] {logging_mixin.py:188} INFO - [2025-08-19T03:23:10.470+0000] {dag.py:3954} INFO - Setting next_dagrun for example_branch_operator to 2025-08-18 00:00:00+00:00, run_after=2025-08-19 00:00:00+00:00
[2025-08-19T03:23:10.497+0000] {processor.py:183} INFO - Processing /home/airflow/.local/lib/python3.12/site-packages/airflow/example_dags/example_branch_operator.py took 0.116 seconds
[2025-08-19T03:23:40.665+0000] {processor.py:161} INFO - Started process (PID=23659) to work on /home/airflow/.local/lib/python3.12/site-packages/airflow/example_dags/example_branch_operator.py
[2025-08-19T03:23:40.667+0000] {processor.py:830} INFO - Processing file /home/airflow/.local/lib/python3.12/site-packages/airflow/example_dags/example_branch_operator.py for tasks to queue
[2025-08-19T03:23:40.668+0000] {logging_mixin.py:188} INFO - [2025-08-19T03:23:40.667+0000] {dagbag.py:545} INFO - Filling up the DagBag from /home/airflow/.local/lib/python3.12/site-packages/airflow/example_dags/example_branch_operator.py
[2025-08-19T03:23:40.685+0000] {processor.py:840} INFO - DAG(s) 'example_branch_operator' retrieved from /home/airflow/.local/lib/python3.12/site-packages/airflow/example_dags/example_branch_operator.py
[2025-08-19T03:23:40.717+0000] {logging_mixin.py:188} INFO - [2025-08-19T03:23:40.716+0000] {dag.py:3096} INFO - Sync 1 DAGs
[2025-08-19T03:23:40.745+0000] {logging_mixin.py:188} INFO - [2025-08-19T03:23:40.745+0000] {dag.py:3954} INFO - Setting next_dagrun for example_branch_operator to 2025-08-18 00:00:00+00:00, run_after=2025-08-19 00:00:00+00:00
[2025-08-19T03:23:40.772+0000] {processor.py:183} INFO - Processing /home/airflow/.local/lib/python3.12/site-packages/airflow/example_dags/example_branch_operator.py took 0.112 seconds
[2025-08-19T03:24:11.338+0000] {processor.py:161} INFO - Started process (PID=23712) to work on /home/airflow/.local/lib/python3.12/site-packages/airflow/example_dags/example_branch_operator.py
[2025-08-19T03:24:11.340+0000] {processor.py:830} INFO - Processing file /home/airflow/.local/lib/python3.12/site-packages/airflow/example_dags/example_branch_operator.py for tasks to queue
[2025-08-19T03:24:11.341+0000] {logging_mixin.py:188} INFO - [2025-08-19T03:24:11.341+0000] {dagbag.py:545} INFO - Filling up the DagBag from /home/airflow/.local/lib/python3.12/site-packages/airflow/example_dags/example_branch_operator.py
[2025-08-19T03:24:11.357+0000] {processor.py:840} INFO - DAG(s) 'example_branch_operator' retrieved from /home/airflow/.local/lib/python3.12/site-packages/airflow/example_dags/example_branch_operator.py
[2025-08-19T03:24:11.389+0000] {logging_mixin.py:188} INFO - [2025-08-19T03:24:11.389+0000] {dag.py:3096} INFO - Sync 1 DAGs
[2025-08-19T03:24:11.416+0000] {logging_mixin.py:188} INFO - [2025-08-19T03:24:11.415+0000] {dag.py:3954} INFO - Setting next_dagrun for example_branch_operator to 2025-08-18 00:00:00+00:00, run_after=2025-08-19 00:00:00+00:00
[2025-08-19T03:24:11.442+0000] {processor.py:183} INFO - Processing /home/airflow/.local/lib/python3.12/site-packages/airflow/example_dags/example_branch_operator.py took 0.111 seconds
[2025-08-19T03:24:41.927+0000] {processor.py:161} INFO - Started process (PID=23765) to work on /home/airflow/.local/lib/python3.12/site-packages/airflow/example_dags/example_branch_operator.py
[2025-08-19T03:24:41.929+0000] {processor.py:830} INFO - Processing file /home/airflow/.local/lib/python3.12/site-packages/airflow/example_dags/example_branch_operator.py for tasks to queue
[2025-08-19T03:24:41.930+0000] {logging_mixin.py:188} INFO - [2025-08-19T03:24:41.930+0000] {dagbag.py:545} INFO - Filling up the DagBag from /home/airflow/.local/lib/python3.12/site-packages/airflow/example_dags/example_branch_operator.py
[2025-08-19T03:24:41.948+0000] {processor.py:840} INFO - DAG(s) 'example_branch_operator' retrieved from /home/airflow/.local/lib/python3.12/site-packages/airflow/example_dags/example_branch_operator.py
[2025-08-19T03:24:41.981+0000] {logging_mixin.py:188} INFO - [2025-08-19T03:24:41.981+0000] {dag.py:3096} INFO - Sync 1 DAGs
[2025-08-19T03:24:42.007+0000] {logging_mixin.py:188} INFO - [2025-08-19T03:24:42.007+0000] {dag.py:3954} INFO - Setting next_dagrun for example_branch_operator to 2025-08-18 00:00:00+00:00, run_after=2025-08-19 00:00:00+00:00
[2025-08-19T03:24:42.035+0000] {processor.py:183} INFO - Processing /home/airflow/.local/lib/python3.12/site-packages/airflow/example_dags/example_branch_operator.py took 0.113 seconds
[2025-08-19T03:25:12.530+0000] {processor.py:161} INFO - Started process (PID=23818) to work on /home/airflow/.local/lib/python3.12/site-packages/airflow/example_dags/example_branch_operator.py
[2025-08-19T03:25:12.532+0000] {processor.py:830} INFO - Processing file /home/airflow/.local/lib/python3.12/site-packages/airflow/example_dags/example_branch_operator.py for tasks to queue
[2025-08-19T03:25:12.534+0000] {logging_mixin.py:188} INFO - [2025-08-19T03:25:12.533+0000] {dagbag.py:545} INFO - Filling up the DagBag from /home/airflow/.local/lib/python3.12/site-packages/airflow/example_dags/example_branch_operator.py
[2025-08-19T03:25:12.550+0000] {processor.py:840} INFO - DAG(s) 'example_branch_operator' retrieved from /home/airflow/.local/lib/python3.12/site-packages/airflow/example_dags/example_branch_operator.py
[2025-08-19T03:25:12.582+0000] {logging_mixin.py:188} INFO - [2025-08-19T03:25:12.581+0000] {dag.py:3096} INFO - Sync 1 DAGs
[2025-08-19T03:25:12.606+0000] {logging_mixin.py:188} INFO - [2025-08-19T03:25:12.606+0000] {dag.py:3954} INFO - Setting next_dagrun for example_branch_operator to 2025-08-18 00:00:00+00:00, run_after=2025-08-19 00:00:00+00:00
[2025-08-19T03:25:12.641+0000] {processor.py:183} INFO - Processing /home/airflow/.local/lib/python3.12/site-packages/airflow/example_dags/example_branch_operator.py took 0.118 seconds
[2025-08-19T03:25:43.126+0000] {processor.py:161} INFO - Started process (PID=23871) to work on /home/airflow/.local/lib/python3.12/site-packages/airflow/example_dags/example_branch_operator.py
[2025-08-19T03:25:43.127+0000] {processor.py:830} INFO - Processing file /home/airflow/.local/lib/python3.12/site-packages/airflow/example_dags/example_branch_operator.py for tasks to queue
[2025-08-19T03:25:43.128+0000] {logging_mixin.py:188} INFO - [2025-08-19T03:25:43.128+0000] {dagbag.py:545} INFO - Filling up the DagBag from /home/airflow/.local/lib/python3.12/site-packages/airflow/example_dags/example_branch_operator.py
[2025-08-19T03:25:43.145+0000] {processor.py:840} INFO - DAG(s) 'example_branch_operator' retrieved from /home/airflow/.local/lib/python3.12/site-packages/airflow/example_dags/example_branch_operator.py
[2025-08-19T03:25:43.176+0000] {logging_mixin.py:188} INFO - [2025-08-19T03:25:43.176+0000] {dag.py:3096} INFO - Sync 1 DAGs
[2025-08-19T03:25:43.200+0000] {logging_mixin.py:188} INFO - [2025-08-19T03:25:43.200+0000] {dag.py:3954} INFO - Setting next_dagrun for example_branch_operator to 2025-08-18 00:00:00+00:00, run_after=2025-08-19 00:00:00+00:00
[2025-08-19T03:25:43.226+0000] {processor.py:183} INFO - Processing /home/airflow/.local/lib/python3.12/site-packages/airflow/example_dags/example_branch_operator.py took 0.107 seconds
[2025-08-19T03:26:13.400+0000] {processor.py:161} INFO - Started process (PID=23924) to work on /home/airflow/.local/lib/python3.12/site-packages/airflow/example_dags/example_branch_operator.py
[2025-08-19T03:26:13.401+0000] {processor.py:830} INFO - Processing file /home/airflow/.local/lib/python3.12/site-packages/airflow/example_dags/example_branch_operator.py for tasks to queue
[2025-08-19T03:26:13.403+0000] {logging_mixin.py:188} INFO - [2025-08-19T03:26:13.403+0000] {dagbag.py:545} INFO - Filling up the DagBag from /home/airflow/.local/lib/python3.12/site-packages/airflow/example_dags/example_branch_operator.py
[2025-08-19T03:26:13.423+0000] {processor.py:840} INFO - DAG(s) 'example_branch_operator' retrieved from /home/airflow/.local/lib/python3.12/site-packages/airflow/example_dags/example_branch_operator.py
[2025-08-19T03:26:13.453+0000] {logging_mixin.py:188} INFO - [2025-08-19T03:26:13.453+0000] {dag.py:3096} INFO - Sync 1 DAGs
[2025-08-19T03:26:13.480+0000] {logging_mixin.py:188} INFO - [2025-08-19T03:26:13.479+0000] {dag.py:3954} INFO - Setting next_dagrun for example_branch_operator to 2025-08-18 00:00:00+00:00, run_after=2025-08-19 00:00:00+00:00
[2025-08-19T03:26:13.506+0000] {processor.py:183} INFO - Processing /home/airflow/.local/lib/python3.12/site-packages/airflow/example_dags/example_branch_operator.py took 0.113 seconds
[2025-08-19T03:26:43.797+0000] {processor.py:161} INFO - Started process (PID=23977) to work on /home/airflow/.local/lib/python3.12/site-packages/airflow/example_dags/example_branch_operator.py
[2025-08-19T03:26:43.799+0000] {processor.py:830} INFO - Processing file /home/airflow/.local/lib/python3.12/site-packages/airflow/example_dags/example_branch_operator.py for tasks to queue
[2025-08-19T03:26:43.805+0000] {logging_mixin.py:188} INFO - [2025-08-19T03:26:43.804+0000] {dagbag.py:545} INFO - Filling up the DagBag from /home/airflow/.local/lib/python3.12/site-packages/airflow/example_dags/example_branch_operator.py
[2025-08-19T03:26:43.832+0000] {processor.py:840} INFO - DAG(s) 'example_branch_operator' retrieved from /home/airflow/.local/lib/python3.12/site-packages/airflow/example_dags/example_branch_operator.py
[2025-08-19T03:26:43.865+0000] {logging_mixin.py:188} INFO - [2025-08-19T03:26:43.864+0000] {dag.py:3096} INFO - Sync 1 DAGs
[2025-08-19T03:26:43.895+0000] {logging_mixin.py:188} INFO - [2025-08-19T03:26:43.895+0000] {dag.py:3954} INFO - Setting next_dagrun for example_branch_operator to 2025-08-18 00:00:00+00:00, run_after=2025-08-19 00:00:00+00:00
[2025-08-19T03:26:43.922+0000] {processor.py:183} INFO - Processing /home/airflow/.local/lib/python3.12/site-packages/airflow/example_dags/example_branch_operator.py took 0.131 seconds
[2025-08-19T03:27:14.334+0000] {processor.py:161} INFO - Started process (PID=24030) to work on /home/airflow/.local/lib/python3.12/site-packages/airflow/example_dags/example_branch_operator.py
[2025-08-19T03:27:14.335+0000] {processor.py:830} INFO - Processing file /home/airflow/.local/lib/python3.12/site-packages/airflow/example_dags/example_branch_operator.py for tasks to queue
[2025-08-19T03:27:14.337+0000] {logging_mixin.py:188} INFO - [2025-08-19T03:27:14.336+0000] {dagbag.py:545} INFO - Filling up the DagBag from /home/airflow/.local/lib/python3.12/site-packages/airflow/example_dags/example_branch_operator.py
[2025-08-19T03:27:14.354+0000] {processor.py:840} INFO - DAG(s) 'example_branch_operator' retrieved from /home/airflow/.local/lib/python3.12/site-packages/airflow/example_dags/example_branch_operator.py
[2025-08-19T03:27:14.383+0000] {logging_mixin.py:188} INFO - [2025-08-19T03:27:14.383+0000] {dag.py:3096} INFO - Sync 1 DAGs
[2025-08-19T03:27:14.408+0000] {logging_mixin.py:188} INFO - [2025-08-19T03:27:14.407+0000] {dag.py:3954} INFO - Setting next_dagrun for example_branch_operator to 2025-08-18 00:00:00+00:00, run_after=2025-08-19 00:00:00+00:00
[2025-08-19T03:27:14.433+0000] {processor.py:183} INFO - Processing /home/airflow/.local/lib/python3.12/site-packages/airflow/example_dags/example_branch_operator.py took 0.108 seconds
[2025-08-19T03:27:44.868+0000] {processor.py:161} INFO - Started process (PID=24083) to work on /home/airflow/.local/lib/python3.12/site-packages/airflow/example_dags/example_branch_operator.py
[2025-08-19T03:27:44.869+0000] {processor.py:830} INFO - Processing file /home/airflow/.local/lib/python3.12/site-packages/airflow/example_dags/example_branch_operator.py for tasks to queue
[2025-08-19T03:27:44.871+0000] {logging_mixin.py:188} INFO - [2025-08-19T03:27:44.870+0000] {dagbag.py:545} INFO - Filling up the DagBag from /home/airflow/.local/lib/python3.12/site-packages/airflow/example_dags/example_branch_operator.py
[2025-08-19T03:27:44.888+0000] {processor.py:840} INFO - DAG(s) 'example_branch_operator' retrieved from /home/airflow/.local/lib/python3.12/site-packages/airflow/example_dags/example_branch_operator.py
[2025-08-19T03:27:44.919+0000] {logging_mixin.py:188} INFO - [2025-08-19T03:27:44.919+0000] {dag.py:3096} INFO - Sync 1 DAGs
[2025-08-19T03:27:44.945+0000] {logging_mixin.py:188} INFO - [2025-08-19T03:27:44.944+0000] {dag.py:3954} INFO - Setting next_dagrun for example_branch_operator to 2025-08-18 00:00:00+00:00, run_after=2025-08-19 00:00:00+00:00
[2025-08-19T03:27:44.972+0000] {processor.py:183} INFO - Processing /home/airflow/.local/lib/python3.12/site-packages/airflow/example_dags/example_branch_operator.py took 0.110 seconds
[2025-08-19T03:28:15.303+0000] {processor.py:161} INFO - Started process (PID=24136) to work on /home/airflow/.local/lib/python3.12/site-packages/airflow/example_dags/example_branch_operator.py
[2025-08-19T03:28:15.305+0000] {processor.py:830} INFO - Processing file /home/airflow/.local/lib/python3.12/site-packages/airflow/example_dags/example_branch_operator.py for tasks to queue
[2025-08-19T03:28:15.306+0000] {logging_mixin.py:188} INFO - [2025-08-19T03:28:15.306+0000] {dagbag.py:545} INFO - Filling up the DagBag from /home/airflow/.local/lib/python3.12/site-packages/airflow/example_dags/example_branch_operator.py
[2025-08-19T03:28:15.324+0000] {processor.py:840} INFO - DAG(s) 'example_branch_operator' retrieved from /home/airflow/.local/lib/python3.12/site-packages/airflow/example_dags/example_branch_operator.py
[2025-08-19T03:28:15.356+0000] {logging_mixin.py:188} INFO - [2025-08-19T03:28:15.356+0000] {dag.py:3096} INFO - Sync 1 DAGs
[2025-08-19T03:28:15.383+0000] {logging_mixin.py:188} INFO - [2025-08-19T03:28:15.382+0000] {dag.py:3954} INFO - Setting next_dagrun for example_branch_operator to 2025-08-18 00:00:00+00:00, run_after=2025-08-19 00:00:00+00:00
[2025-08-19T03:28:15.415+0000] {processor.py:183} INFO - Processing /home/airflow/.local/lib/python3.12/site-packages/airflow/example_dags/example_branch_operator.py took 0.119 seconds
[2025-08-19T03:28:45.740+0000] {processor.py:161} INFO - Started process (PID=24189) to work on /home/airflow/.local/lib/python3.12/site-packages/airflow/example_dags/example_branch_operator.py
[2025-08-19T03:28:45.742+0000] {processor.py:830} INFO - Processing file /home/airflow/.local/lib/python3.12/site-packages/airflow/example_dags/example_branch_operator.py for tasks to queue
[2025-08-19T03:28:45.744+0000] {logging_mixin.py:188} INFO - [2025-08-19T03:28:45.743+0000] {dagbag.py:545} INFO - Filling up the DagBag from /home/airflow/.local/lib/python3.12/site-packages/airflow/example_dags/example_branch_operator.py
[2025-08-19T03:28:45.761+0000] {processor.py:840} INFO - DAG(s) 'example_branch_operator' retrieved from /home/airflow/.local/lib/python3.12/site-packages/airflow/example_dags/example_branch_operator.py
[2025-08-19T03:28:45.792+0000] {logging_mixin.py:188} INFO - [2025-08-19T03:28:45.791+0000] {dag.py:3096} INFO - Sync 1 DAGs
[2025-08-19T03:28:45.819+0000] {logging_mixin.py:188} INFO - [2025-08-19T03:28:45.818+0000] {dag.py:3954} INFO - Setting next_dagrun for example_branch_operator to 2025-08-18 00:00:00+00:00, run_after=2025-08-19 00:00:00+00:00
[2025-08-19T03:28:45.844+0000] {processor.py:183} INFO - Processing /home/airflow/.local/lib/python3.12/site-packages/airflow/example_dags/example_branch_operator.py took 0.110 seconds
[2025-08-19T03:29:16.107+0000] {processor.py:161} INFO - Started process (PID=24242) to work on /home/airflow/.local/lib/python3.12/site-packages/airflow/example_dags/example_branch_operator.py
[2025-08-19T03:29:16.109+0000] {processor.py:830} INFO - Processing file /home/airflow/.local/lib/python3.12/site-packages/airflow/example_dags/example_branch_operator.py for tasks to queue
[2025-08-19T03:29:16.111+0000] {logging_mixin.py:188} INFO - [2025-08-19T03:29:16.110+0000] {dagbag.py:545} INFO - Filling up the DagBag from /home/airflow/.local/lib/python3.12/site-packages/airflow/example_dags/example_branch_operator.py
[2025-08-19T03:29:16.129+0000] {processor.py:840} INFO - DAG(s) 'example_branch_operator' retrieved from /home/airflow/.local/lib/python3.12/site-packages/airflow/example_dags/example_branch_operator.py
[2025-08-19T03:29:16.162+0000] {logging_mixin.py:188} INFO - [2025-08-19T03:29:16.161+0000] {dag.py:3096} INFO - Sync 1 DAGs
[2025-08-19T03:29:16.185+0000] {logging_mixin.py:188} INFO - [2025-08-19T03:29:16.185+0000] {dag.py:3954} INFO - Setting next_dagrun for example_branch_operator to 2025-08-18 00:00:00+00:00, run_after=2025-08-19 00:00:00+00:00
[2025-08-19T03:29:16.219+0000] {processor.py:183} INFO - Processing /home/airflow/.local/lib/python3.12/site-packages/airflow/example_dags/example_branch_operator.py took 0.118 seconds
[2025-08-19T03:29:46.452+0000] {processor.py:161} INFO - Started process (PID=24295) to work on /home/airflow/.local/lib/python3.12/site-packages/airflow/example_dags/example_branch_operator.py
[2025-08-19T03:29:46.454+0000] {processor.py:830} INFO - Processing file /home/airflow/.local/lib/python3.12/site-packages/airflow/example_dags/example_branch_operator.py for tasks to queue
[2025-08-19T03:29:46.456+0000] {logging_mixin.py:188} INFO - [2025-08-19T03:29:46.455+0000] {dagbag.py:545} INFO - Filling up the DagBag from /home/airflow/.local/lib/python3.12/site-packages/airflow/example_dags/example_branch_operator.py
[2025-08-19T03:29:46.474+0000] {processor.py:840} INFO - DAG(s) 'example_branch_operator' retrieved from /home/airflow/.local/lib/python3.12/site-packages/airflow/example_dags/example_branch_operator.py
[2025-08-19T03:29:46.507+0000] {logging_mixin.py:188} INFO - [2025-08-19T03:29:46.507+0000] {dag.py:3096} INFO - Sync 1 DAGs
[2025-08-19T03:29:46.532+0000] {logging_mixin.py:188} INFO - [2025-08-19T03:29:46.531+0000] {dag.py:3954} INFO - Setting next_dagrun for example_branch_operator to 2025-08-18 00:00:00+00:00, run_after=2025-08-19 00:00:00+00:00
[2025-08-19T03:29:46.558+0000] {processor.py:183} INFO - Processing /home/airflow/.local/lib/python3.12/site-packages/airflow/example_dags/example_branch_operator.py took 0.113 seconds
[2025-08-19T03:30:16.957+0000] {processor.py:161} INFO - Started process (PID=24348) to work on /home/airflow/.local/lib/python3.12/site-packages/airflow/example_dags/example_branch_operator.py
[2025-08-19T03:30:16.959+0000] {processor.py:830} INFO - Processing file /home/airflow/.local/lib/python3.12/site-packages/airflow/example_dags/example_branch_operator.py for tasks to queue
[2025-08-19T03:30:16.961+0000] {logging_mixin.py:188} INFO - [2025-08-19T03:30:16.960+0000] {dagbag.py:545} INFO - Filling up the DagBag from /home/airflow/.local/lib/python3.12/site-packages/airflow/example_dags/example_branch_operator.py
[2025-08-19T03:30:16.978+0000] {processor.py:840} INFO - DAG(s) 'example_branch_operator' retrieved from /home/airflow/.local/lib/python3.12/site-packages/airflow/example_dags/example_branch_operator.py
[2025-08-19T03:30:17.012+0000] {logging_mixin.py:188} INFO - [2025-08-19T03:30:17.012+0000] {dag.py:3096} INFO - Sync 1 DAGs
[2025-08-19T03:30:17.040+0000] {logging_mixin.py:188} INFO - [2025-08-19T03:30:17.039+0000] {dag.py:3954} INFO - Setting next_dagrun for example_branch_operator to 2025-08-18 00:00:00+00:00, run_after=2025-08-19 00:00:00+00:00
[2025-08-19T03:30:17.074+0000] {processor.py:183} INFO - Processing /home/airflow/.local/lib/python3.12/site-packages/airflow/example_dags/example_branch_operator.py took 0.123 seconds
[2025-08-19T03:30:47.485+0000] {processor.py:161} INFO - Started process (PID=24401) to work on /home/airflow/.local/lib/python3.12/site-packages/airflow/example_dags/example_branch_operator.py
[2025-08-19T03:30:47.488+0000] {processor.py:830} INFO - Processing file /home/airflow/.local/lib/python3.12/site-packages/airflow/example_dags/example_branch_operator.py for tasks to queue
[2025-08-19T03:30:47.490+0000] {logging_mixin.py:188} INFO - [2025-08-19T03:30:47.489+0000] {dagbag.py:545} INFO - Filling up the DagBag from /home/airflow/.local/lib/python3.12/site-packages/airflow/example_dags/example_branch_operator.py
[2025-08-19T03:30:47.515+0000] {processor.py:840} INFO - DAG(s) 'example_branch_operator' retrieved from /home/airflow/.local/lib/python3.12/site-packages/airflow/example_dags/example_branch_operator.py
[2025-08-19T03:30:47.549+0000] {logging_mixin.py:188} INFO - [2025-08-19T03:30:47.548+0000] {dag.py:3096} INFO - Sync 1 DAGs
[2025-08-19T03:30:47.577+0000] {logging_mixin.py:188} INFO - [2025-08-19T03:30:47.576+0000] {dag.py:3954} INFO - Setting next_dagrun for example_branch_operator to 2025-08-18 00:00:00+00:00, run_after=2025-08-19 00:00:00+00:00
[2025-08-19T03:30:47.608+0000] {processor.py:183} INFO - Processing /home/airflow/.local/lib/python3.12/site-packages/airflow/example_dags/example_branch_operator.py took 0.134 seconds
[2025-08-19T03:31:18.121+0000] {processor.py:161} INFO - Started process (PID=24454) to work on /home/airflow/.local/lib/python3.12/site-packages/airflow/example_dags/example_branch_operator.py
[2025-08-19T03:31:18.123+0000] {processor.py:830} INFO - Processing file /home/airflow/.local/lib/python3.12/site-packages/airflow/example_dags/example_branch_operator.py for tasks to queue
[2025-08-19T03:31:18.126+0000] {logging_mixin.py:188} INFO - [2025-08-19T03:31:18.125+0000] {dagbag.py:545} INFO - Filling up the DagBag from /home/airflow/.local/lib/python3.12/site-packages/airflow/example_dags/example_branch_operator.py
[2025-08-19T03:31:18.158+0000] {processor.py:840} INFO - DAG(s) 'example_branch_operator' retrieved from /home/airflow/.local/lib/python3.12/site-packages/airflow/example_dags/example_branch_operator.py
[2025-08-19T03:31:18.199+0000] {logging_mixin.py:188} INFO - [2025-08-19T03:31:18.198+0000] {dag.py:3096} INFO - Sync 1 DAGs
[2025-08-19T03:31:18.229+0000] {logging_mixin.py:188} INFO - [2025-08-19T03:31:18.228+0000] {dag.py:3954} INFO - Setting next_dagrun for example_branch_operator to 2025-08-18 00:00:00+00:00, run_after=2025-08-19 00:00:00+00:00
[2025-08-19T03:31:18.260+0000] {processor.py:183} INFO - Processing /home/airflow/.local/lib/python3.12/site-packages/airflow/example_dags/example_branch_operator.py took 0.150 seconds
[2025-08-19T03:31:48.479+0000] {processor.py:161} INFO - Started process (PID=24507) to work on /home/airflow/.local/lib/python3.12/site-packages/airflow/example_dags/example_branch_operator.py
[2025-08-19T03:31:48.482+0000] {processor.py:830} INFO - Processing file /home/airflow/.local/lib/python3.12/site-packages/airflow/example_dags/example_branch_operator.py for tasks to queue
[2025-08-19T03:31:48.483+0000] {logging_mixin.py:188} INFO - [2025-08-19T03:31:48.483+0000] {dagbag.py:545} INFO - Filling up the DagBag from /home/airflow/.local/lib/python3.12/site-packages/airflow/example_dags/example_branch_operator.py
[2025-08-19T03:31:48.508+0000] {processor.py:840} INFO - DAG(s) 'example_branch_operator' retrieved from /home/airflow/.local/lib/python3.12/site-packages/airflow/example_dags/example_branch_operator.py
[2025-08-19T03:31:48.544+0000] {logging_mixin.py:188} INFO - [2025-08-19T03:31:48.544+0000] {dag.py:3096} INFO - Sync 1 DAGs
[2025-08-19T03:31:48.571+0000] {logging_mixin.py:188} INFO - [2025-08-19T03:31:48.571+0000] {dag.py:3954} INFO - Setting next_dagrun for example_branch_operator to 2025-08-18 00:00:00+00:00, run_after=2025-08-19 00:00:00+00:00
[2025-08-19T03:31:48.596+0000] {processor.py:183} INFO - Processing /home/airflow/.local/lib/python3.12/site-packages/airflow/example_dags/example_branch_operator.py took 0.127 seconds
[2025-08-19T03:32:18.700+0000] {processor.py:161} INFO - Started process (PID=24560) to work on /home/airflow/.local/lib/python3.12/site-packages/airflow/example_dags/example_branch_operator.py
[2025-08-19T03:32:18.702+0000] {processor.py:830} INFO - Processing file /home/airflow/.local/lib/python3.12/site-packages/airflow/example_dags/example_branch_operator.py for tasks to queue
[2025-08-19T03:32:18.703+0000] {logging_mixin.py:188} INFO - [2025-08-19T03:32:18.703+0000] {dagbag.py:545} INFO - Filling up the DagBag from /home/airflow/.local/lib/python3.12/site-packages/airflow/example_dags/example_branch_operator.py
[2025-08-19T03:32:18.728+0000] {processor.py:840} INFO - DAG(s) 'example_branch_operator' retrieved from /home/airflow/.local/lib/python3.12/site-packages/airflow/example_dags/example_branch_operator.py
[2025-08-19T03:32:18.765+0000] {logging_mixin.py:188} INFO - [2025-08-19T03:32:18.765+0000] {dag.py:3096} INFO - Sync 1 DAGs
[2025-08-19T03:32:18.792+0000] {logging_mixin.py:188} INFO - [2025-08-19T03:32:18.792+0000] {dag.py:3954} INFO - Setting next_dagrun for example_branch_operator to 2025-08-18 00:00:00+00:00, run_after=2025-08-19 00:00:00+00:00
[2025-08-19T03:32:18.820+0000] {processor.py:183} INFO - Processing /home/airflow/.local/lib/python3.12/site-packages/airflow/example_dags/example_branch_operator.py took 0.126 seconds
[2025-08-19T03:32:49.080+0000] {processor.py:161} INFO - Started process (PID=24613) to work on /home/airflow/.local/lib/python3.12/site-packages/airflow/example_dags/example_branch_operator.py
[2025-08-19T03:32:49.082+0000] {processor.py:830} INFO - Processing file /home/airflow/.local/lib/python3.12/site-packages/airflow/example_dags/example_branch_operator.py for tasks to queue
[2025-08-19T03:32:49.084+0000] {logging_mixin.py:188} INFO - [2025-08-19T03:32:49.083+0000] {dagbag.py:545} INFO - Filling up the DagBag from /home/airflow/.local/lib/python3.12/site-packages/airflow/example_dags/example_branch_operator.py
[2025-08-19T03:32:49.110+0000] {processor.py:840} INFO - DAG(s) 'example_branch_operator' retrieved from /home/airflow/.local/lib/python3.12/site-packages/airflow/example_dags/example_branch_operator.py
[2025-08-19T03:32:49.150+0000] {logging_mixin.py:188} INFO - [2025-08-19T03:32:49.150+0000] {dag.py:3096} INFO - Sync 1 DAGs
[2025-08-19T03:32:49.184+0000] {logging_mixin.py:188} INFO - [2025-08-19T03:32:49.184+0000] {dag.py:3954} INFO - Setting next_dagrun for example_branch_operator to 2025-08-18 00:00:00+00:00, run_after=2025-08-19 00:00:00+00:00
[2025-08-19T03:32:49.218+0000] {processor.py:183} INFO - Processing /home/airflow/.local/lib/python3.12/site-packages/airflow/example_dags/example_branch_operator.py took 0.146 seconds
[2025-08-19T03:33:19.533+0000] {processor.py:161} INFO - Started process (PID=24666) to work on /home/airflow/.local/lib/python3.12/site-packages/airflow/example_dags/example_branch_operator.py
[2025-08-19T03:33:19.536+0000] {processor.py:830} INFO - Processing file /home/airflow/.local/lib/python3.12/site-packages/airflow/example_dags/example_branch_operator.py for tasks to queue
[2025-08-19T03:33:19.538+0000] {logging_mixin.py:188} INFO - [2025-08-19T03:33:19.537+0000] {dagbag.py:545} INFO - Filling up the DagBag from /home/airflow/.local/lib/python3.12/site-packages/airflow/example_dags/example_branch_operator.py
[2025-08-19T03:33:19.563+0000] {processor.py:840} INFO - DAG(s) 'example_branch_operator' retrieved from /home/airflow/.local/lib/python3.12/site-packages/airflow/example_dags/example_branch_operator.py
[2025-08-19T03:33:19.608+0000] {logging_mixin.py:188} INFO - [2025-08-19T03:33:19.607+0000] {dag.py:3096} INFO - Sync 1 DAGs
[2025-08-19T03:33:19.641+0000] {logging_mixin.py:188} INFO - [2025-08-19T03:33:19.641+0000] {dag.py:3954} INFO - Setting next_dagrun for example_branch_operator to 2025-08-18 00:00:00+00:00, run_after=2025-08-19 00:00:00+00:00
[2025-08-19T03:33:19.675+0000] {processor.py:183} INFO - Processing /home/airflow/.local/lib/python3.12/site-packages/airflow/example_dags/example_branch_operator.py took 0.151 seconds
[2025-08-19T03:33:49.807+0000] {processor.py:161} INFO - Started process (PID=24719) to work on /home/airflow/.local/lib/python3.12/site-packages/airflow/example_dags/example_branch_operator.py
[2025-08-19T03:33:49.809+0000] {processor.py:830} INFO - Processing file /home/airflow/.local/lib/python3.12/site-packages/airflow/example_dags/example_branch_operator.py for tasks to queue
[2025-08-19T03:33:49.810+0000] {logging_mixin.py:188} INFO - [2025-08-19T03:33:49.810+0000] {dagbag.py:545} INFO - Filling up the DagBag from /home/airflow/.local/lib/python3.12/site-packages/airflow/example_dags/example_branch_operator.py
[2025-08-19T03:33:49.829+0000] {processor.py:840} INFO - DAG(s) 'example_branch_operator' retrieved from /home/airflow/.local/lib/python3.12/site-packages/airflow/example_dags/example_branch_operator.py
[2025-08-19T03:33:49.863+0000] {logging_mixin.py:188} INFO - [2025-08-19T03:33:49.862+0000] {dag.py:3096} INFO - Sync 1 DAGs
[2025-08-19T03:33:49.890+0000] {logging_mixin.py:188} INFO - [2025-08-19T03:33:49.890+0000] {dag.py:3954} INFO - Setting next_dagrun for example_branch_operator to 2025-08-18 00:00:00+00:00, run_after=2025-08-19 00:00:00+00:00
[2025-08-19T03:33:49.947+0000] {processor.py:183} INFO - Processing /home/airflow/.local/lib/python3.12/site-packages/airflow/example_dags/example_branch_operator.py took 0.147 seconds
[2025-08-19T03:34:20.044+0000] {processor.py:161} INFO - Started process (PID=24772) to work on /home/airflow/.local/lib/python3.12/site-packages/airflow/example_dags/example_branch_operator.py
[2025-08-19T03:34:20.045+0000] {processor.py:830} INFO - Processing file /home/airflow/.local/lib/python3.12/site-packages/airflow/example_dags/example_branch_operator.py for tasks to queue
[2025-08-19T03:34:20.046+0000] {logging_mixin.py:188} INFO - [2025-08-19T03:34:20.046+0000] {dagbag.py:545} INFO - Filling up the DagBag from /home/airflow/.local/lib/python3.12/site-packages/airflow/example_dags/example_branch_operator.py
[2025-08-19T03:34:20.063+0000] {processor.py:840} INFO - DAG(s) 'example_branch_operator' retrieved from /home/airflow/.local/lib/python3.12/site-packages/airflow/example_dags/example_branch_operator.py
[2025-08-19T03:34:20.093+0000] {logging_mixin.py:188} INFO - [2025-08-19T03:34:20.093+0000] {dag.py:3096} INFO - Sync 1 DAGs
[2025-08-19T03:34:20.124+0000] {logging_mixin.py:188} INFO - [2025-08-19T03:34:20.123+0000] {dag.py:3954} INFO - Setting next_dagrun for example_branch_operator to 2025-08-18 00:00:00+00:00, run_after=2025-08-19 00:00:00+00:00
[2025-08-19T03:34:20.146+0000] {processor.py:183} INFO - Processing /home/airflow/.local/lib/python3.12/site-packages/airflow/example_dags/example_branch_operator.py took 0.109 seconds
[2025-08-19T03:34:50.647+0000] {processor.py:161} INFO - Started process (PID=24825) to work on /home/airflow/.local/lib/python3.12/site-packages/airflow/example_dags/example_branch_operator.py
[2025-08-19T03:34:50.648+0000] {processor.py:830} INFO - Processing file /home/airflow/.local/lib/python3.12/site-packages/airflow/example_dags/example_branch_operator.py for tasks to queue
[2025-08-19T03:34:50.650+0000] {logging_mixin.py:188} INFO - [2025-08-19T03:34:50.649+0000] {dagbag.py:545} INFO - Filling up the DagBag from /home/airflow/.local/lib/python3.12/site-packages/airflow/example_dags/example_branch_operator.py
[2025-08-19T03:34:50.669+0000] {processor.py:840} INFO - DAG(s) 'example_branch_operator' retrieved from /home/airflow/.local/lib/python3.12/site-packages/airflow/example_dags/example_branch_operator.py
[2025-08-19T03:34:50.704+0000] {logging_mixin.py:188} INFO - [2025-08-19T03:34:50.703+0000] {dag.py:3096} INFO - Sync 1 DAGs
[2025-08-19T03:34:50.737+0000] {logging_mixin.py:188} INFO - [2025-08-19T03:34:50.736+0000] {dag.py:3954} INFO - Setting next_dagrun for example_branch_operator to 2025-08-18 00:00:00+00:00, run_after=2025-08-19 00:00:00+00:00
[2025-08-19T03:34:50.763+0000] {processor.py:183} INFO - Processing /home/airflow/.local/lib/python3.12/site-packages/airflow/example_dags/example_branch_operator.py took 0.123 seconds
[2025-08-19T03:35:21.843+0000] {processor.py:161} INFO - Started process (PID=24878) to work on /home/airflow/.local/lib/python3.12/site-packages/airflow/example_dags/example_branch_operator.py
[2025-08-19T03:35:21.846+0000] {processor.py:830} INFO - Processing file /home/airflow/.local/lib/python3.12/site-packages/airflow/example_dags/example_branch_operator.py for tasks to queue
[2025-08-19T03:35:21.847+0000] {logging_mixin.py:188} INFO - [2025-08-19T03:35:21.847+0000] {dagbag.py:545} INFO - Filling up the DagBag from /home/airflow/.local/lib/python3.12/site-packages/airflow/example_dags/example_branch_operator.py
[2025-08-19T03:35:21.890+0000] {processor.py:840} INFO - DAG(s) 'example_branch_operator' retrieved from /home/airflow/.local/lib/python3.12/site-packages/airflow/example_dags/example_branch_operator.py
[2025-08-19T03:35:21.953+0000] {logging_mixin.py:188} INFO - [2025-08-19T03:35:21.952+0000] {dag.py:3096} INFO - Sync 1 DAGs
[2025-08-19T03:35:21.995+0000] {logging_mixin.py:188} INFO - [2025-08-19T03:35:21.995+0000] {dag.py:3954} INFO - Setting next_dagrun for example_branch_operator to 2025-08-18 00:00:00+00:00, run_after=2025-08-19 00:00:00+00:00
[2025-08-19T03:35:22.046+0000] {processor.py:183} INFO - Processing /home/airflow/.local/lib/python3.12/site-packages/airflow/example_dags/example_branch_operator.py took 0.213 seconds
[2025-08-19T03:35:52.403+0000] {processor.py:161} INFO - Started process (PID=24931) to work on /home/airflow/.local/lib/python3.12/site-packages/airflow/example_dags/example_branch_operator.py
[2025-08-19T03:35:52.405+0000] {processor.py:830} INFO - Processing file /home/airflow/.local/lib/python3.12/site-packages/airflow/example_dags/example_branch_operator.py for tasks to queue
[2025-08-19T03:35:52.406+0000] {logging_mixin.py:188} INFO - [2025-08-19T03:35:52.406+0000] {dagbag.py:545} INFO - Filling up the DagBag from /home/airflow/.local/lib/python3.12/site-packages/airflow/example_dags/example_branch_operator.py
[2025-08-19T03:35:52.425+0000] {processor.py:840} INFO - DAG(s) 'example_branch_operator' retrieved from /home/airflow/.local/lib/python3.12/site-packages/airflow/example_dags/example_branch_operator.py
[2025-08-19T03:35:52.455+0000] {logging_mixin.py:188} INFO - [2025-08-19T03:35:52.455+0000] {dag.py:3096} INFO - Sync 1 DAGs
[2025-08-19T03:35:52.479+0000] {logging_mixin.py:188} INFO - [2025-08-19T03:35:52.478+0000] {dag.py:3954} INFO - Setting next_dagrun for example_branch_operator to 2025-08-18 00:00:00+00:00, run_after=2025-08-19 00:00:00+00:00
[2025-08-19T03:35:52.499+0000] {processor.py:183} INFO - Processing /home/airflow/.local/lib/python3.12/site-packages/airflow/example_dags/example_branch_operator.py took 0.103 seconds
[2025-08-19T03:36:23.099+0000] {processor.py:161} INFO - Started process (PID=24984) to work on /home/airflow/.local/lib/python3.12/site-packages/airflow/example_dags/example_branch_operator.py
[2025-08-19T03:36:23.100+0000] {processor.py:830} INFO - Processing file /home/airflow/.local/lib/python3.12/site-packages/airflow/example_dags/example_branch_operator.py for tasks to queue
[2025-08-19T03:36:23.101+0000] {logging_mixin.py:188} INFO - [2025-08-19T03:36:23.101+0000] {dagbag.py:545} INFO - Filling up the DagBag from /home/airflow/.local/lib/python3.12/site-packages/airflow/example_dags/example_branch_operator.py
[2025-08-19T03:36:23.121+0000] {processor.py:840} INFO - DAG(s) 'example_branch_operator' retrieved from /home/airflow/.local/lib/python3.12/site-packages/airflow/example_dags/example_branch_operator.py
[2025-08-19T03:36:23.154+0000] {logging_mixin.py:188} INFO - [2025-08-19T03:36:23.153+0000] {dag.py:3096} INFO - Sync 1 DAGs
[2025-08-19T03:36:23.182+0000] {logging_mixin.py:188} INFO - [2025-08-19T03:36:23.182+0000] {dag.py:3954} INFO - Setting next_dagrun for example_branch_operator to 2025-08-18 00:00:00+00:00, run_after=2025-08-19 00:00:00+00:00
[2025-08-19T03:36:23.210+0000] {processor.py:183} INFO - Processing /home/airflow/.local/lib/python3.12/site-packages/airflow/example_dags/example_branch_operator.py took 0.117 seconds
[2025-08-19T03:36:54.082+0000] {processor.py:161} INFO - Started process (PID=25037) to work on /home/airflow/.local/lib/python3.12/site-packages/airflow/example_dags/example_branch_operator.py
[2025-08-19T03:36:54.083+0000] {processor.py:830} INFO - Processing file /home/airflow/.local/lib/python3.12/site-packages/airflow/example_dags/example_branch_operator.py for tasks to queue
[2025-08-19T03:36:54.085+0000] {logging_mixin.py:188} INFO - [2025-08-19T03:36:54.084+0000] {dagbag.py:545} INFO - Filling up the DagBag from /home/airflow/.local/lib/python3.12/site-packages/airflow/example_dags/example_branch_operator.py
[2025-08-19T03:36:54.106+0000] {processor.py:840} INFO - DAG(s) 'example_branch_operator' retrieved from /home/airflow/.local/lib/python3.12/site-packages/airflow/example_dags/example_branch_operator.py
[2025-08-19T03:36:54.140+0000] {logging_mixin.py:188} INFO - [2025-08-19T03:36:54.140+0000] {dag.py:3096} INFO - Sync 1 DAGs
[2025-08-19T03:36:54.166+0000] {logging_mixin.py:188} INFO - [2025-08-19T03:36:54.166+0000] {dag.py:3954} INFO - Setting next_dagrun for example_branch_operator to 2025-08-18 00:00:00+00:00, run_after=2025-08-19 00:00:00+00:00
[2025-08-19T03:36:54.198+0000] {processor.py:183} INFO - Processing /home/airflow/.local/lib/python3.12/site-packages/airflow/example_dags/example_branch_operator.py took 0.123 seconds
[2025-08-19T03:37:25.093+0000] {processor.py:161} INFO - Started process (PID=25090) to work on /home/airflow/.local/lib/python3.12/site-packages/airflow/example_dags/example_branch_operator.py
[2025-08-19T03:37:25.094+0000] {processor.py:830} INFO - Processing file /home/airflow/.local/lib/python3.12/site-packages/airflow/example_dags/example_branch_operator.py for tasks to queue
[2025-08-19T03:37:25.096+0000] {logging_mixin.py:188} INFO - [2025-08-19T03:37:25.095+0000] {dagbag.py:545} INFO - Filling up the DagBag from /home/airflow/.local/lib/python3.12/site-packages/airflow/example_dags/example_branch_operator.py
[2025-08-19T03:37:25.115+0000] {processor.py:840} INFO - DAG(s) 'example_branch_operator' retrieved from /home/airflow/.local/lib/python3.12/site-packages/airflow/example_dags/example_branch_operator.py
[2025-08-19T03:37:25.148+0000] {logging_mixin.py:188} INFO - [2025-08-19T03:37:25.147+0000] {dag.py:3096} INFO - Sync 1 DAGs
[2025-08-19T03:37:25.173+0000] {logging_mixin.py:188} INFO - [2025-08-19T03:37:25.173+0000] {dag.py:3954} INFO - Setting next_dagrun for example_branch_operator to 2025-08-18 00:00:00+00:00, run_after=2025-08-19 00:00:00+00:00
[2025-08-19T03:37:25.199+0000] {processor.py:183} INFO - Processing /home/airflow/.local/lib/python3.12/site-packages/airflow/example_dags/example_branch_operator.py took 0.115 seconds
