[2025-08-19T03:10:05.306+0000] {processor.py:161} INFO - Started process (PID=22252) to work on /home/airflow/.local/lib/python3.12/site-packages/airflow/example_dags/example_short_circuit_operator.py
[2025-08-19T03:10:05.308+0000] {processor.py:830} INFO - Processing file /home/airflow/.local/lib/python3.12/site-packages/airflow/example_dags/example_short_circuit_operator.py for tasks to queue
[2025-08-19T03:10:05.310+0000] {logging_mixin.py:188} INFO - [2025-08-19T03:10:05.310+0000] {dagbag.py:545} INFO - Filling up the DagBag from /home/airflow/.local/lib/python3.12/site-packages/airflow/example_dags/example_short_circuit_operator.py
[2025-08-19T03:10:05.363+0000] {processor.py:840} INFO - DAG(s) 'example_short_circuit_operator' retrieved from /home/airflow/.local/lib/python3.12/site-packages/airflow/example_dags/example_short_circuit_operator.py
[2025-08-19T03:10:05.415+0000] {logging_mixin.py:188} INFO - [2025-08-19T03:10:05.414+0000] {dag.py:3096} INFO - Sync 1 DAGs
[2025-08-19T03:10:05.476+0000] {logging_mixin.py:188} INFO - [2025-08-19T03:10:05.476+0000] {dag.py:3954} INFO - Setting next_dagrun for example_short_circuit_operator to 2025-08-18 00:00:00+00:00, run_after=2025-08-19 00:00:00+00:00
[2025-08-19T03:10:05.524+0000] {processor.py:183} INFO - Processing /home/airflow/.local/lib/python3.12/site-packages/airflow/example_dags/example_short_circuit_operator.py took 0.229 seconds
[2025-08-19T03:10:36.403+0000] {processor.py:161} INFO - Started process (PID=22305) to work on /home/airflow/.local/lib/python3.12/site-packages/airflow/example_dags/example_short_circuit_operator.py
[2025-08-19T03:10:36.405+0000] {processor.py:830} INFO - Processing file /home/airflow/.local/lib/python3.12/site-packages/airflow/example_dags/example_short_circuit_operator.py for tasks to queue
[2025-08-19T03:10:36.406+0000] {logging_mixin.py:188} INFO - [2025-08-19T03:10:36.406+0000] {dagbag.py:545} INFO - Filling up the DagBag from /home/airflow/.local/lib/python3.12/site-packages/airflow/example_dags/example_short_circuit_operator.py
[2025-08-19T03:10:36.415+0000] {processor.py:840} INFO - DAG(s) 'example_short_circuit_operator' retrieved from /home/airflow/.local/lib/python3.12/site-packages/airflow/example_dags/example_short_circuit_operator.py
[2025-08-19T03:10:36.443+0000] {logging_mixin.py:188} INFO - [2025-08-19T03:10:36.443+0000] {dag.py:3096} INFO - Sync 1 DAGs
[2025-08-19T03:10:36.467+0000] {logging_mixin.py:188} INFO - [2025-08-19T03:10:36.467+0000] {dag.py:3954} INFO - Setting next_dagrun for example_short_circuit_operator to 2025-08-18 00:00:00+00:00, run_after=2025-08-19 00:00:00+00:00
[2025-08-19T03:10:36.501+0000] {processor.py:183} INFO - Processing /home/airflow/.local/lib/python3.12/site-packages/airflow/example_dags/example_short_circuit_operator.py took 0.105 seconds
[2025-08-19T03:11:06.806+0000] {processor.py:161} INFO - Started process (PID=22358) to work on /home/airflow/.local/lib/python3.12/site-packages/airflow/example_dags/example_short_circuit_operator.py
[2025-08-19T03:11:06.809+0000] {processor.py:830} INFO - Processing file /home/airflow/.local/lib/python3.12/site-packages/airflow/example_dags/example_short_circuit_operator.py for tasks to queue
[2025-08-19T03:11:06.812+0000] {logging_mixin.py:188} INFO - [2025-08-19T03:11:06.811+0000] {dagbag.py:545} INFO - Filling up the DagBag from /home/airflow/.local/lib/python3.12/site-packages/airflow/example_dags/example_short_circuit_operator.py
[2025-08-19T03:11:06.823+0000] {processor.py:840} INFO - DAG(s) 'example_short_circuit_operator' retrieved from /home/airflow/.local/lib/python3.12/site-packages/airflow/example_dags/example_short_circuit_operator.py
[2025-08-19T03:11:06.851+0000] {logging_mixin.py:188} INFO - [2025-08-19T03:11:06.850+0000] {dag.py:3096} INFO - Sync 1 DAGs
[2025-08-19T03:11:06.879+0000] {logging_mixin.py:188} INFO - [2025-08-19T03:11:06.878+0000] {dag.py:3954} INFO - Setting next_dagrun for example_short_circuit_operator to 2025-08-18 00:00:00+00:00, run_after=2025-08-19 00:00:00+00:00
[2025-08-19T03:11:06.908+0000] {processor.py:183} INFO - Processing /home/airflow/.local/lib/python3.12/site-packages/airflow/example_dags/example_short_circuit_operator.py took 0.115 seconds
[2025-08-19T03:11:37.160+0000] {processor.py:161} INFO - Started process (PID=22411) to work on /home/airflow/.local/lib/python3.12/site-packages/airflow/example_dags/example_short_circuit_operator.py
[2025-08-19T03:11:37.162+0000] {processor.py:830} INFO - Processing file /home/airflow/.local/lib/python3.12/site-packages/airflow/example_dags/example_short_circuit_operator.py for tasks to queue
[2025-08-19T03:11:37.163+0000] {logging_mixin.py:188} INFO - [2025-08-19T03:11:37.163+0000] {dagbag.py:545} INFO - Filling up the DagBag from /home/airflow/.local/lib/python3.12/site-packages/airflow/example_dags/example_short_circuit_operator.py
[2025-08-19T03:11:37.173+0000] {processor.py:840} INFO - DAG(s) 'example_short_circuit_operator' retrieved from /home/airflow/.local/lib/python3.12/site-packages/airflow/example_dags/example_short_circuit_operator.py
[2025-08-19T03:11:37.201+0000] {logging_mixin.py:188} INFO - [2025-08-19T03:11:37.201+0000] {dag.py:3096} INFO - Sync 1 DAGs
[2025-08-19T03:11:37.225+0000] {logging_mixin.py:188} INFO - [2025-08-19T03:11:37.225+0000] {dag.py:3954} INFO - Setting next_dagrun for example_short_circuit_operator to 2025-08-18 00:00:00+00:00, run_after=2025-08-19 00:00:00+00:00
[2025-08-19T03:11:37.253+0000] {processor.py:183} INFO - Processing /home/airflow/.local/lib/python3.12/site-packages/airflow/example_dags/example_short_circuit_operator.py took 0.098 seconds
[2025-08-19T03:12:07.630+0000] {processor.py:161} INFO - Started process (PID=22464) to work on /home/airflow/.local/lib/python3.12/site-packages/airflow/example_dags/example_short_circuit_operator.py
[2025-08-19T03:12:07.631+0000] {processor.py:830} INFO - Processing file /home/airflow/.local/lib/python3.12/site-packages/airflow/example_dags/example_short_circuit_operator.py for tasks to queue
[2025-08-19T03:12:07.633+0000] {logging_mixin.py:188} INFO - [2025-08-19T03:12:07.633+0000] {dagbag.py:545} INFO - Filling up the DagBag from /home/airflow/.local/lib/python3.12/site-packages/airflow/example_dags/example_short_circuit_operator.py
[2025-08-19T03:12:07.642+0000] {processor.py:840} INFO - DAG(s) 'example_short_circuit_operator' retrieved from /home/airflow/.local/lib/python3.12/site-packages/airflow/example_dags/example_short_circuit_operator.py
[2025-08-19T03:12:07.668+0000] {logging_mixin.py:188} INFO - [2025-08-19T03:12:07.668+0000] {dag.py:3096} INFO - Sync 1 DAGs
[2025-08-19T03:12:07.692+0000] {logging_mixin.py:188} INFO - [2025-08-19T03:12:07.691+0000] {dag.py:3954} INFO - Setting next_dagrun for example_short_circuit_operator to 2025-08-18 00:00:00+00:00, run_after=2025-08-19 00:00:00+00:00
[2025-08-19T03:12:07.723+0000] {processor.py:183} INFO - Processing /home/airflow/.local/lib/python3.12/site-packages/airflow/example_dags/example_short_circuit_operator.py took 0.099 seconds
[2025-08-19T03:12:38.273+0000] {processor.py:161} INFO - Started process (PID=22517) to work on /home/airflow/.local/lib/python3.12/site-packages/airflow/example_dags/example_short_circuit_operator.py
[2025-08-19T03:12:38.275+0000] {processor.py:830} INFO - Processing file /home/airflow/.local/lib/python3.12/site-packages/airflow/example_dags/example_short_circuit_operator.py for tasks to queue
[2025-08-19T03:12:38.277+0000] {logging_mixin.py:188} INFO - [2025-08-19T03:12:38.276+0000] {dagbag.py:545} INFO - Filling up the DagBag from /home/airflow/.local/lib/python3.12/site-packages/airflow/example_dags/example_short_circuit_operator.py
[2025-08-19T03:12:38.286+0000] {processor.py:840} INFO - DAG(s) 'example_short_circuit_operator' retrieved from /home/airflow/.local/lib/python3.12/site-packages/airflow/example_dags/example_short_circuit_operator.py
[2025-08-19T03:12:38.311+0000] {logging_mixin.py:188} INFO - [2025-08-19T03:12:38.311+0000] {dag.py:3096} INFO - Sync 1 DAGs
[2025-08-19T03:12:38.336+0000] {logging_mixin.py:188} INFO - [2025-08-19T03:12:38.335+0000] {dag.py:3954} INFO - Setting next_dagrun for example_short_circuit_operator to 2025-08-18 00:00:00+00:00, run_after=2025-08-19 00:00:00+00:00
[2025-08-19T03:12:38.369+0000] {processor.py:183} INFO - Processing /home/airflow/.local/lib/python3.12/site-packages/airflow/example_dags/example_short_circuit_operator.py took 0.101 seconds
[2025-08-19T03:13:08.956+0000] {processor.py:161} INFO - Started process (PID=22570) to work on /home/airflow/.local/lib/python3.12/site-packages/airflow/example_dags/example_short_circuit_operator.py
[2025-08-19T03:13:08.957+0000] {processor.py:830} INFO - Processing file /home/airflow/.local/lib/python3.12/site-packages/airflow/example_dags/example_short_circuit_operator.py for tasks to queue
[2025-08-19T03:13:08.959+0000] {logging_mixin.py:188} INFO - [2025-08-19T03:13:08.959+0000] {dagbag.py:545} INFO - Filling up the DagBag from /home/airflow/.local/lib/python3.12/site-packages/airflow/example_dags/example_short_circuit_operator.py
[2025-08-19T03:13:08.968+0000] {processor.py:840} INFO - DAG(s) 'example_short_circuit_operator' retrieved from /home/airflow/.local/lib/python3.12/site-packages/airflow/example_dags/example_short_circuit_operator.py
[2025-08-19T03:13:08.995+0000] {logging_mixin.py:188} INFO - [2025-08-19T03:13:08.994+0000] {dag.py:3096} INFO - Sync 1 DAGs
[2025-08-19T03:13:09.022+0000] {logging_mixin.py:188} INFO - [2025-08-19T03:13:09.022+0000] {dag.py:3954} INFO - Setting next_dagrun for example_short_circuit_operator to 2025-08-18 00:00:00+00:00, run_after=2025-08-19 00:00:00+00:00
[2025-08-19T03:13:09.046+0000] {processor.py:183} INFO - Processing /home/airflow/.local/lib/python3.12/site-packages/airflow/example_dags/example_short_circuit_operator.py took 0.096 seconds
[2025-08-19T03:13:39.814+0000] {processor.py:161} INFO - Started process (PID=22623) to work on /home/airflow/.local/lib/python3.12/site-packages/airflow/example_dags/example_short_circuit_operator.py
[2025-08-19T03:13:39.815+0000] {processor.py:830} INFO - Processing file /home/airflow/.local/lib/python3.12/site-packages/airflow/example_dags/example_short_circuit_operator.py for tasks to queue
[2025-08-19T03:13:39.817+0000] {logging_mixin.py:188} INFO - [2025-08-19T03:13:39.817+0000] {dagbag.py:545} INFO - Filling up the DagBag from /home/airflow/.local/lib/python3.12/site-packages/airflow/example_dags/example_short_circuit_operator.py
[2025-08-19T03:13:39.825+0000] {processor.py:840} INFO - DAG(s) 'example_short_circuit_operator' retrieved from /home/airflow/.local/lib/python3.12/site-packages/airflow/example_dags/example_short_circuit_operator.py
[2025-08-19T03:13:39.852+0000] {logging_mixin.py:188} INFO - [2025-08-19T03:13:39.852+0000] {dag.py:3096} INFO - Sync 1 DAGs
[2025-08-19T03:13:39.874+0000] {logging_mixin.py:188} INFO - [2025-08-19T03:13:39.874+0000] {dag.py:3954} INFO - Setting next_dagrun for example_short_circuit_operator to 2025-08-18 00:00:00+00:00, run_after=2025-08-19 00:00:00+00:00
[2025-08-19T03:13:39.906+0000] {processor.py:183} INFO - Processing /home/airflow/.local/lib/python3.12/site-packages/airflow/example_dags/example_short_circuit_operator.py took 0.099 seconds
[2025-08-19T03:14:10.605+0000] {processor.py:161} INFO - Started process (PID=22676) to work on /home/airflow/.local/lib/python3.12/site-packages/airflow/example_dags/example_short_circuit_operator.py
[2025-08-19T03:14:10.606+0000] {processor.py:830} INFO - Processing file /home/airflow/.local/lib/python3.12/site-packages/airflow/example_dags/example_short_circuit_operator.py for tasks to queue
[2025-08-19T03:14:10.608+0000] {logging_mixin.py:188} INFO - [2025-08-19T03:14:10.607+0000] {dagbag.py:545} INFO - Filling up the DagBag from /home/airflow/.local/lib/python3.12/site-packages/airflow/example_dags/example_short_circuit_operator.py
[2025-08-19T03:14:10.617+0000] {processor.py:840} INFO - DAG(s) 'example_short_circuit_operator' retrieved from /home/airflow/.local/lib/python3.12/site-packages/airflow/example_dags/example_short_circuit_operator.py
[2025-08-19T03:14:10.642+0000] {logging_mixin.py:188} INFO - [2025-08-19T03:14:10.642+0000] {dag.py:3096} INFO - Sync 1 DAGs
[2025-08-19T03:14:10.667+0000] {logging_mixin.py:188} INFO - [2025-08-19T03:14:10.667+0000] {dag.py:3954} INFO - Setting next_dagrun for example_short_circuit_operator to 2025-08-18 00:00:00+00:00, run_after=2025-08-19 00:00:00+00:00
[2025-08-19T03:14:10.691+0000] {processor.py:183} INFO - Processing /home/airflow/.local/lib/python3.12/site-packages/airflow/example_dags/example_short_circuit_operator.py took 0.092 seconds
[2025-08-19T03:14:41.441+0000] {processor.py:161} INFO - Started process (PID=22729) to work on /home/airflow/.local/lib/python3.12/site-packages/airflow/example_dags/example_short_circuit_operator.py
[2025-08-19T03:14:41.443+0000] {processor.py:830} INFO - Processing file /home/airflow/.local/lib/python3.12/site-packages/airflow/example_dags/example_short_circuit_operator.py for tasks to queue
[2025-08-19T03:14:41.446+0000] {logging_mixin.py:188} INFO - [2025-08-19T03:14:41.445+0000] {dagbag.py:545} INFO - Filling up the DagBag from /home/airflow/.local/lib/python3.12/site-packages/airflow/example_dags/example_short_circuit_operator.py
[2025-08-19T03:14:41.455+0000] {processor.py:840} INFO - DAG(s) 'example_short_circuit_operator' retrieved from /home/airflow/.local/lib/python3.12/site-packages/airflow/example_dags/example_short_circuit_operator.py
[2025-08-19T03:14:41.485+0000] {logging_mixin.py:188} INFO - [2025-08-19T03:14:41.484+0000] {dag.py:3096} INFO - Sync 1 DAGs
[2025-08-19T03:14:41.509+0000] {logging_mixin.py:188} INFO - [2025-08-19T03:14:41.509+0000] {dag.py:3954} INFO - Setting next_dagrun for example_short_circuit_operator to 2025-08-18 00:00:00+00:00, run_after=2025-08-19 00:00:00+00:00
[2025-08-19T03:14:41.536+0000] {processor.py:183} INFO - Processing /home/airflow/.local/lib/python3.12/site-packages/airflow/example_dags/example_short_circuit_operator.py took 0.101 seconds
[2025-08-19T03:15:12.189+0000] {processor.py:161} INFO - Started process (PID=22782) to work on /home/airflow/.local/lib/python3.12/site-packages/airflow/example_dags/example_short_circuit_operator.py
[2025-08-19T03:15:12.190+0000] {processor.py:830} INFO - Processing file /home/airflow/.local/lib/python3.12/site-packages/airflow/example_dags/example_short_circuit_operator.py for tasks to queue
[2025-08-19T03:15:12.192+0000] {logging_mixin.py:188} INFO - [2025-08-19T03:15:12.192+0000] {dagbag.py:545} INFO - Filling up the DagBag from /home/airflow/.local/lib/python3.12/site-packages/airflow/example_dags/example_short_circuit_operator.py
[2025-08-19T03:15:12.201+0000] {processor.py:840} INFO - DAG(s) 'example_short_circuit_operator' retrieved from /home/airflow/.local/lib/python3.12/site-packages/airflow/example_dags/example_short_circuit_operator.py
[2025-08-19T03:15:12.228+0000] {logging_mixin.py:188} INFO - [2025-08-19T03:15:12.228+0000] {dag.py:3096} INFO - Sync 1 DAGs
[2025-08-19T03:15:12.251+0000] {logging_mixin.py:188} INFO - [2025-08-19T03:15:12.251+0000] {dag.py:3954} INFO - Setting next_dagrun for example_short_circuit_operator to 2025-08-18 00:00:00+00:00, run_after=2025-08-19 00:00:00+00:00
[2025-08-19T03:15:12.283+0000] {processor.py:183} INFO - Processing /home/airflow/.local/lib/python3.12/site-packages/airflow/example_dags/example_short_circuit_operator.py took 0.100 seconds
[2025-08-19T03:15:43.073+0000] {processor.py:161} INFO - Started process (PID=22835) to work on /home/airflow/.local/lib/python3.12/site-packages/airflow/example_dags/example_short_circuit_operator.py
[2025-08-19T03:15:43.075+0000] {processor.py:830} INFO - Processing file /home/airflow/.local/lib/python3.12/site-packages/airflow/example_dags/example_short_circuit_operator.py for tasks to queue
[2025-08-19T03:15:43.077+0000] {logging_mixin.py:188} INFO - [2025-08-19T03:15:43.077+0000] {dagbag.py:545} INFO - Filling up the DagBag from /home/airflow/.local/lib/python3.12/site-packages/airflow/example_dags/example_short_circuit_operator.py
[2025-08-19T03:15:43.085+0000] {processor.py:840} INFO - DAG(s) 'example_short_circuit_operator' retrieved from /home/airflow/.local/lib/python3.12/site-packages/airflow/example_dags/example_short_circuit_operator.py
[2025-08-19T03:15:43.113+0000] {logging_mixin.py:188} INFO - [2025-08-19T03:15:43.112+0000] {dag.py:3096} INFO - Sync 1 DAGs
[2025-08-19T03:15:43.136+0000] {logging_mixin.py:188} INFO - [2025-08-19T03:15:43.136+0000] {dag.py:3954} INFO - Setting next_dagrun for example_short_circuit_operator to 2025-08-18 00:00:00+00:00, run_after=2025-08-19 00:00:00+00:00
[2025-08-19T03:15:43.163+0000] {processor.py:183} INFO - Processing /home/airflow/.local/lib/python3.12/site-packages/airflow/example_dags/example_short_circuit_operator.py took 0.096 seconds
[2025-08-19T03:16:13.668+0000] {processor.py:161} INFO - Started process (PID=22888) to work on /home/airflow/.local/lib/python3.12/site-packages/airflow/example_dags/example_short_circuit_operator.py
[2025-08-19T03:16:13.669+0000] {processor.py:830} INFO - Processing file /home/airflow/.local/lib/python3.12/site-packages/airflow/example_dags/example_short_circuit_operator.py for tasks to queue
[2025-08-19T03:16:13.670+0000] {logging_mixin.py:188} INFO - [2025-08-19T03:16:13.670+0000] {dagbag.py:545} INFO - Filling up the DagBag from /home/airflow/.local/lib/python3.12/site-packages/airflow/example_dags/example_short_circuit_operator.py
[2025-08-19T03:16:13.682+0000] {processor.py:840} INFO - DAG(s) 'example_short_circuit_operator' retrieved from /home/airflow/.local/lib/python3.12/site-packages/airflow/example_dags/example_short_circuit_operator.py
[2025-08-19T03:16:13.716+0000] {logging_mixin.py:188} INFO - [2025-08-19T03:16:13.716+0000] {dag.py:3096} INFO - Sync 1 DAGs
[2025-08-19T03:16:13.741+0000] {logging_mixin.py:188} INFO - [2025-08-19T03:16:13.741+0000] {dag.py:3954} INFO - Setting next_dagrun for example_short_circuit_operator to 2025-08-18 00:00:00+00:00, run_after=2025-08-19 00:00:00+00:00
[2025-08-19T03:16:13.768+0000] {processor.py:183} INFO - Processing /home/airflow/.local/lib/python3.12/site-packages/airflow/example_dags/example_short_circuit_operator.py took 0.107 seconds
[2025-08-19T03:16:44.092+0000] {processor.py:161} INFO - Started process (PID=22941) to work on /home/airflow/.local/lib/python3.12/site-packages/airflow/example_dags/example_short_circuit_operator.py
[2025-08-19T03:16:44.094+0000] {processor.py:830} INFO - Processing file /home/airflow/.local/lib/python3.12/site-packages/airflow/example_dags/example_short_circuit_operator.py for tasks to queue
[2025-08-19T03:16:44.095+0000] {logging_mixin.py:188} INFO - [2025-08-19T03:16:44.095+0000] {dagbag.py:545} INFO - Filling up the DagBag from /home/airflow/.local/lib/python3.12/site-packages/airflow/example_dags/example_short_circuit_operator.py
[2025-08-19T03:16:44.103+0000] {processor.py:840} INFO - DAG(s) 'example_short_circuit_operator' retrieved from /home/airflow/.local/lib/python3.12/site-packages/airflow/example_dags/example_short_circuit_operator.py
[2025-08-19T03:16:44.128+0000] {logging_mixin.py:188} INFO - [2025-08-19T03:16:44.128+0000] {dag.py:3096} INFO - Sync 1 DAGs
[2025-08-19T03:16:44.151+0000] {logging_mixin.py:188} INFO - [2025-08-19T03:16:44.151+0000] {dag.py:3954} INFO - Setting next_dagrun for example_short_circuit_operator to 2025-08-18 00:00:00+00:00, run_after=2025-08-19 00:00:00+00:00
[2025-08-19T03:16:44.177+0000] {processor.py:183} INFO - Processing /home/airflow/.local/lib/python3.12/site-packages/airflow/example_dags/example_short_circuit_operator.py took 0.092 seconds
[2025-08-19T03:17:14.475+0000] {processor.py:161} INFO - Started process (PID=22994) to work on /home/airflow/.local/lib/python3.12/site-packages/airflow/example_dags/example_short_circuit_operator.py
[2025-08-19T03:17:14.477+0000] {processor.py:830} INFO - Processing file /home/airflow/.local/lib/python3.12/site-packages/airflow/example_dags/example_short_circuit_operator.py for tasks to queue
[2025-08-19T03:17:14.478+0000] {logging_mixin.py:188} INFO - [2025-08-19T03:17:14.478+0000] {dagbag.py:545} INFO - Filling up the DagBag from /home/airflow/.local/lib/python3.12/site-packages/airflow/example_dags/example_short_circuit_operator.py
[2025-08-19T03:17:14.486+0000] {processor.py:840} INFO - DAG(s) 'example_short_circuit_operator' retrieved from /home/airflow/.local/lib/python3.12/site-packages/airflow/example_dags/example_short_circuit_operator.py
[2025-08-19T03:17:14.511+0000] {logging_mixin.py:188} INFO - [2025-08-19T03:17:14.511+0000] {dag.py:3096} INFO - Sync 1 DAGs
[2025-08-19T03:17:14.532+0000] {logging_mixin.py:188} INFO - [2025-08-19T03:17:14.531+0000] {dag.py:3954} INFO - Setting next_dagrun for example_short_circuit_operator to 2025-08-18 00:00:00+00:00, run_after=2025-08-19 00:00:00+00:00
[2025-08-19T03:17:14.565+0000] {processor.py:183} INFO - Processing /home/airflow/.local/lib/python3.12/site-packages/airflow/example_dags/example_short_circuit_operator.py took 0.095 seconds
[2025-08-19T03:17:45.353+0000] {processor.py:161} INFO - Started process (PID=23047) to work on /home/airflow/.local/lib/python3.12/site-packages/airflow/example_dags/example_short_circuit_operator.py
[2025-08-19T03:17:45.355+0000] {processor.py:830} INFO - Processing file /home/airflow/.local/lib/python3.12/site-packages/airflow/example_dags/example_short_circuit_operator.py for tasks to queue
[2025-08-19T03:17:45.356+0000] {logging_mixin.py:188} INFO - [2025-08-19T03:17:45.356+0000] {dagbag.py:545} INFO - Filling up the DagBag from /home/airflow/.local/lib/python3.12/site-packages/airflow/example_dags/example_short_circuit_operator.py
[2025-08-19T03:17:45.365+0000] {processor.py:840} INFO - DAG(s) 'example_short_circuit_operator' retrieved from /home/airflow/.local/lib/python3.12/site-packages/airflow/example_dags/example_short_circuit_operator.py
[2025-08-19T03:17:45.390+0000] {logging_mixin.py:188} INFO - [2025-08-19T03:17:45.390+0000] {dag.py:3096} INFO - Sync 1 DAGs
[2025-08-19T03:17:45.413+0000] {logging_mixin.py:188} INFO - [2025-08-19T03:17:45.412+0000] {dag.py:3954} INFO - Setting next_dagrun for example_short_circuit_operator to 2025-08-18 00:00:00+00:00, run_after=2025-08-19 00:00:00+00:00
[2025-08-19T03:17:45.438+0000] {processor.py:183} INFO - Processing /home/airflow/.local/lib/python3.12/site-packages/airflow/example_dags/example_short_circuit_operator.py took 0.091 seconds
[2025-08-19T03:18:15.619+0000] {processor.py:161} INFO - Started process (PID=23100) to work on /home/airflow/.local/lib/python3.12/site-packages/airflow/example_dags/example_short_circuit_operator.py
[2025-08-19T03:18:15.621+0000] {processor.py:830} INFO - Processing file /home/airflow/.local/lib/python3.12/site-packages/airflow/example_dags/example_short_circuit_operator.py for tasks to queue
[2025-08-19T03:18:15.623+0000] {logging_mixin.py:188} INFO - [2025-08-19T03:18:15.622+0000] {dagbag.py:545} INFO - Filling up the DagBag from /home/airflow/.local/lib/python3.12/site-packages/airflow/example_dags/example_short_circuit_operator.py
[2025-08-19T03:18:15.631+0000] {processor.py:840} INFO - DAG(s) 'example_short_circuit_operator' retrieved from /home/airflow/.local/lib/python3.12/site-packages/airflow/example_dags/example_short_circuit_operator.py
[2025-08-19T03:18:15.658+0000] {logging_mixin.py:188} INFO - [2025-08-19T03:18:15.658+0000] {dag.py:3096} INFO - Sync 1 DAGs
[2025-08-19T03:18:15.680+0000] {logging_mixin.py:188} INFO - [2025-08-19T03:18:15.680+0000] {dag.py:3954} INFO - Setting next_dagrun for example_short_circuit_operator to 2025-08-18 00:00:00+00:00, run_after=2025-08-19 00:00:00+00:00
[2025-08-19T03:18:15.708+0000] {processor.py:183} INFO - Processing /home/airflow/.local/lib/python3.12/site-packages/airflow/example_dags/example_short_circuit_operator.py took 0.097 seconds
[2025-08-19T03:18:45.868+0000] {processor.py:161} INFO - Started process (PID=23153) to work on /home/airflow/.local/lib/python3.12/site-packages/airflow/example_dags/example_short_circuit_operator.py
[2025-08-19T03:18:45.870+0000] {processor.py:830} INFO - Processing file /home/airflow/.local/lib/python3.12/site-packages/airflow/example_dags/example_short_circuit_operator.py for tasks to queue
[2025-08-19T03:18:45.871+0000] {logging_mixin.py:188} INFO - [2025-08-19T03:18:45.871+0000] {dagbag.py:545} INFO - Filling up the DagBag from /home/airflow/.local/lib/python3.12/site-packages/airflow/example_dags/example_short_circuit_operator.py
[2025-08-19T03:18:45.879+0000] {processor.py:840} INFO - DAG(s) 'example_short_circuit_operator' retrieved from /home/airflow/.local/lib/python3.12/site-packages/airflow/example_dags/example_short_circuit_operator.py
[2025-08-19T03:18:45.907+0000] {logging_mixin.py:188} INFO - [2025-08-19T03:18:45.906+0000] {dag.py:3096} INFO - Sync 1 DAGs
[2025-08-19T03:18:45.930+0000] {logging_mixin.py:188} INFO - [2025-08-19T03:18:45.929+0000] {dag.py:3954} INFO - Setting next_dagrun for example_short_circuit_operator to 2025-08-18 00:00:00+00:00, run_after=2025-08-19 00:00:00+00:00
[2025-08-19T03:18:45.959+0000] {processor.py:183} INFO - Processing /home/airflow/.local/lib/python3.12/site-packages/airflow/example_dags/example_short_circuit_operator.py took 0.098 seconds
[2025-08-19T03:19:16.019+0000] {processor.py:161} INFO - Started process (PID=23205) to work on /home/airflow/.local/lib/python3.12/site-packages/airflow/example_dags/example_short_circuit_operator.py
[2025-08-19T03:19:16.020+0000] {processor.py:830} INFO - Processing file /home/airflow/.local/lib/python3.12/site-packages/airflow/example_dags/example_short_circuit_operator.py for tasks to queue
[2025-08-19T03:19:16.022+0000] {logging_mixin.py:188} INFO - [2025-08-19T03:19:16.021+0000] {dagbag.py:545} INFO - Filling up the DagBag from /home/airflow/.local/lib/python3.12/site-packages/airflow/example_dags/example_short_circuit_operator.py
[2025-08-19T03:19:16.031+0000] {processor.py:840} INFO - DAG(s) 'example_short_circuit_operator' retrieved from /home/airflow/.local/lib/python3.12/site-packages/airflow/example_dags/example_short_circuit_operator.py
[2025-08-19T03:19:16.056+0000] {logging_mixin.py:188} INFO - [2025-08-19T03:19:16.055+0000] {dag.py:3096} INFO - Sync 1 DAGs
[2025-08-19T03:19:16.076+0000] {logging_mixin.py:188} INFO - [2025-08-19T03:19:16.076+0000] {dag.py:3954} INFO - Setting next_dagrun for example_short_circuit_operator to 2025-08-18 00:00:00+00:00, run_after=2025-08-19 00:00:00+00:00
[2025-08-19T03:19:16.106+0000] {processor.py:183} INFO - Processing /home/airflow/.local/lib/python3.12/site-packages/airflow/example_dags/example_short_circuit_operator.py took 0.096 seconds
[2025-08-19T03:19:46.792+0000] {processor.py:161} INFO - Started process (PID=23258) to work on /home/airflow/.local/lib/python3.12/site-packages/airflow/example_dags/example_short_circuit_operator.py
[2025-08-19T03:19:46.794+0000] {processor.py:830} INFO - Processing file /home/airflow/.local/lib/python3.12/site-packages/airflow/example_dags/example_short_circuit_operator.py for tasks to queue
[2025-08-19T03:19:46.795+0000] {logging_mixin.py:188} INFO - [2025-08-19T03:19:46.795+0000] {dagbag.py:545} INFO - Filling up the DagBag from /home/airflow/.local/lib/python3.12/site-packages/airflow/example_dags/example_short_circuit_operator.py
[2025-08-19T03:19:46.807+0000] {processor.py:840} INFO - DAG(s) 'example_short_circuit_operator' retrieved from /home/airflow/.local/lib/python3.12/site-packages/airflow/example_dags/example_short_circuit_operator.py
[2025-08-19T03:19:46.836+0000] {logging_mixin.py:188} INFO - [2025-08-19T03:19:46.836+0000] {dag.py:3096} INFO - Sync 1 DAGs
[2025-08-19T03:19:46.861+0000] {logging_mixin.py:188} INFO - [2025-08-19T03:19:46.861+0000] {dag.py:3954} INFO - Setting next_dagrun for example_short_circuit_operator to 2025-08-18 00:00:00+00:00, run_after=2025-08-19 00:00:00+00:00
[2025-08-19T03:19:46.887+0000] {processor.py:183} INFO - Processing /home/airflow/.local/lib/python3.12/site-packages/airflow/example_dags/example_short_circuit_operator.py took 0.102 seconds
[2025-08-19T03:20:17.257+0000] {processor.py:161} INFO - Started process (PID=23311) to work on /home/airflow/.local/lib/python3.12/site-packages/airflow/example_dags/example_short_circuit_operator.py
[2025-08-19T03:20:17.258+0000] {processor.py:830} INFO - Processing file /home/airflow/.local/lib/python3.12/site-packages/airflow/example_dags/example_short_circuit_operator.py for tasks to queue
[2025-08-19T03:20:17.260+0000] {logging_mixin.py:188} INFO - [2025-08-19T03:20:17.260+0000] {dagbag.py:545} INFO - Filling up the DagBag from /home/airflow/.local/lib/python3.12/site-packages/airflow/example_dags/example_short_circuit_operator.py
[2025-08-19T03:20:17.277+0000] {processor.py:840} INFO - DAG(s) 'example_short_circuit_operator' retrieved from /home/airflow/.local/lib/python3.12/site-packages/airflow/example_dags/example_short_circuit_operator.py
[2025-08-19T03:20:17.308+0000] {logging_mixin.py:188} INFO - [2025-08-19T03:20:17.308+0000] {dag.py:3096} INFO - Sync 1 DAGs
[2025-08-19T03:20:17.331+0000] {logging_mixin.py:188} INFO - [2025-08-19T03:20:17.330+0000] {dag.py:3954} INFO - Setting next_dagrun for example_short_circuit_operator to 2025-08-18 00:00:00+00:00, run_after=2025-08-19 00:00:00+00:00
[2025-08-19T03:20:17.357+0000] {processor.py:183} INFO - Processing /home/airflow/.local/lib/python3.12/site-packages/airflow/example_dags/example_short_circuit_operator.py took 0.106 seconds
[2025-08-19T03:20:47.531+0000] {processor.py:161} INFO - Started process (PID=23364) to work on /home/airflow/.local/lib/python3.12/site-packages/airflow/example_dags/example_short_circuit_operator.py
[2025-08-19T03:20:47.532+0000] {processor.py:830} INFO - Processing file /home/airflow/.local/lib/python3.12/site-packages/airflow/example_dags/example_short_circuit_operator.py for tasks to queue
[2025-08-19T03:20:47.534+0000] {logging_mixin.py:188} INFO - [2025-08-19T03:20:47.533+0000] {dagbag.py:545} INFO - Filling up the DagBag from /home/airflow/.local/lib/python3.12/site-packages/airflow/example_dags/example_short_circuit_operator.py
[2025-08-19T03:20:47.542+0000] {processor.py:840} INFO - DAG(s) 'example_short_circuit_operator' retrieved from /home/airflow/.local/lib/python3.12/site-packages/airflow/example_dags/example_short_circuit_operator.py
[2025-08-19T03:20:47.566+0000] {logging_mixin.py:188} INFO - [2025-08-19T03:20:47.566+0000] {dag.py:3096} INFO - Sync 1 DAGs
[2025-08-19T03:20:47.588+0000] {logging_mixin.py:188} INFO - [2025-08-19T03:20:47.587+0000] {dag.py:3954} INFO - Setting next_dagrun for example_short_circuit_operator to 2025-08-18 00:00:00+00:00, run_after=2025-08-19 00:00:00+00:00
[2025-08-19T03:20:47.609+0000] {processor.py:183} INFO - Processing /home/airflow/.local/lib/python3.12/site-packages/airflow/example_dags/example_short_circuit_operator.py took 0.085 seconds
[2025-08-19T03:21:17.682+0000] {processor.py:161} INFO - Started process (PID=23417) to work on /home/airflow/.local/lib/python3.12/site-packages/airflow/example_dags/example_short_circuit_operator.py
[2025-08-19T03:21:17.684+0000] {processor.py:830} INFO - Processing file /home/airflow/.local/lib/python3.12/site-packages/airflow/example_dags/example_short_circuit_operator.py for tasks to queue
[2025-08-19T03:21:17.685+0000] {logging_mixin.py:188} INFO - [2025-08-19T03:21:17.685+0000] {dagbag.py:545} INFO - Filling up the DagBag from /home/airflow/.local/lib/python3.12/site-packages/airflow/example_dags/example_short_circuit_operator.py
[2025-08-19T03:21:17.693+0000] {processor.py:840} INFO - DAG(s) 'example_short_circuit_operator' retrieved from /home/airflow/.local/lib/python3.12/site-packages/airflow/example_dags/example_short_circuit_operator.py
[2025-08-19T03:21:17.719+0000] {logging_mixin.py:188} INFO - [2025-08-19T03:21:17.719+0000] {dag.py:3096} INFO - Sync 1 DAGs
[2025-08-19T03:21:17.748+0000] {logging_mixin.py:188} INFO - [2025-08-19T03:21:17.748+0000] {dag.py:3954} INFO - Setting next_dagrun for example_short_circuit_operator to 2025-08-18 00:00:00+00:00, run_after=2025-08-19 00:00:00+00:00
[2025-08-19T03:21:17.773+0000] {processor.py:183} INFO - Processing /home/airflow/.local/lib/python3.12/site-packages/airflow/example_dags/example_short_circuit_operator.py took 0.097 seconds
[2025-08-19T03:21:48.340+0000] {processor.py:161} INFO - Started process (PID=23470) to work on /home/airflow/.local/lib/python3.12/site-packages/airflow/example_dags/example_short_circuit_operator.py
[2025-08-19T03:21:48.342+0000] {processor.py:830} INFO - Processing file /home/airflow/.local/lib/python3.12/site-packages/airflow/example_dags/example_short_circuit_operator.py for tasks to queue
[2025-08-19T03:21:48.344+0000] {logging_mixin.py:188} INFO - [2025-08-19T03:21:48.343+0000] {dagbag.py:545} INFO - Filling up the DagBag from /home/airflow/.local/lib/python3.12/site-packages/airflow/example_dags/example_short_circuit_operator.py
[2025-08-19T03:21:48.353+0000] {processor.py:840} INFO - DAG(s) 'example_short_circuit_operator' retrieved from /home/airflow/.local/lib/python3.12/site-packages/airflow/example_dags/example_short_circuit_operator.py
[2025-08-19T03:21:48.377+0000] {logging_mixin.py:188} INFO - [2025-08-19T03:21:48.377+0000] {dag.py:3096} INFO - Sync 1 DAGs
[2025-08-19T03:21:48.400+0000] {logging_mixin.py:188} INFO - [2025-08-19T03:21:48.400+0000] {dag.py:3954} INFO - Setting next_dagrun for example_short_circuit_operator to 2025-08-18 00:00:00+00:00, run_after=2025-08-19 00:00:00+00:00
[2025-08-19T03:21:48.425+0000] {processor.py:183} INFO - Processing /home/airflow/.local/lib/python3.12/site-packages/airflow/example_dags/example_short_circuit_operator.py took 0.091 seconds
[2025-08-19T03:22:18.873+0000] {processor.py:161} INFO - Started process (PID=23523) to work on /home/airflow/.local/lib/python3.12/site-packages/airflow/example_dags/example_short_circuit_operator.py
[2025-08-19T03:22:18.874+0000] {processor.py:830} INFO - Processing file /home/airflow/.local/lib/python3.12/site-packages/airflow/example_dags/example_short_circuit_operator.py for tasks to queue
[2025-08-19T03:22:18.876+0000] {logging_mixin.py:188} INFO - [2025-08-19T03:22:18.875+0000] {dagbag.py:545} INFO - Filling up the DagBag from /home/airflow/.local/lib/python3.12/site-packages/airflow/example_dags/example_short_circuit_operator.py
[2025-08-19T03:22:18.885+0000] {processor.py:840} INFO - DAG(s) 'example_short_circuit_operator' retrieved from /home/airflow/.local/lib/python3.12/site-packages/airflow/example_dags/example_short_circuit_operator.py
[2025-08-19T03:22:18.908+0000] {logging_mixin.py:188} INFO - [2025-08-19T03:22:18.907+0000] {dag.py:3096} INFO - Sync 1 DAGs
[2025-08-19T03:22:18.929+0000] {logging_mixin.py:188} INFO - [2025-08-19T03:22:18.929+0000] {dag.py:3954} INFO - Setting next_dagrun for example_short_circuit_operator to 2025-08-18 00:00:00+00:00, run_after=2025-08-19 00:00:00+00:00
[2025-08-19T03:22:18.954+0000] {processor.py:183} INFO - Processing /home/airflow/.local/lib/python3.12/site-packages/airflow/example_dags/example_short_circuit_operator.py took 0.087 seconds
[2025-08-19T03:22:49.349+0000] {processor.py:161} INFO - Started process (PID=23576) to work on /home/airflow/.local/lib/python3.12/site-packages/airflow/example_dags/example_short_circuit_operator.py
[2025-08-19T03:22:49.351+0000] {processor.py:830} INFO - Processing file /home/airflow/.local/lib/python3.12/site-packages/airflow/example_dags/example_short_circuit_operator.py for tasks to queue
[2025-08-19T03:22:49.352+0000] {logging_mixin.py:188} INFO - [2025-08-19T03:22:49.352+0000] {dagbag.py:545} INFO - Filling up the DagBag from /home/airflow/.local/lib/python3.12/site-packages/airflow/example_dags/example_short_circuit_operator.py
[2025-08-19T03:22:49.360+0000] {processor.py:840} INFO - DAG(s) 'example_short_circuit_operator' retrieved from /home/airflow/.local/lib/python3.12/site-packages/airflow/example_dags/example_short_circuit_operator.py
[2025-08-19T03:22:49.383+0000] {logging_mixin.py:188} INFO - [2025-08-19T03:22:49.382+0000] {dag.py:3096} INFO - Sync 1 DAGs
[2025-08-19T03:22:49.405+0000] {logging_mixin.py:188} INFO - [2025-08-19T03:22:49.405+0000] {dag.py:3954} INFO - Setting next_dagrun for example_short_circuit_operator to 2025-08-18 00:00:00+00:00, run_after=2025-08-19 00:00:00+00:00
[2025-08-19T03:22:49.433+0000] {processor.py:183} INFO - Processing /home/airflow/.local/lib/python3.12/site-packages/airflow/example_dags/example_short_circuit_operator.py took 0.089 seconds
[2025-08-19T03:23:19.792+0000] {processor.py:161} INFO - Started process (PID=23629) to work on /home/airflow/.local/lib/python3.12/site-packages/airflow/example_dags/example_short_circuit_operator.py
[2025-08-19T03:23:19.794+0000] {processor.py:830} INFO - Processing file /home/airflow/.local/lib/python3.12/site-packages/airflow/example_dags/example_short_circuit_operator.py for tasks to queue
[2025-08-19T03:23:19.795+0000] {logging_mixin.py:188} INFO - [2025-08-19T03:23:19.795+0000] {dagbag.py:545} INFO - Filling up the DagBag from /home/airflow/.local/lib/python3.12/site-packages/airflow/example_dags/example_short_circuit_operator.py
[2025-08-19T03:23:19.803+0000] {processor.py:840} INFO - DAG(s) 'example_short_circuit_operator' retrieved from /home/airflow/.local/lib/python3.12/site-packages/airflow/example_dags/example_short_circuit_operator.py
[2025-08-19T03:23:19.826+0000] {logging_mixin.py:188} INFO - [2025-08-19T03:23:19.826+0000] {dag.py:3096} INFO - Sync 1 DAGs
[2025-08-19T03:23:19.848+0000] {logging_mixin.py:188} INFO - [2025-08-19T03:23:19.848+0000] {dag.py:3954} INFO - Setting next_dagrun for example_short_circuit_operator to 2025-08-18 00:00:00+00:00, run_after=2025-08-19 00:00:00+00:00
[2025-08-19T03:23:19.875+0000] {processor.py:183} INFO - Processing /home/airflow/.local/lib/python3.12/site-packages/airflow/example_dags/example_short_circuit_operator.py took 0.088 seconds
[2025-08-19T03:23:50.253+0000] {processor.py:161} INFO - Started process (PID=23682) to work on /home/airflow/.local/lib/python3.12/site-packages/airflow/example_dags/example_short_circuit_operator.py
[2025-08-19T03:23:50.254+0000] {processor.py:830} INFO - Processing file /home/airflow/.local/lib/python3.12/site-packages/airflow/example_dags/example_short_circuit_operator.py for tasks to queue
[2025-08-19T03:23:50.255+0000] {logging_mixin.py:188} INFO - [2025-08-19T03:23:50.255+0000] {dagbag.py:545} INFO - Filling up the DagBag from /home/airflow/.local/lib/python3.12/site-packages/airflow/example_dags/example_short_circuit_operator.py
[2025-08-19T03:23:50.263+0000] {processor.py:840} INFO - DAG(s) 'example_short_circuit_operator' retrieved from /home/airflow/.local/lib/python3.12/site-packages/airflow/example_dags/example_short_circuit_operator.py
[2025-08-19T03:23:50.288+0000] {logging_mixin.py:188} INFO - [2025-08-19T03:23:50.288+0000] {dag.py:3096} INFO - Sync 1 DAGs
[2025-08-19T03:23:50.310+0000] {logging_mixin.py:188} INFO - [2025-08-19T03:23:50.310+0000] {dag.py:3954} INFO - Setting next_dagrun for example_short_circuit_operator to 2025-08-18 00:00:00+00:00, run_after=2025-08-19 00:00:00+00:00
[2025-08-19T03:23:50.334+0000] {processor.py:183} INFO - Processing /home/airflow/.local/lib/python3.12/site-packages/airflow/example_dags/example_short_circuit_operator.py took 0.087 seconds
[2025-08-19T03:24:20.904+0000] {processor.py:161} INFO - Started process (PID=23735) to work on /home/airflow/.local/lib/python3.12/site-packages/airflow/example_dags/example_short_circuit_operator.py
[2025-08-19T03:24:20.906+0000] {processor.py:830} INFO - Processing file /home/airflow/.local/lib/python3.12/site-packages/airflow/example_dags/example_short_circuit_operator.py for tasks to queue
[2025-08-19T03:24:20.907+0000] {logging_mixin.py:188} INFO - [2025-08-19T03:24:20.907+0000] {dagbag.py:545} INFO - Filling up the DagBag from /home/airflow/.local/lib/python3.12/site-packages/airflow/example_dags/example_short_circuit_operator.py
[2025-08-19T03:24:20.915+0000] {processor.py:840} INFO - DAG(s) 'example_short_circuit_operator' retrieved from /home/airflow/.local/lib/python3.12/site-packages/airflow/example_dags/example_short_circuit_operator.py
[2025-08-19T03:24:20.937+0000] {logging_mixin.py:188} INFO - [2025-08-19T03:24:20.937+0000] {dag.py:3096} INFO - Sync 1 DAGs
[2025-08-19T03:24:20.959+0000] {logging_mixin.py:188} INFO - [2025-08-19T03:24:20.959+0000] {dag.py:3954} INFO - Setting next_dagrun for example_short_circuit_operator to 2025-08-18 00:00:00+00:00, run_after=2025-08-19 00:00:00+00:00
[2025-08-19T03:24:20.981+0000] {processor.py:183} INFO - Processing /home/airflow/.local/lib/python3.12/site-packages/airflow/example_dags/example_short_circuit_operator.py took 0.082 seconds
[2025-08-19T03:24:51.535+0000] {processor.py:161} INFO - Started process (PID=23788) to work on /home/airflow/.local/lib/python3.12/site-packages/airflow/example_dags/example_short_circuit_operator.py
[2025-08-19T03:24:51.536+0000] {processor.py:830} INFO - Processing file /home/airflow/.local/lib/python3.12/site-packages/airflow/example_dags/example_short_circuit_operator.py for tasks to queue
[2025-08-19T03:24:51.538+0000] {logging_mixin.py:188} INFO - [2025-08-19T03:24:51.537+0000] {dagbag.py:545} INFO - Filling up the DagBag from /home/airflow/.local/lib/python3.12/site-packages/airflow/example_dags/example_short_circuit_operator.py
[2025-08-19T03:24:51.547+0000] {processor.py:840} INFO - DAG(s) 'example_short_circuit_operator' retrieved from /home/airflow/.local/lib/python3.12/site-packages/airflow/example_dags/example_short_circuit_operator.py
[2025-08-19T03:24:51.572+0000] {logging_mixin.py:188} INFO - [2025-08-19T03:24:51.572+0000] {dag.py:3096} INFO - Sync 1 DAGs
[2025-08-19T03:24:51.595+0000] {logging_mixin.py:188} INFO - [2025-08-19T03:24:51.594+0000] {dag.py:3954} INFO - Setting next_dagrun for example_short_circuit_operator to 2025-08-18 00:00:00+00:00, run_after=2025-08-19 00:00:00+00:00
[2025-08-19T03:24:51.622+0000] {processor.py:183} INFO - Processing /home/airflow/.local/lib/python3.12/site-packages/airflow/example_dags/example_short_circuit_operator.py took 0.094 seconds
[2025-08-19T03:25:22.129+0000] {processor.py:161} INFO - Started process (PID=23841) to work on /home/airflow/.local/lib/python3.12/site-packages/airflow/example_dags/example_short_circuit_operator.py
[2025-08-19T03:25:22.130+0000] {processor.py:830} INFO - Processing file /home/airflow/.local/lib/python3.12/site-packages/airflow/example_dags/example_short_circuit_operator.py for tasks to queue
[2025-08-19T03:25:22.132+0000] {logging_mixin.py:188} INFO - [2025-08-19T03:25:22.131+0000] {dagbag.py:545} INFO - Filling up the DagBag from /home/airflow/.local/lib/python3.12/site-packages/airflow/example_dags/example_short_circuit_operator.py
[2025-08-19T03:25:22.140+0000] {processor.py:840} INFO - DAG(s) 'example_short_circuit_operator' retrieved from /home/airflow/.local/lib/python3.12/site-packages/airflow/example_dags/example_short_circuit_operator.py
[2025-08-19T03:25:22.162+0000] {logging_mixin.py:188} INFO - [2025-08-19T03:25:22.162+0000] {dag.py:3096} INFO - Sync 1 DAGs
[2025-08-19T03:25:22.194+0000] {logging_mixin.py:188} INFO - [2025-08-19T03:25:22.193+0000] {dag.py:3954} INFO - Setting next_dagrun for example_short_circuit_operator to 2025-08-18 00:00:00+00:00, run_after=2025-08-19 00:00:00+00:00
[2025-08-19T03:25:22.220+0000] {processor.py:183} INFO - Processing /home/airflow/.local/lib/python3.12/site-packages/airflow/example_dags/example_short_circuit_operator.py took 0.097 seconds
[2025-08-19T03:25:52.508+0000] {processor.py:161} INFO - Started process (PID=23894) to work on /home/airflow/.local/lib/python3.12/site-packages/airflow/example_dags/example_short_circuit_operator.py
[2025-08-19T03:25:52.509+0000] {processor.py:830} INFO - Processing file /home/airflow/.local/lib/python3.12/site-packages/airflow/example_dags/example_short_circuit_operator.py for tasks to queue
[2025-08-19T03:25:52.511+0000] {logging_mixin.py:188} INFO - [2025-08-19T03:25:52.510+0000] {dagbag.py:545} INFO - Filling up the DagBag from /home/airflow/.local/lib/python3.12/site-packages/airflow/example_dags/example_short_circuit_operator.py
[2025-08-19T03:25:52.520+0000] {processor.py:840} INFO - DAG(s) 'example_short_circuit_operator' retrieved from /home/airflow/.local/lib/python3.12/site-packages/airflow/example_dags/example_short_circuit_operator.py
[2025-08-19T03:25:52.543+0000] {logging_mixin.py:188} INFO - [2025-08-19T03:25:52.543+0000] {dag.py:3096} INFO - Sync 1 DAGs
[2025-08-19T03:25:52.564+0000] {logging_mixin.py:188} INFO - [2025-08-19T03:25:52.563+0000] {dag.py:3954} INFO - Setting next_dagrun for example_short_circuit_operator to 2025-08-18 00:00:00+00:00, run_after=2025-08-19 00:00:00+00:00
[2025-08-19T03:25:52.587+0000] {processor.py:183} INFO - Processing /home/airflow/.local/lib/python3.12/site-packages/airflow/example_dags/example_short_circuit_operator.py took 0.085 seconds
[2025-08-19T03:26:22.812+0000] {processor.py:161} INFO - Started process (PID=23947) to work on /home/airflow/.local/lib/python3.12/site-packages/airflow/example_dags/example_short_circuit_operator.py
[2025-08-19T03:26:22.813+0000] {processor.py:830} INFO - Processing file /home/airflow/.local/lib/python3.12/site-packages/airflow/example_dags/example_short_circuit_operator.py for tasks to queue
[2025-08-19T03:26:22.815+0000] {logging_mixin.py:188} INFO - [2025-08-19T03:26:22.814+0000] {dagbag.py:545} INFO - Filling up the DagBag from /home/airflow/.local/lib/python3.12/site-packages/airflow/example_dags/example_short_circuit_operator.py
[2025-08-19T03:26:22.823+0000] {processor.py:840} INFO - DAG(s) 'example_short_circuit_operator' retrieved from /home/airflow/.local/lib/python3.12/site-packages/airflow/example_dags/example_short_circuit_operator.py
[2025-08-19T03:26:22.846+0000] {logging_mixin.py:188} INFO - [2025-08-19T03:26:22.845+0000] {dag.py:3096} INFO - Sync 1 DAGs
[2025-08-19T03:26:22.868+0000] {logging_mixin.py:188} INFO - [2025-08-19T03:26:22.867+0000] {dag.py:3954} INFO - Setting next_dagrun for example_short_circuit_operator to 2025-08-18 00:00:00+00:00, run_after=2025-08-19 00:00:00+00:00
[2025-08-19T03:26:22.894+0000] {processor.py:183} INFO - Processing /home/airflow/.local/lib/python3.12/site-packages/airflow/example_dags/example_short_circuit_operator.py took 0.090 seconds
[2025-08-19T03:26:53.396+0000] {processor.py:161} INFO - Started process (PID=24000) to work on /home/airflow/.local/lib/python3.12/site-packages/airflow/example_dags/example_short_circuit_operator.py
[2025-08-19T03:26:53.397+0000] {processor.py:830} INFO - Processing file /home/airflow/.local/lib/python3.12/site-packages/airflow/example_dags/example_short_circuit_operator.py for tasks to queue
[2025-08-19T03:26:53.398+0000] {logging_mixin.py:188} INFO - [2025-08-19T03:26:53.398+0000] {dagbag.py:545} INFO - Filling up the DagBag from /home/airflow/.local/lib/python3.12/site-packages/airflow/example_dags/example_short_circuit_operator.py
[2025-08-19T03:26:53.407+0000] {processor.py:840} INFO - DAG(s) 'example_short_circuit_operator' retrieved from /home/airflow/.local/lib/python3.12/site-packages/airflow/example_dags/example_short_circuit_operator.py
[2025-08-19T03:26:53.430+0000] {logging_mixin.py:188} INFO - [2025-08-19T03:26:53.430+0000] {dag.py:3096} INFO - Sync 1 DAGs
[2025-08-19T03:26:53.453+0000] {logging_mixin.py:188} INFO - [2025-08-19T03:26:53.453+0000] {dag.py:3954} INFO - Setting next_dagrun for example_short_circuit_operator to 2025-08-18 00:00:00+00:00, run_after=2025-08-19 00:00:00+00:00
[2025-08-19T03:26:53.477+0000] {processor.py:183} INFO - Processing /home/airflow/.local/lib/python3.12/site-packages/airflow/example_dags/example_short_circuit_operator.py took 0.088 seconds
[2025-08-19T03:27:23.846+0000] {processor.py:161} INFO - Started process (PID=24053) to work on /home/airflow/.local/lib/python3.12/site-packages/airflow/example_dags/example_short_circuit_operator.py
[2025-08-19T03:27:23.847+0000] {processor.py:830} INFO - Processing file /home/airflow/.local/lib/python3.12/site-packages/airflow/example_dags/example_short_circuit_operator.py for tasks to queue
[2025-08-19T03:27:23.848+0000] {logging_mixin.py:188} INFO - [2025-08-19T03:27:23.848+0000] {dagbag.py:545} INFO - Filling up the DagBag from /home/airflow/.local/lib/python3.12/site-packages/airflow/example_dags/example_short_circuit_operator.py
[2025-08-19T03:27:23.857+0000] {processor.py:840} INFO - DAG(s) 'example_short_circuit_operator' retrieved from /home/airflow/.local/lib/python3.12/site-packages/airflow/example_dags/example_short_circuit_operator.py
[2025-08-19T03:27:23.881+0000] {logging_mixin.py:188} INFO - [2025-08-19T03:27:23.881+0000] {dag.py:3096} INFO - Sync 1 DAGs
[2025-08-19T03:27:23.904+0000] {logging_mixin.py:188} INFO - [2025-08-19T03:27:23.903+0000] {dag.py:3954} INFO - Setting next_dagrun for example_short_circuit_operator to 2025-08-18 00:00:00+00:00, run_after=2025-08-19 00:00:00+00:00
[2025-08-19T03:27:23.928+0000] {processor.py:183} INFO - Processing /home/airflow/.local/lib/python3.12/site-packages/airflow/example_dags/example_short_circuit_operator.py took 0.089 seconds
[2025-08-19T03:27:54.379+0000] {processor.py:161} INFO - Started process (PID=24106) to work on /home/airflow/.local/lib/python3.12/site-packages/airflow/example_dags/example_short_circuit_operator.py
[2025-08-19T03:27:54.380+0000] {processor.py:830} INFO - Processing file /home/airflow/.local/lib/python3.12/site-packages/airflow/example_dags/example_short_circuit_operator.py for tasks to queue
[2025-08-19T03:27:54.381+0000] {logging_mixin.py:188} INFO - [2025-08-19T03:27:54.381+0000] {dagbag.py:545} INFO - Filling up the DagBag from /home/airflow/.local/lib/python3.12/site-packages/airflow/example_dags/example_short_circuit_operator.py
[2025-08-19T03:27:54.389+0000] {processor.py:840} INFO - DAG(s) 'example_short_circuit_operator' retrieved from /home/airflow/.local/lib/python3.12/site-packages/airflow/example_dags/example_short_circuit_operator.py
[2025-08-19T03:27:54.412+0000] {logging_mixin.py:188} INFO - [2025-08-19T03:27:54.412+0000] {dag.py:3096} INFO - Sync 1 DAGs
[2025-08-19T03:27:54.433+0000] {logging_mixin.py:188} INFO - [2025-08-19T03:27:54.433+0000] {dag.py:3954} INFO - Setting next_dagrun for example_short_circuit_operator to 2025-08-18 00:00:00+00:00, run_after=2025-08-19 00:00:00+00:00
[2025-08-19T03:27:54.457+0000] {processor.py:183} INFO - Processing /home/airflow/.local/lib/python3.12/site-packages/airflow/example_dags/example_short_circuit_operator.py took 0.085 seconds
[2025-08-19T03:28:24.797+0000] {processor.py:161} INFO - Started process (PID=24159) to work on /home/airflow/.local/lib/python3.12/site-packages/airflow/example_dags/example_short_circuit_operator.py
[2025-08-19T03:28:24.798+0000] {processor.py:830} INFO - Processing file /home/airflow/.local/lib/python3.12/site-packages/airflow/example_dags/example_short_circuit_operator.py for tasks to queue
[2025-08-19T03:28:24.799+0000] {logging_mixin.py:188} INFO - [2025-08-19T03:28:24.799+0000] {dagbag.py:545} INFO - Filling up the DagBag from /home/airflow/.local/lib/python3.12/site-packages/airflow/example_dags/example_short_circuit_operator.py
[2025-08-19T03:28:24.808+0000] {processor.py:840} INFO - DAG(s) 'example_short_circuit_operator' retrieved from /home/airflow/.local/lib/python3.12/site-packages/airflow/example_dags/example_short_circuit_operator.py
[2025-08-19T03:28:24.832+0000] {logging_mixin.py:188} INFO - [2025-08-19T03:28:24.832+0000] {dag.py:3096} INFO - Sync 1 DAGs
[2025-08-19T03:28:24.855+0000] {logging_mixin.py:188} INFO - [2025-08-19T03:28:24.855+0000] {dag.py:3954} INFO - Setting next_dagrun for example_short_circuit_operator to 2025-08-18 00:00:00+00:00, run_after=2025-08-19 00:00:00+00:00
[2025-08-19T03:28:24.875+0000] {processor.py:183} INFO - Processing /home/airflow/.local/lib/python3.12/site-packages/airflow/example_dags/example_short_circuit_operator.py took 0.085 seconds
[2025-08-19T03:28:55.238+0000] {processor.py:161} INFO - Started process (PID=24212) to work on /home/airflow/.local/lib/python3.12/site-packages/airflow/example_dags/example_short_circuit_operator.py
[2025-08-19T03:28:55.239+0000] {processor.py:830} INFO - Processing file /home/airflow/.local/lib/python3.12/site-packages/airflow/example_dags/example_short_circuit_operator.py for tasks to queue
[2025-08-19T03:28:55.241+0000] {logging_mixin.py:188} INFO - [2025-08-19T03:28:55.240+0000] {dagbag.py:545} INFO - Filling up the DagBag from /home/airflow/.local/lib/python3.12/site-packages/airflow/example_dags/example_short_circuit_operator.py
[2025-08-19T03:28:55.248+0000] {processor.py:840} INFO - DAG(s) 'example_short_circuit_operator' retrieved from /home/airflow/.local/lib/python3.12/site-packages/airflow/example_dags/example_short_circuit_operator.py
[2025-08-19T03:28:55.271+0000] {logging_mixin.py:188} INFO - [2025-08-19T03:28:55.271+0000] {dag.py:3096} INFO - Sync 1 DAGs
[2025-08-19T03:28:55.293+0000] {logging_mixin.py:188} INFO - [2025-08-19T03:28:55.293+0000] {dag.py:3954} INFO - Setting next_dagrun for example_short_circuit_operator to 2025-08-18 00:00:00+00:00, run_after=2025-08-19 00:00:00+00:00
[2025-08-19T03:28:55.316+0000] {processor.py:183} INFO - Processing /home/airflow/.local/lib/python3.12/site-packages/airflow/example_dags/example_short_circuit_operator.py took 0.085 seconds
[2025-08-19T03:29:25.625+0000] {processor.py:161} INFO - Started process (PID=24265) to work on /home/airflow/.local/lib/python3.12/site-packages/airflow/example_dags/example_short_circuit_operator.py
[2025-08-19T03:29:25.626+0000] {processor.py:830} INFO - Processing file /home/airflow/.local/lib/python3.12/site-packages/airflow/example_dags/example_short_circuit_operator.py for tasks to queue
[2025-08-19T03:29:25.627+0000] {logging_mixin.py:188} INFO - [2025-08-19T03:29:25.627+0000] {dagbag.py:545} INFO - Filling up the DagBag from /home/airflow/.local/lib/python3.12/site-packages/airflow/example_dags/example_short_circuit_operator.py
[2025-08-19T03:29:25.635+0000] {processor.py:840} INFO - DAG(s) 'example_short_circuit_operator' retrieved from /home/airflow/.local/lib/python3.12/site-packages/airflow/example_dags/example_short_circuit_operator.py
[2025-08-19T03:29:25.659+0000] {logging_mixin.py:188} INFO - [2025-08-19T03:29:25.658+0000] {dag.py:3096} INFO - Sync 1 DAGs
[2025-08-19T03:29:25.681+0000] {logging_mixin.py:188} INFO - [2025-08-19T03:29:25.680+0000] {dag.py:3954} INFO - Setting next_dagrun for example_short_circuit_operator to 2025-08-18 00:00:00+00:00, run_after=2025-08-19 00:00:00+00:00
[2025-08-19T03:29:25.703+0000] {processor.py:183} INFO - Processing /home/airflow/.local/lib/python3.12/site-packages/airflow/example_dags/example_short_circuit_operator.py took 0.085 seconds
[2025-08-19T03:29:55.967+0000] {processor.py:161} INFO - Started process (PID=24318) to work on /home/airflow/.local/lib/python3.12/site-packages/airflow/example_dags/example_short_circuit_operator.py
[2025-08-19T03:29:55.968+0000] {processor.py:830} INFO - Processing file /home/airflow/.local/lib/python3.12/site-packages/airflow/example_dags/example_short_circuit_operator.py for tasks to queue
[2025-08-19T03:29:55.970+0000] {logging_mixin.py:188} INFO - [2025-08-19T03:29:55.969+0000] {dagbag.py:545} INFO - Filling up the DagBag from /home/airflow/.local/lib/python3.12/site-packages/airflow/example_dags/example_short_circuit_operator.py
[2025-08-19T03:29:55.979+0000] {processor.py:840} INFO - DAG(s) 'example_short_circuit_operator' retrieved from /home/airflow/.local/lib/python3.12/site-packages/airflow/example_dags/example_short_circuit_operator.py
[2025-08-19T03:29:56.004+0000] {logging_mixin.py:188} INFO - [2025-08-19T03:29:56.004+0000] {dag.py:3096} INFO - Sync 1 DAGs
[2025-08-19T03:29:56.029+0000] {logging_mixin.py:188} INFO - [2025-08-19T03:29:56.028+0000] {dag.py:3954} INFO - Setting next_dagrun for example_short_circuit_operator to 2025-08-18 00:00:00+00:00, run_after=2025-08-19 00:00:00+00:00
[2025-08-19T03:29:56.055+0000] {processor.py:183} INFO - Processing /home/airflow/.local/lib/python3.12/site-packages/airflow/example_dags/example_short_circuit_operator.py took 0.094 seconds
[2025-08-19T03:30:26.478+0000] {processor.py:161} INFO - Started process (PID=24371) to work on /home/airflow/.local/lib/python3.12/site-packages/airflow/example_dags/example_short_circuit_operator.py
[2025-08-19T03:30:26.480+0000] {processor.py:830} INFO - Processing file /home/airflow/.local/lib/python3.12/site-packages/airflow/example_dags/example_short_circuit_operator.py for tasks to queue
[2025-08-19T03:30:26.481+0000] {logging_mixin.py:188} INFO - [2025-08-19T03:30:26.481+0000] {dagbag.py:545} INFO - Filling up the DagBag from /home/airflow/.local/lib/python3.12/site-packages/airflow/example_dags/example_short_circuit_operator.py
[2025-08-19T03:30:26.490+0000] {processor.py:840} INFO - DAG(s) 'example_short_circuit_operator' retrieved from /home/airflow/.local/lib/python3.12/site-packages/airflow/example_dags/example_short_circuit_operator.py
[2025-08-19T03:30:26.513+0000] {logging_mixin.py:188} INFO - [2025-08-19T03:30:26.513+0000] {dag.py:3096} INFO - Sync 1 DAGs
[2025-08-19T03:30:26.534+0000] {logging_mixin.py:188} INFO - [2025-08-19T03:30:26.534+0000] {dag.py:3954} INFO - Setting next_dagrun for example_short_circuit_operator to 2025-08-18 00:00:00+00:00, run_after=2025-08-19 00:00:00+00:00
[2025-08-19T03:30:26.555+0000] {processor.py:183} INFO - Processing /home/airflow/.local/lib/python3.12/site-packages/airflow/example_dags/example_short_circuit_operator.py took 0.082 seconds
[2025-08-19T03:30:57.040+0000] {processor.py:161} INFO - Started process (PID=24424) to work on /home/airflow/.local/lib/python3.12/site-packages/airflow/example_dags/example_short_circuit_operator.py
[2025-08-19T03:30:57.042+0000] {processor.py:830} INFO - Processing file /home/airflow/.local/lib/python3.12/site-packages/airflow/example_dags/example_short_circuit_operator.py for tasks to queue
[2025-08-19T03:30:57.043+0000] {logging_mixin.py:188} INFO - [2025-08-19T03:30:57.042+0000] {dagbag.py:545} INFO - Filling up the DagBag from /home/airflow/.local/lib/python3.12/site-packages/airflow/example_dags/example_short_circuit_operator.py
[2025-08-19T03:30:57.053+0000] {processor.py:840} INFO - DAG(s) 'example_short_circuit_operator' retrieved from /home/airflow/.local/lib/python3.12/site-packages/airflow/example_dags/example_short_circuit_operator.py
[2025-08-19T03:30:57.077+0000] {logging_mixin.py:188} INFO - [2025-08-19T03:30:57.077+0000] {dag.py:3096} INFO - Sync 1 DAGs
[2025-08-19T03:30:57.098+0000] {logging_mixin.py:188} INFO - [2025-08-19T03:30:57.098+0000] {dag.py:3954} INFO - Setting next_dagrun for example_short_circuit_operator to 2025-08-18 00:00:00+00:00, run_after=2025-08-19 00:00:00+00:00
[2025-08-19T03:30:57.121+0000] {processor.py:183} INFO - Processing /home/airflow/.local/lib/python3.12/site-packages/airflow/example_dags/example_short_circuit_operator.py took 0.087 seconds
[2025-08-19T03:31:27.241+0000] {processor.py:161} INFO - Started process (PID=24477) to work on /home/airflow/.local/lib/python3.12/site-packages/airflow/example_dags/example_short_circuit_operator.py
[2025-08-19T03:31:27.242+0000] {processor.py:830} INFO - Processing file /home/airflow/.local/lib/python3.12/site-packages/airflow/example_dags/example_short_circuit_operator.py for tasks to queue
[2025-08-19T03:31:27.244+0000] {logging_mixin.py:188} INFO - [2025-08-19T03:31:27.244+0000] {dagbag.py:545} INFO - Filling up the DagBag from /home/airflow/.local/lib/python3.12/site-packages/airflow/example_dags/example_short_circuit_operator.py
[2025-08-19T03:31:27.254+0000] {processor.py:840} INFO - DAG(s) 'example_short_circuit_operator' retrieved from /home/airflow/.local/lib/python3.12/site-packages/airflow/example_dags/example_short_circuit_operator.py
[2025-08-19T03:31:27.278+0000] {logging_mixin.py:188} INFO - [2025-08-19T03:31:27.278+0000] {dag.py:3096} INFO - Sync 1 DAGs
[2025-08-19T03:31:27.301+0000] {logging_mixin.py:188} INFO - [2025-08-19T03:31:27.300+0000] {dag.py:3954} INFO - Setting next_dagrun for example_short_circuit_operator to 2025-08-18 00:00:00+00:00, run_after=2025-08-19 00:00:00+00:00
[2025-08-19T03:31:27.322+0000] {processor.py:183} INFO - Processing /home/airflow/.local/lib/python3.12/site-packages/airflow/example_dags/example_short_circuit_operator.py took 0.087 seconds
[2025-08-19T03:31:57.723+0000] {processor.py:161} INFO - Started process (PID=24530) to work on /home/airflow/.local/lib/python3.12/site-packages/airflow/example_dags/example_short_circuit_operator.py
[2025-08-19T03:31:57.724+0000] {processor.py:830} INFO - Processing file /home/airflow/.local/lib/python3.12/site-packages/airflow/example_dags/example_short_circuit_operator.py for tasks to queue
[2025-08-19T03:31:57.726+0000] {logging_mixin.py:188} INFO - [2025-08-19T03:31:57.725+0000] {dagbag.py:545} INFO - Filling up the DagBag from /home/airflow/.local/lib/python3.12/site-packages/airflow/example_dags/example_short_circuit_operator.py
[2025-08-19T03:31:57.734+0000] {processor.py:840} INFO - DAG(s) 'example_short_circuit_operator' retrieved from /home/airflow/.local/lib/python3.12/site-packages/airflow/example_dags/example_short_circuit_operator.py
[2025-08-19T03:31:57.756+0000] {logging_mixin.py:188} INFO - [2025-08-19T03:31:57.756+0000] {dag.py:3096} INFO - Sync 1 DAGs
[2025-08-19T03:31:57.778+0000] {logging_mixin.py:188} INFO - [2025-08-19T03:31:57.778+0000] {dag.py:3954} INFO - Setting next_dagrun for example_short_circuit_operator to 2025-08-18 00:00:00+00:00, run_after=2025-08-19 00:00:00+00:00
[2025-08-19T03:31:57.803+0000] {processor.py:183} INFO - Processing /home/airflow/.local/lib/python3.12/site-packages/airflow/example_dags/example_short_circuit_operator.py took 0.086 seconds
[2025-08-19T03:32:28.179+0000] {processor.py:161} INFO - Started process (PID=24583) to work on /home/airflow/.local/lib/python3.12/site-packages/airflow/example_dags/example_short_circuit_operator.py
[2025-08-19T03:32:28.181+0000] {processor.py:830} INFO - Processing file /home/airflow/.local/lib/python3.12/site-packages/airflow/example_dags/example_short_circuit_operator.py for tasks to queue
[2025-08-19T03:32:28.183+0000] {logging_mixin.py:188} INFO - [2025-08-19T03:32:28.182+0000] {dagbag.py:545} INFO - Filling up the DagBag from /home/airflow/.local/lib/python3.12/site-packages/airflow/example_dags/example_short_circuit_operator.py
[2025-08-19T03:32:28.191+0000] {processor.py:840} INFO - DAG(s) 'example_short_circuit_operator' retrieved from /home/airflow/.local/lib/python3.12/site-packages/airflow/example_dags/example_short_circuit_operator.py
[2025-08-19T03:32:28.216+0000] {logging_mixin.py:188} INFO - [2025-08-19T03:32:28.215+0000] {dag.py:3096} INFO - Sync 1 DAGs
[2025-08-19T03:32:28.239+0000] {logging_mixin.py:188} INFO - [2025-08-19T03:32:28.239+0000] {dag.py:3954} INFO - Setting next_dagrun for example_short_circuit_operator to 2025-08-18 00:00:00+00:00, run_after=2025-08-19 00:00:00+00:00
[2025-08-19T03:32:28.264+0000] {processor.py:183} INFO - Processing /home/airflow/.local/lib/python3.12/site-packages/airflow/example_dags/example_short_circuit_operator.py took 0.092 seconds
[2025-08-19T03:32:59.453+0000] {processor.py:161} INFO - Started process (PID=24636) to work on /home/airflow/.local/lib/python3.12/site-packages/airflow/example_dags/example_short_circuit_operator.py
[2025-08-19T03:32:59.456+0000] {processor.py:830} INFO - Processing file /home/airflow/.local/lib/python3.12/site-packages/airflow/example_dags/example_short_circuit_operator.py for tasks to queue
[2025-08-19T03:32:59.458+0000] {logging_mixin.py:188} INFO - [2025-08-19T03:32:59.457+0000] {dagbag.py:545} INFO - Filling up the DagBag from /home/airflow/.local/lib/python3.12/site-packages/airflow/example_dags/example_short_circuit_operator.py
[2025-08-19T03:32:59.474+0000] {processor.py:840} INFO - DAG(s) 'example_short_circuit_operator' retrieved from /home/airflow/.local/lib/python3.12/site-packages/airflow/example_dags/example_short_circuit_operator.py
[2025-08-19T03:32:59.518+0000] {logging_mixin.py:188} INFO - [2025-08-19T03:32:59.517+0000] {dag.py:3096} INFO - Sync 1 DAGs
[2025-08-19T03:32:59.561+0000] {logging_mixin.py:188} INFO - [2025-08-19T03:32:59.560+0000] {dag.py:3954} INFO - Setting next_dagrun for example_short_circuit_operator to 2025-08-18 00:00:00+00:00, run_after=2025-08-19 00:00:00+00:00
[2025-08-19T03:32:59.608+0000] {processor.py:183} INFO - Processing /home/airflow/.local/lib/python3.12/site-packages/airflow/example_dags/example_short_circuit_operator.py took 0.166 seconds
[2025-08-19T03:33:32.769+0000] {processor.py:161} INFO - Started process (PID=24690) to work on /home/airflow/.local/lib/python3.12/site-packages/airflow/example_dags/example_short_circuit_operator.py
[2025-08-19T03:33:32.774+0000] {processor.py:830} INFO - Processing file /home/airflow/.local/lib/python3.12/site-packages/airflow/example_dags/example_short_circuit_operator.py for tasks to queue
[2025-08-19T03:33:32.778+0000] {logging_mixin.py:188} INFO - [2025-08-19T03:33:32.777+0000] {dagbag.py:545} INFO - Filling up the DagBag from /home/airflow/.local/lib/python3.12/site-packages/airflow/example_dags/example_short_circuit_operator.py
[2025-08-19T03:33:32.819+0000] {processor.py:840} INFO - DAG(s) 'example_short_circuit_operator' retrieved from /home/airflow/.local/lib/python3.12/site-packages/airflow/example_dags/example_short_circuit_operator.py
[2025-08-19T03:33:32.914+0000] {logging_mixin.py:188} INFO - [2025-08-19T03:33:32.913+0000] {dag.py:3096} INFO - Sync 1 DAGs
[2025-08-19T03:33:33.031+0000] {logging_mixin.py:188} INFO - [2025-08-19T03:33:33.031+0000] {dag.py:3954} INFO - Setting next_dagrun for example_short_circuit_operator to 2025-08-18 00:00:00+00:00, run_after=2025-08-19 00:00:00+00:00
[2025-08-19T03:33:33.148+0000] {processor.py:183} INFO - Processing /home/airflow/.local/lib/python3.12/site-packages/airflow/example_dags/example_short_circuit_operator.py took 0.407 seconds
[2025-08-19T03:34:03.957+0000] {processor.py:161} INFO - Started process (PID=24743) to work on /home/airflow/.local/lib/python3.12/site-packages/airflow/example_dags/example_short_circuit_operator.py
[2025-08-19T03:34:03.959+0000] {processor.py:830} INFO - Processing file /home/airflow/.local/lib/python3.12/site-packages/airflow/example_dags/example_short_circuit_operator.py for tasks to queue
[2025-08-19T03:34:03.961+0000] {logging_mixin.py:188} INFO - [2025-08-19T03:34:03.960+0000] {dagbag.py:545} INFO - Filling up the DagBag from /home/airflow/.local/lib/python3.12/site-packages/airflow/example_dags/example_short_circuit_operator.py
[2025-08-19T03:34:03.971+0000] {processor.py:840} INFO - DAG(s) 'example_short_circuit_operator' retrieved from /home/airflow/.local/lib/python3.12/site-packages/airflow/example_dags/example_short_circuit_operator.py
[2025-08-19T03:34:03.999+0000] {logging_mixin.py:188} INFO - [2025-08-19T03:34:03.998+0000] {dag.py:3096} INFO - Sync 1 DAGs
[2025-08-19T03:34:04.025+0000] {logging_mixin.py:188} INFO - [2025-08-19T03:34:04.024+0000] {dag.py:3954} INFO - Setting next_dagrun for example_short_circuit_operator to 2025-08-18 00:00:00+00:00, run_after=2025-08-19 00:00:00+00:00
[2025-08-19T03:34:04.052+0000] {processor.py:183} INFO - Processing /home/airflow/.local/lib/python3.12/site-packages/airflow/example_dags/example_short_circuit_operator.py took 0.103 seconds
[2025-08-19T03:34:34.323+0000] {processor.py:161} INFO - Started process (PID=24796) to work on /home/airflow/.local/lib/python3.12/site-packages/airflow/example_dags/example_short_circuit_operator.py
[2025-08-19T03:34:34.325+0000] {processor.py:830} INFO - Processing file /home/airflow/.local/lib/python3.12/site-packages/airflow/example_dags/example_short_circuit_operator.py for tasks to queue
[2025-08-19T03:34:34.326+0000] {logging_mixin.py:188} INFO - [2025-08-19T03:34:34.326+0000] {dagbag.py:545} INFO - Filling up the DagBag from /home/airflow/.local/lib/python3.12/site-packages/airflow/example_dags/example_short_circuit_operator.py
[2025-08-19T03:34:34.335+0000] {processor.py:840} INFO - DAG(s) 'example_short_circuit_operator' retrieved from /home/airflow/.local/lib/python3.12/site-packages/airflow/example_dags/example_short_circuit_operator.py
[2025-08-19T03:34:34.371+0000] {logging_mixin.py:188} INFO - [2025-08-19T03:34:34.371+0000] {dag.py:3096} INFO - Sync 1 DAGs
[2025-08-19T03:34:34.412+0000] {logging_mixin.py:188} INFO - [2025-08-19T03:34:34.412+0000] {dag.py:3954} INFO - Setting next_dagrun for example_short_circuit_operator to 2025-08-18 00:00:00+00:00, run_after=2025-08-19 00:00:00+00:00
[2025-08-19T03:34:34.454+0000] {processor.py:183} INFO - Processing /home/airflow/.local/lib/python3.12/site-packages/airflow/example_dags/example_short_circuit_operator.py took 0.141 seconds
[2025-08-19T03:35:04.764+0000] {processor.py:161} INFO - Started process (PID=24849) to work on /home/airflow/.local/lib/python3.12/site-packages/airflow/example_dags/example_short_circuit_operator.py
[2025-08-19T03:35:04.765+0000] {processor.py:830} INFO - Processing file /home/airflow/.local/lib/python3.12/site-packages/airflow/example_dags/example_short_circuit_operator.py for tasks to queue
[2025-08-19T03:35:04.767+0000] {logging_mixin.py:188} INFO - [2025-08-19T03:35:04.766+0000] {dagbag.py:545} INFO - Filling up the DagBag from /home/airflow/.local/lib/python3.12/site-packages/airflow/example_dags/example_short_circuit_operator.py
[2025-08-19T03:35:04.776+0000] {processor.py:840} INFO - DAG(s) 'example_short_circuit_operator' retrieved from /home/airflow/.local/lib/python3.12/site-packages/airflow/example_dags/example_short_circuit_operator.py
[2025-08-19T03:35:04.801+0000] {logging_mixin.py:188} INFO - [2025-08-19T03:35:04.801+0000] {dag.py:3096} INFO - Sync 1 DAGs
[2025-08-19T03:35:04.825+0000] {logging_mixin.py:188} INFO - [2025-08-19T03:35:04.825+0000] {dag.py:3954} INFO - Setting next_dagrun for example_short_circuit_operator to 2025-08-18 00:00:00+00:00, run_after=2025-08-19 00:00:00+00:00
[2025-08-19T03:35:04.849+0000] {processor.py:183} INFO - Processing /home/airflow/.local/lib/python3.12/site-packages/airflow/example_dags/example_short_circuit_operator.py took 0.093 seconds
[2025-08-19T03:35:35.453+0000] {processor.py:161} INFO - Started process (PID=24902) to work on /home/airflow/.local/lib/python3.12/site-packages/airflow/example_dags/example_short_circuit_operator.py
[2025-08-19T03:35:35.455+0000] {processor.py:830} INFO - Processing file /home/airflow/.local/lib/python3.12/site-packages/airflow/example_dags/example_short_circuit_operator.py for tasks to queue
[2025-08-19T03:35:35.456+0000] {logging_mixin.py:188} INFO - [2025-08-19T03:35:35.456+0000] {dagbag.py:545} INFO - Filling up the DagBag from /home/airflow/.local/lib/python3.12/site-packages/airflow/example_dags/example_short_circuit_operator.py
[2025-08-19T03:35:35.466+0000] {processor.py:840} INFO - DAG(s) 'example_short_circuit_operator' retrieved from /home/airflow/.local/lib/python3.12/site-packages/airflow/example_dags/example_short_circuit_operator.py
[2025-08-19T03:35:35.498+0000] {logging_mixin.py:188} INFO - [2025-08-19T03:35:35.498+0000] {dag.py:3096} INFO - Sync 1 DAGs
[2025-08-19T03:35:35.525+0000] {logging_mixin.py:188} INFO - [2025-08-19T03:35:35.524+0000] {dag.py:3954} INFO - Setting next_dagrun for example_short_circuit_operator to 2025-08-18 00:00:00+00:00, run_after=2025-08-19 00:00:00+00:00
[2025-08-19T03:35:35.552+0000] {processor.py:183} INFO - Processing /home/airflow/.local/lib/python3.12/site-packages/airflow/example_dags/example_short_circuit_operator.py took 0.106 seconds
[2025-08-19T03:36:05.832+0000] {processor.py:161} INFO - Started process (PID=24955) to work on /home/airflow/.local/lib/python3.12/site-packages/airflow/example_dags/example_short_circuit_operator.py
[2025-08-19T03:36:05.833+0000] {processor.py:830} INFO - Processing file /home/airflow/.local/lib/python3.12/site-packages/airflow/example_dags/example_short_circuit_operator.py for tasks to queue
[2025-08-19T03:36:05.835+0000] {logging_mixin.py:188} INFO - [2025-08-19T03:36:05.834+0000] {dagbag.py:545} INFO - Filling up the DagBag from /home/airflow/.local/lib/python3.12/site-packages/airflow/example_dags/example_short_circuit_operator.py
[2025-08-19T03:36:05.844+0000] {processor.py:840} INFO - DAG(s) 'example_short_circuit_operator' retrieved from /home/airflow/.local/lib/python3.12/site-packages/airflow/example_dags/example_short_circuit_operator.py
[2025-08-19T03:36:05.876+0000] {logging_mixin.py:188} INFO - [2025-08-19T03:36:05.875+0000] {dag.py:3096} INFO - Sync 1 DAGs
[2025-08-19T03:36:05.902+0000] {logging_mixin.py:188} INFO - [2025-08-19T03:36:05.902+0000] {dag.py:3954} INFO - Setting next_dagrun for example_short_circuit_operator to 2025-08-18 00:00:00+00:00, run_after=2025-08-19 00:00:00+00:00
[2025-08-19T03:36:05.932+0000] {processor.py:183} INFO - Processing /home/airflow/.local/lib/python3.12/site-packages/airflow/example_dags/example_short_circuit_operator.py took 0.109 seconds
[2025-08-19T03:36:36.138+0000] {processor.py:161} INFO - Started process (PID=25008) to work on /home/airflow/.local/lib/python3.12/site-packages/airflow/example_dags/example_short_circuit_operator.py
[2025-08-19T03:36:36.139+0000] {processor.py:830} INFO - Processing file /home/airflow/.local/lib/python3.12/site-packages/airflow/example_dags/example_short_circuit_operator.py for tasks to queue
[2025-08-19T03:36:36.141+0000] {logging_mixin.py:188} INFO - [2025-08-19T03:36:36.141+0000] {dagbag.py:545} INFO - Filling up the DagBag from /home/airflow/.local/lib/python3.12/site-packages/airflow/example_dags/example_short_circuit_operator.py
[2025-08-19T03:36:36.150+0000] {processor.py:840} INFO - DAG(s) 'example_short_circuit_operator' retrieved from /home/airflow/.local/lib/python3.12/site-packages/airflow/example_dags/example_short_circuit_operator.py
[2025-08-19T03:36:36.176+0000] {logging_mixin.py:188} INFO - [2025-08-19T03:36:36.176+0000] {dag.py:3096} INFO - Sync 1 DAGs
[2025-08-19T03:36:36.201+0000] {logging_mixin.py:188} INFO - [2025-08-19T03:36:36.200+0000] {dag.py:3954} INFO - Setting next_dagrun for example_short_circuit_operator to 2025-08-18 00:00:00+00:00, run_after=2025-08-19 00:00:00+00:00
[2025-08-19T03:36:36.227+0000] {processor.py:183} INFO - Processing /home/airflow/.local/lib/python3.12/site-packages/airflow/example_dags/example_short_circuit_operator.py took 0.096 seconds
[2025-08-19T03:37:06.708+0000] {processor.py:161} INFO - Started process (PID=25059) to work on /home/airflow/.local/lib/python3.12/site-packages/airflow/example_dags/example_short_circuit_operator.py
[2025-08-19T03:37:06.710+0000] {processor.py:830} INFO - Processing file /home/airflow/.local/lib/python3.12/site-packages/airflow/example_dags/example_short_circuit_operator.py for tasks to queue
[2025-08-19T03:37:06.711+0000] {logging_mixin.py:188} INFO - [2025-08-19T03:37:06.711+0000] {dagbag.py:545} INFO - Filling up the DagBag from /home/airflow/.local/lib/python3.12/site-packages/airflow/example_dags/example_short_circuit_operator.py
[2025-08-19T03:37:06.722+0000] {processor.py:840} INFO - DAG(s) 'example_short_circuit_operator' retrieved from /home/airflow/.local/lib/python3.12/site-packages/airflow/example_dags/example_short_circuit_operator.py
[2025-08-19T03:37:06.753+0000] {logging_mixin.py:188} INFO - [2025-08-19T03:37:06.753+0000] {dag.py:3096} INFO - Sync 1 DAGs
[2025-08-19T03:37:06.782+0000] {logging_mixin.py:188} INFO - [2025-08-19T03:37:06.782+0000] {dag.py:3954} INFO - Setting next_dagrun for example_short_circuit_operator to 2025-08-18 00:00:00+00:00, run_after=2025-08-19 00:00:00+00:00
[2025-08-19T03:37:06.808+0000] {processor.py:183} INFO - Processing /home/airflow/.local/lib/python3.12/site-packages/airflow/example_dags/example_short_circuit_operator.py took 0.106 seconds
