[2025-08-19T03:10:03.850+0000] {processor.py:161} INFO - Started process (PID=22245) to work on /home/airflow/.local/lib/python3.12/site-packages/airflow/example_dags/example_task_group.py
[2025-08-19T03:10:03.856+0000] {processor.py:830} INFO - Processing file /home/airflow/.local/lib/python3.12/site-packages/airflow/example_dags/example_task_group.py for tasks to queue
[2025-08-19T03:10:03.859+0000] {logging_mixin.py:188} INFO - [2025-08-19T03:10:03.858+0000] {dagbag.py:545} INFO - Filling up the DagBag from /home/airflow/.local/lib/python3.12/site-packages/airflow/example_dags/example_task_group.py
[2025-08-19T03:10:03.876+0000] {processor.py:840} INFO - DAG(s) 'example_task_group' retrieved from /home/airflow/.local/lib/python3.12/site-packages/airflow/example_dags/example_task_group.py
[2025-08-19T03:10:03.944+0000] {logging_mixin.py:188} INFO - [2025-08-19T03:10:03.944+0000] {dag.py:3096} INFO - Sync 1 DAGs
[2025-08-19T03:10:04.022+0000] {logging_mixin.py:188} INFO - [2025-08-19T03:10:04.021+0000] {dag.py:3954} INFO - Setting next_dagrun for example_task_group to 2025-08-18 00:00:00+00:00, run_after=2025-08-19 00:00:00+00:00
[2025-08-19T03:10:04.088+0000] {processor.py:183} INFO - Processing /home/airflow/.local/lib/python3.12/site-packages/airflow/example_dags/example_task_group.py took 0.252 seconds
[2025-08-19T03:10:34.566+0000] {processor.py:161} INFO - Started process (PID=22298) to work on /home/airflow/.local/lib/python3.12/site-packages/airflow/example_dags/example_task_group.py
[2025-08-19T03:10:34.568+0000] {processor.py:830} INFO - Processing file /home/airflow/.local/lib/python3.12/site-packages/airflow/example_dags/example_task_group.py for tasks to queue
[2025-08-19T03:10:34.571+0000] {logging_mixin.py:188} INFO - [2025-08-19T03:10:34.570+0000] {dagbag.py:545} INFO - Filling up the DagBag from /home/airflow/.local/lib/python3.12/site-packages/airflow/example_dags/example_task_group.py
[2025-08-19T03:10:34.583+0000] {processor.py:840} INFO - DAG(s) 'example_task_group' retrieved from /home/airflow/.local/lib/python3.12/site-packages/airflow/example_dags/example_task_group.py
[2025-08-19T03:10:34.612+0000] {logging_mixin.py:188} INFO - [2025-08-19T03:10:34.612+0000] {dag.py:3096} INFO - Sync 1 DAGs
[2025-08-19T03:10:34.643+0000] {logging_mixin.py:188} INFO - [2025-08-19T03:10:34.643+0000] {dag.py:3954} INFO - Setting next_dagrun for example_task_group to 2025-08-18 00:00:00+00:00, run_after=2025-08-19 00:00:00+00:00
[2025-08-19T03:10:34.679+0000] {processor.py:183} INFO - Processing /home/airflow/.local/lib/python3.12/site-packages/airflow/example_dags/example_task_group.py took 0.125 seconds
[2025-08-19T03:11:05.319+0000] {processor.py:161} INFO - Started process (PID=22351) to work on /home/airflow/.local/lib/python3.12/site-packages/airflow/example_dags/example_task_group.py
[2025-08-19T03:11:05.321+0000] {processor.py:830} INFO - Processing file /home/airflow/.local/lib/python3.12/site-packages/airflow/example_dags/example_task_group.py for tasks to queue
[2025-08-19T03:11:05.322+0000] {logging_mixin.py:188} INFO - [2025-08-19T03:11:05.322+0000] {dagbag.py:545} INFO - Filling up the DagBag from /home/airflow/.local/lib/python3.12/site-packages/airflow/example_dags/example_task_group.py
[2025-08-19T03:11:05.331+0000] {processor.py:840} INFO - DAG(s) 'example_task_group' retrieved from /home/airflow/.local/lib/python3.12/site-packages/airflow/example_dags/example_task_group.py
[2025-08-19T03:11:05.354+0000] {logging_mixin.py:188} INFO - [2025-08-19T03:11:05.354+0000] {dag.py:3096} INFO - Sync 1 DAGs
[2025-08-19T03:11:05.379+0000] {logging_mixin.py:188} INFO - [2025-08-19T03:11:05.378+0000] {dag.py:3954} INFO - Setting next_dagrun for example_task_group to 2025-08-18 00:00:00+00:00, run_after=2025-08-19 00:00:00+00:00
[2025-08-19T03:11:05.410+0000] {processor.py:183} INFO - Processing /home/airflow/.local/lib/python3.12/site-packages/airflow/example_dags/example_task_group.py took 0.098 seconds
[2025-08-19T03:11:35.729+0000] {processor.py:161} INFO - Started process (PID=22404) to work on /home/airflow/.local/lib/python3.12/site-packages/airflow/example_dags/example_task_group.py
[2025-08-19T03:11:35.731+0000] {processor.py:830} INFO - Processing file /home/airflow/.local/lib/python3.12/site-packages/airflow/example_dags/example_task_group.py for tasks to queue
[2025-08-19T03:11:35.732+0000] {logging_mixin.py:188} INFO - [2025-08-19T03:11:35.732+0000] {dagbag.py:545} INFO - Filling up the DagBag from /home/airflow/.local/lib/python3.12/site-packages/airflow/example_dags/example_task_group.py
[2025-08-19T03:11:35.741+0000] {processor.py:840} INFO - DAG(s) 'example_task_group' retrieved from /home/airflow/.local/lib/python3.12/site-packages/airflow/example_dags/example_task_group.py
[2025-08-19T03:11:35.764+0000] {logging_mixin.py:188} INFO - [2025-08-19T03:11:35.764+0000] {dag.py:3096} INFO - Sync 1 DAGs
[2025-08-19T03:11:35.788+0000] {logging_mixin.py:188} INFO - [2025-08-19T03:11:35.788+0000] {dag.py:3954} INFO - Setting next_dagrun for example_task_group to 2025-08-18 00:00:00+00:00, run_after=2025-08-19 00:00:00+00:00
[2025-08-19T03:11:35.812+0000] {processor.py:183} INFO - Processing /home/airflow/.local/lib/python3.12/site-packages/airflow/example_dags/example_task_group.py took 0.088 seconds
[2025-08-19T03:12:06.172+0000] {processor.py:161} INFO - Started process (PID=22457) to work on /home/airflow/.local/lib/python3.12/site-packages/airflow/example_dags/example_task_group.py
[2025-08-19T03:12:06.174+0000] {processor.py:830} INFO - Processing file /home/airflow/.local/lib/python3.12/site-packages/airflow/example_dags/example_task_group.py for tasks to queue
[2025-08-19T03:12:06.175+0000] {logging_mixin.py:188} INFO - [2025-08-19T03:12:06.174+0000] {dagbag.py:545} INFO - Filling up the DagBag from /home/airflow/.local/lib/python3.12/site-packages/airflow/example_dags/example_task_group.py
[2025-08-19T03:12:06.183+0000] {processor.py:840} INFO - DAG(s) 'example_task_group' retrieved from /home/airflow/.local/lib/python3.12/site-packages/airflow/example_dags/example_task_group.py
[2025-08-19T03:12:06.207+0000] {logging_mixin.py:188} INFO - [2025-08-19T03:12:06.207+0000] {dag.py:3096} INFO - Sync 1 DAGs
[2025-08-19T03:12:06.231+0000] {logging_mixin.py:188} INFO - [2025-08-19T03:12:06.231+0000] {dag.py:3954} INFO - Setting next_dagrun for example_task_group to 2025-08-18 00:00:00+00:00, run_after=2025-08-19 00:00:00+00:00
[2025-08-19T03:12:06.257+0000] {processor.py:183} INFO - Processing /home/airflow/.local/lib/python3.12/site-packages/airflow/example_dags/example_task_group.py took 0.092 seconds
[2025-08-19T03:12:36.571+0000] {processor.py:161} INFO - Started process (PID=22509) to work on /home/airflow/.local/lib/python3.12/site-packages/airflow/example_dags/example_task_group.py
[2025-08-19T03:12:36.573+0000] {processor.py:830} INFO - Processing file /home/airflow/.local/lib/python3.12/site-packages/airflow/example_dags/example_task_group.py for tasks to queue
[2025-08-19T03:12:36.575+0000] {logging_mixin.py:188} INFO - [2025-08-19T03:12:36.574+0000] {dagbag.py:545} INFO - Filling up the DagBag from /home/airflow/.local/lib/python3.12/site-packages/airflow/example_dags/example_task_group.py
[2025-08-19T03:12:36.583+0000] {processor.py:840} INFO - DAG(s) 'example_task_group' retrieved from /home/airflow/.local/lib/python3.12/site-packages/airflow/example_dags/example_task_group.py
[2025-08-19T03:12:36.605+0000] {logging_mixin.py:188} INFO - [2025-08-19T03:12:36.604+0000] {dag.py:3096} INFO - Sync 1 DAGs
[2025-08-19T03:12:36.625+0000] {logging_mixin.py:188} INFO - [2025-08-19T03:12:36.625+0000] {dag.py:3954} INFO - Setting next_dagrun for example_task_group to 2025-08-18 00:00:00+00:00, run_after=2025-08-19 00:00:00+00:00
[2025-08-19T03:12:36.653+0000] {processor.py:183} INFO - Processing /home/airflow/.local/lib/python3.12/site-packages/airflow/example_dags/example_task_group.py took 0.091 seconds
[2025-08-19T03:13:07.472+0000] {processor.py:161} INFO - Started process (PID=22563) to work on /home/airflow/.local/lib/python3.12/site-packages/airflow/example_dags/example_task_group.py
[2025-08-19T03:13:07.474+0000] {processor.py:830} INFO - Processing file /home/airflow/.local/lib/python3.12/site-packages/airflow/example_dags/example_task_group.py for tasks to queue
[2025-08-19T03:13:07.475+0000] {logging_mixin.py:188} INFO - [2025-08-19T03:13:07.475+0000] {dagbag.py:545} INFO - Filling up the DagBag from /home/airflow/.local/lib/python3.12/site-packages/airflow/example_dags/example_task_group.py
[2025-08-19T03:13:07.484+0000] {processor.py:840} INFO - DAG(s) 'example_task_group' retrieved from /home/airflow/.local/lib/python3.12/site-packages/airflow/example_dags/example_task_group.py
[2025-08-19T03:13:07.511+0000] {logging_mixin.py:188} INFO - [2025-08-19T03:13:07.511+0000] {dag.py:3096} INFO - Sync 1 DAGs
[2025-08-19T03:13:07.538+0000] {logging_mixin.py:188} INFO - [2025-08-19T03:13:07.537+0000] {dag.py:3954} INFO - Setting next_dagrun for example_task_group to 2025-08-18 00:00:00+00:00, run_after=2025-08-19 00:00:00+00:00
[2025-08-19T03:13:07.563+0000] {processor.py:183} INFO - Processing /home/airflow/.local/lib/python3.12/site-packages/airflow/example_dags/example_task_group.py took 0.097 seconds
[2025-08-19T03:13:38.314+0000] {processor.py:161} INFO - Started process (PID=22616) to work on /home/airflow/.local/lib/python3.12/site-packages/airflow/example_dags/example_task_group.py
[2025-08-19T03:13:38.316+0000] {processor.py:830} INFO - Processing file /home/airflow/.local/lib/python3.12/site-packages/airflow/example_dags/example_task_group.py for tasks to queue
[2025-08-19T03:13:38.317+0000] {logging_mixin.py:188} INFO - [2025-08-19T03:13:38.317+0000] {dagbag.py:545} INFO - Filling up the DagBag from /home/airflow/.local/lib/python3.12/site-packages/airflow/example_dags/example_task_group.py
[2025-08-19T03:13:38.325+0000] {processor.py:840} INFO - DAG(s) 'example_task_group' retrieved from /home/airflow/.local/lib/python3.12/site-packages/airflow/example_dags/example_task_group.py
[2025-08-19T03:13:38.348+0000] {logging_mixin.py:188} INFO - [2025-08-19T03:13:38.347+0000] {dag.py:3096} INFO - Sync 1 DAGs
[2025-08-19T03:13:38.372+0000] {logging_mixin.py:188} INFO - [2025-08-19T03:13:38.372+0000] {dag.py:3954} INFO - Setting next_dagrun for example_task_group to 2025-08-18 00:00:00+00:00, run_after=2025-08-19 00:00:00+00:00
[2025-08-19T03:13:38.398+0000] {processor.py:183} INFO - Processing /home/airflow/.local/lib/python3.12/site-packages/airflow/example_dags/example_task_group.py took 0.091 seconds
[2025-08-19T03:14:09.139+0000] {processor.py:161} INFO - Started process (PID=22669) to work on /home/airflow/.local/lib/python3.12/site-packages/airflow/example_dags/example_task_group.py
[2025-08-19T03:14:09.141+0000] {processor.py:830} INFO - Processing file /home/airflow/.local/lib/python3.12/site-packages/airflow/example_dags/example_task_group.py for tasks to queue
[2025-08-19T03:14:09.143+0000] {logging_mixin.py:188} INFO - [2025-08-19T03:14:09.142+0000] {dagbag.py:545} INFO - Filling up the DagBag from /home/airflow/.local/lib/python3.12/site-packages/airflow/example_dags/example_task_group.py
[2025-08-19T03:14:09.151+0000] {processor.py:840} INFO - DAG(s) 'example_task_group' retrieved from /home/airflow/.local/lib/python3.12/site-packages/airflow/example_dags/example_task_group.py
[2025-08-19T03:14:09.175+0000] {logging_mixin.py:188} INFO - [2025-08-19T03:14:09.175+0000] {dag.py:3096} INFO - Sync 1 DAGs
[2025-08-19T03:14:09.202+0000] {logging_mixin.py:188} INFO - [2025-08-19T03:14:09.202+0000] {dag.py:3954} INFO - Setting next_dagrun for example_task_group to 2025-08-18 00:00:00+00:00, run_after=2025-08-19 00:00:00+00:00
[2025-08-19T03:14:09.227+0000] {processor.py:183} INFO - Processing /home/airflow/.local/lib/python3.12/site-packages/airflow/example_dags/example_task_group.py took 0.094 seconds
[2025-08-19T03:14:39.966+0000] {processor.py:161} INFO - Started process (PID=22722) to work on /home/airflow/.local/lib/python3.12/site-packages/airflow/example_dags/example_task_group.py
[2025-08-19T03:14:39.967+0000] {processor.py:830} INFO - Processing file /home/airflow/.local/lib/python3.12/site-packages/airflow/example_dags/example_task_group.py for tasks to queue
[2025-08-19T03:14:39.969+0000] {logging_mixin.py:188} INFO - [2025-08-19T03:14:39.969+0000] {dagbag.py:545} INFO - Filling up the DagBag from /home/airflow/.local/lib/python3.12/site-packages/airflow/example_dags/example_task_group.py
[2025-08-19T03:14:39.978+0000] {processor.py:840} INFO - DAG(s) 'example_task_group' retrieved from /home/airflow/.local/lib/python3.12/site-packages/airflow/example_dags/example_task_group.py
[2025-08-19T03:14:40.001+0000] {logging_mixin.py:188} INFO - [2025-08-19T03:14:40.001+0000] {dag.py:3096} INFO - Sync 1 DAGs
[2025-08-19T03:14:40.027+0000] {logging_mixin.py:188} INFO - [2025-08-19T03:14:40.027+0000] {dag.py:3954} INFO - Setting next_dagrun for example_task_group to 2025-08-18 00:00:00+00:00, run_after=2025-08-19 00:00:00+00:00
[2025-08-19T03:14:40.052+0000] {processor.py:183} INFO - Processing /home/airflow/.local/lib/python3.12/site-packages/airflow/example_dags/example_task_group.py took 0.093 seconds
[2025-08-19T03:15:10.723+0000] {processor.py:161} INFO - Started process (PID=22775) to work on /home/airflow/.local/lib/python3.12/site-packages/airflow/example_dags/example_task_group.py
[2025-08-19T03:15:10.724+0000] {processor.py:830} INFO - Processing file /home/airflow/.local/lib/python3.12/site-packages/airflow/example_dags/example_task_group.py for tasks to queue
[2025-08-19T03:15:10.726+0000] {logging_mixin.py:188} INFO - [2025-08-19T03:15:10.725+0000] {dagbag.py:545} INFO - Filling up the DagBag from /home/airflow/.local/lib/python3.12/site-packages/airflow/example_dags/example_task_group.py
[2025-08-19T03:15:10.734+0000] {processor.py:840} INFO - DAG(s) 'example_task_group' retrieved from /home/airflow/.local/lib/python3.12/site-packages/airflow/example_dags/example_task_group.py
[2025-08-19T03:15:10.758+0000] {logging_mixin.py:188} INFO - [2025-08-19T03:15:10.757+0000] {dag.py:3096} INFO - Sync 1 DAGs
[2025-08-19T03:15:10.787+0000] {logging_mixin.py:188} INFO - [2025-08-19T03:15:10.786+0000] {dag.py:3954} INFO - Setting next_dagrun for example_task_group to 2025-08-18 00:00:00+00:00, run_after=2025-08-19 00:00:00+00:00
[2025-08-19T03:15:10.812+0000] {processor.py:183} INFO - Processing /home/airflow/.local/lib/python3.12/site-packages/airflow/example_dags/example_task_group.py took 0.095 seconds
[2025-08-19T03:15:41.578+0000] {processor.py:161} INFO - Started process (PID=22828) to work on /home/airflow/.local/lib/python3.12/site-packages/airflow/example_dags/example_task_group.py
[2025-08-19T03:15:41.580+0000] {processor.py:830} INFO - Processing file /home/airflow/.local/lib/python3.12/site-packages/airflow/example_dags/example_task_group.py for tasks to queue
[2025-08-19T03:15:41.582+0000] {logging_mixin.py:188} INFO - [2025-08-19T03:15:41.582+0000] {dagbag.py:545} INFO - Filling up the DagBag from /home/airflow/.local/lib/python3.12/site-packages/airflow/example_dags/example_task_group.py
[2025-08-19T03:15:41.593+0000] {processor.py:840} INFO - DAG(s) 'example_task_group' retrieved from /home/airflow/.local/lib/python3.12/site-packages/airflow/example_dags/example_task_group.py
[2025-08-19T03:15:41.624+0000] {logging_mixin.py:188} INFO - [2025-08-19T03:15:41.624+0000] {dag.py:3096} INFO - Sync 1 DAGs
[2025-08-19T03:15:41.651+0000] {logging_mixin.py:188} INFO - [2025-08-19T03:15:41.651+0000] {dag.py:3954} INFO - Setting next_dagrun for example_task_group to 2025-08-18 00:00:00+00:00, run_after=2025-08-19 00:00:00+00:00
[2025-08-19T03:15:41.682+0000] {processor.py:183} INFO - Processing /home/airflow/.local/lib/python3.12/site-packages/airflow/example_dags/example_task_group.py took 0.117 seconds
[2025-08-19T03:16:12.188+0000] {processor.py:161} INFO - Started process (PID=22881) to work on /home/airflow/.local/lib/python3.12/site-packages/airflow/example_dags/example_task_group.py
[2025-08-19T03:16:12.190+0000] {processor.py:830} INFO - Processing file /home/airflow/.local/lib/python3.12/site-packages/airflow/example_dags/example_task_group.py for tasks to queue
[2025-08-19T03:16:12.191+0000] {logging_mixin.py:188} INFO - [2025-08-19T03:16:12.191+0000] {dagbag.py:545} INFO - Filling up the DagBag from /home/airflow/.local/lib/python3.12/site-packages/airflow/example_dags/example_task_group.py
[2025-08-19T03:16:12.199+0000] {processor.py:840} INFO - DAG(s) 'example_task_group' retrieved from /home/airflow/.local/lib/python3.12/site-packages/airflow/example_dags/example_task_group.py
[2025-08-19T03:16:12.222+0000] {logging_mixin.py:188} INFO - [2025-08-19T03:16:12.222+0000] {dag.py:3096} INFO - Sync 1 DAGs
[2025-08-19T03:16:12.248+0000] {logging_mixin.py:188} INFO - [2025-08-19T03:16:12.248+0000] {dag.py:3954} INFO - Setting next_dagrun for example_task_group to 2025-08-18 00:00:00+00:00, run_after=2025-08-19 00:00:00+00:00
[2025-08-19T03:16:12.275+0000] {processor.py:183} INFO - Processing /home/airflow/.local/lib/python3.12/site-packages/airflow/example_dags/example_task_group.py took 0.093 seconds
[2025-08-19T03:16:42.661+0000] {processor.py:161} INFO - Started process (PID=22934) to work on /home/airflow/.local/lib/python3.12/site-packages/airflow/example_dags/example_task_group.py
[2025-08-19T03:16:42.663+0000] {processor.py:830} INFO - Processing file /home/airflow/.local/lib/python3.12/site-packages/airflow/example_dags/example_task_group.py for tasks to queue
[2025-08-19T03:16:42.664+0000] {logging_mixin.py:188} INFO - [2025-08-19T03:16:42.663+0000] {dagbag.py:545} INFO - Filling up the DagBag from /home/airflow/.local/lib/python3.12/site-packages/airflow/example_dags/example_task_group.py
[2025-08-19T03:16:42.671+0000] {processor.py:840} INFO - DAG(s) 'example_task_group' retrieved from /home/airflow/.local/lib/python3.12/site-packages/airflow/example_dags/example_task_group.py
[2025-08-19T03:16:42.695+0000] {logging_mixin.py:188} INFO - [2025-08-19T03:16:42.695+0000] {dag.py:3096} INFO - Sync 1 DAGs
[2025-08-19T03:16:42.716+0000] {logging_mixin.py:188} INFO - [2025-08-19T03:16:42.716+0000] {dag.py:3954} INFO - Setting next_dagrun for example_task_group to 2025-08-18 00:00:00+00:00, run_after=2025-08-19 00:00:00+00:00
[2025-08-19T03:16:42.740+0000] {processor.py:183} INFO - Processing /home/airflow/.local/lib/python3.12/site-packages/airflow/example_dags/example_task_group.py took 0.084 seconds
[2025-08-19T03:17:12.892+0000] {processor.py:161} INFO - Started process (PID=22986) to work on /home/airflow/.local/lib/python3.12/site-packages/airflow/example_dags/example_task_group.py
[2025-08-19T03:17:12.893+0000] {processor.py:830} INFO - Processing file /home/airflow/.local/lib/python3.12/site-packages/airflow/example_dags/example_task_group.py for tasks to queue
[2025-08-19T03:17:12.895+0000] {logging_mixin.py:188} INFO - [2025-08-19T03:17:12.894+0000] {dagbag.py:545} INFO - Filling up the DagBag from /home/airflow/.local/lib/python3.12/site-packages/airflow/example_dags/example_task_group.py
[2025-08-19T03:17:12.903+0000] {processor.py:840} INFO - DAG(s) 'example_task_group' retrieved from /home/airflow/.local/lib/python3.12/site-packages/airflow/example_dags/example_task_group.py
[2025-08-19T03:17:12.924+0000] {logging_mixin.py:188} INFO - [2025-08-19T03:17:12.924+0000] {dag.py:3096} INFO - Sync 1 DAGs
[2025-08-19T03:17:12.945+0000] {logging_mixin.py:188} INFO - [2025-08-19T03:17:12.945+0000] {dag.py:3954} INFO - Setting next_dagrun for example_task_group to 2025-08-18 00:00:00+00:00, run_after=2025-08-19 00:00:00+00:00
[2025-08-19T03:17:12.969+0000] {processor.py:183} INFO - Processing /home/airflow/.local/lib/python3.12/site-packages/airflow/example_dags/example_task_group.py took 0.084 seconds
[2025-08-19T03:17:43.904+0000] {processor.py:161} INFO - Started process (PID=23040) to work on /home/airflow/.local/lib/python3.12/site-packages/airflow/example_dags/example_task_group.py
[2025-08-19T03:17:43.905+0000] {processor.py:830} INFO - Processing file /home/airflow/.local/lib/python3.12/site-packages/airflow/example_dags/example_task_group.py for tasks to queue
[2025-08-19T03:17:43.906+0000] {logging_mixin.py:188} INFO - [2025-08-19T03:17:43.906+0000] {dagbag.py:545} INFO - Filling up the DagBag from /home/airflow/.local/lib/python3.12/site-packages/airflow/example_dags/example_task_group.py
[2025-08-19T03:17:43.915+0000] {processor.py:840} INFO - DAG(s) 'example_task_group' retrieved from /home/airflow/.local/lib/python3.12/site-packages/airflow/example_dags/example_task_group.py
[2025-08-19T03:17:43.939+0000] {logging_mixin.py:188} INFO - [2025-08-19T03:17:43.939+0000] {dag.py:3096} INFO - Sync 1 DAGs
[2025-08-19T03:17:43.961+0000] {logging_mixin.py:188} INFO - [2025-08-19T03:17:43.961+0000] {dag.py:3954} INFO - Setting next_dagrun for example_task_group to 2025-08-18 00:00:00+00:00, run_after=2025-08-19 00:00:00+00:00
[2025-08-19T03:17:43.987+0000] {processor.py:183} INFO - Processing /home/airflow/.local/lib/python3.12/site-packages/airflow/example_dags/example_task_group.py took 0.089 seconds
[2025-08-19T03:18:14.045+0000] {processor.py:161} INFO - Started process (PID=23093) to work on /home/airflow/.local/lib/python3.12/site-packages/airflow/example_dags/example_task_group.py
[2025-08-19T03:18:14.046+0000] {processor.py:830} INFO - Processing file /home/airflow/.local/lib/python3.12/site-packages/airflow/example_dags/example_task_group.py for tasks to queue
[2025-08-19T03:18:14.047+0000] {logging_mixin.py:188} INFO - [2025-08-19T03:18:14.047+0000] {dagbag.py:545} INFO - Filling up the DagBag from /home/airflow/.local/lib/python3.12/site-packages/airflow/example_dags/example_task_group.py
[2025-08-19T03:18:14.057+0000] {processor.py:840} INFO - DAG(s) 'example_task_group' retrieved from /home/airflow/.local/lib/python3.12/site-packages/airflow/example_dags/example_task_group.py
[2025-08-19T03:18:14.084+0000] {logging_mixin.py:188} INFO - [2025-08-19T03:18:14.083+0000] {dag.py:3096} INFO - Sync 1 DAGs
[2025-08-19T03:18:14.109+0000] {logging_mixin.py:188} INFO - [2025-08-19T03:18:14.109+0000] {dag.py:3954} INFO - Setting next_dagrun for example_task_group to 2025-08-18 00:00:00+00:00, run_after=2025-08-19 00:00:00+00:00
[2025-08-19T03:18:14.131+0000] {processor.py:183} INFO - Processing /home/airflow/.local/lib/python3.12/site-packages/airflow/example_dags/example_task_group.py took 0.092 seconds
[2025-08-19T03:18:44.277+0000] {processor.py:161} INFO - Started process (PID=23145) to work on /home/airflow/.local/lib/python3.12/site-packages/airflow/example_dags/example_task_group.py
[2025-08-19T03:18:44.279+0000] {processor.py:830} INFO - Processing file /home/airflow/.local/lib/python3.12/site-packages/airflow/example_dags/example_task_group.py for tasks to queue
[2025-08-19T03:18:44.280+0000] {logging_mixin.py:188} INFO - [2025-08-19T03:18:44.280+0000] {dagbag.py:545} INFO - Filling up the DagBag from /home/airflow/.local/lib/python3.12/site-packages/airflow/example_dags/example_task_group.py
[2025-08-19T03:18:44.290+0000] {processor.py:840} INFO - DAG(s) 'example_task_group' retrieved from /home/airflow/.local/lib/python3.12/site-packages/airflow/example_dags/example_task_group.py
[2025-08-19T03:18:44.315+0000] {logging_mixin.py:188} INFO - [2025-08-19T03:18:44.315+0000] {dag.py:3096} INFO - Sync 1 DAGs
[2025-08-19T03:18:44.339+0000] {logging_mixin.py:188} INFO - [2025-08-19T03:18:44.339+0000] {dag.py:3954} INFO - Setting next_dagrun for example_task_group to 2025-08-18 00:00:00+00:00, run_after=2025-08-19 00:00:00+00:00
[2025-08-19T03:18:44.367+0000] {processor.py:183} INFO - Processing /home/airflow/.local/lib/python3.12/site-packages/airflow/example_dags/example_task_group.py took 0.097 seconds
[2025-08-19T03:19:14.430+0000] {processor.py:161} INFO - Started process (PID=23198) to work on /home/airflow/.local/lib/python3.12/site-packages/airflow/example_dags/example_task_group.py
[2025-08-19T03:19:14.431+0000] {processor.py:830} INFO - Processing file /home/airflow/.local/lib/python3.12/site-packages/airflow/example_dags/example_task_group.py for tasks to queue
[2025-08-19T03:19:14.433+0000] {logging_mixin.py:188} INFO - [2025-08-19T03:19:14.433+0000] {dagbag.py:545} INFO - Filling up the DagBag from /home/airflow/.local/lib/python3.12/site-packages/airflow/example_dags/example_task_group.py
[2025-08-19T03:19:14.440+0000] {processor.py:840} INFO - DAG(s) 'example_task_group' retrieved from /home/airflow/.local/lib/python3.12/site-packages/airflow/example_dags/example_task_group.py
[2025-08-19T03:19:14.463+0000] {logging_mixin.py:188} INFO - [2025-08-19T03:19:14.463+0000] {dag.py:3096} INFO - Sync 1 DAGs
[2025-08-19T03:19:14.489+0000] {logging_mixin.py:188} INFO - [2025-08-19T03:19:14.488+0000] {dag.py:3954} INFO - Setting next_dagrun for example_task_group to 2025-08-18 00:00:00+00:00, run_after=2025-08-19 00:00:00+00:00
[2025-08-19T03:19:14.515+0000] {processor.py:183} INFO - Processing /home/airflow/.local/lib/python3.12/site-packages/airflow/example_dags/example_task_group.py took 0.091 seconds
[2025-08-19T03:19:45.117+0000] {processor.py:161} INFO - Started process (PID=23251) to work on /home/airflow/.local/lib/python3.12/site-packages/airflow/example_dags/example_task_group.py
[2025-08-19T03:19:45.119+0000] {processor.py:830} INFO - Processing file /home/airflow/.local/lib/python3.12/site-packages/airflow/example_dags/example_task_group.py for tasks to queue
[2025-08-19T03:19:45.120+0000] {logging_mixin.py:188} INFO - [2025-08-19T03:19:45.120+0000] {dagbag.py:545} INFO - Filling up the DagBag from /home/airflow/.local/lib/python3.12/site-packages/airflow/example_dags/example_task_group.py
[2025-08-19T03:19:45.128+0000] {processor.py:840} INFO - DAG(s) 'example_task_group' retrieved from /home/airflow/.local/lib/python3.12/site-packages/airflow/example_dags/example_task_group.py
[2025-08-19T03:19:45.151+0000] {logging_mixin.py:188} INFO - [2025-08-19T03:19:45.151+0000] {dag.py:3096} INFO - Sync 1 DAGs
[2025-08-19T03:19:45.173+0000] {logging_mixin.py:188} INFO - [2025-08-19T03:19:45.173+0000] {dag.py:3954} INFO - Setting next_dagrun for example_task_group to 2025-08-18 00:00:00+00:00, run_after=2025-08-19 00:00:00+00:00
[2025-08-19T03:19:45.213+0000] {processor.py:183} INFO - Processing /home/airflow/.local/lib/python3.12/site-packages/airflow/example_dags/example_task_group.py took 0.102 seconds
[2025-08-19T03:20:15.599+0000] {processor.py:161} INFO - Started process (PID=23304) to work on /home/airflow/.local/lib/python3.12/site-packages/airflow/example_dags/example_task_group.py
[2025-08-19T03:20:15.601+0000] {processor.py:830} INFO - Processing file /home/airflow/.local/lib/python3.12/site-packages/airflow/example_dags/example_task_group.py for tasks to queue
[2025-08-19T03:20:15.602+0000] {logging_mixin.py:188} INFO - [2025-08-19T03:20:15.602+0000] {dagbag.py:545} INFO - Filling up the DagBag from /home/airflow/.local/lib/python3.12/site-packages/airflow/example_dags/example_task_group.py
[2025-08-19T03:20:15.610+0000] {processor.py:840} INFO - DAG(s) 'example_task_group' retrieved from /home/airflow/.local/lib/python3.12/site-packages/airflow/example_dags/example_task_group.py
[2025-08-19T03:20:15.638+0000] {logging_mixin.py:188} INFO - [2025-08-19T03:20:15.637+0000] {dag.py:3096} INFO - Sync 1 DAGs
[2025-08-19T03:20:15.660+0000] {logging_mixin.py:188} INFO - [2025-08-19T03:20:15.660+0000] {dag.py:3954} INFO - Setting next_dagrun for example_task_group to 2025-08-18 00:00:00+00:00, run_after=2025-08-19 00:00:00+00:00
[2025-08-19T03:20:15.687+0000] {processor.py:183} INFO - Processing /home/airflow/.local/lib/python3.12/site-packages/airflow/example_dags/example_task_group.py took 0.095 seconds
[2025-08-19T03:20:45.941+0000] {processor.py:161} INFO - Started process (PID=23357) to work on /home/airflow/.local/lib/python3.12/site-packages/airflow/example_dags/example_task_group.py
[2025-08-19T03:20:45.943+0000] {processor.py:830} INFO - Processing file /home/airflow/.local/lib/python3.12/site-packages/airflow/example_dags/example_task_group.py for tasks to queue
[2025-08-19T03:20:45.944+0000] {logging_mixin.py:188} INFO - [2025-08-19T03:20:45.944+0000] {dagbag.py:545} INFO - Filling up the DagBag from /home/airflow/.local/lib/python3.12/site-packages/airflow/example_dags/example_task_group.py
[2025-08-19T03:20:45.954+0000] {processor.py:840} INFO - DAG(s) 'example_task_group' retrieved from /home/airflow/.local/lib/python3.12/site-packages/airflow/example_dags/example_task_group.py
[2025-08-19T03:20:45.978+0000] {logging_mixin.py:188} INFO - [2025-08-19T03:20:45.977+0000] {dag.py:3096} INFO - Sync 1 DAGs
[2025-08-19T03:20:46.003+0000] {logging_mixin.py:188} INFO - [2025-08-19T03:20:46.003+0000] {dag.py:3954} INFO - Setting next_dagrun for example_task_group to 2025-08-18 00:00:00+00:00, run_after=2025-08-19 00:00:00+00:00
[2025-08-19T03:20:46.031+0000] {processor.py:183} INFO - Processing /home/airflow/.local/lib/python3.12/site-packages/airflow/example_dags/example_task_group.py took 0.097 seconds
[2025-08-19T03:21:16.115+0000] {processor.py:161} INFO - Started process (PID=23410) to work on /home/airflow/.local/lib/python3.12/site-packages/airflow/example_dags/example_task_group.py
[2025-08-19T03:21:16.117+0000] {processor.py:830} INFO - Processing file /home/airflow/.local/lib/python3.12/site-packages/airflow/example_dags/example_task_group.py for tasks to queue
[2025-08-19T03:21:16.119+0000] {logging_mixin.py:188} INFO - [2025-08-19T03:21:16.118+0000] {dagbag.py:545} INFO - Filling up the DagBag from /home/airflow/.local/lib/python3.12/site-packages/airflow/example_dags/example_task_group.py
[2025-08-19T03:21:16.128+0000] {processor.py:840} INFO - DAG(s) 'example_task_group' retrieved from /home/airflow/.local/lib/python3.12/site-packages/airflow/example_dags/example_task_group.py
[2025-08-19T03:21:16.152+0000] {logging_mixin.py:188} INFO - [2025-08-19T03:21:16.152+0000] {dag.py:3096} INFO - Sync 1 DAGs
[2025-08-19T03:21:16.176+0000] {logging_mixin.py:188} INFO - [2025-08-19T03:21:16.175+0000] {dag.py:3954} INFO - Setting next_dagrun for example_task_group to 2025-08-18 00:00:00+00:00, run_after=2025-08-19 00:00:00+00:00
[2025-08-19T03:21:16.200+0000] {processor.py:183} INFO - Processing /home/airflow/.local/lib/python3.12/site-packages/airflow/example_dags/example_task_group.py took 0.090 seconds
[2025-08-19T03:21:46.728+0000] {processor.py:161} INFO - Started process (PID=23463) to work on /home/airflow/.local/lib/python3.12/site-packages/airflow/example_dags/example_task_group.py
[2025-08-19T03:21:46.730+0000] {processor.py:830} INFO - Processing file /home/airflow/.local/lib/python3.12/site-packages/airflow/example_dags/example_task_group.py for tasks to queue
[2025-08-19T03:21:46.731+0000] {logging_mixin.py:188} INFO - [2025-08-19T03:21:46.731+0000] {dagbag.py:545} INFO - Filling up the DagBag from /home/airflow/.local/lib/python3.12/site-packages/airflow/example_dags/example_task_group.py
[2025-08-19T03:21:46.742+0000] {processor.py:840} INFO - DAG(s) 'example_task_group' retrieved from /home/airflow/.local/lib/python3.12/site-packages/airflow/example_dags/example_task_group.py
[2025-08-19T03:21:46.770+0000] {logging_mixin.py:188} INFO - [2025-08-19T03:21:46.770+0000] {dag.py:3096} INFO - Sync 1 DAGs
[2025-08-19T03:21:46.794+0000] {logging_mixin.py:188} INFO - [2025-08-19T03:21:46.794+0000] {dag.py:3954} INFO - Setting next_dagrun for example_task_group to 2025-08-18 00:00:00+00:00, run_after=2025-08-19 00:00:00+00:00
[2025-08-19T03:21:46.825+0000] {processor.py:183} INFO - Processing /home/airflow/.local/lib/python3.12/site-packages/airflow/example_dags/example_task_group.py took 0.106 seconds
[2025-08-19T03:22:17.311+0000] {processor.py:161} INFO - Started process (PID=23516) to work on /home/airflow/.local/lib/python3.12/site-packages/airflow/example_dags/example_task_group.py
[2025-08-19T03:22:17.313+0000] {processor.py:830} INFO - Processing file /home/airflow/.local/lib/python3.12/site-packages/airflow/example_dags/example_task_group.py for tasks to queue
[2025-08-19T03:22:17.314+0000] {logging_mixin.py:188} INFO - [2025-08-19T03:22:17.314+0000] {dagbag.py:545} INFO - Filling up the DagBag from /home/airflow/.local/lib/python3.12/site-packages/airflow/example_dags/example_task_group.py
[2025-08-19T03:22:17.322+0000] {processor.py:840} INFO - DAG(s) 'example_task_group' retrieved from /home/airflow/.local/lib/python3.12/site-packages/airflow/example_dags/example_task_group.py
[2025-08-19T03:22:17.346+0000] {logging_mixin.py:188} INFO - [2025-08-19T03:22:17.346+0000] {dag.py:3096} INFO - Sync 1 DAGs
[2025-08-19T03:22:17.368+0000] {logging_mixin.py:188} INFO - [2025-08-19T03:22:17.368+0000] {dag.py:3954} INFO - Setting next_dagrun for example_task_group to 2025-08-18 00:00:00+00:00, run_after=2025-08-19 00:00:00+00:00
[2025-08-19T03:22:17.393+0000] {processor.py:183} INFO - Processing /home/airflow/.local/lib/python3.12/site-packages/airflow/example_dags/example_task_group.py took 0.088 seconds
[2025-08-19T03:22:47.776+0000] {processor.py:161} INFO - Started process (PID=23569) to work on /home/airflow/.local/lib/python3.12/site-packages/airflow/example_dags/example_task_group.py
[2025-08-19T03:22:47.777+0000] {processor.py:830} INFO - Processing file /home/airflow/.local/lib/python3.12/site-packages/airflow/example_dags/example_task_group.py for tasks to queue
[2025-08-19T03:22:47.778+0000] {logging_mixin.py:188} INFO - [2025-08-19T03:22:47.778+0000] {dagbag.py:545} INFO - Filling up the DagBag from /home/airflow/.local/lib/python3.12/site-packages/airflow/example_dags/example_task_group.py
[2025-08-19T03:22:47.786+0000] {processor.py:840} INFO - DAG(s) 'example_task_group' retrieved from /home/airflow/.local/lib/python3.12/site-packages/airflow/example_dags/example_task_group.py
[2025-08-19T03:22:47.809+0000] {logging_mixin.py:188} INFO - [2025-08-19T03:22:47.809+0000] {dag.py:3096} INFO - Sync 1 DAGs
[2025-08-19T03:22:47.840+0000] {logging_mixin.py:188} INFO - [2025-08-19T03:22:47.840+0000] {dag.py:3954} INFO - Setting next_dagrun for example_task_group to 2025-08-18 00:00:00+00:00, run_after=2025-08-19 00:00:00+00:00
[2025-08-19T03:22:47.868+0000] {processor.py:183} INFO - Processing /home/airflow/.local/lib/python3.12/site-packages/airflow/example_dags/example_task_group.py took 0.098 seconds
[2025-08-19T03:23:18.186+0000] {processor.py:161} INFO - Started process (PID=23622) to work on /home/airflow/.local/lib/python3.12/site-packages/airflow/example_dags/example_task_group.py
[2025-08-19T03:23:18.187+0000] {processor.py:830} INFO - Processing file /home/airflow/.local/lib/python3.12/site-packages/airflow/example_dags/example_task_group.py for tasks to queue
[2025-08-19T03:23:18.189+0000] {logging_mixin.py:188} INFO - [2025-08-19T03:23:18.188+0000] {dagbag.py:545} INFO - Filling up the DagBag from /home/airflow/.local/lib/python3.12/site-packages/airflow/example_dags/example_task_group.py
[2025-08-19T03:23:18.197+0000] {processor.py:840} INFO - DAG(s) 'example_task_group' retrieved from /home/airflow/.local/lib/python3.12/site-packages/airflow/example_dags/example_task_group.py
[2025-08-19T03:23:18.221+0000] {logging_mixin.py:188} INFO - [2025-08-19T03:23:18.220+0000] {dag.py:3096} INFO - Sync 1 DAGs
[2025-08-19T03:23:18.243+0000] {logging_mixin.py:188} INFO - [2025-08-19T03:23:18.243+0000] {dag.py:3954} INFO - Setting next_dagrun for example_task_group to 2025-08-18 00:00:00+00:00, run_after=2025-08-19 00:00:00+00:00
[2025-08-19T03:23:18.268+0000] {processor.py:183} INFO - Processing /home/airflow/.local/lib/python3.12/site-packages/airflow/example_dags/example_task_group.py took 0.088 seconds
[2025-08-19T03:23:48.659+0000] {processor.py:161} INFO - Started process (PID=23675) to work on /home/airflow/.local/lib/python3.12/site-packages/airflow/example_dags/example_task_group.py
[2025-08-19T03:23:48.660+0000] {processor.py:830} INFO - Processing file /home/airflow/.local/lib/python3.12/site-packages/airflow/example_dags/example_task_group.py for tasks to queue
[2025-08-19T03:23:48.661+0000] {logging_mixin.py:188} INFO - [2025-08-19T03:23:48.661+0000] {dagbag.py:545} INFO - Filling up the DagBag from /home/airflow/.local/lib/python3.12/site-packages/airflow/example_dags/example_task_group.py
[2025-08-19T03:23:48.669+0000] {processor.py:840} INFO - DAG(s) 'example_task_group' retrieved from /home/airflow/.local/lib/python3.12/site-packages/airflow/example_dags/example_task_group.py
[2025-08-19T03:23:48.692+0000] {logging_mixin.py:188} INFO - [2025-08-19T03:23:48.692+0000] {dag.py:3096} INFO - Sync 1 DAGs
[2025-08-19T03:23:48.714+0000] {logging_mixin.py:188} INFO - [2025-08-19T03:23:48.714+0000] {dag.py:3954} INFO - Setting next_dagrun for example_task_group to 2025-08-18 00:00:00+00:00, run_after=2025-08-19 00:00:00+00:00
[2025-08-19T03:23:48.740+0000] {processor.py:183} INFO - Processing /home/airflow/.local/lib/python3.12/site-packages/airflow/example_dags/example_task_group.py took 0.087 seconds
[2025-08-19T03:24:19.315+0000] {processor.py:161} INFO - Started process (PID=23728) to work on /home/airflow/.local/lib/python3.12/site-packages/airflow/example_dags/example_task_group.py
[2025-08-19T03:24:19.316+0000] {processor.py:830} INFO - Processing file /home/airflow/.local/lib/python3.12/site-packages/airflow/example_dags/example_task_group.py for tasks to queue
[2025-08-19T03:24:19.317+0000] {logging_mixin.py:188} INFO - [2025-08-19T03:24:19.317+0000] {dagbag.py:545} INFO - Filling up the DagBag from /home/airflow/.local/lib/python3.12/site-packages/airflow/example_dags/example_task_group.py
[2025-08-19T03:24:19.326+0000] {processor.py:840} INFO - DAG(s) 'example_task_group' retrieved from /home/airflow/.local/lib/python3.12/site-packages/airflow/example_dags/example_task_group.py
[2025-08-19T03:24:19.353+0000] {logging_mixin.py:188} INFO - [2025-08-19T03:24:19.353+0000] {dag.py:3096} INFO - Sync 1 DAGs
[2025-08-19T03:24:19.384+0000] {logging_mixin.py:188} INFO - [2025-08-19T03:24:19.384+0000] {dag.py:3954} INFO - Setting next_dagrun for example_task_group to 2025-08-18 00:00:00+00:00, run_after=2025-08-19 00:00:00+00:00
[2025-08-19T03:24:19.409+0000] {processor.py:183} INFO - Processing /home/airflow/.local/lib/python3.12/site-packages/airflow/example_dags/example_task_group.py took 0.100 seconds
[2025-08-19T03:24:49.863+0000] {processor.py:161} INFO - Started process (PID=23781) to work on /home/airflow/.local/lib/python3.12/site-packages/airflow/example_dags/example_task_group.py
[2025-08-19T03:24:49.864+0000] {processor.py:830} INFO - Processing file /home/airflow/.local/lib/python3.12/site-packages/airflow/example_dags/example_task_group.py for tasks to queue
[2025-08-19T03:24:49.866+0000] {logging_mixin.py:188} INFO - [2025-08-19T03:24:49.866+0000] {dagbag.py:545} INFO - Filling up the DagBag from /home/airflow/.local/lib/python3.12/site-packages/airflow/example_dags/example_task_group.py
[2025-08-19T03:24:49.880+0000] {processor.py:840} INFO - DAG(s) 'example_task_group' retrieved from /home/airflow/.local/lib/python3.12/site-packages/airflow/example_dags/example_task_group.py
[2025-08-19T03:24:49.907+0000] {logging_mixin.py:188} INFO - [2025-08-19T03:24:49.907+0000] {dag.py:3096} INFO - Sync 1 DAGs
[2025-08-19T03:24:49.931+0000] {logging_mixin.py:188} INFO - [2025-08-19T03:24:49.931+0000] {dag.py:3954} INFO - Setting next_dagrun for example_task_group to 2025-08-18 00:00:00+00:00, run_after=2025-08-19 00:00:00+00:00
[2025-08-19T03:24:49.970+0000] {processor.py:183} INFO - Processing /home/airflow/.local/lib/python3.12/site-packages/airflow/example_dags/example_task_group.py took 0.113 seconds
[2025-08-19T03:25:20.511+0000] {processor.py:161} INFO - Started process (PID=23834) to work on /home/airflow/.local/lib/python3.12/site-packages/airflow/example_dags/example_task_group.py
[2025-08-19T03:25:20.513+0000] {processor.py:830} INFO - Processing file /home/airflow/.local/lib/python3.12/site-packages/airflow/example_dags/example_task_group.py for tasks to queue
[2025-08-19T03:25:20.515+0000] {logging_mixin.py:188} INFO - [2025-08-19T03:25:20.514+0000] {dagbag.py:545} INFO - Filling up the DagBag from /home/airflow/.local/lib/python3.12/site-packages/airflow/example_dags/example_task_group.py
[2025-08-19T03:25:20.526+0000] {processor.py:840} INFO - DAG(s) 'example_task_group' retrieved from /home/airflow/.local/lib/python3.12/site-packages/airflow/example_dags/example_task_group.py
[2025-08-19T03:25:20.559+0000] {logging_mixin.py:188} INFO - [2025-08-19T03:25:20.558+0000] {dag.py:3096} INFO - Sync 1 DAGs
[2025-08-19T03:25:20.594+0000] {logging_mixin.py:188} INFO - [2025-08-19T03:25:20.594+0000] {dag.py:3954} INFO - Setting next_dagrun for example_task_group to 2025-08-18 00:00:00+00:00, run_after=2025-08-19 00:00:00+00:00
[2025-08-19T03:25:20.628+0000] {processor.py:183} INFO - Processing /home/airflow/.local/lib/python3.12/site-packages/airflow/example_dags/example_task_group.py took 0.125 seconds
[2025-08-19T03:25:50.994+0000] {processor.py:161} INFO - Started process (PID=23887) to work on /home/airflow/.local/lib/python3.12/site-packages/airflow/example_dags/example_task_group.py
[2025-08-19T03:25:50.996+0000] {processor.py:830} INFO - Processing file /home/airflow/.local/lib/python3.12/site-packages/airflow/example_dags/example_task_group.py for tasks to queue
[2025-08-19T03:25:50.998+0000] {logging_mixin.py:188} INFO - [2025-08-19T03:25:50.996+0000] {dagbag.py:545} INFO - Filling up the DagBag from /home/airflow/.local/lib/python3.12/site-packages/airflow/example_dags/example_task_group.py
[2025-08-19T03:25:51.009+0000] {processor.py:840} INFO - DAG(s) 'example_task_group' retrieved from /home/airflow/.local/lib/python3.12/site-packages/airflow/example_dags/example_task_group.py
[2025-08-19T03:25:51.035+0000] {logging_mixin.py:188} INFO - [2025-08-19T03:25:51.035+0000] {dag.py:3096} INFO - Sync 1 DAGs
[2025-08-19T03:25:51.058+0000] {logging_mixin.py:188} INFO - [2025-08-19T03:25:51.058+0000] {dag.py:3954} INFO - Setting next_dagrun for example_task_group to 2025-08-18 00:00:00+00:00, run_after=2025-08-19 00:00:00+00:00
[2025-08-19T03:25:51.085+0000] {processor.py:183} INFO - Processing /home/airflow/.local/lib/python3.12/site-packages/airflow/example_dags/example_task_group.py took 0.097 seconds
[2025-08-19T03:26:21.228+0000] {processor.py:161} INFO - Started process (PID=23940) to work on /home/airflow/.local/lib/python3.12/site-packages/airflow/example_dags/example_task_group.py
[2025-08-19T03:26:21.230+0000] {processor.py:830} INFO - Processing file /home/airflow/.local/lib/python3.12/site-packages/airflow/example_dags/example_task_group.py for tasks to queue
[2025-08-19T03:26:21.231+0000] {logging_mixin.py:188} INFO - [2025-08-19T03:26:21.231+0000] {dagbag.py:545} INFO - Filling up the DagBag from /home/airflow/.local/lib/python3.12/site-packages/airflow/example_dags/example_task_group.py
[2025-08-19T03:26:21.241+0000] {processor.py:840} INFO - DAG(s) 'example_task_group' retrieved from /home/airflow/.local/lib/python3.12/site-packages/airflow/example_dags/example_task_group.py
[2025-08-19T03:26:21.263+0000] {logging_mixin.py:188} INFO - [2025-08-19T03:26:21.263+0000] {dag.py:3096} INFO - Sync 1 DAGs
[2025-08-19T03:26:21.285+0000] {logging_mixin.py:188} INFO - [2025-08-19T03:26:21.285+0000] {dag.py:3954} INFO - Setting next_dagrun for example_task_group to 2025-08-18 00:00:00+00:00, run_after=2025-08-19 00:00:00+00:00
[2025-08-19T03:26:21.333+0000] {processor.py:183} INFO - Processing /home/airflow/.local/lib/python3.12/site-packages/airflow/example_dags/example_task_group.py took 0.111 seconds
[2025-08-19T03:26:51.843+0000] {processor.py:161} INFO - Started process (PID=23993) to work on /home/airflow/.local/lib/python3.12/site-packages/airflow/example_dags/example_task_group.py
[2025-08-19T03:26:51.845+0000] {processor.py:830} INFO - Processing file /home/airflow/.local/lib/python3.12/site-packages/airflow/example_dags/example_task_group.py for tasks to queue
[2025-08-19T03:26:51.846+0000] {logging_mixin.py:188} INFO - [2025-08-19T03:26:51.846+0000] {dagbag.py:545} INFO - Filling up the DagBag from /home/airflow/.local/lib/python3.12/site-packages/airflow/example_dags/example_task_group.py
[2025-08-19T03:26:51.855+0000] {processor.py:840} INFO - DAG(s) 'example_task_group' retrieved from /home/airflow/.local/lib/python3.12/site-packages/airflow/example_dags/example_task_group.py
[2025-08-19T03:26:51.879+0000] {logging_mixin.py:188} INFO - [2025-08-19T03:26:51.878+0000] {dag.py:3096} INFO - Sync 1 DAGs
[2025-08-19T03:26:51.900+0000] {logging_mixin.py:188} INFO - [2025-08-19T03:26:51.900+0000] {dag.py:3954} INFO - Setting next_dagrun for example_task_group to 2025-08-18 00:00:00+00:00, run_after=2025-08-19 00:00:00+00:00
[2025-08-19T03:26:51.921+0000] {processor.py:183} INFO - Processing /home/airflow/.local/lib/python3.12/site-packages/airflow/example_dags/example_task_group.py took 0.083 seconds
[2025-08-19T03:27:22.298+0000] {processor.py:161} INFO - Started process (PID=24046) to work on /home/airflow/.local/lib/python3.12/site-packages/airflow/example_dags/example_task_group.py
[2025-08-19T03:27:22.300+0000] {processor.py:830} INFO - Processing file /home/airflow/.local/lib/python3.12/site-packages/airflow/example_dags/example_task_group.py for tasks to queue
[2025-08-19T03:27:22.301+0000] {logging_mixin.py:188} INFO - [2025-08-19T03:27:22.301+0000] {dagbag.py:545} INFO - Filling up the DagBag from /home/airflow/.local/lib/python3.12/site-packages/airflow/example_dags/example_task_group.py
[2025-08-19T03:27:22.309+0000] {processor.py:840} INFO - DAG(s) 'example_task_group' retrieved from /home/airflow/.local/lib/python3.12/site-packages/airflow/example_dags/example_task_group.py
[2025-08-19T03:27:22.330+0000] {logging_mixin.py:188} INFO - [2025-08-19T03:27:22.330+0000] {dag.py:3096} INFO - Sync 1 DAGs
[2025-08-19T03:27:22.352+0000] {logging_mixin.py:188} INFO - [2025-08-19T03:27:22.352+0000] {dag.py:3954} INFO - Setting next_dagrun for example_task_group to 2025-08-18 00:00:00+00:00, run_after=2025-08-19 00:00:00+00:00
[2025-08-19T03:27:22.376+0000] {processor.py:183} INFO - Processing /home/airflow/.local/lib/python3.12/site-packages/airflow/example_dags/example_task_group.py took 0.084 seconds
[2025-08-19T03:27:52.823+0000] {processor.py:161} INFO - Started process (PID=24099) to work on /home/airflow/.local/lib/python3.12/site-packages/airflow/example_dags/example_task_group.py
[2025-08-19T03:27:52.824+0000] {processor.py:830} INFO - Processing file /home/airflow/.local/lib/python3.12/site-packages/airflow/example_dags/example_task_group.py for tasks to queue
[2025-08-19T03:27:52.825+0000] {logging_mixin.py:188} INFO - [2025-08-19T03:27:52.825+0000] {dagbag.py:545} INFO - Filling up the DagBag from /home/airflow/.local/lib/python3.12/site-packages/airflow/example_dags/example_task_group.py
[2025-08-19T03:27:52.834+0000] {processor.py:840} INFO - DAG(s) 'example_task_group' retrieved from /home/airflow/.local/lib/python3.12/site-packages/airflow/example_dags/example_task_group.py
[2025-08-19T03:27:52.856+0000] {logging_mixin.py:188} INFO - [2025-08-19T03:27:52.856+0000] {dag.py:3096} INFO - Sync 1 DAGs
[2025-08-19T03:27:52.880+0000] {logging_mixin.py:188} INFO - [2025-08-19T03:27:52.880+0000] {dag.py:3954} INFO - Setting next_dagrun for example_task_group to 2025-08-18 00:00:00+00:00, run_after=2025-08-19 00:00:00+00:00
[2025-08-19T03:27:52.906+0000] {processor.py:183} INFO - Processing /home/airflow/.local/lib/python3.12/site-packages/airflow/example_dags/example_task_group.py took 0.090 seconds
[2025-08-19T03:28:23.230+0000] {processor.py:161} INFO - Started process (PID=24152) to work on /home/airflow/.local/lib/python3.12/site-packages/airflow/example_dags/example_task_group.py
[2025-08-19T03:28:23.231+0000] {processor.py:830} INFO - Processing file /home/airflow/.local/lib/python3.12/site-packages/airflow/example_dags/example_task_group.py for tasks to queue
[2025-08-19T03:28:23.232+0000] {logging_mixin.py:188} INFO - [2025-08-19T03:28:23.231+0000] {dagbag.py:545} INFO - Filling up the DagBag from /home/airflow/.local/lib/python3.12/site-packages/airflow/example_dags/example_task_group.py
[2025-08-19T03:28:23.240+0000] {processor.py:840} INFO - DAG(s) 'example_task_group' retrieved from /home/airflow/.local/lib/python3.12/site-packages/airflow/example_dags/example_task_group.py
[2025-08-19T03:28:23.262+0000] {logging_mixin.py:188} INFO - [2025-08-19T03:28:23.262+0000] {dag.py:3096} INFO - Sync 1 DAGs
[2025-08-19T03:28:23.284+0000] {logging_mixin.py:188} INFO - [2025-08-19T03:28:23.283+0000] {dag.py:3954} INFO - Setting next_dagrun for example_task_group to 2025-08-18 00:00:00+00:00, run_after=2025-08-19 00:00:00+00:00
[2025-08-19T03:28:23.311+0000] {processor.py:183} INFO - Processing /home/airflow/.local/lib/python3.12/site-packages/airflow/example_dags/example_task_group.py took 0.090 seconds
[2025-08-19T03:28:53.680+0000] {processor.py:161} INFO - Started process (PID=24205) to work on /home/airflow/.local/lib/python3.12/site-packages/airflow/example_dags/example_task_group.py
[2025-08-19T03:28:53.681+0000] {processor.py:830} INFO - Processing file /home/airflow/.local/lib/python3.12/site-packages/airflow/example_dags/example_task_group.py for tasks to queue
[2025-08-19T03:28:53.682+0000] {logging_mixin.py:188} INFO - [2025-08-19T03:28:53.682+0000] {dagbag.py:545} INFO - Filling up the DagBag from /home/airflow/.local/lib/python3.12/site-packages/airflow/example_dags/example_task_group.py
[2025-08-19T03:28:53.692+0000] {processor.py:840} INFO - DAG(s) 'example_task_group' retrieved from /home/airflow/.local/lib/python3.12/site-packages/airflow/example_dags/example_task_group.py
[2025-08-19T03:28:53.714+0000] {logging_mixin.py:188} INFO - [2025-08-19T03:28:53.714+0000] {dag.py:3096} INFO - Sync 1 DAGs
[2025-08-19T03:28:53.737+0000] {logging_mixin.py:188} INFO - [2025-08-19T03:28:53.737+0000] {dag.py:3954} INFO - Setting next_dagrun for example_task_group to 2025-08-18 00:00:00+00:00, run_after=2025-08-19 00:00:00+00:00
[2025-08-19T03:28:53.762+0000] {processor.py:183} INFO - Processing /home/airflow/.local/lib/python3.12/site-packages/airflow/example_dags/example_task_group.py took 0.089 seconds
[2025-08-19T03:29:24.055+0000] {processor.py:161} INFO - Started process (PID=24258) to work on /home/airflow/.local/lib/python3.12/site-packages/airflow/example_dags/example_task_group.py
[2025-08-19T03:29:24.057+0000] {processor.py:830} INFO - Processing file /home/airflow/.local/lib/python3.12/site-packages/airflow/example_dags/example_task_group.py for tasks to queue
[2025-08-19T03:29:24.058+0000] {logging_mixin.py:188} INFO - [2025-08-19T03:29:24.058+0000] {dagbag.py:545} INFO - Filling up the DagBag from /home/airflow/.local/lib/python3.12/site-packages/airflow/example_dags/example_task_group.py
[2025-08-19T03:29:24.066+0000] {processor.py:840} INFO - DAG(s) 'example_task_group' retrieved from /home/airflow/.local/lib/python3.12/site-packages/airflow/example_dags/example_task_group.py
[2025-08-19T03:29:24.092+0000] {logging_mixin.py:188} INFO - [2025-08-19T03:29:24.092+0000] {dag.py:3096} INFO - Sync 1 DAGs
[2025-08-19T03:29:24.114+0000] {logging_mixin.py:188} INFO - [2025-08-19T03:29:24.113+0000] {dag.py:3954} INFO - Setting next_dagrun for example_task_group to 2025-08-18 00:00:00+00:00, run_after=2025-08-19 00:00:00+00:00
[2025-08-19T03:29:24.142+0000] {processor.py:183} INFO - Processing /home/airflow/.local/lib/python3.12/site-packages/airflow/example_dags/example_task_group.py took 0.092 seconds
[2025-08-19T03:29:54.388+0000] {processor.py:161} INFO - Started process (PID=24311) to work on /home/airflow/.local/lib/python3.12/site-packages/airflow/example_dags/example_task_group.py
[2025-08-19T03:29:54.390+0000] {processor.py:830} INFO - Processing file /home/airflow/.local/lib/python3.12/site-packages/airflow/example_dags/example_task_group.py for tasks to queue
[2025-08-19T03:29:54.392+0000] {logging_mixin.py:188} INFO - [2025-08-19T03:29:54.391+0000] {dagbag.py:545} INFO - Filling up the DagBag from /home/airflow/.local/lib/python3.12/site-packages/airflow/example_dags/example_task_group.py
[2025-08-19T03:29:54.399+0000] {processor.py:840} INFO - DAG(s) 'example_task_group' retrieved from /home/airflow/.local/lib/python3.12/site-packages/airflow/example_dags/example_task_group.py
[2025-08-19T03:29:54.421+0000] {logging_mixin.py:188} INFO - [2025-08-19T03:29:54.420+0000] {dag.py:3096} INFO - Sync 1 DAGs
[2025-08-19T03:29:54.443+0000] {logging_mixin.py:188} INFO - [2025-08-19T03:29:54.443+0000] {dag.py:3954} INFO - Setting next_dagrun for example_task_group to 2025-08-18 00:00:00+00:00, run_after=2025-08-19 00:00:00+00:00
[2025-08-19T03:29:54.467+0000] {processor.py:183} INFO - Processing /home/airflow/.local/lib/python3.12/site-packages/airflow/example_dags/example_task_group.py took 0.084 seconds
[2025-08-19T03:30:24.921+0000] {processor.py:161} INFO - Started process (PID=24364) to work on /home/airflow/.local/lib/python3.12/site-packages/airflow/example_dags/example_task_group.py
[2025-08-19T03:30:24.922+0000] {processor.py:830} INFO - Processing file /home/airflow/.local/lib/python3.12/site-packages/airflow/example_dags/example_task_group.py for tasks to queue
[2025-08-19T03:30:24.924+0000] {logging_mixin.py:188} INFO - [2025-08-19T03:30:24.924+0000] {dagbag.py:545} INFO - Filling up the DagBag from /home/airflow/.local/lib/python3.12/site-packages/airflow/example_dags/example_task_group.py
[2025-08-19T03:30:24.932+0000] {processor.py:840} INFO - DAG(s) 'example_task_group' retrieved from /home/airflow/.local/lib/python3.12/site-packages/airflow/example_dags/example_task_group.py
[2025-08-19T03:30:24.956+0000] {logging_mixin.py:188} INFO - [2025-08-19T03:30:24.956+0000] {dag.py:3096} INFO - Sync 1 DAGs
[2025-08-19T03:30:24.982+0000] {logging_mixin.py:188} INFO - [2025-08-19T03:30:24.981+0000] {dag.py:3954} INFO - Setting next_dagrun for example_task_group to 2025-08-18 00:00:00+00:00, run_after=2025-08-19 00:00:00+00:00
[2025-08-19T03:30:25.005+0000] {processor.py:183} INFO - Processing /home/airflow/.local/lib/python3.12/site-packages/airflow/example_dags/example_task_group.py took 0.091 seconds
[2025-08-19T03:30:55.520+0000] {processor.py:161} INFO - Started process (PID=24417) to work on /home/airflow/.local/lib/python3.12/site-packages/airflow/example_dags/example_task_group.py
[2025-08-19T03:30:55.521+0000] {processor.py:830} INFO - Processing file /home/airflow/.local/lib/python3.12/site-packages/airflow/example_dags/example_task_group.py for tasks to queue
[2025-08-19T03:30:55.523+0000] {logging_mixin.py:188} INFO - [2025-08-19T03:30:55.522+0000] {dagbag.py:545} INFO - Filling up the DagBag from /home/airflow/.local/lib/python3.12/site-packages/airflow/example_dags/example_task_group.py
[2025-08-19T03:30:55.531+0000] {processor.py:840} INFO - DAG(s) 'example_task_group' retrieved from /home/airflow/.local/lib/python3.12/site-packages/airflow/example_dags/example_task_group.py
[2025-08-19T03:30:55.556+0000] {logging_mixin.py:188} INFO - [2025-08-19T03:30:55.555+0000] {dag.py:3096} INFO - Sync 1 DAGs
[2025-08-19T03:30:55.579+0000] {logging_mixin.py:188} INFO - [2025-08-19T03:30:55.579+0000] {dag.py:3954} INFO - Setting next_dagrun for example_task_group to 2025-08-18 00:00:00+00:00, run_after=2025-08-19 00:00:00+00:00
[2025-08-19T03:30:55.603+0000] {processor.py:183} INFO - Processing /home/airflow/.local/lib/python3.12/site-packages/airflow/example_dags/example_task_group.py took 0.091 seconds
[2025-08-19T03:31:26.642+0000] {processor.py:161} INFO - Started process (PID=24470) to work on /home/airflow/.local/lib/python3.12/site-packages/airflow/example_dags/example_task_group.py
[2025-08-19T03:31:26.643+0000] {processor.py:830} INFO - Processing file /home/airflow/.local/lib/python3.12/site-packages/airflow/example_dags/example_task_group.py for tasks to queue
[2025-08-19T03:31:26.645+0000] {logging_mixin.py:188} INFO - [2025-08-19T03:31:26.644+0000] {dagbag.py:545} INFO - Filling up the DagBag from /home/airflow/.local/lib/python3.12/site-packages/airflow/example_dags/example_task_group.py
[2025-08-19T03:31:26.656+0000] {processor.py:840} INFO - DAG(s) 'example_task_group' retrieved from /home/airflow/.local/lib/python3.12/site-packages/airflow/example_dags/example_task_group.py
[2025-08-19T03:31:26.681+0000] {logging_mixin.py:188} INFO - [2025-08-19T03:31:26.680+0000] {dag.py:3096} INFO - Sync 1 DAGs
[2025-08-19T03:31:26.705+0000] {logging_mixin.py:188} INFO - [2025-08-19T03:31:26.704+0000] {dag.py:3954} INFO - Setting next_dagrun for example_task_group to 2025-08-18 00:00:00+00:00, run_after=2025-08-19 00:00:00+00:00
[2025-08-19T03:31:26.726+0000] {processor.py:183} INFO - Processing /home/airflow/.local/lib/python3.12/site-packages/airflow/example_dags/example_task_group.py took 0.091 seconds
[2025-08-19T03:31:57.058+0000] {processor.py:161} INFO - Started process (PID=24523) to work on /home/airflow/.local/lib/python3.12/site-packages/airflow/example_dags/example_task_group.py
[2025-08-19T03:31:57.060+0000] {processor.py:830} INFO - Processing file /home/airflow/.local/lib/python3.12/site-packages/airflow/example_dags/example_task_group.py for tasks to queue
[2025-08-19T03:31:57.061+0000] {logging_mixin.py:188} INFO - [2025-08-19T03:31:57.061+0000] {dagbag.py:545} INFO - Filling up the DagBag from /home/airflow/.local/lib/python3.12/site-packages/airflow/example_dags/example_task_group.py
[2025-08-19T03:31:57.071+0000] {processor.py:840} INFO - DAG(s) 'example_task_group' retrieved from /home/airflow/.local/lib/python3.12/site-packages/airflow/example_dags/example_task_group.py
[2025-08-19T03:31:57.093+0000] {logging_mixin.py:188} INFO - [2025-08-19T03:31:57.093+0000] {dag.py:3096} INFO - Sync 1 DAGs
[2025-08-19T03:31:57.115+0000] {logging_mixin.py:188} INFO - [2025-08-19T03:31:57.115+0000] {dag.py:3954} INFO - Setting next_dagrun for example_task_group to 2025-08-18 00:00:00+00:00, run_after=2025-08-19 00:00:00+00:00
[2025-08-19T03:31:57.138+0000] {processor.py:183} INFO - Processing /home/airflow/.local/lib/python3.12/site-packages/airflow/example_dags/example_task_group.py took 0.088 seconds
[2025-08-19T03:32:27.467+0000] {processor.py:161} INFO - Started process (PID=24576) to work on /home/airflow/.local/lib/python3.12/site-packages/airflow/example_dags/example_task_group.py
[2025-08-19T03:32:27.469+0000] {processor.py:830} INFO - Processing file /home/airflow/.local/lib/python3.12/site-packages/airflow/example_dags/example_task_group.py for tasks to queue
[2025-08-19T03:32:27.470+0000] {logging_mixin.py:188} INFO - [2025-08-19T03:32:27.470+0000] {dagbag.py:545} INFO - Filling up the DagBag from /home/airflow/.local/lib/python3.12/site-packages/airflow/example_dags/example_task_group.py
[2025-08-19T03:32:27.479+0000] {processor.py:840} INFO - DAG(s) 'example_task_group' retrieved from /home/airflow/.local/lib/python3.12/site-packages/airflow/example_dags/example_task_group.py
[2025-08-19T03:32:27.503+0000] {logging_mixin.py:188} INFO - [2025-08-19T03:32:27.503+0000] {dag.py:3096} INFO - Sync 1 DAGs
[2025-08-19T03:32:27.526+0000] {logging_mixin.py:188} INFO - [2025-08-19T03:32:27.526+0000] {dag.py:3954} INFO - Setting next_dagrun for example_task_group to 2025-08-18 00:00:00+00:00, run_after=2025-08-19 00:00:00+00:00
[2025-08-19T03:32:27.551+0000] {processor.py:183} INFO - Processing /home/airflow/.local/lib/python3.12/site-packages/airflow/example_dags/example_task_group.py took 0.090 seconds
[2025-08-19T03:32:58.145+0000] {processor.py:161} INFO - Started process (PID=24629) to work on /home/airflow/.local/lib/python3.12/site-packages/airflow/example_dags/example_task_group.py
[2025-08-19T03:32:58.148+0000] {processor.py:830} INFO - Processing file /home/airflow/.local/lib/python3.12/site-packages/airflow/example_dags/example_task_group.py for tasks to queue
[2025-08-19T03:32:58.150+0000] {logging_mixin.py:188} INFO - [2025-08-19T03:32:58.149+0000] {dagbag.py:545} INFO - Filling up the DagBag from /home/airflow/.local/lib/python3.12/site-packages/airflow/example_dags/example_task_group.py
[2025-08-19T03:32:58.169+0000] {processor.py:840} INFO - DAG(s) 'example_task_group' retrieved from /home/airflow/.local/lib/python3.12/site-packages/airflow/example_dags/example_task_group.py
[2025-08-19T03:32:58.222+0000] {logging_mixin.py:188} INFO - [2025-08-19T03:32:58.221+0000] {dag.py:3096} INFO - Sync 1 DAGs
[2025-08-19T03:32:58.268+0000] {logging_mixin.py:188} INFO - [2025-08-19T03:32:58.267+0000] {dag.py:3954} INFO - Setting next_dagrun for example_task_group to 2025-08-18 00:00:00+00:00, run_after=2025-08-19 00:00:00+00:00
[2025-08-19T03:32:58.319+0000] {processor.py:183} INFO - Processing /home/airflow/.local/lib/python3.12/site-packages/airflow/example_dags/example_task_group.py took 0.185 seconds
[2025-08-19T03:33:30.255+0000] {processor.py:161} INFO - Started process (PID=24682) to work on /home/airflow/.local/lib/python3.12/site-packages/airflow/example_dags/example_task_group.py
[2025-08-19T03:33:30.261+0000] {processor.py:830} INFO - Processing file /home/airflow/.local/lib/python3.12/site-packages/airflow/example_dags/example_task_group.py for tasks to queue
[2025-08-19T03:33:30.265+0000] {logging_mixin.py:188} INFO - [2025-08-19T03:33:30.264+0000] {dagbag.py:545} INFO - Filling up the DagBag from /home/airflow/.local/lib/python3.12/site-packages/airflow/example_dags/example_task_group.py
[2025-08-19T03:33:30.314+0000] {processor.py:840} INFO - DAG(s) 'example_task_group' retrieved from /home/airflow/.local/lib/python3.12/site-packages/airflow/example_dags/example_task_group.py
[2025-08-19T03:33:30.402+0000] {logging_mixin.py:188} INFO - [2025-08-19T03:33:30.402+0000] {dag.py:3096} INFO - Sync 1 DAGs
[2025-08-19T03:33:30.529+0000] {logging_mixin.py:188} INFO - [2025-08-19T03:33:30.528+0000] {dag.py:3954} INFO - Setting next_dagrun for example_task_group to 2025-08-18 00:00:00+00:00, run_after=2025-08-19 00:00:00+00:00
[2025-08-19T03:33:30.640+0000] {processor.py:183} INFO - Processing /home/airflow/.local/lib/python3.12/site-packages/airflow/example_dags/example_task_group.py took 0.416 seconds
[2025-08-19T03:34:00.985+0000] {processor.py:161} INFO - Started process (PID=24733) to work on /home/airflow/.local/lib/python3.12/site-packages/airflow/example_dags/example_task_group.py
[2025-08-19T03:34:00.987+0000] {processor.py:830} INFO - Processing file /home/airflow/.local/lib/python3.12/site-packages/airflow/example_dags/example_task_group.py for tasks to queue
[2025-08-19T03:34:00.988+0000] {logging_mixin.py:188} INFO - [2025-08-19T03:34:00.988+0000] {dagbag.py:545} INFO - Filling up the DagBag from /home/airflow/.local/lib/python3.12/site-packages/airflow/example_dags/example_task_group.py
[2025-08-19T03:34:00.997+0000] {processor.py:840} INFO - DAG(s) 'example_task_group' retrieved from /home/airflow/.local/lib/python3.12/site-packages/airflow/example_dags/example_task_group.py
[2025-08-19T03:34:01.023+0000] {logging_mixin.py:188} INFO - [2025-08-19T03:34:01.023+0000] {dag.py:3096} INFO - Sync 1 DAGs
[2025-08-19T03:34:01.048+0000] {logging_mixin.py:188} INFO - [2025-08-19T03:34:01.048+0000] {dag.py:3954} INFO - Setting next_dagrun for example_task_group to 2025-08-18 00:00:00+00:00, run_after=2025-08-19 00:00:00+00:00
[2025-08-19T03:34:01.090+0000] {processor.py:183} INFO - Processing /home/airflow/.local/lib/python3.12/site-packages/airflow/example_dags/example_task_group.py took 0.112 seconds
[2025-08-19T03:34:31.305+0000] {processor.py:161} INFO - Started process (PID=24786) to work on /home/airflow/.local/lib/python3.12/site-packages/airflow/example_dags/example_task_group.py
[2025-08-19T03:34:31.307+0000] {processor.py:830} INFO - Processing file /home/airflow/.local/lib/python3.12/site-packages/airflow/example_dags/example_task_group.py for tasks to queue
[2025-08-19T03:34:31.309+0000] {logging_mixin.py:188} INFO - [2025-08-19T03:34:31.308+0000] {dagbag.py:545} INFO - Filling up the DagBag from /home/airflow/.local/lib/python3.12/site-packages/airflow/example_dags/example_task_group.py
[2025-08-19T03:34:31.320+0000] {processor.py:840} INFO - DAG(s) 'example_task_group' retrieved from /home/airflow/.local/lib/python3.12/site-packages/airflow/example_dags/example_task_group.py
[2025-08-19T03:34:31.351+0000] {logging_mixin.py:188} INFO - [2025-08-19T03:34:31.351+0000] {dag.py:3096} INFO - Sync 1 DAGs
[2025-08-19T03:34:31.382+0000] {logging_mixin.py:188} INFO - [2025-08-19T03:34:31.382+0000] {dag.py:3954} INFO - Setting next_dagrun for example_task_group to 2025-08-18 00:00:00+00:00, run_after=2025-08-19 00:00:00+00:00
[2025-08-19T03:34:31.419+0000] {processor.py:183} INFO - Processing /home/airflow/.local/lib/python3.12/site-packages/airflow/example_dags/example_task_group.py took 0.123 seconds
[2025-08-19T03:35:01.642+0000] {processor.py:161} INFO - Started process (PID=24839) to work on /home/airflow/.local/lib/python3.12/site-packages/airflow/example_dags/example_task_group.py
[2025-08-19T03:35:01.644+0000] {processor.py:830} INFO - Processing file /home/airflow/.local/lib/python3.12/site-packages/airflow/example_dags/example_task_group.py for tasks to queue
[2025-08-19T03:35:01.647+0000] {logging_mixin.py:188} INFO - [2025-08-19T03:35:01.646+0000] {dagbag.py:545} INFO - Filling up the DagBag from /home/airflow/.local/lib/python3.12/site-packages/airflow/example_dags/example_task_group.py
[2025-08-19T03:35:01.660+0000] {processor.py:840} INFO - DAG(s) 'example_task_group' retrieved from /home/airflow/.local/lib/python3.12/site-packages/airflow/example_dags/example_task_group.py
[2025-08-19T03:35:01.688+0000] {logging_mixin.py:188} INFO - [2025-08-19T03:35:01.687+0000] {dag.py:3096} INFO - Sync 1 DAGs
[2025-08-19T03:35:01.712+0000] {logging_mixin.py:188} INFO - [2025-08-19T03:35:01.712+0000] {dag.py:3954} INFO - Setting next_dagrun for example_task_group to 2025-08-18 00:00:00+00:00, run_after=2025-08-19 00:00:00+00:00
[2025-08-19T03:35:01.738+0000] {processor.py:183} INFO - Processing /home/airflow/.local/lib/python3.12/site-packages/airflow/example_dags/example_task_group.py took 0.103 seconds
[2025-08-19T03:35:31.945+0000] {processor.py:161} INFO - Started process (PID=24892) to work on /home/airflow/.local/lib/python3.12/site-packages/airflow/example_dags/example_task_group.py
[2025-08-19T03:35:31.947+0000] {processor.py:830} INFO - Processing file /home/airflow/.local/lib/python3.12/site-packages/airflow/example_dags/example_task_group.py for tasks to queue
[2025-08-19T03:35:31.948+0000] {logging_mixin.py:188} INFO - [2025-08-19T03:35:31.948+0000] {dagbag.py:545} INFO - Filling up the DagBag from /home/airflow/.local/lib/python3.12/site-packages/airflow/example_dags/example_task_group.py
[2025-08-19T03:35:31.957+0000] {processor.py:840} INFO - DAG(s) 'example_task_group' retrieved from /home/airflow/.local/lib/python3.12/site-packages/airflow/example_dags/example_task_group.py
[2025-08-19T03:35:31.981+0000] {logging_mixin.py:188} INFO - [2025-08-19T03:35:31.981+0000] {dag.py:3096} INFO - Sync 1 DAGs
[2025-08-19T03:35:32.014+0000] {logging_mixin.py:188} INFO - [2025-08-19T03:35:32.014+0000] {dag.py:3954} INFO - Setting next_dagrun for example_task_group to 2025-08-18 00:00:00+00:00, run_after=2025-08-19 00:00:00+00:00
[2025-08-19T03:35:32.052+0000] {processor.py:183} INFO - Processing /home/airflow/.local/lib/python3.12/site-packages/airflow/example_dags/example_task_group.py took 0.115 seconds
[2025-08-19T03:36:02.399+0000] {processor.py:161} INFO - Started process (PID=24945) to work on /home/airflow/.local/lib/python3.12/site-packages/airflow/example_dags/example_task_group.py
[2025-08-19T03:36:02.400+0000] {processor.py:830} INFO - Processing file /home/airflow/.local/lib/python3.12/site-packages/airflow/example_dags/example_task_group.py for tasks to queue
[2025-08-19T03:36:02.402+0000] {logging_mixin.py:188} INFO - [2025-08-19T03:36:02.402+0000] {dagbag.py:545} INFO - Filling up the DagBag from /home/airflow/.local/lib/python3.12/site-packages/airflow/example_dags/example_task_group.py
[2025-08-19T03:36:02.411+0000] {processor.py:840} INFO - DAG(s) 'example_task_group' retrieved from /home/airflow/.local/lib/python3.12/site-packages/airflow/example_dags/example_task_group.py
[2025-08-19T03:36:02.439+0000] {logging_mixin.py:188} INFO - [2025-08-19T03:36:02.438+0000] {dag.py:3096} INFO - Sync 1 DAGs
[2025-08-19T03:36:02.468+0000] {logging_mixin.py:188} INFO - [2025-08-19T03:36:02.468+0000] {dag.py:3954} INFO - Setting next_dagrun for example_task_group to 2025-08-18 00:00:00+00:00, run_after=2025-08-19 00:00:00+00:00
[2025-08-19T03:36:02.493+0000] {processor.py:183} INFO - Processing /home/airflow/.local/lib/python3.12/site-packages/airflow/example_dags/example_task_group.py took 0.103 seconds
[2025-08-19T03:36:33.082+0000] {processor.py:161} INFO - Started process (PID=24998) to work on /home/airflow/.local/lib/python3.12/site-packages/airflow/example_dags/example_task_group.py
[2025-08-19T03:36:33.084+0000] {processor.py:830} INFO - Processing file /home/airflow/.local/lib/python3.12/site-packages/airflow/example_dags/example_task_group.py for tasks to queue
[2025-08-19T03:36:33.085+0000] {logging_mixin.py:188} INFO - [2025-08-19T03:36:33.085+0000] {dagbag.py:545} INFO - Filling up the DagBag from /home/airflow/.local/lib/python3.12/site-packages/airflow/example_dags/example_task_group.py
[2025-08-19T03:36:33.102+0000] {processor.py:840} INFO - DAG(s) 'example_task_group' retrieved from /home/airflow/.local/lib/python3.12/site-packages/airflow/example_dags/example_task_group.py
[2025-08-19T03:36:33.136+0000] {logging_mixin.py:188} INFO - [2025-08-19T03:36:33.135+0000] {dag.py:3096} INFO - Sync 1 DAGs
[2025-08-19T03:36:33.169+0000] {logging_mixin.py:188} INFO - [2025-08-19T03:36:33.169+0000] {dag.py:3954} INFO - Setting next_dagrun for example_task_group to 2025-08-18 00:00:00+00:00, run_after=2025-08-19 00:00:00+00:00
[2025-08-19T03:36:33.207+0000] {processor.py:183} INFO - Processing /home/airflow/.local/lib/python3.12/site-packages/airflow/example_dags/example_task_group.py took 0.134 seconds
[2025-08-19T03:37:04.060+0000] {processor.py:161} INFO - Started process (PID=25051) to work on /home/airflow/.local/lib/python3.12/site-packages/airflow/example_dags/example_task_group.py
[2025-08-19T03:37:04.062+0000] {processor.py:830} INFO - Processing file /home/airflow/.local/lib/python3.12/site-packages/airflow/example_dags/example_task_group.py for tasks to queue
[2025-08-19T03:37:04.063+0000] {logging_mixin.py:188} INFO - [2025-08-19T03:37:04.063+0000] {dagbag.py:545} INFO - Filling up the DagBag from /home/airflow/.local/lib/python3.12/site-packages/airflow/example_dags/example_task_group.py
[2025-08-19T03:37:04.074+0000] {processor.py:840} INFO - DAG(s) 'example_task_group' retrieved from /home/airflow/.local/lib/python3.12/site-packages/airflow/example_dags/example_task_group.py
[2025-08-19T03:37:04.100+0000] {logging_mixin.py:188} INFO - [2025-08-19T03:37:04.099+0000] {dag.py:3096} INFO - Sync 1 DAGs
[2025-08-19T03:37:04.124+0000] {logging_mixin.py:188} INFO - [2025-08-19T03:37:04.124+0000] {dag.py:3954} INFO - Setting next_dagrun for example_task_group to 2025-08-18 00:00:00+00:00, run_after=2025-08-19 00:00:00+00:00
[2025-08-19T03:37:04.158+0000] {processor.py:183} INFO - Processing /home/airflow/.local/lib/python3.12/site-packages/airflow/example_dags/example_task_group.py took 0.105 seconds
