[2025-08-19T03:10:06.163+0000] {processor.py:161} INFO - Started process (PID=22257) to work on /home/airflow/.local/lib/python3.12/site-packages/airflow/example_dags/example_xcom.py
[2025-08-19T03:10:06.167+0000] {processor.py:830} INFO - Processing file /home/airflow/.local/lib/python3.12/site-packages/airflow/example_dags/example_xcom.py for tasks to queue
[2025-08-19T03:10:06.170+0000] {logging_mixin.py:188} INFO - [2025-08-19T03:10:06.169+0000] {dagbag.py:545} INFO - Filling up the DagBag from /home/airflow/.local/lib/python3.12/site-packages/airflow/example_dags/example_xcom.py
[2025-08-19T03:10:06.197+0000] {processor.py:840} INFO - DAG(s) 'example_xcom' retrieved from /home/airflow/.local/lib/python3.12/site-packages/airflow/example_dags/example_xcom.py
[2025-08-19T03:10:06.268+0000] {logging_mixin.py:188} INFO - [2025-08-19T03:10:06.267+0000] {dag.py:3096} INFO - Sync 1 DAGs
[2025-08-19T03:10:06.323+0000] {logging_mixin.py:188} INFO - [2025-08-19T03:10:06.323+0000] {dag.py:3954} INFO - Setting next_dagrun for example_xcom to 2021-01-01 00:00:00+00:00, run_after=2021-01-01 00:00:00+00:00
[2025-08-19T03:10:06.398+0000] {processor.py:183} INFO - Processing /home/airflow/.local/lib/python3.12/site-packages/airflow/example_dags/example_xcom.py took 0.256 seconds
[2025-08-19T03:10:36.775+0000] {processor.py:161} INFO - Started process (PID=22310) to work on /home/airflow/.local/lib/python3.12/site-packages/airflow/example_dags/example_xcom.py
[2025-08-19T03:10:36.777+0000] {processor.py:830} INFO - Processing file /home/airflow/.local/lib/python3.12/site-packages/airflow/example_dags/example_xcom.py for tasks to queue
[2025-08-19T03:10:36.778+0000] {logging_mixin.py:188} INFO - [2025-08-19T03:10:36.778+0000] {dagbag.py:545} INFO - Filling up the DagBag from /home/airflow/.local/lib/python3.12/site-packages/airflow/example_dags/example_xcom.py
[2025-08-19T03:10:36.787+0000] {processor.py:840} INFO - DAG(s) 'example_xcom' retrieved from /home/airflow/.local/lib/python3.12/site-packages/airflow/example_dags/example_xcom.py
[2025-08-19T03:10:36.811+0000] {logging_mixin.py:188} INFO - [2025-08-19T03:10:36.810+0000] {dag.py:3096} INFO - Sync 1 DAGs
[2025-08-19T03:10:36.834+0000] {logging_mixin.py:188} INFO - [2025-08-19T03:10:36.834+0000] {dag.py:3954} INFO - Setting next_dagrun for example_xcom to 2021-01-01 00:00:00+00:00, run_after=2021-01-01 00:00:00+00:00
[2025-08-19T03:10:36.863+0000] {processor.py:183} INFO - Processing /home/airflow/.local/lib/python3.12/site-packages/airflow/example_dags/example_xcom.py took 0.094 seconds
[2025-08-19T03:11:07.348+0000] {processor.py:161} INFO - Started process (PID=22363) to work on /home/airflow/.local/lib/python3.12/site-packages/airflow/example_dags/example_xcom.py
[2025-08-19T03:11:07.350+0000] {processor.py:830} INFO - Processing file /home/airflow/.local/lib/python3.12/site-packages/airflow/example_dags/example_xcom.py for tasks to queue
[2025-08-19T03:11:07.352+0000] {logging_mixin.py:188} INFO - [2025-08-19T03:11:07.351+0000] {dagbag.py:545} INFO - Filling up the DagBag from /home/airflow/.local/lib/python3.12/site-packages/airflow/example_dags/example_xcom.py
[2025-08-19T03:11:07.361+0000] {processor.py:840} INFO - DAG(s) 'example_xcom' retrieved from /home/airflow/.local/lib/python3.12/site-packages/airflow/example_dags/example_xcom.py
[2025-08-19T03:11:07.389+0000] {logging_mixin.py:188} INFO - [2025-08-19T03:11:07.389+0000] {dag.py:3096} INFO - Sync 1 DAGs
[2025-08-19T03:11:07.413+0000] {logging_mixin.py:188} INFO - [2025-08-19T03:11:07.412+0000] {dag.py:3954} INFO - Setting next_dagrun for example_xcom to 2021-01-01 00:00:00+00:00, run_after=2021-01-01 00:00:00+00:00
[2025-08-19T03:11:07.442+0000] {processor.py:183} INFO - Processing /home/airflow/.local/lib/python3.12/site-packages/airflow/example_dags/example_xcom.py took 0.100 seconds
[2025-08-19T03:11:37.521+0000] {processor.py:161} INFO - Started process (PID=22416) to work on /home/airflow/.local/lib/python3.12/site-packages/airflow/example_dags/example_xcom.py
[2025-08-19T03:11:37.523+0000] {processor.py:830} INFO - Processing file /home/airflow/.local/lib/python3.12/site-packages/airflow/example_dags/example_xcom.py for tasks to queue
[2025-08-19T03:11:37.524+0000] {logging_mixin.py:188} INFO - [2025-08-19T03:11:37.524+0000] {dagbag.py:545} INFO - Filling up the DagBag from /home/airflow/.local/lib/python3.12/site-packages/airflow/example_dags/example_xcom.py
[2025-08-19T03:11:37.532+0000] {processor.py:840} INFO - DAG(s) 'example_xcom' retrieved from /home/airflow/.local/lib/python3.12/site-packages/airflow/example_dags/example_xcom.py
[2025-08-19T03:11:37.557+0000] {logging_mixin.py:188} INFO - [2025-08-19T03:11:37.556+0000] {dag.py:3096} INFO - Sync 1 DAGs
[2025-08-19T03:11:37.580+0000] {logging_mixin.py:188} INFO - [2025-08-19T03:11:37.580+0000] {dag.py:3954} INFO - Setting next_dagrun for example_xcom to 2021-01-01 00:00:00+00:00, run_after=2021-01-01 00:00:00+00:00
[2025-08-19T03:11:37.608+0000] {processor.py:183} INFO - Processing /home/airflow/.local/lib/python3.12/site-packages/airflow/example_dags/example_xcom.py took 0.093 seconds
[2025-08-19T03:12:07.999+0000] {processor.py:161} INFO - Started process (PID=22469) to work on /home/airflow/.local/lib/python3.12/site-packages/airflow/example_dags/example_xcom.py
[2025-08-19T03:12:08.000+0000] {processor.py:830} INFO - Processing file /home/airflow/.local/lib/python3.12/site-packages/airflow/example_dags/example_xcom.py for tasks to queue
[2025-08-19T03:12:08.001+0000] {logging_mixin.py:188} INFO - [2025-08-19T03:12:08.001+0000] {dagbag.py:545} INFO - Filling up the DagBag from /home/airflow/.local/lib/python3.12/site-packages/airflow/example_dags/example_xcom.py
[2025-08-19T03:12:08.010+0000] {processor.py:840} INFO - DAG(s) 'example_xcom' retrieved from /home/airflow/.local/lib/python3.12/site-packages/airflow/example_dags/example_xcom.py
[2025-08-19T03:12:08.035+0000] {logging_mixin.py:188} INFO - [2025-08-19T03:12:08.035+0000] {dag.py:3096} INFO - Sync 1 DAGs
[2025-08-19T03:12:08.058+0000] {logging_mixin.py:188} INFO - [2025-08-19T03:12:08.058+0000] {dag.py:3954} INFO - Setting next_dagrun for example_xcom to 2021-01-01 00:00:00+00:00, run_after=2021-01-01 00:00:00+00:00
[2025-08-19T03:12:08.081+0000] {processor.py:183} INFO - Processing /home/airflow/.local/lib/python3.12/site-packages/airflow/example_dags/example_xcom.py took 0.088 seconds
[2025-08-19T03:12:38.680+0000] {processor.py:161} INFO - Started process (PID=22522) to work on /home/airflow/.local/lib/python3.12/site-packages/airflow/example_dags/example_xcom.py
[2025-08-19T03:12:38.681+0000] {processor.py:830} INFO - Processing file /home/airflow/.local/lib/python3.12/site-packages/airflow/example_dags/example_xcom.py for tasks to queue
[2025-08-19T03:12:38.683+0000] {logging_mixin.py:188} INFO - [2025-08-19T03:12:38.682+0000] {dagbag.py:545} INFO - Filling up the DagBag from /home/airflow/.local/lib/python3.12/site-packages/airflow/example_dags/example_xcom.py
[2025-08-19T03:12:38.691+0000] {processor.py:840} INFO - DAG(s) 'example_xcom' retrieved from /home/airflow/.local/lib/python3.12/site-packages/airflow/example_dags/example_xcom.py
[2025-08-19T03:12:38.715+0000] {logging_mixin.py:188} INFO - [2025-08-19T03:12:38.714+0000] {dag.py:3096} INFO - Sync 1 DAGs
[2025-08-19T03:12:38.738+0000] {logging_mixin.py:188} INFO - [2025-08-19T03:12:38.738+0000] {dag.py:3954} INFO - Setting next_dagrun for example_xcom to 2021-01-01 00:00:00+00:00, run_after=2021-01-01 00:00:00+00:00
[2025-08-19T03:12:38.762+0000] {processor.py:183} INFO - Processing /home/airflow/.local/lib/python3.12/site-packages/airflow/example_dags/example_xcom.py took 0.088 seconds
[2025-08-19T03:13:09.307+0000] {processor.py:161} INFO - Started process (PID=22575) to work on /home/airflow/.local/lib/python3.12/site-packages/airflow/example_dags/example_xcom.py
[2025-08-19T03:13:09.309+0000] {processor.py:830} INFO - Processing file /home/airflow/.local/lib/python3.12/site-packages/airflow/example_dags/example_xcom.py for tasks to queue
[2025-08-19T03:13:09.310+0000] {logging_mixin.py:188} INFO - [2025-08-19T03:13:09.310+0000] {dagbag.py:545} INFO - Filling up the DagBag from /home/airflow/.local/lib/python3.12/site-packages/airflow/example_dags/example_xcom.py
[2025-08-19T03:13:09.318+0000] {processor.py:840} INFO - DAG(s) 'example_xcom' retrieved from /home/airflow/.local/lib/python3.12/site-packages/airflow/example_dags/example_xcom.py
[2025-08-19T03:13:09.341+0000] {logging_mixin.py:188} INFO - [2025-08-19T03:13:09.340+0000] {dag.py:3096} INFO - Sync 1 DAGs
[2025-08-19T03:13:09.364+0000] {logging_mixin.py:188} INFO - [2025-08-19T03:13:09.363+0000] {dag.py:3954} INFO - Setting next_dagrun for example_xcom to 2021-01-01 00:00:00+00:00, run_after=2021-01-01 00:00:00+00:00
[2025-08-19T03:13:09.388+0000] {processor.py:183} INFO - Processing /home/airflow/.local/lib/python3.12/site-packages/airflow/example_dags/example_xcom.py took 0.086 seconds
[2025-08-19T03:13:40.168+0000] {processor.py:161} INFO - Started process (PID=22628) to work on /home/airflow/.local/lib/python3.12/site-packages/airflow/example_dags/example_xcom.py
[2025-08-19T03:13:40.169+0000] {processor.py:830} INFO - Processing file /home/airflow/.local/lib/python3.12/site-packages/airflow/example_dags/example_xcom.py for tasks to queue
[2025-08-19T03:13:40.170+0000] {logging_mixin.py:188} INFO - [2025-08-19T03:13:40.170+0000] {dagbag.py:545} INFO - Filling up the DagBag from /home/airflow/.local/lib/python3.12/site-packages/airflow/example_dags/example_xcom.py
[2025-08-19T03:13:40.179+0000] {processor.py:840} INFO - DAG(s) 'example_xcom' retrieved from /home/airflow/.local/lib/python3.12/site-packages/airflow/example_dags/example_xcom.py
[2025-08-19T03:13:40.203+0000] {logging_mixin.py:188} INFO - [2025-08-19T03:13:40.203+0000] {dag.py:3096} INFO - Sync 1 DAGs
[2025-08-19T03:13:40.225+0000] {logging_mixin.py:188} INFO - [2025-08-19T03:13:40.224+0000] {dag.py:3954} INFO - Setting next_dagrun for example_xcom to 2021-01-01 00:00:00+00:00, run_after=2021-01-01 00:00:00+00:00
[2025-08-19T03:13:40.248+0000] {processor.py:183} INFO - Processing /home/airflow/.local/lib/python3.12/site-packages/airflow/example_dags/example_xcom.py took 0.087 seconds
[2025-08-19T03:14:11.093+0000] {processor.py:161} INFO - Started process (PID=22681) to work on /home/airflow/.local/lib/python3.12/site-packages/airflow/example_dags/example_xcom.py
[2025-08-19T03:14:11.094+0000] {processor.py:830} INFO - Processing file /home/airflow/.local/lib/python3.12/site-packages/airflow/example_dags/example_xcom.py for tasks to queue
[2025-08-19T03:14:11.096+0000] {logging_mixin.py:188} INFO - [2025-08-19T03:14:11.096+0000] {dagbag.py:545} INFO - Filling up the DagBag from /home/airflow/.local/lib/python3.12/site-packages/airflow/example_dags/example_xcom.py
[2025-08-19T03:14:11.108+0000] {processor.py:840} INFO - DAG(s) 'example_xcom' retrieved from /home/airflow/.local/lib/python3.12/site-packages/airflow/example_dags/example_xcom.py
[2025-08-19T03:14:11.133+0000] {logging_mixin.py:188} INFO - [2025-08-19T03:14:11.133+0000] {dag.py:3096} INFO - Sync 1 DAGs
[2025-08-19T03:14:11.156+0000] {logging_mixin.py:188} INFO - [2025-08-19T03:14:11.156+0000] {dag.py:3954} INFO - Setting next_dagrun for example_xcom to 2021-01-01 00:00:00+00:00, run_after=2021-01-01 00:00:00+00:00
[2025-08-19T03:14:11.182+0000] {processor.py:183} INFO - Processing /home/airflow/.local/lib/python3.12/site-packages/airflow/example_dags/example_xcom.py took 0.095 seconds
[2025-08-19T03:14:41.791+0000] {processor.py:161} INFO - Started process (PID=22734) to work on /home/airflow/.local/lib/python3.12/site-packages/airflow/example_dags/example_xcom.py
[2025-08-19T03:14:41.792+0000] {processor.py:830} INFO - Processing file /home/airflow/.local/lib/python3.12/site-packages/airflow/example_dags/example_xcom.py for tasks to queue
[2025-08-19T03:14:41.793+0000] {logging_mixin.py:188} INFO - [2025-08-19T03:14:41.793+0000] {dagbag.py:545} INFO - Filling up the DagBag from /home/airflow/.local/lib/python3.12/site-packages/airflow/example_dags/example_xcom.py
[2025-08-19T03:14:41.802+0000] {processor.py:840} INFO - DAG(s) 'example_xcom' retrieved from /home/airflow/.local/lib/python3.12/site-packages/airflow/example_dags/example_xcom.py
[2025-08-19T03:14:41.825+0000] {logging_mixin.py:188} INFO - [2025-08-19T03:14:41.825+0000] {dag.py:3096} INFO - Sync 1 DAGs
[2025-08-19T03:14:41.848+0000] {logging_mixin.py:188} INFO - [2025-08-19T03:14:41.847+0000] {dag.py:3954} INFO - Setting next_dagrun for example_xcom to 2021-01-01 00:00:00+00:00, run_after=2021-01-01 00:00:00+00:00
[2025-08-19T03:14:41.870+0000] {processor.py:183} INFO - Processing /home/airflow/.local/lib/python3.12/site-packages/airflow/example_dags/example_xcom.py took 0.085 seconds
[2025-08-19T03:15:12.556+0000] {processor.py:161} INFO - Started process (PID=22787) to work on /home/airflow/.local/lib/python3.12/site-packages/airflow/example_dags/example_xcom.py
[2025-08-19T03:15:12.558+0000] {processor.py:830} INFO - Processing file /home/airflow/.local/lib/python3.12/site-packages/airflow/example_dags/example_xcom.py for tasks to queue
[2025-08-19T03:15:12.559+0000] {logging_mixin.py:188} INFO - [2025-08-19T03:15:12.559+0000] {dagbag.py:545} INFO - Filling up the DagBag from /home/airflow/.local/lib/python3.12/site-packages/airflow/example_dags/example_xcom.py
[2025-08-19T03:15:12.568+0000] {processor.py:840} INFO - DAG(s) 'example_xcom' retrieved from /home/airflow/.local/lib/python3.12/site-packages/airflow/example_dags/example_xcom.py
[2025-08-19T03:15:12.593+0000] {logging_mixin.py:188} INFO - [2025-08-19T03:15:12.593+0000] {dag.py:3096} INFO - Sync 1 DAGs
[2025-08-19T03:15:12.615+0000] {logging_mixin.py:188} INFO - [2025-08-19T03:15:12.615+0000] {dag.py:3954} INFO - Setting next_dagrun for example_xcom to 2021-01-01 00:00:00+00:00, run_after=2021-01-01 00:00:00+00:00
[2025-08-19T03:15:12.638+0000] {processor.py:183} INFO - Processing /home/airflow/.local/lib/python3.12/site-packages/airflow/example_dags/example_xcom.py took 0.090 seconds
[2025-08-19T03:15:43.423+0000] {processor.py:161} INFO - Started process (PID=22840) to work on /home/airflow/.local/lib/python3.12/site-packages/airflow/example_dags/example_xcom.py
[2025-08-19T03:15:43.424+0000] {processor.py:830} INFO - Processing file /home/airflow/.local/lib/python3.12/site-packages/airflow/example_dags/example_xcom.py for tasks to queue
[2025-08-19T03:15:43.426+0000] {logging_mixin.py:188} INFO - [2025-08-19T03:15:43.426+0000] {dagbag.py:545} INFO - Filling up the DagBag from /home/airflow/.local/lib/python3.12/site-packages/airflow/example_dags/example_xcom.py
[2025-08-19T03:15:43.436+0000] {processor.py:840} INFO - DAG(s) 'example_xcom' retrieved from /home/airflow/.local/lib/python3.12/site-packages/airflow/example_dags/example_xcom.py
[2025-08-19T03:15:43.462+0000] {logging_mixin.py:188} INFO - [2025-08-19T03:15:43.462+0000] {dag.py:3096} INFO - Sync 1 DAGs
[2025-08-19T03:15:43.484+0000] {logging_mixin.py:188} INFO - [2025-08-19T03:15:43.483+0000] {dag.py:3954} INFO - Setting next_dagrun for example_xcom to 2021-01-01 00:00:00+00:00, run_after=2021-01-01 00:00:00+00:00
[2025-08-19T03:15:43.505+0000] {processor.py:183} INFO - Processing /home/airflow/.local/lib/python3.12/site-packages/airflow/example_dags/example_xcom.py took 0.088 seconds
[2025-08-19T03:16:14.050+0000] {processor.py:161} INFO - Started process (PID=22893) to work on /home/airflow/.local/lib/python3.12/site-packages/airflow/example_dags/example_xcom.py
[2025-08-19T03:16:14.051+0000] {processor.py:830} INFO - Processing file /home/airflow/.local/lib/python3.12/site-packages/airflow/example_dags/example_xcom.py for tasks to queue
[2025-08-19T03:16:14.052+0000] {logging_mixin.py:188} INFO - [2025-08-19T03:16:14.052+0000] {dagbag.py:545} INFO - Filling up the DagBag from /home/airflow/.local/lib/python3.12/site-packages/airflow/example_dags/example_xcom.py
[2025-08-19T03:16:14.060+0000] {processor.py:840} INFO - DAG(s) 'example_xcom' retrieved from /home/airflow/.local/lib/python3.12/site-packages/airflow/example_dags/example_xcom.py
[2025-08-19T03:16:14.084+0000] {logging_mixin.py:188} INFO - [2025-08-19T03:16:14.084+0000] {dag.py:3096} INFO - Sync 1 DAGs
[2025-08-19T03:16:14.104+0000] {logging_mixin.py:188} INFO - [2025-08-19T03:16:14.104+0000] {dag.py:3954} INFO - Setting next_dagrun for example_xcom to 2021-01-01 00:00:00+00:00, run_after=2021-01-01 00:00:00+00:00
[2025-08-19T03:16:14.128+0000] {processor.py:183} INFO - Processing /home/airflow/.local/lib/python3.12/site-packages/airflow/example_dags/example_xcom.py took 0.085 seconds
[2025-08-19T03:16:44.449+0000] {processor.py:161} INFO - Started process (PID=22946) to work on /home/airflow/.local/lib/python3.12/site-packages/airflow/example_dags/example_xcom.py
[2025-08-19T03:16:44.450+0000] {processor.py:830} INFO - Processing file /home/airflow/.local/lib/python3.12/site-packages/airflow/example_dags/example_xcom.py for tasks to queue
[2025-08-19T03:16:44.452+0000] {logging_mixin.py:188} INFO - [2025-08-19T03:16:44.451+0000] {dagbag.py:545} INFO - Filling up the DagBag from /home/airflow/.local/lib/python3.12/site-packages/airflow/example_dags/example_xcom.py
[2025-08-19T03:16:44.460+0000] {processor.py:840} INFO - DAG(s) 'example_xcom' retrieved from /home/airflow/.local/lib/python3.12/site-packages/airflow/example_dags/example_xcom.py
[2025-08-19T03:16:44.483+0000] {logging_mixin.py:188} INFO - [2025-08-19T03:16:44.483+0000] {dag.py:3096} INFO - Sync 1 DAGs
[2025-08-19T03:16:44.506+0000] {logging_mixin.py:188} INFO - [2025-08-19T03:16:44.505+0000] {dag.py:3954} INFO - Setting next_dagrun for example_xcom to 2021-01-01 00:00:00+00:00, run_after=2021-01-01 00:00:00+00:00
[2025-08-19T03:16:44.529+0000] {processor.py:183} INFO - Processing /home/airflow/.local/lib/python3.12/site-packages/airflow/example_dags/example_xcom.py took 0.086 seconds
[2025-08-19T03:17:14.819+0000] {processor.py:161} INFO - Started process (PID=22999) to work on /home/airflow/.local/lib/python3.12/site-packages/airflow/example_dags/example_xcom.py
[2025-08-19T03:17:14.820+0000] {processor.py:830} INFO - Processing file /home/airflow/.local/lib/python3.12/site-packages/airflow/example_dags/example_xcom.py for tasks to queue
[2025-08-19T03:17:14.822+0000] {logging_mixin.py:188} INFO - [2025-08-19T03:17:14.822+0000] {dagbag.py:545} INFO - Filling up the DagBag from /home/airflow/.local/lib/python3.12/site-packages/airflow/example_dags/example_xcom.py
[2025-08-19T03:17:14.830+0000] {processor.py:840} INFO - DAG(s) 'example_xcom' retrieved from /home/airflow/.local/lib/python3.12/site-packages/airflow/example_dags/example_xcom.py
[2025-08-19T03:17:14.852+0000] {logging_mixin.py:188} INFO - [2025-08-19T03:17:14.852+0000] {dag.py:3096} INFO - Sync 1 DAGs
[2025-08-19T03:17:14.873+0000] {logging_mixin.py:188} INFO - [2025-08-19T03:17:14.873+0000] {dag.py:3954} INFO - Setting next_dagrun for example_xcom to 2021-01-01 00:00:00+00:00, run_after=2021-01-01 00:00:00+00:00
[2025-08-19T03:17:14.894+0000] {processor.py:183} INFO - Processing /home/airflow/.local/lib/python3.12/site-packages/airflow/example_dags/example_xcom.py took 0.080 seconds
[2025-08-19T03:17:45.697+0000] {processor.py:161} INFO - Started process (PID=23052) to work on /home/airflow/.local/lib/python3.12/site-packages/airflow/example_dags/example_xcom.py
[2025-08-19T03:17:45.699+0000] {processor.py:830} INFO - Processing file /home/airflow/.local/lib/python3.12/site-packages/airflow/example_dags/example_xcom.py for tasks to queue
[2025-08-19T03:17:45.700+0000] {logging_mixin.py:188} INFO - [2025-08-19T03:17:45.700+0000] {dagbag.py:545} INFO - Filling up the DagBag from /home/airflow/.local/lib/python3.12/site-packages/airflow/example_dags/example_xcom.py
[2025-08-19T03:17:45.708+0000] {processor.py:840} INFO - DAG(s) 'example_xcom' retrieved from /home/airflow/.local/lib/python3.12/site-packages/airflow/example_dags/example_xcom.py
[2025-08-19T03:17:45.733+0000] {logging_mixin.py:188} INFO - [2025-08-19T03:17:45.732+0000] {dag.py:3096} INFO - Sync 1 DAGs
[2025-08-19T03:17:45.754+0000] {logging_mixin.py:188} INFO - [2025-08-19T03:17:45.754+0000] {dag.py:3954} INFO - Setting next_dagrun for example_xcom to 2021-01-01 00:00:00+00:00, run_after=2021-01-01 00:00:00+00:00
[2025-08-19T03:17:45.776+0000] {processor.py:183} INFO - Processing /home/airflow/.local/lib/python3.12/site-packages/airflow/example_dags/example_xcom.py took 0.084 seconds
[2025-08-19T03:18:15.984+0000] {processor.py:161} INFO - Started process (PID=23105) to work on /home/airflow/.local/lib/python3.12/site-packages/airflow/example_dags/example_xcom.py
[2025-08-19T03:18:15.985+0000] {processor.py:830} INFO - Processing file /home/airflow/.local/lib/python3.12/site-packages/airflow/example_dags/example_xcom.py for tasks to queue
[2025-08-19T03:18:15.986+0000] {logging_mixin.py:188} INFO - [2025-08-19T03:18:15.986+0000] {dagbag.py:545} INFO - Filling up the DagBag from /home/airflow/.local/lib/python3.12/site-packages/airflow/example_dags/example_xcom.py
[2025-08-19T03:18:15.995+0000] {processor.py:840} INFO - DAG(s) 'example_xcom' retrieved from /home/airflow/.local/lib/python3.12/site-packages/airflow/example_dags/example_xcom.py
[2025-08-19T03:18:16.020+0000] {logging_mixin.py:188} INFO - [2025-08-19T03:18:16.020+0000] {dag.py:3096} INFO - Sync 1 DAGs
[2025-08-19T03:18:16.043+0000] {logging_mixin.py:188} INFO - [2025-08-19T03:18:16.043+0000] {dag.py:3954} INFO - Setting next_dagrun for example_xcom to 2021-01-01 00:00:00+00:00, run_after=2021-01-01 00:00:00+00:00
[2025-08-19T03:18:16.066+0000] {processor.py:183} INFO - Processing /home/airflow/.local/lib/python3.12/site-packages/airflow/example_dags/example_xcom.py took 0.088 seconds
[2025-08-19T03:18:46.240+0000] {processor.py:161} INFO - Started process (PID=23158) to work on /home/airflow/.local/lib/python3.12/site-packages/airflow/example_dags/example_xcom.py
[2025-08-19T03:18:46.242+0000] {processor.py:830} INFO - Processing file /home/airflow/.local/lib/python3.12/site-packages/airflow/example_dags/example_xcom.py for tasks to queue
[2025-08-19T03:18:46.243+0000] {logging_mixin.py:188} INFO - [2025-08-19T03:18:46.242+0000] {dagbag.py:545} INFO - Filling up the DagBag from /home/airflow/.local/lib/python3.12/site-packages/airflow/example_dags/example_xcom.py
[2025-08-19T03:18:46.251+0000] {processor.py:840} INFO - DAG(s) 'example_xcom' retrieved from /home/airflow/.local/lib/python3.12/site-packages/airflow/example_dags/example_xcom.py
[2025-08-19T03:18:46.273+0000] {logging_mixin.py:188} INFO - [2025-08-19T03:18:46.273+0000] {dag.py:3096} INFO - Sync 1 DAGs
[2025-08-19T03:18:46.296+0000] {logging_mixin.py:188} INFO - [2025-08-19T03:18:46.295+0000] {dag.py:3954} INFO - Setting next_dagrun for example_xcom to 2021-01-01 00:00:00+00:00, run_after=2021-01-01 00:00:00+00:00
[2025-08-19T03:18:46.317+0000] {processor.py:183} INFO - Processing /home/airflow/.local/lib/python3.12/site-packages/airflow/example_dags/example_xcom.py took 0.083 seconds
[2025-08-19T03:19:16.446+0000] {processor.py:161} INFO - Started process (PID=23211) to work on /home/airflow/.local/lib/python3.12/site-packages/airflow/example_dags/example_xcom.py
[2025-08-19T03:19:16.448+0000] {processor.py:830} INFO - Processing file /home/airflow/.local/lib/python3.12/site-packages/airflow/example_dags/example_xcom.py for tasks to queue
[2025-08-19T03:19:16.450+0000] {logging_mixin.py:188} INFO - [2025-08-19T03:19:16.449+0000] {dagbag.py:545} INFO - Filling up the DagBag from /home/airflow/.local/lib/python3.12/site-packages/airflow/example_dags/example_xcom.py
[2025-08-19T03:19:16.458+0000] {processor.py:840} INFO - DAG(s) 'example_xcom' retrieved from /home/airflow/.local/lib/python3.12/site-packages/airflow/example_dags/example_xcom.py
[2025-08-19T03:19:16.481+0000] {logging_mixin.py:188} INFO - [2025-08-19T03:19:16.481+0000] {dag.py:3096} INFO - Sync 1 DAGs
[2025-08-19T03:19:16.505+0000] {logging_mixin.py:188} INFO - [2025-08-19T03:19:16.505+0000] {dag.py:3954} INFO - Setting next_dagrun for example_xcom to 2021-01-01 00:00:00+00:00, run_after=2021-01-01 00:00:00+00:00
[2025-08-19T03:19:16.528+0000] {processor.py:183} INFO - Processing /home/airflow/.local/lib/python3.12/site-packages/airflow/example_dags/example_xcom.py took 0.088 seconds
[2025-08-19T03:19:47.325+0000] {processor.py:161} INFO - Started process (PID=23264) to work on /home/airflow/.local/lib/python3.12/site-packages/airflow/example_dags/example_xcom.py
[2025-08-19T03:19:47.327+0000] {processor.py:830} INFO - Processing file /home/airflow/.local/lib/python3.12/site-packages/airflow/example_dags/example_xcom.py for tasks to queue
[2025-08-19T03:19:47.328+0000] {logging_mixin.py:188} INFO - [2025-08-19T03:19:47.328+0000] {dagbag.py:545} INFO - Filling up the DagBag from /home/airflow/.local/lib/python3.12/site-packages/airflow/example_dags/example_xcom.py
[2025-08-19T03:19:47.340+0000] {processor.py:840} INFO - DAG(s) 'example_xcom' retrieved from /home/airflow/.local/lib/python3.12/site-packages/airflow/example_dags/example_xcom.py
[2025-08-19T03:19:47.367+0000] {logging_mixin.py:188} INFO - [2025-08-19T03:19:47.367+0000] {dag.py:3096} INFO - Sync 1 DAGs
[2025-08-19T03:19:47.398+0000] {logging_mixin.py:188} INFO - [2025-08-19T03:19:47.397+0000] {dag.py:3954} INFO - Setting next_dagrun for example_xcom to 2021-01-01 00:00:00+00:00, run_after=2021-01-01 00:00:00+00:00
[2025-08-19T03:19:47.430+0000] {processor.py:183} INFO - Processing /home/airflow/.local/lib/python3.12/site-packages/airflow/example_dags/example_xcom.py took 0.112 seconds
[2025-08-19T03:20:17.861+0000] {processor.py:161} INFO - Started process (PID=23317) to work on /home/airflow/.local/lib/python3.12/site-packages/airflow/example_dags/example_xcom.py
[2025-08-19T03:20:17.863+0000] {processor.py:830} INFO - Processing file /home/airflow/.local/lib/python3.12/site-packages/airflow/example_dags/example_xcom.py for tasks to queue
[2025-08-19T03:20:17.864+0000] {logging_mixin.py:188} INFO - [2025-08-19T03:20:17.864+0000] {dagbag.py:545} INFO - Filling up the DagBag from /home/airflow/.local/lib/python3.12/site-packages/airflow/example_dags/example_xcom.py
[2025-08-19T03:20:17.872+0000] {processor.py:840} INFO - DAG(s) 'example_xcom' retrieved from /home/airflow/.local/lib/python3.12/site-packages/airflow/example_dags/example_xcom.py
[2025-08-19T03:20:17.897+0000] {logging_mixin.py:188} INFO - [2025-08-19T03:20:17.897+0000] {dag.py:3096} INFO - Sync 1 DAGs
[2025-08-19T03:20:17.920+0000] {logging_mixin.py:188} INFO - [2025-08-19T03:20:17.920+0000] {dag.py:3954} INFO - Setting next_dagrun for example_xcom to 2021-01-01 00:00:00+00:00, run_after=2021-01-01 00:00:00+00:00
[2025-08-19T03:20:17.945+0000] {processor.py:183} INFO - Processing /home/airflow/.local/lib/python3.12/site-packages/airflow/example_dags/example_xcom.py took 0.089 seconds
[2025-08-19T03:20:48.119+0000] {processor.py:161} INFO - Started process (PID=23370) to work on /home/airflow/.local/lib/python3.12/site-packages/airflow/example_dags/example_xcom.py
[2025-08-19T03:20:48.120+0000] {processor.py:830} INFO - Processing file /home/airflow/.local/lib/python3.12/site-packages/airflow/example_dags/example_xcom.py for tasks to queue
[2025-08-19T03:20:48.122+0000] {logging_mixin.py:188} INFO - [2025-08-19T03:20:48.122+0000] {dagbag.py:545} INFO - Filling up the DagBag from /home/airflow/.local/lib/python3.12/site-packages/airflow/example_dags/example_xcom.py
[2025-08-19T03:20:48.130+0000] {processor.py:840} INFO - DAG(s) 'example_xcom' retrieved from /home/airflow/.local/lib/python3.12/site-packages/airflow/example_dags/example_xcom.py
[2025-08-19T03:20:48.153+0000] {logging_mixin.py:188} INFO - [2025-08-19T03:20:48.153+0000] {dag.py:3096} INFO - Sync 1 DAGs
[2025-08-19T03:20:48.174+0000] {logging_mixin.py:188} INFO - [2025-08-19T03:20:48.173+0000] {dag.py:3954} INFO - Setting next_dagrun for example_xcom to 2021-01-01 00:00:00+00:00, run_after=2021-01-01 00:00:00+00:00
[2025-08-19T03:20:48.194+0000] {processor.py:183} INFO - Processing /home/airflow/.local/lib/python3.12/site-packages/airflow/example_dags/example_xcom.py took 0.081 seconds
[2025-08-19T03:21:19.140+0000] {processor.py:161} INFO - Started process (PID=23423) to work on /home/airflow/.local/lib/python3.12/site-packages/airflow/example_dags/example_xcom.py
[2025-08-19T03:21:19.141+0000] {processor.py:830} INFO - Processing file /home/airflow/.local/lib/python3.12/site-packages/airflow/example_dags/example_xcom.py for tasks to queue
[2025-08-19T03:21:19.143+0000] {logging_mixin.py:188} INFO - [2025-08-19T03:21:19.142+0000] {dagbag.py:545} INFO - Filling up the DagBag from /home/airflow/.local/lib/python3.12/site-packages/airflow/example_dags/example_xcom.py
[2025-08-19T03:21:19.152+0000] {processor.py:840} INFO - DAG(s) 'example_xcom' retrieved from /home/airflow/.local/lib/python3.12/site-packages/airflow/example_dags/example_xcom.py
[2025-08-19T03:21:19.175+0000] {logging_mixin.py:188} INFO - [2025-08-19T03:21:19.175+0000] {dag.py:3096} INFO - Sync 1 DAGs
[2025-08-19T03:21:19.197+0000] {logging_mixin.py:188} INFO - [2025-08-19T03:21:19.197+0000] {dag.py:3954} INFO - Setting next_dagrun for example_xcom to 2021-01-01 00:00:00+00:00, run_after=2021-01-01 00:00:00+00:00
[2025-08-19T03:21:19.219+0000] {processor.py:183} INFO - Processing /home/airflow/.local/lib/python3.12/site-packages/airflow/example_dags/example_xcom.py took 0.085 seconds
[2025-08-19T03:21:49.669+0000] {processor.py:161} INFO - Started process (PID=23476) to work on /home/airflow/.local/lib/python3.12/site-packages/airflow/example_dags/example_xcom.py
[2025-08-19T03:21:49.671+0000] {processor.py:830} INFO - Processing file /home/airflow/.local/lib/python3.12/site-packages/airflow/example_dags/example_xcom.py for tasks to queue
[2025-08-19T03:21:49.672+0000] {logging_mixin.py:188} INFO - [2025-08-19T03:21:49.672+0000] {dagbag.py:545} INFO - Filling up the DagBag from /home/airflow/.local/lib/python3.12/site-packages/airflow/example_dags/example_xcom.py
[2025-08-19T03:21:49.681+0000] {processor.py:840} INFO - DAG(s) 'example_xcom' retrieved from /home/airflow/.local/lib/python3.12/site-packages/airflow/example_dags/example_xcom.py
[2025-08-19T03:21:49.705+0000] {logging_mixin.py:188} INFO - [2025-08-19T03:21:49.705+0000] {dag.py:3096} INFO - Sync 1 DAGs
[2025-08-19T03:21:49.730+0000] {logging_mixin.py:188} INFO - [2025-08-19T03:21:49.730+0000] {dag.py:3954} INFO - Setting next_dagrun for example_xcom to 2021-01-01 00:00:00+00:00, run_after=2021-01-01 00:00:00+00:00
[2025-08-19T03:21:49.753+0000] {processor.py:183} INFO - Processing /home/airflow/.local/lib/python3.12/site-packages/airflow/example_dags/example_xcom.py took 0.089 seconds
[2025-08-19T03:22:20.253+0000] {processor.py:161} INFO - Started process (PID=23529) to work on /home/airflow/.local/lib/python3.12/site-packages/airflow/example_dags/example_xcom.py
[2025-08-19T03:22:20.254+0000] {processor.py:830} INFO - Processing file /home/airflow/.local/lib/python3.12/site-packages/airflow/example_dags/example_xcom.py for tasks to queue
[2025-08-19T03:22:20.255+0000] {logging_mixin.py:188} INFO - [2025-08-19T03:22:20.255+0000] {dagbag.py:545} INFO - Filling up the DagBag from /home/airflow/.local/lib/python3.12/site-packages/airflow/example_dags/example_xcom.py
[2025-08-19T03:22:20.264+0000] {processor.py:840} INFO - DAG(s) 'example_xcom' retrieved from /home/airflow/.local/lib/python3.12/site-packages/airflow/example_dags/example_xcom.py
[2025-08-19T03:22:20.290+0000] {logging_mixin.py:188} INFO - [2025-08-19T03:22:20.290+0000] {dag.py:3096} INFO - Sync 1 DAGs
[2025-08-19T03:22:20.315+0000] {logging_mixin.py:188} INFO - [2025-08-19T03:22:20.315+0000] {dag.py:3954} INFO - Setting next_dagrun for example_xcom to 2021-01-01 00:00:00+00:00, run_after=2021-01-01 00:00:00+00:00
[2025-08-19T03:22:20.343+0000] {processor.py:183} INFO - Processing /home/airflow/.local/lib/python3.12/site-packages/airflow/example_dags/example_xcom.py took 0.096 seconds
[2025-08-19T03:22:50.727+0000] {processor.py:161} INFO - Started process (PID=23582) to work on /home/airflow/.local/lib/python3.12/site-packages/airflow/example_dags/example_xcom.py
[2025-08-19T03:22:50.728+0000] {processor.py:830} INFO - Processing file /home/airflow/.local/lib/python3.12/site-packages/airflow/example_dags/example_xcom.py for tasks to queue
[2025-08-19T03:22:50.730+0000] {logging_mixin.py:188} INFO - [2025-08-19T03:22:50.729+0000] {dagbag.py:545} INFO - Filling up the DagBag from /home/airflow/.local/lib/python3.12/site-packages/airflow/example_dags/example_xcom.py
[2025-08-19T03:22:50.738+0000] {processor.py:840} INFO - DAG(s) 'example_xcom' retrieved from /home/airflow/.local/lib/python3.12/site-packages/airflow/example_dags/example_xcom.py
[2025-08-19T03:22:50.764+0000] {logging_mixin.py:188} INFO - [2025-08-19T03:22:50.764+0000] {dag.py:3096} INFO - Sync 1 DAGs
[2025-08-19T03:22:50.789+0000] {logging_mixin.py:188} INFO - [2025-08-19T03:22:50.788+0000] {dag.py:3954} INFO - Setting next_dagrun for example_xcom to 2021-01-01 00:00:00+00:00, run_after=2021-01-01 00:00:00+00:00
[2025-08-19T03:22:50.815+0000] {processor.py:183} INFO - Processing /home/airflow/.local/lib/python3.12/site-packages/airflow/example_dags/example_xcom.py took 0.094 seconds
[2025-08-19T03:23:21.131+0000] {processor.py:161} INFO - Started process (PID=23635) to work on /home/airflow/.local/lib/python3.12/site-packages/airflow/example_dags/example_xcom.py
[2025-08-19T03:23:21.133+0000] {processor.py:830} INFO - Processing file /home/airflow/.local/lib/python3.12/site-packages/airflow/example_dags/example_xcom.py for tasks to queue
[2025-08-19T03:23:21.134+0000] {logging_mixin.py:188} INFO - [2025-08-19T03:23:21.133+0000] {dagbag.py:545} INFO - Filling up the DagBag from /home/airflow/.local/lib/python3.12/site-packages/airflow/example_dags/example_xcom.py
[2025-08-19T03:23:21.142+0000] {processor.py:840} INFO - DAG(s) 'example_xcom' retrieved from /home/airflow/.local/lib/python3.12/site-packages/airflow/example_dags/example_xcom.py
[2025-08-19T03:23:21.165+0000] {logging_mixin.py:188} INFO - [2025-08-19T03:23:21.165+0000] {dag.py:3096} INFO - Sync 1 DAGs
[2025-08-19T03:23:21.187+0000] {logging_mixin.py:188} INFO - [2025-08-19T03:23:21.187+0000] {dag.py:3954} INFO - Setting next_dagrun for example_xcom to 2021-01-01 00:00:00+00:00, run_after=2021-01-01 00:00:00+00:00
[2025-08-19T03:23:21.211+0000] {processor.py:183} INFO - Processing /home/airflow/.local/lib/python3.12/site-packages/airflow/example_dags/example_xcom.py took 0.085 seconds
[2025-08-19T03:23:51.621+0000] {processor.py:161} INFO - Started process (PID=23688) to work on /home/airflow/.local/lib/python3.12/site-packages/airflow/example_dags/example_xcom.py
[2025-08-19T03:23:51.623+0000] {processor.py:830} INFO - Processing file /home/airflow/.local/lib/python3.12/site-packages/airflow/example_dags/example_xcom.py for tasks to queue
[2025-08-19T03:23:51.624+0000] {logging_mixin.py:188} INFO - [2025-08-19T03:23:51.624+0000] {dagbag.py:545} INFO - Filling up the DagBag from /home/airflow/.local/lib/python3.12/site-packages/airflow/example_dags/example_xcom.py
[2025-08-19T03:23:51.633+0000] {processor.py:840} INFO - DAG(s) 'example_xcom' retrieved from /home/airflow/.local/lib/python3.12/site-packages/airflow/example_dags/example_xcom.py
[2025-08-19T03:23:51.659+0000] {logging_mixin.py:188} INFO - [2025-08-19T03:23:51.658+0000] {dag.py:3096} INFO - Sync 1 DAGs
[2025-08-19T03:23:51.680+0000] {logging_mixin.py:188} INFO - [2025-08-19T03:23:51.680+0000] {dag.py:3954} INFO - Setting next_dagrun for example_xcom to 2021-01-01 00:00:00+00:00, run_after=2021-01-01 00:00:00+00:00
[2025-08-19T03:23:51.706+0000] {processor.py:183} INFO - Processing /home/airflow/.local/lib/python3.12/site-packages/airflow/example_dags/example_xcom.py took 0.091 seconds
[2025-08-19T03:24:22.249+0000] {processor.py:161} INFO - Started process (PID=23741) to work on /home/airflow/.local/lib/python3.12/site-packages/airflow/example_dags/example_xcom.py
[2025-08-19T03:24:22.250+0000] {processor.py:830} INFO - Processing file /home/airflow/.local/lib/python3.12/site-packages/airflow/example_dags/example_xcom.py for tasks to queue
[2025-08-19T03:24:22.253+0000] {logging_mixin.py:188} INFO - [2025-08-19T03:24:22.252+0000] {dagbag.py:545} INFO - Filling up the DagBag from /home/airflow/.local/lib/python3.12/site-packages/airflow/example_dags/example_xcom.py
[2025-08-19T03:24:22.260+0000] {processor.py:840} INFO - DAG(s) 'example_xcom' retrieved from /home/airflow/.local/lib/python3.12/site-packages/airflow/example_dags/example_xcom.py
[2025-08-19T03:24:22.283+0000] {logging_mixin.py:188} INFO - [2025-08-19T03:24:22.283+0000] {dag.py:3096} INFO - Sync 1 DAGs
[2025-08-19T03:24:22.307+0000] {logging_mixin.py:188} INFO - [2025-08-19T03:24:22.306+0000] {dag.py:3954} INFO - Setting next_dagrun for example_xcom to 2021-01-01 00:00:00+00:00, run_after=2021-01-01 00:00:00+00:00
[2025-08-19T03:24:22.329+0000] {processor.py:183} INFO - Processing /home/airflow/.local/lib/python3.12/site-packages/airflow/example_dags/example_xcom.py took 0.086 seconds
[2025-08-19T03:24:52.872+0000] {processor.py:161} INFO - Started process (PID=23794) to work on /home/airflow/.local/lib/python3.12/site-packages/airflow/example_dags/example_xcom.py
[2025-08-19T03:24:52.873+0000] {processor.py:830} INFO - Processing file /home/airflow/.local/lib/python3.12/site-packages/airflow/example_dags/example_xcom.py for tasks to queue
[2025-08-19T03:24:52.874+0000] {logging_mixin.py:188} INFO - [2025-08-19T03:24:52.874+0000] {dagbag.py:545} INFO - Filling up the DagBag from /home/airflow/.local/lib/python3.12/site-packages/airflow/example_dags/example_xcom.py
[2025-08-19T03:24:52.883+0000] {processor.py:840} INFO - DAG(s) 'example_xcom' retrieved from /home/airflow/.local/lib/python3.12/site-packages/airflow/example_dags/example_xcom.py
[2025-08-19T03:24:52.909+0000] {logging_mixin.py:188} INFO - [2025-08-19T03:24:52.908+0000] {dag.py:3096} INFO - Sync 1 DAGs
[2025-08-19T03:24:52.933+0000] {logging_mixin.py:188} INFO - [2025-08-19T03:24:52.933+0000] {dag.py:3954} INFO - Setting next_dagrun for example_xcom to 2021-01-01 00:00:00+00:00, run_after=2021-01-01 00:00:00+00:00
[2025-08-19T03:24:52.957+0000] {processor.py:183} INFO - Processing /home/airflow/.local/lib/python3.12/site-packages/airflow/example_dags/example_xcom.py took 0.092 seconds
[2025-08-19T03:25:23.479+0000] {processor.py:161} INFO - Started process (PID=23847) to work on /home/airflow/.local/lib/python3.12/site-packages/airflow/example_dags/example_xcom.py
[2025-08-19T03:25:23.480+0000] {processor.py:830} INFO - Processing file /home/airflow/.local/lib/python3.12/site-packages/airflow/example_dags/example_xcom.py for tasks to queue
[2025-08-19T03:25:23.481+0000] {logging_mixin.py:188} INFO - [2025-08-19T03:25:23.481+0000] {dagbag.py:545} INFO - Filling up the DagBag from /home/airflow/.local/lib/python3.12/site-packages/airflow/example_dags/example_xcom.py
[2025-08-19T03:25:23.490+0000] {processor.py:840} INFO - DAG(s) 'example_xcom' retrieved from /home/airflow/.local/lib/python3.12/site-packages/airflow/example_dags/example_xcom.py
[2025-08-19T03:25:23.514+0000] {logging_mixin.py:188} INFO - [2025-08-19T03:25:23.513+0000] {dag.py:3096} INFO - Sync 1 DAGs
[2025-08-19T03:25:23.538+0000] {logging_mixin.py:188} INFO - [2025-08-19T03:25:23.538+0000] {dag.py:3954} INFO - Setting next_dagrun for example_xcom to 2021-01-01 00:00:00+00:00, run_after=2021-01-01 00:00:00+00:00
[2025-08-19T03:25:23.562+0000] {processor.py:183} INFO - Processing /home/airflow/.local/lib/python3.12/site-packages/airflow/example_dags/example_xcom.py took 0.089 seconds
[2025-08-19T03:25:53.890+0000] {processor.py:161} INFO - Started process (PID=23900) to work on /home/airflow/.local/lib/python3.12/site-packages/airflow/example_dags/example_xcom.py
[2025-08-19T03:25:53.891+0000] {processor.py:830} INFO - Processing file /home/airflow/.local/lib/python3.12/site-packages/airflow/example_dags/example_xcom.py for tasks to queue
[2025-08-19T03:25:53.893+0000] {logging_mixin.py:188} INFO - [2025-08-19T03:25:53.892+0000] {dagbag.py:545} INFO - Filling up the DagBag from /home/airflow/.local/lib/python3.12/site-packages/airflow/example_dags/example_xcom.py
[2025-08-19T03:25:53.902+0000] {processor.py:840} INFO - DAG(s) 'example_xcom' retrieved from /home/airflow/.local/lib/python3.12/site-packages/airflow/example_dags/example_xcom.py
[2025-08-19T03:25:53.926+0000] {logging_mixin.py:188} INFO - [2025-08-19T03:25:53.926+0000] {dag.py:3096} INFO - Sync 1 DAGs
[2025-08-19T03:25:53.946+0000] {logging_mixin.py:188} INFO - [2025-08-19T03:25:53.946+0000] {dag.py:3954} INFO - Setting next_dagrun for example_xcom to 2021-01-01 00:00:00+00:00, run_after=2021-01-01 00:00:00+00:00
[2025-08-19T03:25:53.971+0000] {processor.py:183} INFO - Processing /home/airflow/.local/lib/python3.12/site-packages/airflow/example_dags/example_xcom.py took 0.087 seconds
[2025-08-19T03:26:24.239+0000] {processor.py:161} INFO - Started process (PID=23953) to work on /home/airflow/.local/lib/python3.12/site-packages/airflow/example_dags/example_xcom.py
[2025-08-19T03:26:24.240+0000] {processor.py:830} INFO - Processing file /home/airflow/.local/lib/python3.12/site-packages/airflow/example_dags/example_xcom.py for tasks to queue
[2025-08-19T03:26:24.241+0000] {logging_mixin.py:188} INFO - [2025-08-19T03:26:24.241+0000] {dagbag.py:545} INFO - Filling up the DagBag from /home/airflow/.local/lib/python3.12/site-packages/airflow/example_dags/example_xcom.py
[2025-08-19T03:26:24.250+0000] {processor.py:840} INFO - DAG(s) 'example_xcom' retrieved from /home/airflow/.local/lib/python3.12/site-packages/airflow/example_dags/example_xcom.py
[2025-08-19T03:26:24.275+0000] {logging_mixin.py:188} INFO - [2025-08-19T03:26:24.275+0000] {dag.py:3096} INFO - Sync 1 DAGs
[2025-08-19T03:26:24.302+0000] {logging_mixin.py:188} INFO - [2025-08-19T03:26:24.302+0000] {dag.py:3954} INFO - Setting next_dagrun for example_xcom to 2021-01-01 00:00:00+00:00, run_after=2021-01-01 00:00:00+00:00
[2025-08-19T03:26:24.328+0000] {processor.py:183} INFO - Processing /home/airflow/.local/lib/python3.12/site-packages/airflow/example_dags/example_xcom.py took 0.095 seconds
[2025-08-19T03:26:54.748+0000] {processor.py:161} INFO - Started process (PID=24006) to work on /home/airflow/.local/lib/python3.12/site-packages/airflow/example_dags/example_xcom.py
[2025-08-19T03:26:54.749+0000] {processor.py:830} INFO - Processing file /home/airflow/.local/lib/python3.12/site-packages/airflow/example_dags/example_xcom.py for tasks to queue
[2025-08-19T03:26:54.750+0000] {logging_mixin.py:188} INFO - [2025-08-19T03:26:54.750+0000] {dagbag.py:545} INFO - Filling up the DagBag from /home/airflow/.local/lib/python3.12/site-packages/airflow/example_dags/example_xcom.py
[2025-08-19T03:26:54.758+0000] {processor.py:840} INFO - DAG(s) 'example_xcom' retrieved from /home/airflow/.local/lib/python3.12/site-packages/airflow/example_dags/example_xcom.py
[2025-08-19T03:26:54.783+0000] {logging_mixin.py:188} INFO - [2025-08-19T03:26:54.782+0000] {dag.py:3096} INFO - Sync 1 DAGs
[2025-08-19T03:26:54.805+0000] {logging_mixin.py:188} INFO - [2025-08-19T03:26:54.805+0000] {dag.py:3954} INFO - Setting next_dagrun for example_xcom to 2021-01-01 00:00:00+00:00, run_after=2021-01-01 00:00:00+00:00
[2025-08-19T03:26:54.827+0000] {processor.py:183} INFO - Processing /home/airflow/.local/lib/python3.12/site-packages/airflow/example_dags/example_xcom.py took 0.085 seconds
[2025-08-19T03:27:25.178+0000] {processor.py:161} INFO - Started process (PID=24059) to work on /home/airflow/.local/lib/python3.12/site-packages/airflow/example_dags/example_xcom.py
[2025-08-19T03:27:25.180+0000] {processor.py:830} INFO - Processing file /home/airflow/.local/lib/python3.12/site-packages/airflow/example_dags/example_xcom.py for tasks to queue
[2025-08-19T03:27:25.181+0000] {logging_mixin.py:188} INFO - [2025-08-19T03:27:25.181+0000] {dagbag.py:545} INFO - Filling up the DagBag from /home/airflow/.local/lib/python3.12/site-packages/airflow/example_dags/example_xcom.py
[2025-08-19T03:27:25.189+0000] {processor.py:840} INFO - DAG(s) 'example_xcom' retrieved from /home/airflow/.local/lib/python3.12/site-packages/airflow/example_dags/example_xcom.py
[2025-08-19T03:27:25.213+0000] {logging_mixin.py:188} INFO - [2025-08-19T03:27:25.213+0000] {dag.py:3096} INFO - Sync 1 DAGs
[2025-08-19T03:27:25.242+0000] {logging_mixin.py:188} INFO - [2025-08-19T03:27:25.241+0000] {dag.py:3954} INFO - Setting next_dagrun for example_xcom to 2021-01-01 00:00:00+00:00, run_after=2021-01-01 00:00:00+00:00
[2025-08-19T03:27:25.269+0000] {processor.py:183} INFO - Processing /home/airflow/.local/lib/python3.12/site-packages/airflow/example_dags/example_xcom.py took 0.097 seconds
[2025-08-19T03:27:55.709+0000] {processor.py:161} INFO - Started process (PID=24112) to work on /home/airflow/.local/lib/python3.12/site-packages/airflow/example_dags/example_xcom.py
[2025-08-19T03:27:55.711+0000] {processor.py:830} INFO - Processing file /home/airflow/.local/lib/python3.12/site-packages/airflow/example_dags/example_xcom.py for tasks to queue
[2025-08-19T03:27:55.712+0000] {logging_mixin.py:188} INFO - [2025-08-19T03:27:55.712+0000] {dagbag.py:545} INFO - Filling up the DagBag from /home/airflow/.local/lib/python3.12/site-packages/airflow/example_dags/example_xcom.py
[2025-08-19T03:27:55.720+0000] {processor.py:840} INFO - DAG(s) 'example_xcom' retrieved from /home/airflow/.local/lib/python3.12/site-packages/airflow/example_dags/example_xcom.py
[2025-08-19T03:27:55.743+0000] {logging_mixin.py:188} INFO - [2025-08-19T03:27:55.743+0000] {dag.py:3096} INFO - Sync 1 DAGs
[2025-08-19T03:27:55.766+0000] {logging_mixin.py:188} INFO - [2025-08-19T03:27:55.766+0000] {dag.py:3954} INFO - Setting next_dagrun for example_xcom to 2021-01-01 00:00:00+00:00, run_after=2021-01-01 00:00:00+00:00
[2025-08-19T03:27:55.788+0000] {processor.py:183} INFO - Processing /home/airflow/.local/lib/python3.12/site-packages/airflow/example_dags/example_xcom.py took 0.085 seconds
[2025-08-19T03:28:26.138+0000] {processor.py:161} INFO - Started process (PID=24165) to work on /home/airflow/.local/lib/python3.12/site-packages/airflow/example_dags/example_xcom.py
[2025-08-19T03:28:26.139+0000] {processor.py:830} INFO - Processing file /home/airflow/.local/lib/python3.12/site-packages/airflow/example_dags/example_xcom.py for tasks to queue
[2025-08-19T03:28:26.140+0000] {logging_mixin.py:188} INFO - [2025-08-19T03:28:26.140+0000] {dagbag.py:545} INFO - Filling up the DagBag from /home/airflow/.local/lib/python3.12/site-packages/airflow/example_dags/example_xcom.py
[2025-08-19T03:28:26.148+0000] {processor.py:840} INFO - DAG(s) 'example_xcom' retrieved from /home/airflow/.local/lib/python3.12/site-packages/airflow/example_dags/example_xcom.py
[2025-08-19T03:28:26.174+0000] {logging_mixin.py:188} INFO - [2025-08-19T03:28:26.174+0000] {dag.py:3096} INFO - Sync 1 DAGs
[2025-08-19T03:28:26.196+0000] {logging_mixin.py:188} INFO - [2025-08-19T03:28:26.196+0000] {dag.py:3954} INFO - Setting next_dagrun for example_xcom to 2021-01-01 00:00:00+00:00, run_after=2021-01-01 00:00:00+00:00
[2025-08-19T03:28:26.220+0000] {processor.py:183} INFO - Processing /home/airflow/.local/lib/python3.12/site-packages/airflow/example_dags/example_xcom.py took 0.088 seconds
[2025-08-19T03:28:56.599+0000] {processor.py:161} INFO - Started process (PID=24218) to work on /home/airflow/.local/lib/python3.12/site-packages/airflow/example_dags/example_xcom.py
[2025-08-19T03:28:56.600+0000] {processor.py:830} INFO - Processing file /home/airflow/.local/lib/python3.12/site-packages/airflow/example_dags/example_xcom.py for tasks to queue
[2025-08-19T03:28:56.602+0000] {logging_mixin.py:188} INFO - [2025-08-19T03:28:56.601+0000] {dagbag.py:545} INFO - Filling up the DagBag from /home/airflow/.local/lib/python3.12/site-packages/airflow/example_dags/example_xcom.py
[2025-08-19T03:28:56.611+0000] {processor.py:840} INFO - DAG(s) 'example_xcom' retrieved from /home/airflow/.local/lib/python3.12/site-packages/airflow/example_dags/example_xcom.py
[2025-08-19T03:28:56.635+0000] {logging_mixin.py:188} INFO - [2025-08-19T03:28:56.635+0000] {dag.py:3096} INFO - Sync 1 DAGs
[2025-08-19T03:28:56.658+0000] {logging_mixin.py:188} INFO - [2025-08-19T03:28:56.658+0000] {dag.py:3954} INFO - Setting next_dagrun for example_xcom to 2021-01-01 00:00:00+00:00, run_after=2021-01-01 00:00:00+00:00
[2025-08-19T03:28:56.682+0000] {processor.py:183} INFO - Processing /home/airflow/.local/lib/python3.12/site-packages/airflow/example_dags/example_xcom.py took 0.089 seconds
[2025-08-19T03:29:26.943+0000] {processor.py:161} INFO - Started process (PID=24271) to work on /home/airflow/.local/lib/python3.12/site-packages/airflow/example_dags/example_xcom.py
[2025-08-19T03:29:26.944+0000] {processor.py:830} INFO - Processing file /home/airflow/.local/lib/python3.12/site-packages/airflow/example_dags/example_xcom.py for tasks to queue
[2025-08-19T03:29:26.945+0000] {logging_mixin.py:188} INFO - [2025-08-19T03:29:26.945+0000] {dagbag.py:545} INFO - Filling up the DagBag from /home/airflow/.local/lib/python3.12/site-packages/airflow/example_dags/example_xcom.py
[2025-08-19T03:29:26.953+0000] {processor.py:840} INFO - DAG(s) 'example_xcom' retrieved from /home/airflow/.local/lib/python3.12/site-packages/airflow/example_dags/example_xcom.py
[2025-08-19T03:29:26.977+0000] {logging_mixin.py:188} INFO - [2025-08-19T03:29:26.976+0000] {dag.py:3096} INFO - Sync 1 DAGs
[2025-08-19T03:29:26.999+0000] {logging_mixin.py:188} INFO - [2025-08-19T03:29:26.998+0000] {dag.py:3954} INFO - Setting next_dagrun for example_xcom to 2021-01-01 00:00:00+00:00, run_after=2021-01-01 00:00:00+00:00
[2025-08-19T03:29:27.022+0000] {processor.py:183} INFO - Processing /home/airflow/.local/lib/python3.12/site-packages/airflow/example_dags/example_xcom.py took 0.086 seconds
[2025-08-19T03:29:57.309+0000] {processor.py:161} INFO - Started process (PID=24324) to work on /home/airflow/.local/lib/python3.12/site-packages/airflow/example_dags/example_xcom.py
[2025-08-19T03:29:57.311+0000] {processor.py:830} INFO - Processing file /home/airflow/.local/lib/python3.12/site-packages/airflow/example_dags/example_xcom.py for tasks to queue
[2025-08-19T03:29:57.312+0000] {logging_mixin.py:188} INFO - [2025-08-19T03:29:57.312+0000] {dagbag.py:545} INFO - Filling up the DagBag from /home/airflow/.local/lib/python3.12/site-packages/airflow/example_dags/example_xcom.py
[2025-08-19T03:29:57.323+0000] {processor.py:840} INFO - DAG(s) 'example_xcom' retrieved from /home/airflow/.local/lib/python3.12/site-packages/airflow/example_dags/example_xcom.py
[2025-08-19T03:29:57.348+0000] {logging_mixin.py:188} INFO - [2025-08-19T03:29:57.347+0000] {dag.py:3096} INFO - Sync 1 DAGs
[2025-08-19T03:29:57.368+0000] {logging_mixin.py:188} INFO - [2025-08-19T03:29:57.367+0000] {dag.py:3954} INFO - Setting next_dagrun for example_xcom to 2021-01-01 00:00:00+00:00, run_after=2021-01-01 00:00:00+00:00
[2025-08-19T03:29:57.392+0000] {processor.py:183} INFO - Processing /home/airflow/.local/lib/python3.12/site-packages/airflow/example_dags/example_xcom.py took 0.090 seconds
[2025-08-19T03:30:27.799+0000] {processor.py:161} INFO - Started process (PID=24377) to work on /home/airflow/.local/lib/python3.12/site-packages/airflow/example_dags/example_xcom.py
[2025-08-19T03:30:27.801+0000] {processor.py:830} INFO - Processing file /home/airflow/.local/lib/python3.12/site-packages/airflow/example_dags/example_xcom.py for tasks to queue
[2025-08-19T03:30:27.802+0000] {logging_mixin.py:188} INFO - [2025-08-19T03:30:27.802+0000] {dagbag.py:545} INFO - Filling up the DagBag from /home/airflow/.local/lib/python3.12/site-packages/airflow/example_dags/example_xcom.py
[2025-08-19T03:30:27.810+0000] {processor.py:840} INFO - DAG(s) 'example_xcom' retrieved from /home/airflow/.local/lib/python3.12/site-packages/airflow/example_dags/example_xcom.py
[2025-08-19T03:30:27.833+0000] {logging_mixin.py:188} INFO - [2025-08-19T03:30:27.833+0000] {dag.py:3096} INFO - Sync 1 DAGs
[2025-08-19T03:30:27.856+0000] {logging_mixin.py:188} INFO - [2025-08-19T03:30:27.855+0000] {dag.py:3954} INFO - Setting next_dagrun for example_xcom to 2021-01-01 00:00:00+00:00, run_after=2021-01-01 00:00:00+00:00
[2025-08-19T03:30:27.878+0000] {processor.py:183} INFO - Processing /home/airflow/.local/lib/python3.12/site-packages/airflow/example_dags/example_xcom.py took 0.085 seconds
[2025-08-19T03:30:58.463+0000] {processor.py:161} INFO - Started process (PID=24430) to work on /home/airflow/.local/lib/python3.12/site-packages/airflow/example_dags/example_xcom.py
[2025-08-19T03:30:58.464+0000] {processor.py:830} INFO - Processing file /home/airflow/.local/lib/python3.12/site-packages/airflow/example_dags/example_xcom.py for tasks to queue
[2025-08-19T03:30:58.466+0000] {logging_mixin.py:188} INFO - [2025-08-19T03:30:58.465+0000] {dagbag.py:545} INFO - Filling up the DagBag from /home/airflow/.local/lib/python3.12/site-packages/airflow/example_dags/example_xcom.py
[2025-08-19T03:30:58.474+0000] {processor.py:840} INFO - DAG(s) 'example_xcom' retrieved from /home/airflow/.local/lib/python3.12/site-packages/airflow/example_dags/example_xcom.py
[2025-08-19T03:30:58.497+0000] {logging_mixin.py:188} INFO - [2025-08-19T03:30:58.497+0000] {dag.py:3096} INFO - Sync 1 DAGs
[2025-08-19T03:30:58.521+0000] {logging_mixin.py:188} INFO - [2025-08-19T03:30:58.521+0000] {dag.py:3954} INFO - Setting next_dagrun for example_xcom to 2021-01-01 00:00:00+00:00, run_after=2021-01-01 00:00:00+00:00
[2025-08-19T03:30:58.544+0000] {processor.py:183} INFO - Processing /home/airflow/.local/lib/python3.12/site-packages/airflow/example_dags/example_xcom.py took 0.088 seconds
[2025-08-19T03:31:28.727+0000] {processor.py:161} INFO - Started process (PID=24483) to work on /home/airflow/.local/lib/python3.12/site-packages/airflow/example_dags/example_xcom.py
[2025-08-19T03:31:28.729+0000] {processor.py:830} INFO - Processing file /home/airflow/.local/lib/python3.12/site-packages/airflow/example_dags/example_xcom.py for tasks to queue
[2025-08-19T03:31:28.730+0000] {logging_mixin.py:188} INFO - [2025-08-19T03:31:28.730+0000] {dagbag.py:545} INFO - Filling up the DagBag from /home/airflow/.local/lib/python3.12/site-packages/airflow/example_dags/example_xcom.py
[2025-08-19T03:31:28.739+0000] {processor.py:840} INFO - DAG(s) 'example_xcom' retrieved from /home/airflow/.local/lib/python3.12/site-packages/airflow/example_dags/example_xcom.py
[2025-08-19T03:31:28.761+0000] {logging_mixin.py:188} INFO - [2025-08-19T03:31:28.761+0000] {dag.py:3096} INFO - Sync 1 DAGs
[2025-08-19T03:31:28.786+0000] {logging_mixin.py:188} INFO - [2025-08-19T03:31:28.786+0000] {dag.py:3954} INFO - Setting next_dagrun for example_xcom to 2021-01-01 00:00:00+00:00, run_after=2021-01-01 00:00:00+00:00
[2025-08-19T03:31:28.810+0000] {processor.py:183} INFO - Processing /home/airflow/.local/lib/python3.12/site-packages/airflow/example_dags/example_xcom.py took 0.089 seconds
[2025-08-19T03:31:59.061+0000] {processor.py:161} INFO - Started process (PID=24536) to work on /home/airflow/.local/lib/python3.12/site-packages/airflow/example_dags/example_xcom.py
[2025-08-19T03:31:59.062+0000] {processor.py:830} INFO - Processing file /home/airflow/.local/lib/python3.12/site-packages/airflow/example_dags/example_xcom.py for tasks to queue
[2025-08-19T03:31:59.064+0000] {logging_mixin.py:188} INFO - [2025-08-19T03:31:59.063+0000] {dagbag.py:545} INFO - Filling up the DagBag from /home/airflow/.local/lib/python3.12/site-packages/airflow/example_dags/example_xcom.py
[2025-08-19T03:31:59.072+0000] {processor.py:840} INFO - DAG(s) 'example_xcom' retrieved from /home/airflow/.local/lib/python3.12/site-packages/airflow/example_dags/example_xcom.py
[2025-08-19T03:31:59.094+0000] {logging_mixin.py:188} INFO - [2025-08-19T03:31:59.094+0000] {dag.py:3096} INFO - Sync 1 DAGs
[2025-08-19T03:31:59.117+0000] {logging_mixin.py:188} INFO - [2025-08-19T03:31:59.116+0000] {dag.py:3954} INFO - Setting next_dagrun for example_xcom to 2021-01-01 00:00:00+00:00, run_after=2021-01-01 00:00:00+00:00
[2025-08-19T03:31:59.139+0000] {processor.py:183} INFO - Processing /home/airflow/.local/lib/python3.12/site-packages/airflow/example_dags/example_xcom.py took 0.084 seconds
[2025-08-19T03:32:29.773+0000] {processor.py:161} INFO - Started process (PID=24589) to work on /home/airflow/.local/lib/python3.12/site-packages/airflow/example_dags/example_xcom.py
[2025-08-19T03:32:29.775+0000] {processor.py:830} INFO - Processing file /home/airflow/.local/lib/python3.12/site-packages/airflow/example_dags/example_xcom.py for tasks to queue
[2025-08-19T03:32:29.776+0000] {logging_mixin.py:188} INFO - [2025-08-19T03:32:29.776+0000] {dagbag.py:545} INFO - Filling up the DagBag from /home/airflow/.local/lib/python3.12/site-packages/airflow/example_dags/example_xcom.py
[2025-08-19T03:32:29.787+0000] {processor.py:840} INFO - DAG(s) 'example_xcom' retrieved from /home/airflow/.local/lib/python3.12/site-packages/airflow/example_dags/example_xcom.py
[2025-08-19T03:32:29.815+0000] {logging_mixin.py:188} INFO - [2025-08-19T03:32:29.815+0000] {dag.py:3096} INFO - Sync 1 DAGs
[2025-08-19T03:32:29.840+0000] {logging_mixin.py:188} INFO - [2025-08-19T03:32:29.839+0000] {dag.py:3954} INFO - Setting next_dagrun for example_xcom to 2021-01-01 00:00:00+00:00, run_after=2021-01-01 00:00:00+00:00
[2025-08-19T03:32:29.866+0000] {processor.py:183} INFO - Processing /home/airflow/.local/lib/python3.12/site-packages/airflow/example_dags/example_xcom.py took 0.100 seconds
[2025-08-19T03:33:00.448+0000] {processor.py:161} INFO - Started process (PID=24642) to work on /home/airflow/.local/lib/python3.12/site-packages/airflow/example_dags/example_xcom.py
[2025-08-19T03:33:00.451+0000] {processor.py:830} INFO - Processing file /home/airflow/.local/lib/python3.12/site-packages/airflow/example_dags/example_xcom.py for tasks to queue
[2025-08-19T03:33:00.453+0000] {logging_mixin.py:188} INFO - [2025-08-19T03:33:00.453+0000] {dagbag.py:545} INFO - Filling up the DagBag from /home/airflow/.local/lib/python3.12/site-packages/airflow/example_dags/example_xcom.py
[2025-08-19T03:33:00.472+0000] {processor.py:840} INFO - DAG(s) 'example_xcom' retrieved from /home/airflow/.local/lib/python3.12/site-packages/airflow/example_dags/example_xcom.py
[2025-08-19T03:33:00.527+0000] {logging_mixin.py:188} INFO - [2025-08-19T03:33:00.526+0000] {dag.py:3096} INFO - Sync 1 DAGs
[2025-08-19T03:33:00.596+0000] {logging_mixin.py:188} INFO - [2025-08-19T03:33:00.594+0000] {dag.py:3954} INFO - Setting next_dagrun for example_xcom to 2021-01-01 00:00:00+00:00, run_after=2021-01-01 00:00:00+00:00
[2025-08-19T03:33:00.664+0000] {processor.py:183} INFO - Processing /home/airflow/.local/lib/python3.12/site-packages/airflow/example_dags/example_xcom.py took 0.229 seconds
[2025-08-19T03:33:34.272+0000] {processor.py:161} INFO - Started process (PID=24695) to work on /home/airflow/.local/lib/python3.12/site-packages/airflow/example_dags/example_xcom.py
[2025-08-19T03:33:34.275+0000] {processor.py:830} INFO - Processing file /home/airflow/.local/lib/python3.12/site-packages/airflow/example_dags/example_xcom.py for tasks to queue
[2025-08-19T03:33:34.279+0000] {logging_mixin.py:188} INFO - [2025-08-19T03:33:34.278+0000] {dagbag.py:545} INFO - Filling up the DagBag from /home/airflow/.local/lib/python3.12/site-packages/airflow/example_dags/example_xcom.py
[2025-08-19T03:33:34.308+0000] {processor.py:840} INFO - DAG(s) 'example_xcom' retrieved from /home/airflow/.local/lib/python3.12/site-packages/airflow/example_dags/example_xcom.py
[2025-08-19T03:33:34.375+0000] {logging_mixin.py:188} INFO - [2025-08-19T03:33:34.374+0000] {dag.py:3096} INFO - Sync 1 DAGs
[2025-08-19T03:33:34.463+0000] {logging_mixin.py:188} INFO - [2025-08-19T03:33:34.462+0000] {dag.py:3954} INFO - Setting next_dagrun for example_xcom to 2021-01-01 00:00:00+00:00, run_after=2021-01-01 00:00:00+00:00
[2025-08-19T03:33:34.571+0000] {processor.py:183} INFO - Processing /home/airflow/.local/lib/python3.12/site-packages/airflow/example_dags/example_xcom.py took 0.317 seconds
[2025-08-19T03:34:05.383+0000] {processor.py:161} INFO - Started process (PID=24748) to work on /home/airflow/.local/lib/python3.12/site-packages/airflow/example_dags/example_xcom.py
[2025-08-19T03:34:05.386+0000] {processor.py:830} INFO - Processing file /home/airflow/.local/lib/python3.12/site-packages/airflow/example_dags/example_xcom.py for tasks to queue
[2025-08-19T03:34:05.387+0000] {logging_mixin.py:188} INFO - [2025-08-19T03:34:05.386+0000] {dagbag.py:545} INFO - Filling up the DagBag from /home/airflow/.local/lib/python3.12/site-packages/airflow/example_dags/example_xcom.py
[2025-08-19T03:34:05.396+0000] {processor.py:840} INFO - DAG(s) 'example_xcom' retrieved from /home/airflow/.local/lib/python3.12/site-packages/airflow/example_dags/example_xcom.py
[2025-08-19T03:34:05.424+0000] {logging_mixin.py:188} INFO - [2025-08-19T03:34:05.423+0000] {dag.py:3096} INFO - Sync 1 DAGs
[2025-08-19T03:34:05.447+0000] {logging_mixin.py:188} INFO - [2025-08-19T03:34:05.447+0000] {dag.py:3954} INFO - Setting next_dagrun for example_xcom to 2021-01-01 00:00:00+00:00, run_after=2021-01-01 00:00:00+00:00
[2025-08-19T03:34:05.476+0000] {processor.py:183} INFO - Processing /home/airflow/.local/lib/python3.12/site-packages/airflow/example_dags/example_xcom.py took 0.100 seconds
[2025-08-19T03:34:35.775+0000] {processor.py:161} INFO - Started process (PID=24801) to work on /home/airflow/.local/lib/python3.12/site-packages/airflow/example_dags/example_xcom.py
[2025-08-19T03:34:35.781+0000] {processor.py:830} INFO - Processing file /home/airflow/.local/lib/python3.12/site-packages/airflow/example_dags/example_xcom.py for tasks to queue
[2025-08-19T03:34:35.787+0000] {logging_mixin.py:188} INFO - [2025-08-19T03:34:35.784+0000] {dagbag.py:545} INFO - Filling up the DagBag from /home/airflow/.local/lib/python3.12/site-packages/airflow/example_dags/example_xcom.py
[2025-08-19T03:34:35.806+0000] {processor.py:840} INFO - DAG(s) 'example_xcom' retrieved from /home/airflow/.local/lib/python3.12/site-packages/airflow/example_dags/example_xcom.py
[2025-08-19T03:34:35.846+0000] {logging_mixin.py:188} INFO - [2025-08-19T03:34:35.845+0000] {dag.py:3096} INFO - Sync 1 DAGs
[2025-08-19T03:34:35.883+0000] {logging_mixin.py:188} INFO - [2025-08-19T03:34:35.883+0000] {dag.py:3954} INFO - Setting next_dagrun for example_xcom to 2021-01-01 00:00:00+00:00, run_after=2021-01-01 00:00:00+00:00
[2025-08-19T03:34:35.920+0000] {processor.py:183} INFO - Processing /home/airflow/.local/lib/python3.12/site-packages/airflow/example_dags/example_xcom.py took 0.157 seconds
[2025-08-19T03:35:06.066+0000] {processor.py:161} INFO - Started process (PID=24854) to work on /home/airflow/.local/lib/python3.12/site-packages/airflow/example_dags/example_xcom.py
[2025-08-19T03:35:06.067+0000] {processor.py:830} INFO - Processing file /home/airflow/.local/lib/python3.12/site-packages/airflow/example_dags/example_xcom.py for tasks to queue
[2025-08-19T03:35:06.068+0000] {logging_mixin.py:188} INFO - [2025-08-19T03:35:06.068+0000] {dagbag.py:545} INFO - Filling up the DagBag from /home/airflow/.local/lib/python3.12/site-packages/airflow/example_dags/example_xcom.py
[2025-08-19T03:35:06.083+0000] {processor.py:840} INFO - DAG(s) 'example_xcom' retrieved from /home/airflow/.local/lib/python3.12/site-packages/airflow/example_dags/example_xcom.py
[2025-08-19T03:35:06.110+0000] {logging_mixin.py:188} INFO - [2025-08-19T03:35:06.110+0000] {dag.py:3096} INFO - Sync 1 DAGs
[2025-08-19T03:35:06.133+0000] {logging_mixin.py:188} INFO - [2025-08-19T03:35:06.132+0000] {dag.py:3954} INFO - Setting next_dagrun for example_xcom to 2021-01-01 00:00:00+00:00, run_after=2021-01-01 00:00:00+00:00
[2025-08-19T03:35:06.158+0000] {processor.py:183} INFO - Processing /home/airflow/.local/lib/python3.12/site-packages/airflow/example_dags/example_xcom.py took 0.101 seconds
[2025-08-19T03:35:36.831+0000] {processor.py:161} INFO - Started process (PID=24907) to work on /home/airflow/.local/lib/python3.12/site-packages/airflow/example_dags/example_xcom.py
[2025-08-19T03:35:36.833+0000] {processor.py:830} INFO - Processing file /home/airflow/.local/lib/python3.12/site-packages/airflow/example_dags/example_xcom.py for tasks to queue
[2025-08-19T03:35:36.838+0000] {logging_mixin.py:188} INFO - [2025-08-19T03:35:36.836+0000] {dagbag.py:545} INFO - Filling up the DagBag from /home/airflow/.local/lib/python3.12/site-packages/airflow/example_dags/example_xcom.py
[2025-08-19T03:35:36.856+0000] {processor.py:840} INFO - DAG(s) 'example_xcom' retrieved from /home/airflow/.local/lib/python3.12/site-packages/airflow/example_dags/example_xcom.py
[2025-08-19T03:35:36.888+0000] {logging_mixin.py:188} INFO - [2025-08-19T03:35:36.888+0000] {dag.py:3096} INFO - Sync 1 DAGs
[2025-08-19T03:35:36.924+0000] {logging_mixin.py:188} INFO - [2025-08-19T03:35:36.923+0000] {dag.py:3954} INFO - Setting next_dagrun for example_xcom to 2021-01-01 00:00:00+00:00, run_after=2021-01-01 00:00:00+00:00
[2025-08-19T03:35:36.966+0000] {processor.py:183} INFO - Processing /home/airflow/.local/lib/python3.12/site-packages/airflow/example_dags/example_xcom.py took 0.146 seconds
[2025-08-19T03:36:07.208+0000] {processor.py:161} INFO - Started process (PID=24960) to work on /home/airflow/.local/lib/python3.12/site-packages/airflow/example_dags/example_xcom.py
[2025-08-19T03:36:07.210+0000] {processor.py:830} INFO - Processing file /home/airflow/.local/lib/python3.12/site-packages/airflow/example_dags/example_xcom.py for tasks to queue
[2025-08-19T03:36:07.213+0000] {logging_mixin.py:188} INFO - [2025-08-19T03:36:07.212+0000] {dagbag.py:545} INFO - Filling up the DagBag from /home/airflow/.local/lib/python3.12/site-packages/airflow/example_dags/example_xcom.py
[2025-08-19T03:36:07.224+0000] {processor.py:840} INFO - DAG(s) 'example_xcom' retrieved from /home/airflow/.local/lib/python3.12/site-packages/airflow/example_dags/example_xcom.py
[2025-08-19T03:36:07.254+0000] {logging_mixin.py:188} INFO - [2025-08-19T03:36:07.253+0000] {dag.py:3096} INFO - Sync 1 DAGs
[2025-08-19T03:36:07.285+0000] {logging_mixin.py:188} INFO - [2025-08-19T03:36:07.284+0000] {dag.py:3954} INFO - Setting next_dagrun for example_xcom to 2021-01-01 00:00:00+00:00, run_after=2021-01-01 00:00:00+00:00
[2025-08-19T03:36:07.314+0000] {processor.py:183} INFO - Processing /home/airflow/.local/lib/python3.12/site-packages/airflow/example_dags/example_xcom.py took 0.122 seconds
[2025-08-19T03:36:37.494+0000] {processor.py:161} INFO - Started process (PID=25013) to work on /home/airflow/.local/lib/python3.12/site-packages/airflow/example_dags/example_xcom.py
[2025-08-19T03:36:37.495+0000] {processor.py:830} INFO - Processing file /home/airflow/.local/lib/python3.12/site-packages/airflow/example_dags/example_xcom.py for tasks to queue
[2025-08-19T03:36:37.497+0000] {logging_mixin.py:188} INFO - [2025-08-19T03:36:37.496+0000] {dagbag.py:545} INFO - Filling up the DagBag from /home/airflow/.local/lib/python3.12/site-packages/airflow/example_dags/example_xcom.py
[2025-08-19T03:36:37.508+0000] {processor.py:840} INFO - DAG(s) 'example_xcom' retrieved from /home/airflow/.local/lib/python3.12/site-packages/airflow/example_dags/example_xcom.py
[2025-08-19T03:36:37.534+0000] {logging_mixin.py:188} INFO - [2025-08-19T03:36:37.534+0000] {dag.py:3096} INFO - Sync 1 DAGs
[2025-08-19T03:36:37.560+0000] {logging_mixin.py:188} INFO - [2025-08-19T03:36:37.559+0000] {dag.py:3954} INFO - Setting next_dagrun for example_xcom to 2021-01-01 00:00:00+00:00, run_after=2021-01-01 00:00:00+00:00
[2025-08-19T03:36:37.588+0000] {processor.py:183} INFO - Processing /home/airflow/.local/lib/python3.12/site-packages/airflow/example_dags/example_xcom.py took 0.101 seconds
[2025-08-19T03:37:08.440+0000] {processor.py:161} INFO - Started process (PID=25066) to work on /home/airflow/.local/lib/python3.12/site-packages/airflow/example_dags/example_xcom.py
[2025-08-19T03:37:08.442+0000] {processor.py:830} INFO - Processing file /home/airflow/.local/lib/python3.12/site-packages/airflow/example_dags/example_xcom.py for tasks to queue
[2025-08-19T03:37:08.444+0000] {logging_mixin.py:188} INFO - [2025-08-19T03:37:08.443+0000] {dagbag.py:545} INFO - Filling up the DagBag from /home/airflow/.local/lib/python3.12/site-packages/airflow/example_dags/example_xcom.py
[2025-08-19T03:37:08.455+0000] {processor.py:840} INFO - DAG(s) 'example_xcom' retrieved from /home/airflow/.local/lib/python3.12/site-packages/airflow/example_dags/example_xcom.py
[2025-08-19T03:37:08.483+0000] {logging_mixin.py:188} INFO - [2025-08-19T03:37:08.483+0000] {dag.py:3096} INFO - Sync 1 DAGs
[2025-08-19T03:37:08.507+0000] {logging_mixin.py:188} INFO - [2025-08-19T03:37:08.507+0000] {dag.py:3954} INFO - Setting next_dagrun for example_xcom to 2021-01-01 00:00:00+00:00, run_after=2021-01-01 00:00:00+00:00
[2025-08-19T03:37:08.533+0000] {processor.py:183} INFO - Processing /home/airflow/.local/lib/python3.12/site-packages/airflow/example_dags/example_xcom.py took 0.102 seconds
