[2025-08-19T03:10:04.664+0000] {processor.py:161} INFO - Started process (PID=22249) to work on /home/airflow/.local/lib/python3.12/site-packages/airflow/example_dags/example_kubernetes_executor.py
[2025-08-19T03:10:04.666+0000] {processor.py:830} INFO - Processing file /home/airflow/.local/lib/python3.12/site-packages/airflow/example_dags/example_kubernetes_executor.py for tasks to queue
[2025-08-19T03:10:04.668+0000] {logging_mixin.py:188} INFO - [2025-08-19T03:10:04.667+0000] {dagbag.py:545} INFO - Filling up the DagBag from /home/airflow/.local/lib/python3.12/site-packages/airflow/example_dags/example_kubernetes_executor.py
[2025-08-19T03:10:04.695+0000] {processor.py:840} INFO - DAG(s) 'example_kubernetes_executor' retrieved from /home/airflow/.local/lib/python3.12/site-packages/airflow/example_dags/example_kubernetes_executor.py
[2025-08-19T03:10:04.776+0000] {logging_mixin.py:188} INFO - [2025-08-19T03:10:04.775+0000] {dag.py:3096} INFO - Sync 1 DAGs
[2025-08-19T03:10:04.799+0000] {logging_mixin.py:188} INFO - [2025-08-19T03:10:04.799+0000] {dag.py:3954} INFO - Setting next_dagrun for example_kubernetes_executor to None, run_after=None
[2025-08-19T03:10:04.847+0000] {processor.py:183} INFO - Processing /home/airflow/.local/lib/python3.12/site-packages/airflow/example_dags/example_kubernetes_executor.py took 0.193 seconds
[2025-08-19T03:10:35.218+0000] {processor.py:161} INFO - Started process (PID=22302) to work on /home/airflow/.local/lib/python3.12/site-packages/airflow/example_dags/example_kubernetes_executor.py
[2025-08-19T03:10:35.219+0000] {processor.py:830} INFO - Processing file /home/airflow/.local/lib/python3.12/site-packages/airflow/example_dags/example_kubernetes_executor.py for tasks to queue
[2025-08-19T03:10:35.221+0000] {logging_mixin.py:188} INFO - [2025-08-19T03:10:35.221+0000] {dagbag.py:545} INFO - Filling up the DagBag from /home/airflow/.local/lib/python3.12/site-packages/airflow/example_dags/example_kubernetes_executor.py
[2025-08-19T03:10:35.246+0000] {processor.py:840} INFO - DAG(s) 'example_kubernetes_executor' retrieved from /home/airflow/.local/lib/python3.12/site-packages/airflow/example_dags/example_kubernetes_executor.py
[2025-08-19T03:10:35.298+0000] {logging_mixin.py:188} INFO - [2025-08-19T03:10:35.298+0000] {dag.py:3096} INFO - Sync 1 DAGs
[2025-08-19T03:10:35.312+0000] {logging_mixin.py:188} INFO - [2025-08-19T03:10:35.312+0000] {dag.py:3954} INFO - Setting next_dagrun for example_kubernetes_executor to None, run_after=None
[2025-08-19T03:10:35.343+0000] {processor.py:183} INFO - Processing /home/airflow/.local/lib/python3.12/site-packages/airflow/example_dags/example_kubernetes_executor.py took 0.134 seconds
[2025-08-19T03:11:05.638+0000] {processor.py:161} INFO - Started process (PID=22355) to work on /home/airflow/.local/lib/python3.12/site-packages/airflow/example_dags/example_kubernetes_executor.py
[2025-08-19T03:11:05.640+0000] {processor.py:830} INFO - Processing file /home/airflow/.local/lib/python3.12/site-packages/airflow/example_dags/example_kubernetes_executor.py for tasks to queue
[2025-08-19T03:11:05.641+0000] {logging_mixin.py:188} INFO - [2025-08-19T03:11:05.640+0000] {dagbag.py:545} INFO - Filling up the DagBag from /home/airflow/.local/lib/python3.12/site-packages/airflow/example_dags/example_kubernetes_executor.py
[2025-08-19T03:11:05.653+0000] {processor.py:840} INFO - DAG(s) 'example_kubernetes_executor' retrieved from /home/airflow/.local/lib/python3.12/site-packages/airflow/example_dags/example_kubernetes_executor.py
[2025-08-19T03:11:05.697+0000] {logging_mixin.py:188} INFO - [2025-08-19T03:11:05.697+0000] {dag.py:3096} INFO - Sync 1 DAGs
[2025-08-19T03:11:05.711+0000] {logging_mixin.py:188} INFO - [2025-08-19T03:11:05.711+0000] {dag.py:3954} INFO - Setting next_dagrun for example_kubernetes_executor to None, run_after=None
[2025-08-19T03:11:05.738+0000] {processor.py:183} INFO - Processing /home/airflow/.local/lib/python3.12/site-packages/airflow/example_dags/example_kubernetes_executor.py took 0.106 seconds
[2025-08-19T03:11:36.117+0000] {processor.py:161} INFO - Started process (PID=22408) to work on /home/airflow/.local/lib/python3.12/site-packages/airflow/example_dags/example_kubernetes_executor.py
[2025-08-19T03:11:36.119+0000] {processor.py:830} INFO - Processing file /home/airflow/.local/lib/python3.12/site-packages/airflow/example_dags/example_kubernetes_executor.py for tasks to queue
[2025-08-19T03:11:36.120+0000] {logging_mixin.py:188} INFO - [2025-08-19T03:11:36.120+0000] {dagbag.py:545} INFO - Filling up the DagBag from /home/airflow/.local/lib/python3.12/site-packages/airflow/example_dags/example_kubernetes_executor.py
[2025-08-19T03:11:36.132+0000] {processor.py:840} INFO - DAG(s) 'example_kubernetes_executor' retrieved from /home/airflow/.local/lib/python3.12/site-packages/airflow/example_dags/example_kubernetes_executor.py
[2025-08-19T03:11:36.171+0000] {logging_mixin.py:188} INFO - [2025-08-19T03:11:36.171+0000] {dag.py:3096} INFO - Sync 1 DAGs
[2025-08-19T03:11:36.184+0000] {logging_mixin.py:188} INFO - [2025-08-19T03:11:36.183+0000] {dag.py:3954} INFO - Setting next_dagrun for example_kubernetes_executor to None, run_after=None
[2025-08-19T03:11:36.208+0000] {processor.py:183} INFO - Processing /home/airflow/.local/lib/python3.12/site-packages/airflow/example_dags/example_kubernetes_executor.py took 0.097 seconds
[2025-08-19T03:12:06.590+0000] {processor.py:161} INFO - Started process (PID=22461) to work on /home/airflow/.local/lib/python3.12/site-packages/airflow/example_dags/example_kubernetes_executor.py
[2025-08-19T03:12:06.592+0000] {processor.py:830} INFO - Processing file /home/airflow/.local/lib/python3.12/site-packages/airflow/example_dags/example_kubernetes_executor.py for tasks to queue
[2025-08-19T03:12:06.593+0000] {logging_mixin.py:188} INFO - [2025-08-19T03:12:06.592+0000] {dagbag.py:545} INFO - Filling up the DagBag from /home/airflow/.local/lib/python3.12/site-packages/airflow/example_dags/example_kubernetes_executor.py
[2025-08-19T03:12:06.606+0000] {processor.py:840} INFO - DAG(s) 'example_kubernetes_executor' retrieved from /home/airflow/.local/lib/python3.12/site-packages/airflow/example_dags/example_kubernetes_executor.py
[2025-08-19T03:12:06.649+0000] {logging_mixin.py:188} INFO - [2025-08-19T03:12:06.649+0000] {dag.py:3096} INFO - Sync 1 DAGs
[2025-08-19T03:12:06.663+0000] {logging_mixin.py:188} INFO - [2025-08-19T03:12:06.663+0000] {dag.py:3954} INFO - Setting next_dagrun for example_kubernetes_executor to None, run_after=None
[2025-08-19T03:12:06.689+0000] {processor.py:183} INFO - Processing /home/airflow/.local/lib/python3.12/site-packages/airflow/example_dags/example_kubernetes_executor.py took 0.105 seconds
[2025-08-19T03:12:37.109+0000] {processor.py:161} INFO - Started process (PID=22514) to work on /home/airflow/.local/lib/python3.12/site-packages/airflow/example_dags/example_kubernetes_executor.py
[2025-08-19T03:12:37.110+0000] {processor.py:830} INFO - Processing file /home/airflow/.local/lib/python3.12/site-packages/airflow/example_dags/example_kubernetes_executor.py for tasks to queue
[2025-08-19T03:12:37.112+0000] {logging_mixin.py:188} INFO - [2025-08-19T03:12:37.111+0000] {dagbag.py:545} INFO - Filling up the DagBag from /home/airflow/.local/lib/python3.12/site-packages/airflow/example_dags/example_kubernetes_executor.py
[2025-08-19T03:12:37.123+0000] {processor.py:840} INFO - DAG(s) 'example_kubernetes_executor' retrieved from /home/airflow/.local/lib/python3.12/site-packages/airflow/example_dags/example_kubernetes_executor.py
[2025-08-19T03:12:37.167+0000] {logging_mixin.py:188} INFO - [2025-08-19T03:12:37.167+0000] {dag.py:3096} INFO - Sync 1 DAGs
[2025-08-19T03:12:37.182+0000] {logging_mixin.py:188} INFO - [2025-08-19T03:12:37.182+0000] {dag.py:3954} INFO - Setting next_dagrun for example_kubernetes_executor to None, run_after=None
[2025-08-19T03:12:37.206+0000] {processor.py:183} INFO - Processing /home/airflow/.local/lib/python3.12/site-packages/airflow/example_dags/example_kubernetes_executor.py took 0.104 seconds
[2025-08-19T03:13:07.785+0000] {processor.py:161} INFO - Started process (PID=22567) to work on /home/airflow/.local/lib/python3.12/site-packages/airflow/example_dags/example_kubernetes_executor.py
[2025-08-19T03:13:07.786+0000] {processor.py:830} INFO - Processing file /home/airflow/.local/lib/python3.12/site-packages/airflow/example_dags/example_kubernetes_executor.py for tasks to queue
[2025-08-19T03:13:07.788+0000] {logging_mixin.py:188} INFO - [2025-08-19T03:13:07.787+0000] {dagbag.py:545} INFO - Filling up the DagBag from /home/airflow/.local/lib/python3.12/site-packages/airflow/example_dags/example_kubernetes_executor.py
[2025-08-19T03:13:07.801+0000] {processor.py:840} INFO - DAG(s) 'example_kubernetes_executor' retrieved from /home/airflow/.local/lib/python3.12/site-packages/airflow/example_dags/example_kubernetes_executor.py
[2025-08-19T03:13:07.843+0000] {logging_mixin.py:188} INFO - [2025-08-19T03:13:07.843+0000] {dag.py:3096} INFO - Sync 1 DAGs
[2025-08-19T03:13:07.857+0000] {logging_mixin.py:188} INFO - [2025-08-19T03:13:07.857+0000] {dag.py:3954} INFO - Setting next_dagrun for example_kubernetes_executor to None, run_after=None
[2025-08-19T03:13:07.881+0000] {processor.py:183} INFO - Processing /home/airflow/.local/lib/python3.12/site-packages/airflow/example_dags/example_kubernetes_executor.py took 0.103 seconds
[2025-08-19T03:13:38.649+0000] {processor.py:161} INFO - Started process (PID=22620) to work on /home/airflow/.local/lib/python3.12/site-packages/airflow/example_dags/example_kubernetes_executor.py
[2025-08-19T03:13:38.650+0000] {processor.py:830} INFO - Processing file /home/airflow/.local/lib/python3.12/site-packages/airflow/example_dags/example_kubernetes_executor.py for tasks to queue
[2025-08-19T03:13:38.652+0000] {logging_mixin.py:188} INFO - [2025-08-19T03:13:38.651+0000] {dagbag.py:545} INFO - Filling up the DagBag from /home/airflow/.local/lib/python3.12/site-packages/airflow/example_dags/example_kubernetes_executor.py
[2025-08-19T03:13:38.665+0000] {processor.py:840} INFO - DAG(s) 'example_kubernetes_executor' retrieved from /home/airflow/.local/lib/python3.12/site-packages/airflow/example_dags/example_kubernetes_executor.py
[2025-08-19T03:13:38.707+0000] {logging_mixin.py:188} INFO - [2025-08-19T03:13:38.707+0000] {dag.py:3096} INFO - Sync 1 DAGs
[2025-08-19T03:13:38.721+0000] {logging_mixin.py:188} INFO - [2025-08-19T03:13:38.721+0000] {dag.py:3954} INFO - Setting next_dagrun for example_kubernetes_executor to None, run_after=None
[2025-08-19T03:13:38.745+0000] {processor.py:183} INFO - Processing /home/airflow/.local/lib/python3.12/site-packages/airflow/example_dags/example_kubernetes_executor.py took 0.103 seconds
[2025-08-19T03:14:09.445+0000] {processor.py:161} INFO - Started process (PID=22673) to work on /home/airflow/.local/lib/python3.12/site-packages/airflow/example_dags/example_kubernetes_executor.py
[2025-08-19T03:14:09.446+0000] {processor.py:830} INFO - Processing file /home/airflow/.local/lib/python3.12/site-packages/airflow/example_dags/example_kubernetes_executor.py for tasks to queue
[2025-08-19T03:14:09.448+0000] {logging_mixin.py:188} INFO - [2025-08-19T03:14:09.447+0000] {dagbag.py:545} INFO - Filling up the DagBag from /home/airflow/.local/lib/python3.12/site-packages/airflow/example_dags/example_kubernetes_executor.py
[2025-08-19T03:14:09.460+0000] {processor.py:840} INFO - DAG(s) 'example_kubernetes_executor' retrieved from /home/airflow/.local/lib/python3.12/site-packages/airflow/example_dags/example_kubernetes_executor.py
[2025-08-19T03:14:09.501+0000] {logging_mixin.py:188} INFO - [2025-08-19T03:14:09.501+0000] {dag.py:3096} INFO - Sync 1 DAGs
[2025-08-19T03:14:09.515+0000] {logging_mixin.py:188} INFO - [2025-08-19T03:14:09.514+0000] {dag.py:3954} INFO - Setting next_dagrun for example_kubernetes_executor to None, run_after=None
[2025-08-19T03:14:09.540+0000] {processor.py:183} INFO - Processing /home/airflow/.local/lib/python3.12/site-packages/airflow/example_dags/example_kubernetes_executor.py took 0.101 seconds
[2025-08-19T03:14:40.270+0000] {processor.py:161} INFO - Started process (PID=22726) to work on /home/airflow/.local/lib/python3.12/site-packages/airflow/example_dags/example_kubernetes_executor.py
[2025-08-19T03:14:40.272+0000] {processor.py:830} INFO - Processing file /home/airflow/.local/lib/python3.12/site-packages/airflow/example_dags/example_kubernetes_executor.py for tasks to queue
[2025-08-19T03:14:40.273+0000] {logging_mixin.py:188} INFO - [2025-08-19T03:14:40.273+0000] {dagbag.py:545} INFO - Filling up the DagBag from /home/airflow/.local/lib/python3.12/site-packages/airflow/example_dags/example_kubernetes_executor.py
[2025-08-19T03:14:40.285+0000] {processor.py:840} INFO - DAG(s) 'example_kubernetes_executor' retrieved from /home/airflow/.local/lib/python3.12/site-packages/airflow/example_dags/example_kubernetes_executor.py
[2025-08-19T03:14:40.324+0000] {logging_mixin.py:188} INFO - [2025-08-19T03:14:40.324+0000] {dag.py:3096} INFO - Sync 1 DAGs
[2025-08-19T03:14:40.338+0000] {logging_mixin.py:188} INFO - [2025-08-19T03:14:40.337+0000] {dag.py:3954} INFO - Setting next_dagrun for example_kubernetes_executor to None, run_after=None
[2025-08-19T03:14:40.360+0000] {processor.py:183} INFO - Processing /home/airflow/.local/lib/python3.12/site-packages/airflow/example_dags/example_kubernetes_executor.py took 0.096 seconds
[2025-08-19T03:15:11.026+0000] {processor.py:161} INFO - Started process (PID=22779) to work on /home/airflow/.local/lib/python3.12/site-packages/airflow/example_dags/example_kubernetes_executor.py
[2025-08-19T03:15:11.028+0000] {processor.py:830} INFO - Processing file /home/airflow/.local/lib/python3.12/site-packages/airflow/example_dags/example_kubernetes_executor.py for tasks to queue
[2025-08-19T03:15:11.029+0000] {logging_mixin.py:188} INFO - [2025-08-19T03:15:11.029+0000] {dagbag.py:545} INFO - Filling up the DagBag from /home/airflow/.local/lib/python3.12/site-packages/airflow/example_dags/example_kubernetes_executor.py
[2025-08-19T03:15:11.041+0000] {processor.py:840} INFO - DAG(s) 'example_kubernetes_executor' retrieved from /home/airflow/.local/lib/python3.12/site-packages/airflow/example_dags/example_kubernetes_executor.py
[2025-08-19T03:15:11.082+0000] {logging_mixin.py:188} INFO - [2025-08-19T03:15:11.082+0000] {dag.py:3096} INFO - Sync 1 DAGs
[2025-08-19T03:15:11.095+0000] {logging_mixin.py:188} INFO - [2025-08-19T03:15:11.095+0000] {dag.py:3954} INFO - Setting next_dagrun for example_kubernetes_executor to None, run_after=None
[2025-08-19T03:15:11.119+0000] {processor.py:183} INFO - Processing /home/airflow/.local/lib/python3.12/site-packages/airflow/example_dags/example_kubernetes_executor.py took 0.099 seconds
[2025-08-19T03:15:41.899+0000] {processor.py:161} INFO - Started process (PID=22832) to work on /home/airflow/.local/lib/python3.12/site-packages/airflow/example_dags/example_kubernetes_executor.py
[2025-08-19T03:15:41.901+0000] {processor.py:830} INFO - Processing file /home/airflow/.local/lib/python3.12/site-packages/airflow/example_dags/example_kubernetes_executor.py for tasks to queue
[2025-08-19T03:15:41.902+0000] {logging_mixin.py:188} INFO - [2025-08-19T03:15:41.901+0000] {dagbag.py:545} INFO - Filling up the DagBag from /home/airflow/.local/lib/python3.12/site-packages/airflow/example_dags/example_kubernetes_executor.py
[2025-08-19T03:15:41.914+0000] {processor.py:840} INFO - DAG(s) 'example_kubernetes_executor' retrieved from /home/airflow/.local/lib/python3.12/site-packages/airflow/example_dags/example_kubernetes_executor.py
[2025-08-19T03:15:41.958+0000] {logging_mixin.py:188} INFO - [2025-08-19T03:15:41.957+0000] {dag.py:3096} INFO - Sync 1 DAGs
[2025-08-19T03:15:41.971+0000] {logging_mixin.py:188} INFO - [2025-08-19T03:15:41.971+0000] {dag.py:3954} INFO - Setting next_dagrun for example_kubernetes_executor to None, run_after=None
[2025-08-19T03:15:42.000+0000] {processor.py:183} INFO - Processing /home/airflow/.local/lib/python3.12/site-packages/airflow/example_dags/example_kubernetes_executor.py took 0.106 seconds
[2025-08-19T03:16:12.499+0000] {processor.py:161} INFO - Started process (PID=22885) to work on /home/airflow/.local/lib/python3.12/site-packages/airflow/example_dags/example_kubernetes_executor.py
[2025-08-19T03:16:12.501+0000] {processor.py:830} INFO - Processing file /home/airflow/.local/lib/python3.12/site-packages/airflow/example_dags/example_kubernetes_executor.py for tasks to queue
[2025-08-19T03:16:12.502+0000] {logging_mixin.py:188} INFO - [2025-08-19T03:16:12.502+0000] {dagbag.py:545} INFO - Filling up the DagBag from /home/airflow/.local/lib/python3.12/site-packages/airflow/example_dags/example_kubernetes_executor.py
[2025-08-19T03:16:12.515+0000] {processor.py:840} INFO - DAG(s) 'example_kubernetes_executor' retrieved from /home/airflow/.local/lib/python3.12/site-packages/airflow/example_dags/example_kubernetes_executor.py
[2025-08-19T03:16:12.566+0000] {logging_mixin.py:188} INFO - [2025-08-19T03:16:12.566+0000] {dag.py:3096} INFO - Sync 1 DAGs
[2025-08-19T03:16:12.581+0000] {logging_mixin.py:188} INFO - [2025-08-19T03:16:12.580+0000] {dag.py:3954} INFO - Setting next_dagrun for example_kubernetes_executor to None, run_after=None
[2025-08-19T03:16:12.606+0000] {processor.py:183} INFO - Processing /home/airflow/.local/lib/python3.12/site-packages/airflow/example_dags/example_kubernetes_executor.py took 0.112 seconds
[2025-08-19T03:16:43.019+0000] {processor.py:161} INFO - Started process (PID=22938) to work on /home/airflow/.local/lib/python3.12/site-packages/airflow/example_dags/example_kubernetes_executor.py
[2025-08-19T03:16:43.020+0000] {processor.py:830} INFO - Processing file /home/airflow/.local/lib/python3.12/site-packages/airflow/example_dags/example_kubernetes_executor.py for tasks to queue
[2025-08-19T03:16:43.022+0000] {logging_mixin.py:188} INFO - [2025-08-19T03:16:43.021+0000] {dagbag.py:545} INFO - Filling up the DagBag from /home/airflow/.local/lib/python3.12/site-packages/airflow/example_dags/example_kubernetes_executor.py
[2025-08-19T03:16:43.034+0000] {processor.py:840} INFO - DAG(s) 'example_kubernetes_executor' retrieved from /home/airflow/.local/lib/python3.12/site-packages/airflow/example_dags/example_kubernetes_executor.py
[2025-08-19T03:16:43.076+0000] {logging_mixin.py:188} INFO - [2025-08-19T03:16:43.075+0000] {dag.py:3096} INFO - Sync 1 DAGs
[2025-08-19T03:16:43.088+0000] {logging_mixin.py:188} INFO - [2025-08-19T03:16:43.088+0000] {dag.py:3954} INFO - Setting next_dagrun for example_kubernetes_executor to None, run_after=None
[2025-08-19T03:16:43.111+0000] {processor.py:183} INFO - Processing /home/airflow/.local/lib/python3.12/site-packages/airflow/example_dags/example_kubernetes_executor.py took 0.098 seconds
[2025-08-19T03:17:13.313+0000] {processor.py:161} INFO - Started process (PID=22991) to work on /home/airflow/.local/lib/python3.12/site-packages/airflow/example_dags/example_kubernetes_executor.py
[2025-08-19T03:17:13.315+0000] {processor.py:830} INFO - Processing file /home/airflow/.local/lib/python3.12/site-packages/airflow/example_dags/example_kubernetes_executor.py for tasks to queue
[2025-08-19T03:17:13.316+0000] {logging_mixin.py:188} INFO - [2025-08-19T03:17:13.316+0000] {dagbag.py:545} INFO - Filling up the DagBag from /home/airflow/.local/lib/python3.12/site-packages/airflow/example_dags/example_kubernetes_executor.py
[2025-08-19T03:17:13.328+0000] {processor.py:840} INFO - DAG(s) 'example_kubernetes_executor' retrieved from /home/airflow/.local/lib/python3.12/site-packages/airflow/example_dags/example_kubernetes_executor.py
[2025-08-19T03:17:13.369+0000] {logging_mixin.py:188} INFO - [2025-08-19T03:17:13.369+0000] {dag.py:3096} INFO - Sync 1 DAGs
[2025-08-19T03:17:13.382+0000] {logging_mixin.py:188} INFO - [2025-08-19T03:17:13.382+0000] {dag.py:3954} INFO - Setting next_dagrun for example_kubernetes_executor to None, run_after=None
[2025-08-19T03:17:13.406+0000] {processor.py:183} INFO - Processing /home/airflow/.local/lib/python3.12/site-packages/airflow/example_dags/example_kubernetes_executor.py took 0.099 seconds
[2025-08-19T03:17:44.184+0000] {processor.py:161} INFO - Started process (PID=23044) to work on /home/airflow/.local/lib/python3.12/site-packages/airflow/example_dags/example_kubernetes_executor.py
[2025-08-19T03:17:44.186+0000] {processor.py:830} INFO - Processing file /home/airflow/.local/lib/python3.12/site-packages/airflow/example_dags/example_kubernetes_executor.py for tasks to queue
[2025-08-19T03:17:44.187+0000] {logging_mixin.py:188} INFO - [2025-08-19T03:17:44.187+0000] {dagbag.py:545} INFO - Filling up the DagBag from /home/airflow/.local/lib/python3.12/site-packages/airflow/example_dags/example_kubernetes_executor.py
[2025-08-19T03:17:44.200+0000] {processor.py:840} INFO - DAG(s) 'example_kubernetes_executor' retrieved from /home/airflow/.local/lib/python3.12/site-packages/airflow/example_dags/example_kubernetes_executor.py
[2025-08-19T03:17:44.241+0000] {logging_mixin.py:188} INFO - [2025-08-19T03:17:44.241+0000] {dag.py:3096} INFO - Sync 1 DAGs
[2025-08-19T03:17:44.257+0000] {logging_mixin.py:188} INFO - [2025-08-19T03:17:44.256+0000] {dag.py:3954} INFO - Setting next_dagrun for example_kubernetes_executor to None, run_after=None
[2025-08-19T03:17:44.282+0000] {processor.py:183} INFO - Processing /home/airflow/.local/lib/python3.12/site-packages/airflow/example_dags/example_kubernetes_executor.py took 0.104 seconds
[2025-08-19T03:18:14.447+0000] {processor.py:161} INFO - Started process (PID=23097) to work on /home/airflow/.local/lib/python3.12/site-packages/airflow/example_dags/example_kubernetes_executor.py
[2025-08-19T03:18:14.449+0000] {processor.py:830} INFO - Processing file /home/airflow/.local/lib/python3.12/site-packages/airflow/example_dags/example_kubernetes_executor.py for tasks to queue
[2025-08-19T03:18:14.450+0000] {logging_mixin.py:188} INFO - [2025-08-19T03:18:14.450+0000] {dagbag.py:545} INFO - Filling up the DagBag from /home/airflow/.local/lib/python3.12/site-packages/airflow/example_dags/example_kubernetes_executor.py
[2025-08-19T03:18:14.463+0000] {processor.py:840} INFO - DAG(s) 'example_kubernetes_executor' retrieved from /home/airflow/.local/lib/python3.12/site-packages/airflow/example_dags/example_kubernetes_executor.py
[2025-08-19T03:18:14.511+0000] {logging_mixin.py:188} INFO - [2025-08-19T03:18:14.511+0000] {dag.py:3096} INFO - Sync 1 DAGs
[2025-08-19T03:18:14.525+0000] {logging_mixin.py:188} INFO - [2025-08-19T03:18:14.524+0000] {dag.py:3954} INFO - Setting next_dagrun for example_kubernetes_executor to None, run_after=None
[2025-08-19T03:18:14.546+0000] {processor.py:183} INFO - Processing /home/airflow/.local/lib/python3.12/site-packages/airflow/example_dags/example_kubernetes_executor.py took 0.105 seconds
[2025-08-19T03:18:44.838+0000] {processor.py:161} INFO - Started process (PID=23150) to work on /home/airflow/.local/lib/python3.12/site-packages/airflow/example_dags/example_kubernetes_executor.py
[2025-08-19T03:18:44.839+0000] {processor.py:830} INFO - Processing file /home/airflow/.local/lib/python3.12/site-packages/airflow/example_dags/example_kubernetes_executor.py for tasks to queue
[2025-08-19T03:18:44.840+0000] {logging_mixin.py:188} INFO - [2025-08-19T03:18:44.840+0000] {dagbag.py:545} INFO - Filling up the DagBag from /home/airflow/.local/lib/python3.12/site-packages/airflow/example_dags/example_kubernetes_executor.py
[2025-08-19T03:18:44.851+0000] {processor.py:840} INFO - DAG(s) 'example_kubernetes_executor' retrieved from /home/airflow/.local/lib/python3.12/site-packages/airflow/example_dags/example_kubernetes_executor.py
[2025-08-19T03:18:44.897+0000] {logging_mixin.py:188} INFO - [2025-08-19T03:18:44.897+0000] {dag.py:3096} INFO - Sync 1 DAGs
[2025-08-19T03:18:44.912+0000] {logging_mixin.py:188} INFO - [2025-08-19T03:18:44.912+0000] {dag.py:3954} INFO - Setting next_dagrun for example_kubernetes_executor to None, run_after=None
[2025-08-19T03:18:44.939+0000] {processor.py:183} INFO - Processing /home/airflow/.local/lib/python3.12/site-packages/airflow/example_dags/example_kubernetes_executor.py took 0.107 seconds
[2025-08-19T03:19:15.854+0000] {processor.py:161} INFO - Started process (PID=23203) to work on /home/airflow/.local/lib/python3.12/site-packages/airflow/example_dags/example_kubernetes_executor.py
[2025-08-19T03:19:15.855+0000] {processor.py:830} INFO - Processing file /home/airflow/.local/lib/python3.12/site-packages/airflow/example_dags/example_kubernetes_executor.py for tasks to queue
[2025-08-19T03:19:15.857+0000] {logging_mixin.py:188} INFO - [2025-08-19T03:19:15.856+0000] {dagbag.py:545} INFO - Filling up the DagBag from /home/airflow/.local/lib/python3.12/site-packages/airflow/example_dags/example_kubernetes_executor.py
[2025-08-19T03:19:15.869+0000] {processor.py:840} INFO - DAG(s) 'example_kubernetes_executor' retrieved from /home/airflow/.local/lib/python3.12/site-packages/airflow/example_dags/example_kubernetes_executor.py
[2025-08-19T03:19:15.911+0000] {logging_mixin.py:188} INFO - [2025-08-19T03:19:15.911+0000] {dag.py:3096} INFO - Sync 1 DAGs
[2025-08-19T03:19:15.925+0000] {logging_mixin.py:188} INFO - [2025-08-19T03:19:15.924+0000] {dag.py:3954} INFO - Setting next_dagrun for example_kubernetes_executor to None, run_after=None
[2025-08-19T03:19:15.950+0000] {processor.py:183} INFO - Processing /home/airflow/.local/lib/python3.12/site-packages/airflow/example_dags/example_kubernetes_executor.py took 0.103 seconds
[2025-08-19T03:19:46.571+0000] {processor.py:161} INFO - Started process (PID=23256) to work on /home/airflow/.local/lib/python3.12/site-packages/airflow/example_dags/example_kubernetes_executor.py
[2025-08-19T03:19:46.572+0000] {processor.py:830} INFO - Processing file /home/airflow/.local/lib/python3.12/site-packages/airflow/example_dags/example_kubernetes_executor.py for tasks to queue
[2025-08-19T03:19:46.574+0000] {logging_mixin.py:188} INFO - [2025-08-19T03:19:46.573+0000] {dagbag.py:545} INFO - Filling up the DagBag from /home/airflow/.local/lib/python3.12/site-packages/airflow/example_dags/example_kubernetes_executor.py
[2025-08-19T03:19:46.587+0000] {processor.py:840} INFO - DAG(s) 'example_kubernetes_executor' retrieved from /home/airflow/.local/lib/python3.12/site-packages/airflow/example_dags/example_kubernetes_executor.py
[2025-08-19T03:19:46.659+0000] {logging_mixin.py:188} INFO - [2025-08-19T03:19:46.659+0000] {dag.py:3096} INFO - Sync 1 DAGs
[2025-08-19T03:19:46.684+0000] {logging_mixin.py:188} INFO - [2025-08-19T03:19:46.684+0000] {dag.py:3954} INFO - Setting next_dagrun for example_kubernetes_executor to None, run_after=None
[2025-08-19T03:19:46.732+0000] {processor.py:183} INFO - Processing /home/airflow/.local/lib/python3.12/site-packages/airflow/example_dags/example_kubernetes_executor.py took 0.167 seconds
[2025-08-19T03:20:17.108+0000] {processor.py:161} INFO - Started process (PID=23309) to work on /home/airflow/.local/lib/python3.12/site-packages/airflow/example_dags/example_kubernetes_executor.py
[2025-08-19T03:20:17.110+0000] {processor.py:830} INFO - Processing file /home/airflow/.local/lib/python3.12/site-packages/airflow/example_dags/example_kubernetes_executor.py for tasks to queue
[2025-08-19T03:20:17.111+0000] {logging_mixin.py:188} INFO - [2025-08-19T03:20:17.111+0000] {dagbag.py:545} INFO - Filling up the DagBag from /home/airflow/.local/lib/python3.12/site-packages/airflow/example_dags/example_kubernetes_executor.py
[2025-08-19T03:20:17.125+0000] {processor.py:840} INFO - DAG(s) 'example_kubernetes_executor' retrieved from /home/airflow/.local/lib/python3.12/site-packages/airflow/example_dags/example_kubernetes_executor.py
[2025-08-19T03:20:17.170+0000] {logging_mixin.py:188} INFO - [2025-08-19T03:20:17.170+0000] {dag.py:3096} INFO - Sync 1 DAGs
[2025-08-19T03:20:17.184+0000] {logging_mixin.py:188} INFO - [2025-08-19T03:20:17.183+0000] {dag.py:3954} INFO - Setting next_dagrun for example_kubernetes_executor to None, run_after=None
[2025-08-19T03:20:17.208+0000] {processor.py:183} INFO - Processing /home/airflow/.local/lib/python3.12/site-packages/airflow/example_dags/example_kubernetes_executor.py took 0.106 seconds
[2025-08-19T03:20:47.259+0000] {processor.py:161} INFO - Started process (PID=23362) to work on /home/airflow/.local/lib/python3.12/site-packages/airflow/example_dags/example_kubernetes_executor.py
[2025-08-19T03:20:47.260+0000] {processor.py:830} INFO - Processing file /home/airflow/.local/lib/python3.12/site-packages/airflow/example_dags/example_kubernetes_executor.py for tasks to queue
[2025-08-19T03:20:47.262+0000] {logging_mixin.py:188} INFO - [2025-08-19T03:20:47.262+0000] {dagbag.py:545} INFO - Filling up the DagBag from /home/airflow/.local/lib/python3.12/site-packages/airflow/example_dags/example_kubernetes_executor.py
[2025-08-19T03:20:47.275+0000] {processor.py:840} INFO - DAG(s) 'example_kubernetes_executor' retrieved from /home/airflow/.local/lib/python3.12/site-packages/airflow/example_dags/example_kubernetes_executor.py
[2025-08-19T03:20:47.318+0000] {logging_mixin.py:188} INFO - [2025-08-19T03:20:47.317+0000] {dag.py:3096} INFO - Sync 1 DAGs
[2025-08-19T03:20:47.332+0000] {logging_mixin.py:188} INFO - [2025-08-19T03:20:47.331+0000] {dag.py:3954} INFO - Setting next_dagrun for example_kubernetes_executor to None, run_after=None
[2025-08-19T03:20:47.358+0000] {processor.py:183} INFO - Processing /home/airflow/.local/lib/python3.12/site-packages/airflow/example_dags/example_kubernetes_executor.py took 0.105 seconds
[2025-08-19T03:21:17.422+0000] {processor.py:161} INFO - Started process (PID=23414) to work on /home/airflow/.local/lib/python3.12/site-packages/airflow/example_dags/example_kubernetes_executor.py
[2025-08-19T03:21:17.423+0000] {processor.py:830} INFO - Processing file /home/airflow/.local/lib/python3.12/site-packages/airflow/example_dags/example_kubernetes_executor.py for tasks to queue
[2025-08-19T03:21:17.424+0000] {logging_mixin.py:188} INFO - [2025-08-19T03:21:17.424+0000] {dagbag.py:545} INFO - Filling up the DagBag from /home/airflow/.local/lib/python3.12/site-packages/airflow/example_dags/example_kubernetes_executor.py
[2025-08-19T03:21:17.436+0000] {processor.py:840} INFO - DAG(s) 'example_kubernetes_executor' retrieved from /home/airflow/.local/lib/python3.12/site-packages/airflow/example_dags/example_kubernetes_executor.py
[2025-08-19T03:21:17.480+0000] {logging_mixin.py:188} INFO - [2025-08-19T03:21:17.479+0000] {dag.py:3096} INFO - Sync 1 DAGs
[2025-08-19T03:21:17.492+0000] {logging_mixin.py:188} INFO - [2025-08-19T03:21:17.492+0000] {dag.py:3954} INFO - Setting next_dagrun for example_kubernetes_executor to None, run_after=None
[2025-08-19T03:21:17.518+0000] {processor.py:183} INFO - Processing /home/airflow/.local/lib/python3.12/site-packages/airflow/example_dags/example_kubernetes_executor.py took 0.102 seconds
[2025-08-19T03:21:48.187+0000] {processor.py:161} INFO - Started process (PID=23468) to work on /home/airflow/.local/lib/python3.12/site-packages/airflow/example_dags/example_kubernetes_executor.py
[2025-08-19T03:21:48.188+0000] {processor.py:830} INFO - Processing file /home/airflow/.local/lib/python3.12/site-packages/airflow/example_dags/example_kubernetes_executor.py for tasks to queue
[2025-08-19T03:21:48.189+0000] {logging_mixin.py:188} INFO - [2025-08-19T03:21:48.189+0000] {dagbag.py:545} INFO - Filling up the DagBag from /home/airflow/.local/lib/python3.12/site-packages/airflow/example_dags/example_kubernetes_executor.py
[2025-08-19T03:21:48.203+0000] {processor.py:840} INFO - DAG(s) 'example_kubernetes_executor' retrieved from /home/airflow/.local/lib/python3.12/site-packages/airflow/example_dags/example_kubernetes_executor.py
[2025-08-19T03:21:48.247+0000] {logging_mixin.py:188} INFO - [2025-08-19T03:21:48.246+0000] {dag.py:3096} INFO - Sync 1 DAGs
[2025-08-19T03:21:48.260+0000] {logging_mixin.py:188} INFO - [2025-08-19T03:21:48.260+0000] {dag.py:3954} INFO - Setting next_dagrun for example_kubernetes_executor to None, run_after=None
[2025-08-19T03:21:48.288+0000] {processor.py:183} INFO - Processing /home/airflow/.local/lib/python3.12/site-packages/airflow/example_dags/example_kubernetes_executor.py took 0.107 seconds
[2025-08-19T03:22:18.727+0000] {processor.py:161} INFO - Started process (PID=23521) to work on /home/airflow/.local/lib/python3.12/site-packages/airflow/example_dags/example_kubernetes_executor.py
[2025-08-19T03:22:18.729+0000] {processor.py:830} INFO - Processing file /home/airflow/.local/lib/python3.12/site-packages/airflow/example_dags/example_kubernetes_executor.py for tasks to queue
[2025-08-19T03:22:18.730+0000] {logging_mixin.py:188} INFO - [2025-08-19T03:22:18.730+0000] {dagbag.py:545} INFO - Filling up the DagBag from /home/airflow/.local/lib/python3.12/site-packages/airflow/example_dags/example_kubernetes_executor.py
[2025-08-19T03:22:18.744+0000] {processor.py:840} INFO - DAG(s) 'example_kubernetes_executor' retrieved from /home/airflow/.local/lib/python3.12/site-packages/airflow/example_dags/example_kubernetes_executor.py
[2025-08-19T03:22:18.787+0000] {logging_mixin.py:188} INFO - [2025-08-19T03:22:18.787+0000] {dag.py:3096} INFO - Sync 1 DAGs
[2025-08-19T03:22:18.800+0000] {logging_mixin.py:188} INFO - [2025-08-19T03:22:18.800+0000] {dag.py:3954} INFO - Setting next_dagrun for example_kubernetes_executor to None, run_after=None
[2025-08-19T03:22:18.827+0000] {processor.py:183} INFO - Processing /home/airflow/.local/lib/python3.12/site-packages/airflow/example_dags/example_kubernetes_executor.py took 0.108 seconds
[2025-08-19T03:22:49.209+0000] {processor.py:161} INFO - Started process (PID=23574) to work on /home/airflow/.local/lib/python3.12/site-packages/airflow/example_dags/example_kubernetes_executor.py
[2025-08-19T03:22:49.210+0000] {processor.py:830} INFO - Processing file /home/airflow/.local/lib/python3.12/site-packages/airflow/example_dags/example_kubernetes_executor.py for tasks to queue
[2025-08-19T03:22:49.212+0000] {logging_mixin.py:188} INFO - [2025-08-19T03:22:49.212+0000] {dagbag.py:545} INFO - Filling up the DagBag from /home/airflow/.local/lib/python3.12/site-packages/airflow/example_dags/example_kubernetes_executor.py
[2025-08-19T03:22:49.226+0000] {processor.py:840} INFO - DAG(s) 'example_kubernetes_executor' retrieved from /home/airflow/.local/lib/python3.12/site-packages/airflow/example_dags/example_kubernetes_executor.py
[2025-08-19T03:22:49.266+0000] {logging_mixin.py:188} INFO - [2025-08-19T03:22:49.266+0000] {dag.py:3096} INFO - Sync 1 DAGs
[2025-08-19T03:22:49.281+0000] {logging_mixin.py:188} INFO - [2025-08-19T03:22:49.280+0000] {dag.py:3954} INFO - Setting next_dagrun for example_kubernetes_executor to None, run_after=None
[2025-08-19T03:22:49.305+0000] {processor.py:183} INFO - Processing /home/airflow/.local/lib/python3.12/site-packages/airflow/example_dags/example_kubernetes_executor.py took 0.102 seconds
[2025-08-19T03:23:19.659+0000] {processor.py:161} INFO - Started process (PID=23627) to work on /home/airflow/.local/lib/python3.12/site-packages/airflow/example_dags/example_kubernetes_executor.py
[2025-08-19T03:23:19.660+0000] {processor.py:830} INFO - Processing file /home/airflow/.local/lib/python3.12/site-packages/airflow/example_dags/example_kubernetes_executor.py for tasks to queue
[2025-08-19T03:23:19.662+0000] {logging_mixin.py:188} INFO - [2025-08-19T03:23:19.661+0000] {dagbag.py:545} INFO - Filling up the DagBag from /home/airflow/.local/lib/python3.12/site-packages/airflow/example_dags/example_kubernetes_executor.py
[2025-08-19T03:23:19.675+0000] {processor.py:840} INFO - DAG(s) 'example_kubernetes_executor' retrieved from /home/airflow/.local/lib/python3.12/site-packages/airflow/example_dags/example_kubernetes_executor.py
[2025-08-19T03:23:19.717+0000] {logging_mixin.py:188} INFO - [2025-08-19T03:23:19.717+0000] {dag.py:3096} INFO - Sync 1 DAGs
[2025-08-19T03:23:19.730+0000] {logging_mixin.py:188} INFO - [2025-08-19T03:23:19.730+0000] {dag.py:3954} INFO - Setting next_dagrun for example_kubernetes_executor to None, run_after=None
[2025-08-19T03:23:19.753+0000] {processor.py:183} INFO - Processing /home/airflow/.local/lib/python3.12/site-packages/airflow/example_dags/example_kubernetes_executor.py took 0.101 seconds
[2025-08-19T03:23:50.117+0000] {processor.py:161} INFO - Started process (PID=23680) to work on /home/airflow/.local/lib/python3.12/site-packages/airflow/example_dags/example_kubernetes_executor.py
[2025-08-19T03:23:50.118+0000] {processor.py:830} INFO - Processing file /home/airflow/.local/lib/python3.12/site-packages/airflow/example_dags/example_kubernetes_executor.py for tasks to queue
[2025-08-19T03:23:50.120+0000] {logging_mixin.py:188} INFO - [2025-08-19T03:23:50.119+0000] {dagbag.py:545} INFO - Filling up the DagBag from /home/airflow/.local/lib/python3.12/site-packages/airflow/example_dags/example_kubernetes_executor.py
[2025-08-19T03:23:50.136+0000] {processor.py:840} INFO - DAG(s) 'example_kubernetes_executor' retrieved from /home/airflow/.local/lib/python3.12/site-packages/airflow/example_dags/example_kubernetes_executor.py
[2025-08-19T03:23:50.179+0000] {logging_mixin.py:188} INFO - [2025-08-19T03:23:50.179+0000] {dag.py:3096} INFO - Sync 1 DAGs
[2025-08-19T03:23:50.191+0000] {logging_mixin.py:188} INFO - [2025-08-19T03:23:50.191+0000] {dag.py:3954} INFO - Setting next_dagrun for example_kubernetes_executor to None, run_after=None
[2025-08-19T03:23:50.212+0000] {processor.py:183} INFO - Processing /home/airflow/.local/lib/python3.12/site-packages/airflow/example_dags/example_kubernetes_executor.py took 0.104 seconds
[2025-08-19T03:24:20.771+0000] {processor.py:161} INFO - Started process (PID=23733) to work on /home/airflow/.local/lib/python3.12/site-packages/airflow/example_dags/example_kubernetes_executor.py
[2025-08-19T03:24:20.772+0000] {processor.py:830} INFO - Processing file /home/airflow/.local/lib/python3.12/site-packages/airflow/example_dags/example_kubernetes_executor.py for tasks to queue
[2025-08-19T03:24:20.774+0000] {logging_mixin.py:188} INFO - [2025-08-19T03:24:20.773+0000] {dagbag.py:545} INFO - Filling up the DagBag from /home/airflow/.local/lib/python3.12/site-packages/airflow/example_dags/example_kubernetes_executor.py
[2025-08-19T03:24:20.787+0000] {processor.py:840} INFO - DAG(s) 'example_kubernetes_executor' retrieved from /home/airflow/.local/lib/python3.12/site-packages/airflow/example_dags/example_kubernetes_executor.py
[2025-08-19T03:24:20.827+0000] {logging_mixin.py:188} INFO - [2025-08-19T03:24:20.827+0000] {dag.py:3096} INFO - Sync 1 DAGs
[2025-08-19T03:24:20.840+0000] {logging_mixin.py:188} INFO - [2025-08-19T03:24:20.840+0000] {dag.py:3954} INFO - Setting next_dagrun for example_kubernetes_executor to None, run_after=None
[2025-08-19T03:24:20.865+0000] {processor.py:183} INFO - Processing /home/airflow/.local/lib/python3.12/site-packages/airflow/example_dags/example_kubernetes_executor.py took 0.102 seconds
[2025-08-19T03:24:51.387+0000] {processor.py:161} INFO - Started process (PID=23786) to work on /home/airflow/.local/lib/python3.12/site-packages/airflow/example_dags/example_kubernetes_executor.py
[2025-08-19T03:24:51.388+0000] {processor.py:830} INFO - Processing file /home/airflow/.local/lib/python3.12/site-packages/airflow/example_dags/example_kubernetes_executor.py for tasks to queue
[2025-08-19T03:24:51.390+0000] {logging_mixin.py:188} INFO - [2025-08-19T03:24:51.389+0000] {dagbag.py:545} INFO - Filling up the DagBag from /home/airflow/.local/lib/python3.12/site-packages/airflow/example_dags/example_kubernetes_executor.py
[2025-08-19T03:24:51.404+0000] {processor.py:840} INFO - DAG(s) 'example_kubernetes_executor' retrieved from /home/airflow/.local/lib/python3.12/site-packages/airflow/example_dags/example_kubernetes_executor.py
[2025-08-19T03:24:51.450+0000] {logging_mixin.py:188} INFO - [2025-08-19T03:24:51.450+0000] {dag.py:3096} INFO - Sync 1 DAGs
[2025-08-19T03:24:51.466+0000] {logging_mixin.py:188} INFO - [2025-08-19T03:24:51.465+0000] {dag.py:3954} INFO - Setting next_dagrun for example_kubernetes_executor to None, run_after=None
[2025-08-19T03:24:51.493+0000] {processor.py:183} INFO - Processing /home/airflow/.local/lib/python3.12/site-packages/airflow/example_dags/example_kubernetes_executor.py took 0.112 seconds
[2025-08-19T03:25:21.999+0000] {processor.py:161} INFO - Started process (PID=23839) to work on /home/airflow/.local/lib/python3.12/site-packages/airflow/example_dags/example_kubernetes_executor.py
[2025-08-19T03:25:22.001+0000] {processor.py:830} INFO - Processing file /home/airflow/.local/lib/python3.12/site-packages/airflow/example_dags/example_kubernetes_executor.py for tasks to queue
[2025-08-19T03:25:22.002+0000] {logging_mixin.py:188} INFO - [2025-08-19T03:25:22.002+0000] {dagbag.py:545} INFO - Filling up the DagBag from /home/airflow/.local/lib/python3.12/site-packages/airflow/example_dags/example_kubernetes_executor.py
[2025-08-19T03:25:22.015+0000] {processor.py:840} INFO - DAG(s) 'example_kubernetes_executor' retrieved from /home/airflow/.local/lib/python3.12/site-packages/airflow/example_dags/example_kubernetes_executor.py
[2025-08-19T03:25:22.058+0000] {logging_mixin.py:188} INFO - [2025-08-19T03:25:22.057+0000] {dag.py:3096} INFO - Sync 1 DAGs
[2025-08-19T03:25:22.070+0000] {logging_mixin.py:188} INFO - [2025-08-19T03:25:22.070+0000] {dag.py:3954} INFO - Setting next_dagrun for example_kubernetes_executor to None, run_after=None
[2025-08-19T03:25:22.094+0000] {processor.py:183} INFO - Processing /home/airflow/.local/lib/python3.12/site-packages/airflow/example_dags/example_kubernetes_executor.py took 0.101 seconds
[2025-08-19T03:25:52.363+0000] {processor.py:161} INFO - Started process (PID=23892) to work on /home/airflow/.local/lib/python3.12/site-packages/airflow/example_dags/example_kubernetes_executor.py
[2025-08-19T03:25:52.365+0000] {processor.py:830} INFO - Processing file /home/airflow/.local/lib/python3.12/site-packages/airflow/example_dags/example_kubernetes_executor.py for tasks to queue
[2025-08-19T03:25:52.366+0000] {logging_mixin.py:188} INFO - [2025-08-19T03:25:52.366+0000] {dagbag.py:545} INFO - Filling up the DagBag from /home/airflow/.local/lib/python3.12/site-packages/airflow/example_dags/example_kubernetes_executor.py
[2025-08-19T03:25:52.378+0000] {processor.py:840} INFO - DAG(s) 'example_kubernetes_executor' retrieved from /home/airflow/.local/lib/python3.12/site-packages/airflow/example_dags/example_kubernetes_executor.py
[2025-08-19T03:25:52.424+0000] {logging_mixin.py:188} INFO - [2025-08-19T03:25:52.423+0000] {dag.py:3096} INFO - Sync 1 DAGs
[2025-08-19T03:25:52.439+0000] {logging_mixin.py:188} INFO - [2025-08-19T03:25:52.438+0000] {dag.py:3954} INFO - Setting next_dagrun for example_kubernetes_executor to None, run_after=None
[2025-08-19T03:25:52.467+0000] {processor.py:183} INFO - Processing /home/airflow/.local/lib/python3.12/site-packages/airflow/example_dags/example_kubernetes_executor.py took 0.111 seconds
[2025-08-19T03:26:22.672+0000] {processor.py:161} INFO - Started process (PID=23945) to work on /home/airflow/.local/lib/python3.12/site-packages/airflow/example_dags/example_kubernetes_executor.py
[2025-08-19T03:26:22.675+0000] {processor.py:830} INFO - Processing file /home/airflow/.local/lib/python3.12/site-packages/airflow/example_dags/example_kubernetes_executor.py for tasks to queue
[2025-08-19T03:26:22.676+0000] {logging_mixin.py:188} INFO - [2025-08-19T03:26:22.675+0000] {dagbag.py:545} INFO - Filling up the DagBag from /home/airflow/.local/lib/python3.12/site-packages/airflow/example_dags/example_kubernetes_executor.py
[2025-08-19T03:26:22.689+0000] {processor.py:840} INFO - DAG(s) 'example_kubernetes_executor' retrieved from /home/airflow/.local/lib/python3.12/site-packages/airflow/example_dags/example_kubernetes_executor.py
[2025-08-19T03:26:22.732+0000] {logging_mixin.py:188} INFO - [2025-08-19T03:26:22.732+0000] {dag.py:3096} INFO - Sync 1 DAGs
[2025-08-19T03:26:22.745+0000] {logging_mixin.py:188} INFO - [2025-08-19T03:26:22.744+0000] {dag.py:3954} INFO - Setting next_dagrun for example_kubernetes_executor to None, run_after=None
[2025-08-19T03:26:22.776+0000] {processor.py:183} INFO - Processing /home/airflow/.local/lib/python3.12/site-packages/airflow/example_dags/example_kubernetes_executor.py took 0.110 seconds
[2025-08-19T03:26:53.258+0000] {processor.py:161} INFO - Started process (PID=23998) to work on /home/airflow/.local/lib/python3.12/site-packages/airflow/example_dags/example_kubernetes_executor.py
[2025-08-19T03:26:53.260+0000] {processor.py:830} INFO - Processing file /home/airflow/.local/lib/python3.12/site-packages/airflow/example_dags/example_kubernetes_executor.py for tasks to queue
[2025-08-19T03:26:53.261+0000] {logging_mixin.py:188} INFO - [2025-08-19T03:26:53.261+0000] {dagbag.py:545} INFO - Filling up the DagBag from /home/airflow/.local/lib/python3.12/site-packages/airflow/example_dags/example_kubernetes_executor.py
[2025-08-19T03:26:53.274+0000] {processor.py:840} INFO - DAG(s) 'example_kubernetes_executor' retrieved from /home/airflow/.local/lib/python3.12/site-packages/airflow/example_dags/example_kubernetes_executor.py
[2025-08-19T03:26:53.317+0000] {logging_mixin.py:188} INFO - [2025-08-19T03:26:53.316+0000] {dag.py:3096} INFO - Sync 1 DAGs
[2025-08-19T03:26:53.330+0000] {logging_mixin.py:188} INFO - [2025-08-19T03:26:53.329+0000] {dag.py:3954} INFO - Setting next_dagrun for example_kubernetes_executor to None, run_after=None
[2025-08-19T03:26:53.353+0000] {processor.py:183} INFO - Processing /home/airflow/.local/lib/python3.12/site-packages/airflow/example_dags/example_kubernetes_executor.py took 0.100 seconds
[2025-08-19T03:27:23.707+0000] {processor.py:161} INFO - Started process (PID=24051) to work on /home/airflow/.local/lib/python3.12/site-packages/airflow/example_dags/example_kubernetes_executor.py
[2025-08-19T03:27:23.708+0000] {processor.py:830} INFO - Processing file /home/airflow/.local/lib/python3.12/site-packages/airflow/example_dags/example_kubernetes_executor.py for tasks to queue
[2025-08-19T03:27:23.710+0000] {logging_mixin.py:188} INFO - [2025-08-19T03:27:23.709+0000] {dagbag.py:545} INFO - Filling up the DagBag from /home/airflow/.local/lib/python3.12/site-packages/airflow/example_dags/example_kubernetes_executor.py
[2025-08-19T03:27:23.722+0000] {processor.py:840} INFO - DAG(s) 'example_kubernetes_executor' retrieved from /home/airflow/.local/lib/python3.12/site-packages/airflow/example_dags/example_kubernetes_executor.py
[2025-08-19T03:27:23.765+0000] {logging_mixin.py:188} INFO - [2025-08-19T03:27:23.764+0000] {dag.py:3096} INFO - Sync 1 DAGs
[2025-08-19T03:27:23.777+0000] {logging_mixin.py:188} INFO - [2025-08-19T03:27:23.777+0000] {dag.py:3954} INFO - Setting next_dagrun for example_kubernetes_executor to None, run_after=None
[2025-08-19T03:27:23.801+0000] {processor.py:183} INFO - Processing /home/airflow/.local/lib/python3.12/site-packages/airflow/example_dags/example_kubernetes_executor.py took 0.100 seconds
[2025-08-19T03:27:54.253+0000] {processor.py:161} INFO - Started process (PID=24104) to work on /home/airflow/.local/lib/python3.12/site-packages/airflow/example_dags/example_kubernetes_executor.py
[2025-08-19T03:27:54.254+0000] {processor.py:830} INFO - Processing file /home/airflow/.local/lib/python3.12/site-packages/airflow/example_dags/example_kubernetes_executor.py for tasks to queue
[2025-08-19T03:27:54.255+0000] {logging_mixin.py:188} INFO - [2025-08-19T03:27:54.255+0000] {dagbag.py:545} INFO - Filling up the DagBag from /home/airflow/.local/lib/python3.12/site-packages/airflow/example_dags/example_kubernetes_executor.py
[2025-08-19T03:27:54.268+0000] {processor.py:840} INFO - DAG(s) 'example_kubernetes_executor' retrieved from /home/airflow/.local/lib/python3.12/site-packages/airflow/example_dags/example_kubernetes_executor.py
[2025-08-19T03:27:54.311+0000] {logging_mixin.py:188} INFO - [2025-08-19T03:27:54.311+0000] {dag.py:3096} INFO - Sync 1 DAGs
[2025-08-19T03:27:54.323+0000] {logging_mixin.py:188} INFO - [2025-08-19T03:27:54.323+0000] {dag.py:3954} INFO - Setting next_dagrun for example_kubernetes_executor to None, run_after=None
[2025-08-19T03:27:54.346+0000] {processor.py:183} INFO - Processing /home/airflow/.local/lib/python3.12/site-packages/airflow/example_dags/example_kubernetes_executor.py took 0.100 seconds
[2025-08-19T03:28:24.660+0000] {processor.py:161} INFO - Started process (PID=24157) to work on /home/airflow/.local/lib/python3.12/site-packages/airflow/example_dags/example_kubernetes_executor.py
[2025-08-19T03:28:24.661+0000] {processor.py:830} INFO - Processing file /home/airflow/.local/lib/python3.12/site-packages/airflow/example_dags/example_kubernetes_executor.py for tasks to queue
[2025-08-19T03:28:24.662+0000] {logging_mixin.py:188} INFO - [2025-08-19T03:28:24.662+0000] {dagbag.py:545} INFO - Filling up the DagBag from /home/airflow/.local/lib/python3.12/site-packages/airflow/example_dags/example_kubernetes_executor.py
[2025-08-19T03:28:24.674+0000] {processor.py:840} INFO - DAG(s) 'example_kubernetes_executor' retrieved from /home/airflow/.local/lib/python3.12/site-packages/airflow/example_dags/example_kubernetes_executor.py
[2025-08-19T03:28:24.717+0000] {logging_mixin.py:188} INFO - [2025-08-19T03:28:24.716+0000] {dag.py:3096} INFO - Sync 1 DAGs
[2025-08-19T03:28:24.730+0000] {logging_mixin.py:188} INFO - [2025-08-19T03:28:24.730+0000] {dag.py:3954} INFO - Setting next_dagrun for example_kubernetes_executor to None, run_after=None
[2025-08-19T03:28:24.753+0000] {processor.py:183} INFO - Processing /home/airflow/.local/lib/python3.12/site-packages/airflow/example_dags/example_kubernetes_executor.py took 0.099 seconds
[2025-08-19T03:28:55.099+0000] {processor.py:161} INFO - Started process (PID=24210) to work on /home/airflow/.local/lib/python3.12/site-packages/airflow/example_dags/example_kubernetes_executor.py
[2025-08-19T03:28:55.100+0000] {processor.py:830} INFO - Processing file /home/airflow/.local/lib/python3.12/site-packages/airflow/example_dags/example_kubernetes_executor.py for tasks to queue
[2025-08-19T03:28:55.101+0000] {logging_mixin.py:188} INFO - [2025-08-19T03:28:55.101+0000] {dagbag.py:545} INFO - Filling up the DagBag from /home/airflow/.local/lib/python3.12/site-packages/airflow/example_dags/example_kubernetes_executor.py
[2025-08-19T03:28:55.114+0000] {processor.py:840} INFO - DAG(s) 'example_kubernetes_executor' retrieved from /home/airflow/.local/lib/python3.12/site-packages/airflow/example_dags/example_kubernetes_executor.py
[2025-08-19T03:28:55.155+0000] {logging_mixin.py:188} INFO - [2025-08-19T03:28:55.155+0000] {dag.py:3096} INFO - Sync 1 DAGs
[2025-08-19T03:28:55.167+0000] {logging_mixin.py:188} INFO - [2025-08-19T03:28:55.167+0000] {dag.py:3954} INFO - Setting next_dagrun for example_kubernetes_executor to None, run_after=None
[2025-08-19T03:28:55.191+0000] {processor.py:183} INFO - Processing /home/airflow/.local/lib/python3.12/site-packages/airflow/example_dags/example_kubernetes_executor.py took 0.098 seconds
[2025-08-19T03:29:25.483+0000] {processor.py:161} INFO - Started process (PID=24263) to work on /home/airflow/.local/lib/python3.12/site-packages/airflow/example_dags/example_kubernetes_executor.py
[2025-08-19T03:29:25.484+0000] {processor.py:830} INFO - Processing file /home/airflow/.local/lib/python3.12/site-packages/airflow/example_dags/example_kubernetes_executor.py for tasks to queue
[2025-08-19T03:29:25.485+0000] {logging_mixin.py:188} INFO - [2025-08-19T03:29:25.484+0000] {dagbag.py:545} INFO - Filling up the DagBag from /home/airflow/.local/lib/python3.12/site-packages/airflow/example_dags/example_kubernetes_executor.py
[2025-08-19T03:29:25.498+0000] {processor.py:840} INFO - DAG(s) 'example_kubernetes_executor' retrieved from /home/airflow/.local/lib/python3.12/site-packages/airflow/example_dags/example_kubernetes_executor.py
[2025-08-19T03:29:25.539+0000] {logging_mixin.py:188} INFO - [2025-08-19T03:29:25.539+0000] {dag.py:3096} INFO - Sync 1 DAGs
[2025-08-19T03:29:25.551+0000] {logging_mixin.py:188} INFO - [2025-08-19T03:29:25.551+0000] {dag.py:3954} INFO - Setting next_dagrun for example_kubernetes_executor to None, run_after=None
[2025-08-19T03:29:25.576+0000] {processor.py:183} INFO - Processing /home/airflow/.local/lib/python3.12/site-packages/airflow/example_dags/example_kubernetes_executor.py took 0.099 seconds
[2025-08-19T03:29:55.825+0000] {processor.py:161} INFO - Started process (PID=24316) to work on /home/airflow/.local/lib/python3.12/site-packages/airflow/example_dags/example_kubernetes_executor.py
[2025-08-19T03:29:55.827+0000] {processor.py:830} INFO - Processing file /home/airflow/.local/lib/python3.12/site-packages/airflow/example_dags/example_kubernetes_executor.py for tasks to queue
[2025-08-19T03:29:55.828+0000] {logging_mixin.py:188} INFO - [2025-08-19T03:29:55.827+0000] {dagbag.py:545} INFO - Filling up the DagBag from /home/airflow/.local/lib/python3.12/site-packages/airflow/example_dags/example_kubernetes_executor.py
[2025-08-19T03:29:55.839+0000] {processor.py:840} INFO - DAG(s) 'example_kubernetes_executor' retrieved from /home/airflow/.local/lib/python3.12/site-packages/airflow/example_dags/example_kubernetes_executor.py
[2025-08-19T03:29:55.877+0000] {logging_mixin.py:188} INFO - [2025-08-19T03:29:55.877+0000] {dag.py:3096} INFO - Sync 1 DAGs
[2025-08-19T03:29:55.891+0000] {logging_mixin.py:188} INFO - [2025-08-19T03:29:55.890+0000] {dag.py:3954} INFO - Setting next_dagrun for example_kubernetes_executor to None, run_after=None
[2025-08-19T03:29:55.922+0000] {processor.py:183} INFO - Processing /home/airflow/.local/lib/python3.12/site-packages/airflow/example_dags/example_kubernetes_executor.py took 0.104 seconds
[2025-08-19T03:30:26.349+0000] {processor.py:161} INFO - Started process (PID=24369) to work on /home/airflow/.local/lib/python3.12/site-packages/airflow/example_dags/example_kubernetes_executor.py
[2025-08-19T03:30:26.351+0000] {processor.py:830} INFO - Processing file /home/airflow/.local/lib/python3.12/site-packages/airflow/example_dags/example_kubernetes_executor.py for tasks to queue
[2025-08-19T03:30:26.352+0000] {logging_mixin.py:188} INFO - [2025-08-19T03:30:26.352+0000] {dagbag.py:545} INFO - Filling up the DagBag from /home/airflow/.local/lib/python3.12/site-packages/airflow/example_dags/example_kubernetes_executor.py
[2025-08-19T03:30:26.364+0000] {processor.py:840} INFO - DAG(s) 'example_kubernetes_executor' retrieved from /home/airflow/.local/lib/python3.12/site-packages/airflow/example_dags/example_kubernetes_executor.py
[2025-08-19T03:30:26.403+0000] {logging_mixin.py:188} INFO - [2025-08-19T03:30:26.403+0000] {dag.py:3096} INFO - Sync 1 DAGs
[2025-08-19T03:30:26.416+0000] {logging_mixin.py:188} INFO - [2025-08-19T03:30:26.416+0000] {dag.py:3954} INFO - Setting next_dagrun for example_kubernetes_executor to None, run_after=None
[2025-08-19T03:30:26.440+0000] {processor.py:183} INFO - Processing /home/airflow/.local/lib/python3.12/site-packages/airflow/example_dags/example_kubernetes_executor.py took 0.097 seconds
[2025-08-19T03:30:56.902+0000] {processor.py:161} INFO - Started process (PID=24422) to work on /home/airflow/.local/lib/python3.12/site-packages/airflow/example_dags/example_kubernetes_executor.py
[2025-08-19T03:30:56.904+0000] {processor.py:830} INFO - Processing file /home/airflow/.local/lib/python3.12/site-packages/airflow/example_dags/example_kubernetes_executor.py for tasks to queue
[2025-08-19T03:30:56.905+0000] {logging_mixin.py:188} INFO - [2025-08-19T03:30:56.904+0000] {dagbag.py:545} INFO - Filling up the DagBag from /home/airflow/.local/lib/python3.12/site-packages/airflow/example_dags/example_kubernetes_executor.py
[2025-08-19T03:30:56.917+0000] {processor.py:840} INFO - DAG(s) 'example_kubernetes_executor' retrieved from /home/airflow/.local/lib/python3.12/site-packages/airflow/example_dags/example_kubernetes_executor.py
[2025-08-19T03:30:56.965+0000] {logging_mixin.py:188} INFO - [2025-08-19T03:30:56.965+0000] {dag.py:3096} INFO - Sync 1 DAGs
[2025-08-19T03:30:56.979+0000] {logging_mixin.py:188} INFO - [2025-08-19T03:30:56.979+0000] {dag.py:3954} INFO - Setting next_dagrun for example_kubernetes_executor to None, run_after=None
[2025-08-19T03:30:57.003+0000] {processor.py:183} INFO - Processing /home/airflow/.local/lib/python3.12/site-packages/airflow/example_dags/example_kubernetes_executor.py took 0.108 seconds
[2025-08-19T03:31:27.104+0000] {processor.py:161} INFO - Started process (PID=24475) to work on /home/airflow/.local/lib/python3.12/site-packages/airflow/example_dags/example_kubernetes_executor.py
[2025-08-19T03:31:27.106+0000] {processor.py:830} INFO - Processing file /home/airflow/.local/lib/python3.12/site-packages/airflow/example_dags/example_kubernetes_executor.py for tasks to queue
[2025-08-19T03:31:27.107+0000] {logging_mixin.py:188} INFO - [2025-08-19T03:31:27.106+0000] {dagbag.py:545} INFO - Filling up the DagBag from /home/airflow/.local/lib/python3.12/site-packages/airflow/example_dags/example_kubernetes_executor.py
[2025-08-19T03:31:27.119+0000] {processor.py:840} INFO - DAG(s) 'example_kubernetes_executor' retrieved from /home/airflow/.local/lib/python3.12/site-packages/airflow/example_dags/example_kubernetes_executor.py
[2025-08-19T03:31:27.164+0000] {logging_mixin.py:188} INFO - [2025-08-19T03:31:27.164+0000] {dag.py:3096} INFO - Sync 1 DAGs
[2025-08-19T03:31:27.177+0000] {logging_mixin.py:188} INFO - [2025-08-19T03:31:27.177+0000] {dag.py:3954} INFO - Setting next_dagrun for example_kubernetes_executor to None, run_after=None
[2025-08-19T03:31:27.203+0000] {processor.py:183} INFO - Processing /home/airflow/.local/lib/python3.12/site-packages/airflow/example_dags/example_kubernetes_executor.py took 0.106 seconds
[2025-08-19T03:31:57.597+0000] {processor.py:161} INFO - Started process (PID=24528) to work on /home/airflow/.local/lib/python3.12/site-packages/airflow/example_dags/example_kubernetes_executor.py
[2025-08-19T03:31:57.599+0000] {processor.py:830} INFO - Processing file /home/airflow/.local/lib/python3.12/site-packages/airflow/example_dags/example_kubernetes_executor.py for tasks to queue
[2025-08-19T03:31:57.601+0000] {logging_mixin.py:188} INFO - [2025-08-19T03:31:57.600+0000] {dagbag.py:545} INFO - Filling up the DagBag from /home/airflow/.local/lib/python3.12/site-packages/airflow/example_dags/example_kubernetes_executor.py
[2025-08-19T03:31:57.613+0000] {processor.py:840} INFO - DAG(s) 'example_kubernetes_executor' retrieved from /home/airflow/.local/lib/python3.12/site-packages/airflow/example_dags/example_kubernetes_executor.py
[2025-08-19T03:31:57.660+0000] {logging_mixin.py:188} INFO - [2025-08-19T03:31:57.659+0000] {dag.py:3096} INFO - Sync 1 DAGs
[2025-08-19T03:31:57.673+0000] {logging_mixin.py:188} INFO - [2025-08-19T03:31:57.672+0000] {dag.py:3954} INFO - Setting next_dagrun for example_kubernetes_executor to None, run_after=None
[2025-08-19T03:31:57.699+0000] {processor.py:183} INFO - Processing /home/airflow/.local/lib/python3.12/site-packages/airflow/example_dags/example_kubernetes_executor.py took 0.108 seconds
[2025-08-19T03:32:28.073+0000] {processor.py:161} INFO - Started process (PID=24582) to work on /home/airflow/.local/lib/python3.12/site-packages/airflow/example_dags/example_kubernetes_executor.py
[2025-08-19T03:32:28.074+0000] {processor.py:830} INFO - Processing file /home/airflow/.local/lib/python3.12/site-packages/airflow/example_dags/example_kubernetes_executor.py for tasks to queue
[2025-08-19T03:32:28.075+0000] {logging_mixin.py:188} INFO - [2025-08-19T03:32:28.075+0000] {dagbag.py:545} INFO - Filling up the DagBag from /home/airflow/.local/lib/python3.12/site-packages/airflow/example_dags/example_kubernetes_executor.py
[2025-08-19T03:32:28.088+0000] {processor.py:840} INFO - DAG(s) 'example_kubernetes_executor' retrieved from /home/airflow/.local/lib/python3.12/site-packages/airflow/example_dags/example_kubernetes_executor.py
[2025-08-19T03:32:28.133+0000] {logging_mixin.py:188} INFO - [2025-08-19T03:32:28.132+0000] {dag.py:3096} INFO - Sync 1 DAGs
[2025-08-19T03:32:28.146+0000] {logging_mixin.py:188} INFO - [2025-08-19T03:32:28.145+0000] {dag.py:3954} INFO - Setting next_dagrun for example_kubernetes_executor to None, run_after=None
[2025-08-19T03:32:28.172+0000] {processor.py:183} INFO - Processing /home/airflow/.local/lib/python3.12/site-packages/airflow/example_dags/example_kubernetes_executor.py took 0.106 seconds
[2025-08-19T03:32:59.195+0000] {processor.py:161} INFO - Started process (PID=24634) to work on /home/airflow/.local/lib/python3.12/site-packages/airflow/example_dags/example_kubernetes_executor.py
[2025-08-19T03:32:59.199+0000] {processor.py:830} INFO - Processing file /home/airflow/.local/lib/python3.12/site-packages/airflow/example_dags/example_kubernetes_executor.py for tasks to queue
[2025-08-19T03:32:59.202+0000] {logging_mixin.py:188} INFO - [2025-08-19T03:32:59.201+0000] {dagbag.py:545} INFO - Filling up the DagBag from /home/airflow/.local/lib/python3.12/site-packages/airflow/example_dags/example_kubernetes_executor.py
[2025-08-19T03:32:59.233+0000] {processor.py:840} INFO - DAG(s) 'example_kubernetes_executor' retrieved from /home/airflow/.local/lib/python3.12/site-packages/airflow/example_dags/example_kubernetes_executor.py
[2025-08-19T03:32:59.322+0000] {logging_mixin.py:188} INFO - [2025-08-19T03:32:59.322+0000] {dag.py:3096} INFO - Sync 1 DAGs
[2025-08-19T03:32:59.345+0000] {logging_mixin.py:188} INFO - [2025-08-19T03:32:59.345+0000] {dag.py:3954} INFO - Setting next_dagrun for example_kubernetes_executor to None, run_after=None
[2025-08-19T03:32:59.387+0000] {processor.py:183} INFO - Processing /home/airflow/.local/lib/python3.12/site-packages/airflow/example_dags/example_kubernetes_executor.py took 0.209 seconds
[2025-08-19T03:33:32.208+0000] {processor.py:161} INFO - Started process (PID=24687) to work on /home/airflow/.local/lib/python3.12/site-packages/airflow/example_dags/example_kubernetes_executor.py
[2025-08-19T03:33:32.212+0000] {processor.py:830} INFO - Processing file /home/airflow/.local/lib/python3.12/site-packages/airflow/example_dags/example_kubernetes_executor.py for tasks to queue
[2025-08-19T03:33:32.217+0000] {logging_mixin.py:188} INFO - [2025-08-19T03:33:32.215+0000] {dagbag.py:545} INFO - Filling up the DagBag from /home/airflow/.local/lib/python3.12/site-packages/airflow/example_dags/example_kubernetes_executor.py
[2025-08-19T03:33:32.271+0000] {processor.py:840} INFO - DAG(s) 'example_kubernetes_executor' retrieved from /home/airflow/.local/lib/python3.12/site-packages/airflow/example_dags/example_kubernetes_executor.py
[2025-08-19T03:33:32.433+0000] {logging_mixin.py:188} INFO - [2025-08-19T03:33:32.431+0000] {dag.py:3096} INFO - Sync 1 DAGs
[2025-08-19T03:33:32.485+0000] {logging_mixin.py:188} INFO - [2025-08-19T03:33:32.484+0000] {dag.py:3954} INFO - Setting next_dagrun for example_kubernetes_executor to None, run_after=None
[2025-08-19T03:33:32.558+0000] {processor.py:183} INFO - Processing /home/airflow/.local/lib/python3.12/site-packages/airflow/example_dags/example_kubernetes_executor.py took 0.377 seconds
[2025-08-19T03:34:03.585+0000] {processor.py:161} INFO - Started process (PID=24740) to work on /home/airflow/.local/lib/python3.12/site-packages/airflow/example_dags/example_kubernetes_executor.py
[2025-08-19T03:34:03.587+0000] {processor.py:830} INFO - Processing file /home/airflow/.local/lib/python3.12/site-packages/airflow/example_dags/example_kubernetes_executor.py for tasks to queue
[2025-08-19T03:34:03.588+0000] {logging_mixin.py:188} INFO - [2025-08-19T03:34:03.588+0000] {dagbag.py:545} INFO - Filling up the DagBag from /home/airflow/.local/lib/python3.12/site-packages/airflow/example_dags/example_kubernetes_executor.py
[2025-08-19T03:34:03.600+0000] {processor.py:840} INFO - DAG(s) 'example_kubernetes_executor' retrieved from /home/airflow/.local/lib/python3.12/site-packages/airflow/example_dags/example_kubernetes_executor.py
[2025-08-19T03:34:03.645+0000] {logging_mixin.py:188} INFO - [2025-08-19T03:34:03.645+0000] {dag.py:3096} INFO - Sync 1 DAGs
[2025-08-19T03:34:03.659+0000] {logging_mixin.py:188} INFO - [2025-08-19T03:34:03.659+0000] {dag.py:3954} INFO - Setting next_dagrun for example_kubernetes_executor to None, run_after=None
[2025-08-19T03:34:03.686+0000] {processor.py:183} INFO - Processing /home/airflow/.local/lib/python3.12/site-packages/airflow/example_dags/example_kubernetes_executor.py took 0.107 seconds
[2025-08-19T03:34:33.879+0000] {processor.py:161} INFO - Started process (PID=24793) to work on /home/airflow/.local/lib/python3.12/site-packages/airflow/example_dags/example_kubernetes_executor.py
[2025-08-19T03:34:33.880+0000] {processor.py:830} INFO - Processing file /home/airflow/.local/lib/python3.12/site-packages/airflow/example_dags/example_kubernetes_executor.py for tasks to queue
[2025-08-19T03:34:33.883+0000] {logging_mixin.py:188} INFO - [2025-08-19T03:34:33.882+0000] {dagbag.py:545} INFO - Filling up the DagBag from /home/airflow/.local/lib/python3.12/site-packages/airflow/example_dags/example_kubernetes_executor.py
[2025-08-19T03:34:33.898+0000] {processor.py:840} INFO - DAG(s) 'example_kubernetes_executor' retrieved from /home/airflow/.local/lib/python3.12/site-packages/airflow/example_dags/example_kubernetes_executor.py
[2025-08-19T03:34:33.946+0000] {logging_mixin.py:188} INFO - [2025-08-19T03:34:33.946+0000] {dag.py:3096} INFO - Sync 1 DAGs
[2025-08-19T03:34:33.961+0000] {logging_mixin.py:188} INFO - [2025-08-19T03:34:33.961+0000] {dag.py:3954} INFO - Setting next_dagrun for example_kubernetes_executor to None, run_after=None
[2025-08-19T03:34:34.015+0000] {processor.py:183} INFO - Processing /home/airflow/.local/lib/python3.12/site-packages/airflow/example_dags/example_kubernetes_executor.py took 0.145 seconds
[2025-08-19T03:35:04.419+0000] {processor.py:161} INFO - Started process (PID=24846) to work on /home/airflow/.local/lib/python3.12/site-packages/airflow/example_dags/example_kubernetes_executor.py
[2025-08-19T03:35:04.420+0000] {processor.py:830} INFO - Processing file /home/airflow/.local/lib/python3.12/site-packages/airflow/example_dags/example_kubernetes_executor.py for tasks to queue
[2025-08-19T03:35:04.422+0000] {logging_mixin.py:188} INFO - [2025-08-19T03:35:04.422+0000] {dagbag.py:545} INFO - Filling up the DagBag from /home/airflow/.local/lib/python3.12/site-packages/airflow/example_dags/example_kubernetes_executor.py
[2025-08-19T03:35:04.434+0000] {processor.py:840} INFO - DAG(s) 'example_kubernetes_executor' retrieved from /home/airflow/.local/lib/python3.12/site-packages/airflow/example_dags/example_kubernetes_executor.py
[2025-08-19T03:35:04.479+0000] {logging_mixin.py:188} INFO - [2025-08-19T03:35:04.479+0000] {dag.py:3096} INFO - Sync 1 DAGs
[2025-08-19T03:35:04.492+0000] {logging_mixin.py:188} INFO - [2025-08-19T03:35:04.491+0000] {dag.py:3954} INFO - Setting next_dagrun for example_kubernetes_executor to None, run_after=None
[2025-08-19T03:35:04.520+0000] {processor.py:183} INFO - Processing /home/airflow/.local/lib/python3.12/site-packages/airflow/example_dags/example_kubernetes_executor.py took 0.108 seconds
[2025-08-19T03:35:35.095+0000] {processor.py:161} INFO - Started process (PID=24899) to work on /home/airflow/.local/lib/python3.12/site-packages/airflow/example_dags/example_kubernetes_executor.py
[2025-08-19T03:35:35.097+0000] {processor.py:830} INFO - Processing file /home/airflow/.local/lib/python3.12/site-packages/airflow/example_dags/example_kubernetes_executor.py for tasks to queue
[2025-08-19T03:35:35.098+0000] {logging_mixin.py:188} INFO - [2025-08-19T03:35:35.097+0000] {dagbag.py:545} INFO - Filling up the DagBag from /home/airflow/.local/lib/python3.12/site-packages/airflow/example_dags/example_kubernetes_executor.py
[2025-08-19T03:35:35.111+0000] {processor.py:840} INFO - DAG(s) 'example_kubernetes_executor' retrieved from /home/airflow/.local/lib/python3.12/site-packages/airflow/example_dags/example_kubernetes_executor.py
[2025-08-19T03:35:35.158+0000] {logging_mixin.py:188} INFO - [2025-08-19T03:35:35.158+0000] {dag.py:3096} INFO - Sync 1 DAGs
[2025-08-19T03:35:35.174+0000] {logging_mixin.py:188} INFO - [2025-08-19T03:35:35.174+0000] {dag.py:3954} INFO - Setting next_dagrun for example_kubernetes_executor to None, run_after=None
[2025-08-19T03:35:35.204+0000] {processor.py:183} INFO - Processing /home/airflow/.local/lib/python3.12/site-packages/airflow/example_dags/example_kubernetes_executor.py took 0.114 seconds
[2025-08-19T03:36:05.414+0000] {processor.py:161} INFO - Started process (PID=24952) to work on /home/airflow/.local/lib/python3.12/site-packages/airflow/example_dags/example_kubernetes_executor.py
[2025-08-19T03:36:05.415+0000] {processor.py:830} INFO - Processing file /home/airflow/.local/lib/python3.12/site-packages/airflow/example_dags/example_kubernetes_executor.py for tasks to queue
[2025-08-19T03:36:05.417+0000] {logging_mixin.py:188} INFO - [2025-08-19T03:36:05.416+0000] {dagbag.py:545} INFO - Filling up the DagBag from /home/airflow/.local/lib/python3.12/site-packages/airflow/example_dags/example_kubernetes_executor.py
[2025-08-19T03:36:05.430+0000] {processor.py:840} INFO - DAG(s) 'example_kubernetes_executor' retrieved from /home/airflow/.local/lib/python3.12/site-packages/airflow/example_dags/example_kubernetes_executor.py
[2025-08-19T03:36:05.473+0000] {logging_mixin.py:188} INFO - [2025-08-19T03:36:05.472+0000] {dag.py:3096} INFO - Sync 1 DAGs
[2025-08-19T03:36:05.488+0000] {logging_mixin.py:188} INFO - [2025-08-19T03:36:05.487+0000] {dag.py:3954} INFO - Setting next_dagrun for example_kubernetes_executor to None, run_after=None
[2025-08-19T03:36:05.513+0000] {processor.py:183} INFO - Processing /home/airflow/.local/lib/python3.12/site-packages/airflow/example_dags/example_kubernetes_executor.py took 0.105 seconds
[2025-08-19T03:36:35.848+0000] {processor.py:161} INFO - Started process (PID=25005) to work on /home/airflow/.local/lib/python3.12/site-packages/airflow/example_dags/example_kubernetes_executor.py
[2025-08-19T03:36:35.849+0000] {processor.py:830} INFO - Processing file /home/airflow/.local/lib/python3.12/site-packages/airflow/example_dags/example_kubernetes_executor.py for tasks to queue
[2025-08-19T03:36:35.851+0000] {logging_mixin.py:188} INFO - [2025-08-19T03:36:35.851+0000] {dagbag.py:545} INFO - Filling up the DagBag from /home/airflow/.local/lib/python3.12/site-packages/airflow/example_dags/example_kubernetes_executor.py
[2025-08-19T03:36:35.868+0000] {processor.py:840} INFO - DAG(s) 'example_kubernetes_executor' retrieved from /home/airflow/.local/lib/python3.12/site-packages/airflow/example_dags/example_kubernetes_executor.py
[2025-08-19T03:36:35.924+0000] {logging_mixin.py:188} INFO - [2025-08-19T03:36:35.924+0000] {dag.py:3096} INFO - Sync 1 DAGs
[2025-08-19T03:36:35.942+0000] {logging_mixin.py:188} INFO - [2025-08-19T03:36:35.942+0000] {dag.py:3954} INFO - Setting next_dagrun for example_kubernetes_executor to None, run_after=None
[2025-08-19T03:36:35.972+0000] {processor.py:183} INFO - Processing /home/airflow/.local/lib/python3.12/site-packages/airflow/example_dags/example_kubernetes_executor.py took 0.131 seconds
[2025-08-19T03:37:06.379+0000] {processor.py:161} INFO - Started process (PID=25056) to work on /home/airflow/.local/lib/python3.12/site-packages/airflow/example_dags/example_kubernetes_executor.py
[2025-08-19T03:37:06.381+0000] {processor.py:830} INFO - Processing file /home/airflow/.local/lib/python3.12/site-packages/airflow/example_dags/example_kubernetes_executor.py for tasks to queue
[2025-08-19T03:37:06.384+0000] {logging_mixin.py:188} INFO - [2025-08-19T03:37:06.383+0000] {dagbag.py:545} INFO - Filling up the DagBag from /home/airflow/.local/lib/python3.12/site-packages/airflow/example_dags/example_kubernetes_executor.py
[2025-08-19T03:37:06.395+0000] {processor.py:840} INFO - DAG(s) 'example_kubernetes_executor' retrieved from /home/airflow/.local/lib/python3.12/site-packages/airflow/example_dags/example_kubernetes_executor.py
[2025-08-19T03:37:06.438+0000] {logging_mixin.py:188} INFO - [2025-08-19T03:37:06.438+0000] {dag.py:3096} INFO - Sync 1 DAGs
[2025-08-19T03:37:06.453+0000] {logging_mixin.py:188} INFO - [2025-08-19T03:37:06.453+0000] {dag.py:3954} INFO - Setting next_dagrun for example_kubernetes_executor to None, run_after=None
[2025-08-19T03:37:06.489+0000] {processor.py:183} INFO - Processing /home/airflow/.local/lib/python3.12/site-packages/airflow/example_dags/example_kubernetes_executor.py took 0.116 seconds
