[2025-08-19T03:10:03.385+0000] {processor.py:161} INFO - Started process (PID=22242) to work on /home/airflow/.local/lib/python3.12/site-packages/airflow/example_dags/example_skip_dag.py
[2025-08-19T03:10:03.393+0000] {processor.py:830} INFO - Processing file /home/airflow/.local/lib/python3.12/site-packages/airflow/example_dags/example_skip_dag.py for tasks to queue
[2025-08-19T03:10:03.398+0000] {logging_mixin.py:188} INFO - [2025-08-19T03:10:03.397+0000] {dagbag.py:545} INFO - Filling up the DagBag from /home/airflow/.local/lib/python3.12/site-packages/airflow/example_dags/example_skip_dag.py
[2025-08-19T03:10:03.418+0000] {processor.py:840} INFO - DAG(s) 'example_skip_dag' retrieved from /home/airflow/.local/lib/python3.12/site-packages/airflow/example_dags/example_skip_dag.py
[2025-08-19T03:10:03.491+0000] {logging_mixin.py:188} INFO - [2025-08-19T03:10:03.490+0000] {dag.py:3096} INFO - Sync 1 DAGs
[2025-08-19T03:10:03.550+0000] {logging_mixin.py:188} INFO - [2025-08-19T03:10:03.550+0000] {dag.py:3954} INFO - Setting next_dagrun for example_skip_dag to 2025-08-18 00:00:00+00:00, run_after=2025-08-19 00:00:00+00:00
[2025-08-19T03:10:03.616+0000] {processor.py:183} INFO - Processing /home/airflow/.local/lib/python3.12/site-packages/airflow/example_dags/example_skip_dag.py took 0.254 seconds
[2025-08-19T03:10:34.327+0000] {processor.py:161} INFO - Started process (PID=22295) to work on /home/airflow/.local/lib/python3.12/site-packages/airflow/example_dags/example_skip_dag.py
[2025-08-19T03:10:34.329+0000] {processor.py:830} INFO - Processing file /home/airflow/.local/lib/python3.12/site-packages/airflow/example_dags/example_skip_dag.py for tasks to queue
[2025-08-19T03:10:34.332+0000] {logging_mixin.py:188} INFO - [2025-08-19T03:10:34.331+0000] {dagbag.py:545} INFO - Filling up the DagBag from /home/airflow/.local/lib/python3.12/site-packages/airflow/example_dags/example_skip_dag.py
[2025-08-19T03:10:34.345+0000] {processor.py:840} INFO - DAG(s) 'example_skip_dag' retrieved from /home/airflow/.local/lib/python3.12/site-packages/airflow/example_dags/example_skip_dag.py
[2025-08-19T03:10:34.382+0000] {logging_mixin.py:188} INFO - [2025-08-19T03:10:34.382+0000] {dag.py:3096} INFO - Sync 1 DAGs
[2025-08-19T03:10:34.423+0000] {logging_mixin.py:188} INFO - [2025-08-19T03:10:34.422+0000] {dag.py:3954} INFO - Setting next_dagrun for example_skip_dag to 2025-08-18 00:00:00+00:00, run_after=2025-08-19 00:00:00+00:00
[2025-08-19T03:10:34.466+0000] {processor.py:183} INFO - Processing /home/airflow/.local/lib/python3.12/site-packages/airflow/example_dags/example_skip_dag.py took 0.149 seconds
[2025-08-19T03:11:05.079+0000] {processor.py:161} INFO - Started process (PID=22348) to work on /home/airflow/.local/lib/python3.12/site-packages/airflow/example_dags/example_skip_dag.py
[2025-08-19T03:11:05.080+0000] {processor.py:830} INFO - Processing file /home/airflow/.local/lib/python3.12/site-packages/airflow/example_dags/example_skip_dag.py for tasks to queue
[2025-08-19T03:11:05.081+0000] {logging_mixin.py:188} INFO - [2025-08-19T03:11:05.081+0000] {dagbag.py:545} INFO - Filling up the DagBag from /home/airflow/.local/lib/python3.12/site-packages/airflow/example_dags/example_skip_dag.py
[2025-08-19T03:11:05.090+0000] {processor.py:840} INFO - DAG(s) 'example_skip_dag' retrieved from /home/airflow/.local/lib/python3.12/site-packages/airflow/example_dags/example_skip_dag.py
[2025-08-19T03:11:05.114+0000] {logging_mixin.py:188} INFO - [2025-08-19T03:11:05.114+0000] {dag.py:3096} INFO - Sync 1 DAGs
[2025-08-19T03:11:05.136+0000] {logging_mixin.py:188} INFO - [2025-08-19T03:11:05.135+0000] {dag.py:3954} INFO - Setting next_dagrun for example_skip_dag to 2025-08-18 00:00:00+00:00, run_after=2025-08-19 00:00:00+00:00
[2025-08-19T03:11:05.158+0000] {processor.py:183} INFO - Processing /home/airflow/.local/lib/python3.12/site-packages/airflow/example_dags/example_skip_dag.py took 0.088 seconds
[2025-08-19T03:11:35.480+0000] {processor.py:161} INFO - Started process (PID=22401) to work on /home/airflow/.local/lib/python3.12/site-packages/airflow/example_dags/example_skip_dag.py
[2025-08-19T03:11:35.481+0000] {processor.py:830} INFO - Processing file /home/airflow/.local/lib/python3.12/site-packages/airflow/example_dags/example_skip_dag.py for tasks to queue
[2025-08-19T03:11:35.482+0000] {logging_mixin.py:188} INFO - [2025-08-19T03:11:35.482+0000] {dagbag.py:545} INFO - Filling up the DagBag from /home/airflow/.local/lib/python3.12/site-packages/airflow/example_dags/example_skip_dag.py
[2025-08-19T03:11:35.489+0000] {processor.py:840} INFO - DAG(s) 'example_skip_dag' retrieved from /home/airflow/.local/lib/python3.12/site-packages/airflow/example_dags/example_skip_dag.py
[2025-08-19T03:11:35.511+0000] {logging_mixin.py:188} INFO - [2025-08-19T03:11:35.511+0000] {dag.py:3096} INFO - Sync 1 DAGs
[2025-08-19T03:11:35.533+0000] {logging_mixin.py:188} INFO - [2025-08-19T03:11:35.533+0000] {dag.py:3954} INFO - Setting next_dagrun for example_skip_dag to 2025-08-18 00:00:00+00:00, run_after=2025-08-19 00:00:00+00:00
[2025-08-19T03:11:35.554+0000] {processor.py:183} INFO - Processing /home/airflow/.local/lib/python3.12/site-packages/airflow/example_dags/example_skip_dag.py took 0.080 seconds
[2025-08-19T03:12:05.922+0000] {processor.py:161} INFO - Started process (PID=22454) to work on /home/airflow/.local/lib/python3.12/site-packages/airflow/example_dags/example_skip_dag.py
[2025-08-19T03:12:05.923+0000] {processor.py:830} INFO - Processing file /home/airflow/.local/lib/python3.12/site-packages/airflow/example_dags/example_skip_dag.py for tasks to queue
[2025-08-19T03:12:05.924+0000] {logging_mixin.py:188} INFO - [2025-08-19T03:12:05.924+0000] {dagbag.py:545} INFO - Filling up the DagBag from /home/airflow/.local/lib/python3.12/site-packages/airflow/example_dags/example_skip_dag.py
[2025-08-19T03:12:05.932+0000] {processor.py:840} INFO - DAG(s) 'example_skip_dag' retrieved from /home/airflow/.local/lib/python3.12/site-packages/airflow/example_dags/example_skip_dag.py
[2025-08-19T03:12:05.954+0000] {logging_mixin.py:188} INFO - [2025-08-19T03:12:05.954+0000] {dag.py:3096} INFO - Sync 1 DAGs
[2025-08-19T03:12:05.977+0000] {logging_mixin.py:188} INFO - [2025-08-19T03:12:05.976+0000] {dag.py:3954} INFO - Setting next_dagrun for example_skip_dag to 2025-08-18 00:00:00+00:00, run_after=2025-08-19 00:00:00+00:00
[2025-08-19T03:12:05.997+0000] {processor.py:183} INFO - Processing /home/airflow/.local/lib/python3.12/site-packages/airflow/example_dags/example_skip_dag.py took 0.084 seconds
[2025-08-19T03:12:36.446+0000] {processor.py:161} INFO - Started process (PID=22507) to work on /home/airflow/.local/lib/python3.12/site-packages/airflow/example_dags/example_skip_dag.py
[2025-08-19T03:12:36.448+0000] {processor.py:830} INFO - Processing file /home/airflow/.local/lib/python3.12/site-packages/airflow/example_dags/example_skip_dag.py for tasks to queue
[2025-08-19T03:12:36.449+0000] {logging_mixin.py:188} INFO - [2025-08-19T03:12:36.449+0000] {dagbag.py:545} INFO - Filling up the DagBag from /home/airflow/.local/lib/python3.12/site-packages/airflow/example_dags/example_skip_dag.py
[2025-08-19T03:12:36.457+0000] {processor.py:840} INFO - DAG(s) 'example_skip_dag' retrieved from /home/airflow/.local/lib/python3.12/site-packages/airflow/example_dags/example_skip_dag.py
[2025-08-19T03:12:36.478+0000] {logging_mixin.py:188} INFO - [2025-08-19T03:12:36.478+0000] {dag.py:3096} INFO - Sync 1 DAGs
[2025-08-19T03:12:36.499+0000] {logging_mixin.py:188} INFO - [2025-08-19T03:12:36.499+0000] {dag.py:3954} INFO - Setting next_dagrun for example_skip_dag to 2025-08-18 00:00:00+00:00, run_after=2025-08-19 00:00:00+00:00
[2025-08-19T03:12:36.522+0000] {processor.py:183} INFO - Processing /home/airflow/.local/lib/python3.12/site-packages/airflow/example_dags/example_skip_dag.py took 0.082 seconds
[2025-08-19T03:13:07.228+0000] {processor.py:161} INFO - Started process (PID=22560) to work on /home/airflow/.local/lib/python3.12/site-packages/airflow/example_dags/example_skip_dag.py
[2025-08-19T03:13:07.229+0000] {processor.py:830} INFO - Processing file /home/airflow/.local/lib/python3.12/site-packages/airflow/example_dags/example_skip_dag.py for tasks to queue
[2025-08-19T03:13:07.231+0000] {logging_mixin.py:188} INFO - [2025-08-19T03:13:07.230+0000] {dagbag.py:545} INFO - Filling up the DagBag from /home/airflow/.local/lib/python3.12/site-packages/airflow/example_dags/example_skip_dag.py
[2025-08-19T03:13:07.239+0000] {processor.py:840} INFO - DAG(s) 'example_skip_dag' retrieved from /home/airflow/.local/lib/python3.12/site-packages/airflow/example_dags/example_skip_dag.py
[2025-08-19T03:13:07.262+0000] {logging_mixin.py:188} INFO - [2025-08-19T03:13:07.262+0000] {dag.py:3096} INFO - Sync 1 DAGs
[2025-08-19T03:13:07.285+0000] {logging_mixin.py:188} INFO - [2025-08-19T03:13:07.284+0000] {dag.py:3954} INFO - Setting next_dagrun for example_skip_dag to 2025-08-18 00:00:00+00:00, run_after=2025-08-19 00:00:00+00:00
[2025-08-19T03:13:07.309+0000] {processor.py:183} INFO - Processing /home/airflow/.local/lib/python3.12/site-packages/airflow/example_dags/example_skip_dag.py took 0.087 seconds
[2025-08-19T03:13:38.076+0000] {processor.py:161} INFO - Started process (PID=22613) to work on /home/airflow/.local/lib/python3.12/site-packages/airflow/example_dags/example_skip_dag.py
[2025-08-19T03:13:38.078+0000] {processor.py:830} INFO - Processing file /home/airflow/.local/lib/python3.12/site-packages/airflow/example_dags/example_skip_dag.py for tasks to queue
[2025-08-19T03:13:38.079+0000] {logging_mixin.py:188} INFO - [2025-08-19T03:13:38.079+0000] {dagbag.py:545} INFO - Filling up the DagBag from /home/airflow/.local/lib/python3.12/site-packages/airflow/example_dags/example_skip_dag.py
[2025-08-19T03:13:38.087+0000] {processor.py:840} INFO - DAG(s) 'example_skip_dag' retrieved from /home/airflow/.local/lib/python3.12/site-packages/airflow/example_dags/example_skip_dag.py
[2025-08-19T03:13:38.108+0000] {logging_mixin.py:188} INFO - [2025-08-19T03:13:38.108+0000] {dag.py:3096} INFO - Sync 1 DAGs
[2025-08-19T03:13:38.129+0000] {logging_mixin.py:188} INFO - [2025-08-19T03:13:38.129+0000] {dag.py:3954} INFO - Setting next_dagrun for example_skip_dag to 2025-08-18 00:00:00+00:00, run_after=2025-08-19 00:00:00+00:00
[2025-08-19T03:13:38.151+0000] {processor.py:183} INFO - Processing /home/airflow/.local/lib/python3.12/site-packages/airflow/example_dags/example_skip_dag.py took 0.081 seconds
[2025-08-19T03:14:08.898+0000] {processor.py:161} INFO - Started process (PID=22666) to work on /home/airflow/.local/lib/python3.12/site-packages/airflow/example_dags/example_skip_dag.py
[2025-08-19T03:14:08.899+0000] {processor.py:830} INFO - Processing file /home/airflow/.local/lib/python3.12/site-packages/airflow/example_dags/example_skip_dag.py for tasks to queue
[2025-08-19T03:14:08.901+0000] {logging_mixin.py:188} INFO - [2025-08-19T03:14:08.900+0000] {dagbag.py:545} INFO - Filling up the DagBag from /home/airflow/.local/lib/python3.12/site-packages/airflow/example_dags/example_skip_dag.py
[2025-08-19T03:14:08.909+0000] {processor.py:840} INFO - DAG(s) 'example_skip_dag' retrieved from /home/airflow/.local/lib/python3.12/site-packages/airflow/example_dags/example_skip_dag.py
[2025-08-19T03:14:08.932+0000] {logging_mixin.py:188} INFO - [2025-08-19T03:14:08.932+0000] {dag.py:3096} INFO - Sync 1 DAGs
[2025-08-19T03:14:08.953+0000] {logging_mixin.py:188} INFO - [2025-08-19T03:14:08.953+0000] {dag.py:3954} INFO - Setting next_dagrun for example_skip_dag to 2025-08-18 00:00:00+00:00, run_after=2025-08-19 00:00:00+00:00
[2025-08-19T03:14:08.975+0000] {processor.py:183} INFO - Processing /home/airflow/.local/lib/python3.12/site-packages/airflow/example_dags/example_skip_dag.py took 0.084 seconds
[2025-08-19T03:14:39.731+0000] {processor.py:161} INFO - Started process (PID=22719) to work on /home/airflow/.local/lib/python3.12/site-packages/airflow/example_dags/example_skip_dag.py
[2025-08-19T03:14:39.733+0000] {processor.py:830} INFO - Processing file /home/airflow/.local/lib/python3.12/site-packages/airflow/example_dags/example_skip_dag.py for tasks to queue
[2025-08-19T03:14:39.734+0000] {logging_mixin.py:188} INFO - [2025-08-19T03:14:39.734+0000] {dagbag.py:545} INFO - Filling up the DagBag from /home/airflow/.local/lib/python3.12/site-packages/airflow/example_dags/example_skip_dag.py
[2025-08-19T03:14:39.742+0000] {processor.py:840} INFO - DAG(s) 'example_skip_dag' retrieved from /home/airflow/.local/lib/python3.12/site-packages/airflow/example_dags/example_skip_dag.py
[2025-08-19T03:14:39.763+0000] {logging_mixin.py:188} INFO - [2025-08-19T03:14:39.762+0000] {dag.py:3096} INFO - Sync 1 DAGs
[2025-08-19T03:14:39.785+0000] {logging_mixin.py:188} INFO - [2025-08-19T03:14:39.785+0000] {dag.py:3954} INFO - Setting next_dagrun for example_skip_dag to 2025-08-18 00:00:00+00:00, run_after=2025-08-19 00:00:00+00:00
[2025-08-19T03:14:39.807+0000] {processor.py:183} INFO - Processing /home/airflow/.local/lib/python3.12/site-packages/airflow/example_dags/example_skip_dag.py took 0.083 seconds
[2025-08-19T03:15:10.491+0000] {processor.py:161} INFO - Started process (PID=22772) to work on /home/airflow/.local/lib/python3.12/site-packages/airflow/example_dags/example_skip_dag.py
[2025-08-19T03:15:10.493+0000] {processor.py:830} INFO - Processing file /home/airflow/.local/lib/python3.12/site-packages/airflow/example_dags/example_skip_dag.py for tasks to queue
[2025-08-19T03:15:10.495+0000] {logging_mixin.py:188} INFO - [2025-08-19T03:15:10.494+0000] {dagbag.py:545} INFO - Filling up the DagBag from /home/airflow/.local/lib/python3.12/site-packages/airflow/example_dags/example_skip_dag.py
[2025-08-19T03:15:10.504+0000] {processor.py:840} INFO - DAG(s) 'example_skip_dag' retrieved from /home/airflow/.local/lib/python3.12/site-packages/airflow/example_dags/example_skip_dag.py
[2025-08-19T03:15:10.527+0000] {logging_mixin.py:188} INFO - [2025-08-19T03:15:10.527+0000] {dag.py:3096} INFO - Sync 1 DAGs
[2025-08-19T03:15:10.548+0000] {logging_mixin.py:188} INFO - [2025-08-19T03:15:10.548+0000] {dag.py:3954} INFO - Setting next_dagrun for example_skip_dag to 2025-08-18 00:00:00+00:00, run_after=2025-08-19 00:00:00+00:00
[2025-08-19T03:15:10.570+0000] {processor.py:183} INFO - Processing /home/airflow/.local/lib/python3.12/site-packages/airflow/example_dags/example_skip_dag.py took 0.086 seconds
[2025-08-19T03:15:41.327+0000] {processor.py:161} INFO - Started process (PID=22825) to work on /home/airflow/.local/lib/python3.12/site-packages/airflow/example_dags/example_skip_dag.py
[2025-08-19T03:15:41.328+0000] {processor.py:830} INFO - Processing file /home/airflow/.local/lib/python3.12/site-packages/airflow/example_dags/example_skip_dag.py for tasks to queue
[2025-08-19T03:15:41.330+0000] {logging_mixin.py:188} INFO - [2025-08-19T03:15:41.329+0000] {dagbag.py:545} INFO - Filling up the DagBag from /home/airflow/.local/lib/python3.12/site-packages/airflow/example_dags/example_skip_dag.py
[2025-08-19T03:15:41.337+0000] {processor.py:840} INFO - DAG(s) 'example_skip_dag' retrieved from /home/airflow/.local/lib/python3.12/site-packages/airflow/example_dags/example_skip_dag.py
[2025-08-19T03:15:41.359+0000] {logging_mixin.py:188} INFO - [2025-08-19T03:15:41.358+0000] {dag.py:3096} INFO - Sync 1 DAGs
[2025-08-19T03:15:41.384+0000] {logging_mixin.py:188} INFO - [2025-08-19T03:15:41.384+0000] {dag.py:3954} INFO - Setting next_dagrun for example_skip_dag to 2025-08-18 00:00:00+00:00, run_after=2025-08-19 00:00:00+00:00
[2025-08-19T03:15:41.409+0000] {processor.py:183} INFO - Processing /home/airflow/.local/lib/python3.12/site-packages/airflow/example_dags/example_skip_dag.py took 0.089 seconds
[2025-08-19T03:16:11.944+0000] {processor.py:161} INFO - Started process (PID=22878) to work on /home/airflow/.local/lib/python3.12/site-packages/airflow/example_dags/example_skip_dag.py
[2025-08-19T03:16:11.945+0000] {processor.py:830} INFO - Processing file /home/airflow/.local/lib/python3.12/site-packages/airflow/example_dags/example_skip_dag.py for tasks to queue
[2025-08-19T03:16:11.947+0000] {logging_mixin.py:188} INFO - [2025-08-19T03:16:11.946+0000] {dagbag.py:545} INFO - Filling up the DagBag from /home/airflow/.local/lib/python3.12/site-packages/airflow/example_dags/example_skip_dag.py
[2025-08-19T03:16:11.954+0000] {processor.py:840} INFO - DAG(s) 'example_skip_dag' retrieved from /home/airflow/.local/lib/python3.12/site-packages/airflow/example_dags/example_skip_dag.py
[2025-08-19T03:16:11.977+0000] {logging_mixin.py:188} INFO - [2025-08-19T03:16:11.977+0000] {dag.py:3096} INFO - Sync 1 DAGs
[2025-08-19T03:16:12.001+0000] {logging_mixin.py:188} INFO - [2025-08-19T03:16:12.001+0000] {dag.py:3954} INFO - Setting next_dagrun for example_skip_dag to 2025-08-18 00:00:00+00:00, run_after=2025-08-19 00:00:00+00:00
[2025-08-19T03:16:12.028+0000] {processor.py:183} INFO - Processing /home/airflow/.local/lib/python3.12/site-packages/airflow/example_dags/example_skip_dag.py took 0.092 seconds
[2025-08-19T03:16:42.428+0000] {processor.py:161} INFO - Started process (PID=22931) to work on /home/airflow/.local/lib/python3.12/site-packages/airflow/example_dags/example_skip_dag.py
[2025-08-19T03:16:42.429+0000] {processor.py:830} INFO - Processing file /home/airflow/.local/lib/python3.12/site-packages/airflow/example_dags/example_skip_dag.py for tasks to queue
[2025-08-19T03:16:42.431+0000] {logging_mixin.py:188} INFO - [2025-08-19T03:16:42.430+0000] {dagbag.py:545} INFO - Filling up the DagBag from /home/airflow/.local/lib/python3.12/site-packages/airflow/example_dags/example_skip_dag.py
[2025-08-19T03:16:42.438+0000] {processor.py:840} INFO - DAG(s) 'example_skip_dag' retrieved from /home/airflow/.local/lib/python3.12/site-packages/airflow/example_dags/example_skip_dag.py
[2025-08-19T03:16:42.459+0000] {logging_mixin.py:188} INFO - [2025-08-19T03:16:42.459+0000] {dag.py:3096} INFO - Sync 1 DAGs
[2025-08-19T03:16:42.480+0000] {logging_mixin.py:188} INFO - [2025-08-19T03:16:42.479+0000] {dag.py:3954} INFO - Setting next_dagrun for example_skip_dag to 2025-08-18 00:00:00+00:00, run_after=2025-08-19 00:00:00+00:00
[2025-08-19T03:16:42.500+0000] {processor.py:183} INFO - Processing /home/airflow/.local/lib/python3.12/site-packages/airflow/example_dags/example_skip_dag.py took 0.080 seconds
[2025-08-19T03:17:12.761+0000] {processor.py:161} INFO - Started process (PID=22984) to work on /home/airflow/.local/lib/python3.12/site-packages/airflow/example_dags/example_skip_dag.py
[2025-08-19T03:17:12.762+0000] {processor.py:830} INFO - Processing file /home/airflow/.local/lib/python3.12/site-packages/airflow/example_dags/example_skip_dag.py for tasks to queue
[2025-08-19T03:17:12.763+0000] {logging_mixin.py:188} INFO - [2025-08-19T03:17:12.762+0000] {dagbag.py:545} INFO - Filling up the DagBag from /home/airflow/.local/lib/python3.12/site-packages/airflow/example_dags/example_skip_dag.py
[2025-08-19T03:17:12.770+0000] {processor.py:840} INFO - DAG(s) 'example_skip_dag' retrieved from /home/airflow/.local/lib/python3.12/site-packages/airflow/example_dags/example_skip_dag.py
[2025-08-19T03:17:12.793+0000] {logging_mixin.py:188} INFO - [2025-08-19T03:17:12.793+0000] {dag.py:3096} INFO - Sync 1 DAGs
[2025-08-19T03:17:12.816+0000] {logging_mixin.py:188} INFO - [2025-08-19T03:17:12.816+0000] {dag.py:3954} INFO - Setting next_dagrun for example_skip_dag to 2025-08-18 00:00:00+00:00, run_after=2025-08-19 00:00:00+00:00
[2025-08-19T03:17:12.844+0000] {processor.py:183} INFO - Processing /home/airflow/.local/lib/python3.12/site-packages/airflow/example_dags/example_skip_dag.py took 0.090 seconds
[2025-08-19T03:17:43.514+0000] {processor.py:161} INFO - Started process (PID=23037) to work on /home/airflow/.local/lib/python3.12/site-packages/airflow/example_dags/example_skip_dag.py
[2025-08-19T03:17:43.515+0000] {processor.py:830} INFO - Processing file /home/airflow/.local/lib/python3.12/site-packages/airflow/example_dags/example_skip_dag.py for tasks to queue
[2025-08-19T03:17:43.517+0000] {logging_mixin.py:188} INFO - [2025-08-19T03:17:43.516+0000] {dagbag.py:545} INFO - Filling up the DagBag from /home/airflow/.local/lib/python3.12/site-packages/airflow/example_dags/example_skip_dag.py
[2025-08-19T03:17:43.525+0000] {processor.py:840} INFO - DAG(s) 'example_skip_dag' retrieved from /home/airflow/.local/lib/python3.12/site-packages/airflow/example_dags/example_skip_dag.py
[2025-08-19T03:17:43.548+0000] {logging_mixin.py:188} INFO - [2025-08-19T03:17:43.548+0000] {dag.py:3096} INFO - Sync 1 DAGs
[2025-08-19T03:17:43.570+0000] {logging_mixin.py:188} INFO - [2025-08-19T03:17:43.570+0000] {dag.py:3954} INFO - Setting next_dagrun for example_skip_dag to 2025-08-18 00:00:00+00:00, run_after=2025-08-19 00:00:00+00:00
[2025-08-19T03:17:43.592+0000] {processor.py:183} INFO - Processing /home/airflow/.local/lib/python3.12/site-packages/airflow/example_dags/example_skip_dag.py took 0.084 seconds
[2025-08-19T03:18:13.777+0000] {processor.py:161} INFO - Started process (PID=23090) to work on /home/airflow/.local/lib/python3.12/site-packages/airflow/example_dags/example_skip_dag.py
[2025-08-19T03:18:13.779+0000] {processor.py:830} INFO - Processing file /home/airflow/.local/lib/python3.12/site-packages/airflow/example_dags/example_skip_dag.py for tasks to queue
[2025-08-19T03:18:13.780+0000] {logging_mixin.py:188} INFO - [2025-08-19T03:18:13.779+0000] {dagbag.py:545} INFO - Filling up the DagBag from /home/airflow/.local/lib/python3.12/site-packages/airflow/example_dags/example_skip_dag.py
[2025-08-19T03:18:13.788+0000] {processor.py:840} INFO - DAG(s) 'example_skip_dag' retrieved from /home/airflow/.local/lib/python3.12/site-packages/airflow/example_dags/example_skip_dag.py
[2025-08-19T03:18:13.811+0000] {logging_mixin.py:188} INFO - [2025-08-19T03:18:13.811+0000] {dag.py:3096} INFO - Sync 1 DAGs
[2025-08-19T03:18:13.834+0000] {logging_mixin.py:188} INFO - [2025-08-19T03:18:13.833+0000] {dag.py:3954} INFO - Setting next_dagrun for example_skip_dag to 2025-08-18 00:00:00+00:00, run_after=2025-08-19 00:00:00+00:00
[2025-08-19T03:18:13.857+0000] {processor.py:183} INFO - Processing /home/airflow/.local/lib/python3.12/site-packages/airflow/example_dags/example_skip_dag.py took 0.088 seconds
[2025-08-19T03:18:44.131+0000] {processor.py:161} INFO - Started process (PID=23143) to work on /home/airflow/.local/lib/python3.12/site-packages/airflow/example_dags/example_skip_dag.py
[2025-08-19T03:18:44.132+0000] {processor.py:830} INFO - Processing file /home/airflow/.local/lib/python3.12/site-packages/airflow/example_dags/example_skip_dag.py for tasks to queue
[2025-08-19T03:18:44.136+0000] {logging_mixin.py:188} INFO - [2025-08-19T03:18:44.135+0000] {dagbag.py:545} INFO - Filling up the DagBag from /home/airflow/.local/lib/python3.12/site-packages/airflow/example_dags/example_skip_dag.py
[2025-08-19T03:18:44.148+0000] {processor.py:840} INFO - DAG(s) 'example_skip_dag' retrieved from /home/airflow/.local/lib/python3.12/site-packages/airflow/example_dags/example_skip_dag.py
[2025-08-19T03:18:44.177+0000] {logging_mixin.py:188} INFO - [2025-08-19T03:18:44.177+0000] {dag.py:3096} INFO - Sync 1 DAGs
[2025-08-19T03:18:44.199+0000] {logging_mixin.py:188} INFO - [2025-08-19T03:18:44.199+0000] {dag.py:3954} INFO - Setting next_dagrun for example_skip_dag to 2025-08-18 00:00:00+00:00, run_after=2025-08-19 00:00:00+00:00
[2025-08-19T03:18:44.230+0000] {processor.py:183} INFO - Processing /home/airflow/.local/lib/python3.12/site-packages/airflow/example_dags/example_skip_dag.py took 0.110 seconds
[2025-08-19T03:19:14.302+0000] {processor.py:161} INFO - Started process (PID=23196) to work on /home/airflow/.local/lib/python3.12/site-packages/airflow/example_dags/example_skip_dag.py
[2025-08-19T03:19:14.304+0000] {processor.py:830} INFO - Processing file /home/airflow/.local/lib/python3.12/site-packages/airflow/example_dags/example_skip_dag.py for tasks to queue
[2025-08-19T03:19:14.305+0000] {logging_mixin.py:188} INFO - [2025-08-19T03:19:14.305+0000] {dagbag.py:545} INFO - Filling up the DagBag from /home/airflow/.local/lib/python3.12/site-packages/airflow/example_dags/example_skip_dag.py
[2025-08-19T03:19:14.313+0000] {processor.py:840} INFO - DAG(s) 'example_skip_dag' retrieved from /home/airflow/.local/lib/python3.12/site-packages/airflow/example_dags/example_skip_dag.py
[2025-08-19T03:19:14.340+0000] {logging_mixin.py:188} INFO - [2025-08-19T03:19:14.339+0000] {dag.py:3096} INFO - Sync 1 DAGs
[2025-08-19T03:19:14.365+0000] {logging_mixin.py:188} INFO - [2025-08-19T03:19:14.365+0000] {dag.py:3954} INFO - Setting next_dagrun for example_skip_dag to 2025-08-18 00:00:00+00:00, run_after=2025-08-19 00:00:00+00:00
[2025-08-19T03:19:14.388+0000] {processor.py:183} INFO - Processing /home/airflow/.local/lib/python3.12/site-packages/airflow/example_dags/example_skip_dag.py took 0.093 seconds
[2025-08-19T03:19:44.987+0000] {processor.py:161} INFO - Started process (PID=23249) to work on /home/airflow/.local/lib/python3.12/site-packages/airflow/example_dags/example_skip_dag.py
[2025-08-19T03:19:44.988+0000] {processor.py:830} INFO - Processing file /home/airflow/.local/lib/python3.12/site-packages/airflow/example_dags/example_skip_dag.py for tasks to queue
[2025-08-19T03:19:44.990+0000] {logging_mixin.py:188} INFO - [2025-08-19T03:19:44.989+0000] {dagbag.py:545} INFO - Filling up the DagBag from /home/airflow/.local/lib/python3.12/site-packages/airflow/example_dags/example_skip_dag.py
[2025-08-19T03:19:44.998+0000] {processor.py:840} INFO - DAG(s) 'example_skip_dag' retrieved from /home/airflow/.local/lib/python3.12/site-packages/airflow/example_dags/example_skip_dag.py
[2025-08-19T03:19:45.021+0000] {logging_mixin.py:188} INFO - [2025-08-19T03:19:45.021+0000] {dag.py:3096} INFO - Sync 1 DAGs
[2025-08-19T03:19:45.045+0000] {logging_mixin.py:188} INFO - [2025-08-19T03:19:45.045+0000] {dag.py:3954} INFO - Setting next_dagrun for example_skip_dag to 2025-08-18 00:00:00+00:00, run_after=2025-08-19 00:00:00+00:00
[2025-08-19T03:19:45.074+0000] {processor.py:183} INFO - Processing /home/airflow/.local/lib/python3.12/site-packages/airflow/example_dags/example_skip_dag.py took 0.094 seconds
[2025-08-19T03:20:15.458+0000] {processor.py:161} INFO - Started process (PID=23302) to work on /home/airflow/.local/lib/python3.12/site-packages/airflow/example_dags/example_skip_dag.py
[2025-08-19T03:20:15.459+0000] {processor.py:830} INFO - Processing file /home/airflow/.local/lib/python3.12/site-packages/airflow/example_dags/example_skip_dag.py for tasks to queue
[2025-08-19T03:20:15.461+0000] {logging_mixin.py:188} INFO - [2025-08-19T03:20:15.460+0000] {dagbag.py:545} INFO - Filling up the DagBag from /home/airflow/.local/lib/python3.12/site-packages/airflow/example_dags/example_skip_dag.py
[2025-08-19T03:20:15.469+0000] {processor.py:840} INFO - DAG(s) 'example_skip_dag' retrieved from /home/airflow/.local/lib/python3.12/site-packages/airflow/example_dags/example_skip_dag.py
[2025-08-19T03:20:15.492+0000] {logging_mixin.py:188} INFO - [2025-08-19T03:20:15.492+0000] {dag.py:3096} INFO - Sync 1 DAGs
[2025-08-19T03:20:15.517+0000] {logging_mixin.py:188} INFO - [2025-08-19T03:20:15.517+0000] {dag.py:3954} INFO - Setting next_dagrun for example_skip_dag to 2025-08-18 00:00:00+00:00, run_after=2025-08-19 00:00:00+00:00
[2025-08-19T03:20:15.544+0000] {processor.py:183} INFO - Processing /home/airflow/.local/lib/python3.12/site-packages/airflow/example_dags/example_skip_dag.py took 0.092 seconds
[2025-08-19T03:20:45.667+0000] {processor.py:161} INFO - Started process (PID=23355) to work on /home/airflow/.local/lib/python3.12/site-packages/airflow/example_dags/example_skip_dag.py
[2025-08-19T03:20:45.669+0000] {processor.py:830} INFO - Processing file /home/airflow/.local/lib/python3.12/site-packages/airflow/example_dags/example_skip_dag.py for tasks to queue
[2025-08-19T03:20:45.670+0000] {logging_mixin.py:188} INFO - [2025-08-19T03:20:45.670+0000] {dagbag.py:545} INFO - Filling up the DagBag from /home/airflow/.local/lib/python3.12/site-packages/airflow/example_dags/example_skip_dag.py
[2025-08-19T03:20:45.678+0000] {processor.py:840} INFO - DAG(s) 'example_skip_dag' retrieved from /home/airflow/.local/lib/python3.12/site-packages/airflow/example_dags/example_skip_dag.py
[2025-08-19T03:20:45.707+0000] {logging_mixin.py:188} INFO - [2025-08-19T03:20:45.707+0000] {dag.py:3096} INFO - Sync 1 DAGs
[2025-08-19T03:20:45.731+0000] {logging_mixin.py:188} INFO - [2025-08-19T03:20:45.731+0000] {dag.py:3954} INFO - Setting next_dagrun for example_skip_dag to 2025-08-18 00:00:00+00:00, run_after=2025-08-19 00:00:00+00:00
[2025-08-19T03:20:45.756+0000] {processor.py:183} INFO - Processing /home/airflow/.local/lib/python3.12/site-packages/airflow/example_dags/example_skip_dag.py took 0.098 seconds
[2025-08-19T03:21:15.871+0000] {processor.py:161} INFO - Started process (PID=23408) to work on /home/airflow/.local/lib/python3.12/site-packages/airflow/example_dags/example_skip_dag.py
[2025-08-19T03:21:15.872+0000] {processor.py:830} INFO - Processing file /home/airflow/.local/lib/python3.12/site-packages/airflow/example_dags/example_skip_dag.py for tasks to queue
[2025-08-19T03:21:15.873+0000] {logging_mixin.py:188} INFO - [2025-08-19T03:21:15.873+0000] {dagbag.py:545} INFO - Filling up the DagBag from /home/airflow/.local/lib/python3.12/site-packages/airflow/example_dags/example_skip_dag.py
[2025-08-19T03:21:15.881+0000] {processor.py:840} INFO - DAG(s) 'example_skip_dag' retrieved from /home/airflow/.local/lib/python3.12/site-packages/airflow/example_dags/example_skip_dag.py
[2025-08-19T03:21:15.903+0000] {logging_mixin.py:188} INFO - [2025-08-19T03:21:15.903+0000] {dag.py:3096} INFO - Sync 1 DAGs
[2025-08-19T03:21:15.927+0000] {logging_mixin.py:188} INFO - [2025-08-19T03:21:15.927+0000] {dag.py:3954} INFO - Setting next_dagrun for example_skip_dag to 2025-08-18 00:00:00+00:00, run_after=2025-08-19 00:00:00+00:00
[2025-08-19T03:21:15.948+0000] {processor.py:183} INFO - Processing /home/airflow/.local/lib/python3.12/site-packages/airflow/example_dags/example_skip_dag.py took 0.084 seconds
[2025-08-19T03:21:46.560+0000] {processor.py:161} INFO - Started process (PID=23461) to work on /home/airflow/.local/lib/python3.12/site-packages/airflow/example_dags/example_skip_dag.py
[2025-08-19T03:21:46.562+0000] {processor.py:830} INFO - Processing file /home/airflow/.local/lib/python3.12/site-packages/airflow/example_dags/example_skip_dag.py for tasks to queue
[2025-08-19T03:21:46.563+0000] {logging_mixin.py:188} INFO - [2025-08-19T03:21:46.563+0000] {dagbag.py:545} INFO - Filling up the DagBag from /home/airflow/.local/lib/python3.12/site-packages/airflow/example_dags/example_skip_dag.py
[2025-08-19T03:21:46.571+0000] {processor.py:840} INFO - DAG(s) 'example_skip_dag' retrieved from /home/airflow/.local/lib/python3.12/site-packages/airflow/example_dags/example_skip_dag.py
[2025-08-19T03:21:46.595+0000] {logging_mixin.py:188} INFO - [2025-08-19T03:21:46.595+0000] {dag.py:3096} INFO - Sync 1 DAGs
[2025-08-19T03:21:46.636+0000] {logging_mixin.py:188} INFO - [2025-08-19T03:21:46.635+0000] {dag.py:3954} INFO - Setting next_dagrun for example_skip_dag to 2025-08-18 00:00:00+00:00, run_after=2025-08-19 00:00:00+00:00
[2025-08-19T03:21:46.669+0000] {processor.py:183} INFO - Processing /home/airflow/.local/lib/python3.12/site-packages/airflow/example_dags/example_skip_dag.py took 0.117 seconds
[2025-08-19T03:22:17.182+0000] {processor.py:161} INFO - Started process (PID=23514) to work on /home/airflow/.local/lib/python3.12/site-packages/airflow/example_dags/example_skip_dag.py
[2025-08-19T03:22:17.183+0000] {processor.py:830} INFO - Processing file /home/airflow/.local/lib/python3.12/site-packages/airflow/example_dags/example_skip_dag.py for tasks to queue
[2025-08-19T03:22:17.184+0000] {logging_mixin.py:188} INFO - [2025-08-19T03:22:17.184+0000] {dagbag.py:545} INFO - Filling up the DagBag from /home/airflow/.local/lib/python3.12/site-packages/airflow/example_dags/example_skip_dag.py
[2025-08-19T03:22:17.191+0000] {processor.py:840} INFO - DAG(s) 'example_skip_dag' retrieved from /home/airflow/.local/lib/python3.12/site-packages/airflow/example_dags/example_skip_dag.py
[2025-08-19T03:22:17.218+0000] {logging_mixin.py:188} INFO - [2025-08-19T03:22:17.217+0000] {dag.py:3096} INFO - Sync 1 DAGs
[2025-08-19T03:22:17.243+0000] {logging_mixin.py:188} INFO - [2025-08-19T03:22:17.242+0000] {dag.py:3954} INFO - Setting next_dagrun for example_skip_dag to 2025-08-18 00:00:00+00:00, run_after=2025-08-19 00:00:00+00:00
[2025-08-19T03:22:17.265+0000] {processor.py:183} INFO - Processing /home/airflow/.local/lib/python3.12/site-packages/airflow/example_dags/example_skip_dag.py took 0.089 seconds
[2025-08-19T03:22:47.660+0000] {processor.py:161} INFO - Started process (PID=23567) to work on /home/airflow/.local/lib/python3.12/site-packages/airflow/example_dags/example_skip_dag.py
[2025-08-19T03:22:47.661+0000] {processor.py:830} INFO - Processing file /home/airflow/.local/lib/python3.12/site-packages/airflow/example_dags/example_skip_dag.py for tasks to queue
[2025-08-19T03:22:47.663+0000] {logging_mixin.py:188} INFO - [2025-08-19T03:22:47.662+0000] {dagbag.py:545} INFO - Filling up the DagBag from /home/airflow/.local/lib/python3.12/site-packages/airflow/example_dags/example_skip_dag.py
[2025-08-19T03:22:47.670+0000] {processor.py:840} INFO - DAG(s) 'example_skip_dag' retrieved from /home/airflow/.local/lib/python3.12/site-packages/airflow/example_dags/example_skip_dag.py
[2025-08-19T03:22:47.693+0000] {logging_mixin.py:188} INFO - [2025-08-19T03:22:47.693+0000] {dag.py:3096} INFO - Sync 1 DAGs
[2025-08-19T03:22:47.714+0000] {logging_mixin.py:188} INFO - [2025-08-19T03:22:47.713+0000] {dag.py:3954} INFO - Setting next_dagrun for example_skip_dag to 2025-08-18 00:00:00+00:00, run_after=2025-08-19 00:00:00+00:00
[2025-08-19T03:22:47.737+0000] {processor.py:183} INFO - Processing /home/airflow/.local/lib/python3.12/site-packages/airflow/example_dags/example_skip_dag.py took 0.084 seconds
[2025-08-19T03:23:18.071+0000] {processor.py:161} INFO - Started process (PID=23620) to work on /home/airflow/.local/lib/python3.12/site-packages/airflow/example_dags/example_skip_dag.py
[2025-08-19T03:23:18.073+0000] {processor.py:830} INFO - Processing file /home/airflow/.local/lib/python3.12/site-packages/airflow/example_dags/example_skip_dag.py for tasks to queue
[2025-08-19T03:23:18.074+0000] {logging_mixin.py:188} INFO - [2025-08-19T03:23:18.073+0000] {dagbag.py:545} INFO - Filling up the DagBag from /home/airflow/.local/lib/python3.12/site-packages/airflow/example_dags/example_skip_dag.py
[2025-08-19T03:23:18.081+0000] {processor.py:840} INFO - DAG(s) 'example_skip_dag' retrieved from /home/airflow/.local/lib/python3.12/site-packages/airflow/example_dags/example_skip_dag.py
[2025-08-19T03:23:18.103+0000] {logging_mixin.py:188} INFO - [2025-08-19T03:23:18.103+0000] {dag.py:3096} INFO - Sync 1 DAGs
[2025-08-19T03:23:18.125+0000] {logging_mixin.py:188} INFO - [2025-08-19T03:23:18.125+0000] {dag.py:3954} INFO - Setting next_dagrun for example_skip_dag to 2025-08-18 00:00:00+00:00, run_after=2025-08-19 00:00:00+00:00
[2025-08-19T03:23:18.146+0000] {processor.py:183} INFO - Processing /home/airflow/.local/lib/python3.12/site-packages/airflow/example_dags/example_skip_dag.py took 0.081 seconds
[2025-08-19T03:23:48.515+0000] {processor.py:161} INFO - Started process (PID=23673) to work on /home/airflow/.local/lib/python3.12/site-packages/airflow/example_dags/example_skip_dag.py
[2025-08-19T03:23:48.517+0000] {processor.py:830} INFO - Processing file /home/airflow/.local/lib/python3.12/site-packages/airflow/example_dags/example_skip_dag.py for tasks to queue
[2025-08-19T03:23:48.518+0000] {logging_mixin.py:188} INFO - [2025-08-19T03:23:48.518+0000] {dagbag.py:545} INFO - Filling up the DagBag from /home/airflow/.local/lib/python3.12/site-packages/airflow/example_dags/example_skip_dag.py
[2025-08-19T03:23:48.526+0000] {processor.py:840} INFO - DAG(s) 'example_skip_dag' retrieved from /home/airflow/.local/lib/python3.12/site-packages/airflow/example_dags/example_skip_dag.py
[2025-08-19T03:23:48.549+0000] {logging_mixin.py:188} INFO - [2025-08-19T03:23:48.549+0000] {dag.py:3096} INFO - Sync 1 DAGs
[2025-08-19T03:23:48.572+0000] {logging_mixin.py:188} INFO - [2025-08-19T03:23:48.572+0000] {dag.py:3954} INFO - Setting next_dagrun for example_skip_dag to 2025-08-18 00:00:00+00:00, run_after=2025-08-19 00:00:00+00:00
[2025-08-19T03:23:48.599+0000] {processor.py:183} INFO - Processing /home/airflow/.local/lib/python3.12/site-packages/airflow/example_dags/example_skip_dag.py took 0.090 seconds
[2025-08-19T03:24:19.191+0000] {processor.py:161} INFO - Started process (PID=23726) to work on /home/airflow/.local/lib/python3.12/site-packages/airflow/example_dags/example_skip_dag.py
[2025-08-19T03:24:19.193+0000] {processor.py:830} INFO - Processing file /home/airflow/.local/lib/python3.12/site-packages/airflow/example_dags/example_skip_dag.py for tasks to queue
[2025-08-19T03:24:19.194+0000] {logging_mixin.py:188} INFO - [2025-08-19T03:24:19.194+0000] {dagbag.py:545} INFO - Filling up the DagBag from /home/airflow/.local/lib/python3.12/site-packages/airflow/example_dags/example_skip_dag.py
[2025-08-19T03:24:19.202+0000] {processor.py:840} INFO - DAG(s) 'example_skip_dag' retrieved from /home/airflow/.local/lib/python3.12/site-packages/airflow/example_dags/example_skip_dag.py
[2025-08-19T03:24:19.225+0000] {logging_mixin.py:188} INFO - [2025-08-19T03:24:19.225+0000] {dag.py:3096} INFO - Sync 1 DAGs
[2025-08-19T03:24:19.248+0000] {logging_mixin.py:188} INFO - [2025-08-19T03:24:19.247+0000] {dag.py:3954} INFO - Setting next_dagrun for example_skip_dag to 2025-08-18 00:00:00+00:00, run_after=2025-08-19 00:00:00+00:00
[2025-08-19T03:24:19.271+0000] {processor.py:183} INFO - Processing /home/airflow/.local/lib/python3.12/site-packages/airflow/example_dags/example_skip_dag.py took 0.086 seconds
[2025-08-19T03:24:49.729+0000] {processor.py:161} INFO - Started process (PID=23779) to work on /home/airflow/.local/lib/python3.12/site-packages/airflow/example_dags/example_skip_dag.py
[2025-08-19T03:24:49.731+0000] {processor.py:830} INFO - Processing file /home/airflow/.local/lib/python3.12/site-packages/airflow/example_dags/example_skip_dag.py for tasks to queue
[2025-08-19T03:24:49.732+0000] {logging_mixin.py:188} INFO - [2025-08-19T03:24:49.732+0000] {dagbag.py:545} INFO - Filling up the DagBag from /home/airflow/.local/lib/python3.12/site-packages/airflow/example_dags/example_skip_dag.py
[2025-08-19T03:24:49.741+0000] {processor.py:840} INFO - DAG(s) 'example_skip_dag' retrieved from /home/airflow/.local/lib/python3.12/site-packages/airflow/example_dags/example_skip_dag.py
[2025-08-19T03:24:49.771+0000] {logging_mixin.py:188} INFO - [2025-08-19T03:24:49.771+0000] {dag.py:3096} INFO - Sync 1 DAGs
[2025-08-19T03:24:49.795+0000] {logging_mixin.py:188} INFO - [2025-08-19T03:24:49.795+0000] {dag.py:3954} INFO - Setting next_dagrun for example_skip_dag to 2025-08-18 00:00:00+00:00, run_after=2025-08-19 00:00:00+00:00
[2025-08-19T03:24:49.818+0000] {processor.py:183} INFO - Processing /home/airflow/.local/lib/python3.12/site-packages/airflow/example_dags/example_skip_dag.py took 0.095 seconds
[2025-08-19T03:25:20.381+0000] {processor.py:161} INFO - Started process (PID=23832) to work on /home/airflow/.local/lib/python3.12/site-packages/airflow/example_dags/example_skip_dag.py
[2025-08-19T03:25:20.383+0000] {processor.py:830} INFO - Processing file /home/airflow/.local/lib/python3.12/site-packages/airflow/example_dags/example_skip_dag.py for tasks to queue
[2025-08-19T03:25:20.385+0000] {logging_mixin.py:188} INFO - [2025-08-19T03:25:20.384+0000] {dagbag.py:545} INFO - Filling up the DagBag from /home/airflow/.local/lib/python3.12/site-packages/airflow/example_dags/example_skip_dag.py
[2025-08-19T03:25:20.393+0000] {processor.py:840} INFO - DAG(s) 'example_skip_dag' retrieved from /home/airflow/.local/lib/python3.12/site-packages/airflow/example_dags/example_skip_dag.py
[2025-08-19T03:25:20.421+0000] {logging_mixin.py:188} INFO - [2025-08-19T03:25:20.420+0000] {dag.py:3096} INFO - Sync 1 DAGs
[2025-08-19T03:25:20.445+0000] {logging_mixin.py:188} INFO - [2025-08-19T03:25:20.445+0000] {dag.py:3954} INFO - Setting next_dagrun for example_skip_dag to 2025-08-18 00:00:00+00:00, run_after=2025-08-19 00:00:00+00:00
[2025-08-19T03:25:20.472+0000] {processor.py:183} INFO - Processing /home/airflow/.local/lib/python3.12/site-packages/airflow/example_dags/example_skip_dag.py took 0.099 seconds
[2025-08-19T03:25:50.870+0000] {processor.py:161} INFO - Started process (PID=23885) to work on /home/airflow/.local/lib/python3.12/site-packages/airflow/example_dags/example_skip_dag.py
[2025-08-19T03:25:50.872+0000] {processor.py:830} INFO - Processing file /home/airflow/.local/lib/python3.12/site-packages/airflow/example_dags/example_skip_dag.py for tasks to queue
[2025-08-19T03:25:50.874+0000] {logging_mixin.py:188} INFO - [2025-08-19T03:25:50.874+0000] {dagbag.py:545} INFO - Filling up the DagBag from /home/airflow/.local/lib/python3.12/site-packages/airflow/example_dags/example_skip_dag.py
[2025-08-19T03:25:50.883+0000] {processor.py:840} INFO - DAG(s) 'example_skip_dag' retrieved from /home/airflow/.local/lib/python3.12/site-packages/airflow/example_dags/example_skip_dag.py
[2025-08-19T03:25:50.905+0000] {logging_mixin.py:188} INFO - [2025-08-19T03:25:50.905+0000] {dag.py:3096} INFO - Sync 1 DAGs
[2025-08-19T03:25:50.928+0000] {logging_mixin.py:188} INFO - [2025-08-19T03:25:50.927+0000] {dag.py:3954} INFO - Setting next_dagrun for example_skip_dag to 2025-08-18 00:00:00+00:00, run_after=2025-08-19 00:00:00+00:00
[2025-08-19T03:25:50.949+0000] {processor.py:183} INFO - Processing /home/airflow/.local/lib/python3.12/site-packages/airflow/example_dags/example_skip_dag.py took 0.086 seconds
[2025-08-19T03:26:21.103+0000] {processor.py:161} INFO - Started process (PID=23938) to work on /home/airflow/.local/lib/python3.12/site-packages/airflow/example_dags/example_skip_dag.py
[2025-08-19T03:26:21.104+0000] {processor.py:830} INFO - Processing file /home/airflow/.local/lib/python3.12/site-packages/airflow/example_dags/example_skip_dag.py for tasks to queue
[2025-08-19T03:26:21.106+0000] {logging_mixin.py:188} INFO - [2025-08-19T03:26:21.105+0000] {dagbag.py:545} INFO - Filling up the DagBag from /home/airflow/.local/lib/python3.12/site-packages/airflow/example_dags/example_skip_dag.py
[2025-08-19T03:26:21.117+0000] {processor.py:840} INFO - DAG(s) 'example_skip_dag' retrieved from /home/airflow/.local/lib/python3.12/site-packages/airflow/example_dags/example_skip_dag.py
[2025-08-19T03:26:21.139+0000] {logging_mixin.py:188} INFO - [2025-08-19T03:26:21.139+0000] {dag.py:3096} INFO - Sync 1 DAGs
[2025-08-19T03:26:21.162+0000] {logging_mixin.py:188} INFO - [2025-08-19T03:26:21.162+0000] {dag.py:3954} INFO - Setting next_dagrun for example_skip_dag to 2025-08-18 00:00:00+00:00, run_after=2025-08-19 00:00:00+00:00
[2025-08-19T03:26:21.183+0000] {processor.py:183} INFO - Processing /home/airflow/.local/lib/python3.12/site-packages/airflow/example_dags/example_skip_dag.py took 0.088 seconds
[2025-08-19T03:26:51.727+0000] {processor.py:161} INFO - Started process (PID=23991) to work on /home/airflow/.local/lib/python3.12/site-packages/airflow/example_dags/example_skip_dag.py
[2025-08-19T03:26:51.728+0000] {processor.py:830} INFO - Processing file /home/airflow/.local/lib/python3.12/site-packages/airflow/example_dags/example_skip_dag.py for tasks to queue
[2025-08-19T03:26:51.729+0000] {logging_mixin.py:188} INFO - [2025-08-19T03:26:51.729+0000] {dagbag.py:545} INFO - Filling up the DagBag from /home/airflow/.local/lib/python3.12/site-packages/airflow/example_dags/example_skip_dag.py
[2025-08-19T03:26:51.737+0000] {processor.py:840} INFO - DAG(s) 'example_skip_dag' retrieved from /home/airflow/.local/lib/python3.12/site-packages/airflow/example_dags/example_skip_dag.py
[2025-08-19T03:26:51.759+0000] {logging_mixin.py:188} INFO - [2025-08-19T03:26:51.759+0000] {dag.py:3096} INFO - Sync 1 DAGs
[2025-08-19T03:26:51.781+0000] {logging_mixin.py:188} INFO - [2025-08-19T03:26:51.781+0000] {dag.py:3954} INFO - Setting next_dagrun for example_skip_dag to 2025-08-18 00:00:00+00:00, run_after=2025-08-19 00:00:00+00:00
[2025-08-19T03:26:51.802+0000] {processor.py:183} INFO - Processing /home/airflow/.local/lib/python3.12/site-packages/airflow/example_dags/example_skip_dag.py took 0.082 seconds
[2025-08-19T03:27:22.178+0000] {processor.py:161} INFO - Started process (PID=24044) to work on /home/airflow/.local/lib/python3.12/site-packages/airflow/example_dags/example_skip_dag.py
[2025-08-19T03:27:22.179+0000] {processor.py:830} INFO - Processing file /home/airflow/.local/lib/python3.12/site-packages/airflow/example_dags/example_skip_dag.py for tasks to queue
[2025-08-19T03:27:22.181+0000] {logging_mixin.py:188} INFO - [2025-08-19T03:27:22.181+0000] {dagbag.py:545} INFO - Filling up the DagBag from /home/airflow/.local/lib/python3.12/site-packages/airflow/example_dags/example_skip_dag.py
[2025-08-19T03:27:22.188+0000] {processor.py:840} INFO - DAG(s) 'example_skip_dag' retrieved from /home/airflow/.local/lib/python3.12/site-packages/airflow/example_dags/example_skip_dag.py
[2025-08-19T03:27:22.211+0000] {logging_mixin.py:188} INFO - [2025-08-19T03:27:22.210+0000] {dag.py:3096} INFO - Sync 1 DAGs
[2025-08-19T03:27:22.233+0000] {logging_mixin.py:188} INFO - [2025-08-19T03:27:22.233+0000] {dag.py:3954} INFO - Setting next_dagrun for example_skip_dag to 2025-08-18 00:00:00+00:00, run_after=2025-08-19 00:00:00+00:00
[2025-08-19T03:27:22.256+0000] {processor.py:183} INFO - Processing /home/airflow/.local/lib/python3.12/site-packages/airflow/example_dags/example_skip_dag.py took 0.084 seconds
[2025-08-19T03:27:52.697+0000] {processor.py:161} INFO - Started process (PID=24097) to work on /home/airflow/.local/lib/python3.12/site-packages/airflow/example_dags/example_skip_dag.py
[2025-08-19T03:27:52.699+0000] {processor.py:830} INFO - Processing file /home/airflow/.local/lib/python3.12/site-packages/airflow/example_dags/example_skip_dag.py for tasks to queue
[2025-08-19T03:27:52.700+0000] {logging_mixin.py:188} INFO - [2025-08-19T03:27:52.700+0000] {dagbag.py:545} INFO - Filling up the DagBag from /home/airflow/.local/lib/python3.12/site-packages/airflow/example_dags/example_skip_dag.py
[2025-08-19T03:27:52.709+0000] {processor.py:840} INFO - DAG(s) 'example_skip_dag' retrieved from /home/airflow/.local/lib/python3.12/site-packages/airflow/example_dags/example_skip_dag.py
[2025-08-19T03:27:52.734+0000] {logging_mixin.py:188} INFO - [2025-08-19T03:27:52.734+0000] {dag.py:3096} INFO - Sync 1 DAGs
[2025-08-19T03:27:52.757+0000] {logging_mixin.py:188} INFO - [2025-08-19T03:27:52.757+0000] {dag.py:3954} INFO - Setting next_dagrun for example_skip_dag to 2025-08-18 00:00:00+00:00, run_after=2025-08-19 00:00:00+00:00
[2025-08-19T03:27:52.781+0000] {processor.py:183} INFO - Processing /home/airflow/.local/lib/python3.12/site-packages/airflow/example_dags/example_skip_dag.py took 0.091 seconds
[2025-08-19T03:28:23.113+0000] {processor.py:161} INFO - Started process (PID=24150) to work on /home/airflow/.local/lib/python3.12/site-packages/airflow/example_dags/example_skip_dag.py
[2025-08-19T03:28:23.115+0000] {processor.py:830} INFO - Processing file /home/airflow/.local/lib/python3.12/site-packages/airflow/example_dags/example_skip_dag.py for tasks to queue
[2025-08-19T03:28:23.116+0000] {logging_mixin.py:188} INFO - [2025-08-19T03:28:23.116+0000] {dagbag.py:545} INFO - Filling up the DagBag from /home/airflow/.local/lib/python3.12/site-packages/airflow/example_dags/example_skip_dag.py
[2025-08-19T03:28:23.124+0000] {processor.py:840} INFO - DAG(s) 'example_skip_dag' retrieved from /home/airflow/.local/lib/python3.12/site-packages/airflow/example_dags/example_skip_dag.py
[2025-08-19T03:28:23.145+0000] {logging_mixin.py:188} INFO - [2025-08-19T03:28:23.145+0000] {dag.py:3096} INFO - Sync 1 DAGs
[2025-08-19T03:28:23.166+0000] {logging_mixin.py:188} INFO - [2025-08-19T03:28:23.166+0000] {dag.py:3954} INFO - Setting next_dagrun for example_skip_dag to 2025-08-18 00:00:00+00:00, run_after=2025-08-19 00:00:00+00:00
[2025-08-19T03:28:23.187+0000] {processor.py:183} INFO - Processing /home/airflow/.local/lib/python3.12/site-packages/airflow/example_dags/example_skip_dag.py took 0.080 seconds
[2025-08-19T03:28:53.562+0000] {processor.py:161} INFO - Started process (PID=24203) to work on /home/airflow/.local/lib/python3.12/site-packages/airflow/example_dags/example_skip_dag.py
[2025-08-19T03:28:53.563+0000] {processor.py:830} INFO - Processing file /home/airflow/.local/lib/python3.12/site-packages/airflow/example_dags/example_skip_dag.py for tasks to queue
[2025-08-19T03:28:53.564+0000] {logging_mixin.py:188} INFO - [2025-08-19T03:28:53.564+0000] {dagbag.py:545} INFO - Filling up the DagBag from /home/airflow/.local/lib/python3.12/site-packages/airflow/example_dags/example_skip_dag.py
[2025-08-19T03:28:53.573+0000] {processor.py:840} INFO - DAG(s) 'example_skip_dag' retrieved from /home/airflow/.local/lib/python3.12/site-packages/airflow/example_dags/example_skip_dag.py
[2025-08-19T03:28:53.595+0000] {logging_mixin.py:188} INFO - [2025-08-19T03:28:53.594+0000] {dag.py:3096} INFO - Sync 1 DAGs
[2025-08-19T03:28:53.617+0000] {logging_mixin.py:188} INFO - [2025-08-19T03:28:53.617+0000] {dag.py:3954} INFO - Setting next_dagrun for example_skip_dag to 2025-08-18 00:00:00+00:00, run_after=2025-08-19 00:00:00+00:00
[2025-08-19T03:28:53.638+0000] {processor.py:183} INFO - Processing /home/airflow/.local/lib/python3.12/site-packages/airflow/example_dags/example_skip_dag.py took 0.083 seconds
[2025-08-19T03:29:23.933+0000] {processor.py:161} INFO - Started process (PID=24256) to work on /home/airflow/.local/lib/python3.12/site-packages/airflow/example_dags/example_skip_dag.py
[2025-08-19T03:29:23.934+0000] {processor.py:830} INFO - Processing file /home/airflow/.local/lib/python3.12/site-packages/airflow/example_dags/example_skip_dag.py for tasks to queue
[2025-08-19T03:29:23.935+0000] {logging_mixin.py:188} INFO - [2025-08-19T03:29:23.935+0000] {dagbag.py:545} INFO - Filling up the DagBag from /home/airflow/.local/lib/python3.12/site-packages/airflow/example_dags/example_skip_dag.py
[2025-08-19T03:29:23.944+0000] {processor.py:840} INFO - DAG(s) 'example_skip_dag' retrieved from /home/airflow/.local/lib/python3.12/site-packages/airflow/example_dags/example_skip_dag.py
[2025-08-19T03:29:23.965+0000] {logging_mixin.py:188} INFO - [2025-08-19T03:29:23.964+0000] {dag.py:3096} INFO - Sync 1 DAGs
[2025-08-19T03:29:23.985+0000] {logging_mixin.py:188} INFO - [2025-08-19T03:29:23.985+0000] {dag.py:3954} INFO - Setting next_dagrun for example_skip_dag to 2025-08-18 00:00:00+00:00, run_after=2025-08-19 00:00:00+00:00
[2025-08-19T03:29:24.010+0000] {processor.py:183} INFO - Processing /home/airflow/.local/lib/python3.12/site-packages/airflow/example_dags/example_skip_dag.py took 0.083 seconds
[2025-08-19T03:29:54.271+0000] {processor.py:161} INFO - Started process (PID=24309) to work on /home/airflow/.local/lib/python3.12/site-packages/airflow/example_dags/example_skip_dag.py
[2025-08-19T03:29:54.272+0000] {processor.py:830} INFO - Processing file /home/airflow/.local/lib/python3.12/site-packages/airflow/example_dags/example_skip_dag.py for tasks to queue
[2025-08-19T03:29:54.273+0000] {logging_mixin.py:188} INFO - [2025-08-19T03:29:54.273+0000] {dagbag.py:545} INFO - Filling up the DagBag from /home/airflow/.local/lib/python3.12/site-packages/airflow/example_dags/example_skip_dag.py
[2025-08-19T03:29:54.281+0000] {processor.py:840} INFO - DAG(s) 'example_skip_dag' retrieved from /home/airflow/.local/lib/python3.12/site-packages/airflow/example_dags/example_skip_dag.py
[2025-08-19T03:29:54.306+0000] {logging_mixin.py:188} INFO - [2025-08-19T03:29:54.305+0000] {dag.py:3096} INFO - Sync 1 DAGs
[2025-08-19T03:29:54.328+0000] {logging_mixin.py:188} INFO - [2025-08-19T03:29:54.328+0000] {dag.py:3954} INFO - Setting next_dagrun for example_skip_dag to 2025-08-18 00:00:00+00:00, run_after=2025-08-19 00:00:00+00:00
[2025-08-19T03:29:54.352+0000] {processor.py:183} INFO - Processing /home/airflow/.local/lib/python3.12/site-packages/airflow/example_dags/example_skip_dag.py took 0.087 seconds
[2025-08-19T03:30:24.802+0000] {processor.py:161} INFO - Started process (PID=24362) to work on /home/airflow/.local/lib/python3.12/site-packages/airflow/example_dags/example_skip_dag.py
[2025-08-19T03:30:24.804+0000] {processor.py:830} INFO - Processing file /home/airflow/.local/lib/python3.12/site-packages/airflow/example_dags/example_skip_dag.py for tasks to queue
[2025-08-19T03:30:24.805+0000] {logging_mixin.py:188} INFO - [2025-08-19T03:30:24.805+0000] {dagbag.py:545} INFO - Filling up the DagBag from /home/airflow/.local/lib/python3.12/site-packages/airflow/example_dags/example_skip_dag.py
[2025-08-19T03:30:24.814+0000] {processor.py:840} INFO - DAG(s) 'example_skip_dag' retrieved from /home/airflow/.local/lib/python3.12/site-packages/airflow/example_dags/example_skip_dag.py
[2025-08-19T03:30:24.836+0000] {logging_mixin.py:188} INFO - [2025-08-19T03:30:24.835+0000] {dag.py:3096} INFO - Sync 1 DAGs
[2025-08-19T03:30:24.857+0000] {logging_mixin.py:188} INFO - [2025-08-19T03:30:24.856+0000] {dag.py:3954} INFO - Setting next_dagrun for example_skip_dag to 2025-08-18 00:00:00+00:00, run_after=2025-08-19 00:00:00+00:00
[2025-08-19T03:30:24.879+0000] {processor.py:183} INFO - Processing /home/airflow/.local/lib/python3.12/site-packages/airflow/example_dags/example_skip_dag.py took 0.084 seconds
[2025-08-19T03:30:55.338+0000] {processor.py:161} INFO - Started process (PID=24415) to work on /home/airflow/.local/lib/python3.12/site-packages/airflow/example_dags/example_skip_dag.py
[2025-08-19T03:30:55.339+0000] {processor.py:830} INFO - Processing file /home/airflow/.local/lib/python3.12/site-packages/airflow/example_dags/example_skip_dag.py for tasks to queue
[2025-08-19T03:30:55.340+0000] {logging_mixin.py:188} INFO - [2025-08-19T03:30:55.340+0000] {dagbag.py:545} INFO - Filling up the DagBag from /home/airflow/.local/lib/python3.12/site-packages/airflow/example_dags/example_skip_dag.py
[2025-08-19T03:30:55.356+0000] {processor.py:840} INFO - DAG(s) 'example_skip_dag' retrieved from /home/airflow/.local/lib/python3.12/site-packages/airflow/example_dags/example_skip_dag.py
[2025-08-19T03:30:55.384+0000] {logging_mixin.py:188} INFO - [2025-08-19T03:30:55.384+0000] {dag.py:3096} INFO - Sync 1 DAGs
[2025-08-19T03:30:55.412+0000] {logging_mixin.py:188} INFO - [2025-08-19T03:30:55.411+0000] {dag.py:3954} INFO - Setting next_dagrun for example_skip_dag to 2025-08-18 00:00:00+00:00, run_after=2025-08-19 00:00:00+00:00
[2025-08-19T03:30:55.472+0000] {processor.py:183} INFO - Processing /home/airflow/.local/lib/python3.12/site-packages/airflow/example_dags/example_skip_dag.py took 0.141 seconds
[2025-08-19T03:31:26.504+0000] {processor.py:161} INFO - Started process (PID=24468) to work on /home/airflow/.local/lib/python3.12/site-packages/airflow/example_dags/example_skip_dag.py
[2025-08-19T03:31:26.506+0000] {processor.py:830} INFO - Processing file /home/airflow/.local/lib/python3.12/site-packages/airflow/example_dags/example_skip_dag.py for tasks to queue
[2025-08-19T03:31:26.507+0000] {logging_mixin.py:188} INFO - [2025-08-19T03:31:26.507+0000] {dagbag.py:545} INFO - Filling up the DagBag from /home/airflow/.local/lib/python3.12/site-packages/airflow/example_dags/example_skip_dag.py
[2025-08-19T03:31:26.516+0000] {processor.py:840} INFO - DAG(s) 'example_skip_dag' retrieved from /home/airflow/.local/lib/python3.12/site-packages/airflow/example_dags/example_skip_dag.py
[2025-08-19T03:31:26.540+0000] {logging_mixin.py:188} INFO - [2025-08-19T03:31:26.540+0000] {dag.py:3096} INFO - Sync 1 DAGs
[2025-08-19T03:31:26.563+0000] {logging_mixin.py:188} INFO - [2025-08-19T03:31:26.563+0000] {dag.py:3954} INFO - Setting next_dagrun for example_skip_dag to 2025-08-18 00:00:00+00:00, run_after=2025-08-19 00:00:00+00:00
[2025-08-19T03:31:26.599+0000] {processor.py:183} INFO - Processing /home/airflow/.local/lib/python3.12/site-packages/airflow/example_dags/example_skip_dag.py took 0.100 seconds
[2025-08-19T03:31:56.900+0000] {processor.py:161} INFO - Started process (PID=24521) to work on /home/airflow/.local/lib/python3.12/site-packages/airflow/example_dags/example_skip_dag.py
[2025-08-19T03:31:56.903+0000] {processor.py:830} INFO - Processing file /home/airflow/.local/lib/python3.12/site-packages/airflow/example_dags/example_skip_dag.py for tasks to queue
[2025-08-19T03:31:56.905+0000] {logging_mixin.py:188} INFO - [2025-08-19T03:31:56.904+0000] {dagbag.py:545} INFO - Filling up the DagBag from /home/airflow/.local/lib/python3.12/site-packages/airflow/example_dags/example_skip_dag.py
[2025-08-19T03:31:56.919+0000] {processor.py:840} INFO - DAG(s) 'example_skip_dag' retrieved from /home/airflow/.local/lib/python3.12/site-packages/airflow/example_dags/example_skip_dag.py
[2025-08-19T03:31:56.947+0000] {logging_mixin.py:188} INFO - [2025-08-19T03:31:56.947+0000] {dag.py:3096} INFO - Sync 1 DAGs
[2025-08-19T03:31:56.969+0000] {logging_mixin.py:188} INFO - [2025-08-19T03:31:56.969+0000] {dag.py:3954} INFO - Setting next_dagrun for example_skip_dag to 2025-08-18 00:00:00+00:00, run_after=2025-08-19 00:00:00+00:00
[2025-08-19T03:31:57.002+0000] {processor.py:183} INFO - Processing /home/airflow/.local/lib/python3.12/site-packages/airflow/example_dags/example_skip_dag.py took 0.113 seconds
[2025-08-19T03:32:27.338+0000] {processor.py:161} INFO - Started process (PID=24574) to work on /home/airflow/.local/lib/python3.12/site-packages/airflow/example_dags/example_skip_dag.py
[2025-08-19T03:32:27.340+0000] {processor.py:830} INFO - Processing file /home/airflow/.local/lib/python3.12/site-packages/airflow/example_dags/example_skip_dag.py for tasks to queue
[2025-08-19T03:32:27.341+0000] {logging_mixin.py:188} INFO - [2025-08-19T03:32:27.341+0000] {dagbag.py:545} INFO - Filling up the DagBag from /home/airflow/.local/lib/python3.12/site-packages/airflow/example_dags/example_skip_dag.py
[2025-08-19T03:32:27.350+0000] {processor.py:840} INFO - DAG(s) 'example_skip_dag' retrieved from /home/airflow/.local/lib/python3.12/site-packages/airflow/example_dags/example_skip_dag.py
[2025-08-19T03:32:27.376+0000] {logging_mixin.py:188} INFO - [2025-08-19T03:32:27.376+0000] {dag.py:3096} INFO - Sync 1 DAGs
[2025-08-19T03:32:27.402+0000] {logging_mixin.py:188} INFO - [2025-08-19T03:32:27.401+0000] {dag.py:3954} INFO - Setting next_dagrun for example_skip_dag to 2025-08-18 00:00:00+00:00, run_after=2025-08-19 00:00:00+00:00
[2025-08-19T03:32:27.427+0000] {processor.py:183} INFO - Processing /home/airflow/.local/lib/python3.12/site-packages/airflow/example_dags/example_skip_dag.py took 0.096 seconds
[2025-08-19T03:32:57.917+0000] {processor.py:161} INFO - Started process (PID=24627) to work on /home/airflow/.local/lib/python3.12/site-packages/airflow/example_dags/example_skip_dag.py
[2025-08-19T03:32:57.920+0000] {processor.py:830} INFO - Processing file /home/airflow/.local/lib/python3.12/site-packages/airflow/example_dags/example_skip_dag.py for tasks to queue
[2025-08-19T03:32:57.923+0000] {logging_mixin.py:188} INFO - [2025-08-19T03:32:57.922+0000] {dagbag.py:545} INFO - Filling up the DagBag from /home/airflow/.local/lib/python3.12/site-packages/airflow/example_dags/example_skip_dag.py
[2025-08-19T03:32:57.937+0000] {processor.py:840} INFO - DAG(s) 'example_skip_dag' retrieved from /home/airflow/.local/lib/python3.12/site-packages/airflow/example_dags/example_skip_dag.py
[2025-08-19T03:32:57.974+0000] {logging_mixin.py:188} INFO - [2025-08-19T03:32:57.974+0000] {dag.py:3096} INFO - Sync 1 DAGs
[2025-08-19T03:32:58.016+0000] {logging_mixin.py:188} INFO - [2025-08-19T03:32:58.016+0000] {dag.py:3954} INFO - Setting next_dagrun for example_skip_dag to 2025-08-18 00:00:00+00:00, run_after=2025-08-19 00:00:00+00:00
[2025-08-19T03:32:58.069+0000] {processor.py:183} INFO - Processing /home/airflow/.local/lib/python3.12/site-packages/airflow/example_dags/example_skip_dag.py took 0.164 seconds
[2025-08-19T03:33:28.820+0000] {processor.py:161} INFO - Started process (PID=24680) to work on /home/airflow/.local/lib/python3.12/site-packages/airflow/example_dags/example_skip_dag.py
[2025-08-19T03:33:28.825+0000] {processor.py:830} INFO - Processing file /home/airflow/.local/lib/python3.12/site-packages/airflow/example_dags/example_skip_dag.py for tasks to queue
[2025-08-19T03:33:28.835+0000] {logging_mixin.py:188} INFO - [2025-08-19T03:33:28.833+0000] {dagbag.py:545} INFO - Filling up the DagBag from /home/airflow/.local/lib/python3.12/site-packages/airflow/example_dags/example_skip_dag.py
[2025-08-19T03:33:28.918+0000] {processor.py:840} INFO - DAG(s) 'example_skip_dag' retrieved from /home/airflow/.local/lib/python3.12/site-packages/airflow/example_dags/example_skip_dag.py
[2025-08-19T03:33:29.158+0000] {logging_mixin.py:188} INFO - [2025-08-19T03:33:29.157+0000] {dag.py:3096} INFO - Sync 1 DAGs
[2025-08-19T03:33:29.372+0000] {logging_mixin.py:188} INFO - [2025-08-19T03:33:29.371+0000] {dag.py:3954} INFO - Setting next_dagrun for example_skip_dag to 2025-08-18 00:00:00+00:00, run_after=2025-08-19 00:00:00+00:00
[2025-08-19T03:33:29.562+0000] {processor.py:183} INFO - Processing /home/airflow/.local/lib/python3.12/site-packages/airflow/example_dags/example_skip_dag.py took 0.788 seconds
[2025-08-19T03:33:59.878+0000] {processor.py:161} INFO - Started process (PID=24731) to work on /home/airflow/.local/lib/python3.12/site-packages/airflow/example_dags/example_skip_dag.py
[2025-08-19T03:33:59.880+0000] {processor.py:830} INFO - Processing file /home/airflow/.local/lib/python3.12/site-packages/airflow/example_dags/example_skip_dag.py for tasks to queue
[2025-08-19T03:33:59.881+0000] {logging_mixin.py:188} INFO - [2025-08-19T03:33:59.881+0000] {dagbag.py:545} INFO - Filling up the DagBag from /home/airflow/.local/lib/python3.12/site-packages/airflow/example_dags/example_skip_dag.py
[2025-08-19T03:33:59.890+0000] {processor.py:840} INFO - DAG(s) 'example_skip_dag' retrieved from /home/airflow/.local/lib/python3.12/site-packages/airflow/example_dags/example_skip_dag.py
[2025-08-19T03:33:59.916+0000] {logging_mixin.py:188} INFO - [2025-08-19T03:33:59.916+0000] {dag.py:3096} INFO - Sync 1 DAGs
[2025-08-19T03:33:59.943+0000] {logging_mixin.py:188} INFO - [2025-08-19T03:33:59.943+0000] {dag.py:3954} INFO - Setting next_dagrun for example_skip_dag to 2025-08-18 00:00:00+00:00, run_after=2025-08-19 00:00:00+00:00
[2025-08-19T03:33:59.973+0000] {processor.py:183} INFO - Processing /home/airflow/.local/lib/python3.12/site-packages/airflow/example_dags/example_skip_dag.py took 0.103 seconds
[2025-08-19T03:34:30.172+0000] {processor.py:161} INFO - Started process (PID=24784) to work on /home/airflow/.local/lib/python3.12/site-packages/airflow/example_dags/example_skip_dag.py
[2025-08-19T03:34:30.174+0000] {processor.py:830} INFO - Processing file /home/airflow/.local/lib/python3.12/site-packages/airflow/example_dags/example_skip_dag.py for tasks to queue
[2025-08-19T03:34:30.176+0000] {logging_mixin.py:188} INFO - [2025-08-19T03:34:30.175+0000] {dagbag.py:545} INFO - Filling up the DagBag from /home/airflow/.local/lib/python3.12/site-packages/airflow/example_dags/example_skip_dag.py
[2025-08-19T03:34:30.187+0000] {processor.py:840} INFO - DAG(s) 'example_skip_dag' retrieved from /home/airflow/.local/lib/python3.12/site-packages/airflow/example_dags/example_skip_dag.py
[2025-08-19T03:34:30.217+0000] {logging_mixin.py:188} INFO - [2025-08-19T03:34:30.216+0000] {dag.py:3096} INFO - Sync 1 DAGs
[2025-08-19T03:34:30.244+0000] {logging_mixin.py:188} INFO - [2025-08-19T03:34:30.243+0000] {dag.py:3954} INFO - Setting next_dagrun for example_skip_dag to 2025-08-18 00:00:00+00:00, run_after=2025-08-19 00:00:00+00:00
[2025-08-19T03:34:30.286+0000] {processor.py:183} INFO - Processing /home/airflow/.local/lib/python3.12/site-packages/airflow/example_dags/example_skip_dag.py took 0.122 seconds
[2025-08-19T03:35:00.508+0000] {processor.py:161} INFO - Started process (PID=24837) to work on /home/airflow/.local/lib/python3.12/site-packages/airflow/example_dags/example_skip_dag.py
[2025-08-19T03:35:00.510+0000] {processor.py:830} INFO - Processing file /home/airflow/.local/lib/python3.12/site-packages/airflow/example_dags/example_skip_dag.py for tasks to queue
[2025-08-19T03:35:00.511+0000] {logging_mixin.py:188} INFO - [2025-08-19T03:35:00.511+0000] {dagbag.py:545} INFO - Filling up the DagBag from /home/airflow/.local/lib/python3.12/site-packages/airflow/example_dags/example_skip_dag.py
[2025-08-19T03:35:00.520+0000] {processor.py:840} INFO - DAG(s) 'example_skip_dag' retrieved from /home/airflow/.local/lib/python3.12/site-packages/airflow/example_dags/example_skip_dag.py
[2025-08-19T03:35:00.544+0000] {logging_mixin.py:188} INFO - [2025-08-19T03:35:00.543+0000] {dag.py:3096} INFO - Sync 1 DAGs
[2025-08-19T03:35:00.566+0000] {logging_mixin.py:188} INFO - [2025-08-19T03:35:00.566+0000] {dag.py:3954} INFO - Setting next_dagrun for example_skip_dag to 2025-08-18 00:00:00+00:00, run_after=2025-08-19 00:00:00+00:00
[2025-08-19T03:35:00.591+0000] {processor.py:183} INFO - Processing /home/airflow/.local/lib/python3.12/site-packages/airflow/example_dags/example_skip_dag.py took 0.090 seconds
[2025-08-19T03:35:30.800+0000] {processor.py:161} INFO - Started process (PID=24890) to work on /home/airflow/.local/lib/python3.12/site-packages/airflow/example_dags/example_skip_dag.py
[2025-08-19T03:35:30.802+0000] {processor.py:830} INFO - Processing file /home/airflow/.local/lib/python3.12/site-packages/airflow/example_dags/example_skip_dag.py for tasks to queue
[2025-08-19T03:35:30.803+0000] {logging_mixin.py:188} INFO - [2025-08-19T03:35:30.803+0000] {dagbag.py:545} INFO - Filling up the DagBag from /home/airflow/.local/lib/python3.12/site-packages/airflow/example_dags/example_skip_dag.py
[2025-08-19T03:35:30.811+0000] {processor.py:840} INFO - DAG(s) 'example_skip_dag' retrieved from /home/airflow/.local/lib/python3.12/site-packages/airflow/example_dags/example_skip_dag.py
[2025-08-19T03:35:30.839+0000] {logging_mixin.py:188} INFO - [2025-08-19T03:35:30.839+0000] {dag.py:3096} INFO - Sync 1 DAGs
[2025-08-19T03:35:30.863+0000] {logging_mixin.py:188} INFO - [2025-08-19T03:35:30.863+0000] {dag.py:3954} INFO - Setting next_dagrun for example_skip_dag to 2025-08-18 00:00:00+00:00, run_after=2025-08-19 00:00:00+00:00
[2025-08-19T03:35:30.889+0000] {processor.py:183} INFO - Processing /home/airflow/.local/lib/python3.12/site-packages/airflow/example_dags/example_skip_dag.py took 0.095 seconds
[2025-08-19T03:36:01.230+0000] {processor.py:161} INFO - Started process (PID=24943) to work on /home/airflow/.local/lib/python3.12/site-packages/airflow/example_dags/example_skip_dag.py
[2025-08-19T03:36:01.232+0000] {processor.py:830} INFO - Processing file /home/airflow/.local/lib/python3.12/site-packages/airflow/example_dags/example_skip_dag.py for tasks to queue
[2025-08-19T03:36:01.234+0000] {logging_mixin.py:188} INFO - [2025-08-19T03:36:01.233+0000] {dagbag.py:545} INFO - Filling up the DagBag from /home/airflow/.local/lib/python3.12/site-packages/airflow/example_dags/example_skip_dag.py
[2025-08-19T03:36:01.242+0000] {processor.py:840} INFO - DAG(s) 'example_skip_dag' retrieved from /home/airflow/.local/lib/python3.12/site-packages/airflow/example_dags/example_skip_dag.py
[2025-08-19T03:36:01.269+0000] {logging_mixin.py:188} INFO - [2025-08-19T03:36:01.268+0000] {dag.py:3096} INFO - Sync 1 DAGs
[2025-08-19T03:36:01.293+0000] {logging_mixin.py:188} INFO - [2025-08-19T03:36:01.293+0000] {dag.py:3954} INFO - Setting next_dagrun for example_skip_dag to 2025-08-18 00:00:00+00:00, run_after=2025-08-19 00:00:00+00:00
[2025-08-19T03:36:01.320+0000] {processor.py:183} INFO - Processing /home/airflow/.local/lib/python3.12/site-packages/airflow/example_dags/example_skip_dag.py took 0.097 seconds
[2025-08-19T03:36:31.985+0000] {processor.py:161} INFO - Started process (PID=24996) to work on /home/airflow/.local/lib/python3.12/site-packages/airflow/example_dags/example_skip_dag.py
[2025-08-19T03:36:31.987+0000] {processor.py:830} INFO - Processing file /home/airflow/.local/lib/python3.12/site-packages/airflow/example_dags/example_skip_dag.py for tasks to queue
[2025-08-19T03:36:31.990+0000] {logging_mixin.py:188} INFO - [2025-08-19T03:36:31.989+0000] {dagbag.py:545} INFO - Filling up the DagBag from /home/airflow/.local/lib/python3.12/site-packages/airflow/example_dags/example_skip_dag.py
[2025-08-19T03:36:32.000+0000] {processor.py:840} INFO - DAG(s) 'example_skip_dag' retrieved from /home/airflow/.local/lib/python3.12/site-packages/airflow/example_dags/example_skip_dag.py
[2025-08-19T03:36:32.033+0000] {logging_mixin.py:188} INFO - [2025-08-19T03:36:32.032+0000] {dag.py:3096} INFO - Sync 1 DAGs
[2025-08-19T03:36:32.059+0000] {logging_mixin.py:188} INFO - [2025-08-19T03:36:32.059+0000] {dag.py:3954} INFO - Setting next_dagrun for example_skip_dag to 2025-08-18 00:00:00+00:00, run_after=2025-08-19 00:00:00+00:00
[2025-08-19T03:36:32.085+0000] {processor.py:183} INFO - Processing /home/airflow/.local/lib/python3.12/site-packages/airflow/example_dags/example_skip_dag.py took 0.111 seconds
[2025-08-19T03:37:02.971+0000] {processor.py:161} INFO - Started process (PID=25049) to work on /home/airflow/.local/lib/python3.12/site-packages/airflow/example_dags/example_skip_dag.py
[2025-08-19T03:37:02.973+0000] {processor.py:830} INFO - Processing file /home/airflow/.local/lib/python3.12/site-packages/airflow/example_dags/example_skip_dag.py for tasks to queue
[2025-08-19T03:37:02.974+0000] {logging_mixin.py:188} INFO - [2025-08-19T03:37:02.973+0000] {dagbag.py:545} INFO - Filling up the DagBag from /home/airflow/.local/lib/python3.12/site-packages/airflow/example_dags/example_skip_dag.py
[2025-08-19T03:37:02.983+0000] {processor.py:840} INFO - DAG(s) 'example_skip_dag' retrieved from /home/airflow/.local/lib/python3.12/site-packages/airflow/example_dags/example_skip_dag.py
[2025-08-19T03:37:03.011+0000] {logging_mixin.py:188} INFO - [2025-08-19T03:37:03.010+0000] {dag.py:3096} INFO - Sync 1 DAGs
[2025-08-19T03:37:03.034+0000] {logging_mixin.py:188} INFO - [2025-08-19T03:37:03.033+0000] {dag.py:3954} INFO - Setting next_dagrun for example_skip_dag to 2025-08-18 00:00:00+00:00, run_after=2025-08-19 00:00:00+00:00
[2025-08-19T03:37:03.063+0000] {processor.py:183} INFO - Processing /home/airflow/.local/lib/python3.12/site-packages/airflow/example_dags/example_skip_dag.py took 0.099 seconds
