[2025-08-19T03:10:07.486+0000] {processor.py:161} INFO - Started process (PID=22266) to work on /home/airflow/.local/lib/python3.12/site-packages/airflow/example_dags/example_setup_teardown_taskflow.py
[2025-08-19T03:10:07.487+0000] {processor.py:830} INFO - Processing file /home/airflow/.local/lib/python3.12/site-packages/airflow/example_dags/example_setup_teardown_taskflow.py for tasks to queue
[2025-08-19T03:10:07.489+0000] {logging_mixin.py:188} INFO - [2025-08-19T03:10:07.489+0000] {dagbag.py:545} INFO - Filling up the DagBag from /home/airflow/.local/lib/python3.12/site-packages/airflow/example_dags/example_setup_teardown_taskflow.py
[2025-08-19T03:10:07.518+0000] {processor.py:840} INFO - DAG(s) 'example_setup_teardown_taskflow' retrieved from /home/airflow/.local/lib/python3.12/site-packages/airflow/example_dags/example_setup_teardown_taskflow.py
[2025-08-19T03:10:07.579+0000] {logging_mixin.py:188} INFO - [2025-08-19T03:10:07.578+0000] {dag.py:3096} INFO - Sync 1 DAGs
[2025-08-19T03:10:07.636+0000] {logging_mixin.py:188} INFO - [2025-08-19T03:10:07.635+0000] {dag.py:3954} INFO - Setting next_dagrun for example_setup_teardown_taskflow to 2025-08-18 00:00:00+00:00, run_after=2025-08-19 00:00:00+00:00
[2025-08-19T03:10:07.712+0000] {processor.py:183} INFO - Processing /home/airflow/.local/lib/python3.12/site-packages/airflow/example_dags/example_setup_teardown_taskflow.py took 0.234 seconds
[2025-08-19T03:10:38.464+0000] {processor.py:161} INFO - Started process (PID=22319) to work on /home/airflow/.local/lib/python3.12/site-packages/airflow/example_dags/example_setup_teardown_taskflow.py
[2025-08-19T03:10:38.465+0000] {processor.py:830} INFO - Processing file /home/airflow/.local/lib/python3.12/site-packages/airflow/example_dags/example_setup_teardown_taskflow.py for tasks to queue
[2025-08-19T03:10:38.466+0000] {logging_mixin.py:188} INFO - [2025-08-19T03:10:38.466+0000] {dagbag.py:545} INFO - Filling up the DagBag from /home/airflow/.local/lib/python3.12/site-packages/airflow/example_dags/example_setup_teardown_taskflow.py
[2025-08-19T03:10:38.477+0000] {processor.py:840} INFO - DAG(s) 'example_setup_teardown_taskflow' retrieved from /home/airflow/.local/lib/python3.12/site-packages/airflow/example_dags/example_setup_teardown_taskflow.py
[2025-08-19T03:10:38.498+0000] {logging_mixin.py:188} INFO - [2025-08-19T03:10:38.498+0000] {dag.py:3096} INFO - Sync 1 DAGs
[2025-08-19T03:10:38.521+0000] {logging_mixin.py:188} INFO - [2025-08-19T03:10:38.520+0000] {dag.py:3954} INFO - Setting next_dagrun for example_setup_teardown_taskflow to 2025-08-18 00:00:00+00:00, run_after=2025-08-19 00:00:00+00:00
[2025-08-19T03:10:38.549+0000] {processor.py:183} INFO - Processing /home/airflow/.local/lib/python3.12/site-packages/airflow/example_dags/example_setup_teardown_taskflow.py took 0.091 seconds
[2025-08-19T03:11:09.165+0000] {processor.py:161} INFO - Started process (PID=22372) to work on /home/airflow/.local/lib/python3.12/site-packages/airflow/example_dags/example_setup_teardown_taskflow.py
[2025-08-19T03:11:09.167+0000] {processor.py:830} INFO - Processing file /home/airflow/.local/lib/python3.12/site-packages/airflow/example_dags/example_setup_teardown_taskflow.py for tasks to queue
[2025-08-19T03:11:09.169+0000] {logging_mixin.py:188} INFO - [2025-08-19T03:11:09.168+0000] {dagbag.py:545} INFO - Filling up the DagBag from /home/airflow/.local/lib/python3.12/site-packages/airflow/example_dags/example_setup_teardown_taskflow.py
[2025-08-19T03:11:09.181+0000] {processor.py:840} INFO - DAG(s) 'example_setup_teardown_taskflow' retrieved from /home/airflow/.local/lib/python3.12/site-packages/airflow/example_dags/example_setup_teardown_taskflow.py
[2025-08-19T03:11:09.209+0000] {logging_mixin.py:188} INFO - [2025-08-19T03:11:09.208+0000] {dag.py:3096} INFO - Sync 1 DAGs
[2025-08-19T03:11:09.234+0000] {logging_mixin.py:188} INFO - [2025-08-19T03:11:09.233+0000] {dag.py:3954} INFO - Setting next_dagrun for example_setup_teardown_taskflow to 2025-08-18 00:00:00+00:00, run_after=2025-08-19 00:00:00+00:00
[2025-08-19T03:11:09.266+0000] {processor.py:183} INFO - Processing /home/airflow/.local/lib/python3.12/site-packages/airflow/example_dags/example_setup_teardown_taskflow.py took 0.108 seconds
[2025-08-19T03:11:40.144+0000] {processor.py:161} INFO - Started process (PID=22425) to work on /home/airflow/.local/lib/python3.12/site-packages/airflow/example_dags/example_setup_teardown_taskflow.py
[2025-08-19T03:11:40.145+0000] {processor.py:830} INFO - Processing file /home/airflow/.local/lib/python3.12/site-packages/airflow/example_dags/example_setup_teardown_taskflow.py for tasks to queue
[2025-08-19T03:11:40.146+0000] {logging_mixin.py:188} INFO - [2025-08-19T03:11:40.146+0000] {dagbag.py:545} INFO - Filling up the DagBag from /home/airflow/.local/lib/python3.12/site-packages/airflow/example_dags/example_setup_teardown_taskflow.py
[2025-08-19T03:11:40.157+0000] {processor.py:840} INFO - DAG(s) 'example_setup_teardown_taskflow' retrieved from /home/airflow/.local/lib/python3.12/site-packages/airflow/example_dags/example_setup_teardown_taskflow.py
[2025-08-19T03:11:40.179+0000] {logging_mixin.py:188} INFO - [2025-08-19T03:11:40.179+0000] {dag.py:3096} INFO - Sync 1 DAGs
[2025-08-19T03:11:40.201+0000] {logging_mixin.py:188} INFO - [2025-08-19T03:11:40.200+0000] {dag.py:3954} INFO - Setting next_dagrun for example_setup_teardown_taskflow to 2025-08-18 00:00:00+00:00, run_after=2025-08-19 00:00:00+00:00
[2025-08-19T03:11:40.225+0000] {processor.py:183} INFO - Processing /home/airflow/.local/lib/python3.12/site-packages/airflow/example_dags/example_setup_teardown_taskflow.py took 0.089 seconds
[2025-08-19T03:12:10.541+0000] {processor.py:161} INFO - Started process (PID=22478) to work on /home/airflow/.local/lib/python3.12/site-packages/airflow/example_dags/example_setup_teardown_taskflow.py
[2025-08-19T03:12:10.542+0000] {processor.py:830} INFO - Processing file /home/airflow/.local/lib/python3.12/site-packages/airflow/example_dags/example_setup_teardown_taskflow.py for tasks to queue
[2025-08-19T03:12:10.543+0000] {logging_mixin.py:188} INFO - [2025-08-19T03:12:10.543+0000] {dagbag.py:545} INFO - Filling up the DagBag from /home/airflow/.local/lib/python3.12/site-packages/airflow/example_dags/example_setup_teardown_taskflow.py
[2025-08-19T03:12:10.554+0000] {processor.py:840} INFO - DAG(s) 'example_setup_teardown_taskflow' retrieved from /home/airflow/.local/lib/python3.12/site-packages/airflow/example_dags/example_setup_teardown_taskflow.py
[2025-08-19T03:12:10.576+0000] {logging_mixin.py:188} INFO - [2025-08-19T03:12:10.576+0000] {dag.py:3096} INFO - Sync 1 DAGs
[2025-08-19T03:12:10.599+0000] {logging_mixin.py:188} INFO - [2025-08-19T03:12:10.598+0000] {dag.py:3954} INFO - Setting next_dagrun for example_setup_teardown_taskflow to 2025-08-18 00:00:00+00:00, run_after=2025-08-19 00:00:00+00:00
[2025-08-19T03:12:10.623+0000] {processor.py:183} INFO - Processing /home/airflow/.local/lib/python3.12/site-packages/airflow/example_dags/example_setup_teardown_taskflow.py took 0.088 seconds
[2025-08-19T03:12:41.154+0000] {processor.py:161} INFO - Started process (PID=22531) to work on /home/airflow/.local/lib/python3.12/site-packages/airflow/example_dags/example_setup_teardown_taskflow.py
[2025-08-19T03:12:41.156+0000] {processor.py:830} INFO - Processing file /home/airflow/.local/lib/python3.12/site-packages/airflow/example_dags/example_setup_teardown_taskflow.py for tasks to queue
[2025-08-19T03:12:41.157+0000] {logging_mixin.py:188} INFO - [2025-08-19T03:12:41.157+0000] {dagbag.py:545} INFO - Filling up the DagBag from /home/airflow/.local/lib/python3.12/site-packages/airflow/example_dags/example_setup_teardown_taskflow.py
[2025-08-19T03:12:41.168+0000] {processor.py:840} INFO - DAG(s) 'example_setup_teardown_taskflow' retrieved from /home/airflow/.local/lib/python3.12/site-packages/airflow/example_dags/example_setup_teardown_taskflow.py
[2025-08-19T03:12:41.190+0000] {logging_mixin.py:188} INFO - [2025-08-19T03:12:41.190+0000] {dag.py:3096} INFO - Sync 1 DAGs
[2025-08-19T03:12:41.212+0000] {logging_mixin.py:188} INFO - [2025-08-19T03:12:41.211+0000] {dag.py:3954} INFO - Setting next_dagrun for example_setup_teardown_taskflow to 2025-08-18 00:00:00+00:00, run_after=2025-08-19 00:00:00+00:00
[2025-08-19T03:12:41.236+0000] {processor.py:183} INFO - Processing /home/airflow/.local/lib/python3.12/site-packages/airflow/example_dags/example_setup_teardown_taskflow.py took 0.087 seconds
[2025-08-19T03:13:11.955+0000] {processor.py:161} INFO - Started process (PID=22584) to work on /home/airflow/.local/lib/python3.12/site-packages/airflow/example_dags/example_setup_teardown_taskflow.py
[2025-08-19T03:13:11.956+0000] {processor.py:830} INFO - Processing file /home/airflow/.local/lib/python3.12/site-packages/airflow/example_dags/example_setup_teardown_taskflow.py for tasks to queue
[2025-08-19T03:13:11.957+0000] {logging_mixin.py:188} INFO - [2025-08-19T03:13:11.957+0000] {dagbag.py:545} INFO - Filling up the DagBag from /home/airflow/.local/lib/python3.12/site-packages/airflow/example_dags/example_setup_teardown_taskflow.py
[2025-08-19T03:13:11.968+0000] {processor.py:840} INFO - DAG(s) 'example_setup_teardown_taskflow' retrieved from /home/airflow/.local/lib/python3.12/site-packages/airflow/example_dags/example_setup_teardown_taskflow.py
[2025-08-19T03:13:11.990+0000] {logging_mixin.py:188} INFO - [2025-08-19T03:13:11.990+0000] {dag.py:3096} INFO - Sync 1 DAGs
[2025-08-19T03:13:12.013+0000] {logging_mixin.py:188} INFO - [2025-08-19T03:13:12.012+0000] {dag.py:3954} INFO - Setting next_dagrun for example_setup_teardown_taskflow to 2025-08-18 00:00:00+00:00, run_after=2025-08-19 00:00:00+00:00
[2025-08-19T03:13:12.037+0000] {processor.py:183} INFO - Processing /home/airflow/.local/lib/python3.12/site-packages/airflow/example_dags/example_setup_teardown_taskflow.py took 0.088 seconds
[2025-08-19T03:13:42.819+0000] {processor.py:161} INFO - Started process (PID=22637) to work on /home/airflow/.local/lib/python3.12/site-packages/airflow/example_dags/example_setup_teardown_taskflow.py
[2025-08-19T03:13:42.821+0000] {processor.py:830} INFO - Processing file /home/airflow/.local/lib/python3.12/site-packages/airflow/example_dags/example_setup_teardown_taskflow.py for tasks to queue
[2025-08-19T03:13:42.822+0000] {logging_mixin.py:188} INFO - [2025-08-19T03:13:42.822+0000] {dagbag.py:545} INFO - Filling up the DagBag from /home/airflow/.local/lib/python3.12/site-packages/airflow/example_dags/example_setup_teardown_taskflow.py
[2025-08-19T03:13:42.834+0000] {processor.py:840} INFO - DAG(s) 'example_setup_teardown_taskflow' retrieved from /home/airflow/.local/lib/python3.12/site-packages/airflow/example_dags/example_setup_teardown_taskflow.py
[2025-08-19T03:13:42.858+0000] {logging_mixin.py:188} INFO - [2025-08-19T03:13:42.858+0000] {dag.py:3096} INFO - Sync 1 DAGs
[2025-08-19T03:13:42.879+0000] {logging_mixin.py:188} INFO - [2025-08-19T03:13:42.878+0000] {dag.py:3954} INFO - Setting next_dagrun for example_setup_teardown_taskflow to 2025-08-18 00:00:00+00:00, run_after=2025-08-19 00:00:00+00:00
[2025-08-19T03:13:42.902+0000] {processor.py:183} INFO - Processing /home/airflow/.local/lib/python3.12/site-packages/airflow/example_dags/example_setup_teardown_taskflow.py took 0.092 seconds
[2025-08-19T03:14:13.641+0000] {processor.py:161} INFO - Started process (PID=22690) to work on /home/airflow/.local/lib/python3.12/site-packages/airflow/example_dags/example_setup_teardown_taskflow.py
[2025-08-19T03:14:13.642+0000] {processor.py:830} INFO - Processing file /home/airflow/.local/lib/python3.12/site-packages/airflow/example_dags/example_setup_teardown_taskflow.py for tasks to queue
[2025-08-19T03:14:13.643+0000] {logging_mixin.py:188} INFO - [2025-08-19T03:14:13.643+0000] {dagbag.py:545} INFO - Filling up the DagBag from /home/airflow/.local/lib/python3.12/site-packages/airflow/example_dags/example_setup_teardown_taskflow.py
[2025-08-19T03:14:13.655+0000] {processor.py:840} INFO - DAG(s) 'example_setup_teardown_taskflow' retrieved from /home/airflow/.local/lib/python3.12/site-packages/airflow/example_dags/example_setup_teardown_taskflow.py
[2025-08-19T03:14:13.678+0000] {logging_mixin.py:188} INFO - [2025-08-19T03:14:13.678+0000] {dag.py:3096} INFO - Sync 1 DAGs
[2025-08-19T03:14:13.704+0000] {logging_mixin.py:188} INFO - [2025-08-19T03:14:13.703+0000] {dag.py:3954} INFO - Setting next_dagrun for example_setup_teardown_taskflow to 2025-08-18 00:00:00+00:00, run_after=2025-08-19 00:00:00+00:00
[2025-08-19T03:14:13.723+0000] {processor.py:183} INFO - Processing /home/airflow/.local/lib/python3.12/site-packages/airflow/example_dags/example_setup_teardown_taskflow.py took 0.089 seconds
[2025-08-19T03:14:44.429+0000] {processor.py:161} INFO - Started process (PID=22743) to work on /home/airflow/.local/lib/python3.12/site-packages/airflow/example_dags/example_setup_teardown_taskflow.py
[2025-08-19T03:14:44.430+0000] {processor.py:830} INFO - Processing file /home/airflow/.local/lib/python3.12/site-packages/airflow/example_dags/example_setup_teardown_taskflow.py for tasks to queue
[2025-08-19T03:14:44.432+0000] {logging_mixin.py:188} INFO - [2025-08-19T03:14:44.432+0000] {dagbag.py:545} INFO - Filling up the DagBag from /home/airflow/.local/lib/python3.12/site-packages/airflow/example_dags/example_setup_teardown_taskflow.py
[2025-08-19T03:14:44.442+0000] {processor.py:840} INFO - DAG(s) 'example_setup_teardown_taskflow' retrieved from /home/airflow/.local/lib/python3.12/site-packages/airflow/example_dags/example_setup_teardown_taskflow.py
[2025-08-19T03:14:44.465+0000] {logging_mixin.py:188} INFO - [2025-08-19T03:14:44.464+0000] {dag.py:3096} INFO - Sync 1 DAGs
[2025-08-19T03:14:44.489+0000] {logging_mixin.py:188} INFO - [2025-08-19T03:14:44.489+0000] {dag.py:3954} INFO - Setting next_dagrun for example_setup_teardown_taskflow to 2025-08-18 00:00:00+00:00, run_after=2025-08-19 00:00:00+00:00
[2025-08-19T03:14:44.513+0000] {processor.py:183} INFO - Processing /home/airflow/.local/lib/python3.12/site-packages/airflow/example_dags/example_setup_teardown_taskflow.py took 0.091 seconds
[2025-08-19T03:15:15.197+0000] {processor.py:161} INFO - Started process (PID=22796) to work on /home/airflow/.local/lib/python3.12/site-packages/airflow/example_dags/example_setup_teardown_taskflow.py
[2025-08-19T03:15:15.198+0000] {processor.py:830} INFO - Processing file /home/airflow/.local/lib/python3.12/site-packages/airflow/example_dags/example_setup_teardown_taskflow.py for tasks to queue
[2025-08-19T03:15:15.199+0000] {logging_mixin.py:188} INFO - [2025-08-19T03:15:15.199+0000] {dagbag.py:545} INFO - Filling up the DagBag from /home/airflow/.local/lib/python3.12/site-packages/airflow/example_dags/example_setup_teardown_taskflow.py
[2025-08-19T03:15:15.209+0000] {processor.py:840} INFO - DAG(s) 'example_setup_teardown_taskflow' retrieved from /home/airflow/.local/lib/python3.12/site-packages/airflow/example_dags/example_setup_teardown_taskflow.py
[2025-08-19T03:15:15.233+0000] {logging_mixin.py:188} INFO - [2025-08-19T03:15:15.233+0000] {dag.py:3096} INFO - Sync 1 DAGs
[2025-08-19T03:15:15.256+0000] {logging_mixin.py:188} INFO - [2025-08-19T03:15:15.255+0000] {dag.py:3954} INFO - Setting next_dagrun for example_setup_teardown_taskflow to 2025-08-18 00:00:00+00:00, run_after=2025-08-19 00:00:00+00:00
[2025-08-19T03:15:15.283+0000] {processor.py:183} INFO - Processing /home/airflow/.local/lib/python3.12/site-packages/airflow/example_dags/example_setup_teardown_taskflow.py took 0.093 seconds
[2025-08-19T03:15:46.047+0000] {processor.py:161} INFO - Started process (PID=22849) to work on /home/airflow/.local/lib/python3.12/site-packages/airflow/example_dags/example_setup_teardown_taskflow.py
[2025-08-19T03:15:46.048+0000] {processor.py:830} INFO - Processing file /home/airflow/.local/lib/python3.12/site-packages/airflow/example_dags/example_setup_teardown_taskflow.py for tasks to queue
[2025-08-19T03:15:46.049+0000] {logging_mixin.py:188} INFO - [2025-08-19T03:15:46.049+0000] {dagbag.py:545} INFO - Filling up the DagBag from /home/airflow/.local/lib/python3.12/site-packages/airflow/example_dags/example_setup_teardown_taskflow.py
[2025-08-19T03:15:46.060+0000] {processor.py:840} INFO - DAG(s) 'example_setup_teardown_taskflow' retrieved from /home/airflow/.local/lib/python3.12/site-packages/airflow/example_dags/example_setup_teardown_taskflow.py
[2025-08-19T03:15:46.081+0000] {logging_mixin.py:188} INFO - [2025-08-19T03:15:46.081+0000] {dag.py:3096} INFO - Sync 1 DAGs
[2025-08-19T03:15:46.102+0000] {logging_mixin.py:188} INFO - [2025-08-19T03:15:46.101+0000] {dag.py:3954} INFO - Setting next_dagrun for example_setup_teardown_taskflow to 2025-08-18 00:00:00+00:00, run_after=2025-08-19 00:00:00+00:00
[2025-08-19T03:15:46.122+0000] {processor.py:183} INFO - Processing /home/airflow/.local/lib/python3.12/site-packages/airflow/example_dags/example_setup_teardown_taskflow.py took 0.081 seconds
[2025-08-19T03:16:16.597+0000] {processor.py:161} INFO - Started process (PID=22902) to work on /home/airflow/.local/lib/python3.12/site-packages/airflow/example_dags/example_setup_teardown_taskflow.py
[2025-08-19T03:16:16.599+0000] {processor.py:830} INFO - Processing file /home/airflow/.local/lib/python3.12/site-packages/airflow/example_dags/example_setup_teardown_taskflow.py for tasks to queue
[2025-08-19T03:16:16.600+0000] {logging_mixin.py:188} INFO - [2025-08-19T03:16:16.600+0000] {dagbag.py:545} INFO - Filling up the DagBag from /home/airflow/.local/lib/python3.12/site-packages/airflow/example_dags/example_setup_teardown_taskflow.py
[2025-08-19T03:16:16.611+0000] {processor.py:840} INFO - DAG(s) 'example_setup_teardown_taskflow' retrieved from /home/airflow/.local/lib/python3.12/site-packages/airflow/example_dags/example_setup_teardown_taskflow.py
[2025-08-19T03:16:16.633+0000] {logging_mixin.py:188} INFO - [2025-08-19T03:16:16.633+0000] {dag.py:3096} INFO - Sync 1 DAGs
[2025-08-19T03:16:16.653+0000] {logging_mixin.py:188} INFO - [2025-08-19T03:16:16.653+0000] {dag.py:3954} INFO - Setting next_dagrun for example_setup_teardown_taskflow to 2025-08-18 00:00:00+00:00, run_after=2025-08-19 00:00:00+00:00
[2025-08-19T03:16:16.681+0000] {processor.py:183} INFO - Processing /home/airflow/.local/lib/python3.12/site-packages/airflow/example_dags/example_setup_teardown_taskflow.py took 0.090 seconds
[2025-08-19T03:16:47.028+0000] {processor.py:161} INFO - Started process (PID=22955) to work on /home/airflow/.local/lib/python3.12/site-packages/airflow/example_dags/example_setup_teardown_taskflow.py
[2025-08-19T03:16:47.029+0000] {processor.py:830} INFO - Processing file /home/airflow/.local/lib/python3.12/site-packages/airflow/example_dags/example_setup_teardown_taskflow.py for tasks to queue
[2025-08-19T03:16:47.030+0000] {logging_mixin.py:188} INFO - [2025-08-19T03:16:47.030+0000] {dagbag.py:545} INFO - Filling up the DagBag from /home/airflow/.local/lib/python3.12/site-packages/airflow/example_dags/example_setup_teardown_taskflow.py
[2025-08-19T03:16:47.041+0000] {processor.py:840} INFO - DAG(s) 'example_setup_teardown_taskflow' retrieved from /home/airflow/.local/lib/python3.12/site-packages/airflow/example_dags/example_setup_teardown_taskflow.py
[2025-08-19T03:16:47.062+0000] {logging_mixin.py:188} INFO - [2025-08-19T03:16:47.062+0000] {dag.py:3096} INFO - Sync 1 DAGs
[2025-08-19T03:16:47.085+0000] {logging_mixin.py:188} INFO - [2025-08-19T03:16:47.085+0000] {dag.py:3954} INFO - Setting next_dagrun for example_setup_teardown_taskflow to 2025-08-18 00:00:00+00:00, run_after=2025-08-19 00:00:00+00:00
[2025-08-19T03:16:47.106+0000] {processor.py:183} INFO - Processing /home/airflow/.local/lib/python3.12/site-packages/airflow/example_dags/example_setup_teardown_taskflow.py took 0.084 seconds
[2025-08-19T03:17:17.420+0000] {processor.py:161} INFO - Started process (PID=23008) to work on /home/airflow/.local/lib/python3.12/site-packages/airflow/example_dags/example_setup_teardown_taskflow.py
[2025-08-19T03:17:17.422+0000] {processor.py:830} INFO - Processing file /home/airflow/.local/lib/python3.12/site-packages/airflow/example_dags/example_setup_teardown_taskflow.py for tasks to queue
[2025-08-19T03:17:17.423+0000] {logging_mixin.py:188} INFO - [2025-08-19T03:17:17.422+0000] {dagbag.py:545} INFO - Filling up the DagBag from /home/airflow/.local/lib/python3.12/site-packages/airflow/example_dags/example_setup_teardown_taskflow.py
[2025-08-19T03:17:17.433+0000] {processor.py:840} INFO - DAG(s) 'example_setup_teardown_taskflow' retrieved from /home/airflow/.local/lib/python3.12/site-packages/airflow/example_dags/example_setup_teardown_taskflow.py
[2025-08-19T03:17:17.458+0000] {logging_mixin.py:188} INFO - [2025-08-19T03:17:17.458+0000] {dag.py:3096} INFO - Sync 1 DAGs
[2025-08-19T03:17:17.481+0000] {logging_mixin.py:188} INFO - [2025-08-19T03:17:17.481+0000] {dag.py:3954} INFO - Setting next_dagrun for example_setup_teardown_taskflow to 2025-08-18 00:00:00+00:00, run_after=2025-08-19 00:00:00+00:00
[2025-08-19T03:17:17.502+0000] {processor.py:183} INFO - Processing /home/airflow/.local/lib/python3.12/site-packages/airflow/example_dags/example_setup_teardown_taskflow.py took 0.089 seconds
[2025-08-19T03:17:48.326+0000] {processor.py:161} INFO - Started process (PID=23061) to work on /home/airflow/.local/lib/python3.12/site-packages/airflow/example_dags/example_setup_teardown_taskflow.py
[2025-08-19T03:17:48.327+0000] {processor.py:830} INFO - Processing file /home/airflow/.local/lib/python3.12/site-packages/airflow/example_dags/example_setup_teardown_taskflow.py for tasks to queue
[2025-08-19T03:17:48.328+0000] {logging_mixin.py:188} INFO - [2025-08-19T03:17:48.328+0000] {dagbag.py:545} INFO - Filling up the DagBag from /home/airflow/.local/lib/python3.12/site-packages/airflow/example_dags/example_setup_teardown_taskflow.py
[2025-08-19T03:17:48.339+0000] {processor.py:840} INFO - DAG(s) 'example_setup_teardown_taskflow' retrieved from /home/airflow/.local/lib/python3.12/site-packages/airflow/example_dags/example_setup_teardown_taskflow.py
[2025-08-19T03:17:48.360+0000] {logging_mixin.py:188} INFO - [2025-08-19T03:17:48.360+0000] {dag.py:3096} INFO - Sync 1 DAGs
[2025-08-19T03:17:48.381+0000] {logging_mixin.py:188} INFO - [2025-08-19T03:17:48.380+0000] {dag.py:3954} INFO - Setting next_dagrun for example_setup_teardown_taskflow to 2025-08-18 00:00:00+00:00, run_after=2025-08-19 00:00:00+00:00
[2025-08-19T03:17:48.399+0000] {processor.py:183} INFO - Processing /home/airflow/.local/lib/python3.12/site-packages/airflow/example_dags/example_setup_teardown_taskflow.py took 0.081 seconds
[2025-08-19T03:18:18.626+0000] {processor.py:161} INFO - Started process (PID=23114) to work on /home/airflow/.local/lib/python3.12/site-packages/airflow/example_dags/example_setup_teardown_taskflow.py
[2025-08-19T03:18:18.627+0000] {processor.py:830} INFO - Processing file /home/airflow/.local/lib/python3.12/site-packages/airflow/example_dags/example_setup_teardown_taskflow.py for tasks to queue
[2025-08-19T03:18:18.629+0000] {logging_mixin.py:188} INFO - [2025-08-19T03:18:18.628+0000] {dagbag.py:545} INFO - Filling up the DagBag from /home/airflow/.local/lib/python3.12/site-packages/airflow/example_dags/example_setup_teardown_taskflow.py
[2025-08-19T03:18:18.640+0000] {processor.py:840} INFO - DAG(s) 'example_setup_teardown_taskflow' retrieved from /home/airflow/.local/lib/python3.12/site-packages/airflow/example_dags/example_setup_teardown_taskflow.py
[2025-08-19T03:18:18.663+0000] {logging_mixin.py:188} INFO - [2025-08-19T03:18:18.662+0000] {dag.py:3096} INFO - Sync 1 DAGs
[2025-08-19T03:18:18.684+0000] {logging_mixin.py:188} INFO - [2025-08-19T03:18:18.683+0000] {dag.py:3954} INFO - Setting next_dagrun for example_setup_teardown_taskflow to 2025-08-18 00:00:00+00:00, run_after=2025-08-19 00:00:00+00:00
[2025-08-19T03:18:18.719+0000] {processor.py:183} INFO - Processing /home/airflow/.local/lib/python3.12/site-packages/airflow/example_dags/example_setup_teardown_taskflow.py took 0.100 seconds
[2025-08-19T03:18:48.917+0000] {processor.py:161} INFO - Started process (PID=23167) to work on /home/airflow/.local/lib/python3.12/site-packages/airflow/example_dags/example_setup_teardown_taskflow.py
[2025-08-19T03:18:48.918+0000] {processor.py:830} INFO - Processing file /home/airflow/.local/lib/python3.12/site-packages/airflow/example_dags/example_setup_teardown_taskflow.py for tasks to queue
[2025-08-19T03:18:48.919+0000] {logging_mixin.py:188} INFO - [2025-08-19T03:18:48.919+0000] {dagbag.py:545} INFO - Filling up the DagBag from /home/airflow/.local/lib/python3.12/site-packages/airflow/example_dags/example_setup_teardown_taskflow.py
[2025-08-19T03:18:48.930+0000] {processor.py:840} INFO - DAG(s) 'example_setup_teardown_taskflow' retrieved from /home/airflow/.local/lib/python3.12/site-packages/airflow/example_dags/example_setup_teardown_taskflow.py
[2025-08-19T03:18:48.961+0000] {logging_mixin.py:188} INFO - [2025-08-19T03:18:48.961+0000] {dag.py:3096} INFO - Sync 1 DAGs
[2025-08-19T03:18:48.985+0000] {logging_mixin.py:188} INFO - [2025-08-19T03:18:48.985+0000] {dag.py:3954} INFO - Setting next_dagrun for example_setup_teardown_taskflow to 2025-08-18 00:00:00+00:00, run_after=2025-08-19 00:00:00+00:00
[2025-08-19T03:18:49.013+0000] {processor.py:183} INFO - Processing /home/airflow/.local/lib/python3.12/site-packages/airflow/example_dags/example_setup_teardown_taskflow.py took 0.102 seconds
[2025-08-19T03:19:19.104+0000] {processor.py:161} INFO - Started process (PID=23220) to work on /home/airflow/.local/lib/python3.12/site-packages/airflow/example_dags/example_setup_teardown_taskflow.py
[2025-08-19T03:19:19.106+0000] {processor.py:830} INFO - Processing file /home/airflow/.local/lib/python3.12/site-packages/airflow/example_dags/example_setup_teardown_taskflow.py for tasks to queue
[2025-08-19T03:19:19.107+0000] {logging_mixin.py:188} INFO - [2025-08-19T03:19:19.107+0000] {dagbag.py:545} INFO - Filling up the DagBag from /home/airflow/.local/lib/python3.12/site-packages/airflow/example_dags/example_setup_teardown_taskflow.py
[2025-08-19T03:19:19.118+0000] {processor.py:840} INFO - DAG(s) 'example_setup_teardown_taskflow' retrieved from /home/airflow/.local/lib/python3.12/site-packages/airflow/example_dags/example_setup_teardown_taskflow.py
[2025-08-19T03:19:19.142+0000] {logging_mixin.py:188} INFO - [2025-08-19T03:19:19.142+0000] {dag.py:3096} INFO - Sync 1 DAGs
[2025-08-19T03:19:19.164+0000] {logging_mixin.py:188} INFO - [2025-08-19T03:19:19.164+0000] {dag.py:3954} INFO - Setting next_dagrun for example_setup_teardown_taskflow to 2025-08-18 00:00:00+00:00, run_after=2025-08-19 00:00:00+00:00
[2025-08-19T03:19:19.188+0000] {processor.py:183} INFO - Processing /home/airflow/.local/lib/python3.12/site-packages/airflow/example_dags/example_setup_teardown_taskflow.py took 0.093 seconds
[2025-08-19T03:19:50.213+0000] {processor.py:161} INFO - Started process (PID=23273) to work on /home/airflow/.local/lib/python3.12/site-packages/airflow/example_dags/example_setup_teardown_taskflow.py
[2025-08-19T03:19:50.216+0000] {processor.py:830} INFO - Processing file /home/airflow/.local/lib/python3.12/site-packages/airflow/example_dags/example_setup_teardown_taskflow.py for tasks to queue
[2025-08-19T03:19:50.217+0000] {logging_mixin.py:188} INFO - [2025-08-19T03:19:50.217+0000] {dagbag.py:545} INFO - Filling up the DagBag from /home/airflow/.local/lib/python3.12/site-packages/airflow/example_dags/example_setup_teardown_taskflow.py
[2025-08-19T03:19:50.229+0000] {processor.py:840} INFO - DAG(s) 'example_setup_teardown_taskflow' retrieved from /home/airflow/.local/lib/python3.12/site-packages/airflow/example_dags/example_setup_teardown_taskflow.py
[2025-08-19T03:19:50.256+0000] {logging_mixin.py:188} INFO - [2025-08-19T03:19:50.256+0000] {dag.py:3096} INFO - Sync 1 DAGs
[2025-08-19T03:19:50.280+0000] {logging_mixin.py:188} INFO - [2025-08-19T03:19:50.280+0000] {dag.py:3954} INFO - Setting next_dagrun for example_setup_teardown_taskflow to 2025-08-18 00:00:00+00:00, run_after=2025-08-19 00:00:00+00:00
[2025-08-19T03:19:50.375+0000] {processor.py:183} INFO - Processing /home/airflow/.local/lib/python3.12/site-packages/airflow/example_dags/example_setup_teardown_taskflow.py took 0.170 seconds
[2025-08-19T03:20:20.425+0000] {processor.py:161} INFO - Started process (PID=23326) to work on /home/airflow/.local/lib/python3.12/site-packages/airflow/example_dags/example_setup_teardown_taskflow.py
[2025-08-19T03:20:20.427+0000] {processor.py:830} INFO - Processing file /home/airflow/.local/lib/python3.12/site-packages/airflow/example_dags/example_setup_teardown_taskflow.py for tasks to queue
[2025-08-19T03:20:20.428+0000] {logging_mixin.py:188} INFO - [2025-08-19T03:20:20.428+0000] {dagbag.py:545} INFO - Filling up the DagBag from /home/airflow/.local/lib/python3.12/site-packages/airflow/example_dags/example_setup_teardown_taskflow.py
[2025-08-19T03:20:20.440+0000] {processor.py:840} INFO - DAG(s) 'example_setup_teardown_taskflow' retrieved from /home/airflow/.local/lib/python3.12/site-packages/airflow/example_dags/example_setup_teardown_taskflow.py
[2025-08-19T03:20:20.465+0000] {logging_mixin.py:188} INFO - [2025-08-19T03:20:20.464+0000] {dag.py:3096} INFO - Sync 1 DAGs
[2025-08-19T03:20:20.486+0000] {logging_mixin.py:188} INFO - [2025-08-19T03:20:20.486+0000] {dag.py:3954} INFO - Setting next_dagrun for example_setup_teardown_taskflow to 2025-08-18 00:00:00+00:00, run_after=2025-08-19 00:00:00+00:00
[2025-08-19T03:20:20.507+0000] {processor.py:183} INFO - Processing /home/airflow/.local/lib/python3.12/site-packages/airflow/example_dags/example_setup_teardown_taskflow.py took 0.088 seconds
[2025-08-19T03:20:50.802+0000] {processor.py:161} INFO - Started process (PID=23379) to work on /home/airflow/.local/lib/python3.12/site-packages/airflow/example_dags/example_setup_teardown_taskflow.py
[2025-08-19T03:20:50.804+0000] {processor.py:830} INFO - Processing file /home/airflow/.local/lib/python3.12/site-packages/airflow/example_dags/example_setup_teardown_taskflow.py for tasks to queue
[2025-08-19T03:20:50.805+0000] {logging_mixin.py:188} INFO - [2025-08-19T03:20:50.804+0000] {dagbag.py:545} INFO - Filling up the DagBag from /home/airflow/.local/lib/python3.12/site-packages/airflow/example_dags/example_setup_teardown_taskflow.py
[2025-08-19T03:20:50.815+0000] {processor.py:840} INFO - DAG(s) 'example_setup_teardown_taskflow' retrieved from /home/airflow/.local/lib/python3.12/site-packages/airflow/example_dags/example_setup_teardown_taskflow.py
[2025-08-19T03:20:50.837+0000] {logging_mixin.py:188} INFO - [2025-08-19T03:20:50.837+0000] {dag.py:3096} INFO - Sync 1 DAGs
[2025-08-19T03:20:50.859+0000] {logging_mixin.py:188} INFO - [2025-08-19T03:20:50.859+0000] {dag.py:3954} INFO - Setting next_dagrun for example_setup_teardown_taskflow to 2025-08-18 00:00:00+00:00, run_after=2025-08-19 00:00:00+00:00
[2025-08-19T03:20:50.879+0000] {processor.py:183} INFO - Processing /home/airflow/.local/lib/python3.12/site-packages/airflow/example_dags/example_setup_teardown_taskflow.py took 0.084 seconds
[2025-08-19T03:21:21.733+0000] {processor.py:161} INFO - Started process (PID=23432) to work on /home/airflow/.local/lib/python3.12/site-packages/airflow/example_dags/example_setup_teardown_taskflow.py
[2025-08-19T03:21:21.735+0000] {processor.py:830} INFO - Processing file /home/airflow/.local/lib/python3.12/site-packages/airflow/example_dags/example_setup_teardown_taskflow.py for tasks to queue
[2025-08-19T03:21:21.736+0000] {logging_mixin.py:188} INFO - [2025-08-19T03:21:21.736+0000] {dagbag.py:545} INFO - Filling up the DagBag from /home/airflow/.local/lib/python3.12/site-packages/airflow/example_dags/example_setup_teardown_taskflow.py
[2025-08-19T03:21:21.748+0000] {processor.py:840} INFO - DAG(s) 'example_setup_teardown_taskflow' retrieved from /home/airflow/.local/lib/python3.12/site-packages/airflow/example_dags/example_setup_teardown_taskflow.py
[2025-08-19T03:21:21.769+0000] {logging_mixin.py:188} INFO - [2025-08-19T03:21:21.769+0000] {dag.py:3096} INFO - Sync 1 DAGs
[2025-08-19T03:21:21.790+0000] {logging_mixin.py:188} INFO - [2025-08-19T03:21:21.790+0000] {dag.py:3954} INFO - Setting next_dagrun for example_setup_teardown_taskflow to 2025-08-18 00:00:00+00:00, run_after=2025-08-19 00:00:00+00:00
[2025-08-19T03:21:21.811+0000] {processor.py:183} INFO - Processing /home/airflow/.local/lib/python3.12/site-packages/airflow/example_dags/example_setup_teardown_taskflow.py took 0.084 seconds
[2025-08-19T03:21:52.326+0000] {processor.py:161} INFO - Started process (PID=23485) to work on /home/airflow/.local/lib/python3.12/site-packages/airflow/example_dags/example_setup_teardown_taskflow.py
[2025-08-19T03:21:52.327+0000] {processor.py:830} INFO - Processing file /home/airflow/.local/lib/python3.12/site-packages/airflow/example_dags/example_setup_teardown_taskflow.py for tasks to queue
[2025-08-19T03:21:52.329+0000] {logging_mixin.py:188} INFO - [2025-08-19T03:21:52.329+0000] {dagbag.py:545} INFO - Filling up the DagBag from /home/airflow/.local/lib/python3.12/site-packages/airflow/example_dags/example_setup_teardown_taskflow.py
[2025-08-19T03:21:52.339+0000] {processor.py:840} INFO - DAG(s) 'example_setup_teardown_taskflow' retrieved from /home/airflow/.local/lib/python3.12/site-packages/airflow/example_dags/example_setup_teardown_taskflow.py
[2025-08-19T03:21:52.363+0000] {logging_mixin.py:188} INFO - [2025-08-19T03:21:52.362+0000] {dag.py:3096} INFO - Sync 1 DAGs
[2025-08-19T03:21:52.384+0000] {logging_mixin.py:188} INFO - [2025-08-19T03:21:52.384+0000] {dag.py:3954} INFO - Setting next_dagrun for example_setup_teardown_taskflow to 2025-08-18 00:00:00+00:00, run_after=2025-08-19 00:00:00+00:00
[2025-08-19T03:21:52.406+0000] {processor.py:183} INFO - Processing /home/airflow/.local/lib/python3.12/site-packages/airflow/example_dags/example_setup_teardown_taskflow.py took 0.087 seconds
[2025-08-19T03:22:22.870+0000] {processor.py:161} INFO - Started process (PID=23538) to work on /home/airflow/.local/lib/python3.12/site-packages/airflow/example_dags/example_setup_teardown_taskflow.py
[2025-08-19T03:22:22.871+0000] {processor.py:830} INFO - Processing file /home/airflow/.local/lib/python3.12/site-packages/airflow/example_dags/example_setup_teardown_taskflow.py for tasks to queue
[2025-08-19T03:22:22.872+0000] {logging_mixin.py:188} INFO - [2025-08-19T03:22:22.872+0000] {dagbag.py:545} INFO - Filling up the DagBag from /home/airflow/.local/lib/python3.12/site-packages/airflow/example_dags/example_setup_teardown_taskflow.py
[2025-08-19T03:22:22.883+0000] {processor.py:840} INFO - DAG(s) 'example_setup_teardown_taskflow' retrieved from /home/airflow/.local/lib/python3.12/site-packages/airflow/example_dags/example_setup_teardown_taskflow.py
[2025-08-19T03:22:22.905+0000] {logging_mixin.py:188} INFO - [2025-08-19T03:22:22.905+0000] {dag.py:3096} INFO - Sync 1 DAGs
[2025-08-19T03:22:22.926+0000] {logging_mixin.py:188} INFO - [2025-08-19T03:22:22.926+0000] {dag.py:3954} INFO - Setting next_dagrun for example_setup_teardown_taskflow to 2025-08-18 00:00:00+00:00, run_after=2025-08-19 00:00:00+00:00
[2025-08-19T03:22:22.948+0000] {processor.py:183} INFO - Processing /home/airflow/.local/lib/python3.12/site-packages/airflow/example_dags/example_setup_teardown_taskflow.py took 0.084 seconds
[2025-08-19T03:22:53.294+0000] {processor.py:161} INFO - Started process (PID=23591) to work on /home/airflow/.local/lib/python3.12/site-packages/airflow/example_dags/example_setup_teardown_taskflow.py
[2025-08-19T03:22:53.296+0000] {processor.py:830} INFO - Processing file /home/airflow/.local/lib/python3.12/site-packages/airflow/example_dags/example_setup_teardown_taskflow.py for tasks to queue
[2025-08-19T03:22:53.297+0000] {logging_mixin.py:188} INFO - [2025-08-19T03:22:53.297+0000] {dagbag.py:545} INFO - Filling up the DagBag from /home/airflow/.local/lib/python3.12/site-packages/airflow/example_dags/example_setup_teardown_taskflow.py
[2025-08-19T03:22:53.310+0000] {processor.py:840} INFO - DAG(s) 'example_setup_teardown_taskflow' retrieved from /home/airflow/.local/lib/python3.12/site-packages/airflow/example_dags/example_setup_teardown_taskflow.py
[2025-08-19T03:22:53.333+0000] {logging_mixin.py:188} INFO - [2025-08-19T03:22:53.332+0000] {dag.py:3096} INFO - Sync 1 DAGs
[2025-08-19T03:22:53.354+0000] {logging_mixin.py:188} INFO - [2025-08-19T03:22:53.354+0000] {dag.py:3954} INFO - Setting next_dagrun for example_setup_teardown_taskflow to 2025-08-18 00:00:00+00:00, run_after=2025-08-19 00:00:00+00:00
[2025-08-19T03:22:53.378+0000] {processor.py:183} INFO - Processing /home/airflow/.local/lib/python3.12/site-packages/airflow/example_dags/example_setup_teardown_taskflow.py took 0.091 seconds
[2025-08-19T03:23:23.650+0000] {processor.py:161} INFO - Started process (PID=23644) to work on /home/airflow/.local/lib/python3.12/site-packages/airflow/example_dags/example_setup_teardown_taskflow.py
[2025-08-19T03:23:23.652+0000] {processor.py:830} INFO - Processing file /home/airflow/.local/lib/python3.12/site-packages/airflow/example_dags/example_setup_teardown_taskflow.py for tasks to queue
[2025-08-19T03:23:23.653+0000] {logging_mixin.py:188} INFO - [2025-08-19T03:23:23.653+0000] {dagbag.py:545} INFO - Filling up the DagBag from /home/airflow/.local/lib/python3.12/site-packages/airflow/example_dags/example_setup_teardown_taskflow.py
[2025-08-19T03:23:23.663+0000] {processor.py:840} INFO - DAG(s) 'example_setup_teardown_taskflow' retrieved from /home/airflow/.local/lib/python3.12/site-packages/airflow/example_dags/example_setup_teardown_taskflow.py
[2025-08-19T03:23:23.685+0000] {logging_mixin.py:188} INFO - [2025-08-19T03:23:23.685+0000] {dag.py:3096} INFO - Sync 1 DAGs
[2025-08-19T03:23:23.706+0000] {logging_mixin.py:188} INFO - [2025-08-19T03:23:23.706+0000] {dag.py:3954} INFO - Setting next_dagrun for example_setup_teardown_taskflow to 2025-08-18 00:00:00+00:00, run_after=2025-08-19 00:00:00+00:00
[2025-08-19T03:23:23.727+0000] {processor.py:183} INFO - Processing /home/airflow/.local/lib/python3.12/site-packages/airflow/example_dags/example_setup_teardown_taskflow.py took 0.083 seconds
[2025-08-19T03:23:54.274+0000] {processor.py:161} INFO - Started process (PID=23697) to work on /home/airflow/.local/lib/python3.12/site-packages/airflow/example_dags/example_setup_teardown_taskflow.py
[2025-08-19T03:23:54.276+0000] {processor.py:830} INFO - Processing file /home/airflow/.local/lib/python3.12/site-packages/airflow/example_dags/example_setup_teardown_taskflow.py for tasks to queue
[2025-08-19T03:23:54.277+0000] {logging_mixin.py:188} INFO - [2025-08-19T03:23:54.277+0000] {dagbag.py:545} INFO - Filling up the DagBag from /home/airflow/.local/lib/python3.12/site-packages/airflow/example_dags/example_setup_teardown_taskflow.py
[2025-08-19T03:23:54.291+0000] {processor.py:840} INFO - DAG(s) 'example_setup_teardown_taskflow' retrieved from /home/airflow/.local/lib/python3.12/site-packages/airflow/example_dags/example_setup_teardown_taskflow.py
[2025-08-19T03:23:54.317+0000] {logging_mixin.py:188} INFO - [2025-08-19T03:23:54.317+0000] {dag.py:3096} INFO - Sync 1 DAGs
[2025-08-19T03:23:54.343+0000] {logging_mixin.py:188} INFO - [2025-08-19T03:23:54.343+0000] {dag.py:3954} INFO - Setting next_dagrun for example_setup_teardown_taskflow to 2025-08-18 00:00:00+00:00, run_after=2025-08-19 00:00:00+00:00
[2025-08-19T03:23:54.369+0000] {processor.py:183} INFO - Processing /home/airflow/.local/lib/python3.12/site-packages/airflow/example_dags/example_setup_teardown_taskflow.py took 0.102 seconds
[2025-08-19T03:24:24.895+0000] {processor.py:161} INFO - Started process (PID=23750) to work on /home/airflow/.local/lib/python3.12/site-packages/airflow/example_dags/example_setup_teardown_taskflow.py
[2025-08-19T03:24:24.897+0000] {processor.py:830} INFO - Processing file /home/airflow/.local/lib/python3.12/site-packages/airflow/example_dags/example_setup_teardown_taskflow.py for tasks to queue
[2025-08-19T03:24:24.898+0000] {logging_mixin.py:188} INFO - [2025-08-19T03:24:24.898+0000] {dagbag.py:545} INFO - Filling up the DagBag from /home/airflow/.local/lib/python3.12/site-packages/airflow/example_dags/example_setup_teardown_taskflow.py
[2025-08-19T03:24:24.911+0000] {processor.py:840} INFO - DAG(s) 'example_setup_teardown_taskflow' retrieved from /home/airflow/.local/lib/python3.12/site-packages/airflow/example_dags/example_setup_teardown_taskflow.py
[2025-08-19T03:24:24.934+0000] {logging_mixin.py:188} INFO - [2025-08-19T03:24:24.933+0000] {dag.py:3096} INFO - Sync 1 DAGs
[2025-08-19T03:24:24.956+0000] {logging_mixin.py:188} INFO - [2025-08-19T03:24:24.956+0000] {dag.py:3954} INFO - Setting next_dagrun for example_setup_teardown_taskflow to 2025-08-18 00:00:00+00:00, run_after=2025-08-19 00:00:00+00:00
[2025-08-19T03:24:24.978+0000] {processor.py:183} INFO - Processing /home/airflow/.local/lib/python3.12/site-packages/airflow/example_dags/example_setup_teardown_taskflow.py took 0.091 seconds
[2025-08-19T03:24:55.564+0000] {processor.py:161} INFO - Started process (PID=23803) to work on /home/airflow/.local/lib/python3.12/site-packages/airflow/example_dags/example_setup_teardown_taskflow.py
[2025-08-19T03:24:55.566+0000] {processor.py:830} INFO - Processing file /home/airflow/.local/lib/python3.12/site-packages/airflow/example_dags/example_setup_teardown_taskflow.py for tasks to queue
[2025-08-19T03:24:55.569+0000] {logging_mixin.py:188} INFO - [2025-08-19T03:24:55.568+0000] {dagbag.py:545} INFO - Filling up the DagBag from /home/airflow/.local/lib/python3.12/site-packages/airflow/example_dags/example_setup_teardown_taskflow.py
[2025-08-19T03:24:55.588+0000] {processor.py:840} INFO - DAG(s) 'example_setup_teardown_taskflow' retrieved from /home/airflow/.local/lib/python3.12/site-packages/airflow/example_dags/example_setup_teardown_taskflow.py
[2025-08-19T03:24:55.622+0000] {logging_mixin.py:188} INFO - [2025-08-19T03:24:55.622+0000] {dag.py:3096} INFO - Sync 1 DAGs
[2025-08-19T03:24:55.646+0000] {logging_mixin.py:188} INFO - [2025-08-19T03:24:55.646+0000] {dag.py:3954} INFO - Setting next_dagrun for example_setup_teardown_taskflow to 2025-08-18 00:00:00+00:00, run_after=2025-08-19 00:00:00+00:00
[2025-08-19T03:24:55.675+0000] {processor.py:183} INFO - Processing /home/airflow/.local/lib/python3.12/site-packages/airflow/example_dags/example_setup_teardown_taskflow.py took 0.126 seconds
[2025-08-19T03:25:26.125+0000] {processor.py:161} INFO - Started process (PID=23856) to work on /home/airflow/.local/lib/python3.12/site-packages/airflow/example_dags/example_setup_teardown_taskflow.py
[2025-08-19T03:25:26.127+0000] {processor.py:830} INFO - Processing file /home/airflow/.local/lib/python3.12/site-packages/airflow/example_dags/example_setup_teardown_taskflow.py for tasks to queue
[2025-08-19T03:25:26.128+0000] {logging_mixin.py:188} INFO - [2025-08-19T03:25:26.128+0000] {dagbag.py:545} INFO - Filling up the DagBag from /home/airflow/.local/lib/python3.12/site-packages/airflow/example_dags/example_setup_teardown_taskflow.py
[2025-08-19T03:25:26.141+0000] {processor.py:840} INFO - DAG(s) 'example_setup_teardown_taskflow' retrieved from /home/airflow/.local/lib/python3.12/site-packages/airflow/example_dags/example_setup_teardown_taskflow.py
[2025-08-19T03:25:26.165+0000] {logging_mixin.py:188} INFO - [2025-08-19T03:25:26.164+0000] {dag.py:3096} INFO - Sync 1 DAGs
[2025-08-19T03:25:26.188+0000] {logging_mixin.py:188} INFO - [2025-08-19T03:25:26.188+0000] {dag.py:3954} INFO - Setting next_dagrun for example_setup_teardown_taskflow to 2025-08-18 00:00:00+00:00, run_after=2025-08-19 00:00:00+00:00
[2025-08-19T03:25:26.210+0000] {processor.py:183} INFO - Processing /home/airflow/.local/lib/python3.12/site-packages/airflow/example_dags/example_setup_teardown_taskflow.py took 0.094 seconds
[2025-08-19T03:25:56.523+0000] {processor.py:161} INFO - Started process (PID=23909) to work on /home/airflow/.local/lib/python3.12/site-packages/airflow/example_dags/example_setup_teardown_taskflow.py
[2025-08-19T03:25:56.525+0000] {processor.py:830} INFO - Processing file /home/airflow/.local/lib/python3.12/site-packages/airflow/example_dags/example_setup_teardown_taskflow.py for tasks to queue
[2025-08-19T03:25:56.526+0000] {logging_mixin.py:188} INFO - [2025-08-19T03:25:56.526+0000] {dagbag.py:545} INFO - Filling up the DagBag from /home/airflow/.local/lib/python3.12/site-packages/airflow/example_dags/example_setup_teardown_taskflow.py
[2025-08-19T03:25:56.539+0000] {processor.py:840} INFO - DAG(s) 'example_setup_teardown_taskflow' retrieved from /home/airflow/.local/lib/python3.12/site-packages/airflow/example_dags/example_setup_teardown_taskflow.py
[2025-08-19T03:25:56.563+0000] {logging_mixin.py:188} INFO - [2025-08-19T03:25:56.562+0000] {dag.py:3096} INFO - Sync 1 DAGs
[2025-08-19T03:25:56.589+0000] {logging_mixin.py:188} INFO - [2025-08-19T03:25:56.589+0000] {dag.py:3954} INFO - Setting next_dagrun for example_setup_teardown_taskflow to 2025-08-18 00:00:00+00:00, run_after=2025-08-19 00:00:00+00:00
[2025-08-19T03:25:56.612+0000] {processor.py:183} INFO - Processing /home/airflow/.local/lib/python3.12/site-packages/airflow/example_dags/example_setup_teardown_taskflow.py took 0.097 seconds
[2025-08-19T03:26:26.985+0000] {processor.py:161} INFO - Started process (PID=23962) to work on /home/airflow/.local/lib/python3.12/site-packages/airflow/example_dags/example_setup_teardown_taskflow.py
[2025-08-19T03:26:26.986+0000] {processor.py:830} INFO - Processing file /home/airflow/.local/lib/python3.12/site-packages/airflow/example_dags/example_setup_teardown_taskflow.py for tasks to queue
[2025-08-19T03:26:26.987+0000] {logging_mixin.py:188} INFO - [2025-08-19T03:26:26.987+0000] {dagbag.py:545} INFO - Filling up the DagBag from /home/airflow/.local/lib/python3.12/site-packages/airflow/example_dags/example_setup_teardown_taskflow.py
[2025-08-19T03:26:27.000+0000] {processor.py:840} INFO - DAG(s) 'example_setup_teardown_taskflow' retrieved from /home/airflow/.local/lib/python3.12/site-packages/airflow/example_dags/example_setup_teardown_taskflow.py
[2025-08-19T03:26:27.032+0000] {logging_mixin.py:188} INFO - [2025-08-19T03:26:27.031+0000] {dag.py:3096} INFO - Sync 1 DAGs
[2025-08-19T03:26:27.059+0000] {logging_mixin.py:188} INFO - [2025-08-19T03:26:27.059+0000] {dag.py:3954} INFO - Setting next_dagrun for example_setup_teardown_taskflow to 2025-08-18 00:00:00+00:00, run_after=2025-08-19 00:00:00+00:00
[2025-08-19T03:26:27.086+0000] {processor.py:183} INFO - Processing /home/airflow/.local/lib/python3.12/site-packages/airflow/example_dags/example_setup_teardown_taskflow.py took 0.109 seconds
[2025-08-19T03:26:57.340+0000] {processor.py:161} INFO - Started process (PID=24015) to work on /home/airflow/.local/lib/python3.12/site-packages/airflow/example_dags/example_setup_teardown_taskflow.py
[2025-08-19T03:26:57.341+0000] {processor.py:830} INFO - Processing file /home/airflow/.local/lib/python3.12/site-packages/airflow/example_dags/example_setup_teardown_taskflow.py for tasks to queue
[2025-08-19T03:26:57.342+0000] {logging_mixin.py:188} INFO - [2025-08-19T03:26:57.342+0000] {dagbag.py:545} INFO - Filling up the DagBag from /home/airflow/.local/lib/python3.12/site-packages/airflow/example_dags/example_setup_teardown_taskflow.py
[2025-08-19T03:26:57.354+0000] {processor.py:840} INFO - DAG(s) 'example_setup_teardown_taskflow' retrieved from /home/airflow/.local/lib/python3.12/site-packages/airflow/example_dags/example_setup_teardown_taskflow.py
[2025-08-19T03:26:57.376+0000] {logging_mixin.py:188} INFO - [2025-08-19T03:26:57.375+0000] {dag.py:3096} INFO - Sync 1 DAGs
[2025-08-19T03:26:57.399+0000] {logging_mixin.py:188} INFO - [2025-08-19T03:26:57.398+0000] {dag.py:3954} INFO - Setting next_dagrun for example_setup_teardown_taskflow to 2025-08-18 00:00:00+00:00, run_after=2025-08-19 00:00:00+00:00
[2025-08-19T03:26:57.421+0000] {processor.py:183} INFO - Processing /home/airflow/.local/lib/python3.12/site-packages/airflow/example_dags/example_setup_teardown_taskflow.py took 0.087 seconds
[2025-08-19T03:27:27.805+0000] {processor.py:161} INFO - Started process (PID=24068) to work on /home/airflow/.local/lib/python3.12/site-packages/airflow/example_dags/example_setup_teardown_taskflow.py
[2025-08-19T03:27:27.807+0000] {processor.py:830} INFO - Processing file /home/airflow/.local/lib/python3.12/site-packages/airflow/example_dags/example_setup_teardown_taskflow.py for tasks to queue
[2025-08-19T03:27:27.808+0000] {logging_mixin.py:188} INFO - [2025-08-19T03:27:27.808+0000] {dagbag.py:545} INFO - Filling up the DagBag from /home/airflow/.local/lib/python3.12/site-packages/airflow/example_dags/example_setup_teardown_taskflow.py
[2025-08-19T03:27:27.818+0000] {processor.py:840} INFO - DAG(s) 'example_setup_teardown_taskflow' retrieved from /home/airflow/.local/lib/python3.12/site-packages/airflow/example_dags/example_setup_teardown_taskflow.py
[2025-08-19T03:27:27.842+0000] {logging_mixin.py:188} INFO - [2025-08-19T03:27:27.842+0000] {dag.py:3096} INFO - Sync 1 DAGs
[2025-08-19T03:27:27.867+0000] {logging_mixin.py:188} INFO - [2025-08-19T03:27:27.867+0000] {dag.py:3954} INFO - Setting next_dagrun for example_setup_teardown_taskflow to 2025-08-18 00:00:00+00:00, run_after=2025-08-19 00:00:00+00:00
[2025-08-19T03:27:27.890+0000] {processor.py:183} INFO - Processing /home/airflow/.local/lib/python3.12/site-packages/airflow/example_dags/example_setup_teardown_taskflow.py took 0.093 seconds
[2025-08-19T03:27:58.321+0000] {processor.py:161} INFO - Started process (PID=24121) to work on /home/airflow/.local/lib/python3.12/site-packages/airflow/example_dags/example_setup_teardown_taskflow.py
[2025-08-19T03:27:58.323+0000] {processor.py:830} INFO - Processing file /home/airflow/.local/lib/python3.12/site-packages/airflow/example_dags/example_setup_teardown_taskflow.py for tasks to queue
[2025-08-19T03:27:58.324+0000] {logging_mixin.py:188} INFO - [2025-08-19T03:27:58.324+0000] {dagbag.py:545} INFO - Filling up the DagBag from /home/airflow/.local/lib/python3.12/site-packages/airflow/example_dags/example_setup_teardown_taskflow.py
[2025-08-19T03:27:58.335+0000] {processor.py:840} INFO - DAG(s) 'example_setup_teardown_taskflow' retrieved from /home/airflow/.local/lib/python3.12/site-packages/airflow/example_dags/example_setup_teardown_taskflow.py
[2025-08-19T03:27:58.356+0000] {logging_mixin.py:188} INFO - [2025-08-19T03:27:58.356+0000] {dag.py:3096} INFO - Sync 1 DAGs
[2025-08-19T03:27:58.378+0000] {logging_mixin.py:188} INFO - [2025-08-19T03:27:58.378+0000] {dag.py:3954} INFO - Setting next_dagrun for example_setup_teardown_taskflow to 2025-08-18 00:00:00+00:00, run_after=2025-08-19 00:00:00+00:00
[2025-08-19T03:27:58.399+0000] {processor.py:183} INFO - Processing /home/airflow/.local/lib/python3.12/site-packages/airflow/example_dags/example_setup_teardown_taskflow.py took 0.084 seconds
[2025-08-19T03:28:28.738+0000] {processor.py:161} INFO - Started process (PID=24174) to work on /home/airflow/.local/lib/python3.12/site-packages/airflow/example_dags/example_setup_teardown_taskflow.py
[2025-08-19T03:28:28.740+0000] {processor.py:830} INFO - Processing file /home/airflow/.local/lib/python3.12/site-packages/airflow/example_dags/example_setup_teardown_taskflow.py for tasks to queue
[2025-08-19T03:28:28.741+0000] {logging_mixin.py:188} INFO - [2025-08-19T03:28:28.740+0000] {dagbag.py:545} INFO - Filling up the DagBag from /home/airflow/.local/lib/python3.12/site-packages/airflow/example_dags/example_setup_teardown_taskflow.py
[2025-08-19T03:28:28.751+0000] {processor.py:840} INFO - DAG(s) 'example_setup_teardown_taskflow' retrieved from /home/airflow/.local/lib/python3.12/site-packages/airflow/example_dags/example_setup_teardown_taskflow.py
[2025-08-19T03:28:28.774+0000] {logging_mixin.py:188} INFO - [2025-08-19T03:28:28.774+0000] {dag.py:3096} INFO - Sync 1 DAGs
[2025-08-19T03:28:28.796+0000] {logging_mixin.py:188} INFO - [2025-08-19T03:28:28.795+0000] {dag.py:3954} INFO - Setting next_dagrun for example_setup_teardown_taskflow to 2025-08-18 00:00:00+00:00, run_after=2025-08-19 00:00:00+00:00
[2025-08-19T03:28:28.820+0000] {processor.py:183} INFO - Processing /home/airflow/.local/lib/python3.12/site-packages/airflow/example_dags/example_setup_teardown_taskflow.py took 0.089 seconds
[2025-08-19T03:28:59.133+0000] {processor.py:161} INFO - Started process (PID=24227) to work on /home/airflow/.local/lib/python3.12/site-packages/airflow/example_dags/example_setup_teardown_taskflow.py
[2025-08-19T03:28:59.135+0000] {processor.py:830} INFO - Processing file /home/airflow/.local/lib/python3.12/site-packages/airflow/example_dags/example_setup_teardown_taskflow.py for tasks to queue
[2025-08-19T03:28:59.136+0000] {logging_mixin.py:188} INFO - [2025-08-19T03:28:59.136+0000] {dagbag.py:545} INFO - Filling up the DagBag from /home/airflow/.local/lib/python3.12/site-packages/airflow/example_dags/example_setup_teardown_taskflow.py
[2025-08-19T03:28:59.147+0000] {processor.py:840} INFO - DAG(s) 'example_setup_teardown_taskflow' retrieved from /home/airflow/.local/lib/python3.12/site-packages/airflow/example_dags/example_setup_teardown_taskflow.py
[2025-08-19T03:28:59.169+0000] {logging_mixin.py:188} INFO - [2025-08-19T03:28:59.169+0000] {dag.py:3096} INFO - Sync 1 DAGs
[2025-08-19T03:28:59.193+0000] {logging_mixin.py:188} INFO - [2025-08-19T03:28:59.192+0000] {dag.py:3954} INFO - Setting next_dagrun for example_setup_teardown_taskflow to 2025-08-18 00:00:00+00:00, run_after=2025-08-19 00:00:00+00:00
[2025-08-19T03:28:59.215+0000] {processor.py:183} INFO - Processing /home/airflow/.local/lib/python3.12/site-packages/airflow/example_dags/example_setup_teardown_taskflow.py took 0.088 seconds
[2025-08-19T03:29:29.468+0000] {processor.py:161} INFO - Started process (PID=24280) to work on /home/airflow/.local/lib/python3.12/site-packages/airflow/example_dags/example_setup_teardown_taskflow.py
[2025-08-19T03:29:29.469+0000] {processor.py:830} INFO - Processing file /home/airflow/.local/lib/python3.12/site-packages/airflow/example_dags/example_setup_teardown_taskflow.py for tasks to queue
[2025-08-19T03:29:29.471+0000] {logging_mixin.py:188} INFO - [2025-08-19T03:29:29.470+0000] {dagbag.py:545} INFO - Filling up the DagBag from /home/airflow/.local/lib/python3.12/site-packages/airflow/example_dags/example_setup_teardown_taskflow.py
[2025-08-19T03:29:29.482+0000] {processor.py:840} INFO - DAG(s) 'example_setup_teardown_taskflow' retrieved from /home/airflow/.local/lib/python3.12/site-packages/airflow/example_dags/example_setup_teardown_taskflow.py
[2025-08-19T03:29:29.505+0000] {logging_mixin.py:188} INFO - [2025-08-19T03:29:29.505+0000] {dag.py:3096} INFO - Sync 1 DAGs
[2025-08-19T03:29:29.527+0000] {logging_mixin.py:188} INFO - [2025-08-19T03:29:29.527+0000] {dag.py:3954} INFO - Setting next_dagrun for example_setup_teardown_taskflow to 2025-08-18 00:00:00+00:00, run_after=2025-08-19 00:00:00+00:00
[2025-08-19T03:29:29.550+0000] {processor.py:183} INFO - Processing /home/airflow/.local/lib/python3.12/site-packages/airflow/example_dags/example_setup_teardown_taskflow.py took 0.089 seconds
[2025-08-19T03:29:59.931+0000] {processor.py:161} INFO - Started process (PID=24333) to work on /home/airflow/.local/lib/python3.12/site-packages/airflow/example_dags/example_setup_teardown_taskflow.py
[2025-08-19T03:29:59.933+0000] {processor.py:830} INFO - Processing file /home/airflow/.local/lib/python3.12/site-packages/airflow/example_dags/example_setup_teardown_taskflow.py for tasks to queue
[2025-08-19T03:29:59.934+0000] {logging_mixin.py:188} INFO - [2025-08-19T03:29:59.934+0000] {dagbag.py:545} INFO - Filling up the DagBag from /home/airflow/.local/lib/python3.12/site-packages/airflow/example_dags/example_setup_teardown_taskflow.py
[2025-08-19T03:29:59.945+0000] {processor.py:840} INFO - DAG(s) 'example_setup_teardown_taskflow' retrieved from /home/airflow/.local/lib/python3.12/site-packages/airflow/example_dags/example_setup_teardown_taskflow.py
[2025-08-19T03:29:59.966+0000] {logging_mixin.py:188} INFO - [2025-08-19T03:29:59.966+0000] {dag.py:3096} INFO - Sync 1 DAGs
[2025-08-19T03:29:59.988+0000] {logging_mixin.py:188} INFO - [2025-08-19T03:29:59.988+0000] {dag.py:3954} INFO - Setting next_dagrun for example_setup_teardown_taskflow to 2025-08-18 00:00:00+00:00, run_after=2025-08-19 00:00:00+00:00
[2025-08-19T03:30:00.012+0000] {processor.py:183} INFO - Processing /home/airflow/.local/lib/python3.12/site-packages/airflow/example_dags/example_setup_teardown_taskflow.py took 0.087 seconds
[2025-08-19T03:30:30.425+0000] {processor.py:161} INFO - Started process (PID=24386) to work on /home/airflow/.local/lib/python3.12/site-packages/airflow/example_dags/example_setup_teardown_taskflow.py
[2025-08-19T03:30:30.426+0000] {processor.py:830} INFO - Processing file /home/airflow/.local/lib/python3.12/site-packages/airflow/example_dags/example_setup_teardown_taskflow.py for tasks to queue
[2025-08-19T03:30:30.428+0000] {logging_mixin.py:188} INFO - [2025-08-19T03:30:30.428+0000] {dagbag.py:545} INFO - Filling up the DagBag from /home/airflow/.local/lib/python3.12/site-packages/airflow/example_dags/example_setup_teardown_taskflow.py
[2025-08-19T03:30:30.439+0000] {processor.py:840} INFO - DAG(s) 'example_setup_teardown_taskflow' retrieved from /home/airflow/.local/lib/python3.12/site-packages/airflow/example_dags/example_setup_teardown_taskflow.py
[2025-08-19T03:30:30.460+0000] {logging_mixin.py:188} INFO - [2025-08-19T03:30:30.460+0000] {dag.py:3096} INFO - Sync 1 DAGs
[2025-08-19T03:30:30.483+0000] {logging_mixin.py:188} INFO - [2025-08-19T03:30:30.483+0000] {dag.py:3954} INFO - Setting next_dagrun for example_setup_teardown_taskflow to 2025-08-18 00:00:00+00:00, run_after=2025-08-19 00:00:00+00:00
[2025-08-19T03:30:30.505+0000] {processor.py:183} INFO - Processing /home/airflow/.local/lib/python3.12/site-packages/airflow/example_dags/example_setup_teardown_taskflow.py took 0.087 seconds
[2025-08-19T03:31:01.075+0000] {processor.py:161} INFO - Started process (PID=24439) to work on /home/airflow/.local/lib/python3.12/site-packages/airflow/example_dags/example_setup_teardown_taskflow.py
[2025-08-19T03:31:01.076+0000] {processor.py:830} INFO - Processing file /home/airflow/.local/lib/python3.12/site-packages/airflow/example_dags/example_setup_teardown_taskflow.py for tasks to queue
[2025-08-19T03:31:01.078+0000] {logging_mixin.py:188} INFO - [2025-08-19T03:31:01.077+0000] {dagbag.py:545} INFO - Filling up the DagBag from /home/airflow/.local/lib/python3.12/site-packages/airflow/example_dags/example_setup_teardown_taskflow.py
[2025-08-19T03:31:01.090+0000] {processor.py:840} INFO - DAG(s) 'example_setup_teardown_taskflow' retrieved from /home/airflow/.local/lib/python3.12/site-packages/airflow/example_dags/example_setup_teardown_taskflow.py
[2025-08-19T03:31:01.113+0000] {logging_mixin.py:188} INFO - [2025-08-19T03:31:01.113+0000] {dag.py:3096} INFO - Sync 1 DAGs
[2025-08-19T03:31:01.138+0000] {logging_mixin.py:188} INFO - [2025-08-19T03:31:01.137+0000] {dag.py:3954} INFO - Setting next_dagrun for example_setup_teardown_taskflow to 2025-08-18 00:00:00+00:00, run_after=2025-08-19 00:00:00+00:00
[2025-08-19T03:31:01.164+0000] {processor.py:183} INFO - Processing /home/airflow/.local/lib/python3.12/site-packages/airflow/example_dags/example_setup_teardown_taskflow.py took 0.096 seconds
[2025-08-19T03:31:31.413+0000] {processor.py:161} INFO - Started process (PID=24492) to work on /home/airflow/.local/lib/python3.12/site-packages/airflow/example_dags/example_setup_teardown_taskflow.py
[2025-08-19T03:31:31.415+0000] {processor.py:830} INFO - Processing file /home/airflow/.local/lib/python3.12/site-packages/airflow/example_dags/example_setup_teardown_taskflow.py for tasks to queue
[2025-08-19T03:31:31.416+0000] {logging_mixin.py:188} INFO - [2025-08-19T03:31:31.416+0000] {dagbag.py:545} INFO - Filling up the DagBag from /home/airflow/.local/lib/python3.12/site-packages/airflow/example_dags/example_setup_teardown_taskflow.py
[2025-08-19T03:31:31.427+0000] {processor.py:840} INFO - DAG(s) 'example_setup_teardown_taskflow' retrieved from /home/airflow/.local/lib/python3.12/site-packages/airflow/example_dags/example_setup_teardown_taskflow.py
[2025-08-19T03:31:31.449+0000] {logging_mixin.py:188} INFO - [2025-08-19T03:31:31.448+0000] {dag.py:3096} INFO - Sync 1 DAGs
[2025-08-19T03:31:31.471+0000] {logging_mixin.py:188} INFO - [2025-08-19T03:31:31.471+0000] {dag.py:3954} INFO - Setting next_dagrun for example_setup_teardown_taskflow to 2025-08-18 00:00:00+00:00, run_after=2025-08-19 00:00:00+00:00
[2025-08-19T03:31:31.493+0000] {processor.py:183} INFO - Processing /home/airflow/.local/lib/python3.12/site-packages/airflow/example_dags/example_setup_teardown_taskflow.py took 0.085 seconds
[2025-08-19T03:32:01.566+0000] {processor.py:161} INFO - Started process (PID=24545) to work on /home/airflow/.local/lib/python3.12/site-packages/airflow/example_dags/example_setup_teardown_taskflow.py
[2025-08-19T03:32:01.568+0000] {processor.py:830} INFO - Processing file /home/airflow/.local/lib/python3.12/site-packages/airflow/example_dags/example_setup_teardown_taskflow.py for tasks to queue
[2025-08-19T03:32:01.569+0000] {logging_mixin.py:188} INFO - [2025-08-19T03:32:01.569+0000] {dagbag.py:545} INFO - Filling up the DagBag from /home/airflow/.local/lib/python3.12/site-packages/airflow/example_dags/example_setup_teardown_taskflow.py
[2025-08-19T03:32:01.580+0000] {processor.py:840} INFO - DAG(s) 'example_setup_teardown_taskflow' retrieved from /home/airflow/.local/lib/python3.12/site-packages/airflow/example_dags/example_setup_teardown_taskflow.py
[2025-08-19T03:32:01.605+0000] {logging_mixin.py:188} INFO - [2025-08-19T03:32:01.604+0000] {dag.py:3096} INFO - Sync 1 DAGs
[2025-08-19T03:32:01.628+0000] {logging_mixin.py:188} INFO - [2025-08-19T03:32:01.628+0000] {dag.py:3954} INFO - Setting next_dagrun for example_setup_teardown_taskflow to 2025-08-18 00:00:00+00:00, run_after=2025-08-19 00:00:00+00:00
[2025-08-19T03:32:01.657+0000] {processor.py:183} INFO - Processing /home/airflow/.local/lib/python3.12/site-packages/airflow/example_dags/example_setup_teardown_taskflow.py took 0.097 seconds
[2025-08-19T03:32:31.695+0000] {processor.py:161} INFO - Started process (PID=24598) to work on /home/airflow/.local/lib/python3.12/site-packages/airflow/example_dags/example_setup_teardown_taskflow.py
[2025-08-19T03:32:31.696+0000] {processor.py:830} INFO - Processing file /home/airflow/.local/lib/python3.12/site-packages/airflow/example_dags/example_setup_teardown_taskflow.py for tasks to queue
[2025-08-19T03:32:31.698+0000] {logging_mixin.py:188} INFO - [2025-08-19T03:32:31.697+0000] {dagbag.py:545} INFO - Filling up the DagBag from /home/airflow/.local/lib/python3.12/site-packages/airflow/example_dags/example_setup_teardown_taskflow.py
[2025-08-19T03:32:31.709+0000] {processor.py:840} INFO - DAG(s) 'example_setup_teardown_taskflow' retrieved from /home/airflow/.local/lib/python3.12/site-packages/airflow/example_dags/example_setup_teardown_taskflow.py
[2025-08-19T03:32:31.731+0000] {logging_mixin.py:188} INFO - [2025-08-19T03:32:31.731+0000] {dag.py:3096} INFO - Sync 1 DAGs
[2025-08-19T03:32:31.754+0000] {logging_mixin.py:188} INFO - [2025-08-19T03:32:31.753+0000] {dag.py:3954} INFO - Setting next_dagrun for example_setup_teardown_taskflow to 2025-08-18 00:00:00+00:00, run_after=2025-08-19 00:00:00+00:00
[2025-08-19T03:32:31.784+0000] {processor.py:183} INFO - Processing /home/airflow/.local/lib/python3.12/site-packages/airflow/example_dags/example_setup_teardown_taskflow.py took 0.095 seconds
[2025-08-19T03:33:02.832+0000] {processor.py:161} INFO - Started process (PID=24651) to work on /home/airflow/.local/lib/python3.12/site-packages/airflow/example_dags/example_setup_teardown_taskflow.py
[2025-08-19T03:33:02.835+0000] {processor.py:830} INFO - Processing file /home/airflow/.local/lib/python3.12/site-packages/airflow/example_dags/example_setup_teardown_taskflow.py for tasks to queue
[2025-08-19T03:33:02.837+0000] {logging_mixin.py:188} INFO - [2025-08-19T03:33:02.836+0000] {dagbag.py:545} INFO - Filling up the DagBag from /home/airflow/.local/lib/python3.12/site-packages/airflow/example_dags/example_setup_teardown_taskflow.py
[2025-08-19T03:33:02.867+0000] {processor.py:840} INFO - DAG(s) 'example_setup_teardown_taskflow' retrieved from /home/airflow/.local/lib/python3.12/site-packages/airflow/example_dags/example_setup_teardown_taskflow.py
[2025-08-19T03:33:02.924+0000] {logging_mixin.py:188} INFO - [2025-08-19T03:33:02.923+0000] {dag.py:3096} INFO - Sync 1 DAGs
[2025-08-19T03:33:02.987+0000] {logging_mixin.py:188} INFO - [2025-08-19T03:33:02.986+0000] {dag.py:3954} INFO - Setting next_dagrun for example_setup_teardown_taskflow to 2025-08-18 00:00:00+00:00, run_after=2025-08-19 00:00:00+00:00
[2025-08-19T03:33:03.047+0000] {processor.py:183} INFO - Processing /home/airflow/.local/lib/python3.12/site-packages/airflow/example_dags/example_setup_teardown_taskflow.py took 0.234 seconds
[2025-08-19T03:33:37.960+0000] {processor.py:161} INFO - Started process (PID=24704) to work on /home/airflow/.local/lib/python3.12/site-packages/airflow/example_dags/example_setup_teardown_taskflow.py
[2025-08-19T03:33:37.967+0000] {processor.py:830} INFO - Processing file /home/airflow/.local/lib/python3.12/site-packages/airflow/example_dags/example_setup_teardown_taskflow.py for tasks to queue
[2025-08-19T03:33:37.971+0000] {logging_mixin.py:188} INFO - [2025-08-19T03:33:37.970+0000] {dagbag.py:545} INFO - Filling up the DagBag from /home/airflow/.local/lib/python3.12/site-packages/airflow/example_dags/example_setup_teardown_taskflow.py
[2025-08-19T03:33:38.029+0000] {processor.py:840} INFO - DAG(s) 'example_setup_teardown_taskflow' retrieved from /home/airflow/.local/lib/python3.12/site-packages/airflow/example_dags/example_setup_teardown_taskflow.py
[2025-08-19T03:33:38.133+0000] {logging_mixin.py:188} INFO - [2025-08-19T03:33:38.132+0000] {dag.py:3096} INFO - Sync 1 DAGs
[2025-08-19T03:33:38.247+0000] {logging_mixin.py:188} INFO - [2025-08-19T03:33:38.246+0000] {dag.py:3954} INFO - Setting next_dagrun for example_setup_teardown_taskflow to 2025-08-18 00:00:00+00:00, run_after=2025-08-19 00:00:00+00:00
[2025-08-19T03:33:38.377+0000] {processor.py:183} INFO - Processing /home/airflow/.local/lib/python3.12/site-packages/airflow/example_dags/example_setup_teardown_taskflow.py took 0.448 seconds
[2025-08-19T03:34:08.946+0000] {processor.py:161} INFO - Started process (PID=24757) to work on /home/airflow/.local/lib/python3.12/site-packages/airflow/example_dags/example_setup_teardown_taskflow.py
[2025-08-19T03:34:08.949+0000] {processor.py:830} INFO - Processing file /home/airflow/.local/lib/python3.12/site-packages/airflow/example_dags/example_setup_teardown_taskflow.py for tasks to queue
[2025-08-19T03:34:08.952+0000] {logging_mixin.py:188} INFO - [2025-08-19T03:34:08.951+0000] {dagbag.py:545} INFO - Filling up the DagBag from /home/airflow/.local/lib/python3.12/site-packages/airflow/example_dags/example_setup_teardown_taskflow.py
[2025-08-19T03:34:08.973+0000] {processor.py:840} INFO - DAG(s) 'example_setup_teardown_taskflow' retrieved from /home/airflow/.local/lib/python3.12/site-packages/airflow/example_dags/example_setup_teardown_taskflow.py
[2025-08-19T03:34:09.028+0000] {logging_mixin.py:188} INFO - [2025-08-19T03:34:09.027+0000] {dag.py:3096} INFO - Sync 1 DAGs
[2025-08-19T03:34:09.069+0000] {logging_mixin.py:188} INFO - [2025-08-19T03:34:09.069+0000] {dag.py:3954} INFO - Setting next_dagrun for example_setup_teardown_taskflow to 2025-08-18 00:00:00+00:00, run_after=2025-08-19 00:00:00+00:00
[2025-08-19T03:34:09.115+0000] {processor.py:183} INFO - Processing /home/airflow/.local/lib/python3.12/site-packages/airflow/example_dags/example_setup_teardown_taskflow.py took 0.186 seconds
[2025-08-19T03:34:39.589+0000] {processor.py:161} INFO - Started process (PID=24810) to work on /home/airflow/.local/lib/python3.12/site-packages/airflow/example_dags/example_setup_teardown_taskflow.py
[2025-08-19T03:34:39.591+0000] {processor.py:830} INFO - Processing file /home/airflow/.local/lib/python3.12/site-packages/airflow/example_dags/example_setup_teardown_taskflow.py for tasks to queue
[2025-08-19T03:34:39.593+0000] {logging_mixin.py:188} INFO - [2025-08-19T03:34:39.593+0000] {dagbag.py:545} INFO - Filling up the DagBag from /home/airflow/.local/lib/python3.12/site-packages/airflow/example_dags/example_setup_teardown_taskflow.py
[2025-08-19T03:34:39.605+0000] {processor.py:840} INFO - DAG(s) 'example_setup_teardown_taskflow' retrieved from /home/airflow/.local/lib/python3.12/site-packages/airflow/example_dags/example_setup_teardown_taskflow.py
[2025-08-19T03:34:39.632+0000] {logging_mixin.py:188} INFO - [2025-08-19T03:34:39.632+0000] {dag.py:3096} INFO - Sync 1 DAGs
[2025-08-19T03:34:39.657+0000] {logging_mixin.py:188} INFO - [2025-08-19T03:34:39.657+0000] {dag.py:3954} INFO - Setting next_dagrun for example_setup_teardown_taskflow to 2025-08-18 00:00:00+00:00, run_after=2025-08-19 00:00:00+00:00
[2025-08-19T03:34:39.686+0000] {processor.py:183} INFO - Processing /home/airflow/.local/lib/python3.12/site-packages/airflow/example_dags/example_setup_teardown_taskflow.py took 0.104 seconds
[2025-08-19T03:35:09.754+0000] {processor.py:161} INFO - Started process (PID=24863) to work on /home/airflow/.local/lib/python3.12/site-packages/airflow/example_dags/example_setup_teardown_taskflow.py
[2025-08-19T03:35:09.756+0000] {processor.py:830} INFO - Processing file /home/airflow/.local/lib/python3.12/site-packages/airflow/example_dags/example_setup_teardown_taskflow.py for tasks to queue
[2025-08-19T03:35:09.757+0000] {logging_mixin.py:188} INFO - [2025-08-19T03:35:09.757+0000] {dagbag.py:545} INFO - Filling up the DagBag from /home/airflow/.local/lib/python3.12/site-packages/airflow/example_dags/example_setup_teardown_taskflow.py
[2025-08-19T03:35:09.769+0000] {processor.py:840} INFO - DAG(s) 'example_setup_teardown_taskflow' retrieved from /home/airflow/.local/lib/python3.12/site-packages/airflow/example_dags/example_setup_teardown_taskflow.py
[2025-08-19T03:35:09.794+0000] {logging_mixin.py:188} INFO - [2025-08-19T03:35:09.794+0000] {dag.py:3096} INFO - Sync 1 DAGs
[2025-08-19T03:35:09.820+0000] {logging_mixin.py:188} INFO - [2025-08-19T03:35:09.820+0000] {dag.py:3954} INFO - Setting next_dagrun for example_setup_teardown_taskflow to 2025-08-18 00:00:00+00:00, run_after=2025-08-19 00:00:00+00:00
[2025-08-19T03:35:09.851+0000] {processor.py:183} INFO - Processing /home/airflow/.local/lib/python3.12/site-packages/airflow/example_dags/example_setup_teardown_taskflow.py took 0.106 seconds
[2025-08-19T03:35:40.428+0000] {processor.py:161} INFO - Started process (PID=24916) to work on /home/airflow/.local/lib/python3.12/site-packages/airflow/example_dags/example_setup_teardown_taskflow.py
[2025-08-19T03:35:40.430+0000] {processor.py:830} INFO - Processing file /home/airflow/.local/lib/python3.12/site-packages/airflow/example_dags/example_setup_teardown_taskflow.py for tasks to queue
[2025-08-19T03:35:40.432+0000] {logging_mixin.py:188} INFO - [2025-08-19T03:35:40.431+0000] {dagbag.py:545} INFO - Filling up the DagBag from /home/airflow/.local/lib/python3.12/site-packages/airflow/example_dags/example_setup_teardown_taskflow.py
[2025-08-19T03:35:40.445+0000] {processor.py:840} INFO - DAG(s) 'example_setup_teardown_taskflow' retrieved from /home/airflow/.local/lib/python3.12/site-packages/airflow/example_dags/example_setup_teardown_taskflow.py
[2025-08-19T03:35:40.474+0000] {logging_mixin.py:188} INFO - [2025-08-19T03:35:40.473+0000] {dag.py:3096} INFO - Sync 1 DAGs
[2025-08-19T03:35:40.498+0000] {logging_mixin.py:188} INFO - [2025-08-19T03:35:40.498+0000] {dag.py:3954} INFO - Setting next_dagrun for example_setup_teardown_taskflow to 2025-08-18 00:00:00+00:00, run_after=2025-08-19 00:00:00+00:00
[2025-08-19T03:35:40.528+0000] {processor.py:183} INFO - Processing /home/airflow/.local/lib/python3.12/site-packages/airflow/example_dags/example_setup_teardown_taskflow.py took 0.106 seconds
[2025-08-19T03:36:10.887+0000] {processor.py:161} INFO - Started process (PID=24969) to work on /home/airflow/.local/lib/python3.12/site-packages/airflow/example_dags/example_setup_teardown_taskflow.py
[2025-08-19T03:36:10.890+0000] {processor.py:830} INFO - Processing file /home/airflow/.local/lib/python3.12/site-packages/airflow/example_dags/example_setup_teardown_taskflow.py for tasks to queue
[2025-08-19T03:36:10.891+0000] {logging_mixin.py:188} INFO - [2025-08-19T03:36:10.891+0000] {dagbag.py:545} INFO - Filling up the DagBag from /home/airflow/.local/lib/python3.12/site-packages/airflow/example_dags/example_setup_teardown_taskflow.py
[2025-08-19T03:36:10.904+0000] {processor.py:840} INFO - DAG(s) 'example_setup_teardown_taskflow' retrieved from /home/airflow/.local/lib/python3.12/site-packages/airflow/example_dags/example_setup_teardown_taskflow.py
[2025-08-19T03:36:10.933+0000] {logging_mixin.py:188} INFO - [2025-08-19T03:36:10.933+0000] {dag.py:3096} INFO - Sync 1 DAGs
[2025-08-19T03:36:10.958+0000] {logging_mixin.py:188} INFO - [2025-08-19T03:36:10.958+0000] {dag.py:3954} INFO - Setting next_dagrun for example_setup_teardown_taskflow to 2025-08-18 00:00:00+00:00, run_after=2025-08-19 00:00:00+00:00
[2025-08-19T03:36:10.987+0000] {processor.py:183} INFO - Processing /home/airflow/.local/lib/python3.12/site-packages/airflow/example_dags/example_setup_teardown_taskflow.py took 0.106 seconds
[2025-08-19T03:36:41.213+0000] {processor.py:161} INFO - Started process (PID=25022) to work on /home/airflow/.local/lib/python3.12/site-packages/airflow/example_dags/example_setup_teardown_taskflow.py
[2025-08-19T03:36:41.214+0000] {processor.py:830} INFO - Processing file /home/airflow/.local/lib/python3.12/site-packages/airflow/example_dags/example_setup_teardown_taskflow.py for tasks to queue
[2025-08-19T03:36:41.217+0000] {logging_mixin.py:188} INFO - [2025-08-19T03:36:41.216+0000] {dagbag.py:545} INFO - Filling up the DagBag from /home/airflow/.local/lib/python3.12/site-packages/airflow/example_dags/example_setup_teardown_taskflow.py
[2025-08-19T03:36:41.233+0000] {processor.py:840} INFO - DAG(s) 'example_setup_teardown_taskflow' retrieved from /home/airflow/.local/lib/python3.12/site-packages/airflow/example_dags/example_setup_teardown_taskflow.py
[2025-08-19T03:36:41.264+0000] {logging_mixin.py:188} INFO - [2025-08-19T03:36:41.263+0000] {dag.py:3096} INFO - Sync 1 DAGs
[2025-08-19T03:36:41.294+0000] {logging_mixin.py:188} INFO - [2025-08-19T03:36:41.294+0000] {dag.py:3954} INFO - Setting next_dagrun for example_setup_teardown_taskflow to 2025-08-18 00:00:00+00:00, run_after=2025-08-19 00:00:00+00:00
[2025-08-19T03:36:41.327+0000] {processor.py:183} INFO - Processing /home/airflow/.local/lib/python3.12/site-packages/airflow/example_dags/example_setup_teardown_taskflow.py took 0.125 seconds
[2025-08-19T03:37:11.982+0000] {processor.py:161} INFO - Started process (PID=25075) to work on /home/airflow/.local/lib/python3.12/site-packages/airflow/example_dags/example_setup_teardown_taskflow.py
[2025-08-19T03:37:11.984+0000] {processor.py:830} INFO - Processing file /home/airflow/.local/lib/python3.12/site-packages/airflow/example_dags/example_setup_teardown_taskflow.py for tasks to queue
[2025-08-19T03:37:11.985+0000] {logging_mixin.py:188} INFO - [2025-08-19T03:37:11.984+0000] {dagbag.py:545} INFO - Filling up the DagBag from /home/airflow/.local/lib/python3.12/site-packages/airflow/example_dags/example_setup_teardown_taskflow.py
[2025-08-19T03:37:11.995+0000] {processor.py:840} INFO - DAG(s) 'example_setup_teardown_taskflow' retrieved from /home/airflow/.local/lib/python3.12/site-packages/airflow/example_dags/example_setup_teardown_taskflow.py
[2025-08-19T03:37:12.020+0000] {logging_mixin.py:188} INFO - [2025-08-19T03:37:12.019+0000] {dag.py:3096} INFO - Sync 1 DAGs
[2025-08-19T03:37:12.043+0000] {logging_mixin.py:188} INFO - [2025-08-19T03:37:12.043+0000] {dag.py:3954} INFO - Setting next_dagrun for example_setup_teardown_taskflow to 2025-08-18 00:00:00+00:00, run_after=2025-08-19 00:00:00+00:00
[2025-08-19T03:37:12.073+0000] {processor.py:183} INFO - Processing /home/airflow/.local/lib/python3.12/site-packages/airflow/example_dags/example_setup_teardown_taskflow.py took 0.099 seconds
