[2025-08-19T03:10:00.181+0000] {processor.py:161} INFO - Started process (PID=22237) to work on /home/airflow/.local/lib/python3.12/site-packages/airflow/example_dags/example_time_delta_sensor_async.py
[2025-08-19T03:10:00.195+0000] {processor.py:830} INFO - Processing file /home/airflow/.local/lib/python3.12/site-packages/airflow/example_dags/example_time_delta_sensor_async.py for tasks to queue
[2025-08-19T03:10:00.217+0000] {logging_mixin.py:188} INFO - [2025-08-19T03:10:00.215+0000] {dagbag.py:545} INFO - Filling up the DagBag from /home/airflow/.local/lib/python3.12/site-packages/airflow/example_dags/example_time_delta_sensor_async.py
[2025-08-19T03:10:01.993+0000] {processor.py:840} INFO - DAG(s) 'example_time_delta_sensor_async' retrieved from /home/airflow/.local/lib/python3.12/site-packages/airflow/example_dags/example_time_delta_sensor_async.py
[2025-08-19T03:10:02.075+0000] {logging_mixin.py:188} INFO - [2025-08-19T03:10:02.074+0000] {dag.py:3096} INFO - Sync 1 DAGs
[2025-08-19T03:10:02.116+0000] {logging_mixin.py:188} INFO - [2025-08-19T03:10:02.116+0000] {dag.py:3954} INFO - Setting next_dagrun for example_time_delta_sensor_async to None, run_after=None
[2025-08-19T03:10:02.317+0000] {processor.py:183} INFO - Processing /home/airflow/.local/lib/python3.12/site-packages/airflow/example_dags/example_time_delta_sensor_async.py took 2.187 seconds
[2025-08-19T03:10:32.933+0000] {processor.py:161} INFO - Started process (PID=22290) to work on /home/airflow/.local/lib/python3.12/site-packages/airflow/example_dags/example_time_delta_sensor_async.py
[2025-08-19T03:10:32.934+0000] {processor.py:830} INFO - Processing file /home/airflow/.local/lib/python3.12/site-packages/airflow/example_dags/example_time_delta_sensor_async.py for tasks to queue
[2025-08-19T03:10:32.936+0000] {logging_mixin.py:188} INFO - [2025-08-19T03:10:32.935+0000] {dagbag.py:545} INFO - Filling up the DagBag from /home/airflow/.local/lib/python3.12/site-packages/airflow/example_dags/example_time_delta_sensor_async.py
[2025-08-19T03:10:32.943+0000] {processor.py:840} INFO - DAG(s) 'example_time_delta_sensor_async' retrieved from /home/airflow/.local/lib/python3.12/site-packages/airflow/example_dags/example_time_delta_sensor_async.py
[2025-08-19T03:10:32.979+0000] {logging_mixin.py:188} INFO - [2025-08-19T03:10:32.978+0000] {dag.py:3096} INFO - Sync 1 DAGs
[2025-08-19T03:10:33.000+0000] {logging_mixin.py:188} INFO - [2025-08-19T03:10:33.000+0000] {dag.py:3954} INFO - Setting next_dagrun for example_time_delta_sensor_async to None, run_after=None
[2025-08-19T03:10:33.030+0000] {processor.py:183} INFO - Processing /home/airflow/.local/lib/python3.12/site-packages/airflow/example_dags/example_time_delta_sensor_async.py took 0.109 seconds
[2025-08-19T03:11:03.717+0000] {processor.py:161} INFO - Started process (PID=22343) to work on /home/airflow/.local/lib/python3.12/site-packages/airflow/example_dags/example_time_delta_sensor_async.py
[2025-08-19T03:11:03.719+0000] {processor.py:830} INFO - Processing file /home/airflow/.local/lib/python3.12/site-packages/airflow/example_dags/example_time_delta_sensor_async.py for tasks to queue
[2025-08-19T03:11:03.722+0000] {logging_mixin.py:188} INFO - [2025-08-19T03:11:03.721+0000] {dagbag.py:545} INFO - Filling up the DagBag from /home/airflow/.local/lib/python3.12/site-packages/airflow/example_dags/example_time_delta_sensor_async.py
[2025-08-19T03:11:03.728+0000] {processor.py:840} INFO - DAG(s) 'example_time_delta_sensor_async' retrieved from /home/airflow/.local/lib/python3.12/site-packages/airflow/example_dags/example_time_delta_sensor_async.py
[2025-08-19T03:11:03.757+0000] {logging_mixin.py:188} INFO - [2025-08-19T03:11:03.756+0000] {dag.py:3096} INFO - Sync 1 DAGs
[2025-08-19T03:11:03.777+0000] {logging_mixin.py:188} INFO - [2025-08-19T03:11:03.777+0000] {dag.py:3954} INFO - Setting next_dagrun for example_time_delta_sensor_async to None, run_after=None
[2025-08-19T03:11:03.815+0000] {processor.py:183} INFO - Processing /home/airflow/.local/lib/python3.12/site-packages/airflow/example_dags/example_time_delta_sensor_async.py took 0.105 seconds
[2025-08-19T03:11:34.186+0000] {processor.py:161} INFO - Started process (PID=22396) to work on /home/airflow/.local/lib/python3.12/site-packages/airflow/example_dags/example_time_delta_sensor_async.py
[2025-08-19T03:11:34.188+0000] {processor.py:830} INFO - Processing file /home/airflow/.local/lib/python3.12/site-packages/airflow/example_dags/example_time_delta_sensor_async.py for tasks to queue
[2025-08-19T03:11:34.189+0000] {logging_mixin.py:188} INFO - [2025-08-19T03:11:34.189+0000] {dagbag.py:545} INFO - Filling up the DagBag from /home/airflow/.local/lib/python3.12/site-packages/airflow/example_dags/example_time_delta_sensor_async.py
[2025-08-19T03:11:34.195+0000] {processor.py:840} INFO - DAG(s) 'example_time_delta_sensor_async' retrieved from /home/airflow/.local/lib/python3.12/site-packages/airflow/example_dags/example_time_delta_sensor_async.py
[2025-08-19T03:11:34.220+0000] {logging_mixin.py:188} INFO - [2025-08-19T03:11:34.220+0000] {dag.py:3096} INFO - Sync 1 DAGs
[2025-08-19T03:11:34.234+0000] {logging_mixin.py:188} INFO - [2025-08-19T03:11:34.233+0000] {dag.py:3954} INFO - Setting next_dagrun for example_time_delta_sensor_async to None, run_after=None
[2025-08-19T03:11:34.268+0000] {processor.py:183} INFO - Processing /home/airflow/.local/lib/python3.12/site-packages/airflow/example_dags/example_time_delta_sensor_async.py took 0.091 seconds
[2025-08-19T03:12:04.619+0000] {processor.py:161} INFO - Started process (PID=22449) to work on /home/airflow/.local/lib/python3.12/site-packages/airflow/example_dags/example_time_delta_sensor_async.py
[2025-08-19T03:12:04.620+0000] {processor.py:830} INFO - Processing file /home/airflow/.local/lib/python3.12/site-packages/airflow/example_dags/example_time_delta_sensor_async.py for tasks to queue
[2025-08-19T03:12:04.622+0000] {logging_mixin.py:188} INFO - [2025-08-19T03:12:04.621+0000] {dagbag.py:545} INFO - Filling up the DagBag from /home/airflow/.local/lib/python3.12/site-packages/airflow/example_dags/example_time_delta_sensor_async.py
[2025-08-19T03:12:04.627+0000] {processor.py:840} INFO - DAG(s) 'example_time_delta_sensor_async' retrieved from /home/airflow/.local/lib/python3.12/site-packages/airflow/example_dags/example_time_delta_sensor_async.py
[2025-08-19T03:12:04.657+0000] {logging_mixin.py:188} INFO - [2025-08-19T03:12:04.656+0000] {dag.py:3096} INFO - Sync 1 DAGs
[2025-08-19T03:12:04.671+0000] {logging_mixin.py:188} INFO - [2025-08-19T03:12:04.671+0000] {dag.py:3954} INFO - Setting next_dagrun for example_time_delta_sensor_async to None, run_after=None
[2025-08-19T03:12:04.697+0000] {processor.py:183} INFO - Processing /home/airflow/.local/lib/python3.12/site-packages/airflow/example_dags/example_time_delta_sensor_async.py took 0.085 seconds
[2025-08-19T03:12:35.151+0000] {processor.py:161} INFO - Started process (PID=22502) to work on /home/airflow/.local/lib/python3.12/site-packages/airflow/example_dags/example_time_delta_sensor_async.py
[2025-08-19T03:12:35.153+0000] {processor.py:830} INFO - Processing file /home/airflow/.local/lib/python3.12/site-packages/airflow/example_dags/example_time_delta_sensor_async.py for tasks to queue
[2025-08-19T03:12:35.154+0000] {logging_mixin.py:188} INFO - [2025-08-19T03:12:35.154+0000] {dagbag.py:545} INFO - Filling up the DagBag from /home/airflow/.local/lib/python3.12/site-packages/airflow/example_dags/example_time_delta_sensor_async.py
[2025-08-19T03:12:35.159+0000] {processor.py:840} INFO - DAG(s) 'example_time_delta_sensor_async' retrieved from /home/airflow/.local/lib/python3.12/site-packages/airflow/example_dags/example_time_delta_sensor_async.py
[2025-08-19T03:12:35.187+0000] {logging_mixin.py:188} INFO - [2025-08-19T03:12:35.186+0000] {dag.py:3096} INFO - Sync 1 DAGs
[2025-08-19T03:12:35.203+0000] {logging_mixin.py:188} INFO - [2025-08-19T03:12:35.202+0000] {dag.py:3954} INFO - Setting next_dagrun for example_time_delta_sensor_async to None, run_after=None
[2025-08-19T03:12:35.232+0000] {processor.py:183} INFO - Processing /home/airflow/.local/lib/python3.12/site-packages/airflow/example_dags/example_time_delta_sensor_async.py took 0.090 seconds
[2025-08-19T03:13:05.944+0000] {processor.py:161} INFO - Started process (PID=22555) to work on /home/airflow/.local/lib/python3.12/site-packages/airflow/example_dags/example_time_delta_sensor_async.py
[2025-08-19T03:13:05.946+0000] {processor.py:830} INFO - Processing file /home/airflow/.local/lib/python3.12/site-packages/airflow/example_dags/example_time_delta_sensor_async.py for tasks to queue
[2025-08-19T03:13:05.948+0000] {logging_mixin.py:188} INFO - [2025-08-19T03:13:05.947+0000] {dagbag.py:545} INFO - Filling up the DagBag from /home/airflow/.local/lib/python3.12/site-packages/airflow/example_dags/example_time_delta_sensor_async.py
[2025-08-19T03:13:05.954+0000] {processor.py:840} INFO - DAG(s) 'example_time_delta_sensor_async' retrieved from /home/airflow/.local/lib/python3.12/site-packages/airflow/example_dags/example_time_delta_sensor_async.py
[2025-08-19T03:13:05.985+0000] {logging_mixin.py:188} INFO - [2025-08-19T03:13:05.985+0000] {dag.py:3096} INFO - Sync 1 DAGs
[2025-08-19T03:13:06.002+0000] {logging_mixin.py:188} INFO - [2025-08-19T03:13:06.002+0000] {dag.py:3954} INFO - Setting next_dagrun for example_time_delta_sensor_async to None, run_after=None
[2025-08-19T03:13:06.029+0000] {processor.py:183} INFO - Processing /home/airflow/.local/lib/python3.12/site-packages/airflow/example_dags/example_time_delta_sensor_async.py took 0.091 seconds
[2025-08-19T03:13:36.789+0000] {processor.py:161} INFO - Started process (PID=22608) to work on /home/airflow/.local/lib/python3.12/site-packages/airflow/example_dags/example_time_delta_sensor_async.py
[2025-08-19T03:13:36.791+0000] {processor.py:830} INFO - Processing file /home/airflow/.local/lib/python3.12/site-packages/airflow/example_dags/example_time_delta_sensor_async.py for tasks to queue
[2025-08-19T03:13:36.793+0000] {logging_mixin.py:188} INFO - [2025-08-19T03:13:36.792+0000] {dagbag.py:545} INFO - Filling up the DagBag from /home/airflow/.local/lib/python3.12/site-packages/airflow/example_dags/example_time_delta_sensor_async.py
[2025-08-19T03:13:36.799+0000] {processor.py:840} INFO - DAG(s) 'example_time_delta_sensor_async' retrieved from /home/airflow/.local/lib/python3.12/site-packages/airflow/example_dags/example_time_delta_sensor_async.py
[2025-08-19T03:13:36.825+0000] {logging_mixin.py:188} INFO - [2025-08-19T03:13:36.825+0000] {dag.py:3096} INFO - Sync 1 DAGs
[2025-08-19T03:13:36.840+0000] {logging_mixin.py:188} INFO - [2025-08-19T03:13:36.840+0000] {dag.py:3954} INFO - Setting next_dagrun for example_time_delta_sensor_async to None, run_after=None
[2025-08-19T03:13:36.873+0000] {processor.py:183} INFO - Processing /home/airflow/.local/lib/python3.12/site-packages/airflow/example_dags/example_time_delta_sensor_async.py took 0.088 seconds
[2025-08-19T03:14:07.605+0000] {processor.py:161} INFO - Started process (PID=22661) to work on /home/airflow/.local/lib/python3.12/site-packages/airflow/example_dags/example_time_delta_sensor_async.py
[2025-08-19T03:14:07.607+0000] {processor.py:830} INFO - Processing file /home/airflow/.local/lib/python3.12/site-packages/airflow/example_dags/example_time_delta_sensor_async.py for tasks to queue
[2025-08-19T03:14:07.609+0000] {logging_mixin.py:188} INFO - [2025-08-19T03:14:07.609+0000] {dagbag.py:545} INFO - Filling up the DagBag from /home/airflow/.local/lib/python3.12/site-packages/airflow/example_dags/example_time_delta_sensor_async.py
[2025-08-19T03:14:07.615+0000] {processor.py:840} INFO - DAG(s) 'example_time_delta_sensor_async' retrieved from /home/airflow/.local/lib/python3.12/site-packages/airflow/example_dags/example_time_delta_sensor_async.py
[2025-08-19T03:14:07.641+0000] {logging_mixin.py:188} INFO - [2025-08-19T03:14:07.641+0000] {dag.py:3096} INFO - Sync 1 DAGs
[2025-08-19T03:14:07.657+0000] {logging_mixin.py:188} INFO - [2025-08-19T03:14:07.657+0000] {dag.py:3954} INFO - Setting next_dagrun for example_time_delta_sensor_async to None, run_after=None
[2025-08-19T03:14:07.693+0000] {processor.py:183} INFO - Processing /home/airflow/.local/lib/python3.12/site-packages/airflow/example_dags/example_time_delta_sensor_async.py took 0.092 seconds
[2025-08-19T03:14:38.416+0000] {processor.py:161} INFO - Started process (PID=22714) to work on /home/airflow/.local/lib/python3.12/site-packages/airflow/example_dags/example_time_delta_sensor_async.py
[2025-08-19T03:14:38.417+0000] {processor.py:830} INFO - Processing file /home/airflow/.local/lib/python3.12/site-packages/airflow/example_dags/example_time_delta_sensor_async.py for tasks to queue
[2025-08-19T03:14:38.419+0000] {logging_mixin.py:188} INFO - [2025-08-19T03:14:38.418+0000] {dagbag.py:545} INFO - Filling up the DagBag from /home/airflow/.local/lib/python3.12/site-packages/airflow/example_dags/example_time_delta_sensor_async.py
[2025-08-19T03:14:38.424+0000] {processor.py:840} INFO - DAG(s) 'example_time_delta_sensor_async' retrieved from /home/airflow/.local/lib/python3.12/site-packages/airflow/example_dags/example_time_delta_sensor_async.py
[2025-08-19T03:14:38.451+0000] {logging_mixin.py:188} INFO - [2025-08-19T03:14:38.450+0000] {dag.py:3096} INFO - Sync 1 DAGs
[2025-08-19T03:14:38.466+0000] {logging_mixin.py:188} INFO - [2025-08-19T03:14:38.466+0000] {dag.py:3954} INFO - Setting next_dagrun for example_time_delta_sensor_async to None, run_after=None
[2025-08-19T03:14:38.494+0000] {processor.py:183} INFO - Processing /home/airflow/.local/lib/python3.12/site-packages/airflow/example_dags/example_time_delta_sensor_async.py took 0.084 seconds
[2025-08-19T03:15:09.188+0000] {processor.py:161} INFO - Started process (PID=22767) to work on /home/airflow/.local/lib/python3.12/site-packages/airflow/example_dags/example_time_delta_sensor_async.py
[2025-08-19T03:15:09.190+0000] {processor.py:830} INFO - Processing file /home/airflow/.local/lib/python3.12/site-packages/airflow/example_dags/example_time_delta_sensor_async.py for tasks to queue
[2025-08-19T03:15:09.191+0000] {logging_mixin.py:188} INFO - [2025-08-19T03:15:09.191+0000] {dagbag.py:545} INFO - Filling up the DagBag from /home/airflow/.local/lib/python3.12/site-packages/airflow/example_dags/example_time_delta_sensor_async.py
[2025-08-19T03:15:09.198+0000] {processor.py:840} INFO - DAG(s) 'example_time_delta_sensor_async' retrieved from /home/airflow/.local/lib/python3.12/site-packages/airflow/example_dags/example_time_delta_sensor_async.py
[2025-08-19T03:15:09.221+0000] {logging_mixin.py:188} INFO - [2025-08-19T03:15:09.221+0000] {dag.py:3096} INFO - Sync 1 DAGs
[2025-08-19T03:15:09.237+0000] {logging_mixin.py:188} INFO - [2025-08-19T03:15:09.237+0000] {dag.py:3954} INFO - Setting next_dagrun for example_time_delta_sensor_async to None, run_after=None
[2025-08-19T03:15:09.266+0000] {processor.py:183} INFO - Processing /home/airflow/.local/lib/python3.12/site-packages/airflow/example_dags/example_time_delta_sensor_async.py took 0.084 seconds
[2025-08-19T03:15:40.024+0000] {processor.py:161} INFO - Started process (PID=22820) to work on /home/airflow/.local/lib/python3.12/site-packages/airflow/example_dags/example_time_delta_sensor_async.py
[2025-08-19T03:15:40.026+0000] {processor.py:830} INFO - Processing file /home/airflow/.local/lib/python3.12/site-packages/airflow/example_dags/example_time_delta_sensor_async.py for tasks to queue
[2025-08-19T03:15:40.027+0000] {logging_mixin.py:188} INFO - [2025-08-19T03:15:40.027+0000] {dagbag.py:545} INFO - Filling up the DagBag from /home/airflow/.local/lib/python3.12/site-packages/airflow/example_dags/example_time_delta_sensor_async.py
[2025-08-19T03:15:40.033+0000] {processor.py:840} INFO - DAG(s) 'example_time_delta_sensor_async' retrieved from /home/airflow/.local/lib/python3.12/site-packages/airflow/example_dags/example_time_delta_sensor_async.py
[2025-08-19T03:15:40.060+0000] {logging_mixin.py:188} INFO - [2025-08-19T03:15:40.060+0000] {dag.py:3096} INFO - Sync 1 DAGs
[2025-08-19T03:15:40.076+0000] {logging_mixin.py:188} INFO - [2025-08-19T03:15:40.076+0000] {dag.py:3954} INFO - Setting next_dagrun for example_time_delta_sensor_async to None, run_after=None
[2025-08-19T03:15:40.115+0000] {processor.py:183} INFO - Processing /home/airflow/.local/lib/python3.12/site-packages/airflow/example_dags/example_time_delta_sensor_async.py took 0.097 seconds
[2025-08-19T03:16:10.673+0000] {processor.py:161} INFO - Started process (PID=22873) to work on /home/airflow/.local/lib/python3.12/site-packages/airflow/example_dags/example_time_delta_sensor_async.py
[2025-08-19T03:16:10.675+0000] {processor.py:830} INFO - Processing file /home/airflow/.local/lib/python3.12/site-packages/airflow/example_dags/example_time_delta_sensor_async.py for tasks to queue
[2025-08-19T03:16:10.677+0000] {logging_mixin.py:188} INFO - [2025-08-19T03:16:10.676+0000] {dagbag.py:545} INFO - Filling up the DagBag from /home/airflow/.local/lib/python3.12/site-packages/airflow/example_dags/example_time_delta_sensor_async.py
[2025-08-19T03:16:10.682+0000] {processor.py:840} INFO - DAG(s) 'example_time_delta_sensor_async' retrieved from /home/airflow/.local/lib/python3.12/site-packages/airflow/example_dags/example_time_delta_sensor_async.py
[2025-08-19T03:16:10.706+0000] {logging_mixin.py:188} INFO - [2025-08-19T03:16:10.705+0000] {dag.py:3096} INFO - Sync 1 DAGs
[2025-08-19T03:16:10.721+0000] {logging_mixin.py:188} INFO - [2025-08-19T03:16:10.721+0000] {dag.py:3954} INFO - Setting next_dagrun for example_time_delta_sensor_async to None, run_after=None
[2025-08-19T03:16:10.751+0000] {processor.py:183} INFO - Processing /home/airflow/.local/lib/python3.12/site-packages/airflow/example_dags/example_time_delta_sensor_async.py took 0.086 seconds
[2025-08-19T03:16:41.160+0000] {processor.py:161} INFO - Started process (PID=22926) to work on /home/airflow/.local/lib/python3.12/site-packages/airflow/example_dags/example_time_delta_sensor_async.py
[2025-08-19T03:16:41.162+0000] {processor.py:830} INFO - Processing file /home/airflow/.local/lib/python3.12/site-packages/airflow/example_dags/example_time_delta_sensor_async.py for tasks to queue
[2025-08-19T03:16:41.164+0000] {logging_mixin.py:188} INFO - [2025-08-19T03:16:41.163+0000] {dagbag.py:545} INFO - Filling up the DagBag from /home/airflow/.local/lib/python3.12/site-packages/airflow/example_dags/example_time_delta_sensor_async.py
[2025-08-19T03:16:41.170+0000] {processor.py:840} INFO - DAG(s) 'example_time_delta_sensor_async' retrieved from /home/airflow/.local/lib/python3.12/site-packages/airflow/example_dags/example_time_delta_sensor_async.py
[2025-08-19T03:16:41.194+0000] {logging_mixin.py:188} INFO - [2025-08-19T03:16:41.194+0000] {dag.py:3096} INFO - Sync 1 DAGs
[2025-08-19T03:16:41.209+0000] {logging_mixin.py:188} INFO - [2025-08-19T03:16:41.209+0000] {dag.py:3954} INFO - Setting next_dagrun for example_time_delta_sensor_async to None, run_after=None
[2025-08-19T03:16:41.237+0000] {processor.py:183} INFO - Processing /home/airflow/.local/lib/python3.12/site-packages/airflow/example_dags/example_time_delta_sensor_async.py took 0.083 seconds
[2025-08-19T03:17:11.509+0000] {processor.py:161} INFO - Started process (PID=22979) to work on /home/airflow/.local/lib/python3.12/site-packages/airflow/example_dags/example_time_delta_sensor_async.py
[2025-08-19T03:17:11.511+0000] {processor.py:830} INFO - Processing file /home/airflow/.local/lib/python3.12/site-packages/airflow/example_dags/example_time_delta_sensor_async.py for tasks to queue
[2025-08-19T03:17:11.512+0000] {logging_mixin.py:188} INFO - [2025-08-19T03:17:11.512+0000] {dagbag.py:545} INFO - Filling up the DagBag from /home/airflow/.local/lib/python3.12/site-packages/airflow/example_dags/example_time_delta_sensor_async.py
[2025-08-19T03:17:11.518+0000] {processor.py:840} INFO - DAG(s) 'example_time_delta_sensor_async' retrieved from /home/airflow/.local/lib/python3.12/site-packages/airflow/example_dags/example_time_delta_sensor_async.py
[2025-08-19T03:17:11.543+0000] {logging_mixin.py:188} INFO - [2025-08-19T03:17:11.543+0000] {dag.py:3096} INFO - Sync 1 DAGs
[2025-08-19T03:17:11.560+0000] {logging_mixin.py:188} INFO - [2025-08-19T03:17:11.560+0000] {dag.py:3954} INFO - Setting next_dagrun for example_time_delta_sensor_async to None, run_after=None
[2025-08-19T03:17:11.585+0000] {processor.py:183} INFO - Processing /home/airflow/.local/lib/python3.12/site-packages/airflow/example_dags/example_time_delta_sensor_async.py took 0.082 seconds
[2025-08-19T03:17:42.240+0000] {processor.py:161} INFO - Started process (PID=23032) to work on /home/airflow/.local/lib/python3.12/site-packages/airflow/example_dags/example_time_delta_sensor_async.py
[2025-08-19T03:17:42.242+0000] {processor.py:830} INFO - Processing file /home/airflow/.local/lib/python3.12/site-packages/airflow/example_dags/example_time_delta_sensor_async.py for tasks to queue
[2025-08-19T03:17:42.243+0000] {logging_mixin.py:188} INFO - [2025-08-19T03:17:42.243+0000] {dagbag.py:545} INFO - Filling up the DagBag from /home/airflow/.local/lib/python3.12/site-packages/airflow/example_dags/example_time_delta_sensor_async.py
[2025-08-19T03:17:42.255+0000] {processor.py:840} INFO - DAG(s) 'example_time_delta_sensor_async' retrieved from /home/airflow/.local/lib/python3.12/site-packages/airflow/example_dags/example_time_delta_sensor_async.py
[2025-08-19T03:17:42.280+0000] {logging_mixin.py:188} INFO - [2025-08-19T03:17:42.279+0000] {dag.py:3096} INFO - Sync 1 DAGs
[2025-08-19T03:17:42.294+0000] {logging_mixin.py:188} INFO - [2025-08-19T03:17:42.293+0000] {dag.py:3954} INFO - Setting next_dagrun for example_time_delta_sensor_async to None, run_after=None
[2025-08-19T03:17:42.320+0000] {processor.py:183} INFO - Processing /home/airflow/.local/lib/python3.12/site-packages/airflow/example_dags/example_time_delta_sensor_async.py took 0.086 seconds
[2025-08-19T03:18:12.399+0000] {processor.py:161} INFO - Started process (PID=23085) to work on /home/airflow/.local/lib/python3.12/site-packages/airflow/example_dags/example_time_delta_sensor_async.py
[2025-08-19T03:18:12.402+0000] {processor.py:830} INFO - Processing file /home/airflow/.local/lib/python3.12/site-packages/airflow/example_dags/example_time_delta_sensor_async.py for tasks to queue
[2025-08-19T03:18:12.404+0000] {logging_mixin.py:188} INFO - [2025-08-19T03:18:12.404+0000] {dagbag.py:545} INFO - Filling up the DagBag from /home/airflow/.local/lib/python3.12/site-packages/airflow/example_dags/example_time_delta_sensor_async.py
[2025-08-19T03:18:12.413+0000] {processor.py:840} INFO - DAG(s) 'example_time_delta_sensor_async' retrieved from /home/airflow/.local/lib/python3.12/site-packages/airflow/example_dags/example_time_delta_sensor_async.py
[2025-08-19T03:18:12.443+0000] {logging_mixin.py:188} INFO - [2025-08-19T03:18:12.443+0000] {dag.py:3096} INFO - Sync 1 DAGs
[2025-08-19T03:18:12.458+0000] {logging_mixin.py:188} INFO - [2025-08-19T03:18:12.458+0000] {dag.py:3954} INFO - Setting next_dagrun for example_time_delta_sensor_async to None, run_after=None
[2025-08-19T03:18:12.482+0000] {processor.py:183} INFO - Processing /home/airflow/.local/lib/python3.12/site-packages/airflow/example_dags/example_time_delta_sensor_async.py took 0.093 seconds
[2025-08-19T03:18:42.758+0000] {processor.py:161} INFO - Started process (PID=23138) to work on /home/airflow/.local/lib/python3.12/site-packages/airflow/example_dags/example_time_delta_sensor_async.py
[2025-08-19T03:18:42.760+0000] {processor.py:830} INFO - Processing file /home/airflow/.local/lib/python3.12/site-packages/airflow/example_dags/example_time_delta_sensor_async.py for tasks to queue
[2025-08-19T03:18:42.763+0000] {logging_mixin.py:188} INFO - [2025-08-19T03:18:42.763+0000] {dagbag.py:545} INFO - Filling up the DagBag from /home/airflow/.local/lib/python3.12/site-packages/airflow/example_dags/example_time_delta_sensor_async.py
[2025-08-19T03:18:42.773+0000] {processor.py:840} INFO - DAG(s) 'example_time_delta_sensor_async' retrieved from /home/airflow/.local/lib/python3.12/site-packages/airflow/example_dags/example_time_delta_sensor_async.py
[2025-08-19T03:18:42.811+0000] {logging_mixin.py:188} INFO - [2025-08-19T03:18:42.811+0000] {dag.py:3096} INFO - Sync 1 DAGs
[2025-08-19T03:18:42.826+0000] {logging_mixin.py:188} INFO - [2025-08-19T03:18:42.825+0000] {dag.py:3954} INFO - Setting next_dagrun for example_time_delta_sensor_async to None, run_after=None
[2025-08-19T03:18:42.853+0000] {processor.py:183} INFO - Processing /home/airflow/.local/lib/python3.12/site-packages/airflow/example_dags/example_time_delta_sensor_async.py took 0.106 seconds
[2025-08-19T03:19:13.014+0000] {processor.py:161} INFO - Started process (PID=23191) to work on /home/airflow/.local/lib/python3.12/site-packages/airflow/example_dags/example_time_delta_sensor_async.py
[2025-08-19T03:19:13.016+0000] {processor.py:830} INFO - Processing file /home/airflow/.local/lib/python3.12/site-packages/airflow/example_dags/example_time_delta_sensor_async.py for tasks to queue
[2025-08-19T03:19:13.018+0000] {logging_mixin.py:188} INFO - [2025-08-19T03:19:13.018+0000] {dagbag.py:545} INFO - Filling up the DagBag from /home/airflow/.local/lib/python3.12/site-packages/airflow/example_dags/example_time_delta_sensor_async.py
[2025-08-19T03:19:13.023+0000] {processor.py:840} INFO - DAG(s) 'example_time_delta_sensor_async' retrieved from /home/airflow/.local/lib/python3.12/site-packages/airflow/example_dags/example_time_delta_sensor_async.py
[2025-08-19T03:19:13.049+0000] {logging_mixin.py:188} INFO - [2025-08-19T03:19:13.049+0000] {dag.py:3096} INFO - Sync 1 DAGs
[2025-08-19T03:19:13.063+0000] {logging_mixin.py:188} INFO - [2025-08-19T03:19:13.063+0000] {dag.py:3954} INFO - Setting next_dagrun for example_time_delta_sensor_async to None, run_after=None
[2025-08-19T03:19:13.097+0000] {processor.py:183} INFO - Processing /home/airflow/.local/lib/python3.12/site-packages/airflow/example_dags/example_time_delta_sensor_async.py took 0.089 seconds
[2025-08-19T03:19:43.676+0000] {processor.py:161} INFO - Started process (PID=23244) to work on /home/airflow/.local/lib/python3.12/site-packages/airflow/example_dags/example_time_delta_sensor_async.py
[2025-08-19T03:19:43.677+0000] {processor.py:830} INFO - Processing file /home/airflow/.local/lib/python3.12/site-packages/airflow/example_dags/example_time_delta_sensor_async.py for tasks to queue
[2025-08-19T03:19:43.678+0000] {logging_mixin.py:188} INFO - [2025-08-19T03:19:43.678+0000] {dagbag.py:545} INFO - Filling up the DagBag from /home/airflow/.local/lib/python3.12/site-packages/airflow/example_dags/example_time_delta_sensor_async.py
[2025-08-19T03:19:43.683+0000] {processor.py:840} INFO - DAG(s) 'example_time_delta_sensor_async' retrieved from /home/airflow/.local/lib/python3.12/site-packages/airflow/example_dags/example_time_delta_sensor_async.py
[2025-08-19T03:19:43.706+0000] {logging_mixin.py:188} INFO - [2025-08-19T03:19:43.706+0000] {dag.py:3096} INFO - Sync 1 DAGs
[2025-08-19T03:19:43.721+0000] {logging_mixin.py:188} INFO - [2025-08-19T03:19:43.721+0000] {dag.py:3954} INFO - Setting next_dagrun for example_time_delta_sensor_async to None, run_after=None
[2025-08-19T03:19:43.752+0000] {processor.py:183} INFO - Processing /home/airflow/.local/lib/python3.12/site-packages/airflow/example_dags/example_time_delta_sensor_async.py took 0.084 seconds
[2025-08-19T03:20:14.157+0000] {processor.py:161} INFO - Started process (PID=23297) to work on /home/airflow/.local/lib/python3.12/site-packages/airflow/example_dags/example_time_delta_sensor_async.py
[2025-08-19T03:20:14.159+0000] {processor.py:830} INFO - Processing file /home/airflow/.local/lib/python3.12/site-packages/airflow/example_dags/example_time_delta_sensor_async.py for tasks to queue
[2025-08-19T03:20:14.160+0000] {logging_mixin.py:188} INFO - [2025-08-19T03:20:14.160+0000] {dagbag.py:545} INFO - Filling up the DagBag from /home/airflow/.local/lib/python3.12/site-packages/airflow/example_dags/example_time_delta_sensor_async.py
[2025-08-19T03:20:14.166+0000] {processor.py:840} INFO - DAG(s) 'example_time_delta_sensor_async' retrieved from /home/airflow/.local/lib/python3.12/site-packages/airflow/example_dags/example_time_delta_sensor_async.py
[2025-08-19T03:20:14.190+0000] {logging_mixin.py:188} INFO - [2025-08-19T03:20:14.190+0000] {dag.py:3096} INFO - Sync 1 DAGs
[2025-08-19T03:20:14.206+0000] {logging_mixin.py:188} INFO - [2025-08-19T03:20:14.205+0000] {dag.py:3954} INFO - Setting next_dagrun for example_time_delta_sensor_async to None, run_after=None
[2025-08-19T03:20:14.236+0000] {processor.py:183} INFO - Processing /home/airflow/.local/lib/python3.12/site-packages/airflow/example_dags/example_time_delta_sensor_async.py took 0.084 seconds
[2025-08-19T03:20:44.342+0000] {processor.py:161} INFO - Started process (PID=23350) to work on /home/airflow/.local/lib/python3.12/site-packages/airflow/example_dags/example_time_delta_sensor_async.py
[2025-08-19T03:20:44.343+0000] {processor.py:830} INFO - Processing file /home/airflow/.local/lib/python3.12/site-packages/airflow/example_dags/example_time_delta_sensor_async.py for tasks to queue
[2025-08-19T03:20:44.346+0000] {logging_mixin.py:188} INFO - [2025-08-19T03:20:44.346+0000] {dagbag.py:545} INFO - Filling up the DagBag from /home/airflow/.local/lib/python3.12/site-packages/airflow/example_dags/example_time_delta_sensor_async.py
[2025-08-19T03:20:44.355+0000] {processor.py:840} INFO - DAG(s) 'example_time_delta_sensor_async' retrieved from /home/airflow/.local/lib/python3.12/site-packages/airflow/example_dags/example_time_delta_sensor_async.py
[2025-08-19T03:20:44.382+0000] {logging_mixin.py:188} INFO - [2025-08-19T03:20:44.381+0000] {dag.py:3096} INFO - Sync 1 DAGs
[2025-08-19T03:20:44.398+0000] {logging_mixin.py:188} INFO - [2025-08-19T03:20:44.397+0000] {dag.py:3954} INFO - Setting next_dagrun for example_time_delta_sensor_async to None, run_after=None
[2025-08-19T03:20:44.428+0000] {processor.py:183} INFO - Processing /home/airflow/.local/lib/python3.12/site-packages/airflow/example_dags/example_time_delta_sensor_async.py took 0.095 seconds
[2025-08-19T03:21:14.591+0000] {processor.py:161} INFO - Started process (PID=23403) to work on /home/airflow/.local/lib/python3.12/site-packages/airflow/example_dags/example_time_delta_sensor_async.py
[2025-08-19T03:21:14.593+0000] {processor.py:830} INFO - Processing file /home/airflow/.local/lib/python3.12/site-packages/airflow/example_dags/example_time_delta_sensor_async.py for tasks to queue
[2025-08-19T03:21:14.595+0000] {logging_mixin.py:188} INFO - [2025-08-19T03:21:14.594+0000] {dagbag.py:545} INFO - Filling up the DagBag from /home/airflow/.local/lib/python3.12/site-packages/airflow/example_dags/example_time_delta_sensor_async.py
[2025-08-19T03:21:14.600+0000] {processor.py:840} INFO - DAG(s) 'example_time_delta_sensor_async' retrieved from /home/airflow/.local/lib/python3.12/site-packages/airflow/example_dags/example_time_delta_sensor_async.py
[2025-08-19T03:21:14.624+0000] {logging_mixin.py:188} INFO - [2025-08-19T03:21:14.624+0000] {dag.py:3096} INFO - Sync 1 DAGs
[2025-08-19T03:21:14.640+0000] {logging_mixin.py:188} INFO - [2025-08-19T03:21:14.640+0000] {dag.py:3954} INFO - Setting next_dagrun for example_time_delta_sensor_async to None, run_after=None
[2025-08-19T03:21:14.668+0000] {processor.py:183} INFO - Processing /home/airflow/.local/lib/python3.12/site-packages/airflow/example_dags/example_time_delta_sensor_async.py took 0.083 seconds
[2025-08-19T03:21:45.271+0000] {processor.py:161} INFO - Started process (PID=23456) to work on /home/airflow/.local/lib/python3.12/site-packages/airflow/example_dags/example_time_delta_sensor_async.py
[2025-08-19T03:21:45.274+0000] {processor.py:830} INFO - Processing file /home/airflow/.local/lib/python3.12/site-packages/airflow/example_dags/example_time_delta_sensor_async.py for tasks to queue
[2025-08-19T03:21:45.275+0000] {logging_mixin.py:188} INFO - [2025-08-19T03:21:45.275+0000] {dagbag.py:545} INFO - Filling up the DagBag from /home/airflow/.local/lib/python3.12/site-packages/airflow/example_dags/example_time_delta_sensor_async.py
[2025-08-19T03:21:45.281+0000] {processor.py:840} INFO - DAG(s) 'example_time_delta_sensor_async' retrieved from /home/airflow/.local/lib/python3.12/site-packages/airflow/example_dags/example_time_delta_sensor_async.py
[2025-08-19T03:21:45.307+0000] {logging_mixin.py:188} INFO - [2025-08-19T03:21:45.306+0000] {dag.py:3096} INFO - Sync 1 DAGs
[2025-08-19T03:21:45.322+0000] {logging_mixin.py:188} INFO - [2025-08-19T03:21:45.322+0000] {dag.py:3954} INFO - Setting next_dagrun for example_time_delta_sensor_async to None, run_after=None
[2025-08-19T03:21:45.352+0000] {processor.py:183} INFO - Processing /home/airflow/.local/lib/python3.12/site-packages/airflow/example_dags/example_time_delta_sensor_async.py took 0.086 seconds
[2025-08-19T03:22:15.897+0000] {processor.py:161} INFO - Started process (PID=23509) to work on /home/airflow/.local/lib/python3.12/site-packages/airflow/example_dags/example_time_delta_sensor_async.py
[2025-08-19T03:22:15.898+0000] {processor.py:830} INFO - Processing file /home/airflow/.local/lib/python3.12/site-packages/airflow/example_dags/example_time_delta_sensor_async.py for tasks to queue
[2025-08-19T03:22:15.900+0000] {logging_mixin.py:188} INFO - [2025-08-19T03:22:15.899+0000] {dagbag.py:545} INFO - Filling up the DagBag from /home/airflow/.local/lib/python3.12/site-packages/airflow/example_dags/example_time_delta_sensor_async.py
[2025-08-19T03:22:15.905+0000] {processor.py:840} INFO - DAG(s) 'example_time_delta_sensor_async' retrieved from /home/airflow/.local/lib/python3.12/site-packages/airflow/example_dags/example_time_delta_sensor_async.py
[2025-08-19T03:22:15.930+0000] {logging_mixin.py:188} INFO - [2025-08-19T03:22:15.930+0000] {dag.py:3096} INFO - Sync 1 DAGs
[2025-08-19T03:22:15.946+0000] {logging_mixin.py:188} INFO - [2025-08-19T03:22:15.946+0000] {dag.py:3954} INFO - Setting next_dagrun for example_time_delta_sensor_async to None, run_after=None
[2025-08-19T03:22:15.975+0000] {processor.py:183} INFO - Processing /home/airflow/.local/lib/python3.12/site-packages/airflow/example_dags/example_time_delta_sensor_async.py took 0.084 seconds
[2025-08-19T03:22:46.331+0000] {processor.py:161} INFO - Started process (PID=23562) to work on /home/airflow/.local/lib/python3.12/site-packages/airflow/example_dags/example_time_delta_sensor_async.py
[2025-08-19T03:22:46.333+0000] {processor.py:830} INFO - Processing file /home/airflow/.local/lib/python3.12/site-packages/airflow/example_dags/example_time_delta_sensor_async.py for tasks to queue
[2025-08-19T03:22:46.335+0000] {logging_mixin.py:188} INFO - [2025-08-19T03:22:46.335+0000] {dagbag.py:545} INFO - Filling up the DagBag from /home/airflow/.local/lib/python3.12/site-packages/airflow/example_dags/example_time_delta_sensor_async.py
[2025-08-19T03:22:46.341+0000] {processor.py:840} INFO - DAG(s) 'example_time_delta_sensor_async' retrieved from /home/airflow/.local/lib/python3.12/site-packages/airflow/example_dags/example_time_delta_sensor_async.py
[2025-08-19T03:22:46.366+0000] {logging_mixin.py:188} INFO - [2025-08-19T03:22:46.366+0000] {dag.py:3096} INFO - Sync 1 DAGs
[2025-08-19T03:22:46.381+0000] {logging_mixin.py:188} INFO - [2025-08-19T03:22:46.380+0000] {dag.py:3954} INFO - Setting next_dagrun for example_time_delta_sensor_async to None, run_after=None
[2025-08-19T03:22:46.410+0000] {processor.py:183} INFO - Processing /home/airflow/.local/lib/python3.12/site-packages/airflow/example_dags/example_time_delta_sensor_async.py took 0.087 seconds
[2025-08-19T03:23:16.803+0000] {processor.py:161} INFO - Started process (PID=23615) to work on /home/airflow/.local/lib/python3.12/site-packages/airflow/example_dags/example_time_delta_sensor_async.py
[2025-08-19T03:23:16.805+0000] {processor.py:830} INFO - Processing file /home/airflow/.local/lib/python3.12/site-packages/airflow/example_dags/example_time_delta_sensor_async.py for tasks to queue
[2025-08-19T03:23:16.807+0000] {logging_mixin.py:188} INFO - [2025-08-19T03:23:16.806+0000] {dagbag.py:545} INFO - Filling up the DagBag from /home/airflow/.local/lib/python3.12/site-packages/airflow/example_dags/example_time_delta_sensor_async.py
[2025-08-19T03:23:16.813+0000] {processor.py:840} INFO - DAG(s) 'example_time_delta_sensor_async' retrieved from /home/airflow/.local/lib/python3.12/site-packages/airflow/example_dags/example_time_delta_sensor_async.py
[2025-08-19T03:23:16.840+0000] {logging_mixin.py:188} INFO - [2025-08-19T03:23:16.839+0000] {dag.py:3096} INFO - Sync 1 DAGs
[2025-08-19T03:23:16.854+0000] {logging_mixin.py:188} INFO - [2025-08-19T03:23:16.853+0000] {dag.py:3954} INFO - Setting next_dagrun for example_time_delta_sensor_async to None, run_after=None
[2025-08-19T03:23:16.882+0000] {processor.py:183} INFO - Processing /home/airflow/.local/lib/python3.12/site-packages/airflow/example_dags/example_time_delta_sensor_async.py took 0.087 seconds
[2025-08-19T03:23:47.248+0000] {processor.py:161} INFO - Started process (PID=23668) to work on /home/airflow/.local/lib/python3.12/site-packages/airflow/example_dags/example_time_delta_sensor_async.py
[2025-08-19T03:23:47.249+0000] {processor.py:830} INFO - Processing file /home/airflow/.local/lib/python3.12/site-packages/airflow/example_dags/example_time_delta_sensor_async.py for tasks to queue
[2025-08-19T03:23:47.251+0000] {logging_mixin.py:188} INFO - [2025-08-19T03:23:47.250+0000] {dagbag.py:545} INFO - Filling up the DagBag from /home/airflow/.local/lib/python3.12/site-packages/airflow/example_dags/example_time_delta_sensor_async.py
[2025-08-19T03:23:47.257+0000] {processor.py:840} INFO - DAG(s) 'example_time_delta_sensor_async' retrieved from /home/airflow/.local/lib/python3.12/site-packages/airflow/example_dags/example_time_delta_sensor_async.py
[2025-08-19T03:23:47.281+0000] {logging_mixin.py:188} INFO - [2025-08-19T03:23:47.281+0000] {dag.py:3096} INFO - Sync 1 DAGs
[2025-08-19T03:23:47.296+0000] {logging_mixin.py:188} INFO - [2025-08-19T03:23:47.296+0000] {dag.py:3954} INFO - Setting next_dagrun for example_time_delta_sensor_async to None, run_after=None
[2025-08-19T03:23:47.324+0000] {processor.py:183} INFO - Processing /home/airflow/.local/lib/python3.12/site-packages/airflow/example_dags/example_time_delta_sensor_async.py took 0.081 seconds
[2025-08-19T03:24:17.908+0000] {processor.py:161} INFO - Started process (PID=23721) to work on /home/airflow/.local/lib/python3.12/site-packages/airflow/example_dags/example_time_delta_sensor_async.py
[2025-08-19T03:24:17.909+0000] {processor.py:830} INFO - Processing file /home/airflow/.local/lib/python3.12/site-packages/airflow/example_dags/example_time_delta_sensor_async.py for tasks to queue
[2025-08-19T03:24:17.910+0000] {logging_mixin.py:188} INFO - [2025-08-19T03:24:17.910+0000] {dagbag.py:545} INFO - Filling up the DagBag from /home/airflow/.local/lib/python3.12/site-packages/airflow/example_dags/example_time_delta_sensor_async.py
[2025-08-19T03:24:17.916+0000] {processor.py:840} INFO - DAG(s) 'example_time_delta_sensor_async' retrieved from /home/airflow/.local/lib/python3.12/site-packages/airflow/example_dags/example_time_delta_sensor_async.py
[2025-08-19T03:24:17.942+0000] {logging_mixin.py:188} INFO - [2025-08-19T03:24:17.942+0000] {dag.py:3096} INFO - Sync 1 DAGs
[2025-08-19T03:24:17.958+0000] {logging_mixin.py:188} INFO - [2025-08-19T03:24:17.957+0000] {dag.py:3954} INFO - Setting next_dagrun for example_time_delta_sensor_async to None, run_after=None
[2025-08-19T03:24:17.985+0000] {processor.py:183} INFO - Processing /home/airflow/.local/lib/python3.12/site-packages/airflow/example_dags/example_time_delta_sensor_async.py took 0.083 seconds
[2025-08-19T03:24:48.410+0000] {processor.py:161} INFO - Started process (PID=23774) to work on /home/airflow/.local/lib/python3.12/site-packages/airflow/example_dags/example_time_delta_sensor_async.py
[2025-08-19T03:24:48.412+0000] {processor.py:830} INFO - Processing file /home/airflow/.local/lib/python3.12/site-packages/airflow/example_dags/example_time_delta_sensor_async.py for tasks to queue
[2025-08-19T03:24:48.413+0000] {logging_mixin.py:188} INFO - [2025-08-19T03:24:48.413+0000] {dagbag.py:545} INFO - Filling up the DagBag from /home/airflow/.local/lib/python3.12/site-packages/airflow/example_dags/example_time_delta_sensor_async.py
[2025-08-19T03:24:48.421+0000] {processor.py:840} INFO - DAG(s) 'example_time_delta_sensor_async' retrieved from /home/airflow/.local/lib/python3.12/site-packages/airflow/example_dags/example_time_delta_sensor_async.py
[2025-08-19T03:24:48.447+0000] {logging_mixin.py:188} INFO - [2025-08-19T03:24:48.447+0000] {dag.py:3096} INFO - Sync 1 DAGs
[2025-08-19T03:24:48.464+0000] {logging_mixin.py:188} INFO - [2025-08-19T03:24:48.463+0000] {dag.py:3954} INFO - Setting next_dagrun for example_time_delta_sensor_async to None, run_after=None
[2025-08-19T03:24:48.496+0000] {processor.py:183} INFO - Processing /home/airflow/.local/lib/python3.12/site-packages/airflow/example_dags/example_time_delta_sensor_async.py took 0.092 seconds
[2025-08-19T03:25:19.070+0000] {processor.py:161} INFO - Started process (PID=23827) to work on /home/airflow/.local/lib/python3.12/site-packages/airflow/example_dags/example_time_delta_sensor_async.py
[2025-08-19T03:25:19.071+0000] {processor.py:830} INFO - Processing file /home/airflow/.local/lib/python3.12/site-packages/airflow/example_dags/example_time_delta_sensor_async.py for tasks to queue
[2025-08-19T03:25:19.073+0000] {logging_mixin.py:188} INFO - [2025-08-19T03:25:19.072+0000] {dagbag.py:545} INFO - Filling up the DagBag from /home/airflow/.local/lib/python3.12/site-packages/airflow/example_dags/example_time_delta_sensor_async.py
[2025-08-19T03:25:19.080+0000] {processor.py:840} INFO - DAG(s) 'example_time_delta_sensor_async' retrieved from /home/airflow/.local/lib/python3.12/site-packages/airflow/example_dags/example_time_delta_sensor_async.py
[2025-08-19T03:25:19.114+0000] {logging_mixin.py:188} INFO - [2025-08-19T03:25:19.114+0000] {dag.py:3096} INFO - Sync 1 DAGs
[2025-08-19T03:25:19.127+0000] {logging_mixin.py:188} INFO - [2025-08-19T03:25:19.127+0000] {dag.py:3954} INFO - Setting next_dagrun for example_time_delta_sensor_async to None, run_after=None
[2025-08-19T03:25:19.155+0000] {processor.py:183} INFO - Processing /home/airflow/.local/lib/python3.12/site-packages/airflow/example_dags/example_time_delta_sensor_async.py took 0.093 seconds
[2025-08-19T03:25:49.583+0000] {processor.py:161} INFO - Started process (PID=23880) to work on /home/airflow/.local/lib/python3.12/site-packages/airflow/example_dags/example_time_delta_sensor_async.py
[2025-08-19T03:25:49.585+0000] {processor.py:830} INFO - Processing file /home/airflow/.local/lib/python3.12/site-packages/airflow/example_dags/example_time_delta_sensor_async.py for tasks to queue
[2025-08-19T03:25:49.586+0000] {logging_mixin.py:188} INFO - [2025-08-19T03:25:49.586+0000] {dagbag.py:545} INFO - Filling up the DagBag from /home/airflow/.local/lib/python3.12/site-packages/airflow/example_dags/example_time_delta_sensor_async.py
[2025-08-19T03:25:49.591+0000] {processor.py:840} INFO - DAG(s) 'example_time_delta_sensor_async' retrieved from /home/airflow/.local/lib/python3.12/site-packages/airflow/example_dags/example_time_delta_sensor_async.py
[2025-08-19T03:25:49.620+0000] {logging_mixin.py:188} INFO - [2025-08-19T03:25:49.620+0000] {dag.py:3096} INFO - Sync 1 DAGs
[2025-08-19T03:25:49.634+0000] {logging_mixin.py:188} INFO - [2025-08-19T03:25:49.634+0000] {dag.py:3954} INFO - Setting next_dagrun for example_time_delta_sensor_async to None, run_after=None
[2025-08-19T03:25:49.667+0000] {processor.py:183} INFO - Processing /home/airflow/.local/lib/python3.12/site-packages/airflow/example_dags/example_time_delta_sensor_async.py took 0.091 seconds
[2025-08-19T03:26:19.781+0000] {processor.py:161} INFO - Started process (PID=23933) to work on /home/airflow/.local/lib/python3.12/site-packages/airflow/example_dags/example_time_delta_sensor_async.py
[2025-08-19T03:26:19.782+0000] {processor.py:830} INFO - Processing file /home/airflow/.local/lib/python3.12/site-packages/airflow/example_dags/example_time_delta_sensor_async.py for tasks to queue
[2025-08-19T03:26:19.784+0000] {logging_mixin.py:188} INFO - [2025-08-19T03:26:19.783+0000] {dagbag.py:545} INFO - Filling up the DagBag from /home/airflow/.local/lib/python3.12/site-packages/airflow/example_dags/example_time_delta_sensor_async.py
[2025-08-19T03:26:19.790+0000] {processor.py:840} INFO - DAG(s) 'example_time_delta_sensor_async' retrieved from /home/airflow/.local/lib/python3.12/site-packages/airflow/example_dags/example_time_delta_sensor_async.py
[2025-08-19T03:26:19.815+0000] {logging_mixin.py:188} INFO - [2025-08-19T03:26:19.815+0000] {dag.py:3096} INFO - Sync 1 DAGs
[2025-08-19T03:26:19.830+0000] {logging_mixin.py:188} INFO - [2025-08-19T03:26:19.830+0000] {dag.py:3954} INFO - Setting next_dagrun for example_time_delta_sensor_async to None, run_after=None
[2025-08-19T03:26:19.864+0000] {processor.py:183} INFO - Processing /home/airflow/.local/lib/python3.12/site-packages/airflow/example_dags/example_time_delta_sensor_async.py took 0.089 seconds
[2025-08-19T03:26:50.423+0000] {processor.py:161} INFO - Started process (PID=23986) to work on /home/airflow/.local/lib/python3.12/site-packages/airflow/example_dags/example_time_delta_sensor_async.py
[2025-08-19T03:26:50.424+0000] {processor.py:830} INFO - Processing file /home/airflow/.local/lib/python3.12/site-packages/airflow/example_dags/example_time_delta_sensor_async.py for tasks to queue
[2025-08-19T03:26:50.425+0000] {logging_mixin.py:188} INFO - [2025-08-19T03:26:50.425+0000] {dagbag.py:545} INFO - Filling up the DagBag from /home/airflow/.local/lib/python3.12/site-packages/airflow/example_dags/example_time_delta_sensor_async.py
[2025-08-19T03:26:50.431+0000] {processor.py:840} INFO - DAG(s) 'example_time_delta_sensor_async' retrieved from /home/airflow/.local/lib/python3.12/site-packages/airflow/example_dags/example_time_delta_sensor_async.py
[2025-08-19T03:26:50.457+0000] {logging_mixin.py:188} INFO - [2025-08-19T03:26:50.457+0000] {dag.py:3096} INFO - Sync 1 DAGs
[2025-08-19T03:26:50.472+0000] {logging_mixin.py:188} INFO - [2025-08-19T03:26:50.471+0000] {dag.py:3954} INFO - Setting next_dagrun for example_time_delta_sensor_async to None, run_after=None
[2025-08-19T03:26:50.496+0000] {processor.py:183} INFO - Processing /home/airflow/.local/lib/python3.12/site-packages/airflow/example_dags/example_time_delta_sensor_async.py took 0.080 seconds
[2025-08-19T03:27:20.882+0000] {processor.py:161} INFO - Started process (PID=24039) to work on /home/airflow/.local/lib/python3.12/site-packages/airflow/example_dags/example_time_delta_sensor_async.py
[2025-08-19T03:27:20.884+0000] {processor.py:830} INFO - Processing file /home/airflow/.local/lib/python3.12/site-packages/airflow/example_dags/example_time_delta_sensor_async.py for tasks to queue
[2025-08-19T03:27:20.886+0000] {logging_mixin.py:188} INFO - [2025-08-19T03:27:20.885+0000] {dagbag.py:545} INFO - Filling up the DagBag from /home/airflow/.local/lib/python3.12/site-packages/airflow/example_dags/example_time_delta_sensor_async.py
[2025-08-19T03:27:20.893+0000] {processor.py:840} INFO - DAG(s) 'example_time_delta_sensor_async' retrieved from /home/airflow/.local/lib/python3.12/site-packages/airflow/example_dags/example_time_delta_sensor_async.py
[2025-08-19T03:27:20.918+0000] {logging_mixin.py:188} INFO - [2025-08-19T03:27:20.918+0000] {dag.py:3096} INFO - Sync 1 DAGs
[2025-08-19T03:27:20.931+0000] {logging_mixin.py:188} INFO - [2025-08-19T03:27:20.931+0000] {dag.py:3954} INFO - Setting next_dagrun for example_time_delta_sensor_async to None, run_after=None
[2025-08-19T03:27:20.965+0000] {processor.py:183} INFO - Processing /home/airflow/.local/lib/python3.12/site-packages/airflow/example_dags/example_time_delta_sensor_async.py took 0.090 seconds
[2025-08-19T03:27:51.404+0000] {processor.py:161} INFO - Started process (PID=24092) to work on /home/airflow/.local/lib/python3.12/site-packages/airflow/example_dags/example_time_delta_sensor_async.py
[2025-08-19T03:27:51.405+0000] {processor.py:830} INFO - Processing file /home/airflow/.local/lib/python3.12/site-packages/airflow/example_dags/example_time_delta_sensor_async.py for tasks to queue
[2025-08-19T03:27:51.407+0000] {logging_mixin.py:188} INFO - [2025-08-19T03:27:51.406+0000] {dagbag.py:545} INFO - Filling up the DagBag from /home/airflow/.local/lib/python3.12/site-packages/airflow/example_dags/example_time_delta_sensor_async.py
[2025-08-19T03:27:51.412+0000] {processor.py:840} INFO - DAG(s) 'example_time_delta_sensor_async' retrieved from /home/airflow/.local/lib/python3.12/site-packages/airflow/example_dags/example_time_delta_sensor_async.py
[2025-08-19T03:27:51.436+0000] {logging_mixin.py:188} INFO - [2025-08-19T03:27:51.436+0000] {dag.py:3096} INFO - Sync 1 DAGs
[2025-08-19T03:27:51.450+0000] {logging_mixin.py:188} INFO - [2025-08-19T03:27:51.450+0000] {dag.py:3954} INFO - Setting next_dagrun for example_time_delta_sensor_async to None, run_after=None
[2025-08-19T03:27:51.482+0000] {processor.py:183} INFO - Processing /home/airflow/.local/lib/python3.12/site-packages/airflow/example_dags/example_time_delta_sensor_async.py took 0.084 seconds
[2025-08-19T03:28:21.839+0000] {processor.py:161} INFO - Started process (PID=24145) to work on /home/airflow/.local/lib/python3.12/site-packages/airflow/example_dags/example_time_delta_sensor_async.py
[2025-08-19T03:28:21.841+0000] {processor.py:830} INFO - Processing file /home/airflow/.local/lib/python3.12/site-packages/airflow/example_dags/example_time_delta_sensor_async.py for tasks to queue
[2025-08-19T03:28:21.842+0000] {logging_mixin.py:188} INFO - [2025-08-19T03:28:21.842+0000] {dagbag.py:545} INFO - Filling up the DagBag from /home/airflow/.local/lib/python3.12/site-packages/airflow/example_dags/example_time_delta_sensor_async.py
[2025-08-19T03:28:21.847+0000] {processor.py:840} INFO - DAG(s) 'example_time_delta_sensor_async' retrieved from /home/airflow/.local/lib/python3.12/site-packages/airflow/example_dags/example_time_delta_sensor_async.py
[2025-08-19T03:28:21.872+0000] {logging_mixin.py:188} INFO - [2025-08-19T03:28:21.871+0000] {dag.py:3096} INFO - Sync 1 DAGs
[2025-08-19T03:28:21.884+0000] {logging_mixin.py:188} INFO - [2025-08-19T03:28:21.884+0000] {dag.py:3954} INFO - Setting next_dagrun for example_time_delta_sensor_async to None, run_after=None
[2025-08-19T03:28:21.918+0000] {processor.py:183} INFO - Processing /home/airflow/.local/lib/python3.12/site-packages/airflow/example_dags/example_time_delta_sensor_async.py took 0.087 seconds
[2025-08-19T03:28:52.281+0000] {processor.py:161} INFO - Started process (PID=24198) to work on /home/airflow/.local/lib/python3.12/site-packages/airflow/example_dags/example_time_delta_sensor_async.py
[2025-08-19T03:28:52.282+0000] {processor.py:830} INFO - Processing file /home/airflow/.local/lib/python3.12/site-packages/airflow/example_dags/example_time_delta_sensor_async.py for tasks to queue
[2025-08-19T03:28:52.284+0000] {logging_mixin.py:188} INFO - [2025-08-19T03:28:52.284+0000] {dagbag.py:545} INFO - Filling up the DagBag from /home/airflow/.local/lib/python3.12/site-packages/airflow/example_dags/example_time_delta_sensor_async.py
[2025-08-19T03:28:52.290+0000] {processor.py:840} INFO - DAG(s) 'example_time_delta_sensor_async' retrieved from /home/airflow/.local/lib/python3.12/site-packages/airflow/example_dags/example_time_delta_sensor_async.py
[2025-08-19T03:28:52.315+0000] {logging_mixin.py:188} INFO - [2025-08-19T03:28:52.315+0000] {dag.py:3096} INFO - Sync 1 DAGs
[2025-08-19T03:28:52.330+0000] {logging_mixin.py:188} INFO - [2025-08-19T03:28:52.330+0000] {dag.py:3954} INFO - Setting next_dagrun for example_time_delta_sensor_async to None, run_after=None
[2025-08-19T03:28:52.356+0000] {processor.py:183} INFO - Processing /home/airflow/.local/lib/python3.12/site-packages/airflow/example_dags/example_time_delta_sensor_async.py took 0.082 seconds
[2025-08-19T03:29:22.647+0000] {processor.py:161} INFO - Started process (PID=24251) to work on /home/airflow/.local/lib/python3.12/site-packages/airflow/example_dags/example_time_delta_sensor_async.py
[2025-08-19T03:29:22.649+0000] {processor.py:830} INFO - Processing file /home/airflow/.local/lib/python3.12/site-packages/airflow/example_dags/example_time_delta_sensor_async.py for tasks to queue
[2025-08-19T03:29:22.650+0000] {logging_mixin.py:188} INFO - [2025-08-19T03:29:22.650+0000] {dagbag.py:545} INFO - Filling up the DagBag from /home/airflow/.local/lib/python3.12/site-packages/airflow/example_dags/example_time_delta_sensor_async.py
[2025-08-19T03:29:22.655+0000] {processor.py:840} INFO - DAG(s) 'example_time_delta_sensor_async' retrieved from /home/airflow/.local/lib/python3.12/site-packages/airflow/example_dags/example_time_delta_sensor_async.py
[2025-08-19T03:29:22.681+0000] {logging_mixin.py:188} INFO - [2025-08-19T03:29:22.680+0000] {dag.py:3096} INFO - Sync 1 DAGs
[2025-08-19T03:29:22.696+0000] {logging_mixin.py:188} INFO - [2025-08-19T03:29:22.696+0000] {dag.py:3954} INFO - Setting next_dagrun for example_time_delta_sensor_async to None, run_after=None
[2025-08-19T03:29:22.724+0000] {processor.py:183} INFO - Processing /home/airflow/.local/lib/python3.12/site-packages/airflow/example_dags/example_time_delta_sensor_async.py took 0.083 seconds
[2025-08-19T03:29:52.999+0000] {processor.py:161} INFO - Started process (PID=24304) to work on /home/airflow/.local/lib/python3.12/site-packages/airflow/example_dags/example_time_delta_sensor_async.py
[2025-08-19T03:29:53.000+0000] {processor.py:830} INFO - Processing file /home/airflow/.local/lib/python3.12/site-packages/airflow/example_dags/example_time_delta_sensor_async.py for tasks to queue
[2025-08-19T03:29:53.002+0000] {logging_mixin.py:188} INFO - [2025-08-19T03:29:53.002+0000] {dagbag.py:545} INFO - Filling up the DagBag from /home/airflow/.local/lib/python3.12/site-packages/airflow/example_dags/example_time_delta_sensor_async.py
[2025-08-19T03:29:53.008+0000] {processor.py:840} INFO - DAG(s) 'example_time_delta_sensor_async' retrieved from /home/airflow/.local/lib/python3.12/site-packages/airflow/example_dags/example_time_delta_sensor_async.py
[2025-08-19T03:29:53.034+0000] {logging_mixin.py:188} INFO - [2025-08-19T03:29:53.033+0000] {dag.py:3096} INFO - Sync 1 DAGs
[2025-08-19T03:29:53.047+0000] {logging_mixin.py:188} INFO - [2025-08-19T03:29:53.047+0000] {dag.py:3954} INFO - Setting next_dagrun for example_time_delta_sensor_async to None, run_after=None
[2025-08-19T03:29:53.081+0000] {processor.py:183} INFO - Processing /home/airflow/.local/lib/python3.12/site-packages/airflow/example_dags/example_time_delta_sensor_async.py took 0.089 seconds
[2025-08-19T03:30:23.531+0000] {processor.py:161} INFO - Started process (PID=24357) to work on /home/airflow/.local/lib/python3.12/site-packages/airflow/example_dags/example_time_delta_sensor_async.py
[2025-08-19T03:30:23.532+0000] {processor.py:830} INFO - Processing file /home/airflow/.local/lib/python3.12/site-packages/airflow/example_dags/example_time_delta_sensor_async.py for tasks to queue
[2025-08-19T03:30:23.533+0000] {logging_mixin.py:188} INFO - [2025-08-19T03:30:23.533+0000] {dagbag.py:545} INFO - Filling up the DagBag from /home/airflow/.local/lib/python3.12/site-packages/airflow/example_dags/example_time_delta_sensor_async.py
[2025-08-19T03:30:23.541+0000] {processor.py:840} INFO - DAG(s) 'example_time_delta_sensor_async' retrieved from /home/airflow/.local/lib/python3.12/site-packages/airflow/example_dags/example_time_delta_sensor_async.py
[2025-08-19T03:30:23.567+0000] {logging_mixin.py:188} INFO - [2025-08-19T03:30:23.567+0000] {dag.py:3096} INFO - Sync 1 DAGs
[2025-08-19T03:30:23.581+0000] {logging_mixin.py:188} INFO - [2025-08-19T03:30:23.580+0000] {dag.py:3954} INFO - Setting next_dagrun for example_time_delta_sensor_async to None, run_after=None
[2025-08-19T03:30:23.615+0000] {processor.py:183} INFO - Processing /home/airflow/.local/lib/python3.12/site-packages/airflow/example_dags/example_time_delta_sensor_async.py took 0.092 seconds
[2025-08-19T03:30:54.065+0000] {processor.py:161} INFO - Started process (PID=24410) to work on /home/airflow/.local/lib/python3.12/site-packages/airflow/example_dags/example_time_delta_sensor_async.py
[2025-08-19T03:30:54.067+0000] {processor.py:830} INFO - Processing file /home/airflow/.local/lib/python3.12/site-packages/airflow/example_dags/example_time_delta_sensor_async.py for tasks to queue
[2025-08-19T03:30:54.068+0000] {logging_mixin.py:188} INFO - [2025-08-19T03:30:54.068+0000] {dagbag.py:545} INFO - Filling up the DagBag from /home/airflow/.local/lib/python3.12/site-packages/airflow/example_dags/example_time_delta_sensor_async.py
[2025-08-19T03:30:54.073+0000] {processor.py:840} INFO - DAG(s) 'example_time_delta_sensor_async' retrieved from /home/airflow/.local/lib/python3.12/site-packages/airflow/example_dags/example_time_delta_sensor_async.py
[2025-08-19T03:30:54.099+0000] {logging_mixin.py:188} INFO - [2025-08-19T03:30:54.099+0000] {dag.py:3096} INFO - Sync 1 DAGs
[2025-08-19T03:30:54.112+0000] {logging_mixin.py:188} INFO - [2025-08-19T03:30:54.112+0000] {dag.py:3954} INFO - Setting next_dagrun for example_time_delta_sensor_async to None, run_after=None
[2025-08-19T03:30:54.138+0000] {processor.py:183} INFO - Processing /home/airflow/.local/lib/python3.12/site-packages/airflow/example_dags/example_time_delta_sensor_async.py took 0.079 seconds
[2025-08-19T03:31:24.222+0000] {processor.py:161} INFO - Started process (PID=24463) to work on /home/airflow/.local/lib/python3.12/site-packages/airflow/example_dags/example_time_delta_sensor_async.py
[2025-08-19T03:31:24.223+0000] {processor.py:830} INFO - Processing file /home/airflow/.local/lib/python3.12/site-packages/airflow/example_dags/example_time_delta_sensor_async.py for tasks to queue
[2025-08-19T03:31:24.225+0000] {logging_mixin.py:188} INFO - [2025-08-19T03:31:24.224+0000] {dagbag.py:545} INFO - Filling up the DagBag from /home/airflow/.local/lib/python3.12/site-packages/airflow/example_dags/example_time_delta_sensor_async.py
[2025-08-19T03:31:24.230+0000] {processor.py:840} INFO - DAG(s) 'example_time_delta_sensor_async' retrieved from /home/airflow/.local/lib/python3.12/site-packages/airflow/example_dags/example_time_delta_sensor_async.py
[2025-08-19T03:31:24.255+0000] {logging_mixin.py:188} INFO - [2025-08-19T03:31:24.255+0000] {dag.py:3096} INFO - Sync 1 DAGs
[2025-08-19T03:31:24.269+0000] {logging_mixin.py:188} INFO - [2025-08-19T03:31:24.269+0000] {dag.py:3954} INFO - Setting next_dagrun for example_time_delta_sensor_async to None, run_after=None
[2025-08-19T03:31:24.302+0000] {processor.py:183} INFO - Processing /home/airflow/.local/lib/python3.12/site-packages/airflow/example_dags/example_time_delta_sensor_async.py took 0.088 seconds
[2025-08-19T03:31:54.575+0000] {processor.py:161} INFO - Started process (PID=24516) to work on /home/airflow/.local/lib/python3.12/site-packages/airflow/example_dags/example_time_delta_sensor_async.py
[2025-08-19T03:31:54.577+0000] {processor.py:830} INFO - Processing file /home/airflow/.local/lib/python3.12/site-packages/airflow/example_dags/example_time_delta_sensor_async.py for tasks to queue
[2025-08-19T03:31:54.579+0000] {logging_mixin.py:188} INFO - [2025-08-19T03:31:54.578+0000] {dagbag.py:545} INFO - Filling up the DagBag from /home/airflow/.local/lib/python3.12/site-packages/airflow/example_dags/example_time_delta_sensor_async.py
[2025-08-19T03:31:54.587+0000] {processor.py:840} INFO - DAG(s) 'example_time_delta_sensor_async' retrieved from /home/airflow/.local/lib/python3.12/site-packages/airflow/example_dags/example_time_delta_sensor_async.py
[2025-08-19T03:31:54.611+0000] {logging_mixin.py:188} INFO - [2025-08-19T03:31:54.611+0000] {dag.py:3096} INFO - Sync 1 DAGs
[2025-08-19T03:31:54.627+0000] {logging_mixin.py:188} INFO - [2025-08-19T03:31:54.627+0000] {dag.py:3954} INFO - Setting next_dagrun for example_time_delta_sensor_async to None, run_after=None
[2025-08-19T03:31:54.660+0000] {processor.py:183} INFO - Processing /home/airflow/.local/lib/python3.12/site-packages/airflow/example_dags/example_time_delta_sensor_async.py took 0.094 seconds
[2025-08-19T03:32:25.464+0000] {processor.py:161} INFO - Started process (PID=24567) to work on /home/airflow/.local/lib/python3.12/site-packages/airflow/example_dags/example_time_delta_sensor_async.py
[2025-08-19T03:32:25.466+0000] {processor.py:830} INFO - Processing file /home/airflow/.local/lib/python3.12/site-packages/airflow/example_dags/example_time_delta_sensor_async.py for tasks to queue
[2025-08-19T03:32:25.468+0000] {logging_mixin.py:188} INFO - [2025-08-19T03:32:25.467+0000] {dagbag.py:545} INFO - Filling up the DagBag from /home/airflow/.local/lib/python3.12/site-packages/airflow/example_dags/example_time_delta_sensor_async.py
[2025-08-19T03:32:25.475+0000] {processor.py:840} INFO - DAG(s) 'example_time_delta_sensor_async' retrieved from /home/airflow/.local/lib/python3.12/site-packages/airflow/example_dags/example_time_delta_sensor_async.py
[2025-08-19T03:32:25.509+0000] {logging_mixin.py:188} INFO - [2025-08-19T03:32:25.509+0000] {dag.py:3096} INFO - Sync 1 DAGs
[2025-08-19T03:32:25.525+0000] {logging_mixin.py:188} INFO - [2025-08-19T03:32:25.525+0000] {dag.py:3954} INFO - Setting next_dagrun for example_time_delta_sensor_async to None, run_after=None
[2025-08-19T03:32:25.556+0000] {processor.py:183} INFO - Processing /home/airflow/.local/lib/python3.12/site-packages/airflow/example_dags/example_time_delta_sensor_async.py took 0.102 seconds
[2025-08-19T03:32:56.471+0000] {processor.py:161} INFO - Started process (PID=24620) to work on /home/airflow/.local/lib/python3.12/site-packages/airflow/example_dags/example_time_delta_sensor_async.py
[2025-08-19T03:32:56.472+0000] {processor.py:830} INFO - Processing file /home/airflow/.local/lib/python3.12/site-packages/airflow/example_dags/example_time_delta_sensor_async.py for tasks to queue
[2025-08-19T03:32:56.474+0000] {logging_mixin.py:188} INFO - [2025-08-19T03:32:56.473+0000] {dagbag.py:545} INFO - Filling up the DagBag from /home/airflow/.local/lib/python3.12/site-packages/airflow/example_dags/example_time_delta_sensor_async.py
[2025-08-19T03:32:56.481+0000] {processor.py:840} INFO - DAG(s) 'example_time_delta_sensor_async' retrieved from /home/airflow/.local/lib/python3.12/site-packages/airflow/example_dags/example_time_delta_sensor_async.py
[2025-08-19T03:32:56.512+0000] {logging_mixin.py:188} INFO - [2025-08-19T03:32:56.511+0000] {dag.py:3096} INFO - Sync 1 DAGs
[2025-08-19T03:32:56.533+0000] {logging_mixin.py:188} INFO - [2025-08-19T03:32:56.533+0000] {dag.py:3954} INFO - Setting next_dagrun for example_time_delta_sensor_async to None, run_after=None
[2025-08-19T03:32:56.574+0000] {processor.py:183} INFO - Processing /home/airflow/.local/lib/python3.12/site-packages/airflow/example_dags/example_time_delta_sensor_async.py took 0.110 seconds
[2025-08-19T03:33:27.221+0000] {processor.py:161} INFO - Started process (PID=24673) to work on /home/airflow/.local/lib/python3.12/site-packages/airflow/example_dags/example_time_delta_sensor_async.py
[2025-08-19T03:33:27.224+0000] {processor.py:830} INFO - Processing file /home/airflow/.local/lib/python3.12/site-packages/airflow/example_dags/example_time_delta_sensor_async.py for tasks to queue
[2025-08-19T03:33:27.226+0000] {logging_mixin.py:188} INFO - [2025-08-19T03:33:27.225+0000] {dagbag.py:545} INFO - Filling up the DagBag from /home/airflow/.local/lib/python3.12/site-packages/airflow/example_dags/example_time_delta_sensor_async.py
[2025-08-19T03:33:27.233+0000] {processor.py:840} INFO - DAG(s) 'example_time_delta_sensor_async' retrieved from /home/airflow/.local/lib/python3.12/site-packages/airflow/example_dags/example_time_delta_sensor_async.py
[2025-08-19T03:33:27.269+0000] {logging_mixin.py:188} INFO - [2025-08-19T03:33:27.269+0000] {dag.py:3096} INFO - Sync 1 DAGs
[2025-08-19T03:33:27.295+0000] {logging_mixin.py:188} INFO - [2025-08-19T03:33:27.294+0000] {dag.py:3954} INFO - Setting next_dagrun for example_time_delta_sensor_async to None, run_after=None
[2025-08-19T03:33:27.339+0000] {processor.py:183} INFO - Processing /home/airflow/.local/lib/python3.12/site-packages/airflow/example_dags/example_time_delta_sensor_async.py took 0.125 seconds
[2025-08-19T03:33:57.571+0000] {processor.py:161} INFO - Started process (PID=24726) to work on /home/airflow/.local/lib/python3.12/site-packages/airflow/example_dags/example_time_delta_sensor_async.py
[2025-08-19T03:33:57.574+0000] {processor.py:830} INFO - Processing file /home/airflow/.local/lib/python3.12/site-packages/airflow/example_dags/example_time_delta_sensor_async.py for tasks to queue
[2025-08-19T03:33:57.576+0000] {logging_mixin.py:188} INFO - [2025-08-19T03:33:57.575+0000] {dagbag.py:545} INFO - Filling up the DagBag from /home/airflow/.local/lib/python3.12/site-packages/airflow/example_dags/example_time_delta_sensor_async.py
[2025-08-19T03:33:57.582+0000] {processor.py:840} INFO - DAG(s) 'example_time_delta_sensor_async' retrieved from /home/airflow/.local/lib/python3.12/site-packages/airflow/example_dags/example_time_delta_sensor_async.py
[2025-08-19T03:33:57.609+0000] {logging_mixin.py:188} INFO - [2025-08-19T03:33:57.609+0000] {dag.py:3096} INFO - Sync 1 DAGs
[2025-08-19T03:33:57.625+0000] {logging_mixin.py:188} INFO - [2025-08-19T03:33:57.625+0000] {dag.py:3954} INFO - Setting next_dagrun for example_time_delta_sensor_async to None, run_after=None
[2025-08-19T03:33:57.654+0000] {processor.py:183} INFO - Processing /home/airflow/.local/lib/python3.12/site-packages/airflow/example_dags/example_time_delta_sensor_async.py took 0.089 seconds
[2025-08-19T03:34:27.845+0000] {processor.py:161} INFO - Started process (PID=24779) to work on /home/airflow/.local/lib/python3.12/site-packages/airflow/example_dags/example_time_delta_sensor_async.py
[2025-08-19T03:34:27.847+0000] {processor.py:830} INFO - Processing file /home/airflow/.local/lib/python3.12/site-packages/airflow/example_dags/example_time_delta_sensor_async.py for tasks to queue
[2025-08-19T03:34:27.849+0000] {logging_mixin.py:188} INFO - [2025-08-19T03:34:27.849+0000] {dagbag.py:545} INFO - Filling up the DagBag from /home/airflow/.local/lib/python3.12/site-packages/airflow/example_dags/example_time_delta_sensor_async.py
[2025-08-19T03:34:27.858+0000] {processor.py:840} INFO - DAG(s) 'example_time_delta_sensor_async' retrieved from /home/airflow/.local/lib/python3.12/site-packages/airflow/example_dags/example_time_delta_sensor_async.py
[2025-08-19T03:34:27.887+0000] {logging_mixin.py:188} INFO - [2025-08-19T03:34:27.887+0000] {dag.py:3096} INFO - Sync 1 DAGs
[2025-08-19T03:34:27.905+0000] {logging_mixin.py:188} INFO - [2025-08-19T03:34:27.905+0000] {dag.py:3954} INFO - Setting next_dagrun for example_time_delta_sensor_async to None, run_after=None
[2025-08-19T03:34:27.934+0000] {processor.py:183} INFO - Processing /home/airflow/.local/lib/python3.12/site-packages/airflow/example_dags/example_time_delta_sensor_async.py took 0.100 seconds
[2025-08-19T03:34:58.226+0000] {processor.py:161} INFO - Started process (PID=24832) to work on /home/airflow/.local/lib/python3.12/site-packages/airflow/example_dags/example_time_delta_sensor_async.py
[2025-08-19T03:34:58.227+0000] {processor.py:830} INFO - Processing file /home/airflow/.local/lib/python3.12/site-packages/airflow/example_dags/example_time_delta_sensor_async.py for tasks to queue
[2025-08-19T03:34:58.229+0000] {logging_mixin.py:188} INFO - [2025-08-19T03:34:58.228+0000] {dagbag.py:545} INFO - Filling up the DagBag from /home/airflow/.local/lib/python3.12/site-packages/airflow/example_dags/example_time_delta_sensor_async.py
[2025-08-19T03:34:58.234+0000] {processor.py:840} INFO - DAG(s) 'example_time_delta_sensor_async' retrieved from /home/airflow/.local/lib/python3.12/site-packages/airflow/example_dags/example_time_delta_sensor_async.py
[2025-08-19T03:34:58.259+0000] {logging_mixin.py:188} INFO - [2025-08-19T03:34:58.259+0000] {dag.py:3096} INFO - Sync 1 DAGs
[2025-08-19T03:34:58.274+0000] {logging_mixin.py:188} INFO - [2025-08-19T03:34:58.273+0000] {dag.py:3954} INFO - Setting next_dagrun for example_time_delta_sensor_async to None, run_after=None
[2025-08-19T03:34:58.302+0000] {processor.py:183} INFO - Processing /home/airflow/.local/lib/python3.12/site-packages/airflow/example_dags/example_time_delta_sensor_async.py took 0.083 seconds
[2025-08-19T03:35:28.467+0000] {processor.py:161} INFO - Started process (PID=24885) to work on /home/airflow/.local/lib/python3.12/site-packages/airflow/example_dags/example_time_delta_sensor_async.py
[2025-08-19T03:35:28.468+0000] {processor.py:830} INFO - Processing file /home/airflow/.local/lib/python3.12/site-packages/airflow/example_dags/example_time_delta_sensor_async.py for tasks to queue
[2025-08-19T03:35:28.470+0000] {logging_mixin.py:188} INFO - [2025-08-19T03:35:28.469+0000] {dagbag.py:545} INFO - Filling up the DagBag from /home/airflow/.local/lib/python3.12/site-packages/airflow/example_dags/example_time_delta_sensor_async.py
[2025-08-19T03:35:28.478+0000] {processor.py:840} INFO - DAG(s) 'example_time_delta_sensor_async' retrieved from /home/airflow/.local/lib/python3.12/site-packages/airflow/example_dags/example_time_delta_sensor_async.py
[2025-08-19T03:35:28.513+0000] {logging_mixin.py:188} INFO - [2025-08-19T03:35:28.512+0000] {dag.py:3096} INFO - Sync 1 DAGs
[2025-08-19T03:35:28.534+0000] {logging_mixin.py:188} INFO - [2025-08-19T03:35:28.534+0000] {dag.py:3954} INFO - Setting next_dagrun for example_time_delta_sensor_async to None, run_after=None
[2025-08-19T03:35:28.566+0000] {processor.py:183} INFO - Processing /home/airflow/.local/lib/python3.12/site-packages/airflow/example_dags/example_time_delta_sensor_async.py took 0.106 seconds
[2025-08-19T03:35:58.897+0000] {processor.py:161} INFO - Started process (PID=24938) to work on /home/airflow/.local/lib/python3.12/site-packages/airflow/example_dags/example_time_delta_sensor_async.py
[2025-08-19T03:35:58.898+0000] {processor.py:830} INFO - Processing file /home/airflow/.local/lib/python3.12/site-packages/airflow/example_dags/example_time_delta_sensor_async.py for tasks to queue
[2025-08-19T03:35:58.900+0000] {logging_mixin.py:188} INFO - [2025-08-19T03:35:58.899+0000] {dagbag.py:545} INFO - Filling up the DagBag from /home/airflow/.local/lib/python3.12/site-packages/airflow/example_dags/example_time_delta_sensor_async.py
[2025-08-19T03:35:58.906+0000] {processor.py:840} INFO - DAG(s) 'example_time_delta_sensor_async' retrieved from /home/airflow/.local/lib/python3.12/site-packages/airflow/example_dags/example_time_delta_sensor_async.py
[2025-08-19T03:35:58.935+0000] {logging_mixin.py:188} INFO - [2025-08-19T03:35:58.934+0000] {dag.py:3096} INFO - Sync 1 DAGs
[2025-08-19T03:35:58.948+0000] {logging_mixin.py:188} INFO - [2025-08-19T03:35:58.948+0000] {dag.py:3954} INFO - Setting next_dagrun for example_time_delta_sensor_async to None, run_after=None
[2025-08-19T03:35:58.977+0000] {processor.py:183} INFO - Processing /home/airflow/.local/lib/python3.12/site-packages/airflow/example_dags/example_time_delta_sensor_async.py took 0.087 seconds
[2025-08-19T03:36:29.671+0000] {processor.py:161} INFO - Started process (PID=24991) to work on /home/airflow/.local/lib/python3.12/site-packages/airflow/example_dags/example_time_delta_sensor_async.py
[2025-08-19T03:36:29.672+0000] {processor.py:830} INFO - Processing file /home/airflow/.local/lib/python3.12/site-packages/airflow/example_dags/example_time_delta_sensor_async.py for tasks to queue
[2025-08-19T03:36:29.674+0000] {logging_mixin.py:188} INFO - [2025-08-19T03:36:29.673+0000] {dagbag.py:545} INFO - Filling up the DagBag from /home/airflow/.local/lib/python3.12/site-packages/airflow/example_dags/example_time_delta_sensor_async.py
[2025-08-19T03:36:29.680+0000] {processor.py:840} INFO - DAG(s) 'example_time_delta_sensor_async' retrieved from /home/airflow/.local/lib/python3.12/site-packages/airflow/example_dags/example_time_delta_sensor_async.py
[2025-08-19T03:36:29.708+0000] {logging_mixin.py:188} INFO - [2025-08-19T03:36:29.707+0000] {dag.py:3096} INFO - Sync 1 DAGs
[2025-08-19T03:36:29.722+0000] {logging_mixin.py:188} INFO - [2025-08-19T03:36:29.721+0000] {dag.py:3954} INFO - Setting next_dagrun for example_time_delta_sensor_async to None, run_after=None
[2025-08-19T03:36:29.750+0000] {processor.py:183} INFO - Processing /home/airflow/.local/lib/python3.12/site-packages/airflow/example_dags/example_time_delta_sensor_async.py took 0.085 seconds
[2025-08-19T03:37:00.621+0000] {processor.py:161} INFO - Started process (PID=25044) to work on /home/airflow/.local/lib/python3.12/site-packages/airflow/example_dags/example_time_delta_sensor_async.py
[2025-08-19T03:37:00.623+0000] {processor.py:830} INFO - Processing file /home/airflow/.local/lib/python3.12/site-packages/airflow/example_dags/example_time_delta_sensor_async.py for tasks to queue
[2025-08-19T03:37:00.626+0000] {logging_mixin.py:188} INFO - [2025-08-19T03:37:00.625+0000] {dagbag.py:545} INFO - Filling up the DagBag from /home/airflow/.local/lib/python3.12/site-packages/airflow/example_dags/example_time_delta_sensor_async.py
[2025-08-19T03:37:00.633+0000] {processor.py:840} INFO - DAG(s) 'example_time_delta_sensor_async' retrieved from /home/airflow/.local/lib/python3.12/site-packages/airflow/example_dags/example_time_delta_sensor_async.py
[2025-08-19T03:37:00.663+0000] {logging_mixin.py:188} INFO - [2025-08-19T03:37:00.663+0000] {dag.py:3096} INFO - Sync 1 DAGs
[2025-08-19T03:37:00.684+0000] {logging_mixin.py:188} INFO - [2025-08-19T03:37:00.684+0000] {dag.py:3954} INFO - Setting next_dagrun for example_time_delta_sensor_async to None, run_after=None
[2025-08-19T03:37:00.713+0000] {processor.py:183} INFO - Processing /home/airflow/.local/lib/python3.12/site-packages/airflow/example_dags/example_time_delta_sensor_async.py took 0.101 seconds
[2025-08-19T03:37:31.500+0000] {processor.py:161} INFO - Started process (PID=25097) to work on /home/airflow/.local/lib/python3.12/site-packages/airflow/example_dags/example_time_delta_sensor_async.py
[2025-08-19T03:37:31.502+0000] {processor.py:830} INFO - Processing file /home/airflow/.local/lib/python3.12/site-packages/airflow/example_dags/example_time_delta_sensor_async.py for tasks to queue
[2025-08-19T03:37:31.504+0000] {logging_mixin.py:188} INFO - [2025-08-19T03:37:31.503+0000] {dagbag.py:545} INFO - Filling up the DagBag from /home/airflow/.local/lib/python3.12/site-packages/airflow/example_dags/example_time_delta_sensor_async.py
[2025-08-19T03:37:31.509+0000] {processor.py:840} INFO - DAG(s) 'example_time_delta_sensor_async' retrieved from /home/airflow/.local/lib/python3.12/site-packages/airflow/example_dags/example_time_delta_sensor_async.py
[2025-08-19T03:37:31.534+0000] {logging_mixin.py:188} INFO - [2025-08-19T03:37:31.533+0000] {dag.py:3096} INFO - Sync 1 DAGs
[2025-08-19T03:37:31.548+0000] {logging_mixin.py:188} INFO - [2025-08-19T03:37:31.548+0000] {dag.py:3954} INFO - Setting next_dagrun for example_time_delta_sensor_async to None, run_after=None
[2025-08-19T03:37:31.578+0000] {processor.py:183} INFO - Processing /home/airflow/.local/lib/python3.12/site-packages/airflow/example_dags/example_time_delta_sensor_async.py took 0.087 seconds
