[2025-08-19T03:10:08.197+0000] {processor.py:161} INFO - Started process (PID=22271) to work on /home/airflow/.local/lib/python3.12/site-packages/airflow/example_dags/example_python_operator.py
[2025-08-19T03:10:08.199+0000] {processor.py:830} INFO - Processing file /home/airflow/.local/lib/python3.12/site-packages/airflow/example_dags/example_python_operator.py for tasks to queue
[2025-08-19T03:10:08.201+0000] {logging_mixin.py:188} INFO - [2025-08-19T03:10:08.200+0000] {dagbag.py:545} INFO - Filling up the DagBag from /home/airflow/.local/lib/python3.12/site-packages/airflow/example_dags/example_python_operator.py
[2025-08-19T03:10:08.220+0000] {processor.py:840} INFO - DAG(s) 'example_python_operator' retrieved from /home/airflow/.local/lib/python3.12/site-packages/airflow/example_dags/example_python_operator.py
[2025-08-19T03:10:08.254+0000] {logging_mixin.py:188} INFO - [2025-08-19T03:10:08.254+0000] {dag.py:3096} INFO - Sync 1 DAGs
[2025-08-19T03:10:08.276+0000] {logging_mixin.py:188} INFO - [2025-08-19T03:10:08.276+0000] {dag.py:3954} INFO - Setting next_dagrun for example_python_operator to None, run_after=None
[2025-08-19T03:10:08.314+0000] {processor.py:183} INFO - Processing /home/airflow/.local/lib/python3.12/site-packages/airflow/example_dags/example_python_operator.py took 0.130 seconds
[2025-08-19T03:10:39.002+0000] {processor.py:161} INFO - Started process (PID=22324) to work on /home/airflow/.local/lib/python3.12/site-packages/airflow/example_dags/example_python_operator.py
[2025-08-19T03:10:39.004+0000] {processor.py:830} INFO - Processing file /home/airflow/.local/lib/python3.12/site-packages/airflow/example_dags/example_python_operator.py for tasks to queue
[2025-08-19T03:10:39.005+0000] {logging_mixin.py:188} INFO - [2025-08-19T03:10:39.005+0000] {dagbag.py:545} INFO - Filling up the DagBag from /home/airflow/.local/lib/python3.12/site-packages/airflow/example_dags/example_python_operator.py
[2025-08-19T03:10:39.017+0000] {processor.py:840} INFO - DAG(s) 'example_python_operator' retrieved from /home/airflow/.local/lib/python3.12/site-packages/airflow/example_dags/example_python_operator.py
[2025-08-19T03:10:39.044+0000] {logging_mixin.py:188} INFO - [2025-08-19T03:10:39.044+0000] {dag.py:3096} INFO - Sync 1 DAGs
[2025-08-19T03:10:39.056+0000] {logging_mixin.py:188} INFO - [2025-08-19T03:10:39.056+0000] {dag.py:3954} INFO - Setting next_dagrun for example_python_operator to None, run_after=None
[2025-08-19T03:10:39.081+0000] {processor.py:183} INFO - Processing /home/airflow/.local/lib/python3.12/site-packages/airflow/example_dags/example_python_operator.py took 0.088 seconds
[2025-08-19T03:11:09.830+0000] {processor.py:161} INFO - Started process (PID=22377) to work on /home/airflow/.local/lib/python3.12/site-packages/airflow/example_dags/example_python_operator.py
[2025-08-19T03:11:09.831+0000] {processor.py:830} INFO - Processing file /home/airflow/.local/lib/python3.12/site-packages/airflow/example_dags/example_python_operator.py for tasks to queue
[2025-08-19T03:11:09.833+0000] {logging_mixin.py:188} INFO - [2025-08-19T03:11:09.833+0000] {dagbag.py:545} INFO - Filling up the DagBag from /home/airflow/.local/lib/python3.12/site-packages/airflow/example_dags/example_python_operator.py
[2025-08-19T03:11:09.849+0000] {processor.py:840} INFO - DAG(s) 'example_python_operator' retrieved from /home/airflow/.local/lib/python3.12/site-packages/airflow/example_dags/example_python_operator.py
[2025-08-19T03:11:09.877+0000] {logging_mixin.py:188} INFO - [2025-08-19T03:11:09.877+0000] {dag.py:3096} INFO - Sync 1 DAGs
[2025-08-19T03:11:09.893+0000] {logging_mixin.py:188} INFO - [2025-08-19T03:11:09.893+0000] {dag.py:3954} INFO - Setting next_dagrun for example_python_operator to None, run_after=None
[2025-08-19T03:11:09.922+0000] {processor.py:183} INFO - Processing /home/airflow/.local/lib/python3.12/site-packages/airflow/example_dags/example_python_operator.py took 0.102 seconds
[2025-08-19T03:11:40.511+0000] {processor.py:161} INFO - Started process (PID=22430) to work on /home/airflow/.local/lib/python3.12/site-packages/airflow/example_dags/example_python_operator.py
[2025-08-19T03:11:40.512+0000] {processor.py:830} INFO - Processing file /home/airflow/.local/lib/python3.12/site-packages/airflow/example_dags/example_python_operator.py for tasks to queue
[2025-08-19T03:11:40.513+0000] {logging_mixin.py:188} INFO - [2025-08-19T03:11:40.513+0000] {dagbag.py:545} INFO - Filling up the DagBag from /home/airflow/.local/lib/python3.12/site-packages/airflow/example_dags/example_python_operator.py
[2025-08-19T03:11:40.524+0000] {processor.py:840} INFO - DAG(s) 'example_python_operator' retrieved from /home/airflow/.local/lib/python3.12/site-packages/airflow/example_dags/example_python_operator.py
[2025-08-19T03:11:40.548+0000] {logging_mixin.py:188} INFO - [2025-08-19T03:11:40.548+0000] {dag.py:3096} INFO - Sync 1 DAGs
[2025-08-19T03:11:40.561+0000] {logging_mixin.py:188} INFO - [2025-08-19T03:11:40.560+0000] {dag.py:3954} INFO - Setting next_dagrun for example_python_operator to None, run_after=None
[2025-08-19T03:11:40.583+0000] {processor.py:183} INFO - Processing /home/airflow/.local/lib/python3.12/site-packages/airflow/example_dags/example_python_operator.py took 0.078 seconds
[2025-08-19T03:12:10.943+0000] {processor.py:161} INFO - Started process (PID=22483) to work on /home/airflow/.local/lib/python3.12/site-packages/airflow/example_dags/example_python_operator.py
[2025-08-19T03:12:10.944+0000] {processor.py:830} INFO - Processing file /home/airflow/.local/lib/python3.12/site-packages/airflow/example_dags/example_python_operator.py for tasks to queue
[2025-08-19T03:12:10.946+0000] {logging_mixin.py:188} INFO - [2025-08-19T03:12:10.945+0000] {dagbag.py:545} INFO - Filling up the DagBag from /home/airflow/.local/lib/python3.12/site-packages/airflow/example_dags/example_python_operator.py
[2025-08-19T03:12:10.960+0000] {processor.py:840} INFO - DAG(s) 'example_python_operator' retrieved from /home/airflow/.local/lib/python3.12/site-packages/airflow/example_dags/example_python_operator.py
[2025-08-19T03:12:10.985+0000] {logging_mixin.py:188} INFO - [2025-08-19T03:12:10.985+0000] {dag.py:3096} INFO - Sync 1 DAGs
[2025-08-19T03:12:10.998+0000] {logging_mixin.py:188} INFO - [2025-08-19T03:12:10.998+0000] {dag.py:3954} INFO - Setting next_dagrun for example_python_operator to None, run_after=None
[2025-08-19T03:12:11.025+0000] {processor.py:183} INFO - Processing /home/airflow/.local/lib/python3.12/site-packages/airflow/example_dags/example_python_operator.py took 0.089 seconds
[2025-08-19T03:12:41.523+0000] {processor.py:161} INFO - Started process (PID=22536) to work on /home/airflow/.local/lib/python3.12/site-packages/airflow/example_dags/example_python_operator.py
[2025-08-19T03:12:41.524+0000] {processor.py:830} INFO - Processing file /home/airflow/.local/lib/python3.12/site-packages/airflow/example_dags/example_python_operator.py for tasks to queue
[2025-08-19T03:12:41.525+0000] {logging_mixin.py:188} INFO - [2025-08-19T03:12:41.525+0000] {dagbag.py:545} INFO - Filling up the DagBag from /home/airflow/.local/lib/python3.12/site-packages/airflow/example_dags/example_python_operator.py
[2025-08-19T03:12:41.538+0000] {processor.py:840} INFO - DAG(s) 'example_python_operator' retrieved from /home/airflow/.local/lib/python3.12/site-packages/airflow/example_dags/example_python_operator.py
[2025-08-19T03:12:41.563+0000] {logging_mixin.py:188} INFO - [2025-08-19T03:12:41.563+0000] {dag.py:3096} INFO - Sync 1 DAGs
[2025-08-19T03:12:41.578+0000] {logging_mixin.py:188} INFO - [2025-08-19T03:12:41.577+0000] {dag.py:3954} INFO - Setting next_dagrun for example_python_operator to None, run_after=None
[2025-08-19T03:12:41.606+0000] {processor.py:183} INFO - Processing /home/airflow/.local/lib/python3.12/site-packages/airflow/example_dags/example_python_operator.py took 0.091 seconds
[2025-08-19T03:13:12.347+0000] {processor.py:161} INFO - Started process (PID=22589) to work on /home/airflow/.local/lib/python3.12/site-packages/airflow/example_dags/example_python_operator.py
[2025-08-19T03:13:12.349+0000] {processor.py:830} INFO - Processing file /home/airflow/.local/lib/python3.12/site-packages/airflow/example_dags/example_python_operator.py for tasks to queue
[2025-08-19T03:13:12.350+0000] {logging_mixin.py:188} INFO - [2025-08-19T03:13:12.350+0000] {dagbag.py:545} INFO - Filling up the DagBag from /home/airflow/.local/lib/python3.12/site-packages/airflow/example_dags/example_python_operator.py
[2025-08-19T03:13:12.361+0000] {processor.py:840} INFO - DAG(s) 'example_python_operator' retrieved from /home/airflow/.local/lib/python3.12/site-packages/airflow/example_dags/example_python_operator.py
[2025-08-19T03:13:12.387+0000] {logging_mixin.py:188} INFO - [2025-08-19T03:13:12.387+0000] {dag.py:3096} INFO - Sync 1 DAGs
[2025-08-19T03:13:12.400+0000] {logging_mixin.py:188} INFO - [2025-08-19T03:13:12.399+0000] {dag.py:3954} INFO - Setting next_dagrun for example_python_operator to None, run_after=None
[2025-08-19T03:13:12.426+0000] {processor.py:183} INFO - Processing /home/airflow/.local/lib/python3.12/site-packages/airflow/example_dags/example_python_operator.py took 0.085 seconds
[2025-08-19T03:13:43.187+0000] {processor.py:161} INFO - Started process (PID=22642) to work on /home/airflow/.local/lib/python3.12/site-packages/airflow/example_dags/example_python_operator.py
[2025-08-19T03:13:43.189+0000] {processor.py:830} INFO - Processing file /home/airflow/.local/lib/python3.12/site-packages/airflow/example_dags/example_python_operator.py for tasks to queue
[2025-08-19T03:13:43.190+0000] {logging_mixin.py:188} INFO - [2025-08-19T03:13:43.190+0000] {dagbag.py:545} INFO - Filling up the DagBag from /home/airflow/.local/lib/python3.12/site-packages/airflow/example_dags/example_python_operator.py
[2025-08-19T03:13:43.201+0000] {processor.py:840} INFO - DAG(s) 'example_python_operator' retrieved from /home/airflow/.local/lib/python3.12/site-packages/airflow/example_dags/example_python_operator.py
[2025-08-19T03:13:43.226+0000] {logging_mixin.py:188} INFO - [2025-08-19T03:13:43.226+0000] {dag.py:3096} INFO - Sync 1 DAGs
[2025-08-19T03:13:43.240+0000] {logging_mixin.py:188} INFO - [2025-08-19T03:13:43.240+0000] {dag.py:3954} INFO - Setting next_dagrun for example_python_operator to None, run_after=None
[2025-08-19T03:13:43.267+0000] {processor.py:183} INFO - Processing /home/airflow/.local/lib/python3.12/site-packages/airflow/example_dags/example_python_operator.py took 0.085 seconds
[2025-08-19T03:14:14.005+0000] {processor.py:161} INFO - Started process (PID=22695) to work on /home/airflow/.local/lib/python3.12/site-packages/airflow/example_dags/example_python_operator.py
[2025-08-19T03:14:14.006+0000] {processor.py:830} INFO - Processing file /home/airflow/.local/lib/python3.12/site-packages/airflow/example_dags/example_python_operator.py for tasks to queue
[2025-08-19T03:14:14.008+0000] {logging_mixin.py:188} INFO - [2025-08-19T03:14:14.007+0000] {dagbag.py:545} INFO - Filling up the DagBag from /home/airflow/.local/lib/python3.12/site-packages/airflow/example_dags/example_python_operator.py
[2025-08-19T03:14:14.019+0000] {processor.py:840} INFO - DAG(s) 'example_python_operator' retrieved from /home/airflow/.local/lib/python3.12/site-packages/airflow/example_dags/example_python_operator.py
[2025-08-19T03:14:14.046+0000] {logging_mixin.py:188} INFO - [2025-08-19T03:14:14.045+0000] {dag.py:3096} INFO - Sync 1 DAGs
[2025-08-19T03:14:14.059+0000] {logging_mixin.py:188} INFO - [2025-08-19T03:14:14.059+0000] {dag.py:3954} INFO - Setting next_dagrun for example_python_operator to None, run_after=None
[2025-08-19T03:14:14.084+0000] {processor.py:183} INFO - Processing /home/airflow/.local/lib/python3.12/site-packages/airflow/example_dags/example_python_operator.py took 0.086 seconds
[2025-08-19T03:14:44.804+0000] {processor.py:161} INFO - Started process (PID=22748) to work on /home/airflow/.local/lib/python3.12/site-packages/airflow/example_dags/example_python_operator.py
[2025-08-19T03:14:44.805+0000] {processor.py:830} INFO - Processing file /home/airflow/.local/lib/python3.12/site-packages/airflow/example_dags/example_python_operator.py for tasks to queue
[2025-08-19T03:14:44.806+0000] {logging_mixin.py:188} INFO - [2025-08-19T03:14:44.806+0000] {dagbag.py:545} INFO - Filling up the DagBag from /home/airflow/.local/lib/python3.12/site-packages/airflow/example_dags/example_python_operator.py
[2025-08-19T03:14:44.820+0000] {processor.py:840} INFO - DAG(s) 'example_python_operator' retrieved from /home/airflow/.local/lib/python3.12/site-packages/airflow/example_dags/example_python_operator.py
[2025-08-19T03:14:44.849+0000] {logging_mixin.py:188} INFO - [2025-08-19T03:14:44.849+0000] {dag.py:3096} INFO - Sync 1 DAGs
[2025-08-19T03:14:44.862+0000] {logging_mixin.py:188} INFO - [2025-08-19T03:14:44.862+0000] {dag.py:3954} INFO - Setting next_dagrun for example_python_operator to None, run_after=None
[2025-08-19T03:14:44.886+0000] {processor.py:183} INFO - Processing /home/airflow/.local/lib/python3.12/site-packages/airflow/example_dags/example_python_operator.py took 0.090 seconds
[2025-08-19T03:15:15.618+0000] {processor.py:161} INFO - Started process (PID=22801) to work on /home/airflow/.local/lib/python3.12/site-packages/airflow/example_dags/example_python_operator.py
[2025-08-19T03:15:15.620+0000] {processor.py:830} INFO - Processing file /home/airflow/.local/lib/python3.12/site-packages/airflow/example_dags/example_python_operator.py for tasks to queue
[2025-08-19T03:15:15.622+0000] {logging_mixin.py:188} INFO - [2025-08-19T03:15:15.621+0000] {dagbag.py:545} INFO - Filling up the DagBag from /home/airflow/.local/lib/python3.12/site-packages/airflow/example_dags/example_python_operator.py
[2025-08-19T03:15:15.641+0000] {processor.py:840} INFO - DAG(s) 'example_python_operator' retrieved from /home/airflow/.local/lib/python3.12/site-packages/airflow/example_dags/example_python_operator.py
[2025-08-19T03:15:15.671+0000] {logging_mixin.py:188} INFO - [2025-08-19T03:15:15.671+0000] {dag.py:3096} INFO - Sync 1 DAGs
[2025-08-19T03:15:15.687+0000] {logging_mixin.py:188} INFO - [2025-08-19T03:15:15.686+0000] {dag.py:3954} INFO - Setting next_dagrun for example_python_operator to None, run_after=None
[2025-08-19T03:15:15.717+0000] {processor.py:183} INFO - Processing /home/airflow/.local/lib/python3.12/site-packages/airflow/example_dags/example_python_operator.py took 0.108 seconds
[2025-08-19T03:15:46.418+0000] {processor.py:161} INFO - Started process (PID=22854) to work on /home/airflow/.local/lib/python3.12/site-packages/airflow/example_dags/example_python_operator.py
[2025-08-19T03:15:46.419+0000] {processor.py:830} INFO - Processing file /home/airflow/.local/lib/python3.12/site-packages/airflow/example_dags/example_python_operator.py for tasks to queue
[2025-08-19T03:15:46.421+0000] {logging_mixin.py:188} INFO - [2025-08-19T03:15:46.420+0000] {dagbag.py:545} INFO - Filling up the DagBag from /home/airflow/.local/lib/python3.12/site-packages/airflow/example_dags/example_python_operator.py
[2025-08-19T03:15:46.433+0000] {processor.py:840} INFO - DAG(s) 'example_python_operator' retrieved from /home/airflow/.local/lib/python3.12/site-packages/airflow/example_dags/example_python_operator.py
[2025-08-19T03:15:46.460+0000] {logging_mixin.py:188} INFO - [2025-08-19T03:15:46.459+0000] {dag.py:3096} INFO - Sync 1 DAGs
[2025-08-19T03:15:46.476+0000] {logging_mixin.py:188} INFO - [2025-08-19T03:15:46.475+0000] {dag.py:3954} INFO - Setting next_dagrun for example_python_operator to None, run_after=None
[2025-08-19T03:15:46.511+0000] {processor.py:183} INFO - Processing /home/airflow/.local/lib/python3.12/site-packages/airflow/example_dags/example_python_operator.py took 0.099 seconds
[2025-08-19T03:16:16.985+0000] {processor.py:161} INFO - Started process (PID=22907) to work on /home/airflow/.local/lib/python3.12/site-packages/airflow/example_dags/example_python_operator.py
[2025-08-19T03:16:16.986+0000] {processor.py:830} INFO - Processing file /home/airflow/.local/lib/python3.12/site-packages/airflow/example_dags/example_python_operator.py for tasks to queue
[2025-08-19T03:16:16.988+0000] {logging_mixin.py:188} INFO - [2025-08-19T03:16:16.987+0000] {dagbag.py:545} INFO - Filling up the DagBag from /home/airflow/.local/lib/python3.12/site-packages/airflow/example_dags/example_python_operator.py
[2025-08-19T03:16:17.001+0000] {processor.py:840} INFO - DAG(s) 'example_python_operator' retrieved from /home/airflow/.local/lib/python3.12/site-packages/airflow/example_dags/example_python_operator.py
[2025-08-19T03:16:17.029+0000] {logging_mixin.py:188} INFO - [2025-08-19T03:16:17.028+0000] {dag.py:3096} INFO - Sync 1 DAGs
[2025-08-19T03:16:17.043+0000] {logging_mixin.py:188} INFO - [2025-08-19T03:16:17.042+0000] {dag.py:3954} INFO - Setting next_dagrun for example_python_operator to None, run_after=None
[2025-08-19T03:16:17.068+0000] {processor.py:183} INFO - Processing /home/airflow/.local/lib/python3.12/site-packages/airflow/example_dags/example_python_operator.py took 0.091 seconds
[2025-08-19T03:16:47.401+0000] {processor.py:161} INFO - Started process (PID=22960) to work on /home/airflow/.local/lib/python3.12/site-packages/airflow/example_dags/example_python_operator.py
[2025-08-19T03:16:47.402+0000] {processor.py:830} INFO - Processing file /home/airflow/.local/lib/python3.12/site-packages/airflow/example_dags/example_python_operator.py for tasks to queue
[2025-08-19T03:16:47.403+0000] {logging_mixin.py:188} INFO - [2025-08-19T03:16:47.403+0000] {dagbag.py:545} INFO - Filling up the DagBag from /home/airflow/.local/lib/python3.12/site-packages/airflow/example_dags/example_python_operator.py
[2025-08-19T03:16:47.414+0000] {processor.py:840} INFO - DAG(s) 'example_python_operator' retrieved from /home/airflow/.local/lib/python3.12/site-packages/airflow/example_dags/example_python_operator.py
[2025-08-19T03:16:47.435+0000] {logging_mixin.py:188} INFO - [2025-08-19T03:16:47.435+0000] {dag.py:3096} INFO - Sync 1 DAGs
[2025-08-19T03:16:47.447+0000] {logging_mixin.py:188} INFO - [2025-08-19T03:16:47.446+0000] {dag.py:3954} INFO - Setting next_dagrun for example_python_operator to None, run_after=None
[2025-08-19T03:16:47.465+0000] {processor.py:183} INFO - Processing /home/airflow/.local/lib/python3.12/site-packages/airflow/example_dags/example_python_operator.py took 0.070 seconds
[2025-08-19T03:17:17.800+0000] {processor.py:161} INFO - Started process (PID=23013) to work on /home/airflow/.local/lib/python3.12/site-packages/airflow/example_dags/example_python_operator.py
[2025-08-19T03:17:17.801+0000] {processor.py:830} INFO - Processing file /home/airflow/.local/lib/python3.12/site-packages/airflow/example_dags/example_python_operator.py for tasks to queue
[2025-08-19T03:17:17.803+0000] {logging_mixin.py:188} INFO - [2025-08-19T03:17:17.802+0000] {dagbag.py:545} INFO - Filling up the DagBag from /home/airflow/.local/lib/python3.12/site-packages/airflow/example_dags/example_python_operator.py
[2025-08-19T03:17:17.813+0000] {processor.py:840} INFO - DAG(s) 'example_python_operator' retrieved from /home/airflow/.local/lib/python3.12/site-packages/airflow/example_dags/example_python_operator.py
[2025-08-19T03:17:17.840+0000] {logging_mixin.py:188} INFO - [2025-08-19T03:17:17.839+0000] {dag.py:3096} INFO - Sync 1 DAGs
[2025-08-19T03:17:17.852+0000] {logging_mixin.py:188} INFO - [2025-08-19T03:17:17.852+0000] {dag.py:3954} INFO - Setting next_dagrun for example_python_operator to None, run_after=None
[2025-08-19T03:17:17.877+0000] {processor.py:183} INFO - Processing /home/airflow/.local/lib/python3.12/site-packages/airflow/example_dags/example_python_operator.py took 0.083 seconds
[2025-08-19T03:17:48.738+0000] {processor.py:161} INFO - Started process (PID=23066) to work on /home/airflow/.local/lib/python3.12/site-packages/airflow/example_dags/example_python_operator.py
[2025-08-19T03:17:48.739+0000] {processor.py:830} INFO - Processing file /home/airflow/.local/lib/python3.12/site-packages/airflow/example_dags/example_python_operator.py for tasks to queue
[2025-08-19T03:17:48.741+0000] {logging_mixin.py:188} INFO - [2025-08-19T03:17:48.740+0000] {dagbag.py:545} INFO - Filling up the DagBag from /home/airflow/.local/lib/python3.12/site-packages/airflow/example_dags/example_python_operator.py
[2025-08-19T03:17:48.751+0000] {processor.py:840} INFO - DAG(s) 'example_python_operator' retrieved from /home/airflow/.local/lib/python3.12/site-packages/airflow/example_dags/example_python_operator.py
[2025-08-19T03:17:48.774+0000] {logging_mixin.py:188} INFO - [2025-08-19T03:17:48.774+0000] {dag.py:3096} INFO - Sync 1 DAGs
[2025-08-19T03:17:48.787+0000] {logging_mixin.py:188} INFO - [2025-08-19T03:17:48.786+0000] {dag.py:3954} INFO - Setting next_dagrun for example_python_operator to None, run_after=None
[2025-08-19T03:17:48.808+0000] {processor.py:183} INFO - Processing /home/airflow/.local/lib/python3.12/site-packages/airflow/example_dags/example_python_operator.py took 0.077 seconds
[2025-08-19T03:18:19.008+0000] {processor.py:161} INFO - Started process (PID=23119) to work on /home/airflow/.local/lib/python3.12/site-packages/airflow/example_dags/example_python_operator.py
[2025-08-19T03:18:19.010+0000] {processor.py:830} INFO - Processing file /home/airflow/.local/lib/python3.12/site-packages/airflow/example_dags/example_python_operator.py for tasks to queue
[2025-08-19T03:18:19.011+0000] {logging_mixin.py:188} INFO - [2025-08-19T03:18:19.011+0000] {dagbag.py:545} INFO - Filling up the DagBag from /home/airflow/.local/lib/python3.12/site-packages/airflow/example_dags/example_python_operator.py
[2025-08-19T03:18:19.023+0000] {processor.py:840} INFO - DAG(s) 'example_python_operator' retrieved from /home/airflow/.local/lib/python3.12/site-packages/airflow/example_dags/example_python_operator.py
[2025-08-19T03:18:19.049+0000] {logging_mixin.py:188} INFO - [2025-08-19T03:18:19.049+0000] {dag.py:3096} INFO - Sync 1 DAGs
[2025-08-19T03:18:19.062+0000] {logging_mixin.py:188} INFO - [2025-08-19T03:18:19.062+0000] {dag.py:3954} INFO - Setting next_dagrun for example_python_operator to None, run_after=None
[2025-08-19T03:18:19.088+0000] {processor.py:183} INFO - Processing /home/airflow/.local/lib/python3.12/site-packages/airflow/example_dags/example_python_operator.py took 0.087 seconds
[2025-08-19T03:18:49.194+0000] {processor.py:161} INFO - Started process (PID=23172) to work on /home/airflow/.local/lib/python3.12/site-packages/airflow/example_dags/example_python_operator.py
[2025-08-19T03:18:49.195+0000] {processor.py:830} INFO - Processing file /home/airflow/.local/lib/python3.12/site-packages/airflow/example_dags/example_python_operator.py for tasks to queue
[2025-08-19T03:18:49.196+0000] {logging_mixin.py:188} INFO - [2025-08-19T03:18:49.196+0000] {dagbag.py:545} INFO - Filling up the DagBag from /home/airflow/.local/lib/python3.12/site-packages/airflow/example_dags/example_python_operator.py
[2025-08-19T03:18:49.208+0000] {processor.py:840} INFO - DAG(s) 'example_python_operator' retrieved from /home/airflow/.local/lib/python3.12/site-packages/airflow/example_dags/example_python_operator.py
[2025-08-19T03:18:49.233+0000] {logging_mixin.py:188} INFO - [2025-08-19T03:18:49.232+0000] {dag.py:3096} INFO - Sync 1 DAGs
[2025-08-19T03:18:49.246+0000] {logging_mixin.py:188} INFO - [2025-08-19T03:18:49.246+0000] {dag.py:3954} INFO - Setting next_dagrun for example_python_operator to None, run_after=None
[2025-08-19T03:18:49.272+0000] {processor.py:183} INFO - Processing /home/airflow/.local/lib/python3.12/site-packages/airflow/example_dags/example_python_operator.py took 0.085 seconds
[2025-08-19T03:19:19.676+0000] {processor.py:161} INFO - Started process (PID=23225) to work on /home/airflow/.local/lib/python3.12/site-packages/airflow/example_dags/example_python_operator.py
[2025-08-19T03:19:19.678+0000] {processor.py:830} INFO - Processing file /home/airflow/.local/lib/python3.12/site-packages/airflow/example_dags/example_python_operator.py for tasks to queue
[2025-08-19T03:19:19.679+0000] {logging_mixin.py:188} INFO - [2025-08-19T03:19:19.678+0000] {dagbag.py:545} INFO - Filling up the DagBag from /home/airflow/.local/lib/python3.12/site-packages/airflow/example_dags/example_python_operator.py
[2025-08-19T03:19:19.691+0000] {processor.py:840} INFO - DAG(s) 'example_python_operator' retrieved from /home/airflow/.local/lib/python3.12/site-packages/airflow/example_dags/example_python_operator.py
[2025-08-19T03:19:19.715+0000] {logging_mixin.py:188} INFO - [2025-08-19T03:19:19.715+0000] {dag.py:3096} INFO - Sync 1 DAGs
[2025-08-19T03:19:19.728+0000] {logging_mixin.py:188} INFO - [2025-08-19T03:19:19.728+0000] {dag.py:3954} INFO - Setting next_dagrun for example_python_operator to None, run_after=None
[2025-08-19T03:19:19.750+0000] {processor.py:183} INFO - Processing /home/airflow/.local/lib/python3.12/site-packages/airflow/example_dags/example_python_operator.py took 0.081 seconds
[2025-08-19T03:19:50.726+0000] {processor.py:161} INFO - Started process (PID=23278) to work on /home/airflow/.local/lib/python3.12/site-packages/airflow/example_dags/example_python_operator.py
[2025-08-19T03:19:50.727+0000] {processor.py:830} INFO - Processing file /home/airflow/.local/lib/python3.12/site-packages/airflow/example_dags/example_python_operator.py for tasks to queue
[2025-08-19T03:19:50.729+0000] {logging_mixin.py:188} INFO - [2025-08-19T03:19:50.728+0000] {dagbag.py:545} INFO - Filling up the DagBag from /home/airflow/.local/lib/python3.12/site-packages/airflow/example_dags/example_python_operator.py
[2025-08-19T03:19:50.741+0000] {processor.py:840} INFO - DAG(s) 'example_python_operator' retrieved from /home/airflow/.local/lib/python3.12/site-packages/airflow/example_dags/example_python_operator.py
[2025-08-19T03:19:50.768+0000] {logging_mixin.py:188} INFO - [2025-08-19T03:19:50.767+0000] {dag.py:3096} INFO - Sync 1 DAGs
[2025-08-19T03:19:50.781+0000] {logging_mixin.py:188} INFO - [2025-08-19T03:19:50.781+0000] {dag.py:3954} INFO - Setting next_dagrun for example_python_operator to None, run_after=None
[2025-08-19T03:19:50.820+0000] {processor.py:183} INFO - Processing /home/airflow/.local/lib/python3.12/site-packages/airflow/example_dags/example_python_operator.py took 0.100 seconds
[2025-08-19T03:20:21.751+0000] {processor.py:161} INFO - Started process (PID=23331) to work on /home/airflow/.local/lib/python3.12/site-packages/airflow/example_dags/example_python_operator.py
[2025-08-19T03:20:21.753+0000] {processor.py:830} INFO - Processing file /home/airflow/.local/lib/python3.12/site-packages/airflow/example_dags/example_python_operator.py for tasks to queue
[2025-08-19T03:20:21.754+0000] {logging_mixin.py:188} INFO - [2025-08-19T03:20:21.754+0000] {dagbag.py:545} INFO - Filling up the DagBag from /home/airflow/.local/lib/python3.12/site-packages/airflow/example_dags/example_python_operator.py
[2025-08-19T03:20:21.769+0000] {processor.py:840} INFO - DAG(s) 'example_python_operator' retrieved from /home/airflow/.local/lib/python3.12/site-packages/airflow/example_dags/example_python_operator.py
[2025-08-19T03:20:21.802+0000] {logging_mixin.py:188} INFO - [2025-08-19T03:20:21.802+0000] {dag.py:3096} INFO - Sync 1 DAGs
[2025-08-19T03:20:21.815+0000] {logging_mixin.py:188} INFO - [2025-08-19T03:20:21.815+0000] {dag.py:3954} INFO - Setting next_dagrun for example_python_operator to None, run_after=None
[2025-08-19T03:20:21.840+0000] {processor.py:183} INFO - Processing /home/airflow/.local/lib/python3.12/site-packages/airflow/example_dags/example_python_operator.py took 0.100 seconds
[2025-08-19T03:20:52.086+0000] {processor.py:161} INFO - Started process (PID=23384) to work on /home/airflow/.local/lib/python3.12/site-packages/airflow/example_dags/example_python_operator.py
[2025-08-19T03:20:52.088+0000] {processor.py:830} INFO - Processing file /home/airflow/.local/lib/python3.12/site-packages/airflow/example_dags/example_python_operator.py for tasks to queue
[2025-08-19T03:20:52.089+0000] {logging_mixin.py:188} INFO - [2025-08-19T03:20:52.088+0000] {dagbag.py:545} INFO - Filling up the DagBag from /home/airflow/.local/lib/python3.12/site-packages/airflow/example_dags/example_python_operator.py
[2025-08-19T03:20:52.100+0000] {processor.py:840} INFO - DAG(s) 'example_python_operator' retrieved from /home/airflow/.local/lib/python3.12/site-packages/airflow/example_dags/example_python_operator.py
[2025-08-19T03:20:52.125+0000] {logging_mixin.py:188} INFO - [2025-08-19T03:20:52.125+0000] {dag.py:3096} INFO - Sync 1 DAGs
[2025-08-19T03:20:52.139+0000] {logging_mixin.py:188} INFO - [2025-08-19T03:20:52.138+0000] {dag.py:3954} INFO - Setting next_dagrun for example_python_operator to None, run_after=None
[2025-08-19T03:20:52.164+0000] {processor.py:183} INFO - Processing /home/airflow/.local/lib/python3.12/site-packages/airflow/example_dags/example_python_operator.py took 0.084 seconds
[2025-08-19T03:21:23.030+0000] {processor.py:161} INFO - Started process (PID=23437) to work on /home/airflow/.local/lib/python3.12/site-packages/airflow/example_dags/example_python_operator.py
[2025-08-19T03:21:23.031+0000] {processor.py:830} INFO - Processing file /home/airflow/.local/lib/python3.12/site-packages/airflow/example_dags/example_python_operator.py for tasks to queue
[2025-08-19T03:21:23.032+0000] {logging_mixin.py:188} INFO - [2025-08-19T03:21:23.032+0000] {dagbag.py:545} INFO - Filling up the DagBag from /home/airflow/.local/lib/python3.12/site-packages/airflow/example_dags/example_python_operator.py
[2025-08-19T03:21:23.043+0000] {processor.py:840} INFO - DAG(s) 'example_python_operator' retrieved from /home/airflow/.local/lib/python3.12/site-packages/airflow/example_dags/example_python_operator.py
[2025-08-19T03:21:23.067+0000] {logging_mixin.py:188} INFO - [2025-08-19T03:21:23.067+0000] {dag.py:3096} INFO - Sync 1 DAGs
[2025-08-19T03:21:23.080+0000] {logging_mixin.py:188} INFO - [2025-08-19T03:21:23.080+0000] {dag.py:3954} INFO - Setting next_dagrun for example_python_operator to None, run_after=None
[2025-08-19T03:21:23.106+0000] {processor.py:183} INFO - Processing /home/airflow/.local/lib/python3.12/site-packages/airflow/example_dags/example_python_operator.py took 0.082 seconds
[2025-08-19T03:21:53.610+0000] {processor.py:161} INFO - Started process (PID=23490) to work on /home/airflow/.local/lib/python3.12/site-packages/airflow/example_dags/example_python_operator.py
[2025-08-19T03:21:53.611+0000] {processor.py:830} INFO - Processing file /home/airflow/.local/lib/python3.12/site-packages/airflow/example_dags/example_python_operator.py for tasks to queue
[2025-08-19T03:21:53.613+0000] {logging_mixin.py:188} INFO - [2025-08-19T03:21:53.612+0000] {dagbag.py:545} INFO - Filling up the DagBag from /home/airflow/.local/lib/python3.12/site-packages/airflow/example_dags/example_python_operator.py
[2025-08-19T03:21:53.624+0000] {processor.py:840} INFO - DAG(s) 'example_python_operator' retrieved from /home/airflow/.local/lib/python3.12/site-packages/airflow/example_dags/example_python_operator.py
[2025-08-19T03:21:53.650+0000] {logging_mixin.py:188} INFO - [2025-08-19T03:21:53.649+0000] {dag.py:3096} INFO - Sync 1 DAGs
[2025-08-19T03:21:53.663+0000] {logging_mixin.py:188} INFO - [2025-08-19T03:21:53.663+0000] {dag.py:3954} INFO - Setting next_dagrun for example_python_operator to None, run_after=None
[2025-08-19T03:21:53.691+0000] {processor.py:183} INFO - Processing /home/airflow/.local/lib/python3.12/site-packages/airflow/example_dags/example_python_operator.py took 0.087 seconds
[2025-08-19T03:22:24.137+0000] {processor.py:161} INFO - Started process (PID=23543) to work on /home/airflow/.local/lib/python3.12/site-packages/airflow/example_dags/example_python_operator.py
[2025-08-19T03:22:24.139+0000] {processor.py:830} INFO - Processing file /home/airflow/.local/lib/python3.12/site-packages/airflow/example_dags/example_python_operator.py for tasks to queue
[2025-08-19T03:22:24.141+0000] {logging_mixin.py:188} INFO - [2025-08-19T03:22:24.140+0000] {dagbag.py:545} INFO - Filling up the DagBag from /home/airflow/.local/lib/python3.12/site-packages/airflow/example_dags/example_python_operator.py
[2025-08-19T03:22:24.152+0000] {processor.py:840} INFO - DAG(s) 'example_python_operator' retrieved from /home/airflow/.local/lib/python3.12/site-packages/airflow/example_dags/example_python_operator.py
[2025-08-19T03:22:24.178+0000] {logging_mixin.py:188} INFO - [2025-08-19T03:22:24.178+0000] {dag.py:3096} INFO - Sync 1 DAGs
[2025-08-19T03:22:24.192+0000] {logging_mixin.py:188} INFO - [2025-08-19T03:22:24.191+0000] {dag.py:3954} INFO - Setting next_dagrun for example_python_operator to None, run_after=None
[2025-08-19T03:22:24.218+0000] {processor.py:183} INFO - Processing /home/airflow/.local/lib/python3.12/site-packages/airflow/example_dags/example_python_operator.py took 0.086 seconds
[2025-08-19T03:22:54.591+0000] {processor.py:161} INFO - Started process (PID=23596) to work on /home/airflow/.local/lib/python3.12/site-packages/airflow/example_dags/example_python_operator.py
[2025-08-19T03:22:54.593+0000] {processor.py:830} INFO - Processing file /home/airflow/.local/lib/python3.12/site-packages/airflow/example_dags/example_python_operator.py for tasks to queue
[2025-08-19T03:22:54.594+0000] {logging_mixin.py:188} INFO - [2025-08-19T03:22:54.594+0000] {dagbag.py:545} INFO - Filling up the DagBag from /home/airflow/.local/lib/python3.12/site-packages/airflow/example_dags/example_python_operator.py
[2025-08-19T03:22:54.605+0000] {processor.py:840} INFO - DAG(s) 'example_python_operator' retrieved from /home/airflow/.local/lib/python3.12/site-packages/airflow/example_dags/example_python_operator.py
[2025-08-19T03:22:54.631+0000] {logging_mixin.py:188} INFO - [2025-08-19T03:22:54.631+0000] {dag.py:3096} INFO - Sync 1 DAGs
[2025-08-19T03:22:54.644+0000] {logging_mixin.py:188} INFO - [2025-08-19T03:22:54.644+0000] {dag.py:3954} INFO - Setting next_dagrun for example_python_operator to None, run_after=None
[2025-08-19T03:22:54.667+0000] {processor.py:183} INFO - Processing /home/airflow/.local/lib/python3.12/site-packages/airflow/example_dags/example_python_operator.py took 0.082 seconds
[2025-08-19T03:23:24.929+0000] {processor.py:161} INFO - Started process (PID=23649) to work on /home/airflow/.local/lib/python3.12/site-packages/airflow/example_dags/example_python_operator.py
[2025-08-19T03:23:24.930+0000] {processor.py:830} INFO - Processing file /home/airflow/.local/lib/python3.12/site-packages/airflow/example_dags/example_python_operator.py for tasks to queue
[2025-08-19T03:23:24.931+0000] {logging_mixin.py:188} INFO - [2025-08-19T03:23:24.931+0000] {dagbag.py:545} INFO - Filling up the DagBag from /home/airflow/.local/lib/python3.12/site-packages/airflow/example_dags/example_python_operator.py
[2025-08-19T03:23:24.944+0000] {processor.py:840} INFO - DAG(s) 'example_python_operator' retrieved from /home/airflow/.local/lib/python3.12/site-packages/airflow/example_dags/example_python_operator.py
[2025-08-19T03:23:24.970+0000] {logging_mixin.py:188} INFO - [2025-08-19T03:23:24.970+0000] {dag.py:3096} INFO - Sync 1 DAGs
[2025-08-19T03:23:24.983+0000] {logging_mixin.py:188} INFO - [2025-08-19T03:23:24.982+0000] {dag.py:3954} INFO - Setting next_dagrun for example_python_operator to None, run_after=None
[2025-08-19T03:23:25.007+0000] {processor.py:183} INFO - Processing /home/airflow/.local/lib/python3.12/site-packages/airflow/example_dags/example_python_operator.py took 0.084 seconds
[2025-08-19T03:23:55.581+0000] {processor.py:161} INFO - Started process (PID=23702) to work on /home/airflow/.local/lib/python3.12/site-packages/airflow/example_dags/example_python_operator.py
[2025-08-19T03:23:55.583+0000] {processor.py:830} INFO - Processing file /home/airflow/.local/lib/python3.12/site-packages/airflow/example_dags/example_python_operator.py for tasks to queue
[2025-08-19T03:23:55.584+0000] {logging_mixin.py:188} INFO - [2025-08-19T03:23:55.584+0000] {dagbag.py:545} INFO - Filling up the DagBag from /home/airflow/.local/lib/python3.12/site-packages/airflow/example_dags/example_python_operator.py
[2025-08-19T03:23:55.597+0000] {processor.py:840} INFO - DAG(s) 'example_python_operator' retrieved from /home/airflow/.local/lib/python3.12/site-packages/airflow/example_dags/example_python_operator.py
[2025-08-19T03:23:55.630+0000] {logging_mixin.py:188} INFO - [2025-08-19T03:23:55.630+0000] {dag.py:3096} INFO - Sync 1 DAGs
[2025-08-19T03:23:55.645+0000] {logging_mixin.py:188} INFO - [2025-08-19T03:23:55.644+0000] {dag.py:3954} INFO - Setting next_dagrun for example_python_operator to None, run_after=None
[2025-08-19T03:23:55.673+0000] {processor.py:183} INFO - Processing /home/airflow/.local/lib/python3.12/site-packages/airflow/example_dags/example_python_operator.py took 0.098 seconds
[2025-08-19T03:24:26.196+0000] {processor.py:161} INFO - Started process (PID=23755) to work on /home/airflow/.local/lib/python3.12/site-packages/airflow/example_dags/example_python_operator.py
[2025-08-19T03:24:26.198+0000] {processor.py:830} INFO - Processing file /home/airflow/.local/lib/python3.12/site-packages/airflow/example_dags/example_python_operator.py for tasks to queue
[2025-08-19T03:24:26.199+0000] {logging_mixin.py:188} INFO - [2025-08-19T03:24:26.198+0000] {dagbag.py:545} INFO - Filling up the DagBag from /home/airflow/.local/lib/python3.12/site-packages/airflow/example_dags/example_python_operator.py
[2025-08-19T03:24:26.215+0000] {processor.py:840} INFO - DAG(s) 'example_python_operator' retrieved from /home/airflow/.local/lib/python3.12/site-packages/airflow/example_dags/example_python_operator.py
[2025-08-19T03:24:26.242+0000] {logging_mixin.py:188} INFO - [2025-08-19T03:24:26.242+0000] {dag.py:3096} INFO - Sync 1 DAGs
[2025-08-19T03:24:26.256+0000] {logging_mixin.py:188} INFO - [2025-08-19T03:24:26.255+0000] {dag.py:3954} INFO - Setting next_dagrun for example_python_operator to None, run_after=None
[2025-08-19T03:24:26.280+0000] {processor.py:183} INFO - Processing /home/airflow/.local/lib/python3.12/site-packages/airflow/example_dags/example_python_operator.py took 0.091 seconds
[2025-08-19T03:24:56.893+0000] {processor.py:161} INFO - Started process (PID=23808) to work on /home/airflow/.local/lib/python3.12/site-packages/airflow/example_dags/example_python_operator.py
[2025-08-19T03:24:56.895+0000] {processor.py:830} INFO - Processing file /home/airflow/.local/lib/python3.12/site-packages/airflow/example_dags/example_python_operator.py for tasks to queue
[2025-08-19T03:24:56.897+0000] {logging_mixin.py:188} INFO - [2025-08-19T03:24:56.896+0000] {dagbag.py:545} INFO - Filling up the DagBag from /home/airflow/.local/lib/python3.12/site-packages/airflow/example_dags/example_python_operator.py
[2025-08-19T03:24:56.916+0000] {processor.py:840} INFO - DAG(s) 'example_python_operator' retrieved from /home/airflow/.local/lib/python3.12/site-packages/airflow/example_dags/example_python_operator.py
[2025-08-19T03:24:56.949+0000] {logging_mixin.py:188} INFO - [2025-08-19T03:24:56.948+0000] {dag.py:3096} INFO - Sync 1 DAGs
[2025-08-19T03:24:56.965+0000] {logging_mixin.py:188} INFO - [2025-08-19T03:24:56.965+0000] {dag.py:3954} INFO - Setting next_dagrun for example_python_operator to None, run_after=None
[2025-08-19T03:24:56.995+0000] {processor.py:183} INFO - Processing /home/airflow/.local/lib/python3.12/site-packages/airflow/example_dags/example_python_operator.py took 0.112 seconds
[2025-08-19T03:25:27.394+0000] {processor.py:161} INFO - Started process (PID=23861) to work on /home/airflow/.local/lib/python3.12/site-packages/airflow/example_dags/example_python_operator.py
[2025-08-19T03:25:27.395+0000] {processor.py:830} INFO - Processing file /home/airflow/.local/lib/python3.12/site-packages/airflow/example_dags/example_python_operator.py for tasks to queue
[2025-08-19T03:25:27.397+0000] {logging_mixin.py:188} INFO - [2025-08-19T03:25:27.396+0000] {dagbag.py:545} INFO - Filling up the DagBag from /home/airflow/.local/lib/python3.12/site-packages/airflow/example_dags/example_python_operator.py
[2025-08-19T03:25:27.409+0000] {processor.py:840} INFO - DAG(s) 'example_python_operator' retrieved from /home/airflow/.local/lib/python3.12/site-packages/airflow/example_dags/example_python_operator.py
[2025-08-19T03:25:27.436+0000] {logging_mixin.py:188} INFO - [2025-08-19T03:25:27.435+0000] {dag.py:3096} INFO - Sync 1 DAGs
[2025-08-19T03:25:27.448+0000] {logging_mixin.py:188} INFO - [2025-08-19T03:25:27.448+0000] {dag.py:3954} INFO - Setting next_dagrun for example_python_operator to None, run_after=None
[2025-08-19T03:25:27.477+0000] {processor.py:183} INFO - Processing /home/airflow/.local/lib/python3.12/site-packages/airflow/example_dags/example_python_operator.py took 0.089 seconds
[2025-08-19T03:25:57.792+0000] {processor.py:161} INFO - Started process (PID=23913) to work on /home/airflow/.local/lib/python3.12/site-packages/airflow/example_dags/example_python_operator.py
[2025-08-19T03:25:57.794+0000] {processor.py:830} INFO - Processing file /home/airflow/.local/lib/python3.12/site-packages/airflow/example_dags/example_python_operator.py for tasks to queue
[2025-08-19T03:25:57.795+0000] {logging_mixin.py:188} INFO - [2025-08-19T03:25:57.795+0000] {dagbag.py:545} INFO - Filling up the DagBag from /home/airflow/.local/lib/python3.12/site-packages/airflow/example_dags/example_python_operator.py
[2025-08-19T03:25:57.807+0000] {processor.py:840} INFO - DAG(s) 'example_python_operator' retrieved from /home/airflow/.local/lib/python3.12/site-packages/airflow/example_dags/example_python_operator.py
[2025-08-19T03:25:57.832+0000] {logging_mixin.py:188} INFO - [2025-08-19T03:25:57.832+0000] {dag.py:3096} INFO - Sync 1 DAGs
[2025-08-19T03:25:57.844+0000] {logging_mixin.py:188} INFO - [2025-08-19T03:25:57.844+0000] {dag.py:3954} INFO - Setting next_dagrun for example_python_operator to None, run_after=None
[2025-08-19T03:25:57.868+0000] {processor.py:183} INFO - Processing /home/airflow/.local/lib/python3.12/site-packages/airflow/example_dags/example_python_operator.py took 0.083 seconds
[2025-08-19T03:26:28.149+0000] {processor.py:161} INFO - Started process (PID=23966) to work on /home/airflow/.local/lib/python3.12/site-packages/airflow/example_dags/example_python_operator.py
[2025-08-19T03:26:28.150+0000] {processor.py:830} INFO - Processing file /home/airflow/.local/lib/python3.12/site-packages/airflow/example_dags/example_python_operator.py for tasks to queue
[2025-08-19T03:26:28.152+0000] {logging_mixin.py:188} INFO - [2025-08-19T03:26:28.151+0000] {dagbag.py:545} INFO - Filling up the DagBag from /home/airflow/.local/lib/python3.12/site-packages/airflow/example_dags/example_python_operator.py
[2025-08-19T03:26:28.162+0000] {processor.py:840} INFO - DAG(s) 'example_python_operator' retrieved from /home/airflow/.local/lib/python3.12/site-packages/airflow/example_dags/example_python_operator.py
[2025-08-19T03:26:28.186+0000] {logging_mixin.py:188} INFO - [2025-08-19T03:26:28.186+0000] {dag.py:3096} INFO - Sync 1 DAGs
[2025-08-19T03:26:28.198+0000] {logging_mixin.py:188} INFO - [2025-08-19T03:26:28.198+0000] {dag.py:3954} INFO - Setting next_dagrun for example_python_operator to None, run_after=None
[2025-08-19T03:26:28.227+0000] {processor.py:183} INFO - Processing /home/airflow/.local/lib/python3.12/site-packages/airflow/example_dags/example_python_operator.py took 0.085 seconds
[2025-08-19T03:26:58.615+0000] {processor.py:161} INFO - Started process (PID=24019) to work on /home/airflow/.local/lib/python3.12/site-packages/airflow/example_dags/example_python_operator.py
[2025-08-19T03:26:58.617+0000] {processor.py:830} INFO - Processing file /home/airflow/.local/lib/python3.12/site-packages/airflow/example_dags/example_python_operator.py for tasks to queue
[2025-08-19T03:26:58.618+0000] {logging_mixin.py:188} INFO - [2025-08-19T03:26:58.617+0000] {dagbag.py:545} INFO - Filling up the DagBag from /home/airflow/.local/lib/python3.12/site-packages/airflow/example_dags/example_python_operator.py
[2025-08-19T03:26:58.630+0000] {processor.py:840} INFO - DAG(s) 'example_python_operator' retrieved from /home/airflow/.local/lib/python3.12/site-packages/airflow/example_dags/example_python_operator.py
[2025-08-19T03:26:58.657+0000] {logging_mixin.py:188} INFO - [2025-08-19T03:26:58.657+0000] {dag.py:3096} INFO - Sync 1 DAGs
[2025-08-19T03:26:58.670+0000] {logging_mixin.py:188} INFO - [2025-08-19T03:26:58.670+0000] {dag.py:3954} INFO - Setting next_dagrun for example_python_operator to None, run_after=None
[2025-08-19T03:26:58.692+0000] {processor.py:183} INFO - Processing /home/airflow/.local/lib/python3.12/site-packages/airflow/example_dags/example_python_operator.py took 0.085 seconds
[2025-08-19T03:27:29.123+0000] {processor.py:161} INFO - Started process (PID=24072) to work on /home/airflow/.local/lib/python3.12/site-packages/airflow/example_dags/example_python_operator.py
[2025-08-19T03:27:29.126+0000] {processor.py:830} INFO - Processing file /home/airflow/.local/lib/python3.12/site-packages/airflow/example_dags/example_python_operator.py for tasks to queue
[2025-08-19T03:27:29.130+0000] {logging_mixin.py:188} INFO - [2025-08-19T03:27:29.128+0000] {dagbag.py:545} INFO - Filling up the DagBag from /home/airflow/.local/lib/python3.12/site-packages/airflow/example_dags/example_python_operator.py
[2025-08-19T03:27:29.149+0000] {processor.py:840} INFO - DAG(s) 'example_python_operator' retrieved from /home/airflow/.local/lib/python3.12/site-packages/airflow/example_dags/example_python_operator.py
[2025-08-19T03:27:29.184+0000] {logging_mixin.py:188} INFO - [2025-08-19T03:27:29.184+0000] {dag.py:3096} INFO - Sync 1 DAGs
[2025-08-19T03:27:29.197+0000] {logging_mixin.py:188} INFO - [2025-08-19T03:27:29.197+0000] {dag.py:3954} INFO - Setting next_dagrun for example_python_operator to None, run_after=None
[2025-08-19T03:27:29.220+0000] {processor.py:183} INFO - Processing /home/airflow/.local/lib/python3.12/site-packages/airflow/example_dags/example_python_operator.py took 0.110 seconds
[2025-08-19T03:27:59.604+0000] {processor.py:161} INFO - Started process (PID=24125) to work on /home/airflow/.local/lib/python3.12/site-packages/airflow/example_dags/example_python_operator.py
[2025-08-19T03:27:59.606+0000] {processor.py:830} INFO - Processing file /home/airflow/.local/lib/python3.12/site-packages/airflow/example_dags/example_python_operator.py for tasks to queue
[2025-08-19T03:27:59.607+0000] {logging_mixin.py:188} INFO - [2025-08-19T03:27:59.607+0000] {dagbag.py:545} INFO - Filling up the DagBag from /home/airflow/.local/lib/python3.12/site-packages/airflow/example_dags/example_python_operator.py
[2025-08-19T03:27:59.619+0000] {processor.py:840} INFO - DAG(s) 'example_python_operator' retrieved from /home/airflow/.local/lib/python3.12/site-packages/airflow/example_dags/example_python_operator.py
[2025-08-19T03:27:59.647+0000] {logging_mixin.py:188} INFO - [2025-08-19T03:27:59.646+0000] {dag.py:3096} INFO - Sync 1 DAGs
[2025-08-19T03:27:59.660+0000] {logging_mixin.py:188} INFO - [2025-08-19T03:27:59.660+0000] {dag.py:3954} INFO - Setting next_dagrun for example_python_operator to None, run_after=None
[2025-08-19T03:27:59.684+0000] {processor.py:183} INFO - Processing /home/airflow/.local/lib/python3.12/site-packages/airflow/example_dags/example_python_operator.py took 0.088 seconds
[2025-08-19T03:28:30.022+0000] {processor.py:161} INFO - Started process (PID=24178) to work on /home/airflow/.local/lib/python3.12/site-packages/airflow/example_dags/example_python_operator.py
[2025-08-19T03:28:30.024+0000] {processor.py:830} INFO - Processing file /home/airflow/.local/lib/python3.12/site-packages/airflow/example_dags/example_python_operator.py for tasks to queue
[2025-08-19T03:28:30.026+0000] {logging_mixin.py:188} INFO - [2025-08-19T03:28:30.025+0000] {dagbag.py:545} INFO - Filling up the DagBag from /home/airflow/.local/lib/python3.12/site-packages/airflow/example_dags/example_python_operator.py
[2025-08-19T03:28:30.036+0000] {processor.py:840} INFO - DAG(s) 'example_python_operator' retrieved from /home/airflow/.local/lib/python3.12/site-packages/airflow/example_dags/example_python_operator.py
[2025-08-19T03:28:30.060+0000] {logging_mixin.py:188} INFO - [2025-08-19T03:28:30.060+0000] {dag.py:3096} INFO - Sync 1 DAGs
[2025-08-19T03:28:30.073+0000] {logging_mixin.py:188} INFO - [2025-08-19T03:28:30.072+0000] {dag.py:3954} INFO - Setting next_dagrun for example_python_operator to None, run_after=None
[2025-08-19T03:28:30.094+0000] {processor.py:183} INFO - Processing /home/airflow/.local/lib/python3.12/site-packages/airflow/example_dags/example_python_operator.py took 0.080 seconds
[2025-08-19T03:29:00.431+0000] {processor.py:161} INFO - Started process (PID=24231) to work on /home/airflow/.local/lib/python3.12/site-packages/airflow/example_dags/example_python_operator.py
[2025-08-19T03:29:00.433+0000] {processor.py:830} INFO - Processing file /home/airflow/.local/lib/python3.12/site-packages/airflow/example_dags/example_python_operator.py for tasks to queue
[2025-08-19T03:29:00.434+0000] {logging_mixin.py:188} INFO - [2025-08-19T03:29:00.434+0000] {dagbag.py:545} INFO - Filling up the DagBag from /home/airflow/.local/lib/python3.12/site-packages/airflow/example_dags/example_python_operator.py
[2025-08-19T03:29:00.447+0000] {processor.py:840} INFO - DAG(s) 'example_python_operator' retrieved from /home/airflow/.local/lib/python3.12/site-packages/airflow/example_dags/example_python_operator.py
[2025-08-19T03:29:00.477+0000] {logging_mixin.py:188} INFO - [2025-08-19T03:29:00.477+0000] {dag.py:3096} INFO - Sync 1 DAGs
[2025-08-19T03:29:00.491+0000] {logging_mixin.py:188} INFO - [2025-08-19T03:29:00.491+0000] {dag.py:3954} INFO - Setting next_dagrun for example_python_operator to None, run_after=None
[2025-08-19T03:29:00.513+0000] {processor.py:183} INFO - Processing /home/airflow/.local/lib/python3.12/site-packages/airflow/example_dags/example_python_operator.py took 0.089 seconds
[2025-08-19T03:29:30.749+0000] {processor.py:161} INFO - Started process (PID=24285) to work on /home/airflow/.local/lib/python3.12/site-packages/airflow/example_dags/example_python_operator.py
[2025-08-19T03:29:30.750+0000] {processor.py:830} INFO - Processing file /home/airflow/.local/lib/python3.12/site-packages/airflow/example_dags/example_python_operator.py for tasks to queue
[2025-08-19T03:29:30.752+0000] {logging_mixin.py:188} INFO - [2025-08-19T03:29:30.751+0000] {dagbag.py:545} INFO - Filling up the DagBag from /home/airflow/.local/lib/python3.12/site-packages/airflow/example_dags/example_python_operator.py
[2025-08-19T03:29:30.762+0000] {processor.py:840} INFO - DAG(s) 'example_python_operator' retrieved from /home/airflow/.local/lib/python3.12/site-packages/airflow/example_dags/example_python_operator.py
[2025-08-19T03:29:30.789+0000] {logging_mixin.py:188} INFO - [2025-08-19T03:29:30.789+0000] {dag.py:3096} INFO - Sync 1 DAGs
[2025-08-19T03:29:30.802+0000] {logging_mixin.py:188} INFO - [2025-08-19T03:29:30.802+0000] {dag.py:3954} INFO - Setting next_dagrun for example_python_operator to None, run_after=None
[2025-08-19T03:29:30.828+0000] {processor.py:183} INFO - Processing /home/airflow/.local/lib/python3.12/site-packages/airflow/example_dags/example_python_operator.py took 0.085 seconds
[2025-08-19T03:30:01.219+0000] {processor.py:161} INFO - Started process (PID=24338) to work on /home/airflow/.local/lib/python3.12/site-packages/airflow/example_dags/example_python_operator.py
[2025-08-19T03:30:01.220+0000] {processor.py:830} INFO - Processing file /home/airflow/.local/lib/python3.12/site-packages/airflow/example_dags/example_python_operator.py for tasks to queue
[2025-08-19T03:30:01.222+0000] {logging_mixin.py:188} INFO - [2025-08-19T03:30:01.221+0000] {dagbag.py:545} INFO - Filling up the DagBag from /home/airflow/.local/lib/python3.12/site-packages/airflow/example_dags/example_python_operator.py
[2025-08-19T03:30:01.234+0000] {processor.py:840} INFO - DAG(s) 'example_python_operator' retrieved from /home/airflow/.local/lib/python3.12/site-packages/airflow/example_dags/example_python_operator.py
[2025-08-19T03:30:01.260+0000] {logging_mixin.py:188} INFO - [2025-08-19T03:30:01.260+0000] {dag.py:3096} INFO - Sync 1 DAGs
[2025-08-19T03:30:01.273+0000] {logging_mixin.py:188} INFO - [2025-08-19T03:30:01.273+0000] {dag.py:3954} INFO - Setting next_dagrun for example_python_operator to None, run_after=None
[2025-08-19T03:30:01.296+0000] {processor.py:183} INFO - Processing /home/airflow/.local/lib/python3.12/site-packages/airflow/example_dags/example_python_operator.py took 0.083 seconds
[2025-08-19T03:30:31.701+0000] {processor.py:161} INFO - Started process (PID=24391) to work on /home/airflow/.local/lib/python3.12/site-packages/airflow/example_dags/example_python_operator.py
[2025-08-19T03:30:31.703+0000] {processor.py:830} INFO - Processing file /home/airflow/.local/lib/python3.12/site-packages/airflow/example_dags/example_python_operator.py for tasks to queue
[2025-08-19T03:30:31.704+0000] {logging_mixin.py:188} INFO - [2025-08-19T03:30:31.704+0000] {dagbag.py:545} INFO - Filling up the DagBag from /home/airflow/.local/lib/python3.12/site-packages/airflow/example_dags/example_python_operator.py
[2025-08-19T03:30:31.714+0000] {processor.py:840} INFO - DAG(s) 'example_python_operator' retrieved from /home/airflow/.local/lib/python3.12/site-packages/airflow/example_dags/example_python_operator.py
[2025-08-19T03:30:31.741+0000] {logging_mixin.py:188} INFO - [2025-08-19T03:30:31.741+0000] {dag.py:3096} INFO - Sync 1 DAGs
[2025-08-19T03:30:31.753+0000] {logging_mixin.py:188} INFO - [2025-08-19T03:30:31.753+0000] {dag.py:3954} INFO - Setting next_dagrun for example_python_operator to None, run_after=None
[2025-08-19T03:30:31.778+0000] {processor.py:183} INFO - Processing /home/airflow/.local/lib/python3.12/site-packages/airflow/example_dags/example_python_operator.py took 0.083 seconds
[2025-08-19T03:31:02.391+0000] {processor.py:161} INFO - Started process (PID=24444) to work on /home/airflow/.local/lib/python3.12/site-packages/airflow/example_dags/example_python_operator.py
[2025-08-19T03:31:02.390+0000] {processor.py:830} INFO - Processing file /home/airflow/.local/lib/python3.12/site-packages/airflow/example_dags/example_python_operator.py for tasks to queue
[2025-08-19T03:31:02.391+0000] {logging_mixin.py:188} INFO - [2025-08-19T03:31:02.391+0000] {dagbag.py:545} INFO - Filling up the DagBag from /home/airflow/.local/lib/python3.12/site-packages/airflow/example_dags/example_python_operator.py
[2025-08-19T03:31:02.403+0000] {processor.py:840} INFO - DAG(s) 'example_python_operator' retrieved from /home/airflow/.local/lib/python3.12/site-packages/airflow/example_dags/example_python_operator.py
[2025-08-19T03:31:02.429+0000] {logging_mixin.py:188} INFO - [2025-08-19T03:31:02.429+0000] {dag.py:3096} INFO - Sync 1 DAGs
[2025-08-19T03:31:02.442+0000] {logging_mixin.py:188} INFO - [2025-08-19T03:31:02.442+0000] {dag.py:3954} INFO - Setting next_dagrun for example_python_operator to None, run_after=None
[2025-08-19T03:31:02.471+0000] {processor.py:183} INFO - Processing /home/airflow/.local/lib/python3.12/site-packages/airflow/example_dags/example_python_operator.py took 0.091 seconds
[2025-08-19T03:31:32.698+0000] {processor.py:161} INFO - Started process (PID=24497) to work on /home/airflow/.local/lib/python3.12/site-packages/airflow/example_dags/example_python_operator.py
[2025-08-19T03:31:32.699+0000] {processor.py:830} INFO - Processing file /home/airflow/.local/lib/python3.12/site-packages/airflow/example_dags/example_python_operator.py for tasks to queue
[2025-08-19T03:31:32.701+0000] {logging_mixin.py:188} INFO - [2025-08-19T03:31:32.700+0000] {dagbag.py:545} INFO - Filling up the DagBag from /home/airflow/.local/lib/python3.12/site-packages/airflow/example_dags/example_python_operator.py
[2025-08-19T03:31:32.713+0000] {processor.py:840} INFO - DAG(s) 'example_python_operator' retrieved from /home/airflow/.local/lib/python3.12/site-packages/airflow/example_dags/example_python_operator.py
[2025-08-19T03:31:32.748+0000] {logging_mixin.py:188} INFO - [2025-08-19T03:31:32.747+0000] {dag.py:3096} INFO - Sync 1 DAGs
[2025-08-19T03:31:32.764+0000] {logging_mixin.py:188} INFO - [2025-08-19T03:31:32.764+0000] {dag.py:3954} INFO - Setting next_dagrun for example_python_operator to None, run_after=None
[2025-08-19T03:31:32.791+0000] {processor.py:183} INFO - Processing /home/airflow/.local/lib/python3.12/site-packages/airflow/example_dags/example_python_operator.py took 0.101 seconds
[2025-08-19T03:32:02.871+0000] {processor.py:161} INFO - Started process (PID=24550) to work on /home/airflow/.local/lib/python3.12/site-packages/airflow/example_dags/example_python_operator.py
[2025-08-19T03:32:02.872+0000] {processor.py:830} INFO - Processing file /home/airflow/.local/lib/python3.12/site-packages/airflow/example_dags/example_python_operator.py for tasks to queue
[2025-08-19T03:32:02.873+0000] {logging_mixin.py:188} INFO - [2025-08-19T03:32:02.873+0000] {dagbag.py:545} INFO - Filling up the DagBag from /home/airflow/.local/lib/python3.12/site-packages/airflow/example_dags/example_python_operator.py
[2025-08-19T03:32:02.886+0000] {processor.py:840} INFO - DAG(s) 'example_python_operator' retrieved from /home/airflow/.local/lib/python3.12/site-packages/airflow/example_dags/example_python_operator.py
[2025-08-19T03:32:02.912+0000] {logging_mixin.py:188} INFO - [2025-08-19T03:32:02.912+0000] {dag.py:3096} INFO - Sync 1 DAGs
[2025-08-19T03:32:02.926+0000] {logging_mixin.py:188} INFO - [2025-08-19T03:32:02.926+0000] {dag.py:3954} INFO - Setting next_dagrun for example_python_operator to None, run_after=None
[2025-08-19T03:32:02.952+0000] {processor.py:183} INFO - Processing /home/airflow/.local/lib/python3.12/site-packages/airflow/example_dags/example_python_operator.py took 0.087 seconds
[2025-08-19T03:32:33.013+0000] {processor.py:161} INFO - Started process (PID=24602) to work on /home/airflow/.local/lib/python3.12/site-packages/airflow/example_dags/example_python_operator.py
[2025-08-19T03:32:33.014+0000] {processor.py:830} INFO - Processing file /home/airflow/.local/lib/python3.12/site-packages/airflow/example_dags/example_python_operator.py for tasks to queue
[2025-08-19T03:32:33.016+0000] {logging_mixin.py:188} INFO - [2025-08-19T03:32:33.015+0000] {dagbag.py:545} INFO - Filling up the DagBag from /home/airflow/.local/lib/python3.12/site-packages/airflow/example_dags/example_python_operator.py
[2025-08-19T03:32:33.029+0000] {processor.py:840} INFO - DAG(s) 'example_python_operator' retrieved from /home/airflow/.local/lib/python3.12/site-packages/airflow/example_dags/example_python_operator.py
[2025-08-19T03:32:33.055+0000] {logging_mixin.py:188} INFO - [2025-08-19T03:32:33.055+0000] {dag.py:3096} INFO - Sync 1 DAGs
[2025-08-19T03:32:33.070+0000] {logging_mixin.py:188} INFO - [2025-08-19T03:32:33.070+0000] {dag.py:3954} INFO - Setting next_dagrun for example_python_operator to None, run_after=None
[2025-08-19T03:32:33.092+0000] {processor.py:183} INFO - Processing /home/airflow/.local/lib/python3.12/site-packages/airflow/example_dags/example_python_operator.py took 0.088 seconds
[2025-08-19T03:33:03.507+0000] {processor.py:161} INFO - Started process (PID=24656) to work on /home/airflow/.local/lib/python3.12/site-packages/airflow/example_dags/example_python_operator.py
[2025-08-19T03:33:03.511+0000] {processor.py:830} INFO - Processing file /home/airflow/.local/lib/python3.12/site-packages/airflow/example_dags/example_python_operator.py for tasks to queue
[2025-08-19T03:33:03.515+0000] {logging_mixin.py:188} INFO - [2025-08-19T03:33:03.514+0000] {dagbag.py:545} INFO - Filling up the DagBag from /home/airflow/.local/lib/python3.12/site-packages/airflow/example_dags/example_python_operator.py
[2025-08-19T03:33:03.548+0000] {processor.py:840} INFO - DAG(s) 'example_python_operator' retrieved from /home/airflow/.local/lib/python3.12/site-packages/airflow/example_dags/example_python_operator.py
[2025-08-19T03:33:03.610+0000] {logging_mixin.py:188} INFO - [2025-08-19T03:33:03.609+0000] {dag.py:3096} INFO - Sync 1 DAGs
[2025-08-19T03:33:03.646+0000] {logging_mixin.py:188} INFO - [2025-08-19T03:33:03.645+0000] {dag.py:3954} INFO - Setting next_dagrun for example_python_operator to None, run_after=None
[2025-08-19T03:33:03.716+0000] {processor.py:183} INFO - Processing /home/airflow/.local/lib/python3.12/site-packages/airflow/example_dags/example_python_operator.py took 0.227 seconds
[2025-08-19T03:33:40.036+0000] {processor.py:161} INFO - Started process (PID=24709) to work on /home/airflow/.local/lib/python3.12/site-packages/airflow/example_dags/example_python_operator.py
[2025-08-19T03:33:40.043+0000] {processor.py:830} INFO - Processing file /home/airflow/.local/lib/python3.12/site-packages/airflow/example_dags/example_python_operator.py for tasks to queue
[2025-08-19T03:33:40.051+0000] {logging_mixin.py:188} INFO - [2025-08-19T03:33:40.049+0000] {dagbag.py:545} INFO - Filling up the DagBag from /home/airflow/.local/lib/python3.12/site-packages/airflow/example_dags/example_python_operator.py
[2025-08-19T03:33:40.148+0000] {processor.py:840} INFO - DAG(s) 'example_python_operator' retrieved from /home/airflow/.local/lib/python3.12/site-packages/airflow/example_dags/example_python_operator.py
[2025-08-19T03:33:40.252+0000] {logging_mixin.py:188} INFO - [2025-08-19T03:33:40.251+0000] {dag.py:3096} INFO - Sync 1 DAGs
[2025-08-19T03:33:40.299+0000] {logging_mixin.py:188} INFO - [2025-08-19T03:33:40.298+0000] {dag.py:3954} INFO - Setting next_dagrun for example_python_operator to None, run_after=None
[2025-08-19T03:33:40.398+0000] {processor.py:183} INFO - Processing /home/airflow/.local/lib/python3.12/site-packages/airflow/example_dags/example_python_operator.py took 0.400 seconds
[2025-08-19T03:34:11.404+0000] {processor.py:161} INFO - Started process (PID=24762) to work on /home/airflow/.local/lib/python3.12/site-packages/airflow/example_dags/example_python_operator.py
[2025-08-19T03:34:11.406+0000] {processor.py:830} INFO - Processing file /home/airflow/.local/lib/python3.12/site-packages/airflow/example_dags/example_python_operator.py for tasks to queue
[2025-08-19T03:34:11.407+0000] {logging_mixin.py:188} INFO - [2025-08-19T03:34:11.407+0000] {dagbag.py:545} INFO - Filling up the DagBag from /home/airflow/.local/lib/python3.12/site-packages/airflow/example_dags/example_python_operator.py
[2025-08-19T03:34:11.423+0000] {processor.py:840} INFO - DAG(s) 'example_python_operator' retrieved from /home/airflow/.local/lib/python3.12/site-packages/airflow/example_dags/example_python_operator.py
[2025-08-19T03:34:11.456+0000] {logging_mixin.py:188} INFO - [2025-08-19T03:34:11.456+0000] {dag.py:3096} INFO - Sync 1 DAGs
[2025-08-19T03:34:11.472+0000] {logging_mixin.py:188} INFO - [2025-08-19T03:34:11.472+0000] {dag.py:3954} INFO - Setting next_dagrun for example_python_operator to None, run_after=None
[2025-08-19T03:34:11.509+0000] {processor.py:183} INFO - Processing /home/airflow/.local/lib/python3.12/site-packages/airflow/example_dags/example_python_operator.py took 0.111 seconds
[2025-08-19T03:34:41.930+0000] {processor.py:161} INFO - Started process (PID=24815) to work on /home/airflow/.local/lib/python3.12/site-packages/airflow/example_dags/example_python_operator.py
[2025-08-19T03:34:41.932+0000] {processor.py:830} INFO - Processing file /home/airflow/.local/lib/python3.12/site-packages/airflow/example_dags/example_python_operator.py for tasks to queue
[2025-08-19T03:34:41.933+0000] {logging_mixin.py:188} INFO - [2025-08-19T03:34:41.933+0000] {dagbag.py:545} INFO - Filling up the DagBag from /home/airflow/.local/lib/python3.12/site-packages/airflow/example_dags/example_python_operator.py
[2025-08-19T03:34:41.947+0000] {processor.py:840} INFO - DAG(s) 'example_python_operator' retrieved from /home/airflow/.local/lib/python3.12/site-packages/airflow/example_dags/example_python_operator.py
[2025-08-19T03:34:41.978+0000] {logging_mixin.py:188} INFO - [2025-08-19T03:34:41.978+0000] {dag.py:3096} INFO - Sync 1 DAGs
[2025-08-19T03:34:41.993+0000] {logging_mixin.py:188} INFO - [2025-08-19T03:34:41.992+0000] {dag.py:3954} INFO - Setting next_dagrun for example_python_operator to None, run_after=None
[2025-08-19T03:34:42.018+0000] {processor.py:183} INFO - Processing /home/airflow/.local/lib/python3.12/site-packages/airflow/example_dags/example_python_operator.py took 0.096 seconds
[2025-08-19T03:35:12.085+0000] {processor.py:161} INFO - Started process (PID=24868) to work on /home/airflow/.local/lib/python3.12/site-packages/airflow/example_dags/example_python_operator.py
[2025-08-19T03:35:12.086+0000] {processor.py:830} INFO - Processing file /home/airflow/.local/lib/python3.12/site-packages/airflow/example_dags/example_python_operator.py for tasks to queue
[2025-08-19T03:35:12.089+0000] {logging_mixin.py:188} INFO - [2025-08-19T03:35:12.088+0000] {dagbag.py:545} INFO - Filling up the DagBag from /home/airflow/.local/lib/python3.12/site-packages/airflow/example_dags/example_python_operator.py
[2025-08-19T03:35:12.103+0000] {processor.py:840} INFO - DAG(s) 'example_python_operator' retrieved from /home/airflow/.local/lib/python3.12/site-packages/airflow/example_dags/example_python_operator.py
[2025-08-19T03:35:12.136+0000] {logging_mixin.py:188} INFO - [2025-08-19T03:35:12.136+0000] {dag.py:3096} INFO - Sync 1 DAGs
[2025-08-19T03:35:12.151+0000] {logging_mixin.py:188} INFO - [2025-08-19T03:35:12.151+0000] {dag.py:3954} INFO - Setting next_dagrun for example_python_operator to None, run_after=None
[2025-08-19T03:35:12.181+0000] {processor.py:183} INFO - Processing /home/airflow/.local/lib/python3.12/site-packages/airflow/example_dags/example_python_operator.py took 0.104 seconds
[2025-08-19T03:35:42.775+0000] {processor.py:161} INFO - Started process (PID=24921) to work on /home/airflow/.local/lib/python3.12/site-packages/airflow/example_dags/example_python_operator.py
[2025-08-19T03:35:42.776+0000] {processor.py:830} INFO - Processing file /home/airflow/.local/lib/python3.12/site-packages/airflow/example_dags/example_python_operator.py for tasks to queue
[2025-08-19T03:35:42.778+0000] {logging_mixin.py:188} INFO - [2025-08-19T03:35:42.777+0000] {dagbag.py:545} INFO - Filling up the DagBag from /home/airflow/.local/lib/python3.12/site-packages/airflow/example_dags/example_python_operator.py
[2025-08-19T03:35:42.790+0000] {processor.py:840} INFO - DAG(s) 'example_python_operator' retrieved from /home/airflow/.local/lib/python3.12/site-packages/airflow/example_dags/example_python_operator.py
[2025-08-19T03:35:42.818+0000] {logging_mixin.py:188} INFO - [2025-08-19T03:35:42.818+0000] {dag.py:3096} INFO - Sync 1 DAGs
[2025-08-19T03:35:42.832+0000] {logging_mixin.py:188} INFO - [2025-08-19T03:35:42.832+0000] {dag.py:3954} INFO - Setting next_dagrun for example_python_operator to None, run_after=None
[2025-08-19T03:35:42.856+0000] {processor.py:183} INFO - Processing /home/airflow/.local/lib/python3.12/site-packages/airflow/example_dags/example_python_operator.py took 0.089 seconds
[2025-08-19T03:36:13.195+0000] {processor.py:161} INFO - Started process (PID=24974) to work on /home/airflow/.local/lib/python3.12/site-packages/airflow/example_dags/example_python_operator.py
[2025-08-19T03:36:13.196+0000] {processor.py:830} INFO - Processing file /home/airflow/.local/lib/python3.12/site-packages/airflow/example_dags/example_python_operator.py for tasks to queue
[2025-08-19T03:36:13.198+0000] {logging_mixin.py:188} INFO - [2025-08-19T03:36:13.198+0000] {dagbag.py:545} INFO - Filling up the DagBag from /home/airflow/.local/lib/python3.12/site-packages/airflow/example_dags/example_python_operator.py
[2025-08-19T03:36:13.212+0000] {processor.py:840} INFO - DAG(s) 'example_python_operator' retrieved from /home/airflow/.local/lib/python3.12/site-packages/airflow/example_dags/example_python_operator.py
[2025-08-19T03:36:13.249+0000] {logging_mixin.py:188} INFO - [2025-08-19T03:36:13.249+0000] {dag.py:3096} INFO - Sync 1 DAGs
[2025-08-19T03:36:13.268+0000] {logging_mixin.py:188} INFO - [2025-08-19T03:36:13.268+0000] {dag.py:3954} INFO - Setting next_dagrun for example_python_operator to None, run_after=None
[2025-08-19T03:36:13.319+0000] {processor.py:183} INFO - Processing /home/airflow/.local/lib/python3.12/site-packages/airflow/example_dags/example_python_operator.py took 0.132 seconds
[2025-08-19T03:36:43.545+0000] {processor.py:161} INFO - Started process (PID=25027) to work on /home/airflow/.local/lib/python3.12/site-packages/airflow/example_dags/example_python_operator.py
[2025-08-19T03:36:43.547+0000] {processor.py:830} INFO - Processing file /home/airflow/.local/lib/python3.12/site-packages/airflow/example_dags/example_python_operator.py for tasks to queue
[2025-08-19T03:36:43.548+0000] {logging_mixin.py:188} INFO - [2025-08-19T03:36:43.548+0000] {dagbag.py:545} INFO - Filling up the DagBag from /home/airflow/.local/lib/python3.12/site-packages/airflow/example_dags/example_python_operator.py
[2025-08-19T03:36:43.564+0000] {processor.py:840} INFO - DAG(s) 'example_python_operator' retrieved from /home/airflow/.local/lib/python3.12/site-packages/airflow/example_dags/example_python_operator.py
[2025-08-19T03:36:43.594+0000] {logging_mixin.py:188} INFO - [2025-08-19T03:36:43.594+0000] {dag.py:3096} INFO - Sync 1 DAGs
[2025-08-19T03:36:43.610+0000] {logging_mixin.py:188} INFO - [2025-08-19T03:36:43.610+0000] {dag.py:3954} INFO - Setting next_dagrun for example_python_operator to None, run_after=None
[2025-08-19T03:36:43.641+0000] {processor.py:183} INFO - Processing /home/airflow/.local/lib/python3.12/site-packages/airflow/example_dags/example_python_operator.py took 0.103 seconds
[2025-08-19T03:37:14.292+0000] {processor.py:161} INFO - Started process (PID=25080) to work on /home/airflow/.local/lib/python3.12/site-packages/airflow/example_dags/example_python_operator.py
[2025-08-19T03:37:14.294+0000] {processor.py:830} INFO - Processing file /home/airflow/.local/lib/python3.12/site-packages/airflow/example_dags/example_python_operator.py for tasks to queue
[2025-08-19T03:37:14.296+0000] {logging_mixin.py:188} INFO - [2025-08-19T03:37:14.295+0000] {dagbag.py:545} INFO - Filling up the DagBag from /home/airflow/.local/lib/python3.12/site-packages/airflow/example_dags/example_python_operator.py
[2025-08-19T03:37:14.309+0000] {processor.py:840} INFO - DAG(s) 'example_python_operator' retrieved from /home/airflow/.local/lib/python3.12/site-packages/airflow/example_dags/example_python_operator.py
[2025-08-19T03:37:14.336+0000] {logging_mixin.py:188} INFO - [2025-08-19T03:37:14.336+0000] {dag.py:3096} INFO - Sync 1 DAGs
[2025-08-19T03:37:14.350+0000] {logging_mixin.py:188} INFO - [2025-08-19T03:37:14.350+0000] {dag.py:3954} INFO - Setting next_dagrun for example_python_operator to None, run_after=None
[2025-08-19T03:37:14.376+0000] {processor.py:183} INFO - Processing /home/airflow/.local/lib/python3.12/site-packages/airflow/example_dags/example_python_operator.py took 0.093 seconds
