[2025-08-19T03:10:07.217+0000] {processor.py:161} INFO - Started process (PID=22264) to work on /home/airflow/.local/lib/python3.12/site-packages/airflow/example_dags/example_setup_teardown.py
[2025-08-19T03:10:07.218+0000] {processor.py:830} INFO - Processing file /home/airflow/.local/lib/python3.12/site-packages/airflow/example_dags/example_setup_teardown.py for tasks to queue
[2025-08-19T03:10:07.220+0000] {logging_mixin.py:188} INFO - [2025-08-19T03:10:07.219+0000] {dagbag.py:545} INFO - Filling up the DagBag from /home/airflow/.local/lib/python3.12/site-packages/airflow/example_dags/example_setup_teardown.py
[2025-08-19T03:10:07.247+0000] {processor.py:840} INFO - DAG(s) 'example_setup_teardown' retrieved from /home/airflow/.local/lib/python3.12/site-packages/airflow/example_dags/example_setup_teardown.py
[2025-08-19T03:10:07.301+0000] {logging_mixin.py:188} INFO - [2025-08-19T03:10:07.300+0000] {dag.py:3096} INFO - Sync 1 DAGs
[2025-08-19T03:10:07.361+0000] {logging_mixin.py:188} INFO - [2025-08-19T03:10:07.360+0000] {dag.py:3954} INFO - Setting next_dagrun for example_setup_teardown to 2025-08-18 00:00:00+00:00, run_after=2025-08-19 00:00:00+00:00
[2025-08-19T03:10:07.417+0000] {processor.py:183} INFO - Processing /home/airflow/.local/lib/python3.12/site-packages/airflow/example_dags/example_setup_teardown.py took 0.211 seconds
[2025-08-19T03:10:38.342+0000] {processor.py:161} INFO - Started process (PID=22317) to work on /home/airflow/.local/lib/python3.12/site-packages/airflow/example_dags/example_setup_teardown.py
[2025-08-19T03:10:38.343+0000] {processor.py:830} INFO - Processing file /home/airflow/.local/lib/python3.12/site-packages/airflow/example_dags/example_setup_teardown.py for tasks to queue
[2025-08-19T03:10:38.344+0000] {logging_mixin.py:188} INFO - [2025-08-19T03:10:38.344+0000] {dagbag.py:545} INFO - Filling up the DagBag from /home/airflow/.local/lib/python3.12/site-packages/airflow/example_dags/example_setup_teardown.py
[2025-08-19T03:10:38.352+0000] {processor.py:840} INFO - DAG(s) 'example_setup_teardown' retrieved from /home/airflow/.local/lib/python3.12/site-packages/airflow/example_dags/example_setup_teardown.py
[2025-08-19T03:10:38.376+0000] {logging_mixin.py:188} INFO - [2025-08-19T03:10:38.376+0000] {dag.py:3096} INFO - Sync 1 DAGs
[2025-08-19T03:10:38.398+0000] {logging_mixin.py:188} INFO - [2025-08-19T03:10:38.397+0000] {dag.py:3954} INFO - Setting next_dagrun for example_setup_teardown to 2025-08-18 00:00:00+00:00, run_after=2025-08-19 00:00:00+00:00
[2025-08-19T03:10:38.420+0000] {processor.py:183} INFO - Processing /home/airflow/.local/lib/python3.12/site-packages/airflow/example_dags/example_setup_teardown.py took 0.084 seconds
[2025-08-19T03:11:09.002+0000] {processor.py:161} INFO - Started process (PID=22370) to work on /home/airflow/.local/lib/python3.12/site-packages/airflow/example_dags/example_setup_teardown.py
[2025-08-19T03:11:09.006+0000] {processor.py:830} INFO - Processing file /home/airflow/.local/lib/python3.12/site-packages/airflow/example_dags/example_setup_teardown.py for tasks to queue
[2025-08-19T03:11:09.010+0000] {logging_mixin.py:188} INFO - [2025-08-19T03:11:09.008+0000] {dagbag.py:545} INFO - Filling up the DagBag from /home/airflow/.local/lib/python3.12/site-packages/airflow/example_dags/example_setup_teardown.py
[2025-08-19T03:11:09.030+0000] {processor.py:840} INFO - DAG(s) 'example_setup_teardown' retrieved from /home/airflow/.local/lib/python3.12/site-packages/airflow/example_dags/example_setup_teardown.py
[2025-08-19T03:11:09.064+0000] {logging_mixin.py:188} INFO - [2025-08-19T03:11:09.063+0000] {dag.py:3096} INFO - Sync 1 DAGs
[2025-08-19T03:11:09.091+0000] {logging_mixin.py:188} INFO - [2025-08-19T03:11:09.091+0000] {dag.py:3954} INFO - Setting next_dagrun for example_setup_teardown to 2025-08-18 00:00:00+00:00, run_after=2025-08-19 00:00:00+00:00
[2025-08-19T03:11:09.119+0000] {processor.py:183} INFO - Processing /home/airflow/.local/lib/python3.12/site-packages/airflow/example_dags/example_setup_teardown.py took 0.126 seconds
[2025-08-19T03:11:40.023+0000] {processor.py:161} INFO - Started process (PID=22423) to work on /home/airflow/.local/lib/python3.12/site-packages/airflow/example_dags/example_setup_teardown.py
[2025-08-19T03:11:40.025+0000] {processor.py:830} INFO - Processing file /home/airflow/.local/lib/python3.12/site-packages/airflow/example_dags/example_setup_teardown.py for tasks to queue
[2025-08-19T03:11:40.027+0000] {logging_mixin.py:188} INFO - [2025-08-19T03:11:40.026+0000] {dagbag.py:545} INFO - Filling up the DagBag from /home/airflow/.local/lib/python3.12/site-packages/airflow/example_dags/example_setup_teardown.py
[2025-08-19T03:11:40.036+0000] {processor.py:840} INFO - DAG(s) 'example_setup_teardown' retrieved from /home/airflow/.local/lib/python3.12/site-packages/airflow/example_dags/example_setup_teardown.py
[2025-08-19T03:11:40.062+0000] {logging_mixin.py:188} INFO - [2025-08-19T03:11:40.062+0000] {dag.py:3096} INFO - Sync 1 DAGs
[2025-08-19T03:11:40.089+0000] {logging_mixin.py:188} INFO - [2025-08-19T03:11:40.088+0000] {dag.py:3954} INFO - Setting next_dagrun for example_setup_teardown to 2025-08-18 00:00:00+00:00, run_after=2025-08-19 00:00:00+00:00
[2025-08-19T03:11:40.112+0000] {processor.py:183} INFO - Processing /home/airflow/.local/lib/python3.12/site-packages/airflow/example_dags/example_setup_teardown.py took 0.096 seconds
[2025-08-19T03:12:10.405+0000] {processor.py:161} INFO - Started process (PID=22476) to work on /home/airflow/.local/lib/python3.12/site-packages/airflow/example_dags/example_setup_teardown.py
[2025-08-19T03:12:10.406+0000] {processor.py:830} INFO - Processing file /home/airflow/.local/lib/python3.12/site-packages/airflow/example_dags/example_setup_teardown.py for tasks to queue
[2025-08-19T03:12:10.408+0000] {logging_mixin.py:188} INFO - [2025-08-19T03:12:10.407+0000] {dagbag.py:545} INFO - Filling up the DagBag from /home/airflow/.local/lib/python3.12/site-packages/airflow/example_dags/example_setup_teardown.py
[2025-08-19T03:12:10.417+0000] {processor.py:840} INFO - DAG(s) 'example_setup_teardown' retrieved from /home/airflow/.local/lib/python3.12/site-packages/airflow/example_dags/example_setup_teardown.py
[2025-08-19T03:12:10.444+0000] {logging_mixin.py:188} INFO - [2025-08-19T03:12:10.443+0000] {dag.py:3096} INFO - Sync 1 DAGs
[2025-08-19T03:12:10.472+0000] {logging_mixin.py:188} INFO - [2025-08-19T03:12:10.471+0000] {dag.py:3954} INFO - Setting next_dagrun for example_setup_teardown to 2025-08-18 00:00:00+00:00, run_after=2025-08-19 00:00:00+00:00
[2025-08-19T03:12:10.496+0000] {processor.py:183} INFO - Processing /home/airflow/.local/lib/python3.12/site-packages/airflow/example_dags/example_setup_teardown.py took 0.100 seconds
[2025-08-19T03:12:41.027+0000] {processor.py:161} INFO - Started process (PID=22529) to work on /home/airflow/.local/lib/python3.12/site-packages/airflow/example_dags/example_setup_teardown.py
[2025-08-19T03:12:41.029+0000] {processor.py:830} INFO - Processing file /home/airflow/.local/lib/python3.12/site-packages/airflow/example_dags/example_setup_teardown.py for tasks to queue
[2025-08-19T03:12:41.031+0000] {logging_mixin.py:188} INFO - [2025-08-19T03:12:41.031+0000] {dagbag.py:545} INFO - Filling up the DagBag from /home/airflow/.local/lib/python3.12/site-packages/airflow/example_dags/example_setup_teardown.py
[2025-08-19T03:12:41.040+0000] {processor.py:840} INFO - DAG(s) 'example_setup_teardown' retrieved from /home/airflow/.local/lib/python3.12/site-packages/airflow/example_dags/example_setup_teardown.py
[2025-08-19T03:12:41.066+0000] {logging_mixin.py:188} INFO - [2025-08-19T03:12:41.066+0000] {dag.py:3096} INFO - Sync 1 DAGs
[2025-08-19T03:12:41.089+0000] {logging_mixin.py:188} INFO - [2025-08-19T03:12:41.089+0000] {dag.py:3954} INFO - Setting next_dagrun for example_setup_teardown to 2025-08-18 00:00:00+00:00, run_after=2025-08-19 00:00:00+00:00
[2025-08-19T03:12:41.111+0000] {processor.py:183} INFO - Processing /home/airflow/.local/lib/python3.12/site-packages/airflow/example_dags/example_setup_teardown.py took 0.089 seconds
[2025-08-19T03:13:11.836+0000] {processor.py:161} INFO - Started process (PID=22582) to work on /home/airflow/.local/lib/python3.12/site-packages/airflow/example_dags/example_setup_teardown.py
[2025-08-19T03:13:11.837+0000] {processor.py:830} INFO - Processing file /home/airflow/.local/lib/python3.12/site-packages/airflow/example_dags/example_setup_teardown.py for tasks to queue
[2025-08-19T03:13:11.839+0000] {logging_mixin.py:188} INFO - [2025-08-19T03:13:11.839+0000] {dagbag.py:545} INFO - Filling up the DagBag from /home/airflow/.local/lib/python3.12/site-packages/airflow/example_dags/example_setup_teardown.py
[2025-08-19T03:13:11.847+0000] {processor.py:840} INFO - DAG(s) 'example_setup_teardown' retrieved from /home/airflow/.local/lib/python3.12/site-packages/airflow/example_dags/example_setup_teardown.py
[2025-08-19T03:13:11.873+0000] {logging_mixin.py:188} INFO - [2025-08-19T03:13:11.872+0000] {dag.py:3096} INFO - Sync 1 DAGs
[2025-08-19T03:13:11.896+0000] {logging_mixin.py:188} INFO - [2025-08-19T03:13:11.896+0000] {dag.py:3954} INFO - Setting next_dagrun for example_setup_teardown to 2025-08-18 00:00:00+00:00, run_after=2025-08-19 00:00:00+00:00
[2025-08-19T03:13:11.920+0000] {processor.py:183} INFO - Processing /home/airflow/.local/lib/python3.12/site-packages/airflow/example_dags/example_setup_teardown.py took 0.092 seconds
[2025-08-19T03:13:42.680+0000] {processor.py:161} INFO - Started process (PID=22635) to work on /home/airflow/.local/lib/python3.12/site-packages/airflow/example_dags/example_setup_teardown.py
[2025-08-19T03:13:42.682+0000] {processor.py:830} INFO - Processing file /home/airflow/.local/lib/python3.12/site-packages/airflow/example_dags/example_setup_teardown.py for tasks to queue
[2025-08-19T03:13:42.683+0000] {logging_mixin.py:188} INFO - [2025-08-19T03:13:42.683+0000] {dagbag.py:545} INFO - Filling up the DagBag from /home/airflow/.local/lib/python3.12/site-packages/airflow/example_dags/example_setup_teardown.py
[2025-08-19T03:13:42.691+0000] {processor.py:840} INFO - DAG(s) 'example_setup_teardown' retrieved from /home/airflow/.local/lib/python3.12/site-packages/airflow/example_dags/example_setup_teardown.py
[2025-08-19T03:13:42.715+0000] {logging_mixin.py:188} INFO - [2025-08-19T03:13:42.715+0000] {dag.py:3096} INFO - Sync 1 DAGs
[2025-08-19T03:13:42.738+0000] {logging_mixin.py:188} INFO - [2025-08-19T03:13:42.738+0000] {dag.py:3954} INFO - Setting next_dagrun for example_setup_teardown to 2025-08-18 00:00:00+00:00, run_after=2025-08-19 00:00:00+00:00
[2025-08-19T03:13:42.766+0000] {processor.py:183} INFO - Processing /home/airflow/.local/lib/python3.12/site-packages/airflow/example_dags/example_setup_teardown.py took 0.092 seconds
[2025-08-19T03:14:13.516+0000] {processor.py:161} INFO - Started process (PID=22688) to work on /home/airflow/.local/lib/python3.12/site-packages/airflow/example_dags/example_setup_teardown.py
[2025-08-19T03:14:13.518+0000] {processor.py:830} INFO - Processing file /home/airflow/.local/lib/python3.12/site-packages/airflow/example_dags/example_setup_teardown.py for tasks to queue
[2025-08-19T03:14:13.519+0000] {logging_mixin.py:188} INFO - [2025-08-19T03:14:13.519+0000] {dagbag.py:545} INFO - Filling up the DagBag from /home/airflow/.local/lib/python3.12/site-packages/airflow/example_dags/example_setup_teardown.py
[2025-08-19T03:14:13.528+0000] {processor.py:840} INFO - DAG(s) 'example_setup_teardown' retrieved from /home/airflow/.local/lib/python3.12/site-packages/airflow/example_dags/example_setup_teardown.py
[2025-08-19T03:14:13.554+0000] {logging_mixin.py:188} INFO - [2025-08-19T03:14:13.553+0000] {dag.py:3096} INFO - Sync 1 DAGs
[2025-08-19T03:14:13.578+0000] {logging_mixin.py:188} INFO - [2025-08-19T03:14:13.578+0000] {dag.py:3954} INFO - Setting next_dagrun for example_setup_teardown to 2025-08-18 00:00:00+00:00, run_after=2025-08-19 00:00:00+00:00
[2025-08-19T03:14:13.603+0000] {processor.py:183} INFO - Processing /home/airflow/.local/lib/python3.12/site-packages/airflow/example_dags/example_setup_teardown.py took 0.093 seconds
[2025-08-19T03:14:44.304+0000] {processor.py:161} INFO - Started process (PID=22741) to work on /home/airflow/.local/lib/python3.12/site-packages/airflow/example_dags/example_setup_teardown.py
[2025-08-19T03:14:44.306+0000] {processor.py:830} INFO - Processing file /home/airflow/.local/lib/python3.12/site-packages/airflow/example_dags/example_setup_teardown.py for tasks to queue
[2025-08-19T03:14:44.307+0000] {logging_mixin.py:188} INFO - [2025-08-19T03:14:44.307+0000] {dagbag.py:545} INFO - Filling up the DagBag from /home/airflow/.local/lib/python3.12/site-packages/airflow/example_dags/example_setup_teardown.py
[2025-08-19T03:14:44.316+0000] {processor.py:840} INFO - DAG(s) 'example_setup_teardown' retrieved from /home/airflow/.local/lib/python3.12/site-packages/airflow/example_dags/example_setup_teardown.py
[2025-08-19T03:14:44.340+0000] {logging_mixin.py:188} INFO - [2025-08-19T03:14:44.340+0000] {dag.py:3096} INFO - Sync 1 DAGs
[2025-08-19T03:14:44.364+0000] {logging_mixin.py:188} INFO - [2025-08-19T03:14:44.364+0000] {dag.py:3954} INFO - Setting next_dagrun for example_setup_teardown to 2025-08-18 00:00:00+00:00, run_after=2025-08-19 00:00:00+00:00
[2025-08-19T03:14:44.388+0000] {processor.py:183} INFO - Processing /home/airflow/.local/lib/python3.12/site-packages/airflow/example_dags/example_setup_teardown.py took 0.089 seconds
[2025-08-19T03:15:15.084+0000] {processor.py:161} INFO - Started process (PID=22794) to work on /home/airflow/.local/lib/python3.12/site-packages/airflow/example_dags/example_setup_teardown.py
[2025-08-19T03:15:15.086+0000] {processor.py:830} INFO - Processing file /home/airflow/.local/lib/python3.12/site-packages/airflow/example_dags/example_setup_teardown.py for tasks to queue
[2025-08-19T03:15:15.088+0000] {logging_mixin.py:188} INFO - [2025-08-19T03:15:15.087+0000] {dagbag.py:545} INFO - Filling up the DagBag from /home/airflow/.local/lib/python3.12/site-packages/airflow/example_dags/example_setup_teardown.py
[2025-08-19T03:15:15.096+0000] {processor.py:840} INFO - DAG(s) 'example_setup_teardown' retrieved from /home/airflow/.local/lib/python3.12/site-packages/airflow/example_dags/example_setup_teardown.py
[2025-08-19T03:15:15.120+0000] {logging_mixin.py:188} INFO - [2025-08-19T03:15:15.120+0000] {dag.py:3096} INFO - Sync 1 DAGs
[2025-08-19T03:15:15.142+0000] {logging_mixin.py:188} INFO - [2025-08-19T03:15:15.142+0000] {dag.py:3954} INFO - Setting next_dagrun for example_setup_teardown to 2025-08-18 00:00:00+00:00, run_after=2025-08-19 00:00:00+00:00
[2025-08-19T03:15:15.168+0000] {processor.py:183} INFO - Processing /home/airflow/.local/lib/python3.12/site-packages/airflow/example_dags/example_setup_teardown.py took 0.090 seconds
[2025-08-19T03:15:45.927+0000] {processor.py:161} INFO - Started process (PID=22847) to work on /home/airflow/.local/lib/python3.12/site-packages/airflow/example_dags/example_setup_teardown.py
[2025-08-19T03:15:45.929+0000] {processor.py:830} INFO - Processing file /home/airflow/.local/lib/python3.12/site-packages/airflow/example_dags/example_setup_teardown.py for tasks to queue
[2025-08-19T03:15:45.931+0000] {logging_mixin.py:188} INFO - [2025-08-19T03:15:45.930+0000] {dagbag.py:545} INFO - Filling up the DagBag from /home/airflow/.local/lib/python3.12/site-packages/airflow/example_dags/example_setup_teardown.py
[2025-08-19T03:15:45.938+0000] {processor.py:840} INFO - DAG(s) 'example_setup_teardown' retrieved from /home/airflow/.local/lib/python3.12/site-packages/airflow/example_dags/example_setup_teardown.py
[2025-08-19T03:15:45.962+0000] {logging_mixin.py:188} INFO - [2025-08-19T03:15:45.962+0000] {dag.py:3096} INFO - Sync 1 DAGs
[2025-08-19T03:15:45.984+0000] {logging_mixin.py:188} INFO - [2025-08-19T03:15:45.984+0000] {dag.py:3954} INFO - Setting next_dagrun for example_setup_teardown to 2025-08-18 00:00:00+00:00, run_after=2025-08-19 00:00:00+00:00
[2025-08-19T03:15:46.010+0000] {processor.py:183} INFO - Processing /home/airflow/.local/lib/python3.12/site-packages/airflow/example_dags/example_setup_teardown.py took 0.088 seconds
[2025-08-19T03:16:16.472+0000] {processor.py:161} INFO - Started process (PID=22900) to work on /home/airflow/.local/lib/python3.12/site-packages/airflow/example_dags/example_setup_teardown.py
[2025-08-19T03:16:16.474+0000] {processor.py:830} INFO - Processing file /home/airflow/.local/lib/python3.12/site-packages/airflow/example_dags/example_setup_teardown.py for tasks to queue
[2025-08-19T03:16:16.476+0000] {logging_mixin.py:188} INFO - [2025-08-19T03:16:16.476+0000] {dagbag.py:545} INFO - Filling up the DagBag from /home/airflow/.local/lib/python3.12/site-packages/airflow/example_dags/example_setup_teardown.py
[2025-08-19T03:16:16.484+0000] {processor.py:840} INFO - DAG(s) 'example_setup_teardown' retrieved from /home/airflow/.local/lib/python3.12/site-packages/airflow/example_dags/example_setup_teardown.py
[2025-08-19T03:16:16.508+0000] {logging_mixin.py:188} INFO - [2025-08-19T03:16:16.508+0000] {dag.py:3096} INFO - Sync 1 DAGs
[2025-08-19T03:16:16.532+0000] {logging_mixin.py:188} INFO - [2025-08-19T03:16:16.532+0000] {dag.py:3954} INFO - Setting next_dagrun for example_setup_teardown to 2025-08-18 00:00:00+00:00, run_after=2025-08-19 00:00:00+00:00
[2025-08-19T03:16:16.558+0000] {processor.py:183} INFO - Processing /home/airflow/.local/lib/python3.12/site-packages/airflow/example_dags/example_setup_teardown.py took 0.093 seconds
[2025-08-19T03:16:46.916+0000] {processor.py:161} INFO - Started process (PID=22953) to work on /home/airflow/.local/lib/python3.12/site-packages/airflow/example_dags/example_setup_teardown.py
[2025-08-19T03:16:46.918+0000] {processor.py:830} INFO - Processing file /home/airflow/.local/lib/python3.12/site-packages/airflow/example_dags/example_setup_teardown.py for tasks to queue
[2025-08-19T03:16:46.919+0000] {logging_mixin.py:188} INFO - [2025-08-19T03:16:46.918+0000] {dagbag.py:545} INFO - Filling up the DagBag from /home/airflow/.local/lib/python3.12/site-packages/airflow/example_dags/example_setup_teardown.py
[2025-08-19T03:16:46.927+0000] {processor.py:840} INFO - DAG(s) 'example_setup_teardown' retrieved from /home/airflow/.local/lib/python3.12/site-packages/airflow/example_dags/example_setup_teardown.py
[2025-08-19T03:16:46.949+0000] {logging_mixin.py:188} INFO - [2025-08-19T03:16:46.949+0000] {dag.py:3096} INFO - Sync 1 DAGs
[2025-08-19T03:16:46.971+0000] {logging_mixin.py:188} INFO - [2025-08-19T03:16:46.971+0000] {dag.py:3954} INFO - Setting next_dagrun for example_setup_teardown to 2025-08-18 00:00:00+00:00, run_after=2025-08-19 00:00:00+00:00
[2025-08-19T03:16:46.996+0000] {processor.py:183} INFO - Processing /home/airflow/.local/lib/python3.12/site-packages/airflow/example_dags/example_setup_teardown.py took 0.086 seconds
[2025-08-19T03:17:17.299+0000] {processor.py:161} INFO - Started process (PID=23006) to work on /home/airflow/.local/lib/python3.12/site-packages/airflow/example_dags/example_setup_teardown.py
[2025-08-19T03:17:17.301+0000] {processor.py:830} INFO - Processing file /home/airflow/.local/lib/python3.12/site-packages/airflow/example_dags/example_setup_teardown.py for tasks to queue
[2025-08-19T03:17:17.302+0000] {logging_mixin.py:188} INFO - [2025-08-19T03:17:17.302+0000] {dagbag.py:545} INFO - Filling up the DagBag from /home/airflow/.local/lib/python3.12/site-packages/airflow/example_dags/example_setup_teardown.py
[2025-08-19T03:17:17.310+0000] {processor.py:840} INFO - DAG(s) 'example_setup_teardown' retrieved from /home/airflow/.local/lib/python3.12/site-packages/airflow/example_dags/example_setup_teardown.py
[2025-08-19T03:17:17.334+0000] {logging_mixin.py:188} INFO - [2025-08-19T03:17:17.334+0000] {dag.py:3096} INFO - Sync 1 DAGs
[2025-08-19T03:17:17.355+0000] {logging_mixin.py:188} INFO - [2025-08-19T03:17:17.355+0000] {dag.py:3954} INFO - Setting next_dagrun for example_setup_teardown to 2025-08-18 00:00:00+00:00, run_after=2025-08-19 00:00:00+00:00
[2025-08-19T03:17:17.384+0000] {processor.py:183} INFO - Processing /home/airflow/.local/lib/python3.12/site-packages/airflow/example_dags/example_setup_teardown.py took 0.092 seconds
[2025-08-19T03:17:48.197+0000] {processor.py:161} INFO - Started process (PID=23059) to work on /home/airflow/.local/lib/python3.12/site-packages/airflow/example_dags/example_setup_teardown.py
[2025-08-19T03:17:48.199+0000] {processor.py:830} INFO - Processing file /home/airflow/.local/lib/python3.12/site-packages/airflow/example_dags/example_setup_teardown.py for tasks to queue
[2025-08-19T03:17:48.201+0000] {logging_mixin.py:188} INFO - [2025-08-19T03:17:48.200+0000] {dagbag.py:545} INFO - Filling up the DagBag from /home/airflow/.local/lib/python3.12/site-packages/airflow/example_dags/example_setup_teardown.py
[2025-08-19T03:17:48.208+0000] {processor.py:840} INFO - DAG(s) 'example_setup_teardown' retrieved from /home/airflow/.local/lib/python3.12/site-packages/airflow/example_dags/example_setup_teardown.py
[2025-08-19T03:17:48.233+0000] {logging_mixin.py:188} INFO - [2025-08-19T03:17:48.232+0000] {dag.py:3096} INFO - Sync 1 DAGs
[2025-08-19T03:17:48.255+0000] {logging_mixin.py:188} INFO - [2025-08-19T03:17:48.255+0000] {dag.py:3954} INFO - Setting next_dagrun for example_setup_teardown to 2025-08-18 00:00:00+00:00, run_after=2025-08-19 00:00:00+00:00
[2025-08-19T03:17:48.279+0000] {processor.py:183} INFO - Processing /home/airflow/.local/lib/python3.12/site-packages/airflow/example_dags/example_setup_teardown.py took 0.088 seconds
[2025-08-19T03:18:18.495+0000] {processor.py:161} INFO - Started process (PID=23112) to work on /home/airflow/.local/lib/python3.12/site-packages/airflow/example_dags/example_setup_teardown.py
[2025-08-19T03:18:18.497+0000] {processor.py:830} INFO - Processing file /home/airflow/.local/lib/python3.12/site-packages/airflow/example_dags/example_setup_teardown.py for tasks to queue
[2025-08-19T03:18:18.499+0000] {logging_mixin.py:188} INFO - [2025-08-19T03:18:18.498+0000] {dagbag.py:545} INFO - Filling up the DagBag from /home/airflow/.local/lib/python3.12/site-packages/airflow/example_dags/example_setup_teardown.py
[2025-08-19T03:18:18.507+0000] {processor.py:840} INFO - DAG(s) 'example_setup_teardown' retrieved from /home/airflow/.local/lib/python3.12/site-packages/airflow/example_dags/example_setup_teardown.py
[2025-08-19T03:18:18.531+0000] {logging_mixin.py:188} INFO - [2025-08-19T03:18:18.531+0000] {dag.py:3096} INFO - Sync 1 DAGs
[2025-08-19T03:18:18.558+0000] {logging_mixin.py:188} INFO - [2025-08-19T03:18:18.557+0000] {dag.py:3954} INFO - Setting next_dagrun for example_setup_teardown to 2025-08-18 00:00:00+00:00, run_after=2025-08-19 00:00:00+00:00
[2025-08-19T03:18:18.585+0000] {processor.py:183} INFO - Processing /home/airflow/.local/lib/python3.12/site-packages/airflow/example_dags/example_setup_teardown.py took 0.097 seconds
[2025-08-19T03:18:48.740+0000] {processor.py:161} INFO - Started process (PID=23165) to work on /home/airflow/.local/lib/python3.12/site-packages/airflow/example_dags/example_setup_teardown.py
[2025-08-19T03:18:48.741+0000] {processor.py:830} INFO - Processing file /home/airflow/.local/lib/python3.12/site-packages/airflow/example_dags/example_setup_teardown.py for tasks to queue
[2025-08-19T03:18:48.743+0000] {logging_mixin.py:188} INFO - [2025-08-19T03:18:48.742+0000] {dagbag.py:545} INFO - Filling up the DagBag from /home/airflow/.local/lib/python3.12/site-packages/airflow/example_dags/example_setup_teardown.py
[2025-08-19T03:18:48.751+0000] {processor.py:840} INFO - DAG(s) 'example_setup_teardown' retrieved from /home/airflow/.local/lib/python3.12/site-packages/airflow/example_dags/example_setup_teardown.py
[2025-08-19T03:18:48.775+0000] {logging_mixin.py:188} INFO - [2025-08-19T03:18:48.775+0000] {dag.py:3096} INFO - Sync 1 DAGs
[2025-08-19T03:18:48.799+0000] {logging_mixin.py:188} INFO - [2025-08-19T03:18:48.798+0000] {dag.py:3954} INFO - Setting next_dagrun for example_setup_teardown to 2025-08-18 00:00:00+00:00, run_after=2025-08-19 00:00:00+00:00
[2025-08-19T03:18:48.889+0000] {processor.py:183} INFO - Processing /home/airflow/.local/lib/python3.12/site-packages/airflow/example_dags/example_setup_teardown.py took 0.156 seconds
[2025-08-19T03:19:18.956+0000] {processor.py:161} INFO - Started process (PID=23218) to work on /home/airflow/.local/lib/python3.12/site-packages/airflow/example_dags/example_setup_teardown.py
[2025-08-19T03:19:18.957+0000] {processor.py:830} INFO - Processing file /home/airflow/.local/lib/python3.12/site-packages/airflow/example_dags/example_setup_teardown.py for tasks to queue
[2025-08-19T03:19:18.959+0000] {logging_mixin.py:188} INFO - [2025-08-19T03:19:18.959+0000] {dagbag.py:545} INFO - Filling up the DagBag from /home/airflow/.local/lib/python3.12/site-packages/airflow/example_dags/example_setup_teardown.py
[2025-08-19T03:19:18.968+0000] {processor.py:840} INFO - DAG(s) 'example_setup_teardown' retrieved from /home/airflow/.local/lib/python3.12/site-packages/airflow/example_dags/example_setup_teardown.py
[2025-08-19T03:19:18.991+0000] {logging_mixin.py:188} INFO - [2025-08-19T03:19:18.991+0000] {dag.py:3096} INFO - Sync 1 DAGs
[2025-08-19T03:19:19.018+0000] {logging_mixin.py:188} INFO - [2025-08-19T03:19:19.018+0000] {dag.py:3954} INFO - Setting next_dagrun for example_setup_teardown to 2025-08-18 00:00:00+00:00, run_after=2025-08-19 00:00:00+00:00
[2025-08-19T03:19:19.047+0000] {processor.py:183} INFO - Processing /home/airflow/.local/lib/python3.12/site-packages/airflow/example_dags/example_setup_teardown.py took 0.097 seconds
[2025-08-19T03:19:49.974+0000] {processor.py:161} INFO - Started process (PID=23271) to work on /home/airflow/.local/lib/python3.12/site-packages/airflow/example_dags/example_setup_teardown.py
[2025-08-19T03:19:49.975+0000] {processor.py:830} INFO - Processing file /home/airflow/.local/lib/python3.12/site-packages/airflow/example_dags/example_setup_teardown.py for tasks to queue
[2025-08-19T03:19:49.976+0000] {logging_mixin.py:188} INFO - [2025-08-19T03:19:49.976+0000] {dagbag.py:545} INFO - Filling up the DagBag from /home/airflow/.local/lib/python3.12/site-packages/airflow/example_dags/example_setup_teardown.py
[2025-08-19T03:19:49.987+0000] {processor.py:840} INFO - DAG(s) 'example_setup_teardown' retrieved from /home/airflow/.local/lib/python3.12/site-packages/airflow/example_dags/example_setup_teardown.py
[2025-08-19T03:19:50.014+0000] {logging_mixin.py:188} INFO - [2025-08-19T03:19:50.013+0000] {dag.py:3096} INFO - Sync 1 DAGs
[2025-08-19T03:19:50.043+0000] {logging_mixin.py:188} INFO - [2025-08-19T03:19:50.043+0000] {dag.py:3954} INFO - Setting next_dagrun for example_setup_teardown to 2025-08-18 00:00:00+00:00, run_after=2025-08-19 00:00:00+00:00
[2025-08-19T03:19:50.170+0000] {processor.py:183} INFO - Processing /home/airflow/.local/lib/python3.12/site-packages/airflow/example_dags/example_setup_teardown.py took 0.202 seconds
[2025-08-19T03:20:20.294+0000] {processor.py:161} INFO - Started process (PID=23324) to work on /home/airflow/.local/lib/python3.12/site-packages/airflow/example_dags/example_setup_teardown.py
[2025-08-19T03:20:20.295+0000] {processor.py:830} INFO - Processing file /home/airflow/.local/lib/python3.12/site-packages/airflow/example_dags/example_setup_teardown.py for tasks to queue
[2025-08-19T03:20:20.296+0000] {logging_mixin.py:188} INFO - [2025-08-19T03:20:20.296+0000] {dagbag.py:545} INFO - Filling up the DagBag from /home/airflow/.local/lib/python3.12/site-packages/airflow/example_dags/example_setup_teardown.py
[2025-08-19T03:20:20.305+0000] {processor.py:840} INFO - DAG(s) 'example_setup_teardown' retrieved from /home/airflow/.local/lib/python3.12/site-packages/airflow/example_dags/example_setup_teardown.py
[2025-08-19T03:20:20.327+0000] {logging_mixin.py:188} INFO - [2025-08-19T03:20:20.327+0000] {dag.py:3096} INFO - Sync 1 DAGs
[2025-08-19T03:20:20.350+0000] {logging_mixin.py:188} INFO - [2025-08-19T03:20:20.350+0000] {dag.py:3954} INFO - Setting next_dagrun for example_setup_teardown to 2025-08-18 00:00:00+00:00, run_after=2025-08-19 00:00:00+00:00
[2025-08-19T03:20:20.377+0000] {processor.py:183} INFO - Processing /home/airflow/.local/lib/python3.12/site-packages/airflow/example_dags/example_setup_teardown.py took 0.090 seconds
[2025-08-19T03:20:50.678+0000] {processor.py:161} INFO - Started process (PID=23377) to work on /home/airflow/.local/lib/python3.12/site-packages/airflow/example_dags/example_setup_teardown.py
[2025-08-19T03:20:50.680+0000] {processor.py:830} INFO - Processing file /home/airflow/.local/lib/python3.12/site-packages/airflow/example_dags/example_setup_teardown.py for tasks to queue
[2025-08-19T03:20:50.681+0000] {logging_mixin.py:188} INFO - [2025-08-19T03:20:50.681+0000] {dagbag.py:545} INFO - Filling up the DagBag from /home/airflow/.local/lib/python3.12/site-packages/airflow/example_dags/example_setup_teardown.py
[2025-08-19T03:20:50.690+0000] {processor.py:840} INFO - DAG(s) 'example_setup_teardown' retrieved from /home/airflow/.local/lib/python3.12/site-packages/airflow/example_dags/example_setup_teardown.py
[2025-08-19T03:20:50.714+0000] {logging_mixin.py:188} INFO - [2025-08-19T03:20:50.714+0000] {dag.py:3096} INFO - Sync 1 DAGs
[2025-08-19T03:20:50.739+0000] {logging_mixin.py:188} INFO - [2025-08-19T03:20:50.739+0000] {dag.py:3954} INFO - Setting next_dagrun for example_setup_teardown to 2025-08-18 00:00:00+00:00, run_after=2025-08-19 00:00:00+00:00
[2025-08-19T03:20:50.764+0000] {processor.py:183} INFO - Processing /home/airflow/.local/lib/python3.12/site-packages/airflow/example_dags/example_setup_teardown.py took 0.093 seconds
[2025-08-19T03:21:21.608+0000] {processor.py:161} INFO - Started process (PID=23430) to work on /home/airflow/.local/lib/python3.12/site-packages/airflow/example_dags/example_setup_teardown.py
[2025-08-19T03:21:21.610+0000] {processor.py:830} INFO - Processing file /home/airflow/.local/lib/python3.12/site-packages/airflow/example_dags/example_setup_teardown.py for tasks to queue
[2025-08-19T03:21:21.612+0000] {logging_mixin.py:188} INFO - [2025-08-19T03:21:21.611+0000] {dagbag.py:545} INFO - Filling up the DagBag from /home/airflow/.local/lib/python3.12/site-packages/airflow/example_dags/example_setup_teardown.py
[2025-08-19T03:21:21.620+0000] {processor.py:840} INFO - DAG(s) 'example_setup_teardown' retrieved from /home/airflow/.local/lib/python3.12/site-packages/airflow/example_dags/example_setup_teardown.py
[2025-08-19T03:21:21.647+0000] {logging_mixin.py:188} INFO - [2025-08-19T03:21:21.647+0000] {dag.py:3096} INFO - Sync 1 DAGs
[2025-08-19T03:21:21.671+0000] {logging_mixin.py:188} INFO - [2025-08-19T03:21:21.671+0000] {dag.py:3954} INFO - Setting next_dagrun for example_setup_teardown to 2025-08-18 00:00:00+00:00, run_after=2025-08-19 00:00:00+00:00
[2025-08-19T03:21:21.698+0000] {processor.py:183} INFO - Processing /home/airflow/.local/lib/python3.12/site-packages/airflow/example_dags/example_setup_teardown.py took 0.095 seconds
[2025-08-19T03:21:52.184+0000] {processor.py:161} INFO - Started process (PID=23483) to work on /home/airflow/.local/lib/python3.12/site-packages/airflow/example_dags/example_setup_teardown.py
[2025-08-19T03:21:52.186+0000] {processor.py:830} INFO - Processing file /home/airflow/.local/lib/python3.12/site-packages/airflow/example_dags/example_setup_teardown.py for tasks to queue
[2025-08-19T03:21:52.187+0000] {logging_mixin.py:188} INFO - [2025-08-19T03:21:52.187+0000] {dagbag.py:545} INFO - Filling up the DagBag from /home/airflow/.local/lib/python3.12/site-packages/airflow/example_dags/example_setup_teardown.py
[2025-08-19T03:21:52.196+0000] {processor.py:840} INFO - DAG(s) 'example_setup_teardown' retrieved from /home/airflow/.local/lib/python3.12/site-packages/airflow/example_dags/example_setup_teardown.py
[2025-08-19T03:21:52.221+0000] {logging_mixin.py:188} INFO - [2025-08-19T03:21:52.221+0000] {dag.py:3096} INFO - Sync 1 DAGs
[2025-08-19T03:21:52.246+0000] {logging_mixin.py:188} INFO - [2025-08-19T03:21:52.246+0000] {dag.py:3954} INFO - Setting next_dagrun for example_setup_teardown to 2025-08-18 00:00:00+00:00, run_after=2025-08-19 00:00:00+00:00
[2025-08-19T03:21:52.285+0000] {processor.py:183} INFO - Processing /home/airflow/.local/lib/python3.12/site-packages/airflow/example_dags/example_setup_teardown.py took 0.107 seconds
[2025-08-19T03:22:22.744+0000] {processor.py:161} INFO - Started process (PID=23536) to work on /home/airflow/.local/lib/python3.12/site-packages/airflow/example_dags/example_setup_teardown.py
[2025-08-19T03:22:22.746+0000] {processor.py:830} INFO - Processing file /home/airflow/.local/lib/python3.12/site-packages/airflow/example_dags/example_setup_teardown.py for tasks to queue
[2025-08-19T03:22:22.748+0000] {logging_mixin.py:188} INFO - [2025-08-19T03:22:22.747+0000] {dagbag.py:545} INFO - Filling up the DagBag from /home/airflow/.local/lib/python3.12/site-packages/airflow/example_dags/example_setup_teardown.py
[2025-08-19T03:22:22.755+0000] {processor.py:840} INFO - DAG(s) 'example_setup_teardown' retrieved from /home/airflow/.local/lib/python3.12/site-packages/airflow/example_dags/example_setup_teardown.py
[2025-08-19T03:22:22.782+0000] {logging_mixin.py:188} INFO - [2025-08-19T03:22:22.781+0000] {dag.py:3096} INFO - Sync 1 DAGs
[2025-08-19T03:22:22.805+0000] {logging_mixin.py:188} INFO - [2025-08-19T03:22:22.805+0000] {dag.py:3954} INFO - Setting next_dagrun for example_setup_teardown to 2025-08-18 00:00:00+00:00, run_after=2025-08-19 00:00:00+00:00
[2025-08-19T03:22:22.832+0000] {processor.py:183} INFO - Processing /home/airflow/.local/lib/python3.12/site-packages/airflow/example_dags/example_setup_teardown.py took 0.094 seconds
[2025-08-19T03:22:53.166+0000] {processor.py:161} INFO - Started process (PID=23589) to work on /home/airflow/.local/lib/python3.12/site-packages/airflow/example_dags/example_setup_teardown.py
[2025-08-19T03:22:53.167+0000] {processor.py:830} INFO - Processing file /home/airflow/.local/lib/python3.12/site-packages/airflow/example_dags/example_setup_teardown.py for tasks to queue
[2025-08-19T03:22:53.169+0000] {logging_mixin.py:188} INFO - [2025-08-19T03:22:53.168+0000] {dagbag.py:545} INFO - Filling up the DagBag from /home/airflow/.local/lib/python3.12/site-packages/airflow/example_dags/example_setup_teardown.py
[2025-08-19T03:22:53.177+0000] {processor.py:840} INFO - DAG(s) 'example_setup_teardown' retrieved from /home/airflow/.local/lib/python3.12/site-packages/airflow/example_dags/example_setup_teardown.py
[2025-08-19T03:22:53.201+0000] {logging_mixin.py:188} INFO - [2025-08-19T03:22:53.201+0000] {dag.py:3096} INFO - Sync 1 DAGs
[2025-08-19T03:22:53.224+0000] {logging_mixin.py:188} INFO - [2025-08-19T03:22:53.224+0000] {dag.py:3954} INFO - Setting next_dagrun for example_setup_teardown to 2025-08-18 00:00:00+00:00, run_after=2025-08-19 00:00:00+00:00
[2025-08-19T03:22:53.250+0000] {processor.py:183} INFO - Processing /home/airflow/.local/lib/python3.12/site-packages/airflow/example_dags/example_setup_teardown.py took 0.090 seconds
[2025-08-19T03:23:23.524+0000] {processor.py:161} INFO - Started process (PID=23642) to work on /home/airflow/.local/lib/python3.12/site-packages/airflow/example_dags/example_setup_teardown.py
[2025-08-19T03:23:23.526+0000] {processor.py:830} INFO - Processing file /home/airflow/.local/lib/python3.12/site-packages/airflow/example_dags/example_setup_teardown.py for tasks to queue
[2025-08-19T03:23:23.527+0000] {logging_mixin.py:188} INFO - [2025-08-19T03:23:23.527+0000] {dagbag.py:545} INFO - Filling up the DagBag from /home/airflow/.local/lib/python3.12/site-packages/airflow/example_dags/example_setup_teardown.py
[2025-08-19T03:23:23.535+0000] {processor.py:840} INFO - DAG(s) 'example_setup_teardown' retrieved from /home/airflow/.local/lib/python3.12/site-packages/airflow/example_dags/example_setup_teardown.py
[2025-08-19T03:23:23.559+0000] {logging_mixin.py:188} INFO - [2025-08-19T03:23:23.559+0000] {dag.py:3096} INFO - Sync 1 DAGs
[2025-08-19T03:23:23.582+0000] {logging_mixin.py:188} INFO - [2025-08-19T03:23:23.582+0000] {dag.py:3954} INFO - Setting next_dagrun for example_setup_teardown to 2025-08-18 00:00:00+00:00, run_after=2025-08-19 00:00:00+00:00
[2025-08-19T03:23:23.608+0000] {processor.py:183} INFO - Processing /home/airflow/.local/lib/python3.12/site-packages/airflow/example_dags/example_setup_teardown.py took 0.090 seconds
[2025-08-19T03:23:54.143+0000] {processor.py:161} INFO - Started process (PID=23695) to work on /home/airflow/.local/lib/python3.12/site-packages/airflow/example_dags/example_setup_teardown.py
[2025-08-19T03:23:54.144+0000] {processor.py:830} INFO - Processing file /home/airflow/.local/lib/python3.12/site-packages/airflow/example_dags/example_setup_teardown.py for tasks to queue
[2025-08-19T03:23:54.146+0000] {logging_mixin.py:188} INFO - [2025-08-19T03:23:54.146+0000] {dagbag.py:545} INFO - Filling up the DagBag from /home/airflow/.local/lib/python3.12/site-packages/airflow/example_dags/example_setup_teardown.py
[2025-08-19T03:23:54.155+0000] {processor.py:840} INFO - DAG(s) 'example_setup_teardown' retrieved from /home/airflow/.local/lib/python3.12/site-packages/airflow/example_dags/example_setup_teardown.py
[2025-08-19T03:23:54.181+0000] {logging_mixin.py:188} INFO - [2025-08-19T03:23:54.180+0000] {dag.py:3096} INFO - Sync 1 DAGs
[2025-08-19T03:23:54.206+0000] {logging_mixin.py:188} INFO - [2025-08-19T03:23:54.206+0000] {dag.py:3954} INFO - Setting next_dagrun for example_setup_teardown to 2025-08-18 00:00:00+00:00, run_after=2025-08-19 00:00:00+00:00
[2025-08-19T03:23:54.232+0000] {processor.py:183} INFO - Processing /home/airflow/.local/lib/python3.12/site-packages/airflow/example_dags/example_setup_teardown.py took 0.096 seconds
[2025-08-19T03:24:24.764+0000] {processor.py:161} INFO - Started process (PID=23748) to work on /home/airflow/.local/lib/python3.12/site-packages/airflow/example_dags/example_setup_teardown.py
[2025-08-19T03:24:24.765+0000] {processor.py:830} INFO - Processing file /home/airflow/.local/lib/python3.12/site-packages/airflow/example_dags/example_setup_teardown.py for tasks to queue
[2025-08-19T03:24:24.766+0000] {logging_mixin.py:188} INFO - [2025-08-19T03:24:24.766+0000] {dagbag.py:545} INFO - Filling up the DagBag from /home/airflow/.local/lib/python3.12/site-packages/airflow/example_dags/example_setup_teardown.py
[2025-08-19T03:24:24.775+0000] {processor.py:840} INFO - DAG(s) 'example_setup_teardown' retrieved from /home/airflow/.local/lib/python3.12/site-packages/airflow/example_dags/example_setup_teardown.py
[2025-08-19T03:24:24.799+0000] {logging_mixin.py:188} INFO - [2025-08-19T03:24:24.798+0000] {dag.py:3096} INFO - Sync 1 DAGs
[2025-08-19T03:24:24.823+0000] {logging_mixin.py:188} INFO - [2025-08-19T03:24:24.823+0000] {dag.py:3954} INFO - Setting next_dagrun for example_setup_teardown to 2025-08-18 00:00:00+00:00, run_after=2025-08-19 00:00:00+00:00
[2025-08-19T03:24:24.850+0000] {processor.py:183} INFO - Processing /home/airflow/.local/lib/python3.12/site-packages/airflow/example_dags/example_setup_teardown.py took 0.092 seconds
[2025-08-19T03:24:55.381+0000] {processor.py:161} INFO - Started process (PID=23801) to work on /home/airflow/.local/lib/python3.12/site-packages/airflow/example_dags/example_setup_teardown.py
[2025-08-19T03:24:55.383+0000] {processor.py:830} INFO - Processing file /home/airflow/.local/lib/python3.12/site-packages/airflow/example_dags/example_setup_teardown.py for tasks to queue
[2025-08-19T03:24:55.385+0000] {logging_mixin.py:188} INFO - [2025-08-19T03:24:55.385+0000] {dagbag.py:545} INFO - Filling up the DagBag from /home/airflow/.local/lib/python3.12/site-packages/airflow/example_dags/example_setup_teardown.py
[2025-08-19T03:24:55.396+0000] {processor.py:840} INFO - DAG(s) 'example_setup_teardown' retrieved from /home/airflow/.local/lib/python3.12/site-packages/airflow/example_dags/example_setup_teardown.py
[2025-08-19T03:24:55.424+0000] {logging_mixin.py:188} INFO - [2025-08-19T03:24:55.424+0000] {dag.py:3096} INFO - Sync 1 DAGs
[2025-08-19T03:24:55.448+0000] {logging_mixin.py:188} INFO - [2025-08-19T03:24:55.448+0000] {dag.py:3954} INFO - Setting next_dagrun for example_setup_teardown to 2025-08-18 00:00:00+00:00, run_after=2025-08-19 00:00:00+00:00
[2025-08-19T03:24:55.500+0000] {processor.py:183} INFO - Processing /home/airflow/.local/lib/python3.12/site-packages/airflow/example_dags/example_setup_teardown.py took 0.128 seconds
[2025-08-19T03:25:25.985+0000] {processor.py:161} INFO - Started process (PID=23854) to work on /home/airflow/.local/lib/python3.12/site-packages/airflow/example_dags/example_setup_teardown.py
[2025-08-19T03:25:25.987+0000] {processor.py:830} INFO - Processing file /home/airflow/.local/lib/python3.12/site-packages/airflow/example_dags/example_setup_teardown.py for tasks to queue
[2025-08-19T03:25:25.988+0000] {logging_mixin.py:188} INFO - [2025-08-19T03:25:25.988+0000] {dagbag.py:545} INFO - Filling up the DagBag from /home/airflow/.local/lib/python3.12/site-packages/airflow/example_dags/example_setup_teardown.py
[2025-08-19T03:25:25.997+0000] {processor.py:840} INFO - DAG(s) 'example_setup_teardown' retrieved from /home/airflow/.local/lib/python3.12/site-packages/airflow/example_dags/example_setup_teardown.py
[2025-08-19T03:25:26.025+0000] {logging_mixin.py:188} INFO - [2025-08-19T03:25:26.025+0000] {dag.py:3096} INFO - Sync 1 DAGs
[2025-08-19T03:25:26.047+0000] {logging_mixin.py:188} INFO - [2025-08-19T03:25:26.047+0000] {dag.py:3954} INFO - Setting next_dagrun for example_setup_teardown to 2025-08-18 00:00:00+00:00, run_after=2025-08-19 00:00:00+00:00
[2025-08-19T03:25:26.071+0000] {processor.py:183} INFO - Processing /home/airflow/.local/lib/python3.12/site-packages/airflow/example_dags/example_setup_teardown.py took 0.092 seconds
[2025-08-19T03:25:56.399+0000] {processor.py:161} INFO - Started process (PID=23907) to work on /home/airflow/.local/lib/python3.12/site-packages/airflow/example_dags/example_setup_teardown.py
[2025-08-19T03:25:56.401+0000] {processor.py:830} INFO - Processing file /home/airflow/.local/lib/python3.12/site-packages/airflow/example_dags/example_setup_teardown.py for tasks to queue
[2025-08-19T03:25:56.402+0000] {logging_mixin.py:188} INFO - [2025-08-19T03:25:56.401+0000] {dagbag.py:545} INFO - Filling up the DagBag from /home/airflow/.local/lib/python3.12/site-packages/airflow/example_dags/example_setup_teardown.py
[2025-08-19T03:25:56.409+0000] {processor.py:840} INFO - DAG(s) 'example_setup_teardown' retrieved from /home/airflow/.local/lib/python3.12/site-packages/airflow/example_dags/example_setup_teardown.py
[2025-08-19T03:25:56.434+0000] {logging_mixin.py:188} INFO - [2025-08-19T03:25:56.433+0000] {dag.py:3096} INFO - Sync 1 DAGs
[2025-08-19T03:25:56.458+0000] {logging_mixin.py:188} INFO - [2025-08-19T03:25:56.457+0000] {dag.py:3954} INFO - Setting next_dagrun for example_setup_teardown to 2025-08-18 00:00:00+00:00, run_after=2025-08-19 00:00:00+00:00
[2025-08-19T03:25:56.483+0000] {processor.py:183} INFO - Processing /home/airflow/.local/lib/python3.12/site-packages/airflow/example_dags/example_setup_teardown.py took 0.091 seconds
[2025-08-19T03:26:26.826+0000] {processor.py:161} INFO - Started process (PID=23960) to work on /home/airflow/.local/lib/python3.12/site-packages/airflow/example_dags/example_setup_teardown.py
[2025-08-19T03:26:26.828+0000] {processor.py:830} INFO - Processing file /home/airflow/.local/lib/python3.12/site-packages/airflow/example_dags/example_setup_teardown.py for tasks to queue
[2025-08-19T03:26:26.831+0000] {logging_mixin.py:188} INFO - [2025-08-19T03:26:26.830+0000] {dagbag.py:545} INFO - Filling up the DagBag from /home/airflow/.local/lib/python3.12/site-packages/airflow/example_dags/example_setup_teardown.py
[2025-08-19T03:26:26.843+0000] {processor.py:840} INFO - DAG(s) 'example_setup_teardown' retrieved from /home/airflow/.local/lib/python3.12/site-packages/airflow/example_dags/example_setup_teardown.py
[2025-08-19T03:26:26.877+0000] {logging_mixin.py:188} INFO - [2025-08-19T03:26:26.876+0000] {dag.py:3096} INFO - Sync 1 DAGs
[2025-08-19T03:26:26.906+0000] {logging_mixin.py:188} INFO - [2025-08-19T03:26:26.905+0000] {dag.py:3954} INFO - Setting next_dagrun for example_setup_teardown to 2025-08-18 00:00:00+00:00, run_after=2025-08-19 00:00:00+00:00
[2025-08-19T03:26:26.935+0000] {processor.py:183} INFO - Processing /home/airflow/.local/lib/python3.12/site-packages/airflow/example_dags/example_setup_teardown.py took 0.118 seconds
[2025-08-19T03:26:57.221+0000] {processor.py:161} INFO - Started process (PID=24013) to work on /home/airflow/.local/lib/python3.12/site-packages/airflow/example_dags/example_setup_teardown.py
[2025-08-19T03:26:57.223+0000] {processor.py:830} INFO - Processing file /home/airflow/.local/lib/python3.12/site-packages/airflow/example_dags/example_setup_teardown.py for tasks to queue
[2025-08-19T03:26:57.224+0000] {logging_mixin.py:188} INFO - [2025-08-19T03:26:57.224+0000] {dagbag.py:545} INFO - Filling up the DagBag from /home/airflow/.local/lib/python3.12/site-packages/airflow/example_dags/example_setup_teardown.py
[2025-08-19T03:26:57.232+0000] {processor.py:840} INFO - DAG(s) 'example_setup_teardown' retrieved from /home/airflow/.local/lib/python3.12/site-packages/airflow/example_dags/example_setup_teardown.py
[2025-08-19T03:26:57.257+0000] {logging_mixin.py:188} INFO - [2025-08-19T03:26:57.256+0000] {dag.py:3096} INFO - Sync 1 DAGs
[2025-08-19T03:26:57.281+0000] {logging_mixin.py:188} INFO - [2025-08-19T03:26:57.280+0000] {dag.py:3954} INFO - Setting next_dagrun for example_setup_teardown to 2025-08-18 00:00:00+00:00, run_after=2025-08-19 00:00:00+00:00
[2025-08-19T03:26:57.306+0000] {processor.py:183} INFO - Processing /home/airflow/.local/lib/python3.12/site-packages/airflow/example_dags/example_setup_teardown.py took 0.091 seconds
[2025-08-19T03:27:27.672+0000] {processor.py:161} INFO - Started process (PID=24066) to work on /home/airflow/.local/lib/python3.12/site-packages/airflow/example_dags/example_setup_teardown.py
[2025-08-19T03:27:27.674+0000] {processor.py:830} INFO - Processing file /home/airflow/.local/lib/python3.12/site-packages/airflow/example_dags/example_setup_teardown.py for tasks to queue
[2025-08-19T03:27:27.676+0000] {logging_mixin.py:188} INFO - [2025-08-19T03:27:27.675+0000] {dagbag.py:545} INFO - Filling up the DagBag from /home/airflow/.local/lib/python3.12/site-packages/airflow/example_dags/example_setup_teardown.py
[2025-08-19T03:27:27.684+0000] {processor.py:840} INFO - DAG(s) 'example_setup_teardown' retrieved from /home/airflow/.local/lib/python3.12/site-packages/airflow/example_dags/example_setup_teardown.py
[2025-08-19T03:27:27.710+0000] {logging_mixin.py:188} INFO - [2025-08-19T03:27:27.710+0000] {dag.py:3096} INFO - Sync 1 DAGs
[2025-08-19T03:27:27.735+0000] {logging_mixin.py:188} INFO - [2025-08-19T03:27:27.735+0000] {dag.py:3954} INFO - Setting next_dagrun for example_setup_teardown to 2025-08-18 00:00:00+00:00, run_after=2025-08-19 00:00:00+00:00
[2025-08-19T03:27:27.760+0000] {processor.py:183} INFO - Processing /home/airflow/.local/lib/python3.12/site-packages/airflow/example_dags/example_setup_teardown.py took 0.094 seconds
[2025-08-19T03:27:58.202+0000] {processor.py:161} INFO - Started process (PID=24119) to work on /home/airflow/.local/lib/python3.12/site-packages/airflow/example_dags/example_setup_teardown.py
[2025-08-19T03:27:58.203+0000] {processor.py:830} INFO - Processing file /home/airflow/.local/lib/python3.12/site-packages/airflow/example_dags/example_setup_teardown.py for tasks to queue
[2025-08-19T03:27:58.204+0000] {logging_mixin.py:188} INFO - [2025-08-19T03:27:58.204+0000] {dagbag.py:545} INFO - Filling up the DagBag from /home/airflow/.local/lib/python3.12/site-packages/airflow/example_dags/example_setup_teardown.py
[2025-08-19T03:27:58.213+0000] {processor.py:840} INFO - DAG(s) 'example_setup_teardown' retrieved from /home/airflow/.local/lib/python3.12/site-packages/airflow/example_dags/example_setup_teardown.py
[2025-08-19T03:27:58.236+0000] {logging_mixin.py:188} INFO - [2025-08-19T03:27:58.235+0000] {dag.py:3096} INFO - Sync 1 DAGs
[2025-08-19T03:27:58.259+0000] {logging_mixin.py:188} INFO - [2025-08-19T03:27:58.259+0000] {dag.py:3954} INFO - Setting next_dagrun for example_setup_teardown to 2025-08-18 00:00:00+00:00, run_after=2025-08-19 00:00:00+00:00
[2025-08-19T03:27:58.284+0000] {processor.py:183} INFO - Processing /home/airflow/.local/lib/python3.12/site-packages/airflow/example_dags/example_setup_teardown.py took 0.089 seconds
[2025-08-19T03:28:28.611+0000] {processor.py:161} INFO - Started process (PID=24172) to work on /home/airflow/.local/lib/python3.12/site-packages/airflow/example_dags/example_setup_teardown.py
[2025-08-19T03:28:28.612+0000] {processor.py:830} INFO - Processing file /home/airflow/.local/lib/python3.12/site-packages/airflow/example_dags/example_setup_teardown.py for tasks to queue
[2025-08-19T03:28:28.614+0000] {logging_mixin.py:188} INFO - [2025-08-19T03:28:28.613+0000] {dagbag.py:545} INFO - Filling up the DagBag from /home/airflow/.local/lib/python3.12/site-packages/airflow/example_dags/example_setup_teardown.py
[2025-08-19T03:28:28.622+0000] {processor.py:840} INFO - DAG(s) 'example_setup_teardown' retrieved from /home/airflow/.local/lib/python3.12/site-packages/airflow/example_dags/example_setup_teardown.py
[2025-08-19T03:28:28.645+0000] {logging_mixin.py:188} INFO - [2025-08-19T03:28:28.645+0000] {dag.py:3096} INFO - Sync 1 DAGs
[2025-08-19T03:28:28.667+0000] {logging_mixin.py:188} INFO - [2025-08-19T03:28:28.666+0000] {dag.py:3954} INFO - Setting next_dagrun for example_setup_teardown to 2025-08-18 00:00:00+00:00, run_after=2025-08-19 00:00:00+00:00
[2025-08-19T03:28:28.699+0000] {processor.py:183} INFO - Processing /home/airflow/.local/lib/python3.12/site-packages/airflow/example_dags/example_setup_teardown.py took 0.094 seconds
[2025-08-19T03:28:58.995+0000] {processor.py:161} INFO - Started process (PID=24225) to work on /home/airflow/.local/lib/python3.12/site-packages/airflow/example_dags/example_setup_teardown.py
[2025-08-19T03:28:58.996+0000] {processor.py:830} INFO - Processing file /home/airflow/.local/lib/python3.12/site-packages/airflow/example_dags/example_setup_teardown.py for tasks to queue
[2025-08-19T03:28:58.998+0000] {logging_mixin.py:188} INFO - [2025-08-19T03:28:58.997+0000] {dagbag.py:545} INFO - Filling up the DagBag from /home/airflow/.local/lib/python3.12/site-packages/airflow/example_dags/example_setup_teardown.py
[2025-08-19T03:28:59.009+0000] {processor.py:840} INFO - DAG(s) 'example_setup_teardown' retrieved from /home/airflow/.local/lib/python3.12/site-packages/airflow/example_dags/example_setup_teardown.py
[2025-08-19T03:28:59.037+0000] {logging_mixin.py:188} INFO - [2025-08-19T03:28:59.036+0000] {dag.py:3096} INFO - Sync 1 DAGs
[2025-08-19T03:28:59.060+0000] {logging_mixin.py:188} INFO - [2025-08-19T03:28:59.060+0000] {dag.py:3954} INFO - Setting next_dagrun for example_setup_teardown to 2025-08-18 00:00:00+00:00, run_after=2025-08-19 00:00:00+00:00
[2025-08-19T03:28:59.085+0000] {processor.py:183} INFO - Processing /home/airflow/.local/lib/python3.12/site-packages/airflow/example_dags/example_setup_teardown.py took 0.099 seconds
[2025-08-19T03:29:29.342+0000] {processor.py:161} INFO - Started process (PID=24278) to work on /home/airflow/.local/lib/python3.12/site-packages/airflow/example_dags/example_setup_teardown.py
[2025-08-19T03:29:29.344+0000] {processor.py:830} INFO - Processing file /home/airflow/.local/lib/python3.12/site-packages/airflow/example_dags/example_setup_teardown.py for tasks to queue
[2025-08-19T03:29:29.346+0000] {logging_mixin.py:188} INFO - [2025-08-19T03:29:29.345+0000] {dagbag.py:545} INFO - Filling up the DagBag from /home/airflow/.local/lib/python3.12/site-packages/airflow/example_dags/example_setup_teardown.py
[2025-08-19T03:29:29.354+0000] {processor.py:840} INFO - DAG(s) 'example_setup_teardown' retrieved from /home/airflow/.local/lib/python3.12/site-packages/airflow/example_dags/example_setup_teardown.py
[2025-08-19T03:29:29.379+0000] {logging_mixin.py:188} INFO - [2025-08-19T03:29:29.379+0000] {dag.py:3096} INFO - Sync 1 DAGs
[2025-08-19T03:29:29.402+0000] {logging_mixin.py:188} INFO - [2025-08-19T03:29:29.402+0000] {dag.py:3954} INFO - Setting next_dagrun for example_setup_teardown to 2025-08-18 00:00:00+00:00, run_after=2025-08-19 00:00:00+00:00
[2025-08-19T03:29:29.427+0000] {processor.py:183} INFO - Processing /home/airflow/.local/lib/python3.12/site-packages/airflow/example_dags/example_setup_teardown.py took 0.092 seconds
[2025-08-19T03:29:59.808+0000] {processor.py:161} INFO - Started process (PID=24331) to work on /home/airflow/.local/lib/python3.12/site-packages/airflow/example_dags/example_setup_teardown.py
[2025-08-19T03:29:59.809+0000] {processor.py:830} INFO - Processing file /home/airflow/.local/lib/python3.12/site-packages/airflow/example_dags/example_setup_teardown.py for tasks to queue
[2025-08-19T03:29:59.811+0000] {logging_mixin.py:188} INFO - [2025-08-19T03:29:59.811+0000] {dagbag.py:545} INFO - Filling up the DagBag from /home/airflow/.local/lib/python3.12/site-packages/airflow/example_dags/example_setup_teardown.py
[2025-08-19T03:29:59.820+0000] {processor.py:840} INFO - DAG(s) 'example_setup_teardown' retrieved from /home/airflow/.local/lib/python3.12/site-packages/airflow/example_dags/example_setup_teardown.py
[2025-08-19T03:29:59.844+0000] {logging_mixin.py:188} INFO - [2025-08-19T03:29:59.844+0000] {dag.py:3096} INFO - Sync 1 DAGs
[2025-08-19T03:29:59.868+0000] {logging_mixin.py:188} INFO - [2025-08-19T03:29:59.868+0000] {dag.py:3954} INFO - Setting next_dagrun for example_setup_teardown to 2025-08-18 00:00:00+00:00, run_after=2025-08-19 00:00:00+00:00
[2025-08-19T03:29:59.894+0000] {processor.py:183} INFO - Processing /home/airflow/.local/lib/python3.12/site-packages/airflow/example_dags/example_setup_teardown.py took 0.093 seconds
[2025-08-19T03:30:30.299+0000] {processor.py:161} INFO - Started process (PID=24384) to work on /home/airflow/.local/lib/python3.12/site-packages/airflow/example_dags/example_setup_teardown.py
[2025-08-19T03:30:30.301+0000] {processor.py:830} INFO - Processing file /home/airflow/.local/lib/python3.12/site-packages/airflow/example_dags/example_setup_teardown.py for tasks to queue
[2025-08-19T03:30:30.302+0000] {logging_mixin.py:188} INFO - [2025-08-19T03:30:30.302+0000] {dagbag.py:545} INFO - Filling up the DagBag from /home/airflow/.local/lib/python3.12/site-packages/airflow/example_dags/example_setup_teardown.py
[2025-08-19T03:30:30.310+0000] {processor.py:840} INFO - DAG(s) 'example_setup_teardown' retrieved from /home/airflow/.local/lib/python3.12/site-packages/airflow/example_dags/example_setup_teardown.py
[2025-08-19T03:30:30.335+0000] {logging_mixin.py:188} INFO - [2025-08-19T03:30:30.334+0000] {dag.py:3096} INFO - Sync 1 DAGs
[2025-08-19T03:30:30.357+0000] {logging_mixin.py:188} INFO - [2025-08-19T03:30:30.357+0000] {dag.py:3954} INFO - Setting next_dagrun for example_setup_teardown to 2025-08-18 00:00:00+00:00, run_after=2025-08-19 00:00:00+00:00
[2025-08-19T03:30:30.382+0000] {processor.py:183} INFO - Processing /home/airflow/.local/lib/python3.12/site-packages/airflow/example_dags/example_setup_teardown.py took 0.089 seconds
[2025-08-19T03:31:00.959+0000] {processor.py:161} INFO - Started process (PID=24437) to work on /home/airflow/.local/lib/python3.12/site-packages/airflow/example_dags/example_setup_teardown.py
[2025-08-19T03:31:00.961+0000] {processor.py:830} INFO - Processing file /home/airflow/.local/lib/python3.12/site-packages/airflow/example_dags/example_setup_teardown.py for tasks to queue
[2025-08-19T03:31:00.962+0000] {logging_mixin.py:188} INFO - [2025-08-19T03:31:00.962+0000] {dagbag.py:545} INFO - Filling up the DagBag from /home/airflow/.local/lib/python3.12/site-packages/airflow/example_dags/example_setup_teardown.py
[2025-08-19T03:31:00.972+0000] {processor.py:840} INFO - DAG(s) 'example_setup_teardown' retrieved from /home/airflow/.local/lib/python3.12/site-packages/airflow/example_dags/example_setup_teardown.py
[2025-08-19T03:31:00.997+0000] {logging_mixin.py:188} INFO - [2025-08-19T03:31:00.997+0000] {dag.py:3096} INFO - Sync 1 DAGs
[2025-08-19T03:31:01.020+0000] {logging_mixin.py:188} INFO - [2025-08-19T03:31:01.020+0000] {dag.py:3954} INFO - Setting next_dagrun for example_setup_teardown to 2025-08-18 00:00:00+00:00, run_after=2025-08-19 00:00:00+00:00
[2025-08-19T03:31:01.045+0000] {processor.py:183} INFO - Processing /home/airflow/.local/lib/python3.12/site-packages/airflow/example_dags/example_setup_teardown.py took 0.091 seconds
[2025-08-19T03:31:31.295+0000] {processor.py:161} INFO - Started process (PID=24490) to work on /home/airflow/.local/lib/python3.12/site-packages/airflow/example_dags/example_setup_teardown.py
[2025-08-19T03:31:31.296+0000] {processor.py:830} INFO - Processing file /home/airflow/.local/lib/python3.12/site-packages/airflow/example_dags/example_setup_teardown.py for tasks to queue
[2025-08-19T03:31:31.298+0000] {logging_mixin.py:188} INFO - [2025-08-19T03:31:31.298+0000] {dagbag.py:545} INFO - Filling up the DagBag from /home/airflow/.local/lib/python3.12/site-packages/airflow/example_dags/example_setup_teardown.py
[2025-08-19T03:31:31.306+0000] {processor.py:840} INFO - DAG(s) 'example_setup_teardown' retrieved from /home/airflow/.local/lib/python3.12/site-packages/airflow/example_dags/example_setup_teardown.py
[2025-08-19T03:31:31.332+0000] {logging_mixin.py:188} INFO - [2025-08-19T03:31:31.331+0000] {dag.py:3096} INFO - Sync 1 DAGs
[2025-08-19T03:31:31.353+0000] {logging_mixin.py:188} INFO - [2025-08-19T03:31:31.353+0000] {dag.py:3954} INFO - Setting next_dagrun for example_setup_teardown to 2025-08-18 00:00:00+00:00, run_after=2025-08-19 00:00:00+00:00
[2025-08-19T03:31:31.378+0000] {processor.py:183} INFO - Processing /home/airflow/.local/lib/python3.12/site-packages/airflow/example_dags/example_setup_teardown.py took 0.090 seconds
[2025-08-19T03:32:01.439+0000] {processor.py:161} INFO - Started process (PID=24543) to work on /home/airflow/.local/lib/python3.12/site-packages/airflow/example_dags/example_setup_teardown.py
[2025-08-19T03:32:01.441+0000] {processor.py:830} INFO - Processing file /home/airflow/.local/lib/python3.12/site-packages/airflow/example_dags/example_setup_teardown.py for tasks to queue
[2025-08-19T03:32:01.442+0000] {logging_mixin.py:188} INFO - [2025-08-19T03:32:01.442+0000] {dagbag.py:545} INFO - Filling up the DagBag from /home/airflow/.local/lib/python3.12/site-packages/airflow/example_dags/example_setup_teardown.py
[2025-08-19T03:32:01.454+0000] {processor.py:840} INFO - DAG(s) 'example_setup_teardown' retrieved from /home/airflow/.local/lib/python3.12/site-packages/airflow/example_dags/example_setup_teardown.py
[2025-08-19T03:32:01.481+0000] {logging_mixin.py:188} INFO - [2025-08-19T03:32:01.480+0000] {dag.py:3096} INFO - Sync 1 DAGs
[2025-08-19T03:32:01.504+0000] {logging_mixin.py:188} INFO - [2025-08-19T03:32:01.504+0000] {dag.py:3954} INFO - Setting next_dagrun for example_setup_teardown to 2025-08-18 00:00:00+00:00, run_after=2025-08-19 00:00:00+00:00
[2025-08-19T03:32:01.529+0000] {processor.py:183} INFO - Processing /home/airflow/.local/lib/python3.12/site-packages/airflow/example_dags/example_setup_teardown.py took 0.096 seconds
[2025-08-19T03:32:31.574+0000] {processor.py:161} INFO - Started process (PID=24596) to work on /home/airflow/.local/lib/python3.12/site-packages/airflow/example_dags/example_setup_teardown.py
[2025-08-19T03:32:31.575+0000] {processor.py:830} INFO - Processing file /home/airflow/.local/lib/python3.12/site-packages/airflow/example_dags/example_setup_teardown.py for tasks to queue
[2025-08-19T03:32:31.577+0000] {logging_mixin.py:188} INFO - [2025-08-19T03:32:31.577+0000] {dagbag.py:545} INFO - Filling up the DagBag from /home/airflow/.local/lib/python3.12/site-packages/airflow/example_dags/example_setup_teardown.py
[2025-08-19T03:32:31.587+0000] {processor.py:840} INFO - DAG(s) 'example_setup_teardown' retrieved from /home/airflow/.local/lib/python3.12/site-packages/airflow/example_dags/example_setup_teardown.py
[2025-08-19T03:32:31.609+0000] {logging_mixin.py:188} INFO - [2025-08-19T03:32:31.608+0000] {dag.py:3096} INFO - Sync 1 DAGs
[2025-08-19T03:32:31.632+0000] {logging_mixin.py:188} INFO - [2025-08-19T03:32:31.632+0000] {dag.py:3954} INFO - Setting next_dagrun for example_setup_teardown to 2025-08-18 00:00:00+00:00, run_after=2025-08-19 00:00:00+00:00
[2025-08-19T03:32:31.656+0000] {processor.py:183} INFO - Processing /home/airflow/.local/lib/python3.12/site-packages/airflow/example_dags/example_setup_teardown.py took 0.088 seconds
[2025-08-19T03:33:02.479+0000] {processor.py:161} INFO - Started process (PID=24649) to work on /home/airflow/.local/lib/python3.12/site-packages/airflow/example_dags/example_setup_teardown.py
[2025-08-19T03:33:02.482+0000] {processor.py:830} INFO - Processing file /home/airflow/.local/lib/python3.12/site-packages/airflow/example_dags/example_setup_teardown.py for tasks to queue
[2025-08-19T03:33:02.485+0000] {logging_mixin.py:188} INFO - [2025-08-19T03:33:02.484+0000] {dagbag.py:545} INFO - Filling up the DagBag from /home/airflow/.local/lib/python3.12/site-packages/airflow/example_dags/example_setup_teardown.py
[2025-08-19T03:33:02.508+0000] {processor.py:840} INFO - DAG(s) 'example_setup_teardown' retrieved from /home/airflow/.local/lib/python3.12/site-packages/airflow/example_dags/example_setup_teardown.py
[2025-08-19T03:33:02.582+0000] {logging_mixin.py:188} INFO - [2025-08-19T03:33:02.581+0000] {dag.py:3096} INFO - Sync 1 DAGs
[2025-08-19T03:33:02.662+0000] {logging_mixin.py:188} INFO - [2025-08-19T03:33:02.661+0000] {dag.py:3954} INFO - Setting next_dagrun for example_setup_teardown to 2025-08-18 00:00:00+00:00, run_after=2025-08-19 00:00:00+00:00
[2025-08-19T03:33:02.737+0000] {processor.py:183} INFO - Processing /home/airflow/.local/lib/python3.12/site-packages/airflow/example_dags/example_setup_teardown.py took 0.276 seconds
[2025-08-19T03:33:36.501+0000] {processor.py:161} INFO - Started process (PID=24702) to work on /home/airflow/.local/lib/python3.12/site-packages/airflow/example_dags/example_setup_teardown.py
[2025-08-19T03:33:36.505+0000] {processor.py:830} INFO - Processing file /home/airflow/.local/lib/python3.12/site-packages/airflow/example_dags/example_setup_teardown.py for tasks to queue
[2025-08-19T03:33:36.513+0000] {logging_mixin.py:188} INFO - [2025-08-19T03:33:36.510+0000] {dagbag.py:545} INFO - Filling up the DagBag from /home/airflow/.local/lib/python3.12/site-packages/airflow/example_dags/example_setup_teardown.py
[2025-08-19T03:33:36.559+0000] {processor.py:840} INFO - DAG(s) 'example_setup_teardown' retrieved from /home/airflow/.local/lib/python3.12/site-packages/airflow/example_dags/example_setup_teardown.py
[2025-08-19T03:33:36.717+0000] {logging_mixin.py:188} INFO - [2025-08-19T03:33:36.715+0000] {dag.py:3096} INFO - Sync 1 DAGs
[2025-08-19T03:33:36.899+0000] {logging_mixin.py:188} INFO - [2025-08-19T03:33:36.898+0000] {dag.py:3954} INFO - Setting next_dagrun for example_setup_teardown to 2025-08-18 00:00:00+00:00, run_after=2025-08-19 00:00:00+00:00
[2025-08-19T03:33:37.121+0000] {processor.py:183} INFO - Processing /home/airflow/.local/lib/python3.12/site-packages/airflow/example_dags/example_setup_teardown.py took 0.650 seconds
[2025-08-19T03:34:07.759+0000] {processor.py:161} INFO - Started process (PID=24755) to work on /home/airflow/.local/lib/python3.12/site-packages/airflow/example_dags/example_setup_teardown.py
[2025-08-19T03:34:07.761+0000] {processor.py:830} INFO - Processing file /home/airflow/.local/lib/python3.12/site-packages/airflow/example_dags/example_setup_teardown.py for tasks to queue
[2025-08-19T03:34:07.762+0000] {logging_mixin.py:188} INFO - [2025-08-19T03:34:07.762+0000] {dagbag.py:545} INFO - Filling up the DagBag from /home/airflow/.local/lib/python3.12/site-packages/airflow/example_dags/example_setup_teardown.py
[2025-08-19T03:34:07.771+0000] {processor.py:840} INFO - DAG(s) 'example_setup_teardown' retrieved from /home/airflow/.local/lib/python3.12/site-packages/airflow/example_dags/example_setup_teardown.py
[2025-08-19T03:34:07.798+0000] {logging_mixin.py:188} INFO - [2025-08-19T03:34:07.798+0000] {dag.py:3096} INFO - Sync 1 DAGs
[2025-08-19T03:34:07.827+0000] {logging_mixin.py:188} INFO - [2025-08-19T03:34:07.827+0000] {dag.py:3954} INFO - Setting next_dagrun for example_setup_teardown to 2025-08-18 00:00:00+00:00, run_after=2025-08-19 00:00:00+00:00
[2025-08-19T03:34:07.852+0000] {processor.py:183} INFO - Processing /home/airflow/.local/lib/python3.12/site-packages/airflow/example_dags/example_setup_teardown.py took 0.100 seconds
[2025-08-19T03:34:38.380+0000] {processor.py:161} INFO - Started process (PID=24808) to work on /home/airflow/.local/lib/python3.12/site-packages/airflow/example_dags/example_setup_teardown.py
[2025-08-19T03:34:38.382+0000] {processor.py:830} INFO - Processing file /home/airflow/.local/lib/python3.12/site-packages/airflow/example_dags/example_setup_teardown.py for tasks to queue
[2025-08-19T03:34:38.384+0000] {logging_mixin.py:188} INFO - [2025-08-19T03:34:38.383+0000] {dagbag.py:545} INFO - Filling up the DagBag from /home/airflow/.local/lib/python3.12/site-packages/airflow/example_dags/example_setup_teardown.py
[2025-08-19T03:34:38.394+0000] {processor.py:840} INFO - DAG(s) 'example_setup_teardown' retrieved from /home/airflow/.local/lib/python3.12/site-packages/airflow/example_dags/example_setup_teardown.py
[2025-08-19T03:34:38.420+0000] {logging_mixin.py:188} INFO - [2025-08-19T03:34:38.420+0000] {dag.py:3096} INFO - Sync 1 DAGs
[2025-08-19T03:34:38.444+0000] {logging_mixin.py:188} INFO - [2025-08-19T03:34:38.444+0000] {dag.py:3954} INFO - Setting next_dagrun for example_setup_teardown to 2025-08-18 00:00:00+00:00, run_after=2025-08-19 00:00:00+00:00
[2025-08-19T03:34:38.512+0000] {processor.py:183} INFO - Processing /home/airflow/.local/lib/python3.12/site-packages/airflow/example_dags/example_setup_teardown.py took 0.147 seconds
[2025-08-19T03:35:08.585+0000] {processor.py:161} INFO - Started process (PID=24861) to work on /home/airflow/.local/lib/python3.12/site-packages/airflow/example_dags/example_setup_teardown.py
[2025-08-19T03:35:08.588+0000] {processor.py:830} INFO - Processing file /home/airflow/.local/lib/python3.12/site-packages/airflow/example_dags/example_setup_teardown.py for tasks to queue
[2025-08-19T03:35:08.590+0000] {logging_mixin.py:188} INFO - [2025-08-19T03:35:08.589+0000] {dagbag.py:545} INFO - Filling up the DagBag from /home/airflow/.local/lib/python3.12/site-packages/airflow/example_dags/example_setup_teardown.py
[2025-08-19T03:35:08.599+0000] {processor.py:840} INFO - DAG(s) 'example_setup_teardown' retrieved from /home/airflow/.local/lib/python3.12/site-packages/airflow/example_dags/example_setup_teardown.py
[2025-08-19T03:35:08.628+0000] {logging_mixin.py:188} INFO - [2025-08-19T03:35:08.628+0000] {dag.py:3096} INFO - Sync 1 DAGs
[2025-08-19T03:35:08.654+0000] {logging_mixin.py:188} INFO - [2025-08-19T03:35:08.654+0000] {dag.py:3954} INFO - Setting next_dagrun for example_setup_teardown to 2025-08-18 00:00:00+00:00, run_after=2025-08-19 00:00:00+00:00
[2025-08-19T03:35:08.686+0000] {processor.py:183} INFO - Processing /home/airflow/.local/lib/python3.12/site-packages/airflow/example_dags/example_setup_teardown.py took 0.108 seconds
[2025-08-19T03:35:39.247+0000] {processor.py:161} INFO - Started process (PID=24914) to work on /home/airflow/.local/lib/python3.12/site-packages/airflow/example_dags/example_setup_teardown.py
[2025-08-19T03:35:39.248+0000] {processor.py:830} INFO - Processing file /home/airflow/.local/lib/python3.12/site-packages/airflow/example_dags/example_setup_teardown.py for tasks to queue
[2025-08-19T03:35:39.250+0000] {logging_mixin.py:188} INFO - [2025-08-19T03:35:39.249+0000] {dagbag.py:545} INFO - Filling up the DagBag from /home/airflow/.local/lib/python3.12/site-packages/airflow/example_dags/example_setup_teardown.py
[2025-08-19T03:35:39.262+0000] {processor.py:840} INFO - DAG(s) 'example_setup_teardown' retrieved from /home/airflow/.local/lib/python3.12/site-packages/airflow/example_dags/example_setup_teardown.py
[2025-08-19T03:35:39.293+0000] {logging_mixin.py:188} INFO - [2025-08-19T03:35:39.292+0000] {dag.py:3096} INFO - Sync 1 DAGs
[2025-08-19T03:35:39.322+0000] {logging_mixin.py:188} INFO - [2025-08-19T03:35:39.321+0000] {dag.py:3954} INFO - Setting next_dagrun for example_setup_teardown to 2025-08-18 00:00:00+00:00, run_after=2025-08-19 00:00:00+00:00
[2025-08-19T03:35:39.361+0000] {processor.py:183} INFO - Processing /home/airflow/.local/lib/python3.12/site-packages/airflow/example_dags/example_setup_teardown.py took 0.122 seconds
[2025-08-19T03:36:09.733+0000] {processor.py:161} INFO - Started process (PID=24967) to work on /home/airflow/.local/lib/python3.12/site-packages/airflow/example_dags/example_setup_teardown.py
[2025-08-19T03:36:09.735+0000] {processor.py:830} INFO - Processing file /home/airflow/.local/lib/python3.12/site-packages/airflow/example_dags/example_setup_teardown.py for tasks to queue
[2025-08-19T03:36:09.738+0000] {logging_mixin.py:188} INFO - [2025-08-19T03:36:09.738+0000] {dagbag.py:545} INFO - Filling up the DagBag from /home/airflow/.local/lib/python3.12/site-packages/airflow/example_dags/example_setup_teardown.py
[2025-08-19T03:36:09.750+0000] {processor.py:840} INFO - DAG(s) 'example_setup_teardown' retrieved from /home/airflow/.local/lib/python3.12/site-packages/airflow/example_dags/example_setup_teardown.py
[2025-08-19T03:36:09.779+0000] {logging_mixin.py:188} INFO - [2025-08-19T03:36:09.779+0000] {dag.py:3096} INFO - Sync 1 DAGs
[2025-08-19T03:36:09.803+0000] {logging_mixin.py:188} INFO - [2025-08-19T03:36:09.803+0000] {dag.py:3954} INFO - Setting next_dagrun for example_setup_teardown to 2025-08-18 00:00:00+00:00, run_after=2025-08-19 00:00:00+00:00
[2025-08-19T03:36:09.832+0000] {processor.py:183} INFO - Processing /home/airflow/.local/lib/python3.12/site-packages/airflow/example_dags/example_setup_teardown.py took 0.107 seconds
[2025-08-19T03:36:40.029+0000] {processor.py:161} INFO - Started process (PID=25020) to work on /home/airflow/.local/lib/python3.12/site-packages/airflow/example_dags/example_setup_teardown.py
[2025-08-19T03:36:40.030+0000] {processor.py:830} INFO - Processing file /home/airflow/.local/lib/python3.12/site-packages/airflow/example_dags/example_setup_teardown.py for tasks to queue
[2025-08-19T03:36:40.032+0000] {logging_mixin.py:188} INFO - [2025-08-19T03:36:40.032+0000] {dagbag.py:545} INFO - Filling up the DagBag from /home/airflow/.local/lib/python3.12/site-packages/airflow/example_dags/example_setup_teardown.py
[2025-08-19T03:36:40.043+0000] {processor.py:840} INFO - DAG(s) 'example_setup_teardown' retrieved from /home/airflow/.local/lib/python3.12/site-packages/airflow/example_dags/example_setup_teardown.py
[2025-08-19T03:36:40.072+0000] {logging_mixin.py:188} INFO - [2025-08-19T03:36:40.072+0000] {dag.py:3096} INFO - Sync 1 DAGs
[2025-08-19T03:36:40.099+0000] {logging_mixin.py:188} INFO - [2025-08-19T03:36:40.099+0000] {dag.py:3954} INFO - Setting next_dagrun for example_setup_teardown to 2025-08-18 00:00:00+00:00, run_after=2025-08-19 00:00:00+00:00
[2025-08-19T03:36:40.128+0000] {processor.py:183} INFO - Processing /home/airflow/.local/lib/python3.12/site-packages/airflow/example_dags/example_setup_teardown.py took 0.110 seconds
[2025-08-19T03:37:10.822+0000] {processor.py:161} INFO - Started process (PID=25073) to work on /home/airflow/.local/lib/python3.12/site-packages/airflow/example_dags/example_setup_teardown.py
[2025-08-19T03:37:10.823+0000] {processor.py:830} INFO - Processing file /home/airflow/.local/lib/python3.12/site-packages/airflow/example_dags/example_setup_teardown.py for tasks to queue
[2025-08-19T03:37:10.824+0000] {logging_mixin.py:188} INFO - [2025-08-19T03:37:10.824+0000] {dagbag.py:545} INFO - Filling up the DagBag from /home/airflow/.local/lib/python3.12/site-packages/airflow/example_dags/example_setup_teardown.py
[2025-08-19T03:37:10.835+0000] {processor.py:840} INFO - DAG(s) 'example_setup_teardown' retrieved from /home/airflow/.local/lib/python3.12/site-packages/airflow/example_dags/example_setup_teardown.py
[2025-08-19T03:37:10.863+0000] {logging_mixin.py:188} INFO - [2025-08-19T03:37:10.862+0000] {dag.py:3096} INFO - Sync 1 DAGs
[2025-08-19T03:37:10.887+0000] {logging_mixin.py:188} INFO - [2025-08-19T03:37:10.886+0000] {dag.py:3954} INFO - Setting next_dagrun for example_setup_teardown to 2025-08-18 00:00:00+00:00, run_after=2025-08-19 00:00:00+00:00
[2025-08-19T03:37:10.913+0000] {processor.py:183} INFO - Processing /home/airflow/.local/lib/python3.12/site-packages/airflow/example_dags/example_setup_teardown.py took 0.098 seconds
