[2025-08-19T03:09:56.201+0000] {processor.py:161} INFO - Started process (PID=22232) to work on /home/airflow/.local/lib/python3.12/site-packages/airflow/example_dags/example_branch_python_dop_operator_3.py
[2025-08-19T03:09:56.212+0000] {processor.py:830} INFO - Processing file /home/airflow/.local/lib/python3.12/site-packages/airflow/example_dags/example_branch_python_dop_operator_3.py for tasks to queue
[2025-08-19T03:09:56.220+0000] {logging_mixin.py:188} INFO - [2025-08-19T03:09:56.218+0000] {dagbag.py:545} INFO - Filling up the DagBag from /home/airflow/.local/lib/python3.12/site-packages/airflow/example_dags/example_branch_python_dop_operator_3.py
[2025-08-19T03:09:56.302+0000] {processor.py:840} INFO - DAG(s) 'example_branch_dop_operator_v3' retrieved from /home/airflow/.local/lib/python3.12/site-packages/airflow/example_dags/example_branch_python_dop_operator_3.py
[2025-08-19T03:09:56.478+0000] {logging_mixin.py:188} INFO - [2025-08-19T03:09:56.477+0000] {dag.py:3096} INFO - Sync 1 DAGs
[2025-08-19T03:09:56.762+0000] {logging_mixin.py:188} INFO - [2025-08-19T03:09:56.752+0000] {dag.py:3954} INFO - Setting next_dagrun for example_branch_dop_operator_v3 to 2025-08-19 03:08:00+00:00, run_after=2025-08-19 03:09:00+00:00
[2025-08-19T03:09:57.021+0000] {processor.py:183} INFO - Processing /home/airflow/.local/lib/python3.12/site-packages/airflow/example_dags/example_branch_python_dop_operator_3.py took 0.871 seconds
[2025-08-19T03:10:27.566+0000] {processor.py:161} INFO - Started process (PID=22285) to work on /home/airflow/.local/lib/python3.12/site-packages/airflow/example_dags/example_branch_python_dop_operator_3.py
[2025-08-19T03:10:27.567+0000] {processor.py:830} INFO - Processing file /home/airflow/.local/lib/python3.12/site-packages/airflow/example_dags/example_branch_python_dop_operator_3.py for tasks to queue
[2025-08-19T03:10:27.568+0000] {logging_mixin.py:188} INFO - [2025-08-19T03:10:27.568+0000] {dagbag.py:545} INFO - Filling up the DagBag from /home/airflow/.local/lib/python3.12/site-packages/airflow/example_dags/example_branch_python_dop_operator_3.py
[2025-08-19T03:10:27.581+0000] {processor.py:840} INFO - DAG(s) 'example_branch_dop_operator_v3' retrieved from /home/airflow/.local/lib/python3.12/site-packages/airflow/example_dags/example_branch_python_dop_operator_3.py
[2025-08-19T03:10:27.611+0000] {logging_mixin.py:188} INFO - [2025-08-19T03:10:27.611+0000] {dag.py:3096} INFO - Sync 1 DAGs
[2025-08-19T03:10:27.649+0000] {logging_mixin.py:188} INFO - [2025-08-19T03:10:27.648+0000] {dag.py:3954} INFO - Setting next_dagrun for example_branch_dop_operator_v3 to 2025-08-19 03:09:00+00:00, run_after=2025-08-19 03:10:00+00:00
[2025-08-19T03:10:27.686+0000] {processor.py:183} INFO - Processing /home/airflow/.local/lib/python3.12/site-packages/airflow/example_dags/example_branch_python_dop_operator_3.py took 0.128 seconds
[2025-08-19T03:10:58.298+0000] {processor.py:161} INFO - Started process (PID=22338) to work on /home/airflow/.local/lib/python3.12/site-packages/airflow/example_dags/example_branch_python_dop_operator_3.py
[2025-08-19T03:10:58.300+0000] {processor.py:830} INFO - Processing file /home/airflow/.local/lib/python3.12/site-packages/airflow/example_dags/example_branch_python_dop_operator_3.py for tasks to queue
[2025-08-19T03:10:58.301+0000] {logging_mixin.py:188} INFO - [2025-08-19T03:10:58.301+0000] {dagbag.py:545} INFO - Filling up the DagBag from /home/airflow/.local/lib/python3.12/site-packages/airflow/example_dags/example_branch_python_dop_operator_3.py
[2025-08-19T03:10:58.312+0000] {processor.py:840} INFO - DAG(s) 'example_branch_dop_operator_v3' retrieved from /home/airflow/.local/lib/python3.12/site-packages/airflow/example_dags/example_branch_python_dop_operator_3.py
[2025-08-19T03:10:58.342+0000] {logging_mixin.py:188} INFO - [2025-08-19T03:10:58.342+0000] {dag.py:3096} INFO - Sync 1 DAGs
[2025-08-19T03:10:58.373+0000] {logging_mixin.py:188} INFO - [2025-08-19T03:10:58.373+0000] {dag.py:3954} INFO - Setting next_dagrun for example_branch_dop_operator_v3 to 2025-08-19 03:09:00+00:00, run_after=2025-08-19 03:10:00+00:00
[2025-08-19T03:10:58.400+0000] {processor.py:183} INFO - Processing /home/airflow/.local/lib/python3.12/site-packages/airflow/example_dags/example_branch_python_dop_operator_3.py took 0.110 seconds
[2025-08-19T03:11:28.829+0000] {processor.py:161} INFO - Started process (PID=22391) to work on /home/airflow/.local/lib/python3.12/site-packages/airflow/example_dags/example_branch_python_dop_operator_3.py
[2025-08-19T03:11:28.831+0000] {processor.py:830} INFO - Processing file /home/airflow/.local/lib/python3.12/site-packages/airflow/example_dags/example_branch_python_dop_operator_3.py for tasks to queue
[2025-08-19T03:11:28.832+0000] {logging_mixin.py:188} INFO - [2025-08-19T03:11:28.832+0000] {dagbag.py:545} INFO - Filling up the DagBag from /home/airflow/.local/lib/python3.12/site-packages/airflow/example_dags/example_branch_python_dop_operator_3.py
[2025-08-19T03:11:28.841+0000] {processor.py:840} INFO - DAG(s) 'example_branch_dop_operator_v3' retrieved from /home/airflow/.local/lib/python3.12/site-packages/airflow/example_dags/example_branch_python_dop_operator_3.py
[2025-08-19T03:11:28.866+0000] {logging_mixin.py:188} INFO - [2025-08-19T03:11:28.865+0000] {dag.py:3096} INFO - Sync 1 DAGs
[2025-08-19T03:11:28.900+0000] {logging_mixin.py:188} INFO - [2025-08-19T03:11:28.900+0000] {dag.py:3954} INFO - Setting next_dagrun for example_branch_dop_operator_v3 to 2025-08-19 03:10:00+00:00, run_after=2025-08-19 03:11:00+00:00
[2025-08-19T03:11:28.928+0000] {processor.py:183} INFO - Processing /home/airflow/.local/lib/python3.12/site-packages/airflow/example_dags/example_branch_python_dop_operator_3.py took 0.105 seconds
[2025-08-19T03:11:59.404+0000] {processor.py:161} INFO - Started process (PID=22444) to work on /home/airflow/.local/lib/python3.12/site-packages/airflow/example_dags/example_branch_python_dop_operator_3.py
[2025-08-19T03:11:59.406+0000] {processor.py:830} INFO - Processing file /home/airflow/.local/lib/python3.12/site-packages/airflow/example_dags/example_branch_python_dop_operator_3.py for tasks to queue
[2025-08-19T03:11:59.407+0000] {logging_mixin.py:188} INFO - [2025-08-19T03:11:59.407+0000] {dagbag.py:545} INFO - Filling up the DagBag from /home/airflow/.local/lib/python3.12/site-packages/airflow/example_dags/example_branch_python_dop_operator_3.py
[2025-08-19T03:11:59.416+0000] {processor.py:840} INFO - DAG(s) 'example_branch_dop_operator_v3' retrieved from /home/airflow/.local/lib/python3.12/site-packages/airflow/example_dags/example_branch_python_dop_operator_3.py
[2025-08-19T03:11:59.442+0000] {logging_mixin.py:188} INFO - [2025-08-19T03:11:59.441+0000] {dag.py:3096} INFO - Sync 1 DAGs
[2025-08-19T03:11:59.470+0000] {logging_mixin.py:188} INFO - [2025-08-19T03:11:59.470+0000] {dag.py:3954} INFO - Setting next_dagrun for example_branch_dop_operator_v3 to 2025-08-19 03:10:00+00:00, run_after=2025-08-19 03:11:00+00:00
[2025-08-19T03:11:59.500+0000] {processor.py:183} INFO - Processing /home/airflow/.local/lib/python3.12/site-packages/airflow/example_dags/example_branch_python_dop_operator_3.py took 0.102 seconds
[2025-08-19T03:12:29.932+0000] {processor.py:161} INFO - Started process (PID=22497) to work on /home/airflow/.local/lib/python3.12/site-packages/airflow/example_dags/example_branch_python_dop_operator_3.py
[2025-08-19T03:12:29.934+0000] {processor.py:830} INFO - Processing file /home/airflow/.local/lib/python3.12/site-packages/airflow/example_dags/example_branch_python_dop_operator_3.py for tasks to queue
[2025-08-19T03:12:29.935+0000] {logging_mixin.py:188} INFO - [2025-08-19T03:12:29.935+0000] {dagbag.py:545} INFO - Filling up the DagBag from /home/airflow/.local/lib/python3.12/site-packages/airflow/example_dags/example_branch_python_dop_operator_3.py
[2025-08-19T03:12:29.945+0000] {processor.py:840} INFO - DAG(s) 'example_branch_dop_operator_v3' retrieved from /home/airflow/.local/lib/python3.12/site-packages/airflow/example_dags/example_branch_python_dop_operator_3.py
[2025-08-19T03:12:29.967+0000] {logging_mixin.py:188} INFO - [2025-08-19T03:12:29.967+0000] {dag.py:3096} INFO - Sync 1 DAGs
[2025-08-19T03:12:29.996+0000] {logging_mixin.py:188} INFO - [2025-08-19T03:12:29.996+0000] {dag.py:3954} INFO - Setting next_dagrun for example_branch_dop_operator_v3 to 2025-08-19 03:11:00+00:00, run_after=2025-08-19 03:12:00+00:00
[2025-08-19T03:12:30.027+0000] {processor.py:183} INFO - Processing /home/airflow/.local/lib/python3.12/site-packages/airflow/example_dags/example_branch_python_dop_operator_3.py took 0.101 seconds
[2025-08-19T03:13:00.590+0000] {processor.py:161} INFO - Started process (PID=22550) to work on /home/airflow/.local/lib/python3.12/site-packages/airflow/example_dags/example_branch_python_dop_operator_3.py
[2025-08-19T03:13:00.592+0000] {processor.py:830} INFO - Processing file /home/airflow/.local/lib/python3.12/site-packages/airflow/example_dags/example_branch_python_dop_operator_3.py for tasks to queue
[2025-08-19T03:13:00.593+0000] {logging_mixin.py:188} INFO - [2025-08-19T03:13:00.593+0000] {dagbag.py:545} INFO - Filling up the DagBag from /home/airflow/.local/lib/python3.12/site-packages/airflow/example_dags/example_branch_python_dop_operator_3.py
[2025-08-19T03:13:00.603+0000] {processor.py:840} INFO - DAG(s) 'example_branch_dop_operator_v3' retrieved from /home/airflow/.local/lib/python3.12/site-packages/airflow/example_dags/example_branch_python_dop_operator_3.py
[2025-08-19T03:13:00.630+0000] {logging_mixin.py:188} INFO - [2025-08-19T03:13:00.629+0000] {dag.py:3096} INFO - Sync 1 DAGs
[2025-08-19T03:13:00.658+0000] {logging_mixin.py:188} INFO - [2025-08-19T03:13:00.658+0000] {dag.py:3954} INFO - Setting next_dagrun for example_branch_dop_operator_v3 to 2025-08-19 03:12:00+00:00, run_after=2025-08-19 03:13:00+00:00
[2025-08-19T03:13:00.683+0000] {processor.py:183} INFO - Processing /home/airflow/.local/lib/python3.12/site-packages/airflow/example_dags/example_branch_python_dop_operator_3.py took 0.101 seconds
[2025-08-19T03:13:31.376+0000] {processor.py:161} INFO - Started process (PID=22603) to work on /home/airflow/.local/lib/python3.12/site-packages/airflow/example_dags/example_branch_python_dop_operator_3.py
[2025-08-19T03:13:31.378+0000] {processor.py:830} INFO - Processing file /home/airflow/.local/lib/python3.12/site-packages/airflow/example_dags/example_branch_python_dop_operator_3.py for tasks to queue
[2025-08-19T03:13:31.379+0000] {logging_mixin.py:188} INFO - [2025-08-19T03:13:31.379+0000] {dagbag.py:545} INFO - Filling up the DagBag from /home/airflow/.local/lib/python3.12/site-packages/airflow/example_dags/example_branch_python_dop_operator_3.py
[2025-08-19T03:13:31.389+0000] {processor.py:840} INFO - DAG(s) 'example_branch_dop_operator_v3' retrieved from /home/airflow/.local/lib/python3.12/site-packages/airflow/example_dags/example_branch_python_dop_operator_3.py
[2025-08-19T03:13:31.417+0000] {logging_mixin.py:188} INFO - [2025-08-19T03:13:31.417+0000] {dag.py:3096} INFO - Sync 1 DAGs
[2025-08-19T03:13:31.445+0000] {logging_mixin.py:188} INFO - [2025-08-19T03:13:31.445+0000] {dag.py:3954} INFO - Setting next_dagrun for example_branch_dop_operator_v3 to 2025-08-19 03:12:00+00:00, run_after=2025-08-19 03:13:00+00:00
[2025-08-19T03:13:31.471+0000] {processor.py:183} INFO - Processing /home/airflow/.local/lib/python3.12/site-packages/airflow/example_dags/example_branch_python_dop_operator_3.py took 0.103 seconds
[2025-08-19T03:14:02.152+0000] {processor.py:161} INFO - Started process (PID=22656) to work on /home/airflow/.local/lib/python3.12/site-packages/airflow/example_dags/example_branch_python_dop_operator_3.py
[2025-08-19T03:14:02.154+0000] {processor.py:830} INFO - Processing file /home/airflow/.local/lib/python3.12/site-packages/airflow/example_dags/example_branch_python_dop_operator_3.py for tasks to queue
[2025-08-19T03:14:02.155+0000] {logging_mixin.py:188} INFO - [2025-08-19T03:14:02.155+0000] {dagbag.py:545} INFO - Filling up the DagBag from /home/airflow/.local/lib/python3.12/site-packages/airflow/example_dags/example_branch_python_dop_operator_3.py
[2025-08-19T03:14:02.164+0000] {processor.py:840} INFO - DAG(s) 'example_branch_dop_operator_v3' retrieved from /home/airflow/.local/lib/python3.12/site-packages/airflow/example_dags/example_branch_python_dop_operator_3.py
[2025-08-19T03:14:02.188+0000] {logging_mixin.py:188} INFO - [2025-08-19T03:14:02.188+0000] {dag.py:3096} INFO - Sync 1 DAGs
[2025-08-19T03:14:02.217+0000] {logging_mixin.py:188} INFO - [2025-08-19T03:14:02.216+0000] {dag.py:3954} INFO - Setting next_dagrun for example_branch_dop_operator_v3 to 2025-08-19 03:13:00+00:00, run_after=2025-08-19 03:14:00+00:00
[2025-08-19T03:14:02.248+0000] {processor.py:183} INFO - Processing /home/airflow/.local/lib/python3.12/site-packages/airflow/example_dags/example_branch_python_dop_operator_3.py took 0.103 seconds
[2025-08-19T03:14:32.946+0000] {processor.py:161} INFO - Started process (PID=22709) to work on /home/airflow/.local/lib/python3.12/site-packages/airflow/example_dags/example_branch_python_dop_operator_3.py
[2025-08-19T03:14:32.948+0000] {processor.py:830} INFO - Processing file /home/airflow/.local/lib/python3.12/site-packages/airflow/example_dags/example_branch_python_dop_operator_3.py for tasks to queue
[2025-08-19T03:14:32.949+0000] {logging_mixin.py:188} INFO - [2025-08-19T03:14:32.949+0000] {dagbag.py:545} INFO - Filling up the DagBag from /home/airflow/.local/lib/python3.12/site-packages/airflow/example_dags/example_branch_python_dop_operator_3.py
[2025-08-19T03:14:32.958+0000] {processor.py:840} INFO - DAG(s) 'example_branch_dop_operator_v3' retrieved from /home/airflow/.local/lib/python3.12/site-packages/airflow/example_dags/example_branch_python_dop_operator_3.py
[2025-08-19T03:14:32.981+0000] {logging_mixin.py:188} INFO - [2025-08-19T03:14:32.981+0000] {dag.py:3096} INFO - Sync 1 DAGs
[2025-08-19T03:14:33.012+0000] {logging_mixin.py:188} INFO - [2025-08-19T03:14:33.012+0000] {dag.py:3954} INFO - Setting next_dagrun for example_branch_dop_operator_v3 to 2025-08-19 03:13:00+00:00, run_after=2025-08-19 03:14:00+00:00
[2025-08-19T03:14:33.044+0000] {processor.py:183} INFO - Processing /home/airflow/.local/lib/python3.12/site-packages/airflow/example_dags/example_branch_python_dop_operator_3.py took 0.104 seconds
[2025-08-19T03:15:03.833+0000] {processor.py:161} INFO - Started process (PID=22762) to work on /home/airflow/.local/lib/python3.12/site-packages/airflow/example_dags/example_branch_python_dop_operator_3.py
[2025-08-19T03:15:03.834+0000] {processor.py:830} INFO - Processing file /home/airflow/.local/lib/python3.12/site-packages/airflow/example_dags/example_branch_python_dop_operator_3.py for tasks to queue
[2025-08-19T03:15:03.835+0000] {logging_mixin.py:188} INFO - [2025-08-19T03:15:03.835+0000] {dagbag.py:545} INFO - Filling up the DagBag from /home/airflow/.local/lib/python3.12/site-packages/airflow/example_dags/example_branch_python_dop_operator_3.py
[2025-08-19T03:15:03.846+0000] {processor.py:840} INFO - DAG(s) 'example_branch_dop_operator_v3' retrieved from /home/airflow/.local/lib/python3.12/site-packages/airflow/example_dags/example_branch_python_dop_operator_3.py
[2025-08-19T03:15:03.867+0000] {logging_mixin.py:188} INFO - [2025-08-19T03:15:03.867+0000] {dag.py:3096} INFO - Sync 1 DAGs
[2025-08-19T03:15:03.898+0000] {logging_mixin.py:188} INFO - [2025-08-19T03:15:03.897+0000] {dag.py:3954} INFO - Setting next_dagrun for example_branch_dop_operator_v3 to 2025-08-19 03:14:00+00:00, run_after=2025-08-19 03:15:00+00:00
[2025-08-19T03:15:03.924+0000] {processor.py:183} INFO - Processing /home/airflow/.local/lib/python3.12/site-packages/airflow/example_dags/example_branch_python_dop_operator_3.py took 0.097 seconds
[2025-08-19T03:15:34.605+0000] {processor.py:161} INFO - Started process (PID=22815) to work on /home/airflow/.local/lib/python3.12/site-packages/airflow/example_dags/example_branch_python_dop_operator_3.py
[2025-08-19T03:15:34.609+0000] {processor.py:830} INFO - Processing file /home/airflow/.local/lib/python3.12/site-packages/airflow/example_dags/example_branch_python_dop_operator_3.py for tasks to queue
[2025-08-19T03:15:34.612+0000] {logging_mixin.py:188} INFO - [2025-08-19T03:15:34.611+0000] {dagbag.py:545} INFO - Filling up the DagBag from /home/airflow/.local/lib/python3.12/site-packages/airflow/example_dags/example_branch_python_dop_operator_3.py
[2025-08-19T03:15:34.627+0000] {processor.py:840} INFO - DAG(s) 'example_branch_dop_operator_v3' retrieved from /home/airflow/.local/lib/python3.12/site-packages/airflow/example_dags/example_branch_python_dop_operator_3.py
[2025-08-19T03:15:34.659+0000] {logging_mixin.py:188} INFO - [2025-08-19T03:15:34.659+0000] {dag.py:3096} INFO - Sync 1 DAGs
[2025-08-19T03:15:34.695+0000] {logging_mixin.py:188} INFO - [2025-08-19T03:15:34.695+0000] {dag.py:3954} INFO - Setting next_dagrun for example_branch_dop_operator_v3 to 2025-08-19 03:14:00+00:00, run_after=2025-08-19 03:15:00+00:00
[2025-08-19T03:15:34.719+0000] {processor.py:183} INFO - Processing /home/airflow/.local/lib/python3.12/site-packages/airflow/example_dags/example_branch_python_dop_operator_3.py took 0.129 seconds
[2025-08-19T03:16:05.437+0000] {processor.py:161} INFO - Started process (PID=22868) to work on /home/airflow/.local/lib/python3.12/site-packages/airflow/example_dags/example_branch_python_dop_operator_3.py
[2025-08-19T03:16:05.439+0000] {processor.py:830} INFO - Processing file /home/airflow/.local/lib/python3.12/site-packages/airflow/example_dags/example_branch_python_dop_operator_3.py for tasks to queue
[2025-08-19T03:16:05.440+0000] {logging_mixin.py:188} INFO - [2025-08-19T03:16:05.440+0000] {dagbag.py:545} INFO - Filling up the DagBag from /home/airflow/.local/lib/python3.12/site-packages/airflow/example_dags/example_branch_python_dop_operator_3.py
[2025-08-19T03:16:05.449+0000] {processor.py:840} INFO - DAG(s) 'example_branch_dop_operator_v3' retrieved from /home/airflow/.local/lib/python3.12/site-packages/airflow/example_dags/example_branch_python_dop_operator_3.py
[2025-08-19T03:16:05.472+0000] {logging_mixin.py:188} INFO - [2025-08-19T03:16:05.471+0000] {dag.py:3096} INFO - Sync 1 DAGs
[2025-08-19T03:16:05.501+0000] {logging_mixin.py:188} INFO - [2025-08-19T03:16:05.500+0000] {dag.py:3954} INFO - Setting next_dagrun for example_branch_dop_operator_v3 to 2025-08-19 03:15:00+00:00, run_after=2025-08-19 03:16:00+00:00
[2025-08-19T03:16:05.533+0000] {processor.py:183} INFO - Processing /home/airflow/.local/lib/python3.12/site-packages/airflow/example_dags/example_branch_python_dop_operator_3.py took 0.102 seconds
[2025-08-19T03:16:35.826+0000] {processor.py:161} INFO - Started process (PID=22921) to work on /home/airflow/.local/lib/python3.12/site-packages/airflow/example_dags/example_branch_python_dop_operator_3.py
[2025-08-19T03:16:35.827+0000] {processor.py:830} INFO - Processing file /home/airflow/.local/lib/python3.12/site-packages/airflow/example_dags/example_branch_python_dop_operator_3.py for tasks to queue
[2025-08-19T03:16:35.829+0000] {logging_mixin.py:188} INFO - [2025-08-19T03:16:35.829+0000] {dagbag.py:545} INFO - Filling up the DagBag from /home/airflow/.local/lib/python3.12/site-packages/airflow/example_dags/example_branch_python_dop_operator_3.py
[2025-08-19T03:16:35.838+0000] {processor.py:840} INFO - DAG(s) 'example_branch_dop_operator_v3' retrieved from /home/airflow/.local/lib/python3.12/site-packages/airflow/example_dags/example_branch_python_dop_operator_3.py
[2025-08-19T03:16:35.862+0000] {logging_mixin.py:188} INFO - [2025-08-19T03:16:35.862+0000] {dag.py:3096} INFO - Sync 1 DAGs
[2025-08-19T03:16:35.888+0000] {logging_mixin.py:188} INFO - [2025-08-19T03:16:35.888+0000] {dag.py:3954} INFO - Setting next_dagrun for example_branch_dop_operator_v3 to 2025-08-19 03:15:00+00:00, run_after=2025-08-19 03:16:00+00:00
[2025-08-19T03:16:35.917+0000] {processor.py:183} INFO - Processing /home/airflow/.local/lib/python3.12/site-packages/airflow/example_dags/example_branch_python_dop_operator_3.py took 0.097 seconds
[2025-08-19T03:17:06.199+0000] {processor.py:161} INFO - Started process (PID=22974) to work on /home/airflow/.local/lib/python3.12/site-packages/airflow/example_dags/example_branch_python_dop_operator_3.py
[2025-08-19T03:17:06.200+0000] {processor.py:830} INFO - Processing file /home/airflow/.local/lib/python3.12/site-packages/airflow/example_dags/example_branch_python_dop_operator_3.py for tasks to queue
[2025-08-19T03:17:06.202+0000] {logging_mixin.py:188} INFO - [2025-08-19T03:17:06.201+0000] {dagbag.py:545} INFO - Filling up the DagBag from /home/airflow/.local/lib/python3.12/site-packages/airflow/example_dags/example_branch_python_dop_operator_3.py
[2025-08-19T03:17:06.210+0000] {processor.py:840} INFO - DAG(s) 'example_branch_dop_operator_v3' retrieved from /home/airflow/.local/lib/python3.12/site-packages/airflow/example_dags/example_branch_python_dop_operator_3.py
[2025-08-19T03:17:06.232+0000] {logging_mixin.py:188} INFO - [2025-08-19T03:17:06.232+0000] {dag.py:3096} INFO - Sync 1 DAGs
[2025-08-19T03:17:06.260+0000] {logging_mixin.py:188} INFO - [2025-08-19T03:17:06.259+0000] {dag.py:3954} INFO - Setting next_dagrun for example_branch_dop_operator_v3 to 2025-08-19 03:16:00+00:00, run_after=2025-08-19 03:17:00+00:00
[2025-08-19T03:17:06.286+0000] {processor.py:183} INFO - Processing /home/airflow/.local/lib/python3.12/site-packages/airflow/example_dags/example_branch_python_dop_operator_3.py took 0.094 seconds
[2025-08-19T03:17:36.769+0000] {processor.py:161} INFO - Started process (PID=23027) to work on /home/airflow/.local/lib/python3.12/site-packages/airflow/example_dags/example_branch_python_dop_operator_3.py
[2025-08-19T03:17:36.770+0000] {processor.py:830} INFO - Processing file /home/airflow/.local/lib/python3.12/site-packages/airflow/example_dags/example_branch_python_dop_operator_3.py for tasks to queue
[2025-08-19T03:17:36.771+0000] {logging_mixin.py:188} INFO - [2025-08-19T03:17:36.771+0000] {dagbag.py:545} INFO - Filling up the DagBag from /home/airflow/.local/lib/python3.12/site-packages/airflow/example_dags/example_branch_python_dop_operator_3.py
[2025-08-19T03:17:36.780+0000] {processor.py:840} INFO - DAG(s) 'example_branch_dop_operator_v3' retrieved from /home/airflow/.local/lib/python3.12/site-packages/airflow/example_dags/example_branch_python_dop_operator_3.py
[2025-08-19T03:17:36.806+0000] {logging_mixin.py:188} INFO - [2025-08-19T03:17:36.806+0000] {dag.py:3096} INFO - Sync 1 DAGs
[2025-08-19T03:17:36.832+0000] {logging_mixin.py:188} INFO - [2025-08-19T03:17:36.832+0000] {dag.py:3954} INFO - Setting next_dagrun for example_branch_dop_operator_v3 to 2025-08-19 03:16:00+00:00, run_after=2025-08-19 03:17:00+00:00
[2025-08-19T03:17:36.865+0000] {processor.py:183} INFO - Processing /home/airflow/.local/lib/python3.12/site-packages/airflow/example_dags/example_branch_python_dop_operator_3.py took 0.103 seconds
[2025-08-19T03:18:07.002+0000] {processor.py:161} INFO - Started process (PID=23080) to work on /home/airflow/.local/lib/python3.12/site-packages/airflow/example_dags/example_branch_python_dop_operator_3.py
[2025-08-19T03:18:07.004+0000] {processor.py:830} INFO - Processing file /home/airflow/.local/lib/python3.12/site-packages/airflow/example_dags/example_branch_python_dop_operator_3.py for tasks to queue
[2025-08-19T03:18:07.007+0000] {logging_mixin.py:188} INFO - [2025-08-19T03:18:07.006+0000] {dagbag.py:545} INFO - Filling up the DagBag from /home/airflow/.local/lib/python3.12/site-packages/airflow/example_dags/example_branch_python_dop_operator_3.py
[2025-08-19T03:18:07.018+0000] {processor.py:840} INFO - DAG(s) 'example_branch_dop_operator_v3' retrieved from /home/airflow/.local/lib/python3.12/site-packages/airflow/example_dags/example_branch_python_dop_operator_3.py
[2025-08-19T03:18:07.044+0000] {logging_mixin.py:188} INFO - [2025-08-19T03:18:07.044+0000] {dag.py:3096} INFO - Sync 1 DAGs
[2025-08-19T03:18:07.075+0000] {logging_mixin.py:188} INFO - [2025-08-19T03:18:07.075+0000] {dag.py:3954} INFO - Setting next_dagrun for example_branch_dop_operator_v3 to 2025-08-19 03:17:00+00:00, run_after=2025-08-19 03:18:00+00:00
[2025-08-19T03:18:07.104+0000] {processor.py:183} INFO - Processing /home/airflow/.local/lib/python3.12/site-packages/airflow/example_dags/example_branch_python_dop_operator_3.py took 0.109 seconds
[2025-08-19T03:18:37.283+0000] {processor.py:161} INFO - Started process (PID=23133) to work on /home/airflow/.local/lib/python3.12/site-packages/airflow/example_dags/example_branch_python_dop_operator_3.py
[2025-08-19T03:18:37.285+0000] {processor.py:830} INFO - Processing file /home/airflow/.local/lib/python3.12/site-packages/airflow/example_dags/example_branch_python_dop_operator_3.py for tasks to queue
[2025-08-19T03:18:37.287+0000] {logging_mixin.py:188} INFO - [2025-08-19T03:18:37.286+0000] {dagbag.py:545} INFO - Filling up the DagBag from /home/airflow/.local/lib/python3.12/site-packages/airflow/example_dags/example_branch_python_dop_operator_3.py
[2025-08-19T03:18:37.296+0000] {processor.py:840} INFO - DAG(s) 'example_branch_dop_operator_v3' retrieved from /home/airflow/.local/lib/python3.12/site-packages/airflow/example_dags/example_branch_python_dop_operator_3.py
[2025-08-19T03:18:37.323+0000] {logging_mixin.py:188} INFO - [2025-08-19T03:18:37.323+0000] {dag.py:3096} INFO - Sync 1 DAGs
[2025-08-19T03:18:37.353+0000] {logging_mixin.py:188} INFO - [2025-08-19T03:18:37.353+0000] {dag.py:3954} INFO - Setting next_dagrun for example_branch_dop_operator_v3 to 2025-08-19 03:17:00+00:00, run_after=2025-08-19 03:18:00+00:00
[2025-08-19T03:18:37.380+0000] {processor.py:183} INFO - Processing /home/airflow/.local/lib/python3.12/site-packages/airflow/example_dags/example_branch_python_dop_operator_3.py took 0.106 seconds
[2025-08-19T03:19:07.513+0000] {processor.py:161} INFO - Started process (PID=23186) to work on /home/airflow/.local/lib/python3.12/site-packages/airflow/example_dags/example_branch_python_dop_operator_3.py
[2025-08-19T03:19:07.515+0000] {processor.py:830} INFO - Processing file /home/airflow/.local/lib/python3.12/site-packages/airflow/example_dags/example_branch_python_dop_operator_3.py for tasks to queue
[2025-08-19T03:19:07.516+0000] {logging_mixin.py:188} INFO - [2025-08-19T03:19:07.516+0000] {dagbag.py:545} INFO - Filling up the DagBag from /home/airflow/.local/lib/python3.12/site-packages/airflow/example_dags/example_branch_python_dop_operator_3.py
[2025-08-19T03:19:07.525+0000] {processor.py:840} INFO - DAG(s) 'example_branch_dop_operator_v3' retrieved from /home/airflow/.local/lib/python3.12/site-packages/airflow/example_dags/example_branch_python_dop_operator_3.py
[2025-08-19T03:19:07.552+0000] {logging_mixin.py:188} INFO - [2025-08-19T03:19:07.552+0000] {dag.py:3096} INFO - Sync 1 DAGs
[2025-08-19T03:19:07.579+0000] {logging_mixin.py:188} INFO - [2025-08-19T03:19:07.579+0000] {dag.py:3954} INFO - Setting next_dagrun for example_branch_dop_operator_v3 to 2025-08-19 03:18:00+00:00, run_after=2025-08-19 03:19:00+00:00
[2025-08-19T03:19:07.640+0000] {processor.py:183} INFO - Processing /home/airflow/.local/lib/python3.12/site-packages/airflow/example_dags/example_branch_python_dop_operator_3.py took 0.132 seconds
[2025-08-19T03:19:38.436+0000] {processor.py:161} INFO - Started process (PID=23239) to work on /home/airflow/.local/lib/python3.12/site-packages/airflow/example_dags/example_branch_python_dop_operator_3.py
[2025-08-19T03:19:38.438+0000] {processor.py:830} INFO - Processing file /home/airflow/.local/lib/python3.12/site-packages/airflow/example_dags/example_branch_python_dop_operator_3.py for tasks to queue
[2025-08-19T03:19:38.439+0000] {logging_mixin.py:188} INFO - [2025-08-19T03:19:38.439+0000] {dagbag.py:545} INFO - Filling up the DagBag from /home/airflow/.local/lib/python3.12/site-packages/airflow/example_dags/example_branch_python_dop_operator_3.py
[2025-08-19T03:19:38.451+0000] {processor.py:840} INFO - DAG(s) 'example_branch_dop_operator_v3' retrieved from /home/airflow/.local/lib/python3.12/site-packages/airflow/example_dags/example_branch_python_dop_operator_3.py
[2025-08-19T03:19:38.476+0000] {logging_mixin.py:188} INFO - [2025-08-19T03:19:38.476+0000] {dag.py:3096} INFO - Sync 1 DAGs
[2025-08-19T03:19:38.505+0000] {logging_mixin.py:188} INFO - [2025-08-19T03:19:38.505+0000] {dag.py:3954} INFO - Setting next_dagrun for example_branch_dop_operator_v3 to 2025-08-19 03:18:00+00:00, run_after=2025-08-19 03:19:00+00:00
[2025-08-19T03:19:38.530+0000] {processor.py:183} INFO - Processing /home/airflow/.local/lib/python3.12/site-packages/airflow/example_dags/example_branch_python_dop_operator_3.py took 0.101 seconds
[2025-08-19T03:20:08.689+0000] {processor.py:161} INFO - Started process (PID=23292) to work on /home/airflow/.local/lib/python3.12/site-packages/airflow/example_dags/example_branch_python_dop_operator_3.py
[2025-08-19T03:20:08.691+0000] {processor.py:830} INFO - Processing file /home/airflow/.local/lib/python3.12/site-packages/airflow/example_dags/example_branch_python_dop_operator_3.py for tasks to queue
[2025-08-19T03:20:08.693+0000] {logging_mixin.py:188} INFO - [2025-08-19T03:20:08.693+0000] {dagbag.py:545} INFO - Filling up the DagBag from /home/airflow/.local/lib/python3.12/site-packages/airflow/example_dags/example_branch_python_dop_operator_3.py
[2025-08-19T03:20:08.706+0000] {processor.py:840} INFO - DAG(s) 'example_branch_dop_operator_v3' retrieved from /home/airflow/.local/lib/python3.12/site-packages/airflow/example_dags/example_branch_python_dop_operator_3.py
[2025-08-19T03:20:08.731+0000] {logging_mixin.py:188} INFO - [2025-08-19T03:20:08.730+0000] {dag.py:3096} INFO - Sync 1 DAGs
[2025-08-19T03:20:08.760+0000] {logging_mixin.py:188} INFO - [2025-08-19T03:20:08.760+0000] {dag.py:3954} INFO - Setting next_dagrun for example_branch_dop_operator_v3 to 2025-08-19 03:19:00+00:00, run_after=2025-08-19 03:20:00+00:00
[2025-08-19T03:20:08.788+0000] {processor.py:183} INFO - Processing /home/airflow/.local/lib/python3.12/site-packages/airflow/example_dags/example_branch_python_dop_operator_3.py took 0.105 seconds
[2025-08-19T03:20:38.884+0000] {processor.py:161} INFO - Started process (PID=23345) to work on /home/airflow/.local/lib/python3.12/site-packages/airflow/example_dags/example_branch_python_dop_operator_3.py
[2025-08-19T03:20:38.886+0000] {processor.py:830} INFO - Processing file /home/airflow/.local/lib/python3.12/site-packages/airflow/example_dags/example_branch_python_dop_operator_3.py for tasks to queue
[2025-08-19T03:20:38.887+0000] {logging_mixin.py:188} INFO - [2025-08-19T03:20:38.887+0000] {dagbag.py:545} INFO - Filling up the DagBag from /home/airflow/.local/lib/python3.12/site-packages/airflow/example_dags/example_branch_python_dop_operator_3.py
[2025-08-19T03:20:38.897+0000] {processor.py:840} INFO - DAG(s) 'example_branch_dop_operator_v3' retrieved from /home/airflow/.local/lib/python3.12/site-packages/airflow/example_dags/example_branch_python_dop_operator_3.py
[2025-08-19T03:20:38.920+0000] {logging_mixin.py:188} INFO - [2025-08-19T03:20:38.919+0000] {dag.py:3096} INFO - Sync 1 DAGs
[2025-08-19T03:20:38.948+0000] {logging_mixin.py:188} INFO - [2025-08-19T03:20:38.948+0000] {dag.py:3954} INFO - Setting next_dagrun for example_branch_dop_operator_v3 to 2025-08-19 03:19:00+00:00, run_after=2025-08-19 03:20:00+00:00
[2025-08-19T03:20:38.981+0000] {processor.py:183} INFO - Processing /home/airflow/.local/lib/python3.12/site-packages/airflow/example_dags/example_branch_python_dop_operator_3.py took 0.105 seconds
[2025-08-19T03:21:09.267+0000] {processor.py:161} INFO - Started process (PID=23398) to work on /home/airflow/.local/lib/python3.12/site-packages/airflow/example_dags/example_branch_python_dop_operator_3.py
[2025-08-19T03:21:09.268+0000] {processor.py:830} INFO - Processing file /home/airflow/.local/lib/python3.12/site-packages/airflow/example_dags/example_branch_python_dop_operator_3.py for tasks to queue
[2025-08-19T03:21:09.270+0000] {logging_mixin.py:188} INFO - [2025-08-19T03:21:09.269+0000] {dagbag.py:545} INFO - Filling up the DagBag from /home/airflow/.local/lib/python3.12/site-packages/airflow/example_dags/example_branch_python_dop_operator_3.py
[2025-08-19T03:21:09.279+0000] {processor.py:840} INFO - DAG(s) 'example_branch_dop_operator_v3' retrieved from /home/airflow/.local/lib/python3.12/site-packages/airflow/example_dags/example_branch_python_dop_operator_3.py
[2025-08-19T03:21:09.303+0000] {logging_mixin.py:188} INFO - [2025-08-19T03:21:09.303+0000] {dag.py:3096} INFO - Sync 1 DAGs
[2025-08-19T03:21:09.332+0000] {logging_mixin.py:188} INFO - [2025-08-19T03:21:09.332+0000] {dag.py:3954} INFO - Setting next_dagrun for example_branch_dop_operator_v3 to 2025-08-19 03:20:00+00:00, run_after=2025-08-19 03:21:00+00:00
[2025-08-19T03:21:09.358+0000] {processor.py:183} INFO - Processing /home/airflow/.local/lib/python3.12/site-packages/airflow/example_dags/example_branch_python_dop_operator_3.py took 0.099 seconds
[2025-08-19T03:21:39.944+0000] {processor.py:161} INFO - Started process (PID=23451) to work on /home/airflow/.local/lib/python3.12/site-packages/airflow/example_dags/example_branch_python_dop_operator_3.py
[2025-08-19T03:21:39.945+0000] {processor.py:830} INFO - Processing file /home/airflow/.local/lib/python3.12/site-packages/airflow/example_dags/example_branch_python_dop_operator_3.py for tasks to queue
[2025-08-19T03:21:39.947+0000] {logging_mixin.py:188} INFO - [2025-08-19T03:21:39.946+0000] {dagbag.py:545} INFO - Filling up the DagBag from /home/airflow/.local/lib/python3.12/site-packages/airflow/example_dags/example_branch_python_dop_operator_3.py
[2025-08-19T03:21:39.956+0000] {processor.py:840} INFO - DAG(s) 'example_branch_dop_operator_v3' retrieved from /home/airflow/.local/lib/python3.12/site-packages/airflow/example_dags/example_branch_python_dop_operator_3.py
[2025-08-19T03:21:39.981+0000] {logging_mixin.py:188} INFO - [2025-08-19T03:21:39.980+0000] {dag.py:3096} INFO - Sync 1 DAGs
[2025-08-19T03:21:40.006+0000] {logging_mixin.py:188} INFO - [2025-08-19T03:21:40.006+0000] {dag.py:3954} INFO - Setting next_dagrun for example_branch_dop_operator_v3 to 2025-08-19 03:20:00+00:00, run_after=2025-08-19 03:21:00+00:00
[2025-08-19T03:21:40.035+0000] {processor.py:183} INFO - Processing /home/airflow/.local/lib/python3.12/site-packages/airflow/example_dags/example_branch_python_dop_operator_3.py took 0.099 seconds
[2025-08-19T03:22:10.571+0000] {processor.py:161} INFO - Started process (PID=23504) to work on /home/airflow/.local/lib/python3.12/site-packages/airflow/example_dags/example_branch_python_dop_operator_3.py
[2025-08-19T03:22:10.572+0000] {processor.py:830} INFO - Processing file /home/airflow/.local/lib/python3.12/site-packages/airflow/example_dags/example_branch_python_dop_operator_3.py for tasks to queue
[2025-08-19T03:22:10.574+0000] {logging_mixin.py:188} INFO - [2025-08-19T03:22:10.573+0000] {dagbag.py:545} INFO - Filling up the DagBag from /home/airflow/.local/lib/python3.12/site-packages/airflow/example_dags/example_branch_python_dop_operator_3.py
[2025-08-19T03:22:10.582+0000] {processor.py:840} INFO - DAG(s) 'example_branch_dop_operator_v3' retrieved from /home/airflow/.local/lib/python3.12/site-packages/airflow/example_dags/example_branch_python_dop_operator_3.py
[2025-08-19T03:22:10.605+0000] {logging_mixin.py:188} INFO - [2025-08-19T03:22:10.605+0000] {dag.py:3096} INFO - Sync 1 DAGs
[2025-08-19T03:22:10.633+0000] {logging_mixin.py:188} INFO - [2025-08-19T03:22:10.633+0000] {dag.py:3954} INFO - Setting next_dagrun for example_branch_dop_operator_v3 to 2025-08-19 03:21:00+00:00, run_after=2025-08-19 03:22:00+00:00
[2025-08-19T03:22:10.659+0000] {processor.py:183} INFO - Processing /home/airflow/.local/lib/python3.12/site-packages/airflow/example_dags/example_branch_python_dop_operator_3.py took 0.094 seconds
[2025-08-19T03:22:41.081+0000] {processor.py:161} INFO - Started process (PID=23557) to work on /home/airflow/.local/lib/python3.12/site-packages/airflow/example_dags/example_branch_python_dop_operator_3.py
[2025-08-19T03:22:41.083+0000] {processor.py:830} INFO - Processing file /home/airflow/.local/lib/python3.12/site-packages/airflow/example_dags/example_branch_python_dop_operator_3.py for tasks to queue
[2025-08-19T03:22:41.085+0000] {logging_mixin.py:188} INFO - [2025-08-19T03:22:41.084+0000] {dagbag.py:545} INFO - Filling up the DagBag from /home/airflow/.local/lib/python3.12/site-packages/airflow/example_dags/example_branch_python_dop_operator_3.py
[2025-08-19T03:22:41.094+0000] {processor.py:840} INFO - DAG(s) 'example_branch_dop_operator_v3' retrieved from /home/airflow/.local/lib/python3.12/site-packages/airflow/example_dags/example_branch_python_dop_operator_3.py
[2025-08-19T03:22:41.119+0000] {logging_mixin.py:188} INFO - [2025-08-19T03:22:41.119+0000] {dag.py:3096} INFO - Sync 1 DAGs
[2025-08-19T03:22:41.145+0000] {logging_mixin.py:188} INFO - [2025-08-19T03:22:41.145+0000] {dag.py:3954} INFO - Setting next_dagrun for example_branch_dop_operator_v3 to 2025-08-19 03:21:00+00:00, run_after=2025-08-19 03:22:00+00:00
[2025-08-19T03:22:41.168+0000] {processor.py:183} INFO - Processing /home/airflow/.local/lib/python3.12/site-packages/airflow/example_dags/example_branch_python_dop_operator_3.py took 0.092 seconds
[2025-08-19T03:23:11.554+0000] {processor.py:161} INFO - Started process (PID=23610) to work on /home/airflow/.local/lib/python3.12/site-packages/airflow/example_dags/example_branch_python_dop_operator_3.py
[2025-08-19T03:23:11.555+0000] {processor.py:830} INFO - Processing file /home/airflow/.local/lib/python3.12/site-packages/airflow/example_dags/example_branch_python_dop_operator_3.py for tasks to queue
[2025-08-19T03:23:11.557+0000] {logging_mixin.py:188} INFO - [2025-08-19T03:23:11.556+0000] {dagbag.py:545} INFO - Filling up the DagBag from /home/airflow/.local/lib/python3.12/site-packages/airflow/example_dags/example_branch_python_dop_operator_3.py
[2025-08-19T03:23:11.565+0000] {processor.py:840} INFO - DAG(s) 'example_branch_dop_operator_v3' retrieved from /home/airflow/.local/lib/python3.12/site-packages/airflow/example_dags/example_branch_python_dop_operator_3.py
[2025-08-19T03:23:11.589+0000] {logging_mixin.py:188} INFO - [2025-08-19T03:23:11.589+0000] {dag.py:3096} INFO - Sync 1 DAGs
[2025-08-19T03:23:11.617+0000] {logging_mixin.py:188} INFO - [2025-08-19T03:23:11.617+0000] {dag.py:3954} INFO - Setting next_dagrun for example_branch_dop_operator_v3 to 2025-08-19 03:22:00+00:00, run_after=2025-08-19 03:23:00+00:00
[2025-08-19T03:23:11.656+0000] {processor.py:183} INFO - Processing /home/airflow/.local/lib/python3.12/site-packages/airflow/example_dags/example_branch_python_dop_operator_3.py took 0.108 seconds
[2025-08-19T03:23:41.764+0000] {processor.py:161} INFO - Started process (PID=23661) to work on /home/airflow/.local/lib/python3.12/site-packages/airflow/example_dags/example_branch_python_dop_operator_3.py
[2025-08-19T03:23:41.766+0000] {processor.py:830} INFO - Processing file /home/airflow/.local/lib/python3.12/site-packages/airflow/example_dags/example_branch_python_dop_operator_3.py for tasks to queue
[2025-08-19T03:23:41.768+0000] {logging_mixin.py:188} INFO - [2025-08-19T03:23:41.768+0000] {dagbag.py:545} INFO - Filling up the DagBag from /home/airflow/.local/lib/python3.12/site-packages/airflow/example_dags/example_branch_python_dop_operator_3.py
[2025-08-19T03:23:41.777+0000] {processor.py:840} INFO - DAG(s) 'example_branch_dop_operator_v3' retrieved from /home/airflow/.local/lib/python3.12/site-packages/airflow/example_dags/example_branch_python_dop_operator_3.py
[2025-08-19T03:23:41.801+0000] {logging_mixin.py:188} INFO - [2025-08-19T03:23:41.801+0000] {dag.py:3096} INFO - Sync 1 DAGs
[2025-08-19T03:23:41.830+0000] {logging_mixin.py:188} INFO - [2025-08-19T03:23:41.830+0000] {dag.py:3954} INFO - Setting next_dagrun for example_branch_dop_operator_v3 to 2025-08-19 03:22:00+00:00, run_after=2025-08-19 03:23:00+00:00
[2025-08-19T03:23:41.856+0000] {processor.py:183} INFO - Processing /home/airflow/.local/lib/python3.12/site-packages/airflow/example_dags/example_branch_python_dop_operator_3.py took 0.097 seconds
[2025-08-19T03:24:12.442+0000] {processor.py:161} INFO - Started process (PID=23714) to work on /home/airflow/.local/lib/python3.12/site-packages/airflow/example_dags/example_branch_python_dop_operator_3.py
[2025-08-19T03:24:12.443+0000] {processor.py:830} INFO - Processing file /home/airflow/.local/lib/python3.12/site-packages/airflow/example_dags/example_branch_python_dop_operator_3.py for tasks to queue
[2025-08-19T03:24:12.444+0000] {logging_mixin.py:188} INFO - [2025-08-19T03:24:12.444+0000] {dagbag.py:545} INFO - Filling up the DagBag from /home/airflow/.local/lib/python3.12/site-packages/airflow/example_dags/example_branch_python_dop_operator_3.py
[2025-08-19T03:24:12.455+0000] {processor.py:840} INFO - DAG(s) 'example_branch_dop_operator_v3' retrieved from /home/airflow/.local/lib/python3.12/site-packages/airflow/example_dags/example_branch_python_dop_operator_3.py
[2025-08-19T03:24:12.480+0000] {logging_mixin.py:188} INFO - [2025-08-19T03:24:12.480+0000] {dag.py:3096} INFO - Sync 1 DAGs
[2025-08-19T03:24:12.505+0000] {logging_mixin.py:188} INFO - [2025-08-19T03:24:12.505+0000] {dag.py:3954} INFO - Setting next_dagrun for example_branch_dop_operator_v3 to 2025-08-19 03:23:00+00:00, run_after=2025-08-19 03:24:00+00:00
[2025-08-19T03:24:12.528+0000] {processor.py:183} INFO - Processing /home/airflow/.local/lib/python3.12/site-packages/airflow/example_dags/example_branch_python_dop_operator_3.py took 0.093 seconds
[2025-08-19T03:24:43.037+0000] {processor.py:161} INFO - Started process (PID=23767) to work on /home/airflow/.local/lib/python3.12/site-packages/airflow/example_dags/example_branch_python_dop_operator_3.py
[2025-08-19T03:24:43.039+0000] {processor.py:830} INFO - Processing file /home/airflow/.local/lib/python3.12/site-packages/airflow/example_dags/example_branch_python_dop_operator_3.py for tasks to queue
[2025-08-19T03:24:43.040+0000] {logging_mixin.py:188} INFO - [2025-08-19T03:24:43.040+0000] {dagbag.py:545} INFO - Filling up the DagBag from /home/airflow/.local/lib/python3.12/site-packages/airflow/example_dags/example_branch_python_dop_operator_3.py
[2025-08-19T03:24:43.049+0000] {processor.py:840} INFO - DAG(s) 'example_branch_dop_operator_v3' retrieved from /home/airflow/.local/lib/python3.12/site-packages/airflow/example_dags/example_branch_python_dop_operator_3.py
[2025-08-19T03:24:43.073+0000] {logging_mixin.py:188} INFO - [2025-08-19T03:24:43.073+0000] {dag.py:3096} INFO - Sync 1 DAGs
[2025-08-19T03:24:43.099+0000] {logging_mixin.py:188} INFO - [2025-08-19T03:24:43.099+0000] {dag.py:3954} INFO - Setting next_dagrun for example_branch_dop_operator_v3 to 2025-08-19 03:23:00+00:00, run_after=2025-08-19 03:24:00+00:00
[2025-08-19T03:24:43.144+0000] {processor.py:183} INFO - Processing /home/airflow/.local/lib/python3.12/site-packages/airflow/example_dags/example_branch_python_dop_operator_3.py took 0.113 seconds
[2025-08-19T03:25:13.580+0000] {processor.py:161} INFO - Started process (PID=23820) to work on /home/airflow/.local/lib/python3.12/site-packages/airflow/example_dags/example_branch_python_dop_operator_3.py
[2025-08-19T03:25:13.581+0000] {processor.py:830} INFO - Processing file /home/airflow/.local/lib/python3.12/site-packages/airflow/example_dags/example_branch_python_dop_operator_3.py for tasks to queue
[2025-08-19T03:25:13.583+0000] {logging_mixin.py:188} INFO - [2025-08-19T03:25:13.582+0000] {dagbag.py:545} INFO - Filling up the DagBag from /home/airflow/.local/lib/python3.12/site-packages/airflow/example_dags/example_branch_python_dop_operator_3.py
[2025-08-19T03:25:13.593+0000] {processor.py:840} INFO - DAG(s) 'example_branch_dop_operator_v3' retrieved from /home/airflow/.local/lib/python3.12/site-packages/airflow/example_dags/example_branch_python_dop_operator_3.py
[2025-08-19T03:25:13.618+0000] {logging_mixin.py:188} INFO - [2025-08-19T03:25:13.618+0000] {dag.py:3096} INFO - Sync 1 DAGs
[2025-08-19T03:25:13.645+0000] {logging_mixin.py:188} INFO - [2025-08-19T03:25:13.645+0000] {dag.py:3954} INFO - Setting next_dagrun for example_branch_dop_operator_v3 to 2025-08-19 03:24:00+00:00, run_after=2025-08-19 03:25:00+00:00
[2025-08-19T03:25:13.676+0000] {processor.py:183} INFO - Processing /home/airflow/.local/lib/python3.12/site-packages/airflow/example_dags/example_branch_python_dop_operator_3.py took 0.110 seconds
[2025-08-19T03:25:44.227+0000] {processor.py:161} INFO - Started process (PID=23873) to work on /home/airflow/.local/lib/python3.12/site-packages/airflow/example_dags/example_branch_python_dop_operator_3.py
[2025-08-19T03:25:44.229+0000] {processor.py:830} INFO - Processing file /home/airflow/.local/lib/python3.12/site-packages/airflow/example_dags/example_branch_python_dop_operator_3.py for tasks to queue
[2025-08-19T03:25:44.231+0000] {logging_mixin.py:188} INFO - [2025-08-19T03:25:44.230+0000] {dagbag.py:545} INFO - Filling up the DagBag from /home/airflow/.local/lib/python3.12/site-packages/airflow/example_dags/example_branch_python_dop_operator_3.py
[2025-08-19T03:25:44.240+0000] {processor.py:840} INFO - DAG(s) 'example_branch_dop_operator_v3' retrieved from /home/airflow/.local/lib/python3.12/site-packages/airflow/example_dags/example_branch_python_dop_operator_3.py
[2025-08-19T03:25:44.265+0000] {logging_mixin.py:188} INFO - [2025-08-19T03:25:44.265+0000] {dag.py:3096} INFO - Sync 1 DAGs
[2025-08-19T03:25:44.292+0000] {logging_mixin.py:188} INFO - [2025-08-19T03:25:44.292+0000] {dag.py:3954} INFO - Setting next_dagrun for example_branch_dop_operator_v3 to 2025-08-19 03:24:00+00:00, run_after=2025-08-19 03:25:00+00:00
[2025-08-19T03:25:44.321+0000] {processor.py:183} INFO - Processing /home/airflow/.local/lib/python3.12/site-packages/airflow/example_dags/example_branch_python_dop_operator_3.py took 0.100 seconds
[2025-08-19T03:26:14.517+0000] {processor.py:161} INFO - Started process (PID=23926) to work on /home/airflow/.local/lib/python3.12/site-packages/airflow/example_dags/example_branch_python_dop_operator_3.py
[2025-08-19T03:26:14.519+0000] {processor.py:830} INFO - Processing file /home/airflow/.local/lib/python3.12/site-packages/airflow/example_dags/example_branch_python_dop_operator_3.py for tasks to queue
[2025-08-19T03:26:14.520+0000] {logging_mixin.py:188} INFO - [2025-08-19T03:26:14.520+0000] {dagbag.py:545} INFO - Filling up the DagBag from /home/airflow/.local/lib/python3.12/site-packages/airflow/example_dags/example_branch_python_dop_operator_3.py
[2025-08-19T03:26:14.529+0000] {processor.py:840} INFO - DAG(s) 'example_branch_dop_operator_v3' retrieved from /home/airflow/.local/lib/python3.12/site-packages/airflow/example_dags/example_branch_python_dop_operator_3.py
[2025-08-19T03:26:14.553+0000] {logging_mixin.py:188} INFO - [2025-08-19T03:26:14.553+0000] {dag.py:3096} INFO - Sync 1 DAGs
[2025-08-19T03:26:14.580+0000] {logging_mixin.py:188} INFO - [2025-08-19T03:26:14.580+0000] {dag.py:3954} INFO - Setting next_dagrun for example_branch_dop_operator_v3 to 2025-08-19 03:25:00+00:00, run_after=2025-08-19 03:26:00+00:00
[2025-08-19T03:26:14.628+0000] {processor.py:183} INFO - Processing /home/airflow/.local/lib/python3.12/site-packages/airflow/example_dags/example_branch_python_dop_operator_3.py took 0.116 seconds
[2025-08-19T03:26:44.974+0000] {processor.py:161} INFO - Started process (PID=23979) to work on /home/airflow/.local/lib/python3.12/site-packages/airflow/example_dags/example_branch_python_dop_operator_3.py
[2025-08-19T03:26:44.975+0000] {processor.py:830} INFO - Processing file /home/airflow/.local/lib/python3.12/site-packages/airflow/example_dags/example_branch_python_dop_operator_3.py for tasks to queue
[2025-08-19T03:26:44.976+0000] {logging_mixin.py:188} INFO - [2025-08-19T03:26:44.976+0000] {dagbag.py:545} INFO - Filling up the DagBag from /home/airflow/.local/lib/python3.12/site-packages/airflow/example_dags/example_branch_python_dop_operator_3.py
[2025-08-19T03:26:44.987+0000] {processor.py:840} INFO - DAG(s) 'example_branch_dop_operator_v3' retrieved from /home/airflow/.local/lib/python3.12/site-packages/airflow/example_dags/example_branch_python_dop_operator_3.py
[2025-08-19T03:26:45.011+0000] {logging_mixin.py:188} INFO - [2025-08-19T03:26:45.010+0000] {dag.py:3096} INFO - Sync 1 DAGs
[2025-08-19T03:26:45.043+0000] {logging_mixin.py:188} INFO - [2025-08-19T03:26:45.043+0000] {dag.py:3954} INFO - Setting next_dagrun for example_branch_dop_operator_v3 to 2025-08-19 03:25:00+00:00, run_after=2025-08-19 03:26:00+00:00
[2025-08-19T03:26:45.071+0000] {processor.py:183} INFO - Processing /home/airflow/.local/lib/python3.12/site-packages/airflow/example_dags/example_branch_python_dop_operator_3.py took 0.102 seconds
[2025-08-19T03:27:15.491+0000] {processor.py:161} INFO - Started process (PID=24032) to work on /home/airflow/.local/lib/python3.12/site-packages/airflow/example_dags/example_branch_python_dop_operator_3.py
[2025-08-19T03:27:15.492+0000] {processor.py:830} INFO - Processing file /home/airflow/.local/lib/python3.12/site-packages/airflow/example_dags/example_branch_python_dop_operator_3.py for tasks to queue
[2025-08-19T03:27:15.493+0000] {logging_mixin.py:188} INFO - [2025-08-19T03:27:15.493+0000] {dagbag.py:545} INFO - Filling up the DagBag from /home/airflow/.local/lib/python3.12/site-packages/airflow/example_dags/example_branch_python_dop_operator_3.py
[2025-08-19T03:27:15.502+0000] {processor.py:840} INFO - DAG(s) 'example_branch_dop_operator_v3' retrieved from /home/airflow/.local/lib/python3.12/site-packages/airflow/example_dags/example_branch_python_dop_operator_3.py
[2025-08-19T03:27:15.526+0000] {logging_mixin.py:188} INFO - [2025-08-19T03:27:15.525+0000] {dag.py:3096} INFO - Sync 1 DAGs
[2025-08-19T03:27:15.551+0000] {logging_mixin.py:188} INFO - [2025-08-19T03:27:15.551+0000] {dag.py:3954} INFO - Setting next_dagrun for example_branch_dop_operator_v3 to 2025-08-19 03:26:00+00:00, run_after=2025-08-19 03:27:00+00:00
[2025-08-19T03:27:15.582+0000] {processor.py:183} INFO - Processing /home/airflow/.local/lib/python3.12/site-packages/airflow/example_dags/example_branch_python_dop_operator_3.py took 0.096 seconds
[2025-08-19T03:27:45.937+0000] {processor.py:161} INFO - Started process (PID=24085) to work on /home/airflow/.local/lib/python3.12/site-packages/airflow/example_dags/example_branch_python_dop_operator_3.py
[2025-08-19T03:27:45.938+0000] {processor.py:830} INFO - Processing file /home/airflow/.local/lib/python3.12/site-packages/airflow/example_dags/example_branch_python_dop_operator_3.py for tasks to queue
[2025-08-19T03:27:45.940+0000] {logging_mixin.py:188} INFO - [2025-08-19T03:27:45.939+0000] {dagbag.py:545} INFO - Filling up the DagBag from /home/airflow/.local/lib/python3.12/site-packages/airflow/example_dags/example_branch_python_dop_operator_3.py
[2025-08-19T03:27:45.948+0000] {processor.py:840} INFO - DAG(s) 'example_branch_dop_operator_v3' retrieved from /home/airflow/.local/lib/python3.12/site-packages/airflow/example_dags/example_branch_python_dop_operator_3.py
[2025-08-19T03:27:45.972+0000] {logging_mixin.py:188} INFO - [2025-08-19T03:27:45.972+0000] {dag.py:3096} INFO - Sync 1 DAGs
[2025-08-19T03:27:45.998+0000] {logging_mixin.py:188} INFO - [2025-08-19T03:27:45.998+0000] {dag.py:3954} INFO - Setting next_dagrun for example_branch_dop_operator_v3 to 2025-08-19 03:26:00+00:00, run_after=2025-08-19 03:27:00+00:00
[2025-08-19T03:27:46.023+0000] {processor.py:183} INFO - Processing /home/airflow/.local/lib/python3.12/site-packages/airflow/example_dags/example_branch_python_dop_operator_3.py took 0.092 seconds
[2025-08-19T03:28:16.476+0000] {processor.py:161} INFO - Started process (PID=24138) to work on /home/airflow/.local/lib/python3.12/site-packages/airflow/example_dags/example_branch_python_dop_operator_3.py
[2025-08-19T03:28:16.478+0000] {processor.py:830} INFO - Processing file /home/airflow/.local/lib/python3.12/site-packages/airflow/example_dags/example_branch_python_dop_operator_3.py for tasks to queue
[2025-08-19T03:28:16.479+0000] {logging_mixin.py:188} INFO - [2025-08-19T03:28:16.479+0000] {dagbag.py:545} INFO - Filling up the DagBag from /home/airflow/.local/lib/python3.12/site-packages/airflow/example_dags/example_branch_python_dop_operator_3.py
[2025-08-19T03:28:16.490+0000] {processor.py:840} INFO - DAG(s) 'example_branch_dop_operator_v3' retrieved from /home/airflow/.local/lib/python3.12/site-packages/airflow/example_dags/example_branch_python_dop_operator_3.py
[2025-08-19T03:28:16.513+0000] {logging_mixin.py:188} INFO - [2025-08-19T03:28:16.513+0000] {dag.py:3096} INFO - Sync 1 DAGs
[2025-08-19T03:28:16.538+0000] {logging_mixin.py:188} INFO - [2025-08-19T03:28:16.538+0000] {dag.py:3954} INFO - Setting next_dagrun for example_branch_dop_operator_v3 to 2025-08-19 03:27:00+00:00, run_after=2025-08-19 03:28:00+00:00
[2025-08-19T03:28:16.569+0000] {processor.py:183} INFO - Processing /home/airflow/.local/lib/python3.12/site-packages/airflow/example_dags/example_branch_python_dop_operator_3.py took 0.099 seconds
[2025-08-19T03:28:46.865+0000] {processor.py:161} INFO - Started process (PID=24191) to work on /home/airflow/.local/lib/python3.12/site-packages/airflow/example_dags/example_branch_python_dop_operator_3.py
[2025-08-19T03:28:46.866+0000] {processor.py:830} INFO - Processing file /home/airflow/.local/lib/python3.12/site-packages/airflow/example_dags/example_branch_python_dop_operator_3.py for tasks to queue
[2025-08-19T03:28:46.868+0000] {logging_mixin.py:188} INFO - [2025-08-19T03:28:46.867+0000] {dagbag.py:545} INFO - Filling up the DagBag from /home/airflow/.local/lib/python3.12/site-packages/airflow/example_dags/example_branch_python_dop_operator_3.py
[2025-08-19T03:28:46.877+0000] {processor.py:840} INFO - DAG(s) 'example_branch_dop_operator_v3' retrieved from /home/airflow/.local/lib/python3.12/site-packages/airflow/example_dags/example_branch_python_dop_operator_3.py
[2025-08-19T03:28:46.900+0000] {logging_mixin.py:188} INFO - [2025-08-19T03:28:46.900+0000] {dag.py:3096} INFO - Sync 1 DAGs
[2025-08-19T03:28:46.926+0000] {logging_mixin.py:188} INFO - [2025-08-19T03:28:46.926+0000] {dag.py:3954} INFO - Setting next_dagrun for example_branch_dop_operator_v3 to 2025-08-19 03:27:00+00:00, run_after=2025-08-19 03:28:00+00:00
[2025-08-19T03:28:46.949+0000] {processor.py:183} INFO - Processing /home/airflow/.local/lib/python3.12/site-packages/airflow/example_dags/example_branch_python_dop_operator_3.py took 0.091 seconds
[2025-08-19T03:29:17.209+0000] {processor.py:161} INFO - Started process (PID=24244) to work on /home/airflow/.local/lib/python3.12/site-packages/airflow/example_dags/example_branch_python_dop_operator_3.py
[2025-08-19T03:29:17.211+0000] {processor.py:830} INFO - Processing file /home/airflow/.local/lib/python3.12/site-packages/airflow/example_dags/example_branch_python_dop_operator_3.py for tasks to queue
[2025-08-19T03:29:17.212+0000] {logging_mixin.py:188} INFO - [2025-08-19T03:29:17.212+0000] {dagbag.py:545} INFO - Filling up the DagBag from /home/airflow/.local/lib/python3.12/site-packages/airflow/example_dags/example_branch_python_dop_operator_3.py
[2025-08-19T03:29:17.222+0000] {processor.py:840} INFO - DAG(s) 'example_branch_dop_operator_v3' retrieved from /home/airflow/.local/lib/python3.12/site-packages/airflow/example_dags/example_branch_python_dop_operator_3.py
[2025-08-19T03:29:17.245+0000] {logging_mixin.py:188} INFO - [2025-08-19T03:29:17.245+0000] {dag.py:3096} INFO - Sync 1 DAGs
[2025-08-19T03:29:17.271+0000] {logging_mixin.py:188} INFO - [2025-08-19T03:29:17.271+0000] {dag.py:3954} INFO - Setting next_dagrun for example_branch_dop_operator_v3 to 2025-08-19 03:28:00+00:00, run_after=2025-08-19 03:29:00+00:00
[2025-08-19T03:29:17.294+0000] {processor.py:183} INFO - Processing /home/airflow/.local/lib/python3.12/site-packages/airflow/example_dags/example_branch_python_dop_operator_3.py took 0.093 seconds
[2025-08-19T03:29:47.531+0000] {processor.py:161} INFO - Started process (PID=24297) to work on /home/airflow/.local/lib/python3.12/site-packages/airflow/example_dags/example_branch_python_dop_operator_3.py
[2025-08-19T03:29:47.533+0000] {processor.py:830} INFO - Processing file /home/airflow/.local/lib/python3.12/site-packages/airflow/example_dags/example_branch_python_dop_operator_3.py for tasks to queue
[2025-08-19T03:29:47.535+0000] {logging_mixin.py:188} INFO - [2025-08-19T03:29:47.534+0000] {dagbag.py:545} INFO - Filling up the DagBag from /home/airflow/.local/lib/python3.12/site-packages/airflow/example_dags/example_branch_python_dop_operator_3.py
[2025-08-19T03:29:47.544+0000] {processor.py:840} INFO - DAG(s) 'example_branch_dop_operator_v3' retrieved from /home/airflow/.local/lib/python3.12/site-packages/airflow/example_dags/example_branch_python_dop_operator_3.py
[2025-08-19T03:29:47.567+0000] {logging_mixin.py:188} INFO - [2025-08-19T03:29:47.567+0000] {dag.py:3096} INFO - Sync 1 DAGs
[2025-08-19T03:29:47.593+0000] {logging_mixin.py:188} INFO - [2025-08-19T03:29:47.593+0000] {dag.py:3954} INFO - Setting next_dagrun for example_branch_dop_operator_v3 to 2025-08-19 03:28:00+00:00, run_after=2025-08-19 03:29:00+00:00
[2025-08-19T03:29:47.616+0000] {processor.py:183} INFO - Processing /home/airflow/.local/lib/python3.12/site-packages/airflow/example_dags/example_branch_python_dop_operator_3.py took 0.091 seconds
[2025-08-19T03:30:18.063+0000] {processor.py:161} INFO - Started process (PID=24350) to work on /home/airflow/.local/lib/python3.12/site-packages/airflow/example_dags/example_branch_python_dop_operator_3.py
[2025-08-19T03:30:18.064+0000] {processor.py:830} INFO - Processing file /home/airflow/.local/lib/python3.12/site-packages/airflow/example_dags/example_branch_python_dop_operator_3.py for tasks to queue
[2025-08-19T03:30:18.066+0000] {logging_mixin.py:188} INFO - [2025-08-19T03:30:18.065+0000] {dagbag.py:545} INFO - Filling up the DagBag from /home/airflow/.local/lib/python3.12/site-packages/airflow/example_dags/example_branch_python_dop_operator_3.py
[2025-08-19T03:30:18.075+0000] {processor.py:840} INFO - DAG(s) 'example_branch_dop_operator_v3' retrieved from /home/airflow/.local/lib/python3.12/site-packages/airflow/example_dags/example_branch_python_dop_operator_3.py
[2025-08-19T03:30:18.099+0000] {logging_mixin.py:188} INFO - [2025-08-19T03:30:18.099+0000] {dag.py:3096} INFO - Sync 1 DAGs
[2025-08-19T03:30:18.126+0000] {logging_mixin.py:188} INFO - [2025-08-19T03:30:18.126+0000] {dag.py:3954} INFO - Setting next_dagrun for example_branch_dop_operator_v3 to 2025-08-19 03:29:00+00:00, run_after=2025-08-19 03:30:00+00:00
[2025-08-19T03:30:18.151+0000] {processor.py:183} INFO - Processing /home/airflow/.local/lib/python3.12/site-packages/airflow/example_dags/example_branch_python_dop_operator_3.py took 0.094 seconds
[2025-08-19T03:30:48.624+0000] {processor.py:161} INFO - Started process (PID=24403) to work on /home/airflow/.local/lib/python3.12/site-packages/airflow/example_dags/example_branch_python_dop_operator_3.py
[2025-08-19T03:30:48.626+0000] {processor.py:830} INFO - Processing file /home/airflow/.local/lib/python3.12/site-packages/airflow/example_dags/example_branch_python_dop_operator_3.py for tasks to queue
[2025-08-19T03:30:48.628+0000] {logging_mixin.py:188} INFO - [2025-08-19T03:30:48.627+0000] {dagbag.py:545} INFO - Filling up the DagBag from /home/airflow/.local/lib/python3.12/site-packages/airflow/example_dags/example_branch_python_dop_operator_3.py
[2025-08-19T03:30:48.647+0000] {processor.py:840} INFO - DAG(s) 'example_branch_dop_operator_v3' retrieved from /home/airflow/.local/lib/python3.12/site-packages/airflow/example_dags/example_branch_python_dop_operator_3.py
[2025-08-19T03:30:48.679+0000] {logging_mixin.py:188} INFO - [2025-08-19T03:30:48.679+0000] {dag.py:3096} INFO - Sync 1 DAGs
[2025-08-19T03:30:48.708+0000] {logging_mixin.py:188} INFO - [2025-08-19T03:30:48.708+0000] {dag.py:3954} INFO - Setting next_dagrun for example_branch_dop_operator_v3 to 2025-08-19 03:29:00+00:00, run_after=2025-08-19 03:30:00+00:00
[2025-08-19T03:30:48.740+0000] {processor.py:183} INFO - Processing /home/airflow/.local/lib/python3.12/site-packages/airflow/example_dags/example_branch_python_dop_operator_3.py took 0.123 seconds
[2025-08-19T03:31:19.219+0000] {processor.py:161} INFO - Started process (PID=24456) to work on /home/airflow/.local/lib/python3.12/site-packages/airflow/example_dags/example_branch_python_dop_operator_3.py
[2025-08-19T03:31:19.222+0000] {processor.py:830} INFO - Processing file /home/airflow/.local/lib/python3.12/site-packages/airflow/example_dags/example_branch_python_dop_operator_3.py for tasks to queue
[2025-08-19T03:31:19.224+0000] {logging_mixin.py:188} INFO - [2025-08-19T03:31:19.223+0000] {dagbag.py:545} INFO - Filling up the DagBag from /home/airflow/.local/lib/python3.12/site-packages/airflow/example_dags/example_branch_python_dop_operator_3.py
[2025-08-19T03:31:19.246+0000] {processor.py:840} INFO - DAG(s) 'example_branch_dop_operator_v3' retrieved from /home/airflow/.local/lib/python3.12/site-packages/airflow/example_dags/example_branch_python_dop_operator_3.py
[2025-08-19T03:31:19.285+0000] {logging_mixin.py:188} INFO - [2025-08-19T03:31:19.284+0000] {dag.py:3096} INFO - Sync 1 DAGs
[2025-08-19T03:31:19.319+0000] {logging_mixin.py:188} INFO - [2025-08-19T03:31:19.319+0000] {dag.py:3954} INFO - Setting next_dagrun for example_branch_dop_operator_v3 to 2025-08-19 03:30:00+00:00, run_after=2025-08-19 03:31:00+00:00
[2025-08-19T03:31:19.350+0000] {processor.py:183} INFO - Processing /home/airflow/.local/lib/python3.12/site-packages/airflow/example_dags/example_branch_python_dop_operator_3.py took 0.140 seconds
[2025-08-19T03:31:49.673+0000] {processor.py:161} INFO - Started process (PID=24509) to work on /home/airflow/.local/lib/python3.12/site-packages/airflow/example_dags/example_branch_python_dop_operator_3.py
[2025-08-19T03:31:49.675+0000] {processor.py:830} INFO - Processing file /home/airflow/.local/lib/python3.12/site-packages/airflow/example_dags/example_branch_python_dop_operator_3.py for tasks to queue
[2025-08-19T03:31:49.677+0000] {logging_mixin.py:188} INFO - [2025-08-19T03:31:49.677+0000] {dagbag.py:545} INFO - Filling up the DagBag from /home/airflow/.local/lib/python3.12/site-packages/airflow/example_dags/example_branch_python_dop_operator_3.py
[2025-08-19T03:31:49.692+0000] {processor.py:840} INFO - DAG(s) 'example_branch_dop_operator_v3' retrieved from /home/airflow/.local/lib/python3.12/site-packages/airflow/example_dags/example_branch_python_dop_operator_3.py
[2025-08-19T03:31:49.719+0000] {logging_mixin.py:188} INFO - [2025-08-19T03:31:49.719+0000] {dag.py:3096} INFO - Sync 1 DAGs
[2025-08-19T03:31:49.746+0000] {logging_mixin.py:188} INFO - [2025-08-19T03:31:49.746+0000] {dag.py:3954} INFO - Setting next_dagrun for example_branch_dop_operator_v3 to 2025-08-19 03:30:00+00:00, run_after=2025-08-19 03:31:00+00:00
[2025-08-19T03:31:49.774+0000] {processor.py:183} INFO - Processing /home/airflow/.local/lib/python3.12/site-packages/airflow/example_dags/example_branch_python_dop_operator_3.py took 0.108 seconds
[2025-08-19T03:32:19.894+0000] {processor.py:161} INFO - Started process (PID=24562) to work on /home/airflow/.local/lib/python3.12/site-packages/airflow/example_dags/example_branch_python_dop_operator_3.py
[2025-08-19T03:32:19.896+0000] {processor.py:830} INFO - Processing file /home/airflow/.local/lib/python3.12/site-packages/airflow/example_dags/example_branch_python_dop_operator_3.py for tasks to queue
[2025-08-19T03:32:19.898+0000] {logging_mixin.py:188} INFO - [2025-08-19T03:32:19.897+0000] {dagbag.py:545} INFO - Filling up the DagBag from /home/airflow/.local/lib/python3.12/site-packages/airflow/example_dags/example_branch_python_dop_operator_3.py
[2025-08-19T03:32:19.915+0000] {processor.py:840} INFO - DAG(s) 'example_branch_dop_operator_v3' retrieved from /home/airflow/.local/lib/python3.12/site-packages/airflow/example_dags/example_branch_python_dop_operator_3.py
[2025-08-19T03:32:19.946+0000] {logging_mixin.py:188} INFO - [2025-08-19T03:32:19.945+0000] {dag.py:3096} INFO - Sync 1 DAGs
[2025-08-19T03:32:19.971+0000] {logging_mixin.py:188} INFO - [2025-08-19T03:32:19.971+0000] {dag.py:3954} INFO - Setting next_dagrun for example_branch_dop_operator_v3 to 2025-08-19 03:31:00+00:00, run_after=2025-08-19 03:32:00+00:00
[2025-08-19T03:32:19.999+0000] {processor.py:183} INFO - Processing /home/airflow/.local/lib/python3.12/site-packages/airflow/example_dags/example_branch_python_dop_operator_3.py took 0.115 seconds
[2025-08-19T03:32:50.091+0000] {processor.py:161} INFO - Started process (PID=24615) to work on /home/airflow/.local/lib/python3.12/site-packages/airflow/example_dags/example_branch_python_dop_operator_3.py
[2025-08-19T03:32:50.092+0000] {processor.py:830} INFO - Processing file /home/airflow/.local/lib/python3.12/site-packages/airflow/example_dags/example_branch_python_dop_operator_3.py for tasks to queue
[2025-08-19T03:32:50.094+0000] {logging_mixin.py:188} INFO - [2025-08-19T03:32:50.093+0000] {dagbag.py:545} INFO - Filling up the DagBag from /home/airflow/.local/lib/python3.12/site-packages/airflow/example_dags/example_branch_python_dop_operator_3.py
[2025-08-19T03:32:50.106+0000] {processor.py:840} INFO - DAG(s) 'example_branch_dop_operator_v3' retrieved from /home/airflow/.local/lib/python3.12/site-packages/airflow/example_dags/example_branch_python_dop_operator_3.py
[2025-08-19T03:32:50.133+0000] {logging_mixin.py:188} INFO - [2025-08-19T03:32:50.133+0000] {dag.py:3096} INFO - Sync 1 DAGs
[2025-08-19T03:32:50.164+0000] {logging_mixin.py:188} INFO - [2025-08-19T03:32:50.163+0000] {dag.py:3954} INFO - Setting next_dagrun for example_branch_dop_operator_v3 to 2025-08-19 03:31:00+00:00, run_after=2025-08-19 03:32:00+00:00
[2025-08-19T03:32:50.192+0000] {processor.py:183} INFO - Processing /home/airflow/.local/lib/python3.12/site-packages/airflow/example_dags/example_branch_python_dop_operator_3.py took 0.108 seconds
[2025-08-19T03:33:20.600+0000] {processor.py:161} INFO - Started process (PID=24668) to work on /home/airflow/.local/lib/python3.12/site-packages/airflow/example_dags/example_branch_python_dop_operator_3.py
[2025-08-19T03:33:20.603+0000] {processor.py:830} INFO - Processing file /home/airflow/.local/lib/python3.12/site-packages/airflow/example_dags/example_branch_python_dop_operator_3.py for tasks to queue
[2025-08-19T03:33:20.605+0000] {logging_mixin.py:188} INFO - [2025-08-19T03:33:20.605+0000] {dagbag.py:545} INFO - Filling up the DagBag from /home/airflow/.local/lib/python3.12/site-packages/airflow/example_dags/example_branch_python_dop_operator_3.py
[2025-08-19T03:33:20.636+0000] {processor.py:840} INFO - DAG(s) 'example_branch_dop_operator_v3' retrieved from /home/airflow/.local/lib/python3.12/site-packages/airflow/example_dags/example_branch_python_dop_operator_3.py
[2025-08-19T03:33:20.684+0000] {logging_mixin.py:188} INFO - [2025-08-19T03:33:20.684+0000] {dag.py:3096} INFO - Sync 1 DAGs
[2025-08-19T03:33:20.745+0000] {logging_mixin.py:188} INFO - [2025-08-19T03:33:20.745+0000] {dag.py:3954} INFO - Setting next_dagrun for example_branch_dop_operator_v3 to 2025-08-19 03:32:00+00:00, run_after=2025-08-19 03:33:00+00:00
[2025-08-19T03:33:20.804+0000] {processor.py:183} INFO - Processing /home/airflow/.local/lib/python3.12/site-packages/airflow/example_dags/example_branch_python_dop_operator_3.py took 0.216 seconds
[2025-08-19T03:33:51.024+0000] {processor.py:161} INFO - Started process (PID=24721) to work on /home/airflow/.local/lib/python3.12/site-packages/airflow/example_dags/example_branch_python_dop_operator_3.py
[2025-08-19T03:33:51.026+0000] {processor.py:830} INFO - Processing file /home/airflow/.local/lib/python3.12/site-packages/airflow/example_dags/example_branch_python_dop_operator_3.py for tasks to queue
[2025-08-19T03:33:51.027+0000] {logging_mixin.py:188} INFO - [2025-08-19T03:33:51.027+0000] {dagbag.py:545} INFO - Filling up the DagBag from /home/airflow/.local/lib/python3.12/site-packages/airflow/example_dags/example_branch_python_dop_operator_3.py
[2025-08-19T03:33:51.036+0000] {processor.py:840} INFO - DAG(s) 'example_branch_dop_operator_v3' retrieved from /home/airflow/.local/lib/python3.12/site-packages/airflow/example_dags/example_branch_python_dop_operator_3.py
[2025-08-19T03:33:51.063+0000] {logging_mixin.py:188} INFO - [2025-08-19T03:33:51.063+0000] {dag.py:3096} INFO - Sync 1 DAGs
[2025-08-19T03:33:51.090+0000] {logging_mixin.py:188} INFO - [2025-08-19T03:33:51.090+0000] {dag.py:3954} INFO - Setting next_dagrun for example_branch_dop_operator_v3 to 2025-08-19 03:32:00+00:00, run_after=2025-08-19 03:33:00+00:00
[2025-08-19T03:33:51.151+0000] {processor.py:183} INFO - Processing /home/airflow/.local/lib/python3.12/site-packages/airflow/example_dags/example_branch_python_dop_operator_3.py took 0.134 seconds
[2025-08-19T03:34:21.218+0000] {processor.py:161} INFO - Started process (PID=24774) to work on /home/airflow/.local/lib/python3.12/site-packages/airflow/example_dags/example_branch_python_dop_operator_3.py
[2025-08-19T03:34:21.219+0000] {processor.py:830} INFO - Processing file /home/airflow/.local/lib/python3.12/site-packages/airflow/example_dags/example_branch_python_dop_operator_3.py for tasks to queue
[2025-08-19T03:34:21.220+0000] {logging_mixin.py:188} INFO - [2025-08-19T03:34:21.220+0000] {dagbag.py:545} INFO - Filling up the DagBag from /home/airflow/.local/lib/python3.12/site-packages/airflow/example_dags/example_branch_python_dop_operator_3.py
[2025-08-19T03:34:21.233+0000] {processor.py:840} INFO - DAG(s) 'example_branch_dop_operator_v3' retrieved from /home/airflow/.local/lib/python3.12/site-packages/airflow/example_dags/example_branch_python_dop_operator_3.py
[2025-08-19T03:34:21.259+0000] {logging_mixin.py:188} INFO - [2025-08-19T03:34:21.259+0000] {dag.py:3096} INFO - Sync 1 DAGs
[2025-08-19T03:34:21.292+0000] {logging_mixin.py:188} INFO - [2025-08-19T03:34:21.292+0000] {dag.py:3954} INFO - Setting next_dagrun for example_branch_dop_operator_v3 to 2025-08-19 03:33:00+00:00, run_after=2025-08-19 03:34:00+00:00
[2025-08-19T03:34:21.334+0000] {processor.py:183} INFO - Processing /home/airflow/.local/lib/python3.12/site-packages/airflow/example_dags/example_branch_python_dop_operator_3.py took 0.125 seconds
[2025-08-19T03:34:51.700+0000] {processor.py:161} INFO - Started process (PID=24827) to work on /home/airflow/.local/lib/python3.12/site-packages/airflow/example_dags/example_branch_python_dop_operator_3.py
[2025-08-19T03:34:51.701+0000] {processor.py:830} INFO - Processing file /home/airflow/.local/lib/python3.12/site-packages/airflow/example_dags/example_branch_python_dop_operator_3.py for tasks to queue
[2025-08-19T03:34:51.703+0000] {logging_mixin.py:188} INFO - [2025-08-19T03:34:51.703+0000] {dagbag.py:545} INFO - Filling up the DagBag from /home/airflow/.local/lib/python3.12/site-packages/airflow/example_dags/example_branch_python_dop_operator_3.py
[2025-08-19T03:34:51.717+0000] {processor.py:840} INFO - DAG(s) 'example_branch_dop_operator_v3' retrieved from /home/airflow/.local/lib/python3.12/site-packages/airflow/example_dags/example_branch_python_dop_operator_3.py
[2025-08-19T03:34:51.740+0000] {logging_mixin.py:188} INFO - [2025-08-19T03:34:51.740+0000] {dag.py:3096} INFO - Sync 1 DAGs
[2025-08-19T03:34:51.768+0000] {logging_mixin.py:188} INFO - [2025-08-19T03:34:51.768+0000] {dag.py:3954} INFO - Setting next_dagrun for example_branch_dop_operator_v3 to 2025-08-19 03:33:00+00:00, run_after=2025-08-19 03:34:00+00:00
[2025-08-19T03:34:51.805+0000] {processor.py:183} INFO - Processing /home/airflow/.local/lib/python3.12/site-packages/airflow/example_dags/example_branch_python_dop_operator_3.py took 0.113 seconds
[2025-08-19T03:35:22.115+0000] {processor.py:161} INFO - Started process (PID=24880) to work on /home/airflow/.local/lib/python3.12/site-packages/airflow/example_dags/example_branch_python_dop_operator_3.py
[2025-08-19T03:35:22.117+0000] {processor.py:830} INFO - Processing file /home/airflow/.local/lib/python3.12/site-packages/airflow/example_dags/example_branch_python_dop_operator_3.py for tasks to queue
[2025-08-19T03:35:22.119+0000] {logging_mixin.py:188} INFO - [2025-08-19T03:35:22.118+0000] {dagbag.py:545} INFO - Filling up the DagBag from /home/airflow/.local/lib/python3.12/site-packages/airflow/example_dags/example_branch_python_dop_operator_3.py
[2025-08-19T03:35:22.134+0000] {processor.py:840} INFO - DAG(s) 'example_branch_dop_operator_v3' retrieved from /home/airflow/.local/lib/python3.12/site-packages/airflow/example_dags/example_branch_python_dop_operator_3.py
[2025-08-19T03:35:22.170+0000] {logging_mixin.py:188} INFO - [2025-08-19T03:35:22.170+0000] {dag.py:3096} INFO - Sync 1 DAGs
[2025-08-19T03:35:22.210+0000] {logging_mixin.py:188} INFO - [2025-08-19T03:35:22.210+0000] {dag.py:3954} INFO - Setting next_dagrun for example_branch_dop_operator_v3 to 2025-08-19 03:34:00+00:00, run_after=2025-08-19 03:35:00+00:00
[2025-08-19T03:35:22.248+0000] {processor.py:183} INFO - Processing /home/airflow/.local/lib/python3.12/site-packages/airflow/example_dags/example_branch_python_dop_operator_3.py took 0.143 seconds
[2025-08-19T03:35:52.546+0000] {processor.py:161} INFO - Started process (PID=24933) to work on /home/airflow/.local/lib/python3.12/site-packages/airflow/example_dags/example_branch_python_dop_operator_3.py
[2025-08-19T03:35:52.548+0000] {processor.py:830} INFO - Processing file /home/airflow/.local/lib/python3.12/site-packages/airflow/example_dags/example_branch_python_dop_operator_3.py for tasks to queue
[2025-08-19T03:35:52.549+0000] {logging_mixin.py:188} INFO - [2025-08-19T03:35:52.549+0000] {dagbag.py:545} INFO - Filling up the DagBag from /home/airflow/.local/lib/python3.12/site-packages/airflow/example_dags/example_branch_python_dop_operator_3.py
[2025-08-19T03:35:52.559+0000] {processor.py:840} INFO - DAG(s) 'example_branch_dop_operator_v3' retrieved from /home/airflow/.local/lib/python3.12/site-packages/airflow/example_dags/example_branch_python_dop_operator_3.py
[2025-08-19T03:35:52.585+0000] {logging_mixin.py:188} INFO - [2025-08-19T03:35:52.584+0000] {dag.py:3096} INFO - Sync 1 DAGs
[2025-08-19T03:35:52.612+0000] {logging_mixin.py:188} INFO - [2025-08-19T03:35:52.612+0000] {dag.py:3954} INFO - Setting next_dagrun for example_branch_dop_operator_v3 to 2025-08-19 03:34:00+00:00, run_after=2025-08-19 03:35:00+00:00
[2025-08-19T03:35:52.639+0000] {processor.py:183} INFO - Processing /home/airflow/.local/lib/python3.12/site-packages/airflow/example_dags/example_branch_python_dop_operator_3.py took 0.099 seconds
[2025-08-19T03:36:23.278+0000] {processor.py:161} INFO - Started process (PID=24986) to work on /home/airflow/.local/lib/python3.12/site-packages/airflow/example_dags/example_branch_python_dop_operator_3.py
[2025-08-19T03:36:23.280+0000] {processor.py:830} INFO - Processing file /home/airflow/.local/lib/python3.12/site-packages/airflow/example_dags/example_branch_python_dop_operator_3.py for tasks to queue
[2025-08-19T03:36:23.281+0000] {logging_mixin.py:188} INFO - [2025-08-19T03:36:23.281+0000] {dagbag.py:545} INFO - Filling up the DagBag from /home/airflow/.local/lib/python3.12/site-packages/airflow/example_dags/example_branch_python_dop_operator_3.py
[2025-08-19T03:36:23.296+0000] {processor.py:840} INFO - DAG(s) 'example_branch_dop_operator_v3' retrieved from /home/airflow/.local/lib/python3.12/site-packages/airflow/example_dags/example_branch_python_dop_operator_3.py
[2025-08-19T03:36:23.330+0000] {logging_mixin.py:188} INFO - [2025-08-19T03:36:23.329+0000] {dag.py:3096} INFO - Sync 1 DAGs
[2025-08-19T03:36:23.366+0000] {logging_mixin.py:188} INFO - [2025-08-19T03:36:23.365+0000] {dag.py:3954} INFO - Setting next_dagrun for example_branch_dop_operator_v3 to 2025-08-19 03:35:00+00:00, run_after=2025-08-19 03:36:00+00:00
[2025-08-19T03:36:23.395+0000] {processor.py:183} INFO - Processing /home/airflow/.local/lib/python3.12/site-packages/airflow/example_dags/example_branch_python_dop_operator_3.py took 0.129 seconds
[2025-08-19T03:36:54.257+0000] {processor.py:161} INFO - Started process (PID=25039) to work on /home/airflow/.local/lib/python3.12/site-packages/airflow/example_dags/example_branch_python_dop_operator_3.py
[2025-08-19T03:36:54.258+0000] {processor.py:830} INFO - Processing file /home/airflow/.local/lib/python3.12/site-packages/airflow/example_dags/example_branch_python_dop_operator_3.py for tasks to queue
[2025-08-19T03:36:54.260+0000] {logging_mixin.py:188} INFO - [2025-08-19T03:36:54.259+0000] {dagbag.py:545} INFO - Filling up the DagBag from /home/airflow/.local/lib/python3.12/site-packages/airflow/example_dags/example_branch_python_dop_operator_3.py
[2025-08-19T03:36:54.272+0000] {processor.py:840} INFO - DAG(s) 'example_branch_dop_operator_v3' retrieved from /home/airflow/.local/lib/python3.12/site-packages/airflow/example_dags/example_branch_python_dop_operator_3.py
[2025-08-19T03:36:54.297+0000] {logging_mixin.py:188} INFO - [2025-08-19T03:36:54.297+0000] {dag.py:3096} INFO - Sync 1 DAGs
[2025-08-19T03:36:54.326+0000] {logging_mixin.py:188} INFO - [2025-08-19T03:36:54.326+0000] {dag.py:3954} INFO - Setting next_dagrun for example_branch_dop_operator_v3 to 2025-08-19 03:35:00+00:00, run_after=2025-08-19 03:36:00+00:00
[2025-08-19T03:36:54.358+0000] {processor.py:183} INFO - Processing /home/airflow/.local/lib/python3.12/site-packages/airflow/example_dags/example_branch_python_dop_operator_3.py took 0.110 seconds
[2025-08-19T03:37:25.244+0000] {processor.py:161} INFO - Started process (PID=25092) to work on /home/airflow/.local/lib/python3.12/site-packages/airflow/example_dags/example_branch_python_dop_operator_3.py
[2025-08-19T03:37:25.246+0000] {processor.py:830} INFO - Processing file /home/airflow/.local/lib/python3.12/site-packages/airflow/example_dags/example_branch_python_dop_operator_3.py for tasks to queue
[2025-08-19T03:37:25.247+0000] {logging_mixin.py:188} INFO - [2025-08-19T03:37:25.246+0000] {dagbag.py:545} INFO - Filling up the DagBag from /home/airflow/.local/lib/python3.12/site-packages/airflow/example_dags/example_branch_python_dop_operator_3.py
[2025-08-19T03:37:25.255+0000] {processor.py:840} INFO - DAG(s) 'example_branch_dop_operator_v3' retrieved from /home/airflow/.local/lib/python3.12/site-packages/airflow/example_dags/example_branch_python_dop_operator_3.py
[2025-08-19T03:37:25.278+0000] {logging_mixin.py:188} INFO - [2025-08-19T03:37:25.278+0000] {dag.py:3096} INFO - Sync 1 DAGs
[2025-08-19T03:37:25.306+0000] {logging_mixin.py:188} INFO - [2025-08-19T03:37:25.306+0000] {dag.py:3954} INFO - Setting next_dagrun for example_branch_dop_operator_v3 to 2025-08-19 03:36:00+00:00, run_after=2025-08-19 03:37:00+00:00
[2025-08-19T03:37:25.333+0000] {processor.py:183} INFO - Processing /home/airflow/.local/lib/python3.12/site-packages/airflow/example_dags/example_branch_python_dop_operator_3.py took 0.094 seconds
