[2025-08-19T03:09:59.787+0000] {processor.py:161} INFO - Started process (PID=22236) to work on /home/airflow/.local/lib/python3.12/site-packages/airflow/example_dags/example_display_name.py
[2025-08-19T03:09:59.816+0000] {processor.py:830} INFO - Processing file /home/airflow/.local/lib/python3.12/site-packages/airflow/example_dags/example_display_name.py for tasks to queue
[2025-08-19T03:09:59.853+0000] {logging_mixin.py:188} INFO - [2025-08-19T03:09:59.851+0000] {dagbag.py:545} INFO - Filling up the DagBag from /home/airflow/.local/lib/python3.12/site-packages/airflow/example_dags/example_display_name.py
[2025-08-19T03:09:59.918+0000] {processor.py:840} INFO - DAG(s) 'example_display_name' retrieved from /home/airflow/.local/lib/python3.12/site-packages/airflow/example_dags/example_display_name.py
[2025-08-19T03:10:00.048+0000] {logging_mixin.py:188} INFO - [2025-08-19T03:10:00.046+0000] {dag.py:3096} INFO - Sync 1 DAGs
[2025-08-19T03:10:00.177+0000] {logging_mixin.py:188} INFO - [2025-08-19T03:10:00.173+0000] {dag.py:3954} INFO - Setting next_dagrun for example_display_name to None, run_after=None
[2025-08-19T03:10:00.339+0000] {processor.py:183} INFO - Processing /home/airflow/.local/lib/python3.12/site-packages/airflow/example_dags/example_display_name.py took 0.592 seconds
[2025-08-19T03:10:30.918+0000] {processor.py:161} INFO - Started process (PID=22289) to work on /home/airflow/.local/lib/python3.12/site-packages/airflow/example_dags/example_display_name.py
[2025-08-19T03:10:30.919+0000] {processor.py:830} INFO - Processing file /home/airflow/.local/lib/python3.12/site-packages/airflow/example_dags/example_display_name.py for tasks to queue
[2025-08-19T03:10:30.920+0000] {logging_mixin.py:188} INFO - [2025-08-19T03:10:30.920+0000] {dagbag.py:545} INFO - Filling up the DagBag from /home/airflow/.local/lib/python3.12/site-packages/airflow/example_dags/example_display_name.py
[2025-08-19T03:10:30.927+0000] {processor.py:840} INFO - DAG(s) 'example_display_name' retrieved from /home/airflow/.local/lib/python3.12/site-packages/airflow/example_dags/example_display_name.py
[2025-08-19T03:10:30.957+0000] {logging_mixin.py:188} INFO - [2025-08-19T03:10:30.957+0000] {dag.py:3096} INFO - Sync 1 DAGs
[2025-08-19T03:10:30.970+0000] {logging_mixin.py:188} INFO - [2025-08-19T03:10:30.970+0000] {dag.py:3954} INFO - Setting next_dagrun for example_display_name to None, run_after=None
[2025-08-19T03:10:30.995+0000] {processor.py:183} INFO - Processing /home/airflow/.local/lib/python3.12/site-packages/airflow/example_dags/example_display_name.py took 0.084 seconds
[2025-08-19T03:11:01.601+0000] {processor.py:161} INFO - Started process (PID=22342) to work on /home/airflow/.local/lib/python3.12/site-packages/airflow/example_dags/example_display_name.py
[2025-08-19T03:11:01.604+0000] {processor.py:830} INFO - Processing file /home/airflow/.local/lib/python3.12/site-packages/airflow/example_dags/example_display_name.py for tasks to queue
[2025-08-19T03:11:01.606+0000] {logging_mixin.py:188} INFO - [2025-08-19T03:11:01.605+0000] {dagbag.py:545} INFO - Filling up the DagBag from /home/airflow/.local/lib/python3.12/site-packages/airflow/example_dags/example_display_name.py
[2025-08-19T03:11:01.615+0000] {processor.py:840} INFO - DAG(s) 'example_display_name' retrieved from /home/airflow/.local/lib/python3.12/site-packages/airflow/example_dags/example_display_name.py
[2025-08-19T03:11:01.644+0000] {logging_mixin.py:188} INFO - [2025-08-19T03:11:01.643+0000] {dag.py:3096} INFO - Sync 1 DAGs
[2025-08-19T03:11:01.662+0000] {logging_mixin.py:188} INFO - [2025-08-19T03:11:01.661+0000] {dag.py:3954} INFO - Setting next_dagrun for example_display_name to None, run_after=None
[2025-08-19T03:11:01.691+0000] {processor.py:183} INFO - Processing /home/airflow/.local/lib/python3.12/site-packages/airflow/example_dags/example_display_name.py took 0.100 seconds
[2025-08-19T03:11:32.166+0000] {processor.py:161} INFO - Started process (PID=22395) to work on /home/airflow/.local/lib/python3.12/site-packages/airflow/example_dags/example_display_name.py
[2025-08-19T03:11:32.168+0000] {processor.py:830} INFO - Processing file /home/airflow/.local/lib/python3.12/site-packages/airflow/example_dags/example_display_name.py for tasks to queue
[2025-08-19T03:11:32.170+0000] {logging_mixin.py:188} INFO - [2025-08-19T03:11:32.169+0000] {dagbag.py:545} INFO - Filling up the DagBag from /home/airflow/.local/lib/python3.12/site-packages/airflow/example_dags/example_display_name.py
[2025-08-19T03:11:32.178+0000] {processor.py:840} INFO - DAG(s) 'example_display_name' retrieved from /home/airflow/.local/lib/python3.12/site-packages/airflow/example_dags/example_display_name.py
[2025-08-19T03:11:32.202+0000] {logging_mixin.py:188} INFO - [2025-08-19T03:11:32.201+0000] {dag.py:3096} INFO - Sync 1 DAGs
[2025-08-19T03:11:32.215+0000] {logging_mixin.py:188} INFO - [2025-08-19T03:11:32.215+0000] {dag.py:3954} INFO - Setting next_dagrun for example_display_name to None, run_after=None
[2025-08-19T03:11:32.239+0000] {processor.py:183} INFO - Processing /home/airflow/.local/lib/python3.12/site-packages/airflow/example_dags/example_display_name.py took 0.083 seconds
[2025-08-19T03:12:02.592+0000] {processor.py:161} INFO - Started process (PID=22448) to work on /home/airflow/.local/lib/python3.12/site-packages/airflow/example_dags/example_display_name.py
[2025-08-19T03:12:02.594+0000] {processor.py:830} INFO - Processing file /home/airflow/.local/lib/python3.12/site-packages/airflow/example_dags/example_display_name.py for tasks to queue
[2025-08-19T03:12:02.595+0000] {logging_mixin.py:188} INFO - [2025-08-19T03:12:02.595+0000] {dagbag.py:545} INFO - Filling up the DagBag from /home/airflow/.local/lib/python3.12/site-packages/airflow/example_dags/example_display_name.py
[2025-08-19T03:12:02.602+0000] {processor.py:840} INFO - DAG(s) 'example_display_name' retrieved from /home/airflow/.local/lib/python3.12/site-packages/airflow/example_dags/example_display_name.py
[2025-08-19T03:12:02.626+0000] {logging_mixin.py:188} INFO - [2025-08-19T03:12:02.626+0000] {dag.py:3096} INFO - Sync 1 DAGs
[2025-08-19T03:12:02.640+0000] {logging_mixin.py:188} INFO - [2025-08-19T03:12:02.640+0000] {dag.py:3954} INFO - Setting next_dagrun for example_display_name to None, run_after=None
[2025-08-19T03:12:02.665+0000] {processor.py:183} INFO - Processing /home/airflow/.local/lib/python3.12/site-packages/airflow/example_dags/example_display_name.py took 0.078 seconds
[2025-08-19T03:12:33.150+0000] {processor.py:161} INFO - Started process (PID=22501) to work on /home/airflow/.local/lib/python3.12/site-packages/airflow/example_dags/example_display_name.py
[2025-08-19T03:12:33.151+0000] {processor.py:830} INFO - Processing file /home/airflow/.local/lib/python3.12/site-packages/airflow/example_dags/example_display_name.py for tasks to queue
[2025-08-19T03:12:33.153+0000] {logging_mixin.py:188} INFO - [2025-08-19T03:12:33.152+0000] {dagbag.py:545} INFO - Filling up the DagBag from /home/airflow/.local/lib/python3.12/site-packages/airflow/example_dags/example_display_name.py
[2025-08-19T03:12:33.160+0000] {processor.py:840} INFO - DAG(s) 'example_display_name' retrieved from /home/airflow/.local/lib/python3.12/site-packages/airflow/example_dags/example_display_name.py
[2025-08-19T03:12:33.184+0000] {logging_mixin.py:188} INFO - [2025-08-19T03:12:33.184+0000] {dag.py:3096} INFO - Sync 1 DAGs
[2025-08-19T03:12:33.199+0000] {logging_mixin.py:188} INFO - [2025-08-19T03:12:33.199+0000] {dag.py:3954} INFO - Setting next_dagrun for example_display_name to None, run_after=None
[2025-08-19T03:12:33.232+0000] {processor.py:183} INFO - Processing /home/airflow/.local/lib/python3.12/site-packages/airflow/example_dags/example_display_name.py took 0.091 seconds
[2025-08-19T03:13:03.825+0000] {processor.py:161} INFO - Started process (PID=22554) to work on /home/airflow/.local/lib/python3.12/site-packages/airflow/example_dags/example_display_name.py
[2025-08-19T03:13:03.827+0000] {processor.py:830} INFO - Processing file /home/airflow/.local/lib/python3.12/site-packages/airflow/example_dags/example_display_name.py for tasks to queue
[2025-08-19T03:13:03.833+0000] {logging_mixin.py:188} INFO - [2025-08-19T03:13:03.831+0000] {dagbag.py:545} INFO - Filling up the DagBag from /home/airflow/.local/lib/python3.12/site-packages/airflow/example_dags/example_display_name.py
[2025-08-19T03:13:03.846+0000] {processor.py:840} INFO - DAG(s) 'example_display_name' retrieved from /home/airflow/.local/lib/python3.12/site-packages/airflow/example_dags/example_display_name.py
[2025-08-19T03:13:03.871+0000] {logging_mixin.py:188} INFO - [2025-08-19T03:13:03.870+0000] {dag.py:3096} INFO - Sync 1 DAGs
[2025-08-19T03:13:03.883+0000] {logging_mixin.py:188} INFO - [2025-08-19T03:13:03.883+0000] {dag.py:3954} INFO - Setting next_dagrun for example_display_name to None, run_after=None
[2025-08-19T03:13:03.907+0000] {processor.py:183} INFO - Processing /home/airflow/.local/lib/python3.12/site-packages/airflow/example_dags/example_display_name.py took 0.099 seconds
[2025-08-19T03:13:34.644+0000] {processor.py:161} INFO - Started process (PID=22607) to work on /home/airflow/.local/lib/python3.12/site-packages/airflow/example_dags/example_display_name.py
[2025-08-19T03:13:34.652+0000] {processor.py:830} INFO - Processing file /home/airflow/.local/lib/python3.12/site-packages/airflow/example_dags/example_display_name.py for tasks to queue
[2025-08-19T03:13:34.654+0000] {logging_mixin.py:188} INFO - [2025-08-19T03:13:34.654+0000] {dagbag.py:545} INFO - Filling up the DagBag from /home/airflow/.local/lib/python3.12/site-packages/airflow/example_dags/example_display_name.py
[2025-08-19T03:13:34.661+0000] {processor.py:840} INFO - DAG(s) 'example_display_name' retrieved from /home/airflow/.local/lib/python3.12/site-packages/airflow/example_dags/example_display_name.py
[2025-08-19T03:13:34.693+0000] {logging_mixin.py:188} INFO - [2025-08-19T03:13:34.693+0000] {dag.py:3096} INFO - Sync 1 DAGs
[2025-08-19T03:13:34.709+0000] {logging_mixin.py:188} INFO - [2025-08-19T03:13:34.709+0000] {dag.py:3954} INFO - Setting next_dagrun for example_display_name to None, run_after=None
[2025-08-19T03:13:34.738+0000] {processor.py:183} INFO - Processing /home/airflow/.local/lib/python3.12/site-packages/airflow/example_dags/example_display_name.py took 0.103 seconds
[2025-08-19T03:14:05.482+0000] {processor.py:161} INFO - Started process (PID=22660) to work on /home/airflow/.local/lib/python3.12/site-packages/airflow/example_dags/example_display_name.py
[2025-08-19T03:14:05.484+0000] {processor.py:830} INFO - Processing file /home/airflow/.local/lib/python3.12/site-packages/airflow/example_dags/example_display_name.py for tasks to queue
[2025-08-19T03:14:05.487+0000] {logging_mixin.py:188} INFO - [2025-08-19T03:14:05.486+0000] {dagbag.py:545} INFO - Filling up the DagBag from /home/airflow/.local/lib/python3.12/site-packages/airflow/example_dags/example_display_name.py
[2025-08-19T03:14:05.496+0000] {processor.py:840} INFO - DAG(s) 'example_display_name' retrieved from /home/airflow/.local/lib/python3.12/site-packages/airflow/example_dags/example_display_name.py
[2025-08-19T03:14:05.522+0000] {logging_mixin.py:188} INFO - [2025-08-19T03:14:05.522+0000] {dag.py:3096} INFO - Sync 1 DAGs
[2025-08-19T03:14:05.535+0000] {logging_mixin.py:188} INFO - [2025-08-19T03:14:05.535+0000] {dag.py:3954} INFO - Setting next_dagrun for example_display_name to None, run_after=None
[2025-08-19T03:14:05.563+0000] {processor.py:183} INFO - Processing /home/airflow/.local/lib/python3.12/site-packages/airflow/example_dags/example_display_name.py took 0.091 seconds
[2025-08-19T03:14:36.275+0000] {processor.py:161} INFO - Started process (PID=22713) to work on /home/airflow/.local/lib/python3.12/site-packages/airflow/example_dags/example_display_name.py
[2025-08-19T03:14:36.277+0000] {processor.py:830} INFO - Processing file /home/airflow/.local/lib/python3.12/site-packages/airflow/example_dags/example_display_name.py for tasks to queue
[2025-08-19T03:14:36.279+0000] {logging_mixin.py:188} INFO - [2025-08-19T03:14:36.279+0000] {dagbag.py:545} INFO - Filling up the DagBag from /home/airflow/.local/lib/python3.12/site-packages/airflow/example_dags/example_display_name.py
[2025-08-19T03:14:36.289+0000] {processor.py:840} INFO - DAG(s) 'example_display_name' retrieved from /home/airflow/.local/lib/python3.12/site-packages/airflow/example_dags/example_display_name.py
[2025-08-19T03:14:36.327+0000] {logging_mixin.py:188} INFO - [2025-08-19T03:14:36.326+0000] {dag.py:3096} INFO - Sync 1 DAGs
[2025-08-19T03:14:36.339+0000] {logging_mixin.py:188} INFO - [2025-08-19T03:14:36.339+0000] {dag.py:3954} INFO - Setting next_dagrun for example_display_name to None, run_after=None
[2025-08-19T03:14:36.364+0000] {processor.py:183} INFO - Processing /home/airflow/.local/lib/python3.12/site-packages/airflow/example_dags/example_display_name.py took 0.097 seconds
[2025-08-19T03:15:07.077+0000] {processor.py:161} INFO - Started process (PID=22766) to work on /home/airflow/.local/lib/python3.12/site-packages/airflow/example_dags/example_display_name.py
[2025-08-19T03:15:07.079+0000] {processor.py:830} INFO - Processing file /home/airflow/.local/lib/python3.12/site-packages/airflow/example_dags/example_display_name.py for tasks to queue
[2025-08-19T03:15:07.081+0000] {logging_mixin.py:188} INFO - [2025-08-19T03:15:07.080+0000] {dagbag.py:545} INFO - Filling up the DagBag from /home/airflow/.local/lib/python3.12/site-packages/airflow/example_dags/example_display_name.py
[2025-08-19T03:15:07.089+0000] {processor.py:840} INFO - DAG(s) 'example_display_name' retrieved from /home/airflow/.local/lib/python3.12/site-packages/airflow/example_dags/example_display_name.py
[2025-08-19T03:15:07.111+0000] {logging_mixin.py:188} INFO - [2025-08-19T03:15:07.111+0000] {dag.py:3096} INFO - Sync 1 DAGs
[2025-08-19T03:15:07.124+0000] {logging_mixin.py:188} INFO - [2025-08-19T03:15:07.124+0000] {dag.py:3954} INFO - Setting next_dagrun for example_display_name to None, run_after=None
[2025-08-19T03:15:07.157+0000] {processor.py:183} INFO - Processing /home/airflow/.local/lib/python3.12/site-packages/airflow/example_dags/example_display_name.py took 0.091 seconds
[2025-08-19T03:15:37.900+0000] {processor.py:161} INFO - Started process (PID=22819) to work on /home/airflow/.local/lib/python3.12/site-packages/airflow/example_dags/example_display_name.py
[2025-08-19T03:15:37.901+0000] {processor.py:830} INFO - Processing file /home/airflow/.local/lib/python3.12/site-packages/airflow/example_dags/example_display_name.py for tasks to queue
[2025-08-19T03:15:37.903+0000] {logging_mixin.py:188} INFO - [2025-08-19T03:15:37.902+0000] {dagbag.py:545} INFO - Filling up the DagBag from /home/airflow/.local/lib/python3.12/site-packages/airflow/example_dags/example_display_name.py
[2025-08-19T03:15:37.910+0000] {processor.py:840} INFO - DAG(s) 'example_display_name' retrieved from /home/airflow/.local/lib/python3.12/site-packages/airflow/example_dags/example_display_name.py
[2025-08-19T03:15:37.931+0000] {logging_mixin.py:188} INFO - [2025-08-19T03:15:37.931+0000] {dag.py:3096} INFO - Sync 1 DAGs
[2025-08-19T03:15:37.944+0000] {logging_mixin.py:188} INFO - [2025-08-19T03:15:37.944+0000] {dag.py:3954} INFO - Setting next_dagrun for example_display_name to None, run_after=None
[2025-08-19T03:15:37.969+0000] {processor.py:183} INFO - Processing /home/airflow/.local/lib/python3.12/site-packages/airflow/example_dags/example_display_name.py took 0.078 seconds
[2025-08-19T03:16:08.632+0000] {processor.py:161} INFO - Started process (PID=22872) to work on /home/airflow/.local/lib/python3.12/site-packages/airflow/example_dags/example_display_name.py
[2025-08-19T03:16:08.633+0000] {processor.py:830} INFO - Processing file /home/airflow/.local/lib/python3.12/site-packages/airflow/example_dags/example_display_name.py for tasks to queue
[2025-08-19T03:16:08.635+0000] {logging_mixin.py:188} INFO - [2025-08-19T03:16:08.634+0000] {dagbag.py:545} INFO - Filling up the DagBag from /home/airflow/.local/lib/python3.12/site-packages/airflow/example_dags/example_display_name.py
[2025-08-19T03:16:08.642+0000] {processor.py:840} INFO - DAG(s) 'example_display_name' retrieved from /home/airflow/.local/lib/python3.12/site-packages/airflow/example_dags/example_display_name.py
[2025-08-19T03:16:08.664+0000] {logging_mixin.py:188} INFO - [2025-08-19T03:16:08.663+0000] {dag.py:3096} INFO - Sync 1 DAGs
[2025-08-19T03:16:08.678+0000] {logging_mixin.py:188} INFO - [2025-08-19T03:16:08.677+0000] {dag.py:3954} INFO - Setting next_dagrun for example_display_name to None, run_after=None
[2025-08-19T03:16:08.704+0000] {processor.py:183} INFO - Processing /home/airflow/.local/lib/python3.12/site-packages/airflow/example_dags/example_display_name.py took 0.079 seconds
[2025-08-19T03:16:39.135+0000] {processor.py:161} INFO - Started process (PID=22925) to work on /home/airflow/.local/lib/python3.12/site-packages/airflow/example_dags/example_display_name.py
[2025-08-19T03:16:39.136+0000] {processor.py:830} INFO - Processing file /home/airflow/.local/lib/python3.12/site-packages/airflow/example_dags/example_display_name.py for tasks to queue
[2025-08-19T03:16:39.138+0000] {logging_mixin.py:188} INFO - [2025-08-19T03:16:39.137+0000] {dagbag.py:545} INFO - Filling up the DagBag from /home/airflow/.local/lib/python3.12/site-packages/airflow/example_dags/example_display_name.py
[2025-08-19T03:16:39.146+0000] {processor.py:840} INFO - DAG(s) 'example_display_name' retrieved from /home/airflow/.local/lib/python3.12/site-packages/airflow/example_dags/example_display_name.py
[2025-08-19T03:16:39.172+0000] {logging_mixin.py:188} INFO - [2025-08-19T03:16:39.171+0000] {dag.py:3096} INFO - Sync 1 DAGs
[2025-08-19T03:16:39.184+0000] {logging_mixin.py:188} INFO - [2025-08-19T03:16:39.184+0000] {dag.py:3954} INFO - Setting next_dagrun for example_display_name to None, run_after=None
[2025-08-19T03:16:39.214+0000] {processor.py:183} INFO - Processing /home/airflow/.local/lib/python3.12/site-packages/airflow/example_dags/example_display_name.py took 0.087 seconds
[2025-08-19T03:17:09.386+0000] {processor.py:161} INFO - Started process (PID=22978) to work on /home/airflow/.local/lib/python3.12/site-packages/airflow/example_dags/example_display_name.py
[2025-08-19T03:17:09.388+0000] {processor.py:830} INFO - Processing file /home/airflow/.local/lib/python3.12/site-packages/airflow/example_dags/example_display_name.py for tasks to queue
[2025-08-19T03:17:09.391+0000] {logging_mixin.py:188} INFO - [2025-08-19T03:17:09.390+0000] {dagbag.py:545} INFO - Filling up the DagBag from /home/airflow/.local/lib/python3.12/site-packages/airflow/example_dags/example_display_name.py
[2025-08-19T03:17:09.400+0000] {processor.py:840} INFO - DAG(s) 'example_display_name' retrieved from /home/airflow/.local/lib/python3.12/site-packages/airflow/example_dags/example_display_name.py
[2025-08-19T03:17:09.421+0000] {logging_mixin.py:188} INFO - [2025-08-19T03:17:09.421+0000] {dag.py:3096} INFO - Sync 1 DAGs
[2025-08-19T03:17:09.436+0000] {logging_mixin.py:188} INFO - [2025-08-19T03:17:09.436+0000] {dag.py:3954} INFO - Setting next_dagrun for example_display_name to None, run_after=None
[2025-08-19T03:17:09.459+0000] {processor.py:183} INFO - Processing /home/airflow/.local/lib/python3.12/site-packages/airflow/example_dags/example_display_name.py took 0.083 seconds
[2025-08-19T03:17:40.113+0000] {processor.py:161} INFO - Started process (PID=23031) to work on /home/airflow/.local/lib/python3.12/site-packages/airflow/example_dags/example_display_name.py
[2025-08-19T03:17:40.116+0000] {processor.py:830} INFO - Processing file /home/airflow/.local/lib/python3.12/site-packages/airflow/example_dags/example_display_name.py for tasks to queue
[2025-08-19T03:17:40.118+0000] {logging_mixin.py:188} INFO - [2025-08-19T03:17:40.117+0000] {dagbag.py:545} INFO - Filling up the DagBag from /home/airflow/.local/lib/python3.12/site-packages/airflow/example_dags/example_display_name.py
[2025-08-19T03:17:40.128+0000] {processor.py:840} INFO - DAG(s) 'example_display_name' retrieved from /home/airflow/.local/lib/python3.12/site-packages/airflow/example_dags/example_display_name.py
[2025-08-19T03:17:40.151+0000] {logging_mixin.py:188} INFO - [2025-08-19T03:17:40.150+0000] {dag.py:3096} INFO - Sync 1 DAGs
[2025-08-19T03:17:40.163+0000] {logging_mixin.py:188} INFO - [2025-08-19T03:17:40.163+0000] {dag.py:3954} INFO - Setting next_dagrun for example_display_name to None, run_after=None
[2025-08-19T03:17:40.185+0000] {processor.py:183} INFO - Processing /home/airflow/.local/lib/python3.12/site-packages/airflow/example_dags/example_display_name.py took 0.079 seconds
[2025-08-19T03:18:10.353+0000] {processor.py:161} INFO - Started process (PID=23084) to work on /home/airflow/.local/lib/python3.12/site-packages/airflow/example_dags/example_display_name.py
[2025-08-19T03:18:10.355+0000] {processor.py:830} INFO - Processing file /home/airflow/.local/lib/python3.12/site-packages/airflow/example_dags/example_display_name.py for tasks to queue
[2025-08-19T03:18:10.357+0000] {logging_mixin.py:188} INFO - [2025-08-19T03:18:10.356+0000] {dagbag.py:545} INFO - Filling up the DagBag from /home/airflow/.local/lib/python3.12/site-packages/airflow/example_dags/example_display_name.py
[2025-08-19T03:18:10.366+0000] {processor.py:840} INFO - DAG(s) 'example_display_name' retrieved from /home/airflow/.local/lib/python3.12/site-packages/airflow/example_dags/example_display_name.py
[2025-08-19T03:18:10.387+0000] {logging_mixin.py:188} INFO - [2025-08-19T03:18:10.387+0000] {dag.py:3096} INFO - Sync 1 DAGs
[2025-08-19T03:18:10.401+0000] {logging_mixin.py:188} INFO - [2025-08-19T03:18:10.400+0000] {dag.py:3954} INFO - Setting next_dagrun for example_display_name to None, run_after=None
[2025-08-19T03:18:10.435+0000] {processor.py:183} INFO - Processing /home/airflow/.local/lib/python3.12/site-packages/airflow/example_dags/example_display_name.py took 0.089 seconds
[2025-08-19T03:18:40.620+0000] {processor.py:161} INFO - Started process (PID=23137) to work on /home/airflow/.local/lib/python3.12/site-packages/airflow/example_dags/example_display_name.py
[2025-08-19T03:18:40.622+0000] {processor.py:830} INFO - Processing file /home/airflow/.local/lib/python3.12/site-packages/airflow/example_dags/example_display_name.py for tasks to queue
[2025-08-19T03:18:40.623+0000] {logging_mixin.py:188} INFO - [2025-08-19T03:18:40.623+0000] {dagbag.py:545} INFO - Filling up the DagBag from /home/airflow/.local/lib/python3.12/site-packages/airflow/example_dags/example_display_name.py
[2025-08-19T03:18:40.634+0000] {processor.py:840} INFO - DAG(s) 'example_display_name' retrieved from /home/airflow/.local/lib/python3.12/site-packages/airflow/example_dags/example_display_name.py
[2025-08-19T03:18:40.668+0000] {logging_mixin.py:188} INFO - [2025-08-19T03:18:40.668+0000] {dag.py:3096} INFO - Sync 1 DAGs
[2025-08-19T03:18:40.685+0000] {logging_mixin.py:188} INFO - [2025-08-19T03:18:40.684+0000] {dag.py:3954} INFO - Setting next_dagrun for example_display_name to None, run_after=None
[2025-08-19T03:18:40.715+0000] {processor.py:183} INFO - Processing /home/airflow/.local/lib/python3.12/site-packages/airflow/example_dags/example_display_name.py took 0.103 seconds
[2025-08-19T03:19:10.879+0000] {processor.py:161} INFO - Started process (PID=23190) to work on /home/airflow/.local/lib/python3.12/site-packages/airflow/example_dags/example_display_name.py
[2025-08-19T03:19:10.882+0000] {processor.py:830} INFO - Processing file /home/airflow/.local/lib/python3.12/site-packages/airflow/example_dags/example_display_name.py for tasks to queue
[2025-08-19T03:19:10.883+0000] {logging_mixin.py:188} INFO - [2025-08-19T03:19:10.883+0000] {dagbag.py:545} INFO - Filling up the DagBag from /home/airflow/.local/lib/python3.12/site-packages/airflow/example_dags/example_display_name.py
[2025-08-19T03:19:10.892+0000] {processor.py:840} INFO - DAG(s) 'example_display_name' retrieved from /home/airflow/.local/lib/python3.12/site-packages/airflow/example_dags/example_display_name.py
[2025-08-19T03:19:10.914+0000] {logging_mixin.py:188} INFO - [2025-08-19T03:19:10.914+0000] {dag.py:3096} INFO - Sync 1 DAGs
[2025-08-19T03:19:10.927+0000] {logging_mixin.py:188} INFO - [2025-08-19T03:19:10.927+0000] {dag.py:3954} INFO - Setting next_dagrun for example_display_name to None, run_after=None
[2025-08-19T03:19:10.949+0000] {processor.py:183} INFO - Processing /home/airflow/.local/lib/python3.12/site-packages/airflow/example_dags/example_display_name.py took 0.079 seconds
[2025-08-19T03:19:41.656+0000] {processor.py:161} INFO - Started process (PID=23243) to work on /home/airflow/.local/lib/python3.12/site-packages/airflow/example_dags/example_display_name.py
[2025-08-19T03:19:41.658+0000] {processor.py:830} INFO - Processing file /home/airflow/.local/lib/python3.12/site-packages/airflow/example_dags/example_display_name.py for tasks to queue
[2025-08-19T03:19:41.660+0000] {logging_mixin.py:188} INFO - [2025-08-19T03:19:41.659+0000] {dagbag.py:545} INFO - Filling up the DagBag from /home/airflow/.local/lib/python3.12/site-packages/airflow/example_dags/example_display_name.py
[2025-08-19T03:19:41.670+0000] {processor.py:840} INFO - DAG(s) 'example_display_name' retrieved from /home/airflow/.local/lib/python3.12/site-packages/airflow/example_dags/example_display_name.py
[2025-08-19T03:19:41.701+0000] {logging_mixin.py:188} INFO - [2025-08-19T03:19:41.700+0000] {dag.py:3096} INFO - Sync 1 DAGs
[2025-08-19T03:19:41.716+0000] {logging_mixin.py:188} INFO - [2025-08-19T03:19:41.716+0000] {dag.py:3954} INFO - Setting next_dagrun for example_display_name to None, run_after=None
[2025-08-19T03:19:41.759+0000] {processor.py:183} INFO - Processing /home/airflow/.local/lib/python3.12/site-packages/airflow/example_dags/example_display_name.py took 0.111 seconds
[2025-08-19T03:20:12.023+0000] {processor.py:161} INFO - Started process (PID=23296) to work on /home/airflow/.local/lib/python3.12/site-packages/airflow/example_dags/example_display_name.py
[2025-08-19T03:20:12.025+0000] {processor.py:830} INFO - Processing file /home/airflow/.local/lib/python3.12/site-packages/airflow/example_dags/example_display_name.py for tasks to queue
[2025-08-19T03:20:12.026+0000] {logging_mixin.py:188} INFO - [2025-08-19T03:20:12.026+0000] {dagbag.py:545} INFO - Filling up the DagBag from /home/airflow/.local/lib/python3.12/site-packages/airflow/example_dags/example_display_name.py
[2025-08-19T03:20:12.034+0000] {processor.py:840} INFO - DAG(s) 'example_display_name' retrieved from /home/airflow/.local/lib/python3.12/site-packages/airflow/example_dags/example_display_name.py
[2025-08-19T03:20:12.066+0000] {logging_mixin.py:188} INFO - [2025-08-19T03:20:12.066+0000] {dag.py:3096} INFO - Sync 1 DAGs
[2025-08-19T03:20:12.081+0000] {logging_mixin.py:188} INFO - [2025-08-19T03:20:12.081+0000] {dag.py:3954} INFO - Setting next_dagrun for example_display_name to None, run_after=None
[2025-08-19T03:20:12.107+0000] {processor.py:183} INFO - Processing /home/airflow/.local/lib/python3.12/site-packages/airflow/example_dags/example_display_name.py took 0.092 seconds
[2025-08-19T03:20:42.218+0000] {processor.py:161} INFO - Started process (PID=23349) to work on /home/airflow/.local/lib/python3.12/site-packages/airflow/example_dags/example_display_name.py
[2025-08-19T03:20:42.220+0000] {processor.py:830} INFO - Processing file /home/airflow/.local/lib/python3.12/site-packages/airflow/example_dags/example_display_name.py for tasks to queue
[2025-08-19T03:20:42.221+0000] {logging_mixin.py:188} INFO - [2025-08-19T03:20:42.220+0000] {dagbag.py:545} INFO - Filling up the DagBag from /home/airflow/.local/lib/python3.12/site-packages/airflow/example_dags/example_display_name.py
[2025-08-19T03:20:42.228+0000] {processor.py:840} INFO - DAG(s) 'example_display_name' retrieved from /home/airflow/.local/lib/python3.12/site-packages/airflow/example_dags/example_display_name.py
[2025-08-19T03:20:42.251+0000] {logging_mixin.py:188} INFO - [2025-08-19T03:20:42.251+0000] {dag.py:3096} INFO - Sync 1 DAGs
[2025-08-19T03:20:42.264+0000] {logging_mixin.py:188} INFO - [2025-08-19T03:20:42.264+0000] {dag.py:3954} INFO - Setting next_dagrun for example_display_name to None, run_after=None
[2025-08-19T03:20:42.297+0000] {processor.py:183} INFO - Processing /home/airflow/.local/lib/python3.12/site-packages/airflow/example_dags/example_display_name.py took 0.090 seconds
[2025-08-19T03:21:12.562+0000] {processor.py:161} INFO - Started process (PID=23402) to work on /home/airflow/.local/lib/python3.12/site-packages/airflow/example_dags/example_display_name.py
[2025-08-19T03:21:12.564+0000] {processor.py:830} INFO - Processing file /home/airflow/.local/lib/python3.12/site-packages/airflow/example_dags/example_display_name.py for tasks to queue
[2025-08-19T03:21:12.565+0000] {logging_mixin.py:188} INFO - [2025-08-19T03:21:12.565+0000] {dagbag.py:545} INFO - Filling up the DagBag from /home/airflow/.local/lib/python3.12/site-packages/airflow/example_dags/example_display_name.py
[2025-08-19T03:21:12.573+0000] {processor.py:840} INFO - DAG(s) 'example_display_name' retrieved from /home/airflow/.local/lib/python3.12/site-packages/airflow/example_dags/example_display_name.py
[2025-08-19T03:21:12.598+0000] {logging_mixin.py:188} INFO - [2025-08-19T03:21:12.598+0000] {dag.py:3096} INFO - Sync 1 DAGs
[2025-08-19T03:21:12.612+0000] {logging_mixin.py:188} INFO - [2025-08-19T03:21:12.611+0000] {dag.py:3954} INFO - Setting next_dagrun for example_display_name to None, run_after=None
[2025-08-19T03:21:12.635+0000] {processor.py:183} INFO - Processing /home/airflow/.local/lib/python3.12/site-packages/airflow/example_dags/example_display_name.py took 0.079 seconds
[2025-08-19T03:21:43.171+0000] {processor.py:161} INFO - Started process (PID=23455) to work on /home/airflow/.local/lib/python3.12/site-packages/airflow/example_dags/example_display_name.py
[2025-08-19T03:21:43.173+0000] {processor.py:830} INFO - Processing file /home/airflow/.local/lib/python3.12/site-packages/airflow/example_dags/example_display_name.py for tasks to queue
[2025-08-19T03:21:43.175+0000] {logging_mixin.py:188} INFO - [2025-08-19T03:21:43.175+0000] {dagbag.py:545} INFO - Filling up the DagBag from /home/airflow/.local/lib/python3.12/site-packages/airflow/example_dags/example_display_name.py
[2025-08-19T03:21:43.183+0000] {processor.py:840} INFO - DAG(s) 'example_display_name' retrieved from /home/airflow/.local/lib/python3.12/site-packages/airflow/example_dags/example_display_name.py
[2025-08-19T03:21:43.205+0000] {logging_mixin.py:188} INFO - [2025-08-19T03:21:43.205+0000] {dag.py:3096} INFO - Sync 1 DAGs
[2025-08-19T03:21:43.219+0000] {logging_mixin.py:188} INFO - [2025-08-19T03:21:43.219+0000] {dag.py:3954} INFO - Setting next_dagrun for example_display_name to None, run_after=None
[2025-08-19T03:21:43.256+0000] {processor.py:183} INFO - Processing /home/airflow/.local/lib/python3.12/site-packages/airflow/example_dags/example_display_name.py took 0.094 seconds
[2025-08-19T03:22:13.783+0000] {processor.py:161} INFO - Started process (PID=23508) to work on /home/airflow/.local/lib/python3.12/site-packages/airflow/example_dags/example_display_name.py
[2025-08-19T03:22:13.785+0000] {processor.py:830} INFO - Processing file /home/airflow/.local/lib/python3.12/site-packages/airflow/example_dags/example_display_name.py for tasks to queue
[2025-08-19T03:22:13.787+0000] {logging_mixin.py:188} INFO - [2025-08-19T03:22:13.787+0000] {dagbag.py:545} INFO - Filling up the DagBag from /home/airflow/.local/lib/python3.12/site-packages/airflow/example_dags/example_display_name.py
[2025-08-19T03:22:13.796+0000] {processor.py:840} INFO - DAG(s) 'example_display_name' retrieved from /home/airflow/.local/lib/python3.12/site-packages/airflow/example_dags/example_display_name.py
[2025-08-19T03:22:13.822+0000] {logging_mixin.py:188} INFO - [2025-08-19T03:22:13.822+0000] {dag.py:3096} INFO - Sync 1 DAGs
[2025-08-19T03:22:13.836+0000] {logging_mixin.py:188} INFO - [2025-08-19T03:22:13.835+0000] {dag.py:3954} INFO - Setting next_dagrun for example_display_name to None, run_after=None
[2025-08-19T03:22:13.860+0000] {processor.py:183} INFO - Processing /home/airflow/.local/lib/python3.12/site-packages/airflow/example_dags/example_display_name.py took 0.086 seconds
[2025-08-19T03:22:44.294+0000] {processor.py:161} INFO - Started process (PID=23561) to work on /home/airflow/.local/lib/python3.12/site-packages/airflow/example_dags/example_display_name.py
[2025-08-19T03:22:44.295+0000] {processor.py:830} INFO - Processing file /home/airflow/.local/lib/python3.12/site-packages/airflow/example_dags/example_display_name.py for tasks to queue
[2025-08-19T03:22:44.297+0000] {logging_mixin.py:188} INFO - [2025-08-19T03:22:44.296+0000] {dagbag.py:545} INFO - Filling up the DagBag from /home/airflow/.local/lib/python3.12/site-packages/airflow/example_dags/example_display_name.py
[2025-08-19T03:22:44.304+0000] {processor.py:840} INFO - DAG(s) 'example_display_name' retrieved from /home/airflow/.local/lib/python3.12/site-packages/airflow/example_dags/example_display_name.py
[2025-08-19T03:22:44.329+0000] {logging_mixin.py:188} INFO - [2025-08-19T03:22:44.328+0000] {dag.py:3096} INFO - Sync 1 DAGs
[2025-08-19T03:22:44.342+0000] {logging_mixin.py:188} INFO - [2025-08-19T03:22:44.342+0000] {dag.py:3954} INFO - Setting next_dagrun for example_display_name to None, run_after=None
[2025-08-19T03:22:44.377+0000] {processor.py:183} INFO - Processing /home/airflow/.local/lib/python3.12/site-packages/airflow/example_dags/example_display_name.py took 0.090 seconds
[2025-08-19T03:23:14.767+0000] {processor.py:161} INFO - Started process (PID=23614) to work on /home/airflow/.local/lib/python3.12/site-packages/airflow/example_dags/example_display_name.py
[2025-08-19T03:23:14.769+0000] {processor.py:830} INFO - Processing file /home/airflow/.local/lib/python3.12/site-packages/airflow/example_dags/example_display_name.py for tasks to queue
[2025-08-19T03:23:14.770+0000] {logging_mixin.py:188} INFO - [2025-08-19T03:23:14.770+0000] {dagbag.py:545} INFO - Filling up the DagBag from /home/airflow/.local/lib/python3.12/site-packages/airflow/example_dags/example_display_name.py
[2025-08-19T03:23:14.778+0000] {processor.py:840} INFO - DAG(s) 'example_display_name' retrieved from /home/airflow/.local/lib/python3.12/site-packages/airflow/example_dags/example_display_name.py
[2025-08-19T03:23:14.801+0000] {logging_mixin.py:188} INFO - [2025-08-19T03:23:14.801+0000] {dag.py:3096} INFO - Sync 1 DAGs
[2025-08-19T03:23:14.816+0000] {logging_mixin.py:188} INFO - [2025-08-19T03:23:14.816+0000] {dag.py:3954} INFO - Setting next_dagrun for example_display_name to None, run_after=None
[2025-08-19T03:23:14.848+0000] {processor.py:183} INFO - Processing /home/airflow/.local/lib/python3.12/site-packages/airflow/example_dags/example_display_name.py took 0.087 seconds
[2025-08-19T03:23:45.110+0000] {processor.py:161} INFO - Started process (PID=23667) to work on /home/airflow/.local/lib/python3.12/site-packages/airflow/example_dags/example_display_name.py
[2025-08-19T03:23:45.112+0000] {processor.py:830} INFO - Processing file /home/airflow/.local/lib/python3.12/site-packages/airflow/example_dags/example_display_name.py for tasks to queue
[2025-08-19T03:23:45.114+0000] {logging_mixin.py:188} INFO - [2025-08-19T03:23:45.113+0000] {dagbag.py:545} INFO - Filling up the DagBag from /home/airflow/.local/lib/python3.12/site-packages/airflow/example_dags/example_display_name.py
[2025-08-19T03:23:45.122+0000] {processor.py:840} INFO - DAG(s) 'example_display_name' retrieved from /home/airflow/.local/lib/python3.12/site-packages/airflow/example_dags/example_display_name.py
[2025-08-19T03:23:45.146+0000] {logging_mixin.py:188} INFO - [2025-08-19T03:23:45.145+0000] {dag.py:3096} INFO - Sync 1 DAGs
[2025-08-19T03:23:45.161+0000] {logging_mixin.py:188} INFO - [2025-08-19T03:23:45.160+0000] {dag.py:3954} INFO - Setting next_dagrun for example_display_name to None, run_after=None
[2025-08-19T03:23:45.185+0000] {processor.py:183} INFO - Processing /home/airflow/.local/lib/python3.12/site-packages/airflow/example_dags/example_display_name.py took 0.085 seconds
[2025-08-19T03:24:15.801+0000] {processor.py:161} INFO - Started process (PID=23720) to work on /home/airflow/.local/lib/python3.12/site-packages/airflow/example_dags/example_display_name.py
[2025-08-19T03:24:15.803+0000] {processor.py:830} INFO - Processing file /home/airflow/.local/lib/python3.12/site-packages/airflow/example_dags/example_display_name.py for tasks to queue
[2025-08-19T03:24:15.806+0000] {logging_mixin.py:188} INFO - [2025-08-19T03:24:15.806+0000] {dagbag.py:545} INFO - Filling up the DagBag from /home/airflow/.local/lib/python3.12/site-packages/airflow/example_dags/example_display_name.py
[2025-08-19T03:24:15.815+0000] {processor.py:840} INFO - DAG(s) 'example_display_name' retrieved from /home/airflow/.local/lib/python3.12/site-packages/airflow/example_dags/example_display_name.py
[2025-08-19T03:24:15.845+0000] {logging_mixin.py:188} INFO - [2025-08-19T03:24:15.845+0000] {dag.py:3096} INFO - Sync 1 DAGs
[2025-08-19T03:24:15.866+0000] {logging_mixin.py:188} INFO - [2025-08-19T03:24:15.865+0000] {dag.py:3954} INFO - Setting next_dagrun for example_display_name to None, run_after=None
[2025-08-19T03:24:15.893+0000] {processor.py:183} INFO - Processing /home/airflow/.local/lib/python3.12/site-packages/airflow/example_dags/example_display_name.py took 0.111 seconds
[2025-08-19T03:24:46.392+0000] {processor.py:161} INFO - Started process (PID=23773) to work on /home/airflow/.local/lib/python3.12/site-packages/airflow/example_dags/example_display_name.py
[2025-08-19T03:24:46.394+0000] {processor.py:830} INFO - Processing file /home/airflow/.local/lib/python3.12/site-packages/airflow/example_dags/example_display_name.py for tasks to queue
[2025-08-19T03:24:46.395+0000] {logging_mixin.py:188} INFO - [2025-08-19T03:24:46.395+0000] {dagbag.py:545} INFO - Filling up the DagBag from /home/airflow/.local/lib/python3.12/site-packages/airflow/example_dags/example_display_name.py
[2025-08-19T03:24:46.404+0000] {processor.py:840} INFO - DAG(s) 'example_display_name' retrieved from /home/airflow/.local/lib/python3.12/site-packages/airflow/example_dags/example_display_name.py
[2025-08-19T03:24:46.427+0000] {logging_mixin.py:188} INFO - [2025-08-19T03:24:46.427+0000] {dag.py:3096} INFO - Sync 1 DAGs
[2025-08-19T03:24:46.440+0000] {logging_mixin.py:188} INFO - [2025-08-19T03:24:46.440+0000] {dag.py:3954} INFO - Setting next_dagrun for example_display_name to None, run_after=None
[2025-08-19T03:24:46.463+0000] {processor.py:183} INFO - Processing /home/airflow/.local/lib/python3.12/site-packages/airflow/example_dags/example_display_name.py took 0.079 seconds
[2025-08-19T03:25:16.933+0000] {processor.py:161} INFO - Started process (PID=23826) to work on /home/airflow/.local/lib/python3.12/site-packages/airflow/example_dags/example_display_name.py
[2025-08-19T03:25:16.935+0000] {processor.py:830} INFO - Processing file /home/airflow/.local/lib/python3.12/site-packages/airflow/example_dags/example_display_name.py for tasks to queue
[2025-08-19T03:25:16.937+0000] {logging_mixin.py:188} INFO - [2025-08-19T03:25:16.937+0000] {dagbag.py:545} INFO - Filling up the DagBag from /home/airflow/.local/lib/python3.12/site-packages/airflow/example_dags/example_display_name.py
[2025-08-19T03:25:16.946+0000] {processor.py:840} INFO - DAG(s) 'example_display_name' retrieved from /home/airflow/.local/lib/python3.12/site-packages/airflow/example_dags/example_display_name.py
[2025-08-19T03:25:16.968+0000] {logging_mixin.py:188} INFO - [2025-08-19T03:25:16.968+0000] {dag.py:3096} INFO - Sync 1 DAGs
[2025-08-19T03:25:16.982+0000] {logging_mixin.py:188} INFO - [2025-08-19T03:25:16.982+0000] {dag.py:3954} INFO - Setting next_dagrun for example_display_name to None, run_after=None
[2025-08-19T03:25:17.012+0000] {processor.py:183} INFO - Processing /home/airflow/.local/lib/python3.12/site-packages/airflow/example_dags/example_display_name.py took 0.087 seconds
[2025-08-19T03:25:47.556+0000] {processor.py:161} INFO - Started process (PID=23879) to work on /home/airflow/.local/lib/python3.12/site-packages/airflow/example_dags/example_display_name.py
[2025-08-19T03:25:47.557+0000] {processor.py:830} INFO - Processing file /home/airflow/.local/lib/python3.12/site-packages/airflow/example_dags/example_display_name.py for tasks to queue
[2025-08-19T03:25:47.558+0000] {logging_mixin.py:188} INFO - [2025-08-19T03:25:47.558+0000] {dagbag.py:545} INFO - Filling up the DagBag from /home/airflow/.local/lib/python3.12/site-packages/airflow/example_dags/example_display_name.py
[2025-08-19T03:25:47.567+0000] {processor.py:840} INFO - DAG(s) 'example_display_name' retrieved from /home/airflow/.local/lib/python3.12/site-packages/airflow/example_dags/example_display_name.py
[2025-08-19T03:25:47.592+0000] {logging_mixin.py:188} INFO - [2025-08-19T03:25:47.592+0000] {dag.py:3096} INFO - Sync 1 DAGs
[2025-08-19T03:25:47.606+0000] {logging_mixin.py:188} INFO - [2025-08-19T03:25:47.606+0000] {dag.py:3954} INFO - Setting next_dagrun for example_display_name to None, run_after=None
[2025-08-19T03:25:47.629+0000] {processor.py:183} INFO - Processing /home/airflow/.local/lib/python3.12/site-packages/airflow/example_dags/example_display_name.py took 0.079 seconds
[2025-08-19T03:26:17.778+0000] {processor.py:161} INFO - Started process (PID=23932) to work on /home/airflow/.local/lib/python3.12/site-packages/airflow/example_dags/example_display_name.py
[2025-08-19T03:26:17.781+0000] {processor.py:830} INFO - Processing file /home/airflow/.local/lib/python3.12/site-packages/airflow/example_dags/example_display_name.py for tasks to queue
[2025-08-19T03:26:17.783+0000] {logging_mixin.py:188} INFO - [2025-08-19T03:26:17.783+0000] {dagbag.py:545} INFO - Filling up the DagBag from /home/airflow/.local/lib/python3.12/site-packages/airflow/example_dags/example_display_name.py
[2025-08-19T03:26:17.790+0000] {processor.py:840} INFO - DAG(s) 'example_display_name' retrieved from /home/airflow/.local/lib/python3.12/site-packages/airflow/example_dags/example_display_name.py
[2025-08-19T03:26:17.815+0000] {logging_mixin.py:188} INFO - [2025-08-19T03:26:17.814+0000] {dag.py:3096} INFO - Sync 1 DAGs
[2025-08-19T03:26:17.829+0000] {logging_mixin.py:188} INFO - [2025-08-19T03:26:17.829+0000] {dag.py:3954} INFO - Setting next_dagrun for example_display_name to None, run_after=None
[2025-08-19T03:26:17.853+0000] {processor.py:183} INFO - Processing /home/airflow/.local/lib/python3.12/site-packages/airflow/example_dags/example_display_name.py took 0.085 seconds
[2025-08-19T03:26:48.289+0000] {processor.py:161} INFO - Started process (PID=23985) to work on /home/airflow/.local/lib/python3.12/site-packages/airflow/example_dags/example_display_name.py
[2025-08-19T03:26:48.290+0000] {processor.py:830} INFO - Processing file /home/airflow/.local/lib/python3.12/site-packages/airflow/example_dags/example_display_name.py for tasks to queue
[2025-08-19T03:26:48.291+0000] {logging_mixin.py:188} INFO - [2025-08-19T03:26:48.291+0000] {dagbag.py:545} INFO - Filling up the DagBag from /home/airflow/.local/lib/python3.12/site-packages/airflow/example_dags/example_display_name.py
[2025-08-19T03:26:48.303+0000] {processor.py:840} INFO - DAG(s) 'example_display_name' retrieved from /home/airflow/.local/lib/python3.12/site-packages/airflow/example_dags/example_display_name.py
[2025-08-19T03:26:48.336+0000] {logging_mixin.py:188} INFO - [2025-08-19T03:26:48.335+0000] {dag.py:3096} INFO - Sync 1 DAGs
[2025-08-19T03:26:48.355+0000] {logging_mixin.py:188} INFO - [2025-08-19T03:26:48.355+0000] {dag.py:3954} INFO - Setting next_dagrun for example_display_name to None, run_after=None
[2025-08-19T03:26:48.387+0000] {processor.py:183} INFO - Processing /home/airflow/.local/lib/python3.12/site-packages/airflow/example_dags/example_display_name.py took 0.105 seconds
[2025-08-19T03:27:18.739+0000] {processor.py:161} INFO - Started process (PID=24038) to work on /home/airflow/.local/lib/python3.12/site-packages/airflow/example_dags/example_display_name.py
[2025-08-19T03:27:18.741+0000] {processor.py:830} INFO - Processing file /home/airflow/.local/lib/python3.12/site-packages/airflow/example_dags/example_display_name.py for tasks to queue
[2025-08-19T03:27:18.743+0000] {logging_mixin.py:188} INFO - [2025-08-19T03:27:18.743+0000] {dagbag.py:545} INFO - Filling up the DagBag from /home/airflow/.local/lib/python3.12/site-packages/airflow/example_dags/example_display_name.py
[2025-08-19T03:27:18.751+0000] {processor.py:840} INFO - DAG(s) 'example_display_name' retrieved from /home/airflow/.local/lib/python3.12/site-packages/airflow/example_dags/example_display_name.py
[2025-08-19T03:27:18.775+0000] {logging_mixin.py:188} INFO - [2025-08-19T03:27:18.774+0000] {dag.py:3096} INFO - Sync 1 DAGs
[2025-08-19T03:27:18.789+0000] {logging_mixin.py:188} INFO - [2025-08-19T03:27:18.788+0000] {dag.py:3954} INFO - Setting next_dagrun for example_display_name to None, run_after=None
[2025-08-19T03:27:18.820+0000] {processor.py:183} INFO - Processing /home/airflow/.local/lib/python3.12/site-packages/airflow/example_dags/example_display_name.py took 0.090 seconds
[2025-08-19T03:27:49.272+0000] {processor.py:161} INFO - Started process (PID=24091) to work on /home/airflow/.local/lib/python3.12/site-packages/airflow/example_dags/example_display_name.py
[2025-08-19T03:27:49.274+0000] {processor.py:830} INFO - Processing file /home/airflow/.local/lib/python3.12/site-packages/airflow/example_dags/example_display_name.py for tasks to queue
[2025-08-19T03:27:49.276+0000] {logging_mixin.py:188} INFO - [2025-08-19T03:27:49.275+0000] {dagbag.py:545} INFO - Filling up the DagBag from /home/airflow/.local/lib/python3.12/site-packages/airflow/example_dags/example_display_name.py
[2025-08-19T03:27:49.284+0000] {processor.py:840} INFO - DAG(s) 'example_display_name' retrieved from /home/airflow/.local/lib/python3.12/site-packages/airflow/example_dags/example_display_name.py
[2025-08-19T03:27:49.313+0000] {logging_mixin.py:188} INFO - [2025-08-19T03:27:49.313+0000] {dag.py:3096} INFO - Sync 1 DAGs
[2025-08-19T03:27:49.327+0000] {logging_mixin.py:188} INFO - [2025-08-19T03:27:49.327+0000] {dag.py:3954} INFO - Setting next_dagrun for example_display_name to None, run_after=None
[2025-08-19T03:27:49.351+0000] {processor.py:183} INFO - Processing /home/airflow/.local/lib/python3.12/site-packages/airflow/example_dags/example_display_name.py took 0.089 seconds
[2025-08-19T03:28:19.800+0000] {processor.py:161} INFO - Started process (PID=24144) to work on /home/airflow/.local/lib/python3.12/site-packages/airflow/example_dags/example_display_name.py
[2025-08-19T03:28:19.802+0000] {processor.py:830} INFO - Processing file /home/airflow/.local/lib/python3.12/site-packages/airflow/example_dags/example_display_name.py for tasks to queue
[2025-08-19T03:28:19.804+0000] {logging_mixin.py:188} INFO - [2025-08-19T03:28:19.803+0000] {dagbag.py:545} INFO - Filling up the DagBag from /home/airflow/.local/lib/python3.12/site-packages/airflow/example_dags/example_display_name.py
[2025-08-19T03:28:19.810+0000] {processor.py:840} INFO - DAG(s) 'example_display_name' retrieved from /home/airflow/.local/lib/python3.12/site-packages/airflow/example_dags/example_display_name.py
[2025-08-19T03:28:19.833+0000] {logging_mixin.py:188} INFO - [2025-08-19T03:28:19.832+0000] {dag.py:3096} INFO - Sync 1 DAGs
[2025-08-19T03:28:19.846+0000] {logging_mixin.py:188} INFO - [2025-08-19T03:28:19.846+0000] {dag.py:3954} INFO - Setting next_dagrun for example_display_name to None, run_after=None
[2025-08-19T03:28:19.869+0000] {processor.py:183} INFO - Processing /home/airflow/.local/lib/python3.12/site-packages/airflow/example_dags/example_display_name.py took 0.075 seconds
[2025-08-19T03:28:50.238+0000] {processor.py:161} INFO - Started process (PID=24197) to work on /home/airflow/.local/lib/python3.12/site-packages/airflow/example_dags/example_display_name.py
[2025-08-19T03:28:50.240+0000] {processor.py:830} INFO - Processing file /home/airflow/.local/lib/python3.12/site-packages/airflow/example_dags/example_display_name.py for tasks to queue
[2025-08-19T03:28:50.241+0000] {logging_mixin.py:188} INFO - [2025-08-19T03:28:50.241+0000] {dagbag.py:545} INFO - Filling up the DagBag from /home/airflow/.local/lib/python3.12/site-packages/airflow/example_dags/example_display_name.py
[2025-08-19T03:28:50.248+0000] {processor.py:840} INFO - DAG(s) 'example_display_name' retrieved from /home/airflow/.local/lib/python3.12/site-packages/airflow/example_dags/example_display_name.py
[2025-08-19T03:28:50.273+0000] {logging_mixin.py:188} INFO - [2025-08-19T03:28:50.272+0000] {dag.py:3096} INFO - Sync 1 DAGs
[2025-08-19T03:28:50.287+0000] {logging_mixin.py:188} INFO - [2025-08-19T03:28:50.287+0000] {dag.py:3954} INFO - Setting next_dagrun for example_display_name to None, run_after=None
[2025-08-19T03:28:50.313+0000] {processor.py:183} INFO - Processing /home/airflow/.local/lib/python3.12/site-packages/airflow/example_dags/example_display_name.py took 0.082 seconds
[2025-08-19T03:29:20.631+0000] {processor.py:161} INFO - Started process (PID=24250) to work on /home/airflow/.local/lib/python3.12/site-packages/airflow/example_dags/example_display_name.py
[2025-08-19T03:29:20.633+0000] {processor.py:830} INFO - Processing file /home/airflow/.local/lib/python3.12/site-packages/airflow/example_dags/example_display_name.py for tasks to queue
[2025-08-19T03:29:20.635+0000] {logging_mixin.py:188} INFO - [2025-08-19T03:29:20.634+0000] {dagbag.py:545} INFO - Filling up the DagBag from /home/airflow/.local/lib/python3.12/site-packages/airflow/example_dags/example_display_name.py
[2025-08-19T03:29:20.643+0000] {processor.py:840} INFO - DAG(s) 'example_display_name' retrieved from /home/airflow/.local/lib/python3.12/site-packages/airflow/example_dags/example_display_name.py
[2025-08-19T03:29:20.669+0000] {logging_mixin.py:188} INFO - [2025-08-19T03:29:20.668+0000] {dag.py:3096} INFO - Sync 1 DAGs
[2025-08-19T03:29:20.682+0000] {logging_mixin.py:188} INFO - [2025-08-19T03:29:20.682+0000] {dag.py:3954} INFO - Setting next_dagrun for example_display_name to None, run_after=None
[2025-08-19T03:29:20.716+0000] {processor.py:183} INFO - Processing /home/airflow/.local/lib/python3.12/site-packages/airflow/example_dags/example_display_name.py took 0.096 seconds
[2025-08-19T03:29:50.850+0000] {processor.py:161} INFO - Started process (PID=24301) to work on /home/airflow/.local/lib/python3.12/site-packages/airflow/example_dags/example_display_name.py
[2025-08-19T03:29:50.851+0000] {processor.py:830} INFO - Processing file /home/airflow/.local/lib/python3.12/site-packages/airflow/example_dags/example_display_name.py for tasks to queue
[2025-08-19T03:29:50.853+0000] {logging_mixin.py:188} INFO - [2025-08-19T03:29:50.853+0000] {dagbag.py:545} INFO - Filling up the DagBag from /home/airflow/.local/lib/python3.12/site-packages/airflow/example_dags/example_display_name.py
[2025-08-19T03:29:50.859+0000] {processor.py:840} INFO - DAG(s) 'example_display_name' retrieved from /home/airflow/.local/lib/python3.12/site-packages/airflow/example_dags/example_display_name.py
[2025-08-19T03:29:50.884+0000] {logging_mixin.py:188} INFO - [2025-08-19T03:29:50.884+0000] {dag.py:3096} INFO - Sync 1 DAGs
[2025-08-19T03:29:50.897+0000] {logging_mixin.py:188} INFO - [2025-08-19T03:29:50.897+0000] {dag.py:3954} INFO - Setting next_dagrun for example_display_name to None, run_after=None
[2025-08-19T03:29:50.925+0000] {processor.py:183} INFO - Processing /home/airflow/.local/lib/python3.12/site-packages/airflow/example_dags/example_display_name.py took 0.082 seconds
[2025-08-19T03:30:21.361+0000] {processor.py:161} INFO - Started process (PID=24354) to work on /home/airflow/.local/lib/python3.12/site-packages/airflow/example_dags/example_display_name.py
[2025-08-19T03:30:21.363+0000] {processor.py:830} INFO - Processing file /home/airflow/.local/lib/python3.12/site-packages/airflow/example_dags/example_display_name.py for tasks to queue
[2025-08-19T03:30:21.366+0000] {logging_mixin.py:188} INFO - [2025-08-19T03:30:21.365+0000] {dagbag.py:545} INFO - Filling up the DagBag from /home/airflow/.local/lib/python3.12/site-packages/airflow/example_dags/example_display_name.py
[2025-08-19T03:30:21.376+0000] {processor.py:840} INFO - DAG(s) 'example_display_name' retrieved from /home/airflow/.local/lib/python3.12/site-packages/airflow/example_dags/example_display_name.py
[2025-08-19T03:30:21.401+0000] {logging_mixin.py:188} INFO - [2025-08-19T03:30:21.401+0000] {dag.py:3096} INFO - Sync 1 DAGs
[2025-08-19T03:30:21.415+0000] {logging_mixin.py:188} INFO - [2025-08-19T03:30:21.415+0000] {dag.py:3954} INFO - Setting next_dagrun for example_display_name to None, run_after=None
[2025-08-19T03:30:21.448+0000] {processor.py:183} INFO - Processing /home/airflow/.local/lib/python3.12/site-packages/airflow/example_dags/example_display_name.py took 0.098 seconds
[2025-08-19T03:30:51.919+0000] {processor.py:161} INFO - Started process (PID=24407) to work on /home/airflow/.local/lib/python3.12/site-packages/airflow/example_dags/example_display_name.py
[2025-08-19T03:30:51.921+0000] {processor.py:830} INFO - Processing file /home/airflow/.local/lib/python3.12/site-packages/airflow/example_dags/example_display_name.py for tasks to queue
[2025-08-19T03:30:51.923+0000] {logging_mixin.py:188} INFO - [2025-08-19T03:30:51.923+0000] {dagbag.py:545} INFO - Filling up the DagBag from /home/airflow/.local/lib/python3.12/site-packages/airflow/example_dags/example_display_name.py
[2025-08-19T03:30:51.931+0000] {processor.py:840} INFO - DAG(s) 'example_display_name' retrieved from /home/airflow/.local/lib/python3.12/site-packages/airflow/example_dags/example_display_name.py
[2025-08-19T03:30:51.955+0000] {logging_mixin.py:188} INFO - [2025-08-19T03:30:51.955+0000] {dag.py:3096} INFO - Sync 1 DAGs
[2025-08-19T03:30:51.968+0000] {logging_mixin.py:188} INFO - [2025-08-19T03:30:51.968+0000] {dag.py:3954} INFO - Setting next_dagrun for example_display_name to None, run_after=None
[2025-08-19T03:30:52.002+0000] {processor.py:183} INFO - Processing /home/airflow/.local/lib/python3.12/site-packages/airflow/example_dags/example_display_name.py took 0.093 seconds
[2025-08-19T03:31:22.524+0000] {processor.py:161} INFO - Started process (PID=24460) to work on /home/airflow/.local/lib/python3.12/site-packages/airflow/example_dags/example_display_name.py
[2025-08-19T03:31:22.526+0000] {processor.py:830} INFO - Processing file /home/airflow/.local/lib/python3.12/site-packages/airflow/example_dags/example_display_name.py for tasks to queue
[2025-08-19T03:31:22.527+0000] {logging_mixin.py:188} INFO - [2025-08-19T03:31:22.527+0000] {dagbag.py:545} INFO - Filling up the DagBag from /home/airflow/.local/lib/python3.12/site-packages/airflow/example_dags/example_display_name.py
[2025-08-19T03:31:22.535+0000] {processor.py:840} INFO - DAG(s) 'example_display_name' retrieved from /home/airflow/.local/lib/python3.12/site-packages/airflow/example_dags/example_display_name.py
[2025-08-19T03:31:22.562+0000] {logging_mixin.py:188} INFO - [2025-08-19T03:31:22.561+0000] {dag.py:3096} INFO - Sync 1 DAGs
[2025-08-19T03:31:22.575+0000] {logging_mixin.py:188} INFO - [2025-08-19T03:31:22.575+0000] {dag.py:3954} INFO - Setting next_dagrun for example_display_name to None, run_after=None
[2025-08-19T03:31:22.603+0000] {processor.py:183} INFO - Processing /home/airflow/.local/lib/python3.12/site-packages/airflow/example_dags/example_display_name.py took 0.086 seconds
[2025-08-19T03:31:53.010+0000] {processor.py:161} INFO - Started process (PID=24513) to work on /home/airflow/.local/lib/python3.12/site-packages/airflow/example_dags/example_display_name.py
[2025-08-19T03:31:53.011+0000] {processor.py:830} INFO - Processing file /home/airflow/.local/lib/python3.12/site-packages/airflow/example_dags/example_display_name.py for tasks to queue
[2025-08-19T03:31:53.013+0000] {logging_mixin.py:188} INFO - [2025-08-19T03:31:53.013+0000] {dagbag.py:545} INFO - Filling up the DagBag from /home/airflow/.local/lib/python3.12/site-packages/airflow/example_dags/example_display_name.py
[2025-08-19T03:31:53.024+0000] {processor.py:840} INFO - DAG(s) 'example_display_name' retrieved from /home/airflow/.local/lib/python3.12/site-packages/airflow/example_dags/example_display_name.py
[2025-08-19T03:31:53.057+0000] {logging_mixin.py:188} INFO - [2025-08-19T03:31:53.056+0000] {dag.py:3096} INFO - Sync 1 DAGs
[2025-08-19T03:31:53.075+0000] {logging_mixin.py:188} INFO - [2025-08-19T03:31:53.075+0000] {dag.py:3954} INFO - Setting next_dagrun for example_display_name to None, run_after=None
[2025-08-19T03:31:53.102+0000] {processor.py:183} INFO - Processing /home/airflow/.local/lib/python3.12/site-packages/airflow/example_dags/example_display_name.py took 0.102 seconds
[2025-08-19T03:32:23.286+0000] {processor.py:161} INFO - Started process (PID=24566) to work on /home/airflow/.local/lib/python3.12/site-packages/airflow/example_dags/example_display_name.py
[2025-08-19T03:32:23.288+0000] {processor.py:830} INFO - Processing file /home/airflow/.local/lib/python3.12/site-packages/airflow/example_dags/example_display_name.py for tasks to queue
[2025-08-19T03:32:23.290+0000] {logging_mixin.py:188} INFO - [2025-08-19T03:32:23.289+0000] {dagbag.py:545} INFO - Filling up the DagBag from /home/airflow/.local/lib/python3.12/site-packages/airflow/example_dags/example_display_name.py
[2025-08-19T03:32:23.303+0000] {processor.py:840} INFO - DAG(s) 'example_display_name' retrieved from /home/airflow/.local/lib/python3.12/site-packages/airflow/example_dags/example_display_name.py
[2025-08-19T03:32:23.341+0000] {logging_mixin.py:188} INFO - [2025-08-19T03:32:23.341+0000] {dag.py:3096} INFO - Sync 1 DAGs
[2025-08-19T03:32:23.361+0000] {logging_mixin.py:188} INFO - [2025-08-19T03:32:23.361+0000] {dag.py:3954} INFO - Setting next_dagrun for example_display_name to None, run_after=None
[2025-08-19T03:32:23.397+0000] {processor.py:183} INFO - Processing /home/airflow/.local/lib/python3.12/site-packages/airflow/example_dags/example_display_name.py took 0.120 seconds
[2025-08-19T03:32:53.448+0000] {processor.py:161} INFO - Started process (PID=24619) to work on /home/airflow/.local/lib/python3.12/site-packages/airflow/example_dags/example_display_name.py
[2025-08-19T03:32:53.449+0000] {processor.py:830} INFO - Processing file /home/airflow/.local/lib/python3.12/site-packages/airflow/example_dags/example_display_name.py for tasks to queue
[2025-08-19T03:32:53.450+0000] {logging_mixin.py:188} INFO - [2025-08-19T03:32:53.450+0000] {dagbag.py:545} INFO - Filling up the DagBag from /home/airflow/.local/lib/python3.12/site-packages/airflow/example_dags/example_display_name.py
[2025-08-19T03:32:53.460+0000] {processor.py:840} INFO - DAG(s) 'example_display_name' retrieved from /home/airflow/.local/lib/python3.12/site-packages/airflow/example_dags/example_display_name.py
[2025-08-19T03:32:53.485+0000] {logging_mixin.py:188} INFO - [2025-08-19T03:32:53.484+0000] {dag.py:3096} INFO - Sync 1 DAGs
[2025-08-19T03:32:53.498+0000] {logging_mixin.py:188} INFO - [2025-08-19T03:32:53.498+0000] {dag.py:3954} INFO - Setting next_dagrun for example_display_name to None, run_after=None
[2025-08-19T03:32:53.523+0000] {processor.py:183} INFO - Processing /home/airflow/.local/lib/python3.12/site-packages/airflow/example_dags/example_display_name.py took 0.082 seconds
[2025-08-19T03:33:24.197+0000] {processor.py:161} INFO - Started process (PID=24672) to work on /home/airflow/.local/lib/python3.12/site-packages/airflow/example_dags/example_display_name.py
[2025-08-19T03:33:24.198+0000] {processor.py:830} INFO - Processing file /home/airflow/.local/lib/python3.12/site-packages/airflow/example_dags/example_display_name.py for tasks to queue
[2025-08-19T03:33:24.200+0000] {logging_mixin.py:188} INFO - [2025-08-19T03:33:24.200+0000] {dagbag.py:545} INFO - Filling up the DagBag from /home/airflow/.local/lib/python3.12/site-packages/airflow/example_dags/example_display_name.py
[2025-08-19T03:33:24.208+0000] {processor.py:840} INFO - DAG(s) 'example_display_name' retrieved from /home/airflow/.local/lib/python3.12/site-packages/airflow/example_dags/example_display_name.py
[2025-08-19T03:33:24.236+0000] {logging_mixin.py:188} INFO - [2025-08-19T03:33:24.236+0000] {dag.py:3096} INFO - Sync 1 DAGs
[2025-08-19T03:33:24.250+0000] {logging_mixin.py:188} INFO - [2025-08-19T03:33:24.250+0000] {dag.py:3954} INFO - Setting next_dagrun for example_display_name to None, run_after=None
[2025-08-19T03:33:24.276+0000] {processor.py:183} INFO - Processing /home/airflow/.local/lib/python3.12/site-packages/airflow/example_dags/example_display_name.py took 0.090 seconds
[2025-08-19T03:33:54.418+0000] {processor.py:161} INFO - Started process (PID=24725) to work on /home/airflow/.local/lib/python3.12/site-packages/airflow/example_dags/example_display_name.py
[2025-08-19T03:33:54.420+0000] {processor.py:830} INFO - Processing file /home/airflow/.local/lib/python3.12/site-packages/airflow/example_dags/example_display_name.py for tasks to queue
[2025-08-19T03:33:54.421+0000] {logging_mixin.py:188} INFO - [2025-08-19T03:33:54.421+0000] {dagbag.py:545} INFO - Filling up the DagBag from /home/airflow/.local/lib/python3.12/site-packages/airflow/example_dags/example_display_name.py
[2025-08-19T03:33:54.429+0000] {processor.py:840} INFO - DAG(s) 'example_display_name' retrieved from /home/airflow/.local/lib/python3.12/site-packages/airflow/example_dags/example_display_name.py
[2025-08-19T03:33:54.455+0000] {logging_mixin.py:188} INFO - [2025-08-19T03:33:54.454+0000] {dag.py:3096} INFO - Sync 1 DAGs
[2025-08-19T03:33:54.470+0000] {logging_mixin.py:188} INFO - [2025-08-19T03:33:54.470+0000] {dag.py:3954} INFO - Setting next_dagrun for example_display_name to None, run_after=None
[2025-08-19T03:33:54.497+0000] {processor.py:183} INFO - Processing /home/airflow/.local/lib/python3.12/site-packages/airflow/example_dags/example_display_name.py took 0.087 seconds
[2025-08-19T03:34:24.755+0000] {processor.py:161} INFO - Started process (PID=24778) to work on /home/airflow/.local/lib/python3.12/site-packages/airflow/example_dags/example_display_name.py
[2025-08-19T03:34:24.756+0000] {processor.py:830} INFO - Processing file /home/airflow/.local/lib/python3.12/site-packages/airflow/example_dags/example_display_name.py for tasks to queue
[2025-08-19T03:34:24.758+0000] {logging_mixin.py:188} INFO - [2025-08-19T03:34:24.757+0000] {dagbag.py:545} INFO - Filling up the DagBag from /home/airflow/.local/lib/python3.12/site-packages/airflow/example_dags/example_display_name.py
[2025-08-19T03:34:24.766+0000] {processor.py:840} INFO - DAG(s) 'example_display_name' retrieved from /home/airflow/.local/lib/python3.12/site-packages/airflow/example_dags/example_display_name.py
[2025-08-19T03:34:24.789+0000] {logging_mixin.py:188} INFO - [2025-08-19T03:34:24.789+0000] {dag.py:3096} INFO - Sync 1 DAGs
[2025-08-19T03:34:24.804+0000] {logging_mixin.py:188} INFO - [2025-08-19T03:34:24.804+0000] {dag.py:3954} INFO - Setting next_dagrun for example_display_name to None, run_after=None
[2025-08-19T03:34:24.837+0000] {processor.py:183} INFO - Processing /home/airflow/.local/lib/python3.12/site-packages/airflow/example_dags/example_display_name.py took 0.088 seconds
[2025-08-19T03:34:55.068+0000] {processor.py:161} INFO - Started process (PID=24831) to work on /home/airflow/.local/lib/python3.12/site-packages/airflow/example_dags/example_display_name.py
[2025-08-19T03:34:55.070+0000] {processor.py:830} INFO - Processing file /home/airflow/.local/lib/python3.12/site-packages/airflow/example_dags/example_display_name.py for tasks to queue
[2025-08-19T03:34:55.071+0000] {logging_mixin.py:188} INFO - [2025-08-19T03:34:55.071+0000] {dagbag.py:545} INFO - Filling up the DagBag from /home/airflow/.local/lib/python3.12/site-packages/airflow/example_dags/example_display_name.py
[2025-08-19T03:34:55.080+0000] {processor.py:840} INFO - DAG(s) 'example_display_name' retrieved from /home/airflow/.local/lib/python3.12/site-packages/airflow/example_dags/example_display_name.py
[2025-08-19T03:34:55.105+0000] {logging_mixin.py:188} INFO - [2025-08-19T03:34:55.105+0000] {dag.py:3096} INFO - Sync 1 DAGs
[2025-08-19T03:34:55.120+0000] {logging_mixin.py:188} INFO - [2025-08-19T03:34:55.120+0000] {dag.py:3954} INFO - Setting next_dagrun for example_display_name to None, run_after=None
[2025-08-19T03:34:55.149+0000] {processor.py:183} INFO - Processing /home/airflow/.local/lib/python3.12/site-packages/airflow/example_dags/example_display_name.py took 0.089 seconds
[2025-08-19T03:35:25.324+0000] {processor.py:161} INFO - Started process (PID=24884) to work on /home/airflow/.local/lib/python3.12/site-packages/airflow/example_dags/example_display_name.py
[2025-08-19T03:35:25.325+0000] {processor.py:830} INFO - Processing file /home/airflow/.local/lib/python3.12/site-packages/airflow/example_dags/example_display_name.py for tasks to queue
[2025-08-19T03:35:25.326+0000] {logging_mixin.py:188} INFO - [2025-08-19T03:35:25.326+0000] {dagbag.py:545} INFO - Filling up the DagBag from /home/airflow/.local/lib/python3.12/site-packages/airflow/example_dags/example_display_name.py
[2025-08-19T03:35:25.335+0000] {processor.py:840} INFO - DAG(s) 'example_display_name' retrieved from /home/airflow/.local/lib/python3.12/site-packages/airflow/example_dags/example_display_name.py
[2025-08-19T03:35:25.365+0000] {logging_mixin.py:188} INFO - [2025-08-19T03:35:25.365+0000] {dag.py:3096} INFO - Sync 1 DAGs
[2025-08-19T03:35:25.378+0000] {logging_mixin.py:188} INFO - [2025-08-19T03:35:25.378+0000] {dag.py:3954} INFO - Setting next_dagrun for example_display_name to None, run_after=None
[2025-08-19T03:35:25.403+0000] {processor.py:183} INFO - Processing /home/airflow/.local/lib/python3.12/site-packages/airflow/example_dags/example_display_name.py took 0.088 seconds
[2025-08-19T03:35:55.864+0000] {processor.py:161} INFO - Started process (PID=24937) to work on /home/airflow/.local/lib/python3.12/site-packages/airflow/example_dags/example_display_name.py
[2025-08-19T03:35:55.865+0000] {processor.py:830} INFO - Processing file /home/airflow/.local/lib/python3.12/site-packages/airflow/example_dags/example_display_name.py for tasks to queue
[2025-08-19T03:35:55.867+0000] {logging_mixin.py:188} INFO - [2025-08-19T03:35:55.867+0000] {dagbag.py:545} INFO - Filling up the DagBag from /home/airflow/.local/lib/python3.12/site-packages/airflow/example_dags/example_display_name.py
[2025-08-19T03:35:55.875+0000] {processor.py:840} INFO - DAG(s) 'example_display_name' retrieved from /home/airflow/.local/lib/python3.12/site-packages/airflow/example_dags/example_display_name.py
[2025-08-19T03:35:55.900+0000] {logging_mixin.py:188} INFO - [2025-08-19T03:35:55.900+0000] {dag.py:3096} INFO - Sync 1 DAGs
[2025-08-19T03:35:55.914+0000] {logging_mixin.py:188} INFO - [2025-08-19T03:35:55.914+0000] {dag.py:3954} INFO - Setting next_dagrun for example_display_name to None, run_after=None
[2025-08-19T03:35:55.942+0000] {processor.py:183} INFO - Processing /home/airflow/.local/lib/python3.12/site-packages/airflow/example_dags/example_display_name.py took 0.087 seconds
[2025-08-19T03:36:26.530+0000] {processor.py:161} INFO - Started process (PID=24990) to work on /home/airflow/.local/lib/python3.12/site-packages/airflow/example_dags/example_display_name.py
[2025-08-19T03:36:26.532+0000] {processor.py:830} INFO - Processing file /home/airflow/.local/lib/python3.12/site-packages/airflow/example_dags/example_display_name.py for tasks to queue
[2025-08-19T03:36:26.534+0000] {logging_mixin.py:188} INFO - [2025-08-19T03:36:26.533+0000] {dagbag.py:545} INFO - Filling up the DagBag from /home/airflow/.local/lib/python3.12/site-packages/airflow/example_dags/example_display_name.py
[2025-08-19T03:36:26.545+0000] {processor.py:840} INFO - DAG(s) 'example_display_name' retrieved from /home/airflow/.local/lib/python3.12/site-packages/airflow/example_dags/example_display_name.py
[2025-08-19T03:36:26.572+0000] {logging_mixin.py:188} INFO - [2025-08-19T03:36:26.572+0000] {dag.py:3096} INFO - Sync 1 DAGs
[2025-08-19T03:36:26.587+0000] {logging_mixin.py:188} INFO - [2025-08-19T03:36:26.586+0000] {dag.py:3954} INFO - Setting next_dagrun for example_display_name to None, run_after=None
[2025-08-19T03:36:26.612+0000] {processor.py:183} INFO - Processing /home/airflow/.local/lib/python3.12/site-packages/airflow/example_dags/example_display_name.py took 0.091 seconds
[2025-08-19T03:36:57.459+0000] {processor.py:161} INFO - Started process (PID=25043) to work on /home/airflow/.local/lib/python3.12/site-packages/airflow/example_dags/example_display_name.py
[2025-08-19T03:36:57.461+0000] {processor.py:830} INFO - Processing file /home/airflow/.local/lib/python3.12/site-packages/airflow/example_dags/example_display_name.py for tasks to queue
[2025-08-19T03:36:57.463+0000] {logging_mixin.py:188} INFO - [2025-08-19T03:36:57.462+0000] {dagbag.py:545} INFO - Filling up the DagBag from /home/airflow/.local/lib/python3.12/site-packages/airflow/example_dags/example_display_name.py
[2025-08-19T03:36:57.473+0000] {processor.py:840} INFO - DAG(s) 'example_display_name' retrieved from /home/airflow/.local/lib/python3.12/site-packages/airflow/example_dags/example_display_name.py
[2025-08-19T03:36:57.515+0000] {logging_mixin.py:188} INFO - [2025-08-19T03:36:57.514+0000] {dag.py:3096} INFO - Sync 1 DAGs
[2025-08-19T03:36:57.535+0000] {logging_mixin.py:188} INFO - [2025-08-19T03:36:57.535+0000] {dag.py:3954} INFO - Setting next_dagrun for example_display_name to None, run_after=None
[2025-08-19T03:36:57.573+0000] {processor.py:183} INFO - Processing /home/airflow/.local/lib/python3.12/site-packages/airflow/example_dags/example_display_name.py took 0.124 seconds
[2025-08-19T03:37:28.463+0000] {processor.py:161} INFO - Started process (PID=25096) to work on /home/airflow/.local/lib/python3.12/site-packages/airflow/example_dags/example_display_name.py
[2025-08-19T03:37:28.464+0000] {processor.py:830} INFO - Processing file /home/airflow/.local/lib/python3.12/site-packages/airflow/example_dags/example_display_name.py for tasks to queue
[2025-08-19T03:37:28.466+0000] {logging_mixin.py:188} INFO - [2025-08-19T03:37:28.465+0000] {dagbag.py:545} INFO - Filling up the DagBag from /home/airflow/.local/lib/python3.12/site-packages/airflow/example_dags/example_display_name.py
[2025-08-19T03:37:28.473+0000] {processor.py:840} INFO - DAG(s) 'example_display_name' retrieved from /home/airflow/.local/lib/python3.12/site-packages/airflow/example_dags/example_display_name.py
[2025-08-19T03:37:28.497+0000] {logging_mixin.py:188} INFO - [2025-08-19T03:37:28.497+0000] {dag.py:3096} INFO - Sync 1 DAGs
[2025-08-19T03:37:28.511+0000] {logging_mixin.py:188} INFO - [2025-08-19T03:37:28.511+0000] {dag.py:3954} INFO - Setting next_dagrun for example_display_name to None, run_after=None
[2025-08-19T03:37:28.545+0000] {processor.py:183} INFO - Processing /home/airflow/.local/lib/python3.12/site-packages/airflow/example_dags/example_display_name.py took 0.090 seconds
