[2025-08-19T03:10:06.283+0000] {processor.py:161} INFO - Started process (PID=22258) to work on /home/airflow/.local/lib/python3.12/site-packages/airflow/example_dags/example_branch_day_of_week_operator.py
[2025-08-19T03:10:06.289+0000] {processor.py:830} INFO - Processing file /home/airflow/.local/lib/python3.12/site-packages/airflow/example_dags/example_branch_day_of_week_operator.py for tasks to queue
[2025-08-19T03:10:06.293+0000] {logging_mixin.py:188} INFO - [2025-08-19T03:10:06.292+0000] {dagbag.py:545} INFO - Filling up the DagBag from /home/airflow/.local/lib/python3.12/site-packages/airflow/example_dags/example_branch_day_of_week_operator.py
[2025-08-19T03:10:06.329+0000] {processor.py:840} INFO - DAG(s) 'example_weekday_branch_operator' retrieved from /home/airflow/.local/lib/python3.12/site-packages/airflow/example_dags/example_branch_day_of_week_operator.py
[2025-08-19T03:10:06.421+0000] {logging_mixin.py:188} INFO - [2025-08-19T03:10:06.421+0000] {dag.py:3096} INFO - Sync 1 DAGs
[2025-08-19T03:10:06.474+0000] {logging_mixin.py:188} INFO - [2025-08-19T03:10:06.473+0000] {dag.py:3954} INFO - Setting next_dagrun for example_weekday_branch_operator to 2025-08-18 00:00:00+00:00, run_after=2025-08-19 00:00:00+00:00
[2025-08-19T03:10:06.533+0000] {processor.py:183} INFO - Processing /home/airflow/.local/lib/python3.12/site-packages/airflow/example_dags/example_branch_day_of_week_operator.py took 0.267 seconds
[2025-08-19T03:10:36.853+0000] {processor.py:161} INFO - Started process (PID=22311) to work on /home/airflow/.local/lib/python3.12/site-packages/airflow/example_dags/example_branch_day_of_week_operator.py
[2025-08-19T03:10:36.855+0000] {processor.py:830} INFO - Processing file /home/airflow/.local/lib/python3.12/site-packages/airflow/example_dags/example_branch_day_of_week_operator.py for tasks to queue
[2025-08-19T03:10:36.856+0000] {logging_mixin.py:188} INFO - [2025-08-19T03:10:36.856+0000] {dagbag.py:545} INFO - Filling up the DagBag from /home/airflow/.local/lib/python3.12/site-packages/airflow/example_dags/example_branch_day_of_week_operator.py
[2025-08-19T03:10:36.864+0000] {processor.py:840} INFO - DAG(s) 'example_weekday_branch_operator' retrieved from /home/airflow/.local/lib/python3.12/site-packages/airflow/example_dags/example_branch_day_of_week_operator.py
[2025-08-19T03:10:36.891+0000] {logging_mixin.py:188} INFO - [2025-08-19T03:10:36.891+0000] {dag.py:3096} INFO - Sync 1 DAGs
[2025-08-19T03:10:36.915+0000] {logging_mixin.py:188} INFO - [2025-08-19T03:10:36.915+0000] {dag.py:3954} INFO - Setting next_dagrun for example_weekday_branch_operator to 2025-08-18 00:00:00+00:00, run_after=2025-08-19 00:00:00+00:00
[2025-08-19T03:10:36.940+0000] {processor.py:183} INFO - Processing /home/airflow/.local/lib/python3.12/site-packages/airflow/example_dags/example_branch_day_of_week_operator.py took 0.095 seconds
[2025-08-19T03:11:07.348+0000] {processor.py:161} INFO - Started process (PID=22364) to work on /home/airflow/.local/lib/python3.12/site-packages/airflow/example_dags/example_branch_day_of_week_operator.py
[2025-08-19T03:11:07.350+0000] {processor.py:830} INFO - Processing file /home/airflow/.local/lib/python3.12/site-packages/airflow/example_dags/example_branch_day_of_week_operator.py for tasks to queue
[2025-08-19T03:11:07.351+0000] {logging_mixin.py:188} INFO - [2025-08-19T03:11:07.351+0000] {dagbag.py:545} INFO - Filling up the DagBag from /home/airflow/.local/lib/python3.12/site-packages/airflow/example_dags/example_branch_day_of_week_operator.py
[2025-08-19T03:11:07.361+0000] {processor.py:840} INFO - DAG(s) 'example_weekday_branch_operator' retrieved from /home/airflow/.local/lib/python3.12/site-packages/airflow/example_dags/example_branch_day_of_week_operator.py
[2025-08-19T03:11:07.388+0000] {logging_mixin.py:188} INFO - [2025-08-19T03:11:07.388+0000] {dag.py:3096} INFO - Sync 1 DAGs
[2025-08-19T03:11:07.415+0000] {logging_mixin.py:188} INFO - [2025-08-19T03:11:07.414+0000] {dag.py:3954} INFO - Setting next_dagrun for example_weekday_branch_operator to 2025-08-18 00:00:00+00:00, run_after=2025-08-19 00:00:00+00:00
[2025-08-19T03:11:07.447+0000] {processor.py:183} INFO - Processing /home/airflow/.local/lib/python3.12/site-packages/airflow/example_dags/example_branch_day_of_week_operator.py took 0.105 seconds
[2025-08-19T03:11:37.600+0000] {processor.py:161} INFO - Started process (PID=22417) to work on /home/airflow/.local/lib/python3.12/site-packages/airflow/example_dags/example_branch_day_of_week_operator.py
[2025-08-19T03:11:37.601+0000] {processor.py:830} INFO - Processing file /home/airflow/.local/lib/python3.12/site-packages/airflow/example_dags/example_branch_day_of_week_operator.py for tasks to queue
[2025-08-19T03:11:37.604+0000] {logging_mixin.py:188} INFO - [2025-08-19T03:11:37.603+0000] {dagbag.py:545} INFO - Filling up the DagBag from /home/airflow/.local/lib/python3.12/site-packages/airflow/example_dags/example_branch_day_of_week_operator.py
[2025-08-19T03:11:37.613+0000] {processor.py:840} INFO - DAG(s) 'example_weekday_branch_operator' retrieved from /home/airflow/.local/lib/python3.12/site-packages/airflow/example_dags/example_branch_day_of_week_operator.py
[2025-08-19T03:11:37.637+0000] {logging_mixin.py:188} INFO - [2025-08-19T03:11:37.637+0000] {dag.py:3096} INFO - Sync 1 DAGs
[2025-08-19T03:11:37.662+0000] {logging_mixin.py:188} INFO - [2025-08-19T03:11:37.662+0000] {dag.py:3954} INFO - Setting next_dagrun for example_weekday_branch_operator to 2025-08-18 00:00:00+00:00, run_after=2025-08-19 00:00:00+00:00
[2025-08-19T03:11:37.686+0000] {processor.py:183} INFO - Processing /home/airflow/.local/lib/python3.12/site-packages/airflow/example_dags/example_branch_day_of_week_operator.py took 0.093 seconds
[2025-08-19T03:12:08.074+0000] {processor.py:161} INFO - Started process (PID=22470) to work on /home/airflow/.local/lib/python3.12/site-packages/airflow/example_dags/example_branch_day_of_week_operator.py
[2025-08-19T03:12:08.076+0000] {processor.py:830} INFO - Processing file /home/airflow/.local/lib/python3.12/site-packages/airflow/example_dags/example_branch_day_of_week_operator.py for tasks to queue
[2025-08-19T03:12:08.077+0000] {logging_mixin.py:188} INFO - [2025-08-19T03:12:08.077+0000] {dagbag.py:545} INFO - Filling up the DagBag from /home/airflow/.local/lib/python3.12/site-packages/airflow/example_dags/example_branch_day_of_week_operator.py
[2025-08-19T03:12:08.088+0000] {processor.py:840} INFO - DAG(s) 'example_weekday_branch_operator' retrieved from /home/airflow/.local/lib/python3.12/site-packages/airflow/example_dags/example_branch_day_of_week_operator.py
[2025-08-19T03:12:08.113+0000] {logging_mixin.py:188} INFO - [2025-08-19T03:12:08.113+0000] {dag.py:3096} INFO - Sync 1 DAGs
[2025-08-19T03:12:08.140+0000] {logging_mixin.py:188} INFO - [2025-08-19T03:12:08.140+0000] {dag.py:3954} INFO - Setting next_dagrun for example_weekday_branch_operator to 2025-08-18 00:00:00+00:00, run_after=2025-08-19 00:00:00+00:00
[2025-08-19T03:12:08.164+0000] {processor.py:183} INFO - Processing /home/airflow/.local/lib/python3.12/site-packages/airflow/example_dags/example_branch_day_of_week_operator.py took 0.096 seconds
[2025-08-19T03:12:38.726+0000] {processor.py:161} INFO - Started process (PID=22523) to work on /home/airflow/.local/lib/python3.12/site-packages/airflow/example_dags/example_branch_day_of_week_operator.py
[2025-08-19T03:12:38.727+0000] {processor.py:830} INFO - Processing file /home/airflow/.local/lib/python3.12/site-packages/airflow/example_dags/example_branch_day_of_week_operator.py for tasks to queue
[2025-08-19T03:12:38.728+0000] {logging_mixin.py:188} INFO - [2025-08-19T03:12:38.728+0000] {dagbag.py:545} INFO - Filling up the DagBag from /home/airflow/.local/lib/python3.12/site-packages/airflow/example_dags/example_branch_day_of_week_operator.py
[2025-08-19T03:12:38.737+0000] {processor.py:840} INFO - DAG(s) 'example_weekday_branch_operator' retrieved from /home/airflow/.local/lib/python3.12/site-packages/airflow/example_dags/example_branch_day_of_week_operator.py
[2025-08-19T03:12:38.760+0000] {logging_mixin.py:188} INFO - [2025-08-19T03:12:38.759+0000] {dag.py:3096} INFO - Sync 1 DAGs
[2025-08-19T03:12:38.785+0000] {logging_mixin.py:188} INFO - [2025-08-19T03:12:38.785+0000] {dag.py:3954} INFO - Setting next_dagrun for example_weekday_branch_operator to 2025-08-18 00:00:00+00:00, run_after=2025-08-19 00:00:00+00:00
[2025-08-19T03:12:38.810+0000] {processor.py:183} INFO - Processing /home/airflow/.local/lib/python3.12/site-packages/airflow/example_dags/example_branch_day_of_week_operator.py took 0.090 seconds
[2025-08-19T03:13:09.399+0000] {processor.py:161} INFO - Started process (PID=22576) to work on /home/airflow/.local/lib/python3.12/site-packages/airflow/example_dags/example_branch_day_of_week_operator.py
[2025-08-19T03:13:09.400+0000] {processor.py:830} INFO - Processing file /home/airflow/.local/lib/python3.12/site-packages/airflow/example_dags/example_branch_day_of_week_operator.py for tasks to queue
[2025-08-19T03:13:09.402+0000] {logging_mixin.py:188} INFO - [2025-08-19T03:13:09.401+0000] {dagbag.py:545} INFO - Filling up the DagBag from /home/airflow/.local/lib/python3.12/site-packages/airflow/example_dags/example_branch_day_of_week_operator.py
[2025-08-19T03:13:09.410+0000] {processor.py:840} INFO - DAG(s) 'example_weekday_branch_operator' retrieved from /home/airflow/.local/lib/python3.12/site-packages/airflow/example_dags/example_branch_day_of_week_operator.py
[2025-08-19T03:13:09.433+0000] {logging_mixin.py:188} INFO - [2025-08-19T03:13:09.433+0000] {dag.py:3096} INFO - Sync 1 DAGs
[2025-08-19T03:13:09.456+0000] {logging_mixin.py:188} INFO - [2025-08-19T03:13:09.456+0000] {dag.py:3954} INFO - Setting next_dagrun for example_weekday_branch_operator to 2025-08-18 00:00:00+00:00, run_after=2025-08-19 00:00:00+00:00
[2025-08-19T03:13:09.478+0000] {processor.py:183} INFO - Processing /home/airflow/.local/lib/python3.12/site-packages/airflow/example_dags/example_branch_day_of_week_operator.py took 0.086 seconds
[2025-08-19T03:13:40.257+0000] {processor.py:161} INFO - Started process (PID=22629) to work on /home/airflow/.local/lib/python3.12/site-packages/airflow/example_dags/example_branch_day_of_week_operator.py
[2025-08-19T03:13:40.258+0000] {processor.py:830} INFO - Processing file /home/airflow/.local/lib/python3.12/site-packages/airflow/example_dags/example_branch_day_of_week_operator.py for tasks to queue
[2025-08-19T03:13:40.259+0000] {logging_mixin.py:188} INFO - [2025-08-19T03:13:40.259+0000] {dagbag.py:545} INFO - Filling up the DagBag from /home/airflow/.local/lib/python3.12/site-packages/airflow/example_dags/example_branch_day_of_week_operator.py
[2025-08-19T03:13:40.267+0000] {processor.py:840} INFO - DAG(s) 'example_weekday_branch_operator' retrieved from /home/airflow/.local/lib/python3.12/site-packages/airflow/example_dags/example_branch_day_of_week_operator.py
[2025-08-19T03:13:40.290+0000] {logging_mixin.py:188} INFO - [2025-08-19T03:13:40.290+0000] {dag.py:3096} INFO - Sync 1 DAGs
[2025-08-19T03:13:40.314+0000] {logging_mixin.py:188} INFO - [2025-08-19T03:13:40.314+0000] {dag.py:3954} INFO - Setting next_dagrun for example_weekday_branch_operator to 2025-08-18 00:00:00+00:00, run_after=2025-08-19 00:00:00+00:00
[2025-08-19T03:13:40.340+0000] {processor.py:183} INFO - Processing /home/airflow/.local/lib/python3.12/site-packages/airflow/example_dags/example_branch_day_of_week_operator.py took 0.089 seconds
[2025-08-19T03:14:11.097+0000] {processor.py:161} INFO - Started process (PID=22682) to work on /home/airflow/.local/lib/python3.12/site-packages/airflow/example_dags/example_branch_day_of_week_operator.py
[2025-08-19T03:14:11.099+0000] {processor.py:830} INFO - Processing file /home/airflow/.local/lib/python3.12/site-packages/airflow/example_dags/example_branch_day_of_week_operator.py for tasks to queue
[2025-08-19T03:14:11.100+0000] {logging_mixin.py:188} INFO - [2025-08-19T03:14:11.100+0000] {dagbag.py:545} INFO - Filling up the DagBag from /home/airflow/.local/lib/python3.12/site-packages/airflow/example_dags/example_branch_day_of_week_operator.py
[2025-08-19T03:14:11.110+0000] {processor.py:840} INFO - DAG(s) 'example_weekday_branch_operator' retrieved from /home/airflow/.local/lib/python3.12/site-packages/airflow/example_dags/example_branch_day_of_week_operator.py
[2025-08-19T03:14:11.134+0000] {logging_mixin.py:188} INFO - [2025-08-19T03:14:11.134+0000] {dag.py:3096} INFO - Sync 1 DAGs
[2025-08-19T03:14:11.157+0000] {logging_mixin.py:188} INFO - [2025-08-19T03:14:11.157+0000] {dag.py:3954} INFO - Setting next_dagrun for example_weekday_branch_operator to 2025-08-18 00:00:00+00:00, run_after=2025-08-19 00:00:00+00:00
[2025-08-19T03:14:11.185+0000] {processor.py:183} INFO - Processing /home/airflow/.local/lib/python3.12/site-packages/airflow/example_dags/example_branch_day_of_week_operator.py took 0.096 seconds
[2025-08-19T03:14:41.877+0000] {processor.py:161} INFO - Started process (PID=22735) to work on /home/airflow/.local/lib/python3.12/site-packages/airflow/example_dags/example_branch_day_of_week_operator.py
[2025-08-19T03:14:41.879+0000] {processor.py:830} INFO - Processing file /home/airflow/.local/lib/python3.12/site-packages/airflow/example_dags/example_branch_day_of_week_operator.py for tasks to queue
[2025-08-19T03:14:41.880+0000] {logging_mixin.py:188} INFO - [2025-08-19T03:14:41.880+0000] {dagbag.py:545} INFO - Filling up the DagBag from /home/airflow/.local/lib/python3.12/site-packages/airflow/example_dags/example_branch_day_of_week_operator.py
[2025-08-19T03:14:41.889+0000] {processor.py:840} INFO - DAG(s) 'example_weekday_branch_operator' retrieved from /home/airflow/.local/lib/python3.12/site-packages/airflow/example_dags/example_branch_day_of_week_operator.py
[2025-08-19T03:14:41.912+0000] {logging_mixin.py:188} INFO - [2025-08-19T03:14:41.911+0000] {dag.py:3096} INFO - Sync 1 DAGs
[2025-08-19T03:14:41.935+0000] {logging_mixin.py:188} INFO - [2025-08-19T03:14:41.935+0000] {dag.py:3954} INFO - Setting next_dagrun for example_weekday_branch_operator to 2025-08-18 00:00:00+00:00, run_after=2025-08-19 00:00:00+00:00
[2025-08-19T03:14:41.961+0000] {processor.py:183} INFO - Processing /home/airflow/.local/lib/python3.12/site-packages/airflow/example_dags/example_branch_day_of_week_operator.py took 0.091 seconds
[2025-08-19T03:15:12.635+0000] {processor.py:161} INFO - Started process (PID=22788) to work on /home/airflow/.local/lib/python3.12/site-packages/airflow/example_dags/example_branch_day_of_week_operator.py
[2025-08-19T03:15:12.637+0000] {processor.py:830} INFO - Processing file /home/airflow/.local/lib/python3.12/site-packages/airflow/example_dags/example_branch_day_of_week_operator.py for tasks to queue
[2025-08-19T03:15:12.638+0000] {logging_mixin.py:188} INFO - [2025-08-19T03:15:12.638+0000] {dagbag.py:545} INFO - Filling up the DagBag from /home/airflow/.local/lib/python3.12/site-packages/airflow/example_dags/example_branch_day_of_week_operator.py
[2025-08-19T03:15:12.647+0000] {processor.py:840} INFO - DAG(s) 'example_weekday_branch_operator' retrieved from /home/airflow/.local/lib/python3.12/site-packages/airflow/example_dags/example_branch_day_of_week_operator.py
[2025-08-19T03:15:12.670+0000] {logging_mixin.py:188} INFO - [2025-08-19T03:15:12.670+0000] {dag.py:3096} INFO - Sync 1 DAGs
[2025-08-19T03:15:12.694+0000] {logging_mixin.py:188} INFO - [2025-08-19T03:15:12.694+0000] {dag.py:3954} INFO - Setting next_dagrun for example_weekday_branch_operator to 2025-08-18 00:00:00+00:00, run_after=2025-08-19 00:00:00+00:00
[2025-08-19T03:15:12.718+0000] {processor.py:183} INFO - Processing /home/airflow/.local/lib/python3.12/site-packages/airflow/example_dags/example_branch_day_of_week_operator.py took 0.089 seconds
[2025-08-19T03:15:43.515+0000] {processor.py:161} INFO - Started process (PID=22841) to work on /home/airflow/.local/lib/python3.12/site-packages/airflow/example_dags/example_branch_day_of_week_operator.py
[2025-08-19T03:15:43.516+0000] {processor.py:830} INFO - Processing file /home/airflow/.local/lib/python3.12/site-packages/airflow/example_dags/example_branch_day_of_week_operator.py for tasks to queue
[2025-08-19T03:15:43.517+0000] {logging_mixin.py:188} INFO - [2025-08-19T03:15:43.517+0000] {dagbag.py:545} INFO - Filling up the DagBag from /home/airflow/.local/lib/python3.12/site-packages/airflow/example_dags/example_branch_day_of_week_operator.py
[2025-08-19T03:15:43.526+0000] {processor.py:840} INFO - DAG(s) 'example_weekday_branch_operator' retrieved from /home/airflow/.local/lib/python3.12/site-packages/airflow/example_dags/example_branch_day_of_week_operator.py
[2025-08-19T03:15:43.548+0000] {logging_mixin.py:188} INFO - [2025-08-19T03:15:43.548+0000] {dag.py:3096} INFO - Sync 1 DAGs
[2025-08-19T03:15:43.575+0000] {logging_mixin.py:188} INFO - [2025-08-19T03:15:43.574+0000] {dag.py:3954} INFO - Setting next_dagrun for example_weekday_branch_operator to 2025-08-18 00:00:00+00:00, run_after=2025-08-19 00:00:00+00:00
[2025-08-19T03:15:43.600+0000] {processor.py:183} INFO - Processing /home/airflow/.local/lib/python3.12/site-packages/airflow/example_dags/example_branch_day_of_week_operator.py took 0.091 seconds
[2025-08-19T03:16:14.139+0000] {processor.py:161} INFO - Started process (PID=22894) to work on /home/airflow/.local/lib/python3.12/site-packages/airflow/example_dags/example_branch_day_of_week_operator.py
[2025-08-19T03:16:14.141+0000] {processor.py:830} INFO - Processing file /home/airflow/.local/lib/python3.12/site-packages/airflow/example_dags/example_branch_day_of_week_operator.py for tasks to queue
[2025-08-19T03:16:14.142+0000] {logging_mixin.py:188} INFO - [2025-08-19T03:16:14.142+0000] {dagbag.py:545} INFO - Filling up the DagBag from /home/airflow/.local/lib/python3.12/site-packages/airflow/example_dags/example_branch_day_of_week_operator.py
[2025-08-19T03:16:14.151+0000] {processor.py:840} INFO - DAG(s) 'example_weekday_branch_operator' retrieved from /home/airflow/.local/lib/python3.12/site-packages/airflow/example_dags/example_branch_day_of_week_operator.py
[2025-08-19T03:16:14.174+0000] {logging_mixin.py:188} INFO - [2025-08-19T03:16:14.174+0000] {dag.py:3096} INFO - Sync 1 DAGs
[2025-08-19T03:16:14.196+0000] {logging_mixin.py:188} INFO - [2025-08-19T03:16:14.196+0000] {dag.py:3954} INFO - Setting next_dagrun for example_weekday_branch_operator to 2025-08-18 00:00:00+00:00, run_after=2025-08-19 00:00:00+00:00
[2025-08-19T03:16:14.225+0000] {processor.py:183} INFO - Processing /home/airflow/.local/lib/python3.12/site-packages/airflow/example_dags/example_branch_day_of_week_operator.py took 0.092 seconds
[2025-08-19T03:16:44.521+0000] {processor.py:161} INFO - Started process (PID=22947) to work on /home/airflow/.local/lib/python3.12/site-packages/airflow/example_dags/example_branch_day_of_week_operator.py
[2025-08-19T03:16:44.523+0000] {processor.py:830} INFO - Processing file /home/airflow/.local/lib/python3.12/site-packages/airflow/example_dags/example_branch_day_of_week_operator.py for tasks to queue
[2025-08-19T03:16:44.524+0000] {logging_mixin.py:188} INFO - [2025-08-19T03:16:44.524+0000] {dagbag.py:545} INFO - Filling up the DagBag from /home/airflow/.local/lib/python3.12/site-packages/airflow/example_dags/example_branch_day_of_week_operator.py
[2025-08-19T03:16:44.532+0000] {processor.py:840} INFO - DAG(s) 'example_weekday_branch_operator' retrieved from /home/airflow/.local/lib/python3.12/site-packages/airflow/example_dags/example_branch_day_of_week_operator.py
[2025-08-19T03:16:44.556+0000] {logging_mixin.py:188} INFO - [2025-08-19T03:16:44.556+0000] {dag.py:3096} INFO - Sync 1 DAGs
[2025-08-19T03:16:44.578+0000] {logging_mixin.py:188} INFO - [2025-08-19T03:16:44.578+0000] {dag.py:3954} INFO - Setting next_dagrun for example_weekday_branch_operator to 2025-08-18 00:00:00+00:00, run_after=2025-08-19 00:00:00+00:00
[2025-08-19T03:16:44.600+0000] {processor.py:183} INFO - Processing /home/airflow/.local/lib/python3.12/site-packages/airflow/example_dags/example_branch_day_of_week_operator.py took 0.085 seconds
[2025-08-19T03:17:14.898+0000] {processor.py:161} INFO - Started process (PID=23000) to work on /home/airflow/.local/lib/python3.12/site-packages/airflow/example_dags/example_branch_day_of_week_operator.py
[2025-08-19T03:17:14.899+0000] {processor.py:830} INFO - Processing file /home/airflow/.local/lib/python3.12/site-packages/airflow/example_dags/example_branch_day_of_week_operator.py for tasks to queue
[2025-08-19T03:17:14.901+0000] {logging_mixin.py:188} INFO - [2025-08-19T03:17:14.901+0000] {dagbag.py:545} INFO - Filling up the DagBag from /home/airflow/.local/lib/python3.12/site-packages/airflow/example_dags/example_branch_day_of_week_operator.py
[2025-08-19T03:17:14.909+0000] {processor.py:840} INFO - DAG(s) 'example_weekday_branch_operator' retrieved from /home/airflow/.local/lib/python3.12/site-packages/airflow/example_dags/example_branch_day_of_week_operator.py
[2025-08-19T03:17:14.931+0000] {logging_mixin.py:188} INFO - [2025-08-19T03:17:14.931+0000] {dag.py:3096} INFO - Sync 1 DAGs
[2025-08-19T03:17:14.953+0000] {logging_mixin.py:188} INFO - [2025-08-19T03:17:14.953+0000] {dag.py:3954} INFO - Setting next_dagrun for example_weekday_branch_operator to 2025-08-18 00:00:00+00:00, run_after=2025-08-19 00:00:00+00:00
[2025-08-19T03:17:14.974+0000] {processor.py:183} INFO - Processing /home/airflow/.local/lib/python3.12/site-packages/airflow/example_dags/example_branch_day_of_week_operator.py took 0.083 seconds
[2025-08-19T03:17:45.794+0000] {processor.py:161} INFO - Started process (PID=23053) to work on /home/airflow/.local/lib/python3.12/site-packages/airflow/example_dags/example_branch_day_of_week_operator.py
[2025-08-19T03:17:45.795+0000] {processor.py:830} INFO - Processing file /home/airflow/.local/lib/python3.12/site-packages/airflow/example_dags/example_branch_day_of_week_operator.py for tasks to queue
[2025-08-19T03:17:45.796+0000] {logging_mixin.py:188} INFO - [2025-08-19T03:17:45.796+0000] {dagbag.py:545} INFO - Filling up the DagBag from /home/airflow/.local/lib/python3.12/site-packages/airflow/example_dags/example_branch_day_of_week_operator.py
[2025-08-19T03:17:45.804+0000] {processor.py:840} INFO - DAG(s) 'example_weekday_branch_operator' retrieved from /home/airflow/.local/lib/python3.12/site-packages/airflow/example_dags/example_branch_day_of_week_operator.py
[2025-08-19T03:17:45.827+0000] {logging_mixin.py:188} INFO - [2025-08-19T03:17:45.827+0000] {dag.py:3096} INFO - Sync 1 DAGs
[2025-08-19T03:17:45.849+0000] {logging_mixin.py:188} INFO - [2025-08-19T03:17:45.849+0000] {dag.py:3954} INFO - Setting next_dagrun for example_weekday_branch_operator to 2025-08-18 00:00:00+00:00, run_after=2025-08-19 00:00:00+00:00
[2025-08-19T03:17:45.870+0000] {processor.py:183} INFO - Processing /home/airflow/.local/lib/python3.12/site-packages/airflow/example_dags/example_branch_day_of_week_operator.py took 0.082 seconds
[2025-08-19T03:18:16.075+0000] {processor.py:161} INFO - Started process (PID=23106) to work on /home/airflow/.local/lib/python3.12/site-packages/airflow/example_dags/example_branch_day_of_week_operator.py
[2025-08-19T03:18:16.076+0000] {processor.py:830} INFO - Processing file /home/airflow/.local/lib/python3.12/site-packages/airflow/example_dags/example_branch_day_of_week_operator.py for tasks to queue
[2025-08-19T03:18:16.078+0000] {logging_mixin.py:188} INFO - [2025-08-19T03:18:16.077+0000] {dagbag.py:545} INFO - Filling up the DagBag from /home/airflow/.local/lib/python3.12/site-packages/airflow/example_dags/example_branch_day_of_week_operator.py
[2025-08-19T03:18:16.087+0000] {processor.py:840} INFO - DAG(s) 'example_weekday_branch_operator' retrieved from /home/airflow/.local/lib/python3.12/site-packages/airflow/example_dags/example_branch_day_of_week_operator.py
[2025-08-19T03:18:16.110+0000] {logging_mixin.py:188} INFO - [2025-08-19T03:18:16.110+0000] {dag.py:3096} INFO - Sync 1 DAGs
[2025-08-19T03:18:16.135+0000] {logging_mixin.py:188} INFO - [2025-08-19T03:18:16.134+0000] {dag.py:3954} INFO - Setting next_dagrun for example_weekday_branch_operator to 2025-08-18 00:00:00+00:00, run_after=2025-08-19 00:00:00+00:00
[2025-08-19T03:18:16.160+0000] {processor.py:183} INFO - Processing /home/airflow/.local/lib/python3.12/site-packages/airflow/example_dags/example_branch_day_of_week_operator.py took 0.091 seconds
[2025-08-19T03:18:46.327+0000] {processor.py:161} INFO - Started process (PID=23159) to work on /home/airflow/.local/lib/python3.12/site-packages/airflow/example_dags/example_branch_day_of_week_operator.py
[2025-08-19T03:18:46.328+0000] {processor.py:830} INFO - Processing file /home/airflow/.local/lib/python3.12/site-packages/airflow/example_dags/example_branch_day_of_week_operator.py for tasks to queue
[2025-08-19T03:18:46.329+0000] {logging_mixin.py:188} INFO - [2025-08-19T03:18:46.329+0000] {dagbag.py:545} INFO - Filling up the DagBag from /home/airflow/.local/lib/python3.12/site-packages/airflow/example_dags/example_branch_day_of_week_operator.py
[2025-08-19T03:18:46.338+0000] {processor.py:840} INFO - DAG(s) 'example_weekday_branch_operator' retrieved from /home/airflow/.local/lib/python3.12/site-packages/airflow/example_dags/example_branch_day_of_week_operator.py
[2025-08-19T03:18:46.360+0000] {logging_mixin.py:188} INFO - [2025-08-19T03:18:46.360+0000] {dag.py:3096} INFO - Sync 1 DAGs
[2025-08-19T03:18:46.383+0000] {logging_mixin.py:188} INFO - [2025-08-19T03:18:46.382+0000] {dag.py:3954} INFO - Setting next_dagrun for example_weekday_branch_operator to 2025-08-18 00:00:00+00:00, run_after=2025-08-19 00:00:00+00:00
[2025-08-19T03:18:46.408+0000] {processor.py:183} INFO - Processing /home/airflow/.local/lib/python3.12/site-packages/airflow/example_dags/example_branch_day_of_week_operator.py took 0.087 seconds
[2025-08-19T03:19:16.526+0000] {processor.py:161} INFO - Started process (PID=23212) to work on /home/airflow/.local/lib/python3.12/site-packages/airflow/example_dags/example_branch_day_of_week_operator.py
[2025-08-19T03:19:16.527+0000] {processor.py:830} INFO - Processing file /home/airflow/.local/lib/python3.12/site-packages/airflow/example_dags/example_branch_day_of_week_operator.py for tasks to queue
[2025-08-19T03:19:16.528+0000] {logging_mixin.py:188} INFO - [2025-08-19T03:19:16.528+0000] {dagbag.py:545} INFO - Filling up the DagBag from /home/airflow/.local/lib/python3.12/site-packages/airflow/example_dags/example_branch_day_of_week_operator.py
[2025-08-19T03:19:16.538+0000] {processor.py:840} INFO - DAG(s) 'example_weekday_branch_operator' retrieved from /home/airflow/.local/lib/python3.12/site-packages/airflow/example_dags/example_branch_day_of_week_operator.py
[2025-08-19T03:19:16.562+0000] {logging_mixin.py:188} INFO - [2025-08-19T03:19:16.562+0000] {dag.py:3096} INFO - Sync 1 DAGs
[2025-08-19T03:19:16.585+0000] {logging_mixin.py:188} INFO - [2025-08-19T03:19:16.585+0000] {dag.py:3954} INFO - Setting next_dagrun for example_weekday_branch_operator to 2025-08-18 00:00:00+00:00, run_after=2025-08-19 00:00:00+00:00
[2025-08-19T03:19:16.609+0000] {processor.py:183} INFO - Processing /home/airflow/.local/lib/python3.12/site-packages/airflow/example_dags/example_branch_day_of_week_operator.py took 0.090 seconds
[2025-08-19T03:19:47.427+0000] {processor.py:161} INFO - Started process (PID=23265) to work on /home/airflow/.local/lib/python3.12/site-packages/airflow/example_dags/example_branch_day_of_week_operator.py
[2025-08-19T03:19:47.429+0000] {processor.py:830} INFO - Processing file /home/airflow/.local/lib/python3.12/site-packages/airflow/example_dags/example_branch_day_of_week_operator.py for tasks to queue
[2025-08-19T03:19:47.430+0000] {logging_mixin.py:188} INFO - [2025-08-19T03:19:47.430+0000] {dagbag.py:545} INFO - Filling up the DagBag from /home/airflow/.local/lib/python3.12/site-packages/airflow/example_dags/example_branch_day_of_week_operator.py
[2025-08-19T03:19:47.440+0000] {processor.py:840} INFO - DAG(s) 'example_weekday_branch_operator' retrieved from /home/airflow/.local/lib/python3.12/site-packages/airflow/example_dags/example_branch_day_of_week_operator.py
[2025-08-19T03:19:47.467+0000] {logging_mixin.py:188} INFO - [2025-08-19T03:19:47.466+0000] {dag.py:3096} INFO - Sync 1 DAGs
[2025-08-19T03:19:47.493+0000] {logging_mixin.py:188} INFO - [2025-08-19T03:19:47.493+0000] {dag.py:3954} INFO - Setting next_dagrun for example_weekday_branch_operator to 2025-08-18 00:00:00+00:00, run_after=2025-08-19 00:00:00+00:00
[2025-08-19T03:19:47.531+0000] {processor.py:183} INFO - Processing /home/airflow/.local/lib/python3.12/site-packages/airflow/example_dags/example_branch_day_of_week_operator.py took 0.112 seconds
[2025-08-19T03:20:17.865+0000] {processor.py:161} INFO - Started process (PID=23318) to work on /home/airflow/.local/lib/python3.12/site-packages/airflow/example_dags/example_branch_day_of_week_operator.py
[2025-08-19T03:20:17.866+0000] {processor.py:830} INFO - Processing file /home/airflow/.local/lib/python3.12/site-packages/airflow/example_dags/example_branch_day_of_week_operator.py for tasks to queue
[2025-08-19T03:20:17.868+0000] {logging_mixin.py:188} INFO - [2025-08-19T03:20:17.867+0000] {dagbag.py:545} INFO - Filling up the DagBag from /home/airflow/.local/lib/python3.12/site-packages/airflow/example_dags/example_branch_day_of_week_operator.py
[2025-08-19T03:20:17.876+0000] {processor.py:840} INFO - DAG(s) 'example_weekday_branch_operator' retrieved from /home/airflow/.local/lib/python3.12/site-packages/airflow/example_dags/example_branch_day_of_week_operator.py
[2025-08-19T03:20:17.901+0000] {logging_mixin.py:188} INFO - [2025-08-19T03:20:17.901+0000] {dag.py:3096} INFO - Sync 1 DAGs
[2025-08-19T03:20:17.924+0000] {logging_mixin.py:188} INFO - [2025-08-19T03:20:17.924+0000] {dag.py:3954} INFO - Setting next_dagrun for example_weekday_branch_operator to 2025-08-18 00:00:00+00:00, run_after=2025-08-19 00:00:00+00:00
[2025-08-19T03:20:17.949+0000] {processor.py:183} INFO - Processing /home/airflow/.local/lib/python3.12/site-packages/airflow/example_dags/example_branch_day_of_week_operator.py took 0.091 seconds
[2025-08-19T03:20:48.244+0000] {processor.py:161} INFO - Started process (PID=23371) to work on /home/airflow/.local/lib/python3.12/site-packages/airflow/example_dags/example_branch_day_of_week_operator.py
[2025-08-19T03:20:48.246+0000] {processor.py:830} INFO - Processing file /home/airflow/.local/lib/python3.12/site-packages/airflow/example_dags/example_branch_day_of_week_operator.py for tasks to queue
[2025-08-19T03:20:48.247+0000] {logging_mixin.py:188} INFO - [2025-08-19T03:20:48.247+0000] {dagbag.py:545} INFO - Filling up the DagBag from /home/airflow/.local/lib/python3.12/site-packages/airflow/example_dags/example_branch_day_of_week_operator.py
[2025-08-19T03:20:48.257+0000] {processor.py:840} INFO - DAG(s) 'example_weekday_branch_operator' retrieved from /home/airflow/.local/lib/python3.12/site-packages/airflow/example_dags/example_branch_day_of_week_operator.py
[2025-08-19T03:20:48.285+0000] {logging_mixin.py:188} INFO - [2025-08-19T03:20:48.285+0000] {dag.py:3096} INFO - Sync 1 DAGs
[2025-08-19T03:20:48.309+0000] {logging_mixin.py:188} INFO - [2025-08-19T03:20:48.308+0000] {dag.py:3954} INFO - Setting next_dagrun for example_weekday_branch_operator to 2025-08-18 00:00:00+00:00, run_after=2025-08-19 00:00:00+00:00
[2025-08-19T03:20:48.340+0000] {processor.py:183} INFO - Processing /home/airflow/.local/lib/python3.12/site-packages/airflow/example_dags/example_branch_day_of_week_operator.py took 0.104 seconds
[2025-08-19T03:21:19.202+0000] {processor.py:161} INFO - Started process (PID=23424) to work on /home/airflow/.local/lib/python3.12/site-packages/airflow/example_dags/example_branch_day_of_week_operator.py
[2025-08-19T03:21:19.203+0000] {processor.py:830} INFO - Processing file /home/airflow/.local/lib/python3.12/site-packages/airflow/example_dags/example_branch_day_of_week_operator.py for tasks to queue
[2025-08-19T03:21:19.204+0000] {logging_mixin.py:188} INFO - [2025-08-19T03:21:19.204+0000] {dagbag.py:545} INFO - Filling up the DagBag from /home/airflow/.local/lib/python3.12/site-packages/airflow/example_dags/example_branch_day_of_week_operator.py
[2025-08-19T03:21:19.213+0000] {processor.py:840} INFO - DAG(s) 'example_weekday_branch_operator' retrieved from /home/airflow/.local/lib/python3.12/site-packages/airflow/example_dags/example_branch_day_of_week_operator.py
[2025-08-19T03:21:19.237+0000] {logging_mixin.py:188} INFO - [2025-08-19T03:21:19.237+0000] {dag.py:3096} INFO - Sync 1 DAGs
[2025-08-19T03:21:19.261+0000] {logging_mixin.py:188} INFO - [2025-08-19T03:21:19.260+0000] {dag.py:3954} INFO - Setting next_dagrun for example_weekday_branch_operator to 2025-08-18 00:00:00+00:00, run_after=2025-08-19 00:00:00+00:00
[2025-08-19T03:21:19.285+0000] {processor.py:183} INFO - Processing /home/airflow/.local/lib/python3.12/site-packages/airflow/example_dags/example_branch_day_of_week_operator.py took 0.089 seconds
[2025-08-19T03:21:49.736+0000] {processor.py:161} INFO - Started process (PID=23477) to work on /home/airflow/.local/lib/python3.12/site-packages/airflow/example_dags/example_branch_day_of_week_operator.py
[2025-08-19T03:21:49.737+0000] {processor.py:830} INFO - Processing file /home/airflow/.local/lib/python3.12/site-packages/airflow/example_dags/example_branch_day_of_week_operator.py for tasks to queue
[2025-08-19T03:21:49.739+0000] {logging_mixin.py:188} INFO - [2025-08-19T03:21:49.738+0000] {dagbag.py:545} INFO - Filling up the DagBag from /home/airflow/.local/lib/python3.12/site-packages/airflow/example_dags/example_branch_day_of_week_operator.py
[2025-08-19T03:21:49.747+0000] {processor.py:840} INFO - DAG(s) 'example_weekday_branch_operator' retrieved from /home/airflow/.local/lib/python3.12/site-packages/airflow/example_dags/example_branch_day_of_week_operator.py
[2025-08-19T03:21:49.776+0000] {logging_mixin.py:188} INFO - [2025-08-19T03:21:49.776+0000] {dag.py:3096} INFO - Sync 1 DAGs
[2025-08-19T03:21:49.806+0000] {logging_mixin.py:188} INFO - [2025-08-19T03:21:49.806+0000] {dag.py:3954} INFO - Setting next_dagrun for example_weekday_branch_operator to 2025-08-18 00:00:00+00:00, run_after=2025-08-19 00:00:00+00:00
[2025-08-19T03:21:49.842+0000] {processor.py:183} INFO - Processing /home/airflow/.local/lib/python3.12/site-packages/airflow/example_dags/example_branch_day_of_week_operator.py took 0.112 seconds
[2025-08-19T03:22:20.316+0000] {processor.py:161} INFO - Started process (PID=23530) to work on /home/airflow/.local/lib/python3.12/site-packages/airflow/example_dags/example_branch_day_of_week_operator.py
[2025-08-19T03:22:20.317+0000] {processor.py:830} INFO - Processing file /home/airflow/.local/lib/python3.12/site-packages/airflow/example_dags/example_branch_day_of_week_operator.py for tasks to queue
[2025-08-19T03:22:20.318+0000] {logging_mixin.py:188} INFO - [2025-08-19T03:22:20.318+0000] {dagbag.py:545} INFO - Filling up the DagBag from /home/airflow/.local/lib/python3.12/site-packages/airflow/example_dags/example_branch_day_of_week_operator.py
[2025-08-19T03:22:20.327+0000] {processor.py:840} INFO - DAG(s) 'example_weekday_branch_operator' retrieved from /home/airflow/.local/lib/python3.12/site-packages/airflow/example_dags/example_branch_day_of_week_operator.py
[2025-08-19T03:22:20.352+0000] {logging_mixin.py:188} INFO - [2025-08-19T03:22:20.351+0000] {dag.py:3096} INFO - Sync 1 DAGs
[2025-08-19T03:22:20.378+0000] {logging_mixin.py:188} INFO - [2025-08-19T03:22:20.378+0000] {dag.py:3954} INFO - Setting next_dagrun for example_weekday_branch_operator to 2025-08-18 00:00:00+00:00, run_after=2025-08-19 00:00:00+00:00
[2025-08-19T03:22:20.409+0000] {processor.py:183} INFO - Processing /home/airflow/.local/lib/python3.12/site-packages/airflow/example_dags/example_branch_day_of_week_operator.py took 0.100 seconds
[2025-08-19T03:22:50.806+0000] {processor.py:161} INFO - Started process (PID=23583) to work on /home/airflow/.local/lib/python3.12/site-packages/airflow/example_dags/example_branch_day_of_week_operator.py
[2025-08-19T03:22:50.807+0000] {processor.py:830} INFO - Processing file /home/airflow/.local/lib/python3.12/site-packages/airflow/example_dags/example_branch_day_of_week_operator.py for tasks to queue
[2025-08-19T03:22:50.809+0000] {logging_mixin.py:188} INFO - [2025-08-19T03:22:50.808+0000] {dagbag.py:545} INFO - Filling up the DagBag from /home/airflow/.local/lib/python3.12/site-packages/airflow/example_dags/example_branch_day_of_week_operator.py
[2025-08-19T03:22:50.818+0000] {processor.py:840} INFO - DAG(s) 'example_weekday_branch_operator' retrieved from /home/airflow/.local/lib/python3.12/site-packages/airflow/example_dags/example_branch_day_of_week_operator.py
[2025-08-19T03:22:50.846+0000] {logging_mixin.py:188} INFO - [2025-08-19T03:22:50.846+0000] {dag.py:3096} INFO - Sync 1 DAGs
[2025-08-19T03:22:50.871+0000] {logging_mixin.py:188} INFO - [2025-08-19T03:22:50.870+0000] {dag.py:3954} INFO - Setting next_dagrun for example_weekday_branch_operator to 2025-08-18 00:00:00+00:00, run_after=2025-08-19 00:00:00+00:00
[2025-08-19T03:22:50.898+0000] {processor.py:183} INFO - Processing /home/airflow/.local/lib/python3.12/site-packages/airflow/example_dags/example_branch_day_of_week_operator.py took 0.099 seconds
[2025-08-19T03:23:21.199+0000] {processor.py:161} INFO - Started process (PID=23636) to work on /home/airflow/.local/lib/python3.12/site-packages/airflow/example_dags/example_branch_day_of_week_operator.py
[2025-08-19T03:23:21.200+0000] {processor.py:830} INFO - Processing file /home/airflow/.local/lib/python3.12/site-packages/airflow/example_dags/example_branch_day_of_week_operator.py for tasks to queue
[2025-08-19T03:23:21.201+0000] {logging_mixin.py:188} INFO - [2025-08-19T03:23:21.201+0000] {dagbag.py:545} INFO - Filling up the DagBag from /home/airflow/.local/lib/python3.12/site-packages/airflow/example_dags/example_branch_day_of_week_operator.py
[2025-08-19T03:23:21.210+0000] {processor.py:840} INFO - DAG(s) 'example_weekday_branch_operator' retrieved from /home/airflow/.local/lib/python3.12/site-packages/airflow/example_dags/example_branch_day_of_week_operator.py
[2025-08-19T03:23:21.234+0000] {logging_mixin.py:188} INFO - [2025-08-19T03:23:21.234+0000] {dag.py:3096} INFO - Sync 1 DAGs
[2025-08-19T03:23:21.257+0000] {logging_mixin.py:188} INFO - [2025-08-19T03:23:21.257+0000] {dag.py:3954} INFO - Setting next_dagrun for example_weekday_branch_operator to 2025-08-18 00:00:00+00:00, run_after=2025-08-19 00:00:00+00:00
[2025-08-19T03:23:21.280+0000] {processor.py:183} INFO - Processing /home/airflow/.local/lib/python3.12/site-packages/airflow/example_dags/example_branch_day_of_week_operator.py took 0.087 seconds
[2025-08-19T03:23:51.684+0000] {processor.py:161} INFO - Started process (PID=23689) to work on /home/airflow/.local/lib/python3.12/site-packages/airflow/example_dags/example_branch_day_of_week_operator.py
[2025-08-19T03:23:51.685+0000] {processor.py:830} INFO - Processing file /home/airflow/.local/lib/python3.12/site-packages/airflow/example_dags/example_branch_day_of_week_operator.py for tasks to queue
[2025-08-19T03:23:51.687+0000] {logging_mixin.py:188} INFO - [2025-08-19T03:23:51.686+0000] {dagbag.py:545} INFO - Filling up the DagBag from /home/airflow/.local/lib/python3.12/site-packages/airflow/example_dags/example_branch_day_of_week_operator.py
[2025-08-19T03:23:51.695+0000] {processor.py:840} INFO - DAG(s) 'example_weekday_branch_operator' retrieved from /home/airflow/.local/lib/python3.12/site-packages/airflow/example_dags/example_branch_day_of_week_operator.py
[2025-08-19T03:23:51.718+0000] {logging_mixin.py:188} INFO - [2025-08-19T03:23:51.718+0000] {dag.py:3096} INFO - Sync 1 DAGs
[2025-08-19T03:23:51.742+0000] {logging_mixin.py:188} INFO - [2025-08-19T03:23:51.741+0000] {dag.py:3954} INFO - Setting next_dagrun for example_weekday_branch_operator to 2025-08-18 00:00:00+00:00, run_after=2025-08-19 00:00:00+00:00
[2025-08-19T03:23:51.764+0000] {processor.py:183} INFO - Processing /home/airflow/.local/lib/python3.12/site-packages/airflow/example_dags/example_branch_day_of_week_operator.py took 0.086 seconds
[2025-08-19T03:24:22.339+0000] {processor.py:161} INFO - Started process (PID=23742) to work on /home/airflow/.local/lib/python3.12/site-packages/airflow/example_dags/example_branch_day_of_week_operator.py
[2025-08-19T03:24:22.341+0000] {processor.py:830} INFO - Processing file /home/airflow/.local/lib/python3.12/site-packages/airflow/example_dags/example_branch_day_of_week_operator.py for tasks to queue
[2025-08-19T03:24:22.342+0000] {logging_mixin.py:188} INFO - [2025-08-19T03:24:22.342+0000] {dagbag.py:545} INFO - Filling up the DagBag from /home/airflow/.local/lib/python3.12/site-packages/airflow/example_dags/example_branch_day_of_week_operator.py
[2025-08-19T03:24:22.350+0000] {processor.py:840} INFO - DAG(s) 'example_weekday_branch_operator' retrieved from /home/airflow/.local/lib/python3.12/site-packages/airflow/example_dags/example_branch_day_of_week_operator.py
[2025-08-19T03:24:22.375+0000] {logging_mixin.py:188} INFO - [2025-08-19T03:24:22.375+0000] {dag.py:3096} INFO - Sync 1 DAGs
[2025-08-19T03:24:22.399+0000] {logging_mixin.py:188} INFO - [2025-08-19T03:24:22.399+0000] {dag.py:3954} INFO - Setting next_dagrun for example_weekday_branch_operator to 2025-08-18 00:00:00+00:00, run_after=2025-08-19 00:00:00+00:00
[2025-08-19T03:24:22.426+0000] {processor.py:183} INFO - Processing /home/airflow/.local/lib/python3.12/site-packages/airflow/example_dags/example_branch_day_of_week_operator.py took 0.093 seconds
[2025-08-19T03:24:52.955+0000] {processor.py:161} INFO - Started process (PID=23795) to work on /home/airflow/.local/lib/python3.12/site-packages/airflow/example_dags/example_branch_day_of_week_operator.py
[2025-08-19T03:24:52.956+0000] {processor.py:830} INFO - Processing file /home/airflow/.local/lib/python3.12/site-packages/airflow/example_dags/example_branch_day_of_week_operator.py for tasks to queue
[2025-08-19T03:24:52.958+0000] {logging_mixin.py:188} INFO - [2025-08-19T03:24:52.957+0000] {dagbag.py:545} INFO - Filling up the DagBag from /home/airflow/.local/lib/python3.12/site-packages/airflow/example_dags/example_branch_day_of_week_operator.py
[2025-08-19T03:24:52.967+0000] {processor.py:840} INFO - DAG(s) 'example_weekday_branch_operator' retrieved from /home/airflow/.local/lib/python3.12/site-packages/airflow/example_dags/example_branch_day_of_week_operator.py
[2025-08-19T03:24:52.991+0000] {logging_mixin.py:188} INFO - [2025-08-19T03:24:52.991+0000] {dag.py:3096} INFO - Sync 1 DAGs
[2025-08-19T03:24:53.017+0000] {logging_mixin.py:188} INFO - [2025-08-19T03:24:53.016+0000] {dag.py:3954} INFO - Setting next_dagrun for example_weekday_branch_operator to 2025-08-18 00:00:00+00:00, run_after=2025-08-19 00:00:00+00:00
[2025-08-19T03:24:53.043+0000] {processor.py:183} INFO - Processing /home/airflow/.local/lib/python3.12/site-packages/airflow/example_dags/example_branch_day_of_week_operator.py took 0.095 seconds
[2025-08-19T03:25:23.559+0000] {processor.py:161} INFO - Started process (PID=23848) to work on /home/airflow/.local/lib/python3.12/site-packages/airflow/example_dags/example_branch_day_of_week_operator.py
[2025-08-19T03:25:23.560+0000] {processor.py:830} INFO - Processing file /home/airflow/.local/lib/python3.12/site-packages/airflow/example_dags/example_branch_day_of_week_operator.py for tasks to queue
[2025-08-19T03:25:23.562+0000] {logging_mixin.py:188} INFO - [2025-08-19T03:25:23.561+0000] {dagbag.py:545} INFO - Filling up the DagBag from /home/airflow/.local/lib/python3.12/site-packages/airflow/example_dags/example_branch_day_of_week_operator.py
[2025-08-19T03:25:23.572+0000] {processor.py:840} INFO - DAG(s) 'example_weekday_branch_operator' retrieved from /home/airflow/.local/lib/python3.12/site-packages/airflow/example_dags/example_branch_day_of_week_operator.py
[2025-08-19T03:25:23.595+0000] {logging_mixin.py:188} INFO - [2025-08-19T03:25:23.595+0000] {dag.py:3096} INFO - Sync 1 DAGs
[2025-08-19T03:25:23.617+0000] {logging_mixin.py:188} INFO - [2025-08-19T03:25:23.617+0000] {dag.py:3954} INFO - Setting next_dagrun for example_weekday_branch_operator to 2025-08-18 00:00:00+00:00, run_after=2025-08-19 00:00:00+00:00
[2025-08-19T03:25:23.639+0000] {processor.py:183} INFO - Processing /home/airflow/.local/lib/python3.12/site-packages/airflow/example_dags/example_branch_day_of_week_operator.py took 0.087 seconds
[2025-08-19T03:25:53.953+0000] {processor.py:161} INFO - Started process (PID=23901) to work on /home/airflow/.local/lib/python3.12/site-packages/airflow/example_dags/example_branch_day_of_week_operator.py
[2025-08-19T03:25:53.954+0000] {processor.py:830} INFO - Processing file /home/airflow/.local/lib/python3.12/site-packages/airflow/example_dags/example_branch_day_of_week_operator.py for tasks to queue
[2025-08-19T03:25:53.955+0000] {logging_mixin.py:188} INFO - [2025-08-19T03:25:53.955+0000] {dagbag.py:545} INFO - Filling up the DagBag from /home/airflow/.local/lib/python3.12/site-packages/airflow/example_dags/example_branch_day_of_week_operator.py
[2025-08-19T03:25:53.963+0000] {processor.py:840} INFO - DAG(s) 'example_weekday_branch_operator' retrieved from /home/airflow/.local/lib/python3.12/site-packages/airflow/example_dags/example_branch_day_of_week_operator.py
[2025-08-19T03:25:53.993+0000] {logging_mixin.py:188} INFO - [2025-08-19T03:25:53.993+0000] {dag.py:3096} INFO - Sync 1 DAGs
[2025-08-19T03:25:54.019+0000] {logging_mixin.py:188} INFO - [2025-08-19T03:25:54.018+0000] {dag.py:3954} INFO - Setting next_dagrun for example_weekday_branch_operator to 2025-08-18 00:00:00+00:00, run_after=2025-08-19 00:00:00+00:00
[2025-08-19T03:25:54.047+0000] {processor.py:183} INFO - Processing /home/airflow/.local/lib/python3.12/site-packages/airflow/example_dags/example_branch_day_of_week_operator.py took 0.101 seconds
[2025-08-19T03:26:24.319+0000] {processor.py:161} INFO - Started process (PID=23954) to work on /home/airflow/.local/lib/python3.12/site-packages/airflow/example_dags/example_branch_day_of_week_operator.py
[2025-08-19T03:26:24.321+0000] {processor.py:830} INFO - Processing file /home/airflow/.local/lib/python3.12/site-packages/airflow/example_dags/example_branch_day_of_week_operator.py for tasks to queue
[2025-08-19T03:26:24.323+0000] {logging_mixin.py:188} INFO - [2025-08-19T03:26:24.322+0000] {dagbag.py:545} INFO - Filling up the DagBag from /home/airflow/.local/lib/python3.12/site-packages/airflow/example_dags/example_branch_day_of_week_operator.py
[2025-08-19T03:26:24.333+0000] {processor.py:840} INFO - DAG(s) 'example_weekday_branch_operator' retrieved from /home/airflow/.local/lib/python3.12/site-packages/airflow/example_dags/example_branch_day_of_week_operator.py
[2025-08-19T03:26:24.360+0000] {logging_mixin.py:188} INFO - [2025-08-19T03:26:24.359+0000] {dag.py:3096} INFO - Sync 1 DAGs
[2025-08-19T03:26:24.384+0000] {logging_mixin.py:188} INFO - [2025-08-19T03:26:24.384+0000] {dag.py:3954} INFO - Setting next_dagrun for example_weekday_branch_operator to 2025-08-18 00:00:00+00:00, run_after=2025-08-19 00:00:00+00:00
[2025-08-19T03:26:24.415+0000] {processor.py:183} INFO - Processing /home/airflow/.local/lib/python3.12/site-packages/airflow/example_dags/example_branch_day_of_week_operator.py took 0.103 seconds
[2025-08-19T03:26:54.810+0000] {processor.py:161} INFO - Started process (PID=24007) to work on /home/airflow/.local/lib/python3.12/site-packages/airflow/example_dags/example_branch_day_of_week_operator.py
[2025-08-19T03:26:54.811+0000] {processor.py:830} INFO - Processing file /home/airflow/.local/lib/python3.12/site-packages/airflow/example_dags/example_branch_day_of_week_operator.py for tasks to queue
[2025-08-19T03:26:54.813+0000] {logging_mixin.py:188} INFO - [2025-08-19T03:26:54.812+0000] {dagbag.py:545} INFO - Filling up the DagBag from /home/airflow/.local/lib/python3.12/site-packages/airflow/example_dags/example_branch_day_of_week_operator.py
[2025-08-19T03:26:54.821+0000] {processor.py:840} INFO - DAG(s) 'example_weekday_branch_operator' retrieved from /home/airflow/.local/lib/python3.12/site-packages/airflow/example_dags/example_branch_day_of_week_operator.py
[2025-08-19T03:26:54.847+0000] {logging_mixin.py:188} INFO - [2025-08-19T03:26:54.846+0000] {dag.py:3096} INFO - Sync 1 DAGs
[2025-08-19T03:26:54.870+0000] {logging_mixin.py:188} INFO - [2025-08-19T03:26:54.870+0000] {dag.py:3954} INFO - Setting next_dagrun for example_weekday_branch_operator to 2025-08-18 00:00:00+00:00, run_after=2025-08-19 00:00:00+00:00
[2025-08-19T03:26:54.894+0000] {processor.py:183} INFO - Processing /home/airflow/.local/lib/python3.12/site-packages/airflow/example_dags/example_branch_day_of_week_operator.py took 0.090 seconds
[2025-08-19T03:27:25.248+0000] {processor.py:161} INFO - Started process (PID=24060) to work on /home/airflow/.local/lib/python3.12/site-packages/airflow/example_dags/example_branch_day_of_week_operator.py
[2025-08-19T03:27:25.249+0000] {processor.py:830} INFO - Processing file /home/airflow/.local/lib/python3.12/site-packages/airflow/example_dags/example_branch_day_of_week_operator.py for tasks to queue
[2025-08-19T03:27:25.251+0000] {logging_mixin.py:188} INFO - [2025-08-19T03:27:25.250+0000] {dagbag.py:545} INFO - Filling up the DagBag from /home/airflow/.local/lib/python3.12/site-packages/airflow/example_dags/example_branch_day_of_week_operator.py
[2025-08-19T03:27:25.260+0000] {processor.py:840} INFO - DAG(s) 'example_weekday_branch_operator' retrieved from /home/airflow/.local/lib/python3.12/site-packages/airflow/example_dags/example_branch_day_of_week_operator.py
[2025-08-19T03:27:25.284+0000] {logging_mixin.py:188} INFO - [2025-08-19T03:27:25.284+0000] {dag.py:3096} INFO - Sync 1 DAGs
[2025-08-19T03:27:25.307+0000] {logging_mixin.py:188} INFO - [2025-08-19T03:27:25.307+0000] {dag.py:3954} INFO - Setting next_dagrun for example_weekday_branch_operator to 2025-08-18 00:00:00+00:00, run_after=2025-08-19 00:00:00+00:00
[2025-08-19T03:27:25.335+0000] {processor.py:183} INFO - Processing /home/airflow/.local/lib/python3.12/site-packages/airflow/example_dags/example_branch_day_of_week_operator.py took 0.094 seconds
[2025-08-19T03:27:55.775+0000] {processor.py:161} INFO - Started process (PID=24113) to work on /home/airflow/.local/lib/python3.12/site-packages/airflow/example_dags/example_branch_day_of_week_operator.py
[2025-08-19T03:27:55.777+0000] {processor.py:830} INFO - Processing file /home/airflow/.local/lib/python3.12/site-packages/airflow/example_dags/example_branch_day_of_week_operator.py for tasks to queue
[2025-08-19T03:27:55.778+0000] {logging_mixin.py:188} INFO - [2025-08-19T03:27:55.778+0000] {dagbag.py:545} INFO - Filling up the DagBag from /home/airflow/.local/lib/python3.12/site-packages/airflow/example_dags/example_branch_day_of_week_operator.py
[2025-08-19T03:27:55.786+0000] {processor.py:840} INFO - DAG(s) 'example_weekday_branch_operator' retrieved from /home/airflow/.local/lib/python3.12/site-packages/airflow/example_dags/example_branch_day_of_week_operator.py
[2025-08-19T03:27:55.815+0000] {logging_mixin.py:188} INFO - [2025-08-19T03:27:55.814+0000] {dag.py:3096} INFO - Sync 1 DAGs
[2025-08-19T03:27:55.840+0000] {logging_mixin.py:188} INFO - [2025-08-19T03:27:55.840+0000] {dag.py:3954} INFO - Setting next_dagrun for example_weekday_branch_operator to 2025-08-18 00:00:00+00:00, run_after=2025-08-19 00:00:00+00:00
[2025-08-19T03:27:55.866+0000] {processor.py:183} INFO - Processing /home/airflow/.local/lib/python3.12/site-packages/airflow/example_dags/example_branch_day_of_week_operator.py took 0.097 seconds
[2025-08-19T03:28:26.192+0000] {processor.py:161} INFO - Started process (PID=24166) to work on /home/airflow/.local/lib/python3.12/site-packages/airflow/example_dags/example_branch_day_of_week_operator.py
[2025-08-19T03:28:26.194+0000] {processor.py:830} INFO - Processing file /home/airflow/.local/lib/python3.12/site-packages/airflow/example_dags/example_branch_day_of_week_operator.py for tasks to queue
[2025-08-19T03:28:26.195+0000] {logging_mixin.py:188} INFO - [2025-08-19T03:28:26.195+0000] {dagbag.py:545} INFO - Filling up the DagBag from /home/airflow/.local/lib/python3.12/site-packages/airflow/example_dags/example_branch_day_of_week_operator.py
[2025-08-19T03:28:26.203+0000] {processor.py:840} INFO - DAG(s) 'example_weekday_branch_operator' retrieved from /home/airflow/.local/lib/python3.12/site-packages/airflow/example_dags/example_branch_day_of_week_operator.py
[2025-08-19T03:28:26.227+0000] {logging_mixin.py:188} INFO - [2025-08-19T03:28:26.227+0000] {dag.py:3096} INFO - Sync 1 DAGs
[2025-08-19T03:28:26.251+0000] {logging_mixin.py:188} INFO - [2025-08-19T03:28:26.251+0000] {dag.py:3954} INFO - Setting next_dagrun for example_weekday_branch_operator to 2025-08-18 00:00:00+00:00, run_after=2025-08-19 00:00:00+00:00
[2025-08-19T03:28:26.274+0000] {processor.py:183} INFO - Processing /home/airflow/.local/lib/python3.12/site-packages/airflow/example_dags/example_branch_day_of_week_operator.py took 0.088 seconds
[2025-08-19T03:28:56.660+0000] {processor.py:161} INFO - Started process (PID=24219) to work on /home/airflow/.local/lib/python3.12/site-packages/airflow/example_dags/example_branch_day_of_week_operator.py
[2025-08-19T03:28:56.661+0000] {processor.py:830} INFO - Processing file /home/airflow/.local/lib/python3.12/site-packages/airflow/example_dags/example_branch_day_of_week_operator.py for tasks to queue
[2025-08-19T03:28:56.662+0000] {logging_mixin.py:188} INFO - [2025-08-19T03:28:56.662+0000] {dagbag.py:545} INFO - Filling up the DagBag from /home/airflow/.local/lib/python3.12/site-packages/airflow/example_dags/example_branch_day_of_week_operator.py
[2025-08-19T03:28:56.671+0000] {processor.py:840} INFO - DAG(s) 'example_weekday_branch_operator' retrieved from /home/airflow/.local/lib/python3.12/site-packages/airflow/example_dags/example_branch_day_of_week_operator.py
[2025-08-19T03:28:56.697+0000] {logging_mixin.py:188} INFO - [2025-08-19T03:28:56.696+0000] {dag.py:3096} INFO - Sync 1 DAGs
[2025-08-19T03:28:56.723+0000] {logging_mixin.py:188} INFO - [2025-08-19T03:28:56.722+0000] {dag.py:3954} INFO - Setting next_dagrun for example_weekday_branch_operator to 2025-08-18 00:00:00+00:00, run_after=2025-08-19 00:00:00+00:00
[2025-08-19T03:28:56.747+0000] {processor.py:183} INFO - Processing /home/airflow/.local/lib/python3.12/site-packages/airflow/example_dags/example_branch_day_of_week_operator.py took 0.094 seconds
[2025-08-19T03:29:27.015+0000] {processor.py:161} INFO - Started process (PID=24272) to work on /home/airflow/.local/lib/python3.12/site-packages/airflow/example_dags/example_branch_day_of_week_operator.py
[2025-08-19T03:29:27.016+0000] {processor.py:830} INFO - Processing file /home/airflow/.local/lib/python3.12/site-packages/airflow/example_dags/example_branch_day_of_week_operator.py for tasks to queue
[2025-08-19T03:29:27.018+0000] {logging_mixin.py:188} INFO - [2025-08-19T03:29:27.017+0000] {dagbag.py:545} INFO - Filling up the DagBag from /home/airflow/.local/lib/python3.12/site-packages/airflow/example_dags/example_branch_day_of_week_operator.py
[2025-08-19T03:29:27.026+0000] {processor.py:840} INFO - DAG(s) 'example_weekday_branch_operator' retrieved from /home/airflow/.local/lib/python3.12/site-packages/airflow/example_dags/example_branch_day_of_week_operator.py
[2025-08-19T03:29:27.050+0000] {logging_mixin.py:188} INFO - [2025-08-19T03:29:27.049+0000] {dag.py:3096} INFO - Sync 1 DAGs
[2025-08-19T03:29:27.075+0000] {logging_mixin.py:188} INFO - [2025-08-19T03:29:27.075+0000] {dag.py:3954} INFO - Setting next_dagrun for example_weekday_branch_operator to 2025-08-18 00:00:00+00:00, run_after=2025-08-19 00:00:00+00:00
[2025-08-19T03:29:27.099+0000] {processor.py:183} INFO - Processing /home/airflow/.local/lib/python3.12/site-packages/airflow/example_dags/example_branch_day_of_week_operator.py took 0.090 seconds
[2025-08-19T03:29:57.375+0000] {processor.py:161} INFO - Started process (PID=24325) to work on /home/airflow/.local/lib/python3.12/site-packages/airflow/example_dags/example_branch_day_of_week_operator.py
[2025-08-19T03:29:57.377+0000] {processor.py:830} INFO - Processing file /home/airflow/.local/lib/python3.12/site-packages/airflow/example_dags/example_branch_day_of_week_operator.py for tasks to queue
[2025-08-19T03:29:57.378+0000] {logging_mixin.py:188} INFO - [2025-08-19T03:29:57.378+0000] {dagbag.py:545} INFO - Filling up the DagBag from /home/airflow/.local/lib/python3.12/site-packages/airflow/example_dags/example_branch_day_of_week_operator.py
[2025-08-19T03:29:57.387+0000] {processor.py:840} INFO - DAG(s) 'example_weekday_branch_operator' retrieved from /home/airflow/.local/lib/python3.12/site-packages/airflow/example_dags/example_branch_day_of_week_operator.py
[2025-08-19T03:29:57.414+0000] {logging_mixin.py:188} INFO - [2025-08-19T03:29:57.413+0000] {dag.py:3096} INFO - Sync 1 DAGs
[2025-08-19T03:29:57.438+0000] {logging_mixin.py:188} INFO - [2025-08-19T03:29:57.438+0000] {dag.py:3954} INFO - Setting next_dagrun for example_weekday_branch_operator to 2025-08-18 00:00:00+00:00, run_after=2025-08-19 00:00:00+00:00
[2025-08-19T03:29:57.463+0000] {processor.py:183} INFO - Processing /home/airflow/.local/lib/python3.12/site-packages/airflow/example_dags/example_branch_day_of_week_operator.py took 0.095 seconds
[2025-08-19T03:30:27.874+0000] {processor.py:161} INFO - Started process (PID=24378) to work on /home/airflow/.local/lib/python3.12/site-packages/airflow/example_dags/example_branch_day_of_week_operator.py
[2025-08-19T03:30:27.875+0000] {processor.py:830} INFO - Processing file /home/airflow/.local/lib/python3.12/site-packages/airflow/example_dags/example_branch_day_of_week_operator.py for tasks to queue
[2025-08-19T03:30:27.877+0000] {logging_mixin.py:188} INFO - [2025-08-19T03:30:27.876+0000] {dagbag.py:545} INFO - Filling up the DagBag from /home/airflow/.local/lib/python3.12/site-packages/airflow/example_dags/example_branch_day_of_week_operator.py
[2025-08-19T03:30:27.885+0000] {processor.py:840} INFO - DAG(s) 'example_weekday_branch_operator' retrieved from /home/airflow/.local/lib/python3.12/site-packages/airflow/example_dags/example_branch_day_of_week_operator.py
[2025-08-19T03:30:27.910+0000] {logging_mixin.py:188} INFO - [2025-08-19T03:30:27.910+0000] {dag.py:3096} INFO - Sync 1 DAGs
[2025-08-19T03:30:27.933+0000] {logging_mixin.py:188} INFO - [2025-08-19T03:30:27.932+0000] {dag.py:3954} INFO - Setting next_dagrun for example_weekday_branch_operator to 2025-08-18 00:00:00+00:00, run_after=2025-08-19 00:00:00+00:00
[2025-08-19T03:30:27.954+0000] {processor.py:183} INFO - Processing /home/airflow/.local/lib/python3.12/site-packages/airflow/example_dags/example_branch_day_of_week_operator.py took 0.086 seconds
[2025-08-19T03:30:58.533+0000] {processor.py:161} INFO - Started process (PID=24431) to work on /home/airflow/.local/lib/python3.12/site-packages/airflow/example_dags/example_branch_day_of_week_operator.py
[2025-08-19T03:30:58.534+0000] {processor.py:830} INFO - Processing file /home/airflow/.local/lib/python3.12/site-packages/airflow/example_dags/example_branch_day_of_week_operator.py for tasks to queue
[2025-08-19T03:30:58.535+0000] {logging_mixin.py:188} INFO - [2025-08-19T03:30:58.535+0000] {dagbag.py:545} INFO - Filling up the DagBag from /home/airflow/.local/lib/python3.12/site-packages/airflow/example_dags/example_branch_day_of_week_operator.py
[2025-08-19T03:30:58.543+0000] {processor.py:840} INFO - DAG(s) 'example_weekday_branch_operator' retrieved from /home/airflow/.local/lib/python3.12/site-packages/airflow/example_dags/example_branch_day_of_week_operator.py
[2025-08-19T03:30:58.569+0000] {logging_mixin.py:188} INFO - [2025-08-19T03:30:58.568+0000] {dag.py:3096} INFO - Sync 1 DAGs
[2025-08-19T03:30:58.593+0000] {logging_mixin.py:188} INFO - [2025-08-19T03:30:58.593+0000] {dag.py:3954} INFO - Setting next_dagrun for example_weekday_branch_operator to 2025-08-18 00:00:00+00:00, run_after=2025-08-19 00:00:00+00:00
[2025-08-19T03:30:58.622+0000] {processor.py:183} INFO - Processing /home/airflow/.local/lib/python3.12/site-packages/airflow/example_dags/example_branch_day_of_week_operator.py took 0.095 seconds
[2025-08-19T03:31:28.847+0000] {processor.py:161} INFO - Started process (PID=24484) to work on /home/airflow/.local/lib/python3.12/site-packages/airflow/example_dags/example_branch_day_of_week_operator.py
[2025-08-19T03:31:28.849+0000] {processor.py:830} INFO - Processing file /home/airflow/.local/lib/python3.12/site-packages/airflow/example_dags/example_branch_day_of_week_operator.py for tasks to queue
[2025-08-19T03:31:28.851+0000] {logging_mixin.py:188} INFO - [2025-08-19T03:31:28.850+0000] {dagbag.py:545} INFO - Filling up the DagBag from /home/airflow/.local/lib/python3.12/site-packages/airflow/example_dags/example_branch_day_of_week_operator.py
[2025-08-19T03:31:28.859+0000] {processor.py:840} INFO - DAG(s) 'example_weekday_branch_operator' retrieved from /home/airflow/.local/lib/python3.12/site-packages/airflow/example_dags/example_branch_day_of_week_operator.py
[2025-08-19T03:31:28.882+0000] {logging_mixin.py:188} INFO - [2025-08-19T03:31:28.882+0000] {dag.py:3096} INFO - Sync 1 DAGs
[2025-08-19T03:31:28.906+0000] {logging_mixin.py:188} INFO - [2025-08-19T03:31:28.906+0000] {dag.py:3954} INFO - Setting next_dagrun for example_weekday_branch_operator to 2025-08-18 00:00:00+00:00, run_after=2025-08-19 00:00:00+00:00
[2025-08-19T03:31:28.929+0000] {processor.py:183} INFO - Processing /home/airflow/.local/lib/python3.12/site-packages/airflow/example_dags/example_branch_day_of_week_operator.py took 0.088 seconds
[2025-08-19T03:31:59.131+0000] {processor.py:161} INFO - Started process (PID=24537) to work on /home/airflow/.local/lib/python3.12/site-packages/airflow/example_dags/example_branch_day_of_week_operator.py
[2025-08-19T03:31:59.133+0000] {processor.py:830} INFO - Processing file /home/airflow/.local/lib/python3.12/site-packages/airflow/example_dags/example_branch_day_of_week_operator.py for tasks to queue
[2025-08-19T03:31:59.134+0000] {logging_mixin.py:188} INFO - [2025-08-19T03:31:59.134+0000] {dagbag.py:545} INFO - Filling up the DagBag from /home/airflow/.local/lib/python3.12/site-packages/airflow/example_dags/example_branch_day_of_week_operator.py
[2025-08-19T03:31:59.143+0000] {processor.py:840} INFO - DAG(s) 'example_weekday_branch_operator' retrieved from /home/airflow/.local/lib/python3.12/site-packages/airflow/example_dags/example_branch_day_of_week_operator.py
[2025-08-19T03:31:59.167+0000] {logging_mixin.py:188} INFO - [2025-08-19T03:31:59.167+0000] {dag.py:3096} INFO - Sync 1 DAGs
[2025-08-19T03:31:59.193+0000] {logging_mixin.py:188} INFO - [2025-08-19T03:31:59.193+0000] {dag.py:3954} INFO - Setting next_dagrun for example_weekday_branch_operator to 2025-08-18 00:00:00+00:00, run_after=2025-08-19 00:00:00+00:00
[2025-08-19T03:31:59.218+0000] {processor.py:183} INFO - Processing /home/airflow/.local/lib/python3.12/site-packages/airflow/example_dags/example_branch_day_of_week_operator.py took 0.093 seconds
[2025-08-19T03:32:29.829+0000] {processor.py:161} INFO - Started process (PID=24590) to work on /home/airflow/.local/lib/python3.12/site-packages/airflow/example_dags/example_branch_day_of_week_operator.py
[2025-08-19T03:32:29.830+0000] {processor.py:830} INFO - Processing file /home/airflow/.local/lib/python3.12/site-packages/airflow/example_dags/example_branch_day_of_week_operator.py for tasks to queue
[2025-08-19T03:32:29.832+0000] {logging_mixin.py:188} INFO - [2025-08-19T03:32:29.831+0000] {dagbag.py:545} INFO - Filling up the DagBag from /home/airflow/.local/lib/python3.12/site-packages/airflow/example_dags/example_branch_day_of_week_operator.py
[2025-08-19T03:32:29.840+0000] {processor.py:840} INFO - DAG(s) 'example_weekday_branch_operator' retrieved from /home/airflow/.local/lib/python3.12/site-packages/airflow/example_dags/example_branch_day_of_week_operator.py
[2025-08-19T03:32:29.866+0000] {logging_mixin.py:188} INFO - [2025-08-19T03:32:29.866+0000] {dag.py:3096} INFO - Sync 1 DAGs
[2025-08-19T03:32:29.893+0000] {logging_mixin.py:188} INFO - [2025-08-19T03:32:29.893+0000] {dag.py:3954} INFO - Setting next_dagrun for example_weekday_branch_operator to 2025-08-18 00:00:00+00:00, run_after=2025-08-19 00:00:00+00:00
[2025-08-19T03:32:29.932+0000] {processor.py:183} INFO - Processing /home/airflow/.local/lib/python3.12/site-packages/airflow/example_dags/example_branch_day_of_week_operator.py took 0.110 seconds
[2025-08-19T03:33:00.620+0000] {processor.py:161} INFO - Started process (PID=24643) to work on /home/airflow/.local/lib/python3.12/site-packages/airflow/example_dags/example_branch_day_of_week_operator.py
[2025-08-19T03:33:00.623+0000] {processor.py:830} INFO - Processing file /home/airflow/.local/lib/python3.12/site-packages/airflow/example_dags/example_branch_day_of_week_operator.py for tasks to queue
[2025-08-19T03:33:00.627+0000] {logging_mixin.py:188} INFO - [2025-08-19T03:33:00.625+0000] {dagbag.py:545} INFO - Filling up the DagBag from /home/airflow/.local/lib/python3.12/site-packages/airflow/example_dags/example_branch_day_of_week_operator.py
[2025-08-19T03:33:00.656+0000] {processor.py:840} INFO - DAG(s) 'example_weekday_branch_operator' retrieved from /home/airflow/.local/lib/python3.12/site-packages/airflow/example_dags/example_branch_day_of_week_operator.py
[2025-08-19T03:33:00.711+0000] {logging_mixin.py:188} INFO - [2025-08-19T03:33:00.710+0000] {dag.py:3096} INFO - Sync 1 DAGs
[2025-08-19T03:33:00.759+0000] {logging_mixin.py:188} INFO - [2025-08-19T03:33:00.758+0000] {dag.py:3954} INFO - Setting next_dagrun for example_weekday_branch_operator to 2025-08-18 00:00:00+00:00, run_after=2025-08-19 00:00:00+00:00
[2025-08-19T03:33:00.811+0000] {processor.py:183} INFO - Processing /home/airflow/.local/lib/python3.12/site-packages/airflow/example_dags/example_branch_day_of_week_operator.py took 0.211 seconds
[2025-08-19T03:33:34.567+0000] {processor.py:161} INFO - Started process (PID=24696) to work on /home/airflow/.local/lib/python3.12/site-packages/airflow/example_dags/example_branch_day_of_week_operator.py
[2025-08-19T03:33:34.580+0000] {processor.py:830} INFO - Processing file /home/airflow/.local/lib/python3.12/site-packages/airflow/example_dags/example_branch_day_of_week_operator.py for tasks to queue
[2025-08-19T03:33:34.587+0000] {logging_mixin.py:188} INFO - [2025-08-19T03:33:34.586+0000] {dagbag.py:545} INFO - Filling up the DagBag from /home/airflow/.local/lib/python3.12/site-packages/airflow/example_dags/example_branch_day_of_week_operator.py
[2025-08-19T03:33:34.640+0000] {processor.py:840} INFO - DAG(s) 'example_weekday_branch_operator' retrieved from /home/airflow/.local/lib/python3.12/site-packages/airflow/example_dags/example_branch_day_of_week_operator.py
[2025-08-19T03:33:34.826+0000] {logging_mixin.py:188} INFO - [2025-08-19T03:33:34.825+0000] {dag.py:3096} INFO - Sync 1 DAGs
[2025-08-19T03:33:34.965+0000] {logging_mixin.py:188} INFO - [2025-08-19T03:33:34.964+0000] {dag.py:3954} INFO - Setting next_dagrun for example_weekday_branch_operator to 2025-08-18 00:00:00+00:00, run_after=2025-08-19 00:00:00+00:00
[2025-08-19T03:33:35.075+0000] {processor.py:183} INFO - Processing /home/airflow/.local/lib/python3.12/site-packages/airflow/example_dags/example_branch_day_of_week_operator.py took 0.544 seconds
[2025-08-19T03:34:05.516+0000] {processor.py:161} INFO - Started process (PID=24749) to work on /home/airflow/.local/lib/python3.12/site-packages/airflow/example_dags/example_branch_day_of_week_operator.py
[2025-08-19T03:34:05.518+0000] {processor.py:830} INFO - Processing file /home/airflow/.local/lib/python3.12/site-packages/airflow/example_dags/example_branch_day_of_week_operator.py for tasks to queue
[2025-08-19T03:34:05.519+0000] {logging_mixin.py:188} INFO - [2025-08-19T03:34:05.519+0000] {dagbag.py:545} INFO - Filling up the DagBag from /home/airflow/.local/lib/python3.12/site-packages/airflow/example_dags/example_branch_day_of_week_operator.py
[2025-08-19T03:34:05.530+0000] {processor.py:840} INFO - DAG(s) 'example_weekday_branch_operator' retrieved from /home/airflow/.local/lib/python3.12/site-packages/airflow/example_dags/example_branch_day_of_week_operator.py
[2025-08-19T03:34:05.556+0000] {logging_mixin.py:188} INFO - [2025-08-19T03:34:05.556+0000] {dag.py:3096} INFO - Sync 1 DAGs
[2025-08-19T03:34:05.582+0000] {logging_mixin.py:188} INFO - [2025-08-19T03:34:05.582+0000] {dag.py:3954} INFO - Setting next_dagrun for example_weekday_branch_operator to 2025-08-18 00:00:00+00:00, run_after=2025-08-19 00:00:00+00:00
[2025-08-19T03:34:05.608+0000] {processor.py:183} INFO - Processing /home/airflow/.local/lib/python3.12/site-packages/airflow/example_dags/example_branch_day_of_week_operator.py took 0.098 seconds
[2025-08-19T03:34:35.977+0000] {processor.py:161} INFO - Started process (PID=24802) to work on /home/airflow/.local/lib/python3.12/site-packages/airflow/example_dags/example_branch_day_of_week_operator.py
[2025-08-19T03:34:35.979+0000] {processor.py:830} INFO - Processing file /home/airflow/.local/lib/python3.12/site-packages/airflow/example_dags/example_branch_day_of_week_operator.py for tasks to queue
[2025-08-19T03:34:35.981+0000] {logging_mixin.py:188} INFO - [2025-08-19T03:34:35.980+0000] {dagbag.py:545} INFO - Filling up the DagBag from /home/airflow/.local/lib/python3.12/site-packages/airflow/example_dags/example_branch_day_of_week_operator.py
[2025-08-19T03:34:35.989+0000] {processor.py:840} INFO - DAG(s) 'example_weekday_branch_operator' retrieved from /home/airflow/.local/lib/python3.12/site-packages/airflow/example_dags/example_branch_day_of_week_operator.py
[2025-08-19T03:34:36.016+0000] {logging_mixin.py:188} INFO - [2025-08-19T03:34:36.016+0000] {dag.py:3096} INFO - Sync 1 DAGs
[2025-08-19T03:34:36.039+0000] {logging_mixin.py:188} INFO - [2025-08-19T03:34:36.039+0000] {dag.py:3954} INFO - Setting next_dagrun for example_weekday_branch_operator to 2025-08-18 00:00:00+00:00, run_after=2025-08-19 00:00:00+00:00
[2025-08-19T03:34:36.073+0000] {processor.py:183} INFO - Processing /home/airflow/.local/lib/python3.12/site-packages/airflow/example_dags/example_branch_day_of_week_operator.py took 0.105 seconds
[2025-08-19T03:35:06.193+0000] {processor.py:161} INFO - Started process (PID=24855) to work on /home/airflow/.local/lib/python3.12/site-packages/airflow/example_dags/example_branch_day_of_week_operator.py
[2025-08-19T03:35:06.194+0000] {processor.py:830} INFO - Processing file /home/airflow/.local/lib/python3.12/site-packages/airflow/example_dags/example_branch_day_of_week_operator.py for tasks to queue
[2025-08-19T03:35:06.195+0000] {logging_mixin.py:188} INFO - [2025-08-19T03:35:06.195+0000] {dagbag.py:545} INFO - Filling up the DagBag from /home/airflow/.local/lib/python3.12/site-packages/airflow/example_dags/example_branch_day_of_week_operator.py
[2025-08-19T03:35:06.203+0000] {processor.py:840} INFO - DAG(s) 'example_weekday_branch_operator' retrieved from /home/airflow/.local/lib/python3.12/site-packages/airflow/example_dags/example_branch_day_of_week_operator.py
[2025-08-19T03:35:06.233+0000] {logging_mixin.py:188} INFO - [2025-08-19T03:35:06.233+0000] {dag.py:3096} INFO - Sync 1 DAGs
[2025-08-19T03:35:06.263+0000] {logging_mixin.py:188} INFO - [2025-08-19T03:35:06.263+0000] {dag.py:3954} INFO - Setting next_dagrun for example_weekday_branch_operator to 2025-08-18 00:00:00+00:00, run_after=2025-08-19 00:00:00+00:00
[2025-08-19T03:35:06.288+0000] {processor.py:183} INFO - Processing /home/airflow/.local/lib/python3.12/site-packages/airflow/example_dags/example_branch_day_of_week_operator.py took 0.101 seconds
[2025-08-19T03:35:37.012+0000] {processor.py:161} INFO - Started process (PID=24908) to work on /home/airflow/.local/lib/python3.12/site-packages/airflow/example_dags/example_branch_day_of_week_operator.py
[2025-08-19T03:35:37.013+0000] {processor.py:830} INFO - Processing file /home/airflow/.local/lib/python3.12/site-packages/airflow/example_dags/example_branch_day_of_week_operator.py for tasks to queue
[2025-08-19T03:35:37.015+0000] {logging_mixin.py:188} INFO - [2025-08-19T03:35:37.014+0000] {dagbag.py:545} INFO - Filling up the DagBag from /home/airflow/.local/lib/python3.12/site-packages/airflow/example_dags/example_branch_day_of_week_operator.py
[2025-08-19T03:35:37.027+0000] {processor.py:840} INFO - DAG(s) 'example_weekday_branch_operator' retrieved from /home/airflow/.local/lib/python3.12/site-packages/airflow/example_dags/example_branch_day_of_week_operator.py
[2025-08-19T03:35:37.058+0000] {logging_mixin.py:188} INFO - [2025-08-19T03:35:37.058+0000] {dag.py:3096} INFO - Sync 1 DAGs
[2025-08-19T03:35:37.097+0000] {logging_mixin.py:188} INFO - [2025-08-19T03:35:37.096+0000] {dag.py:3954} INFO - Setting next_dagrun for example_weekday_branch_operator to 2025-08-18 00:00:00+00:00, run_after=2025-08-19 00:00:00+00:00
[2025-08-19T03:35:37.130+0000] {processor.py:183} INFO - Processing /home/airflow/.local/lib/python3.12/site-packages/airflow/example_dags/example_branch_day_of_week_operator.py took 0.126 seconds
[2025-08-19T03:36:07.359+0000] {processor.py:161} INFO - Started process (PID=24961) to work on /home/airflow/.local/lib/python3.12/site-packages/airflow/example_dags/example_branch_day_of_week_operator.py
[2025-08-19T03:36:07.361+0000] {processor.py:830} INFO - Processing file /home/airflow/.local/lib/python3.12/site-packages/airflow/example_dags/example_branch_day_of_week_operator.py for tasks to queue
[2025-08-19T03:36:07.362+0000] {logging_mixin.py:188} INFO - [2025-08-19T03:36:07.362+0000] {dagbag.py:545} INFO - Filling up the DagBag from /home/airflow/.local/lib/python3.12/site-packages/airflow/example_dags/example_branch_day_of_week_operator.py
[2025-08-19T03:36:07.374+0000] {processor.py:840} INFO - DAG(s) 'example_weekday_branch_operator' retrieved from /home/airflow/.local/lib/python3.12/site-packages/airflow/example_dags/example_branch_day_of_week_operator.py
[2025-08-19T03:36:07.409+0000] {logging_mixin.py:188} INFO - [2025-08-19T03:36:07.409+0000] {dag.py:3096} INFO - Sync 1 DAGs
[2025-08-19T03:36:07.435+0000] {logging_mixin.py:188} INFO - [2025-08-19T03:36:07.435+0000] {dag.py:3954} INFO - Setting next_dagrun for example_weekday_branch_operator to 2025-08-18 00:00:00+00:00, run_after=2025-08-19 00:00:00+00:00
[2025-08-19T03:36:07.463+0000] {processor.py:183} INFO - Processing /home/airflow/.local/lib/python3.12/site-packages/airflow/example_dags/example_branch_day_of_week_operator.py took 0.112 seconds
[2025-08-19T03:36:37.612+0000] {processor.py:161} INFO - Started process (PID=25014) to work on /home/airflow/.local/lib/python3.12/site-packages/airflow/example_dags/example_branch_day_of_week_operator.py
[2025-08-19T03:36:37.614+0000] {processor.py:830} INFO - Processing file /home/airflow/.local/lib/python3.12/site-packages/airflow/example_dags/example_branch_day_of_week_operator.py for tasks to queue
[2025-08-19T03:36:37.615+0000] {logging_mixin.py:188} INFO - [2025-08-19T03:36:37.615+0000] {dagbag.py:545} INFO - Filling up the DagBag from /home/airflow/.local/lib/python3.12/site-packages/airflow/example_dags/example_branch_day_of_week_operator.py
[2025-08-19T03:36:37.626+0000] {processor.py:840} INFO - DAG(s) 'example_weekday_branch_operator' retrieved from /home/airflow/.local/lib/python3.12/site-packages/airflow/example_dags/example_branch_day_of_week_operator.py
[2025-08-19T03:36:37.658+0000] {logging_mixin.py:188} INFO - [2025-08-19T03:36:37.658+0000] {dag.py:3096} INFO - Sync 1 DAGs
[2025-08-19T03:36:37.690+0000] {logging_mixin.py:188} INFO - [2025-08-19T03:36:37.690+0000] {dag.py:3954} INFO - Setting next_dagrun for example_weekday_branch_operator to 2025-08-18 00:00:00+00:00, run_after=2025-08-19 00:00:00+00:00
[2025-08-19T03:36:37.721+0000] {processor.py:183} INFO - Processing /home/airflow/.local/lib/python3.12/site-packages/airflow/example_dags/example_branch_day_of_week_operator.py took 0.117 seconds
[2025-08-19T03:37:08.565+0000] {processor.py:161} INFO - Started process (PID=25067) to work on /home/airflow/.local/lib/python3.12/site-packages/airflow/example_dags/example_branch_day_of_week_operator.py
[2025-08-19T03:37:08.567+0000] {processor.py:830} INFO - Processing file /home/airflow/.local/lib/python3.12/site-packages/airflow/example_dags/example_branch_day_of_week_operator.py for tasks to queue
[2025-08-19T03:37:08.568+0000] {logging_mixin.py:188} INFO - [2025-08-19T03:37:08.568+0000] {dagbag.py:545} INFO - Filling up the DagBag from /home/airflow/.local/lib/python3.12/site-packages/airflow/example_dags/example_branch_day_of_week_operator.py
[2025-08-19T03:37:08.577+0000] {processor.py:840} INFO - DAG(s) 'example_weekday_branch_operator' retrieved from /home/airflow/.local/lib/python3.12/site-packages/airflow/example_dags/example_branch_day_of_week_operator.py
[2025-08-19T03:37:08.603+0000] {logging_mixin.py:188} INFO - [2025-08-19T03:37:08.603+0000] {dag.py:3096} INFO - Sync 1 DAGs
[2025-08-19T03:37:08.631+0000] {logging_mixin.py:188} INFO - [2025-08-19T03:37:08.631+0000] {dag.py:3954} INFO - Setting next_dagrun for example_weekday_branch_operator to 2025-08-18 00:00:00+00:00, run_after=2025-08-19 00:00:00+00:00
[2025-08-19T03:37:08.659+0000] {processor.py:183} INFO - Processing /home/airflow/.local/lib/python3.12/site-packages/airflow/example_dags/example_branch_day_of_week_operator.py took 0.100 seconds
