[2025-08-19T03:10:07.900+0000] {processor.py:161} INFO - Started process (PID=22269) to work on /home/airflow/.local/lib/python3.12/site-packages/airflow/example_dags/example_sla_dag.py
[2025-08-19T03:10:07.902+0000] {processor.py:830} INFO - Processing file /home/airflow/.local/lib/python3.12/site-packages/airflow/example_dags/example_sla_dag.py for tasks to queue
[2025-08-19T03:10:07.905+0000] {logging_mixin.py:188} INFO - [2025-08-19T03:10:07.904+0000] {dagbag.py:545} INFO - Filling up the DagBag from /home/airflow/.local/lib/python3.12/site-packages/airflow/example_dags/example_sla_dag.py
[2025-08-19T03:10:07.991+0000] {processor.py:840} INFO - DAG(s) 'example_sla_dag' retrieved from /home/airflow/.local/lib/python3.12/site-packages/airflow/example_dags/example_sla_dag.py
[2025-08-19T03:10:08.031+0000] {logging_mixin.py:188} INFO - [2025-08-19T03:10:08.031+0000] {dag.py:3096} INFO - Sync 1 DAGs
[2025-08-19T03:10:08.092+0000] {logging_mixin.py:188} INFO - [2025-08-19T03:10:08.092+0000] {dag.py:3954} INFO - Setting next_dagrun for example_sla_dag to 2025-08-19 03:08:00+00:00, run_after=2025-08-19 03:10:00+00:00
[2025-08-19T03:10:08.137+0000] {processor.py:183} INFO - Processing /home/airflow/.local/lib/python3.12/site-packages/airflow/example_dags/example_sla_dag.py took 0.253 seconds
[2025-08-19T03:10:38.713+0000] {processor.py:161} INFO - Started process (PID=22322) to work on /home/airflow/.local/lib/python3.12/site-packages/airflow/example_dags/example_sla_dag.py
[2025-08-19T03:10:38.715+0000] {processor.py:830} INFO - Processing file /home/airflow/.local/lib/python3.12/site-packages/airflow/example_dags/example_sla_dag.py for tasks to queue
[2025-08-19T03:10:38.717+0000] {logging_mixin.py:188} INFO - [2025-08-19T03:10:38.716+0000] {dagbag.py:545} INFO - Filling up the DagBag from /home/airflow/.local/lib/python3.12/site-packages/airflow/example_dags/example_sla_dag.py
[2025-08-19T03:10:38.726+0000] {processor.py:840} INFO - DAG(s) 'example_sla_dag' retrieved from /home/airflow/.local/lib/python3.12/site-packages/airflow/example_dags/example_sla_dag.py
[2025-08-19T03:10:38.752+0000] {logging_mixin.py:188} INFO - [2025-08-19T03:10:38.752+0000] {dag.py:3096} INFO - Sync 1 DAGs
[2025-08-19T03:10:38.776+0000] {logging_mixin.py:188} INFO - [2025-08-19T03:10:38.776+0000] {dag.py:3954} INFO - Setting next_dagrun for example_sla_dag to 2025-08-19 03:08:00+00:00, run_after=2025-08-19 03:10:00+00:00
[2025-08-19T03:10:38.795+0000] {processor.py:183} INFO - Processing /home/airflow/.local/lib/python3.12/site-packages/airflow/example_dags/example_sla_dag.py took 0.089 seconds
[2025-08-19T03:11:09.463+0000] {processor.py:161} INFO - Started process (PID=22375) to work on /home/airflow/.local/lib/python3.12/site-packages/airflow/example_dags/example_sla_dag.py
[2025-08-19T03:11:09.465+0000] {processor.py:830} INFO - Processing file /home/airflow/.local/lib/python3.12/site-packages/airflow/example_dags/example_sla_dag.py for tasks to queue
[2025-08-19T03:11:09.466+0000] {logging_mixin.py:188} INFO - [2025-08-19T03:11:09.466+0000] {dagbag.py:545} INFO - Filling up the DagBag from /home/airflow/.local/lib/python3.12/site-packages/airflow/example_dags/example_sla_dag.py
[2025-08-19T03:11:09.476+0000] {processor.py:840} INFO - DAG(s) 'example_sla_dag' retrieved from /home/airflow/.local/lib/python3.12/site-packages/airflow/example_dags/example_sla_dag.py
[2025-08-19T03:11:09.500+0000] {logging_mixin.py:188} INFO - [2025-08-19T03:11:09.500+0000] {dag.py:3096} INFO - Sync 1 DAGs
[2025-08-19T03:11:09.528+0000] {logging_mixin.py:188} INFO - [2025-08-19T03:11:09.528+0000] {dag.py:3954} INFO - Setting next_dagrun for example_sla_dag to 2025-08-19 03:08:00+00:00, run_after=2025-08-19 03:10:00+00:00
[2025-08-19T03:11:09.554+0000] {processor.py:183} INFO - Processing /home/airflow/.local/lib/python3.12/site-packages/airflow/example_dags/example_sla_dag.py took 0.099 seconds
[2025-08-19T03:11:40.389+0000] {processor.py:161} INFO - Started process (PID=22428) to work on /home/airflow/.local/lib/python3.12/site-packages/airflow/example_dags/example_sla_dag.py
[2025-08-19T03:11:40.390+0000] {processor.py:830} INFO - Processing file /home/airflow/.local/lib/python3.12/site-packages/airflow/example_dags/example_sla_dag.py for tasks to queue
[2025-08-19T03:11:40.391+0000] {logging_mixin.py:188} INFO - [2025-08-19T03:11:40.391+0000] {dagbag.py:545} INFO - Filling up the DagBag from /home/airflow/.local/lib/python3.12/site-packages/airflow/example_dags/example_sla_dag.py
[2025-08-19T03:11:40.400+0000] {processor.py:840} INFO - DAG(s) 'example_sla_dag' retrieved from /home/airflow/.local/lib/python3.12/site-packages/airflow/example_dags/example_sla_dag.py
[2025-08-19T03:11:40.422+0000] {logging_mixin.py:188} INFO - [2025-08-19T03:11:40.422+0000] {dag.py:3096} INFO - Sync 1 DAGs
[2025-08-19T03:11:40.446+0000] {logging_mixin.py:188} INFO - [2025-08-19T03:11:40.446+0000] {dag.py:3954} INFO - Setting next_dagrun for example_sla_dag to 2025-08-19 03:08:00+00:00, run_after=2025-08-19 03:10:00+00:00
[2025-08-19T03:11:40.468+0000] {processor.py:183} INFO - Processing /home/airflow/.local/lib/python3.12/site-packages/airflow/example_dags/example_sla_dag.py took 0.087 seconds
[2025-08-19T03:12:10.813+0000] {processor.py:161} INFO - Started process (PID=22481) to work on /home/airflow/.local/lib/python3.12/site-packages/airflow/example_dags/example_sla_dag.py
[2025-08-19T03:12:10.814+0000] {processor.py:830} INFO - Processing file /home/airflow/.local/lib/python3.12/site-packages/airflow/example_dags/example_sla_dag.py for tasks to queue
[2025-08-19T03:12:10.815+0000] {logging_mixin.py:188} INFO - [2025-08-19T03:12:10.815+0000] {dagbag.py:545} INFO - Filling up the DagBag from /home/airflow/.local/lib/python3.12/site-packages/airflow/example_dags/example_sla_dag.py
[2025-08-19T03:12:10.826+0000] {processor.py:840} INFO - DAG(s) 'example_sla_dag' retrieved from /home/airflow/.local/lib/python3.12/site-packages/airflow/example_dags/example_sla_dag.py
[2025-08-19T03:12:10.847+0000] {logging_mixin.py:188} INFO - [2025-08-19T03:12:10.846+0000] {dag.py:3096} INFO - Sync 1 DAGs
[2025-08-19T03:12:10.875+0000] {logging_mixin.py:188} INFO - [2025-08-19T03:12:10.875+0000] {dag.py:3954} INFO - Setting next_dagrun for example_sla_dag to 2025-08-19 03:10:00+00:00, run_after=2025-08-19 03:12:00+00:00
[2025-08-19T03:12:10.894+0000] {processor.py:183} INFO - Processing /home/airflow/.local/lib/python3.12/site-packages/airflow/example_dags/example_sla_dag.py took 0.088 seconds
[2025-08-19T03:12:41.399+0000] {processor.py:161} INFO - Started process (PID=22534) to work on /home/airflow/.local/lib/python3.12/site-packages/airflow/example_dags/example_sla_dag.py
[2025-08-19T03:12:41.400+0000] {processor.py:830} INFO - Processing file /home/airflow/.local/lib/python3.12/site-packages/airflow/example_dags/example_sla_dag.py for tasks to queue
[2025-08-19T03:12:41.401+0000] {logging_mixin.py:188} INFO - [2025-08-19T03:12:41.401+0000] {dagbag.py:545} INFO - Filling up the DagBag from /home/airflow/.local/lib/python3.12/site-packages/airflow/example_dags/example_sla_dag.py
[2025-08-19T03:12:41.410+0000] {processor.py:840} INFO - DAG(s) 'example_sla_dag' retrieved from /home/airflow/.local/lib/python3.12/site-packages/airflow/example_dags/example_sla_dag.py
[2025-08-19T03:12:41.430+0000] {logging_mixin.py:188} INFO - [2025-08-19T03:12:41.430+0000] {dag.py:3096} INFO - Sync 1 DAGs
[2025-08-19T03:12:41.457+0000] {logging_mixin.py:188} INFO - [2025-08-19T03:12:41.457+0000] {dag.py:3954} INFO - Setting next_dagrun for example_sla_dag to 2025-08-19 03:10:00+00:00, run_after=2025-08-19 03:12:00+00:00
[2025-08-19T03:12:41.478+0000] {processor.py:183} INFO - Processing /home/airflow/.local/lib/python3.12/site-packages/airflow/example_dags/example_sla_dag.py took 0.085 seconds
[2025-08-19T03:13:12.223+0000] {processor.py:161} INFO - Started process (PID=22587) to work on /home/airflow/.local/lib/python3.12/site-packages/airflow/example_dags/example_sla_dag.py
[2025-08-19T03:13:12.225+0000] {processor.py:830} INFO - Processing file /home/airflow/.local/lib/python3.12/site-packages/airflow/example_dags/example_sla_dag.py for tasks to queue
[2025-08-19T03:13:12.226+0000] {logging_mixin.py:188} INFO - [2025-08-19T03:13:12.226+0000] {dagbag.py:545} INFO - Filling up the DagBag from /home/airflow/.local/lib/python3.12/site-packages/airflow/example_dags/example_sla_dag.py
[2025-08-19T03:13:12.235+0000] {processor.py:840} INFO - DAG(s) 'example_sla_dag' retrieved from /home/airflow/.local/lib/python3.12/site-packages/airflow/example_dags/example_sla_dag.py
[2025-08-19T03:13:12.256+0000] {logging_mixin.py:188} INFO - [2025-08-19T03:13:12.256+0000] {dag.py:3096} INFO - Sync 1 DAGs
[2025-08-19T03:13:12.279+0000] {logging_mixin.py:188} INFO - [2025-08-19T03:13:12.279+0000] {dag.py:3954} INFO - Setting next_dagrun for example_sla_dag to 2025-08-19 03:10:00+00:00, run_after=2025-08-19 03:12:00+00:00
[2025-08-19T03:13:12.301+0000] {processor.py:183} INFO - Processing /home/airflow/.local/lib/python3.12/site-packages/airflow/example_dags/example_sla_dag.py took 0.084 seconds
[2025-08-19T03:13:43.067+0000] {processor.py:161} INFO - Started process (PID=22640) to work on /home/airflow/.local/lib/python3.12/site-packages/airflow/example_dags/example_sla_dag.py
[2025-08-19T03:13:43.068+0000] {processor.py:830} INFO - Processing file /home/airflow/.local/lib/python3.12/site-packages/airflow/example_dags/example_sla_dag.py for tasks to queue
[2025-08-19T03:13:43.069+0000] {logging_mixin.py:188} INFO - [2025-08-19T03:13:43.069+0000] {dagbag.py:545} INFO - Filling up the DagBag from /home/airflow/.local/lib/python3.12/site-packages/airflow/example_dags/example_sla_dag.py
[2025-08-19T03:13:43.078+0000] {processor.py:840} INFO - DAG(s) 'example_sla_dag' retrieved from /home/airflow/.local/lib/python3.12/site-packages/airflow/example_dags/example_sla_dag.py
[2025-08-19T03:13:43.099+0000] {logging_mixin.py:188} INFO - [2025-08-19T03:13:43.099+0000] {dag.py:3096} INFO - Sync 1 DAGs
[2025-08-19T03:13:43.123+0000] {logging_mixin.py:188} INFO - [2025-08-19T03:13:43.122+0000] {dag.py:3954} INFO - Setting next_dagrun for example_sla_dag to 2025-08-19 03:10:00+00:00, run_after=2025-08-19 03:12:00+00:00
[2025-08-19T03:13:43.144+0000] {processor.py:183} INFO - Processing /home/airflow/.local/lib/python3.12/site-packages/airflow/example_dags/example_sla_dag.py took 0.084 seconds
[2025-08-19T03:14:13.882+0000] {processor.py:161} INFO - Started process (PID=22693) to work on /home/airflow/.local/lib/python3.12/site-packages/airflow/example_dags/example_sla_dag.py
[2025-08-19T03:14:13.883+0000] {processor.py:830} INFO - Processing file /home/airflow/.local/lib/python3.12/site-packages/airflow/example_dags/example_sla_dag.py for tasks to queue
[2025-08-19T03:14:13.884+0000] {logging_mixin.py:188} INFO - [2025-08-19T03:14:13.884+0000] {dagbag.py:545} INFO - Filling up the DagBag from /home/airflow/.local/lib/python3.12/site-packages/airflow/example_dags/example_sla_dag.py
[2025-08-19T03:14:13.893+0000] {processor.py:840} INFO - DAG(s) 'example_sla_dag' retrieved from /home/airflow/.local/lib/python3.12/site-packages/airflow/example_dags/example_sla_dag.py
[2025-08-19T03:14:13.913+0000] {logging_mixin.py:188} INFO - [2025-08-19T03:14:13.913+0000] {dag.py:3096} INFO - Sync 1 DAGs
[2025-08-19T03:14:13.936+0000] {logging_mixin.py:188} INFO - [2025-08-19T03:14:13.936+0000] {dag.py:3954} INFO - Setting next_dagrun for example_sla_dag to 2025-08-19 03:12:00+00:00, run_after=2025-08-19 03:14:00+00:00
[2025-08-19T03:14:13.961+0000] {processor.py:183} INFO - Processing /home/airflow/.local/lib/python3.12/site-packages/airflow/example_dags/example_sla_dag.py took 0.085 seconds
[2025-08-19T03:14:44.679+0000] {processor.py:161} INFO - Started process (PID=22746) to work on /home/airflow/.local/lib/python3.12/site-packages/airflow/example_dags/example_sla_dag.py
[2025-08-19T03:14:44.681+0000] {processor.py:830} INFO - Processing file /home/airflow/.local/lib/python3.12/site-packages/airflow/example_dags/example_sla_dag.py for tasks to queue
[2025-08-19T03:14:44.682+0000] {logging_mixin.py:188} INFO - [2025-08-19T03:14:44.681+0000] {dagbag.py:545} INFO - Filling up the DagBag from /home/airflow/.local/lib/python3.12/site-packages/airflow/example_dags/example_sla_dag.py
[2025-08-19T03:14:44.691+0000] {processor.py:840} INFO - DAG(s) 'example_sla_dag' retrieved from /home/airflow/.local/lib/python3.12/site-packages/airflow/example_dags/example_sla_dag.py
[2025-08-19T03:14:44.711+0000] {logging_mixin.py:188} INFO - [2025-08-19T03:14:44.711+0000] {dag.py:3096} INFO - Sync 1 DAGs
[2025-08-19T03:14:44.735+0000] {logging_mixin.py:188} INFO - [2025-08-19T03:14:44.735+0000] {dag.py:3954} INFO - Setting next_dagrun for example_sla_dag to 2025-08-19 03:12:00+00:00, run_after=2025-08-19 03:14:00+00:00
[2025-08-19T03:14:44.755+0000] {processor.py:183} INFO - Processing /home/airflow/.local/lib/python3.12/site-packages/airflow/example_dags/example_sla_dag.py took 0.083 seconds
[2025-08-19T03:15:15.453+0000] {processor.py:161} INFO - Started process (PID=22799) to work on /home/airflow/.local/lib/python3.12/site-packages/airflow/example_dags/example_sla_dag.py
[2025-08-19T03:15:15.454+0000] {processor.py:830} INFO - Processing file /home/airflow/.local/lib/python3.12/site-packages/airflow/example_dags/example_sla_dag.py for tasks to queue
[2025-08-19T03:15:15.455+0000] {logging_mixin.py:188} INFO - [2025-08-19T03:15:15.455+0000] {dagbag.py:545} INFO - Filling up the DagBag from /home/airflow/.local/lib/python3.12/site-packages/airflow/example_dags/example_sla_dag.py
[2025-08-19T03:15:15.472+0000] {processor.py:840} INFO - DAG(s) 'example_sla_dag' retrieved from /home/airflow/.local/lib/python3.12/site-packages/airflow/example_dags/example_sla_dag.py
[2025-08-19T03:15:15.495+0000] {logging_mixin.py:188} INFO - [2025-08-19T03:15:15.494+0000] {dag.py:3096} INFO - Sync 1 DAGs
[2025-08-19T03:15:15.519+0000] {logging_mixin.py:188} INFO - [2025-08-19T03:15:15.518+0000] {dag.py:3954} INFO - Setting next_dagrun for example_sla_dag to 2025-08-19 03:12:00+00:00, run_after=2025-08-19 03:14:00+00:00
[2025-08-19T03:15:15.552+0000] {processor.py:183} INFO - Processing /home/airflow/.local/lib/python3.12/site-packages/airflow/example_dags/example_sla_dag.py took 0.105 seconds
[2025-08-19T03:15:46.292+0000] {processor.py:161} INFO - Started process (PID=22852) to work on /home/airflow/.local/lib/python3.12/site-packages/airflow/example_dags/example_sla_dag.py
[2025-08-19T03:15:46.294+0000] {processor.py:830} INFO - Processing file /home/airflow/.local/lib/python3.12/site-packages/airflow/example_dags/example_sla_dag.py for tasks to queue
[2025-08-19T03:15:46.295+0000] {logging_mixin.py:188} INFO - [2025-08-19T03:15:46.295+0000] {dagbag.py:545} INFO - Filling up the DagBag from /home/airflow/.local/lib/python3.12/site-packages/airflow/example_dags/example_sla_dag.py
[2025-08-19T03:15:46.304+0000] {processor.py:840} INFO - DAG(s) 'example_sla_dag' retrieved from /home/airflow/.local/lib/python3.12/site-packages/airflow/example_dags/example_sla_dag.py
[2025-08-19T03:15:46.327+0000] {logging_mixin.py:188} INFO - [2025-08-19T03:15:46.327+0000] {dag.py:3096} INFO - Sync 1 DAGs
[2025-08-19T03:15:46.351+0000] {logging_mixin.py:188} INFO - [2025-08-19T03:15:46.351+0000] {dag.py:3954} INFO - Setting next_dagrun for example_sla_dag to 2025-08-19 03:12:00+00:00, run_after=2025-08-19 03:14:00+00:00
[2025-08-19T03:15:46.372+0000] {processor.py:183} INFO - Processing /home/airflow/.local/lib/python3.12/site-packages/airflow/example_dags/example_sla_dag.py took 0.085 seconds
[2025-08-19T03:16:16.851+0000] {processor.py:161} INFO - Started process (PID=22905) to work on /home/airflow/.local/lib/python3.12/site-packages/airflow/example_dags/example_sla_dag.py
[2025-08-19T03:16:16.853+0000] {processor.py:830} INFO - Processing file /home/airflow/.local/lib/python3.12/site-packages/airflow/example_dags/example_sla_dag.py for tasks to queue
[2025-08-19T03:16:16.854+0000] {logging_mixin.py:188} INFO - [2025-08-19T03:16:16.854+0000] {dagbag.py:545} INFO - Filling up the DagBag from /home/airflow/.local/lib/python3.12/site-packages/airflow/example_dags/example_sla_dag.py
[2025-08-19T03:16:16.863+0000] {processor.py:840} INFO - DAG(s) 'example_sla_dag' retrieved from /home/airflow/.local/lib/python3.12/site-packages/airflow/example_dags/example_sla_dag.py
[2025-08-19T03:16:16.884+0000] {logging_mixin.py:188} INFO - [2025-08-19T03:16:16.884+0000] {dag.py:3096} INFO - Sync 1 DAGs
[2025-08-19T03:16:16.908+0000] {logging_mixin.py:188} INFO - [2025-08-19T03:16:16.907+0000] {dag.py:3954} INFO - Setting next_dagrun for example_sla_dag to 2025-08-19 03:14:00+00:00, run_after=2025-08-19 03:16:00+00:00
[2025-08-19T03:16:16.932+0000] {processor.py:183} INFO - Processing /home/airflow/.local/lib/python3.12/site-packages/airflow/example_dags/example_sla_dag.py took 0.087 seconds
[2025-08-19T03:16:47.269+0000] {processor.py:161} INFO - Started process (PID=22958) to work on /home/airflow/.local/lib/python3.12/site-packages/airflow/example_dags/example_sla_dag.py
[2025-08-19T03:16:47.271+0000] {processor.py:830} INFO - Processing file /home/airflow/.local/lib/python3.12/site-packages/airflow/example_dags/example_sla_dag.py for tasks to queue
[2025-08-19T03:16:47.272+0000] {logging_mixin.py:188} INFO - [2025-08-19T03:16:47.272+0000] {dagbag.py:545} INFO - Filling up the DagBag from /home/airflow/.local/lib/python3.12/site-packages/airflow/example_dags/example_sla_dag.py
[2025-08-19T03:16:47.283+0000] {processor.py:840} INFO - DAG(s) 'example_sla_dag' retrieved from /home/airflow/.local/lib/python3.12/site-packages/airflow/example_dags/example_sla_dag.py
[2025-08-19T03:16:47.308+0000] {logging_mixin.py:188} INFO - [2025-08-19T03:16:47.307+0000] {dag.py:3096} INFO - Sync 1 DAGs
[2025-08-19T03:16:47.335+0000] {logging_mixin.py:188} INFO - [2025-08-19T03:16:47.335+0000] {dag.py:3954} INFO - Setting next_dagrun for example_sla_dag to 2025-08-19 03:14:00+00:00, run_after=2025-08-19 03:16:00+00:00
[2025-08-19T03:16:47.359+0000] {processor.py:183} INFO - Processing /home/airflow/.local/lib/python3.12/site-packages/airflow/example_dags/example_sla_dag.py took 0.096 seconds
[2025-08-19T03:17:17.673+0000] {processor.py:161} INFO - Started process (PID=23011) to work on /home/airflow/.local/lib/python3.12/site-packages/airflow/example_dags/example_sla_dag.py
[2025-08-19T03:17:17.675+0000] {processor.py:830} INFO - Processing file /home/airflow/.local/lib/python3.12/site-packages/airflow/example_dags/example_sla_dag.py for tasks to queue
[2025-08-19T03:17:17.676+0000] {logging_mixin.py:188} INFO - [2025-08-19T03:17:17.676+0000] {dagbag.py:545} INFO - Filling up the DagBag from /home/airflow/.local/lib/python3.12/site-packages/airflow/example_dags/example_sla_dag.py
[2025-08-19T03:17:17.685+0000] {processor.py:840} INFO - DAG(s) 'example_sla_dag' retrieved from /home/airflow/.local/lib/python3.12/site-packages/airflow/example_dags/example_sla_dag.py
[2025-08-19T03:17:17.706+0000] {logging_mixin.py:188} INFO - [2025-08-19T03:17:17.706+0000] {dag.py:3096} INFO - Sync 1 DAGs
[2025-08-19T03:17:17.728+0000] {logging_mixin.py:188} INFO - [2025-08-19T03:17:17.728+0000] {dag.py:3954} INFO - Setting next_dagrun for example_sla_dag to 2025-08-19 03:14:00+00:00, run_after=2025-08-19 03:16:00+00:00
[2025-08-19T03:17:17.751+0000] {processor.py:183} INFO - Processing /home/airflow/.local/lib/python3.12/site-packages/airflow/example_dags/example_sla_dag.py took 0.085 seconds
[2025-08-19T03:17:48.570+0000] {processor.py:161} INFO - Started process (PID=23064) to work on /home/airflow/.local/lib/python3.12/site-packages/airflow/example_dags/example_sla_dag.py
[2025-08-19T03:17:48.571+0000] {processor.py:830} INFO - Processing file /home/airflow/.local/lib/python3.12/site-packages/airflow/example_dags/example_sla_dag.py for tasks to queue
[2025-08-19T03:17:48.572+0000] {logging_mixin.py:188} INFO - [2025-08-19T03:17:48.572+0000] {dagbag.py:545} INFO - Filling up the DagBag from /home/airflow/.local/lib/python3.12/site-packages/airflow/example_dags/example_sla_dag.py
[2025-08-19T03:17:48.581+0000] {processor.py:840} INFO - DAG(s) 'example_sla_dag' retrieved from /home/airflow/.local/lib/python3.12/site-packages/airflow/example_dags/example_sla_dag.py
[2025-08-19T03:17:48.602+0000] {logging_mixin.py:188} INFO - [2025-08-19T03:17:48.602+0000] {dag.py:3096} INFO - Sync 1 DAGs
[2025-08-19T03:17:48.627+0000] {logging_mixin.py:188} INFO - [2025-08-19T03:17:48.627+0000] {dag.py:3954} INFO - Setting next_dagrun for example_sla_dag to 2025-08-19 03:14:00+00:00, run_after=2025-08-19 03:16:00+00:00
[2025-08-19T03:17:48.684+0000] {processor.py:183} INFO - Processing /home/airflow/.local/lib/python3.12/site-packages/airflow/example_dags/example_sla_dag.py took 0.121 seconds
[2025-08-19T03:18:18.884+0000] {processor.py:161} INFO - Started process (PID=23117) to work on /home/airflow/.local/lib/python3.12/site-packages/airflow/example_dags/example_sla_dag.py
[2025-08-19T03:18:18.885+0000] {processor.py:830} INFO - Processing file /home/airflow/.local/lib/python3.12/site-packages/airflow/example_dags/example_sla_dag.py for tasks to queue
[2025-08-19T03:18:18.886+0000] {logging_mixin.py:188} INFO - [2025-08-19T03:18:18.886+0000] {dagbag.py:545} INFO - Filling up the DagBag from /home/airflow/.local/lib/python3.12/site-packages/airflow/example_dags/example_sla_dag.py
[2025-08-19T03:18:18.895+0000] {processor.py:840} INFO - DAG(s) 'example_sla_dag' retrieved from /home/airflow/.local/lib/python3.12/site-packages/airflow/example_dags/example_sla_dag.py
[2025-08-19T03:18:18.917+0000] {logging_mixin.py:188} INFO - [2025-08-19T03:18:18.916+0000] {dag.py:3096} INFO - Sync 1 DAGs
[2025-08-19T03:18:18.940+0000] {logging_mixin.py:188} INFO - [2025-08-19T03:18:18.940+0000] {dag.py:3954} INFO - Setting next_dagrun for example_sla_dag to 2025-08-19 03:16:00+00:00, run_after=2025-08-19 03:18:00+00:00
[2025-08-19T03:18:18.961+0000] {processor.py:183} INFO - Processing /home/airflow/.local/lib/python3.12/site-packages/airflow/example_dags/example_sla_dag.py took 0.084 seconds
[2025-08-19T03:18:49.067+0000] {processor.py:161} INFO - Started process (PID=23170) to work on /home/airflow/.local/lib/python3.12/site-packages/airflow/example_dags/example_sla_dag.py
[2025-08-19T03:18:49.069+0000] {processor.py:830} INFO - Processing file /home/airflow/.local/lib/python3.12/site-packages/airflow/example_dags/example_sla_dag.py for tasks to queue
[2025-08-19T03:18:49.070+0000] {logging_mixin.py:188} INFO - [2025-08-19T03:18:49.070+0000] {dagbag.py:545} INFO - Filling up the DagBag from /home/airflow/.local/lib/python3.12/site-packages/airflow/example_dags/example_sla_dag.py
[2025-08-19T03:18:49.080+0000] {processor.py:840} INFO - DAG(s) 'example_sla_dag' retrieved from /home/airflow/.local/lib/python3.12/site-packages/airflow/example_dags/example_sla_dag.py
[2025-08-19T03:18:49.103+0000] {logging_mixin.py:188} INFO - [2025-08-19T03:18:49.102+0000] {dag.py:3096} INFO - Sync 1 DAGs
[2025-08-19T03:18:49.127+0000] {logging_mixin.py:188} INFO - [2025-08-19T03:18:49.127+0000] {dag.py:3954} INFO - Setting next_dagrun for example_sla_dag to 2025-08-19 03:16:00+00:00, run_after=2025-08-19 03:18:00+00:00
[2025-08-19T03:18:49.151+0000] {processor.py:183} INFO - Processing /home/airflow/.local/lib/python3.12/site-packages/airflow/example_dags/example_sla_dag.py took 0.091 seconds
[2025-08-19T03:19:19.373+0000] {processor.py:161} INFO - Started process (PID=23223) to work on /home/airflow/.local/lib/python3.12/site-packages/airflow/example_dags/example_sla_dag.py
[2025-08-19T03:19:19.375+0000] {processor.py:830} INFO - Processing file /home/airflow/.local/lib/python3.12/site-packages/airflow/example_dags/example_sla_dag.py for tasks to queue
[2025-08-19T03:19:19.376+0000] {logging_mixin.py:188} INFO - [2025-08-19T03:19:19.375+0000] {dagbag.py:545} INFO - Filling up the DagBag from /home/airflow/.local/lib/python3.12/site-packages/airflow/example_dags/example_sla_dag.py
[2025-08-19T03:19:19.385+0000] {processor.py:840} INFO - DAG(s) 'example_sla_dag' retrieved from /home/airflow/.local/lib/python3.12/site-packages/airflow/example_dags/example_sla_dag.py
[2025-08-19T03:19:19.409+0000] {logging_mixin.py:188} INFO - [2025-08-19T03:19:19.409+0000] {dag.py:3096} INFO - Sync 1 DAGs
[2025-08-19T03:19:19.434+0000] {logging_mixin.py:188} INFO - [2025-08-19T03:19:19.434+0000] {dag.py:3954} INFO - Setting next_dagrun for example_sla_dag to 2025-08-19 03:16:00+00:00, run_after=2025-08-19 03:18:00+00:00
[2025-08-19T03:19:19.469+0000] {processor.py:183} INFO - Processing /home/airflow/.local/lib/python3.12/site-packages/airflow/example_dags/example_sla_dag.py took 0.101 seconds
[2025-08-19T03:19:50.591+0000] {processor.py:161} INFO - Started process (PID=23276) to work on /home/airflow/.local/lib/python3.12/site-packages/airflow/example_dags/example_sla_dag.py
[2025-08-19T03:19:50.593+0000] {processor.py:830} INFO - Processing file /home/airflow/.local/lib/python3.12/site-packages/airflow/example_dags/example_sla_dag.py for tasks to queue
[2025-08-19T03:19:50.594+0000] {logging_mixin.py:188} INFO - [2025-08-19T03:19:50.594+0000] {dagbag.py:545} INFO - Filling up the DagBag from /home/airflow/.local/lib/python3.12/site-packages/airflow/example_dags/example_sla_dag.py
[2025-08-19T03:19:50.604+0000] {processor.py:840} INFO - DAG(s) 'example_sla_dag' retrieved from /home/airflow/.local/lib/python3.12/site-packages/airflow/example_dags/example_sla_dag.py
[2025-08-19T03:19:50.628+0000] {logging_mixin.py:188} INFO - [2025-08-19T03:19:50.628+0000] {dag.py:3096} INFO - Sync 1 DAGs
[2025-08-19T03:19:50.654+0000] {logging_mixin.py:188} INFO - [2025-08-19T03:19:50.654+0000] {dag.py:3954} INFO - Setting next_dagrun for example_sla_dag to 2025-08-19 03:16:00+00:00, run_after=2025-08-19 03:18:00+00:00
[2025-08-19T03:19:50.679+0000] {processor.py:183} INFO - Processing /home/airflow/.local/lib/python3.12/site-packages/airflow/example_dags/example_sla_dag.py took 0.094 seconds
[2025-08-19T03:20:21.593+0000] {processor.py:161} INFO - Started process (PID=23329) to work on /home/airflow/.local/lib/python3.12/site-packages/airflow/example_dags/example_sla_dag.py
[2025-08-19T03:20:21.594+0000] {processor.py:830} INFO - Processing file /home/airflow/.local/lib/python3.12/site-packages/airflow/example_dags/example_sla_dag.py for tasks to queue
[2025-08-19T03:20:21.596+0000] {logging_mixin.py:188} INFO - [2025-08-19T03:20:21.595+0000] {dagbag.py:545} INFO - Filling up the DagBag from /home/airflow/.local/lib/python3.12/site-packages/airflow/example_dags/example_sla_dag.py
[2025-08-19T03:20:21.607+0000] {processor.py:840} INFO - DAG(s) 'example_sla_dag' retrieved from /home/airflow/.local/lib/python3.12/site-packages/airflow/example_dags/example_sla_dag.py
[2025-08-19T03:20:21.635+0000] {logging_mixin.py:188} INFO - [2025-08-19T03:20:21.635+0000] {dag.py:3096} INFO - Sync 1 DAGs
[2025-08-19T03:20:21.660+0000] {logging_mixin.py:188} INFO - [2025-08-19T03:20:21.660+0000] {dag.py:3954} INFO - Setting next_dagrun for example_sla_dag to 2025-08-19 03:18:00+00:00, run_after=2025-08-19 03:20:00+00:00
[2025-08-19T03:20:21.689+0000] {processor.py:183} INFO - Processing /home/airflow/.local/lib/python3.12/site-packages/airflow/example_dags/example_sla_dag.py took 0.103 seconds
[2025-08-19T03:20:51.955+0000] {processor.py:161} INFO - Started process (PID=23382) to work on /home/airflow/.local/lib/python3.12/site-packages/airflow/example_dags/example_sla_dag.py
[2025-08-19T03:20:51.956+0000] {processor.py:830} INFO - Processing file /home/airflow/.local/lib/python3.12/site-packages/airflow/example_dags/example_sla_dag.py for tasks to queue
[2025-08-19T03:20:51.957+0000] {logging_mixin.py:188} INFO - [2025-08-19T03:20:51.957+0000] {dagbag.py:545} INFO - Filling up the DagBag from /home/airflow/.local/lib/python3.12/site-packages/airflow/example_dags/example_sla_dag.py
[2025-08-19T03:20:51.966+0000] {processor.py:840} INFO - DAG(s) 'example_sla_dag' retrieved from /home/airflow/.local/lib/python3.12/site-packages/airflow/example_dags/example_sla_dag.py
[2025-08-19T03:20:51.987+0000] {logging_mixin.py:188} INFO - [2025-08-19T03:20:51.987+0000] {dag.py:3096} INFO - Sync 1 DAGs
[2025-08-19T03:20:52.013+0000] {logging_mixin.py:188} INFO - [2025-08-19T03:20:52.013+0000] {dag.py:3954} INFO - Setting next_dagrun for example_sla_dag to 2025-08-19 03:18:00+00:00, run_after=2025-08-19 03:20:00+00:00
[2025-08-19T03:20:52.035+0000] {processor.py:183} INFO - Processing /home/airflow/.local/lib/python3.12/site-packages/airflow/example_dags/example_sla_dag.py took 0.087 seconds
[2025-08-19T03:21:22.901+0000] {processor.py:161} INFO - Started process (PID=23435) to work on /home/airflow/.local/lib/python3.12/site-packages/airflow/example_dags/example_sla_dag.py
[2025-08-19T03:21:22.902+0000] {processor.py:830} INFO - Processing file /home/airflow/.local/lib/python3.12/site-packages/airflow/example_dags/example_sla_dag.py for tasks to queue
[2025-08-19T03:21:22.903+0000] {logging_mixin.py:188} INFO - [2025-08-19T03:21:22.903+0000] {dagbag.py:545} INFO - Filling up the DagBag from /home/airflow/.local/lib/python3.12/site-packages/airflow/example_dags/example_sla_dag.py
[2025-08-19T03:21:22.914+0000] {processor.py:840} INFO - DAG(s) 'example_sla_dag' retrieved from /home/airflow/.local/lib/python3.12/site-packages/airflow/example_dags/example_sla_dag.py
[2025-08-19T03:21:22.934+0000] {logging_mixin.py:188} INFO - [2025-08-19T03:21:22.934+0000] {dag.py:3096} INFO - Sync 1 DAGs
[2025-08-19T03:21:22.957+0000] {logging_mixin.py:188} INFO - [2025-08-19T03:21:22.957+0000] {dag.py:3954} INFO - Setting next_dagrun for example_sla_dag to 2025-08-19 03:18:00+00:00, run_after=2025-08-19 03:20:00+00:00
[2025-08-19T03:21:22.981+0000] {processor.py:183} INFO - Processing /home/airflow/.local/lib/python3.12/site-packages/airflow/example_dags/example_sla_dag.py took 0.087 seconds
[2025-08-19T03:21:53.482+0000] {processor.py:161} INFO - Started process (PID=23488) to work on /home/airflow/.local/lib/python3.12/site-packages/airflow/example_dags/example_sla_dag.py
[2025-08-19T03:21:53.483+0000] {processor.py:830} INFO - Processing file /home/airflow/.local/lib/python3.12/site-packages/airflow/example_dags/example_sla_dag.py for tasks to queue
[2025-08-19T03:21:53.485+0000] {logging_mixin.py:188} INFO - [2025-08-19T03:21:53.484+0000] {dagbag.py:545} INFO - Filling up the DagBag from /home/airflow/.local/lib/python3.12/site-packages/airflow/example_dags/example_sla_dag.py
[2025-08-19T03:21:53.497+0000] {processor.py:840} INFO - DAG(s) 'example_sla_dag' retrieved from /home/airflow/.local/lib/python3.12/site-packages/airflow/example_dags/example_sla_dag.py
[2025-08-19T03:21:53.523+0000] {logging_mixin.py:188} INFO - [2025-08-19T03:21:53.523+0000] {dag.py:3096} INFO - Sync 1 DAGs
[2025-08-19T03:21:53.548+0000] {logging_mixin.py:188} INFO - [2025-08-19T03:21:53.547+0000] {dag.py:3954} INFO - Setting next_dagrun for example_sla_dag to 2025-08-19 03:18:00+00:00, run_after=2025-08-19 03:20:00+00:00
[2025-08-19T03:21:53.568+0000] {processor.py:183} INFO - Processing /home/airflow/.local/lib/python3.12/site-packages/airflow/example_dags/example_sla_dag.py took 0.095 seconds
[2025-08-19T03:22:24.013+0000] {processor.py:161} INFO - Started process (PID=23541) to work on /home/airflow/.local/lib/python3.12/site-packages/airflow/example_dags/example_sla_dag.py
[2025-08-19T03:22:24.015+0000] {processor.py:830} INFO - Processing file /home/airflow/.local/lib/python3.12/site-packages/airflow/example_dags/example_sla_dag.py for tasks to queue
[2025-08-19T03:22:24.016+0000] {logging_mixin.py:188} INFO - [2025-08-19T03:22:24.016+0000] {dagbag.py:545} INFO - Filling up the DagBag from /home/airflow/.local/lib/python3.12/site-packages/airflow/example_dags/example_sla_dag.py
[2025-08-19T03:22:24.026+0000] {processor.py:840} INFO - DAG(s) 'example_sla_dag' retrieved from /home/airflow/.local/lib/python3.12/site-packages/airflow/example_dags/example_sla_dag.py
[2025-08-19T03:22:24.047+0000] {logging_mixin.py:188} INFO - [2025-08-19T03:22:24.047+0000] {dag.py:3096} INFO - Sync 1 DAGs
[2025-08-19T03:22:24.073+0000] {logging_mixin.py:188} INFO - [2025-08-19T03:22:24.072+0000] {dag.py:3954} INFO - Setting next_dagrun for example_sla_dag to 2025-08-19 03:20:00+00:00, run_after=2025-08-19 03:22:00+00:00
[2025-08-19T03:22:24.095+0000] {processor.py:183} INFO - Processing /home/airflow/.local/lib/python3.12/site-packages/airflow/example_dags/example_sla_dag.py took 0.089 seconds
[2025-08-19T03:22:54.465+0000] {processor.py:161} INFO - Started process (PID=23594) to work on /home/airflow/.local/lib/python3.12/site-packages/airflow/example_dags/example_sla_dag.py
[2025-08-19T03:22:54.466+0000] {processor.py:830} INFO - Processing file /home/airflow/.local/lib/python3.12/site-packages/airflow/example_dags/example_sla_dag.py for tasks to queue
[2025-08-19T03:22:54.467+0000] {logging_mixin.py:188} INFO - [2025-08-19T03:22:54.467+0000] {dagbag.py:545} INFO - Filling up the DagBag from /home/airflow/.local/lib/python3.12/site-packages/airflow/example_dags/example_sla_dag.py
[2025-08-19T03:22:54.477+0000] {processor.py:840} INFO - DAG(s) 'example_sla_dag' retrieved from /home/airflow/.local/lib/python3.12/site-packages/airflow/example_dags/example_sla_dag.py
[2025-08-19T03:22:54.498+0000] {logging_mixin.py:188} INFO - [2025-08-19T03:22:54.498+0000] {dag.py:3096} INFO - Sync 1 DAGs
[2025-08-19T03:22:54.520+0000] {logging_mixin.py:188} INFO - [2025-08-19T03:22:54.520+0000] {dag.py:3954} INFO - Setting next_dagrun for example_sla_dag to 2025-08-19 03:20:00+00:00, run_after=2025-08-19 03:22:00+00:00
[2025-08-19T03:22:54.544+0000] {processor.py:183} INFO - Processing /home/airflow/.local/lib/python3.12/site-packages/airflow/example_dags/example_sla_dag.py took 0.086 seconds
[2025-08-19T03:23:24.807+0000] {processor.py:161} INFO - Started process (PID=23647) to work on /home/airflow/.local/lib/python3.12/site-packages/airflow/example_dags/example_sla_dag.py
[2025-08-19T03:23:24.808+0000] {processor.py:830} INFO - Processing file /home/airflow/.local/lib/python3.12/site-packages/airflow/example_dags/example_sla_dag.py for tasks to queue
[2025-08-19T03:23:24.809+0000] {logging_mixin.py:188} INFO - [2025-08-19T03:23:24.809+0000] {dagbag.py:545} INFO - Filling up the DagBag from /home/airflow/.local/lib/python3.12/site-packages/airflow/example_dags/example_sla_dag.py
[2025-08-19T03:23:24.818+0000] {processor.py:840} INFO - DAG(s) 'example_sla_dag' retrieved from /home/airflow/.local/lib/python3.12/site-packages/airflow/example_dags/example_sla_dag.py
[2025-08-19T03:23:24.839+0000] {logging_mixin.py:188} INFO - [2025-08-19T03:23:24.839+0000] {dag.py:3096} INFO - Sync 1 DAGs
[2025-08-19T03:23:24.862+0000] {logging_mixin.py:188} INFO - [2025-08-19T03:23:24.862+0000] {dag.py:3954} INFO - Setting next_dagrun for example_sla_dag to 2025-08-19 03:20:00+00:00, run_after=2025-08-19 03:22:00+00:00
[2025-08-19T03:23:24.882+0000] {processor.py:183} INFO - Processing /home/airflow/.local/lib/python3.12/site-packages/airflow/example_dags/example_sla_dag.py took 0.082 seconds
[2025-08-19T03:23:55.434+0000] {processor.py:161} INFO - Started process (PID=23700) to work on /home/airflow/.local/lib/python3.12/site-packages/airflow/example_dags/example_sla_dag.py
[2025-08-19T03:23:55.435+0000] {processor.py:830} INFO - Processing file /home/airflow/.local/lib/python3.12/site-packages/airflow/example_dags/example_sla_dag.py for tasks to queue
[2025-08-19T03:23:55.437+0000] {logging_mixin.py:188} INFO - [2025-08-19T03:23:55.436+0000] {dagbag.py:545} INFO - Filling up the DagBag from /home/airflow/.local/lib/python3.12/site-packages/airflow/example_dags/example_sla_dag.py
[2025-08-19T03:23:55.447+0000] {processor.py:840} INFO - DAG(s) 'example_sla_dag' retrieved from /home/airflow/.local/lib/python3.12/site-packages/airflow/example_dags/example_sla_dag.py
[2025-08-19T03:23:55.473+0000] {logging_mixin.py:188} INFO - [2025-08-19T03:23:55.473+0000] {dag.py:3096} INFO - Sync 1 DAGs
[2025-08-19T03:23:55.500+0000] {logging_mixin.py:188} INFO - [2025-08-19T03:23:55.500+0000] {dag.py:3954} INFO - Setting next_dagrun for example_sla_dag to 2025-08-19 03:20:00+00:00, run_after=2025-08-19 03:22:00+00:00
[2025-08-19T03:23:55.531+0000] {processor.py:183} INFO - Processing /home/airflow/.local/lib/python3.12/site-packages/airflow/example_dags/example_sla_dag.py took 0.105 seconds
[2025-08-19T03:24:26.065+0000] {processor.py:161} INFO - Started process (PID=23753) to work on /home/airflow/.local/lib/python3.12/site-packages/airflow/example_dags/example_sla_dag.py
[2025-08-19T03:24:26.067+0000] {processor.py:830} INFO - Processing file /home/airflow/.local/lib/python3.12/site-packages/airflow/example_dags/example_sla_dag.py for tasks to queue
[2025-08-19T03:24:26.068+0000] {logging_mixin.py:188} INFO - [2025-08-19T03:24:26.068+0000] {dagbag.py:545} INFO - Filling up the DagBag from /home/airflow/.local/lib/python3.12/site-packages/airflow/example_dags/example_sla_dag.py
[2025-08-19T03:24:26.077+0000] {processor.py:840} INFO - DAG(s) 'example_sla_dag' retrieved from /home/airflow/.local/lib/python3.12/site-packages/airflow/example_dags/example_sla_dag.py
[2025-08-19T03:24:26.099+0000] {logging_mixin.py:188} INFO - [2025-08-19T03:24:26.099+0000] {dag.py:3096} INFO - Sync 1 DAGs
[2025-08-19T03:24:26.125+0000] {logging_mixin.py:188} INFO - [2025-08-19T03:24:26.124+0000] {dag.py:3954} INFO - Setting next_dagrun for example_sla_dag to 2025-08-19 03:22:00+00:00, run_after=2025-08-19 03:24:00+00:00
[2025-08-19T03:24:26.147+0000] {processor.py:183} INFO - Processing /home/airflow/.local/lib/python3.12/site-packages/airflow/example_dags/example_sla_dag.py took 0.090 seconds
[2025-08-19T03:24:56.740+0000] {processor.py:161} INFO - Started process (PID=23806) to work on /home/airflow/.local/lib/python3.12/site-packages/airflow/example_dags/example_sla_dag.py
[2025-08-19T03:24:56.742+0000] {processor.py:830} INFO - Processing file /home/airflow/.local/lib/python3.12/site-packages/airflow/example_dags/example_sla_dag.py for tasks to queue
[2025-08-19T03:24:56.743+0000] {logging_mixin.py:188} INFO - [2025-08-19T03:24:56.743+0000] {dagbag.py:545} INFO - Filling up the DagBag from /home/airflow/.local/lib/python3.12/site-packages/airflow/example_dags/example_sla_dag.py
[2025-08-19T03:24:56.755+0000] {processor.py:840} INFO - DAG(s) 'example_sla_dag' retrieved from /home/airflow/.local/lib/python3.12/site-packages/airflow/example_dags/example_sla_dag.py
[2025-08-19T03:24:56.782+0000] {logging_mixin.py:188} INFO - [2025-08-19T03:24:56.782+0000] {dag.py:3096} INFO - Sync 1 DAGs
[2025-08-19T03:24:56.811+0000] {logging_mixin.py:188} INFO - [2025-08-19T03:24:56.810+0000] {dag.py:3954} INFO - Setting next_dagrun for example_sla_dag to 2025-08-19 03:22:00+00:00, run_after=2025-08-19 03:24:00+00:00
[2025-08-19T03:24:56.838+0000] {processor.py:183} INFO - Processing /home/airflow/.local/lib/python3.12/site-packages/airflow/example_dags/example_sla_dag.py took 0.108 seconds
[2025-08-19T03:25:27.269+0000] {processor.py:161} INFO - Started process (PID=23859) to work on /home/airflow/.local/lib/python3.12/site-packages/airflow/example_dags/example_sla_dag.py
[2025-08-19T03:25:27.270+0000] {processor.py:830} INFO - Processing file /home/airflow/.local/lib/python3.12/site-packages/airflow/example_dags/example_sla_dag.py for tasks to queue
[2025-08-19T03:25:27.272+0000] {logging_mixin.py:188} INFO - [2025-08-19T03:25:27.271+0000] {dagbag.py:545} INFO - Filling up the DagBag from /home/airflow/.local/lib/python3.12/site-packages/airflow/example_dags/example_sla_dag.py
[2025-08-19T03:25:27.281+0000] {processor.py:840} INFO - DAG(s) 'example_sla_dag' retrieved from /home/airflow/.local/lib/python3.12/site-packages/airflow/example_dags/example_sla_dag.py
[2025-08-19T03:25:27.304+0000] {logging_mixin.py:188} INFO - [2025-08-19T03:25:27.303+0000] {dag.py:3096} INFO - Sync 1 DAGs
[2025-08-19T03:25:27.328+0000] {logging_mixin.py:188} INFO - [2025-08-19T03:25:27.327+0000] {dag.py:3954} INFO - Setting next_dagrun for example_sla_dag to 2025-08-19 03:22:00+00:00, run_after=2025-08-19 03:24:00+00:00
[2025-08-19T03:25:27.350+0000] {processor.py:183} INFO - Processing /home/airflow/.local/lib/python3.12/site-packages/airflow/example_dags/example_sla_dag.py took 0.090 seconds
[2025-08-19T03:25:57.661+0000] {processor.py:161} INFO - Started process (PID=23912) to work on /home/airflow/.local/lib/python3.12/site-packages/airflow/example_dags/example_sla_dag.py
[2025-08-19T03:25:57.662+0000] {processor.py:830} INFO - Processing file /home/airflow/.local/lib/python3.12/site-packages/airflow/example_dags/example_sla_dag.py for tasks to queue
[2025-08-19T03:25:57.663+0000] {logging_mixin.py:188} INFO - [2025-08-19T03:25:57.663+0000] {dagbag.py:545} INFO - Filling up the DagBag from /home/airflow/.local/lib/python3.12/site-packages/airflow/example_dags/example_sla_dag.py
[2025-08-19T03:25:57.673+0000] {processor.py:840} INFO - DAG(s) 'example_sla_dag' retrieved from /home/airflow/.local/lib/python3.12/site-packages/airflow/example_dags/example_sla_dag.py
[2025-08-19T03:25:57.696+0000] {logging_mixin.py:188} INFO - [2025-08-19T03:25:57.696+0000] {dag.py:3096} INFO - Sync 1 DAGs
[2025-08-19T03:25:57.720+0000] {logging_mixin.py:188} INFO - [2025-08-19T03:25:57.720+0000] {dag.py:3954} INFO - Setting next_dagrun for example_sla_dag to 2025-08-19 03:22:00+00:00, run_after=2025-08-19 03:24:00+00:00
[2025-08-19T03:25:57.743+0000] {processor.py:183} INFO - Processing /home/airflow/.local/lib/python3.12/site-packages/airflow/example_dags/example_sla_dag.py took 0.088 seconds
[2025-08-19T03:26:28.149+0000] {processor.py:161} INFO - Started process (PID=23965) to work on /home/airflow/.local/lib/python3.12/site-packages/airflow/example_dags/example_sla_dag.py
[2025-08-19T03:26:28.150+0000] {processor.py:830} INFO - Processing file /home/airflow/.local/lib/python3.12/site-packages/airflow/example_dags/example_sla_dag.py for tasks to queue
[2025-08-19T03:26:28.152+0000] {logging_mixin.py:188} INFO - [2025-08-19T03:26:28.151+0000] {dagbag.py:545} INFO - Filling up the DagBag from /home/airflow/.local/lib/python3.12/site-packages/airflow/example_dags/example_sla_dag.py
[2025-08-19T03:26:28.160+0000] {processor.py:840} INFO - DAG(s) 'example_sla_dag' retrieved from /home/airflow/.local/lib/python3.12/site-packages/airflow/example_dags/example_sla_dag.py
[2025-08-19T03:26:28.183+0000] {logging_mixin.py:188} INFO - [2025-08-19T03:26:28.183+0000] {dag.py:3096} INFO - Sync 1 DAGs
[2025-08-19T03:26:28.208+0000] {logging_mixin.py:188} INFO - [2025-08-19T03:26:28.207+0000] {dag.py:3954} INFO - Setting next_dagrun for example_sla_dag to 2025-08-19 03:24:00+00:00, run_after=2025-08-19 03:26:00+00:00
[2025-08-19T03:26:28.230+0000] {processor.py:183} INFO - Processing /home/airflow/.local/lib/python3.12/site-packages/airflow/example_dags/example_sla_dag.py took 0.088 seconds
[2025-08-19T03:26:58.494+0000] {processor.py:161} INFO - Started process (PID=24018) to work on /home/airflow/.local/lib/python3.12/site-packages/airflow/example_dags/example_sla_dag.py
[2025-08-19T03:26:58.495+0000] {processor.py:830} INFO - Processing file /home/airflow/.local/lib/python3.12/site-packages/airflow/example_dags/example_sla_dag.py for tasks to queue
[2025-08-19T03:26:58.497+0000] {logging_mixin.py:188} INFO - [2025-08-19T03:26:58.496+0000] {dagbag.py:545} INFO - Filling up the DagBag from /home/airflow/.local/lib/python3.12/site-packages/airflow/example_dags/example_sla_dag.py
[2025-08-19T03:26:58.506+0000] {processor.py:840} INFO - DAG(s) 'example_sla_dag' retrieved from /home/airflow/.local/lib/python3.12/site-packages/airflow/example_dags/example_sla_dag.py
[2025-08-19T03:26:58.526+0000] {logging_mixin.py:188} INFO - [2025-08-19T03:26:58.526+0000] {dag.py:3096} INFO - Sync 1 DAGs
[2025-08-19T03:26:58.550+0000] {logging_mixin.py:188} INFO - [2025-08-19T03:26:58.550+0000] {dag.py:3954} INFO - Setting next_dagrun for example_sla_dag to 2025-08-19 03:24:00+00:00, run_after=2025-08-19 03:26:00+00:00
[2025-08-19T03:26:58.569+0000] {processor.py:183} INFO - Processing /home/airflow/.local/lib/python3.12/site-packages/airflow/example_dags/example_sla_dag.py took 0.081 seconds
[2025-08-19T03:27:28.954+0000] {processor.py:161} INFO - Started process (PID=24071) to work on /home/airflow/.local/lib/python3.12/site-packages/airflow/example_dags/example_sla_dag.py
[2025-08-19T03:27:28.955+0000] {processor.py:830} INFO - Processing file /home/airflow/.local/lib/python3.12/site-packages/airflow/example_dags/example_sla_dag.py for tasks to queue
[2025-08-19T03:27:28.956+0000] {logging_mixin.py:188} INFO - [2025-08-19T03:27:28.956+0000] {dagbag.py:545} INFO - Filling up the DagBag from /home/airflow/.local/lib/python3.12/site-packages/airflow/example_dags/example_sla_dag.py
[2025-08-19T03:27:28.967+0000] {processor.py:840} INFO - DAG(s) 'example_sla_dag' retrieved from /home/airflow/.local/lib/python3.12/site-packages/airflow/example_dags/example_sla_dag.py
[2025-08-19T03:27:28.990+0000] {logging_mixin.py:188} INFO - [2025-08-19T03:27:28.990+0000] {dag.py:3096} INFO - Sync 1 DAGs
[2025-08-19T03:27:29.018+0000] {logging_mixin.py:188} INFO - [2025-08-19T03:27:29.018+0000] {dag.py:3954} INFO - Setting next_dagrun for example_sla_dag to 2025-08-19 03:24:00+00:00, run_after=2025-08-19 03:26:00+00:00
[2025-08-19T03:27:29.045+0000] {processor.py:183} INFO - Processing /home/airflow/.local/lib/python3.12/site-packages/airflow/example_dags/example_sla_dag.py took 0.098 seconds
[2025-08-19T03:27:59.472+0000] {processor.py:161} INFO - Started process (PID=24124) to work on /home/airflow/.local/lib/python3.12/site-packages/airflow/example_dags/example_sla_dag.py
[2025-08-19T03:27:59.474+0000] {processor.py:830} INFO - Processing file /home/airflow/.local/lib/python3.12/site-packages/airflow/example_dags/example_sla_dag.py for tasks to queue
[2025-08-19T03:27:59.475+0000] {logging_mixin.py:188} INFO - [2025-08-19T03:27:59.474+0000] {dagbag.py:545} INFO - Filling up the DagBag from /home/airflow/.local/lib/python3.12/site-packages/airflow/example_dags/example_sla_dag.py
[2025-08-19T03:27:59.484+0000] {processor.py:840} INFO - DAG(s) 'example_sla_dag' retrieved from /home/airflow/.local/lib/python3.12/site-packages/airflow/example_dags/example_sla_dag.py
[2025-08-19T03:27:59.506+0000] {logging_mixin.py:188} INFO - [2025-08-19T03:27:59.506+0000] {dag.py:3096} INFO - Sync 1 DAGs
[2025-08-19T03:27:59.531+0000] {logging_mixin.py:188} INFO - [2025-08-19T03:27:59.531+0000] {dag.py:3954} INFO - Setting next_dagrun for example_sla_dag to 2025-08-19 03:24:00+00:00, run_after=2025-08-19 03:26:00+00:00
[2025-08-19T03:27:59.551+0000] {processor.py:183} INFO - Processing /home/airflow/.local/lib/python3.12/site-packages/airflow/example_dags/example_sla_dag.py took 0.085 seconds
[2025-08-19T03:28:29.891+0000] {processor.py:161} INFO - Started process (PID=24177) to work on /home/airflow/.local/lib/python3.12/site-packages/airflow/example_dags/example_sla_dag.py
[2025-08-19T03:28:29.892+0000] {processor.py:830} INFO - Processing file /home/airflow/.local/lib/python3.12/site-packages/airflow/example_dags/example_sla_dag.py for tasks to queue
[2025-08-19T03:28:29.893+0000] {logging_mixin.py:188} INFO - [2025-08-19T03:28:29.893+0000] {dagbag.py:545} INFO - Filling up the DagBag from /home/airflow/.local/lib/python3.12/site-packages/airflow/example_dags/example_sla_dag.py
[2025-08-19T03:28:29.902+0000] {processor.py:840} INFO - DAG(s) 'example_sla_dag' retrieved from /home/airflow/.local/lib/python3.12/site-packages/airflow/example_dags/example_sla_dag.py
[2025-08-19T03:28:29.923+0000] {logging_mixin.py:188} INFO - [2025-08-19T03:28:29.923+0000] {dag.py:3096} INFO - Sync 1 DAGs
[2025-08-19T03:28:29.947+0000] {logging_mixin.py:188} INFO - [2025-08-19T03:28:29.947+0000] {dag.py:3954} INFO - Setting next_dagrun for example_sla_dag to 2025-08-19 03:26:00+00:00, run_after=2025-08-19 03:28:00+00:00
[2025-08-19T03:28:29.967+0000] {processor.py:183} INFO - Processing /home/airflow/.local/lib/python3.12/site-packages/airflow/example_dags/example_sla_dag.py took 0.083 seconds
[2025-08-19T03:29:00.287+0000] {processor.py:161} INFO - Started process (PID=24230) to work on /home/airflow/.local/lib/python3.12/site-packages/airflow/example_dags/example_sla_dag.py
[2025-08-19T03:29:00.289+0000] {processor.py:830} INFO - Processing file /home/airflow/.local/lib/python3.12/site-packages/airflow/example_dags/example_sla_dag.py for tasks to queue
[2025-08-19T03:29:00.290+0000] {logging_mixin.py:188} INFO - [2025-08-19T03:29:00.290+0000] {dagbag.py:545} INFO - Filling up the DagBag from /home/airflow/.local/lib/python3.12/site-packages/airflow/example_dags/example_sla_dag.py
[2025-08-19T03:29:00.300+0000] {processor.py:840} INFO - DAG(s) 'example_sla_dag' retrieved from /home/airflow/.local/lib/python3.12/site-packages/airflow/example_dags/example_sla_dag.py
[2025-08-19T03:29:00.321+0000] {logging_mixin.py:188} INFO - [2025-08-19T03:29:00.321+0000] {dag.py:3096} INFO - Sync 1 DAGs
[2025-08-19T03:29:00.345+0000] {logging_mixin.py:188} INFO - [2025-08-19T03:29:00.344+0000] {dag.py:3954} INFO - Setting next_dagrun for example_sla_dag to 2025-08-19 03:26:00+00:00, run_after=2025-08-19 03:28:00+00:00
[2025-08-19T03:29:00.383+0000] {processor.py:183} INFO - Processing /home/airflow/.local/lib/python3.12/site-packages/airflow/example_dags/example_sla_dag.py took 0.103 seconds
[2025-08-19T03:29:30.625+0000] {processor.py:161} INFO - Started process (PID=24283) to work on /home/airflow/.local/lib/python3.12/site-packages/airflow/example_dags/example_sla_dag.py
[2025-08-19T03:29:30.627+0000] {processor.py:830} INFO - Processing file /home/airflow/.local/lib/python3.12/site-packages/airflow/example_dags/example_sla_dag.py for tasks to queue
[2025-08-19T03:29:30.628+0000] {logging_mixin.py:188} INFO - [2025-08-19T03:29:30.628+0000] {dagbag.py:545} INFO - Filling up the DagBag from /home/airflow/.local/lib/python3.12/site-packages/airflow/example_dags/example_sla_dag.py
[2025-08-19T03:29:30.638+0000] {processor.py:840} INFO - DAG(s) 'example_sla_dag' retrieved from /home/airflow/.local/lib/python3.12/site-packages/airflow/example_dags/example_sla_dag.py
[2025-08-19T03:29:30.659+0000] {logging_mixin.py:188} INFO - [2025-08-19T03:29:30.659+0000] {dag.py:3096} INFO - Sync 1 DAGs
[2025-08-19T03:29:30.683+0000] {logging_mixin.py:188} INFO - [2025-08-19T03:29:30.683+0000] {dag.py:3954} INFO - Setting next_dagrun for example_sla_dag to 2025-08-19 03:26:00+00:00, run_after=2025-08-19 03:28:00+00:00
[2025-08-19T03:29:30.702+0000] {processor.py:183} INFO - Processing /home/airflow/.local/lib/python3.12/site-packages/airflow/example_dags/example_sla_dag.py took 0.084 seconds
[2025-08-19T03:30:01.090+0000] {processor.py:161} INFO - Started process (PID=24336) to work on /home/airflow/.local/lib/python3.12/site-packages/airflow/example_dags/example_sla_dag.py
[2025-08-19T03:30:01.091+0000] {processor.py:830} INFO - Processing file /home/airflow/.local/lib/python3.12/site-packages/airflow/example_dags/example_sla_dag.py for tasks to queue
[2025-08-19T03:30:01.092+0000] {logging_mixin.py:188} INFO - [2025-08-19T03:30:01.092+0000] {dagbag.py:545} INFO - Filling up the DagBag from /home/airflow/.local/lib/python3.12/site-packages/airflow/example_dags/example_sla_dag.py
[2025-08-19T03:30:01.101+0000] {processor.py:840} INFO - DAG(s) 'example_sla_dag' retrieved from /home/airflow/.local/lib/python3.12/site-packages/airflow/example_dags/example_sla_dag.py
[2025-08-19T03:30:01.122+0000] {logging_mixin.py:188} INFO - [2025-08-19T03:30:01.122+0000] {dag.py:3096} INFO - Sync 1 DAGs
[2025-08-19T03:30:01.146+0000] {logging_mixin.py:188} INFO - [2025-08-19T03:30:01.146+0000] {dag.py:3954} INFO - Setting next_dagrun for example_sla_dag to 2025-08-19 03:28:00+00:00, run_after=2025-08-19 03:30:00+00:00
[2025-08-19T03:30:01.173+0000] {processor.py:183} INFO - Processing /home/airflow/.local/lib/python3.12/site-packages/airflow/example_dags/example_sla_dag.py took 0.091 seconds
[2025-08-19T03:30:31.576+0000] {processor.py:161} INFO - Started process (PID=24389) to work on /home/airflow/.local/lib/python3.12/site-packages/airflow/example_dags/example_sla_dag.py
[2025-08-19T03:30:31.577+0000] {processor.py:830} INFO - Processing file /home/airflow/.local/lib/python3.12/site-packages/airflow/example_dags/example_sla_dag.py for tasks to queue
[2025-08-19T03:30:31.579+0000] {logging_mixin.py:188} INFO - [2025-08-19T03:30:31.578+0000] {dagbag.py:545} INFO - Filling up the DagBag from /home/airflow/.local/lib/python3.12/site-packages/airflow/example_dags/example_sla_dag.py
[2025-08-19T03:30:31.588+0000] {processor.py:840} INFO - DAG(s) 'example_sla_dag' retrieved from /home/airflow/.local/lib/python3.12/site-packages/airflow/example_dags/example_sla_dag.py
[2025-08-19T03:30:31.610+0000] {logging_mixin.py:188} INFO - [2025-08-19T03:30:31.610+0000] {dag.py:3096} INFO - Sync 1 DAGs
[2025-08-19T03:30:31.633+0000] {logging_mixin.py:188} INFO - [2025-08-19T03:30:31.633+0000] {dag.py:3954} INFO - Setting next_dagrun for example_sla_dag to 2025-08-19 03:28:00+00:00, run_after=2025-08-19 03:30:00+00:00
[2025-08-19T03:30:31.656+0000] {processor.py:183} INFO - Processing /home/airflow/.local/lib/python3.12/site-packages/airflow/example_dags/example_sla_dag.py took 0.087 seconds
[2025-08-19T03:31:02.256+0000] {processor.py:161} INFO - Started process (PID=24442) to work on /home/airflow/.local/lib/python3.12/site-packages/airflow/example_dags/example_sla_dag.py
[2025-08-19T03:31:02.257+0000] {processor.py:830} INFO - Processing file /home/airflow/.local/lib/python3.12/site-packages/airflow/example_dags/example_sla_dag.py for tasks to queue
[2025-08-19T03:31:02.258+0000] {logging_mixin.py:188} INFO - [2025-08-19T03:31:02.258+0000] {dagbag.py:545} INFO - Filling up the DagBag from /home/airflow/.local/lib/python3.12/site-packages/airflow/example_dags/example_sla_dag.py
[2025-08-19T03:31:02.268+0000] {processor.py:840} INFO - DAG(s) 'example_sla_dag' retrieved from /home/airflow/.local/lib/python3.12/site-packages/airflow/example_dags/example_sla_dag.py
[2025-08-19T03:31:02.288+0000] {logging_mixin.py:188} INFO - [2025-08-19T03:31:02.288+0000] {dag.py:3096} INFO - Sync 1 DAGs
[2025-08-19T03:31:02.313+0000] {logging_mixin.py:188} INFO - [2025-08-19T03:31:02.313+0000] {dag.py:3954} INFO - Setting next_dagrun for example_sla_dag to 2025-08-19 03:28:00+00:00, run_after=2025-08-19 03:30:00+00:00
[2025-08-19T03:31:02.341+0000] {processor.py:183} INFO - Processing /home/airflow/.local/lib/python3.12/site-packages/airflow/example_dags/example_sla_dag.py took 0.094 seconds
[2025-08-19T03:31:32.556+0000] {processor.py:161} INFO - Started process (PID=24495) to work on /home/airflow/.local/lib/python3.12/site-packages/airflow/example_dags/example_sla_dag.py
[2025-08-19T03:31:32.558+0000] {processor.py:830} INFO - Processing file /home/airflow/.local/lib/python3.12/site-packages/airflow/example_dags/example_sla_dag.py for tasks to queue
[2025-08-19T03:31:32.559+0000] {logging_mixin.py:188} INFO - [2025-08-19T03:31:32.559+0000] {dagbag.py:545} INFO - Filling up the DagBag from /home/airflow/.local/lib/python3.12/site-packages/airflow/example_dags/example_sla_dag.py
[2025-08-19T03:31:32.569+0000] {processor.py:840} INFO - DAG(s) 'example_sla_dag' retrieved from /home/airflow/.local/lib/python3.12/site-packages/airflow/example_dags/example_sla_dag.py
[2025-08-19T03:31:32.590+0000] {logging_mixin.py:188} INFO - [2025-08-19T03:31:32.590+0000] {dag.py:3096} INFO - Sync 1 DAGs
[2025-08-19T03:31:32.625+0000] {logging_mixin.py:188} INFO - [2025-08-19T03:31:32.625+0000] {dag.py:3954} INFO - Setting next_dagrun for example_sla_dag to 2025-08-19 03:28:00+00:00, run_after=2025-08-19 03:30:00+00:00
[2025-08-19T03:31:32.651+0000] {processor.py:183} INFO - Processing /home/airflow/.local/lib/python3.12/site-packages/airflow/example_dags/example_sla_dag.py took 0.100 seconds
[2025-08-19T03:32:02.736+0000] {processor.py:161} INFO - Started process (PID=24548) to work on /home/airflow/.local/lib/python3.12/site-packages/airflow/example_dags/example_sla_dag.py
[2025-08-19T03:32:02.738+0000] {processor.py:830} INFO - Processing file /home/airflow/.local/lib/python3.12/site-packages/airflow/example_dags/example_sla_dag.py for tasks to queue
[2025-08-19T03:32:02.739+0000] {logging_mixin.py:188} INFO - [2025-08-19T03:32:02.739+0000] {dagbag.py:545} INFO - Filling up the DagBag from /home/airflow/.local/lib/python3.12/site-packages/airflow/example_dags/example_sla_dag.py
[2025-08-19T03:32:02.749+0000] {processor.py:840} INFO - DAG(s) 'example_sla_dag' retrieved from /home/airflow/.local/lib/python3.12/site-packages/airflow/example_dags/example_sla_dag.py
[2025-08-19T03:32:02.771+0000] {logging_mixin.py:188} INFO - [2025-08-19T03:32:02.771+0000] {dag.py:3096} INFO - Sync 1 DAGs
[2025-08-19T03:32:02.800+0000] {logging_mixin.py:188} INFO - [2025-08-19T03:32:02.799+0000] {dag.py:3954} INFO - Setting next_dagrun for example_sla_dag to 2025-08-19 03:30:00+00:00, run_after=2025-08-19 03:32:00+00:00
[2025-08-19T03:32:02.824+0000] {processor.py:183} INFO - Processing /home/airflow/.local/lib/python3.12/site-packages/airflow/example_dags/example_sla_dag.py took 0.096 seconds
[2025-08-19T03:32:32.871+0000] {processor.py:161} INFO - Started process (PID=24601) to work on /home/airflow/.local/lib/python3.12/site-packages/airflow/example_dags/example_sla_dag.py
[2025-08-19T03:32:32.872+0000] {processor.py:830} INFO - Processing file /home/airflow/.local/lib/python3.12/site-packages/airflow/example_dags/example_sla_dag.py for tasks to queue
[2025-08-19T03:32:32.874+0000] {logging_mixin.py:188} INFO - [2025-08-19T03:32:32.873+0000] {dagbag.py:545} INFO - Filling up the DagBag from /home/airflow/.local/lib/python3.12/site-packages/airflow/example_dags/example_sla_dag.py
[2025-08-19T03:32:32.885+0000] {processor.py:840} INFO - DAG(s) 'example_sla_dag' retrieved from /home/airflow/.local/lib/python3.12/site-packages/airflow/example_dags/example_sla_dag.py
[2025-08-19T03:32:32.908+0000] {logging_mixin.py:188} INFO - [2025-08-19T03:32:32.908+0000] {dag.py:3096} INFO - Sync 1 DAGs
[2025-08-19T03:32:32.935+0000] {logging_mixin.py:188} INFO - [2025-08-19T03:32:32.934+0000] {dag.py:3954} INFO - Setting next_dagrun for example_sla_dag to 2025-08-19 03:30:00+00:00, run_after=2025-08-19 03:32:00+00:00
[2025-08-19T03:32:32.958+0000] {processor.py:183} INFO - Processing /home/airflow/.local/lib/python3.12/site-packages/airflow/example_dags/example_sla_dag.py took 0.093 seconds
[2025-08-19T03:33:03.168+0000] {processor.py:161} INFO - Started process (PID=24654) to work on /home/airflow/.local/lib/python3.12/site-packages/airflow/example_dags/example_sla_dag.py
[2025-08-19T03:33:03.170+0000] {processor.py:830} INFO - Processing file /home/airflow/.local/lib/python3.12/site-packages/airflow/example_dags/example_sla_dag.py for tasks to queue
[2025-08-19T03:33:03.174+0000] {logging_mixin.py:188} INFO - [2025-08-19T03:33:03.173+0000] {dagbag.py:545} INFO - Filling up the DagBag from /home/airflow/.local/lib/python3.12/site-packages/airflow/example_dags/example_sla_dag.py
[2025-08-19T03:33:03.200+0000] {processor.py:840} INFO - DAG(s) 'example_sla_dag' retrieved from /home/airflow/.local/lib/python3.12/site-packages/airflow/example_dags/example_sla_dag.py
[2025-08-19T03:33:03.256+0000] {logging_mixin.py:188} INFO - [2025-08-19T03:33:03.256+0000] {dag.py:3096} INFO - Sync 1 DAGs
[2025-08-19T03:33:03.345+0000] {logging_mixin.py:188} INFO - [2025-08-19T03:33:03.345+0000] {dag.py:3954} INFO - Setting next_dagrun for example_sla_dag to 2025-08-19 03:30:00+00:00, run_after=2025-08-19 03:32:00+00:00
[2025-08-19T03:33:03.410+0000] {processor.py:183} INFO - Processing /home/airflow/.local/lib/python3.12/site-packages/airflow/example_dags/example_sla_dag.py took 0.257 seconds
[2025-08-19T03:33:39.221+0000] {processor.py:161} INFO - Started process (PID=24707) to work on /home/airflow/.local/lib/python3.12/site-packages/airflow/example_dags/example_sla_dag.py
[2025-08-19T03:33:39.252+0000] {processor.py:830} INFO - Processing file /home/airflow/.local/lib/python3.12/site-packages/airflow/example_dags/example_sla_dag.py for tasks to queue
[2025-08-19T03:33:39.263+0000] {logging_mixin.py:188} INFO - [2025-08-19T03:33:39.256+0000] {dagbag.py:545} INFO - Filling up the DagBag from /home/airflow/.local/lib/python3.12/site-packages/airflow/example_dags/example_sla_dag.py
[2025-08-19T03:33:39.327+0000] {processor.py:840} INFO - DAG(s) 'example_sla_dag' retrieved from /home/airflow/.local/lib/python3.12/site-packages/airflow/example_dags/example_sla_dag.py
[2025-08-19T03:33:39.457+0000] {logging_mixin.py:188} INFO - [2025-08-19T03:33:39.456+0000] {dag.py:3096} INFO - Sync 1 DAGs
[2025-08-19T03:33:39.687+0000] {logging_mixin.py:188} INFO - [2025-08-19T03:33:39.686+0000] {dag.py:3954} INFO - Setting next_dagrun for example_sla_dag to 2025-08-19 03:30:00+00:00, run_after=2025-08-19 03:32:00+00:00
[2025-08-19T03:33:39.848+0000] {processor.py:183} INFO - Processing /home/airflow/.local/lib/python3.12/site-packages/airflow/example_dags/example_sla_dag.py took 0.672 seconds
[2025-08-19T03:34:10.189+0000] {processor.py:161} INFO - Started process (PID=24760) to work on /home/airflow/.local/lib/python3.12/site-packages/airflow/example_dags/example_sla_dag.py
[2025-08-19T03:34:10.191+0000] {processor.py:830} INFO - Processing file /home/airflow/.local/lib/python3.12/site-packages/airflow/example_dags/example_sla_dag.py for tasks to queue
[2025-08-19T03:34:10.193+0000] {logging_mixin.py:188} INFO - [2025-08-19T03:34:10.192+0000] {dagbag.py:545} INFO - Filling up the DagBag from /home/airflow/.local/lib/python3.12/site-packages/airflow/example_dags/example_sla_dag.py
[2025-08-19T03:34:10.204+0000] {processor.py:840} INFO - DAG(s) 'example_sla_dag' retrieved from /home/airflow/.local/lib/python3.12/site-packages/airflow/example_dags/example_sla_dag.py
[2025-08-19T03:34:10.232+0000] {logging_mixin.py:188} INFO - [2025-08-19T03:34:10.231+0000] {dag.py:3096} INFO - Sync 1 DAGs
[2025-08-19T03:34:10.273+0000] {logging_mixin.py:188} INFO - [2025-08-19T03:34:10.272+0000] {dag.py:3954} INFO - Setting next_dagrun for example_sla_dag to 2025-08-19 03:32:00+00:00, run_after=2025-08-19 03:34:00+00:00
[2025-08-19T03:34:10.333+0000] {processor.py:183} INFO - Processing /home/airflow/.local/lib/python3.12/site-packages/airflow/example_dags/example_sla_dag.py took 0.151 seconds
[2025-08-19T03:34:40.746+0000] {processor.py:161} INFO - Started process (PID=24813) to work on /home/airflow/.local/lib/python3.12/site-packages/airflow/example_dags/example_sla_dag.py
[2025-08-19T03:34:40.748+0000] {processor.py:830} INFO - Processing file /home/airflow/.local/lib/python3.12/site-packages/airflow/example_dags/example_sla_dag.py for tasks to queue
[2025-08-19T03:34:40.749+0000] {logging_mixin.py:188} INFO - [2025-08-19T03:34:40.749+0000] {dagbag.py:545} INFO - Filling up the DagBag from /home/airflow/.local/lib/python3.12/site-packages/airflow/example_dags/example_sla_dag.py
[2025-08-19T03:34:40.760+0000] {processor.py:840} INFO - DAG(s) 'example_sla_dag' retrieved from /home/airflow/.local/lib/python3.12/site-packages/airflow/example_dags/example_sla_dag.py
[2025-08-19T03:34:40.787+0000] {logging_mixin.py:188} INFO - [2025-08-19T03:34:40.787+0000] {dag.py:3096} INFO - Sync 1 DAGs
[2025-08-19T03:34:40.817+0000] {logging_mixin.py:188} INFO - [2025-08-19T03:34:40.817+0000] {dag.py:3954} INFO - Setting next_dagrun for example_sla_dag to 2025-08-19 03:32:00+00:00, run_after=2025-08-19 03:34:00+00:00
[2025-08-19T03:34:40.849+0000] {processor.py:183} INFO - Processing /home/airflow/.local/lib/python3.12/site-packages/airflow/example_dags/example_sla_dag.py took 0.112 seconds
[2025-08-19T03:35:10.904+0000] {processor.py:161} INFO - Started process (PID=24866) to work on /home/airflow/.local/lib/python3.12/site-packages/airflow/example_dags/example_sla_dag.py
[2025-08-19T03:35:10.906+0000] {processor.py:830} INFO - Processing file /home/airflow/.local/lib/python3.12/site-packages/airflow/example_dags/example_sla_dag.py for tasks to queue
[2025-08-19T03:35:10.908+0000] {logging_mixin.py:188} INFO - [2025-08-19T03:35:10.907+0000] {dagbag.py:545} INFO - Filling up the DagBag from /home/airflow/.local/lib/python3.12/site-packages/airflow/example_dags/example_sla_dag.py
[2025-08-19T03:35:10.920+0000] {processor.py:840} INFO - DAG(s) 'example_sla_dag' retrieved from /home/airflow/.local/lib/python3.12/site-packages/airflow/example_dags/example_sla_dag.py
[2025-08-19T03:35:10.945+0000] {logging_mixin.py:188} INFO - [2025-08-19T03:35:10.945+0000] {dag.py:3096} INFO - Sync 1 DAGs
[2025-08-19T03:35:10.985+0000] {logging_mixin.py:188} INFO - [2025-08-19T03:35:10.985+0000] {dag.py:3954} INFO - Setting next_dagrun for example_sla_dag to 2025-08-19 03:32:00+00:00, run_after=2025-08-19 03:34:00+00:00
[2025-08-19T03:35:11.016+0000] {processor.py:183} INFO - Processing /home/airflow/.local/lib/python3.12/site-packages/airflow/example_dags/example_sla_dag.py took 0.123 seconds
[2025-08-19T03:35:41.588+0000] {processor.py:161} INFO - Started process (PID=24919) to work on /home/airflow/.local/lib/python3.12/site-packages/airflow/example_dags/example_sla_dag.py
[2025-08-19T03:35:41.590+0000] {processor.py:830} INFO - Processing file /home/airflow/.local/lib/python3.12/site-packages/airflow/example_dags/example_sla_dag.py for tasks to queue
[2025-08-19T03:35:41.592+0000] {logging_mixin.py:188} INFO - [2025-08-19T03:35:41.591+0000] {dagbag.py:545} INFO - Filling up the DagBag from /home/airflow/.local/lib/python3.12/site-packages/airflow/example_dags/example_sla_dag.py
[2025-08-19T03:35:41.605+0000] {processor.py:840} INFO - DAG(s) 'example_sla_dag' retrieved from /home/airflow/.local/lib/python3.12/site-packages/airflow/example_dags/example_sla_dag.py
[2025-08-19T03:35:41.637+0000] {logging_mixin.py:188} INFO - [2025-08-19T03:35:41.637+0000] {dag.py:3096} INFO - Sync 1 DAGs
[2025-08-19T03:35:41.671+0000] {logging_mixin.py:188} INFO - [2025-08-19T03:35:41.671+0000] {dag.py:3954} INFO - Setting next_dagrun for example_sla_dag to 2025-08-19 03:32:00+00:00, run_after=2025-08-19 03:34:00+00:00
[2025-08-19T03:35:41.699+0000] {processor.py:183} INFO - Processing /home/airflow/.local/lib/python3.12/site-packages/airflow/example_dags/example_sla_dag.py took 0.122 seconds
[2025-08-19T03:36:12.028+0000] {processor.py:161} INFO - Started process (PID=24972) to work on /home/airflow/.local/lib/python3.12/site-packages/airflow/example_dags/example_sla_dag.py
[2025-08-19T03:36:12.030+0000] {processor.py:830} INFO - Processing file /home/airflow/.local/lib/python3.12/site-packages/airflow/example_dags/example_sla_dag.py for tasks to queue
[2025-08-19T03:36:12.031+0000] {logging_mixin.py:188} INFO - [2025-08-19T03:36:12.031+0000] {dagbag.py:545} INFO - Filling up the DagBag from /home/airflow/.local/lib/python3.12/site-packages/airflow/example_dags/example_sla_dag.py
[2025-08-19T03:36:12.041+0000] {processor.py:840} INFO - DAG(s) 'example_sla_dag' retrieved from /home/airflow/.local/lib/python3.12/site-packages/airflow/example_dags/example_sla_dag.py
[2025-08-19T03:36:12.066+0000] {logging_mixin.py:188} INFO - [2025-08-19T03:36:12.066+0000] {dag.py:3096} INFO - Sync 1 DAGs
[2025-08-19T03:36:12.098+0000] {logging_mixin.py:188} INFO - [2025-08-19T03:36:12.098+0000] {dag.py:3954} INFO - Setting next_dagrun for example_sla_dag to 2025-08-19 03:34:00+00:00, run_after=2025-08-19 03:36:00+00:00
[2025-08-19T03:36:12.127+0000] {processor.py:183} INFO - Processing /home/airflow/.local/lib/python3.12/site-packages/airflow/example_dags/example_sla_dag.py took 0.106 seconds
[2025-08-19T03:36:42.357+0000] {processor.py:161} INFO - Started process (PID=25025) to work on /home/airflow/.local/lib/python3.12/site-packages/airflow/example_dags/example_sla_dag.py
[2025-08-19T03:36:42.358+0000] {processor.py:830} INFO - Processing file /home/airflow/.local/lib/python3.12/site-packages/airflow/example_dags/example_sla_dag.py for tasks to queue
[2025-08-19T03:36:42.360+0000] {logging_mixin.py:188} INFO - [2025-08-19T03:36:42.359+0000] {dagbag.py:545} INFO - Filling up the DagBag from /home/airflow/.local/lib/python3.12/site-packages/airflow/example_dags/example_sla_dag.py
[2025-08-19T03:36:42.377+0000] {processor.py:840} INFO - DAG(s) 'example_sla_dag' retrieved from /home/airflow/.local/lib/python3.12/site-packages/airflow/example_dags/example_sla_dag.py
[2025-08-19T03:36:42.403+0000] {logging_mixin.py:188} INFO - [2025-08-19T03:36:42.403+0000] {dag.py:3096} INFO - Sync 1 DAGs
[2025-08-19T03:36:42.431+0000] {logging_mixin.py:188} INFO - [2025-08-19T03:36:42.430+0000] {dag.py:3954} INFO - Setting next_dagrun for example_sla_dag to 2025-08-19 03:34:00+00:00, run_after=2025-08-19 03:36:00+00:00
[2025-08-19T03:36:42.467+0000] {processor.py:183} INFO - Processing /home/airflow/.local/lib/python3.12/site-packages/airflow/example_dags/example_sla_dag.py took 0.118 seconds
[2025-08-19T03:37:13.110+0000] {processor.py:161} INFO - Started process (PID=25078) to work on /home/airflow/.local/lib/python3.12/site-packages/airflow/example_dags/example_sla_dag.py
[2025-08-19T03:37:13.111+0000] {processor.py:830} INFO - Processing file /home/airflow/.local/lib/python3.12/site-packages/airflow/example_dags/example_sla_dag.py for tasks to queue
[2025-08-19T03:37:13.113+0000] {logging_mixin.py:188} INFO - [2025-08-19T03:37:13.112+0000] {dagbag.py:545} INFO - Filling up the DagBag from /home/airflow/.local/lib/python3.12/site-packages/airflow/example_dags/example_sla_dag.py
[2025-08-19T03:37:13.122+0000] {processor.py:840} INFO - DAG(s) 'example_sla_dag' retrieved from /home/airflow/.local/lib/python3.12/site-packages/airflow/example_dags/example_sla_dag.py
[2025-08-19T03:37:13.145+0000] {logging_mixin.py:188} INFO - [2025-08-19T03:37:13.145+0000] {dag.py:3096} INFO - Sync 1 DAGs
[2025-08-19T03:37:13.173+0000] {logging_mixin.py:188} INFO - [2025-08-19T03:37:13.173+0000] {dag.py:3954} INFO - Setting next_dagrun for example_sla_dag to 2025-08-19 03:34:00+00:00, run_after=2025-08-19 03:36:00+00:00
[2025-08-19T03:37:13.202+0000] {processor.py:183} INFO - Processing /home/airflow/.local/lib/python3.12/site-packages/airflow/example_dags/example_sla_dag.py took 0.104 seconds
