[2025-08-19T03:09:51.552+0000] {processor.py:161} INFO - Started process (PID=22226) to work on /home/airflow/.local/lib/python3.12/site-packages/airflow/example_dags/example_complex.py
[2025-08-19T03:09:51.579+0000] {processor.py:830} INFO - Processing file /home/airflow/.local/lib/python3.12/site-packages/airflow/example_dags/example_complex.py for tasks to queue
[2025-08-19T03:09:51.613+0000] {logging_mixin.py:188} INFO - [2025-08-19T03:09:51.613+0000] {dagbag.py:545} INFO - Filling up the DagBag from /home/airflow/.local/lib/python3.12/site-packages/airflow/example_dags/example_complex.py
[2025-08-19T03:09:51.679+0000] {processor.py:840} INFO - DAG(s) 'example_complex' retrieved from /home/airflow/.local/lib/python3.12/site-packages/airflow/example_dags/example_complex.py
[2025-08-19T03:09:51.791+0000] {logging_mixin.py:188} INFO - [2025-08-19T03:09:51.790+0000] {dag.py:3096} INFO - Sync 1 DAGs
[2025-08-19T03:09:51.846+0000] {logging_mixin.py:188} INFO - [2025-08-19T03:09:51.846+0000] {dag.py:3954} INFO - Setting next_dagrun for example_complex to None, run_after=None
[2025-08-19T03:09:51.939+0000] {processor.py:183} INFO - Processing /home/airflow/.local/lib/python3.12/site-packages/airflow/example_dags/example_complex.py took 0.406 seconds
[2025-08-19T03:10:22.035+0000] {processor.py:161} INFO - Started process (PID=22279) to work on /home/airflow/.local/lib/python3.12/site-packages/airflow/example_dags/example_complex.py
[2025-08-19T03:10:22.037+0000] {processor.py:830} INFO - Processing file /home/airflow/.local/lib/python3.12/site-packages/airflow/example_dags/example_complex.py for tasks to queue
[2025-08-19T03:10:22.038+0000] {logging_mixin.py:188} INFO - [2025-08-19T03:10:22.038+0000] {dagbag.py:545} INFO - Filling up the DagBag from /home/airflow/.local/lib/python3.12/site-packages/airflow/example_dags/example_complex.py
[2025-08-19T03:10:22.053+0000] {processor.py:840} INFO - DAG(s) 'example_complex' retrieved from /home/airflow/.local/lib/python3.12/site-packages/airflow/example_dags/example_complex.py
[2025-08-19T03:10:22.090+0000] {logging_mixin.py:188} INFO - [2025-08-19T03:10:22.090+0000] {dag.py:3096} INFO - Sync 1 DAGs
[2025-08-19T03:10:22.104+0000] {logging_mixin.py:188} INFO - [2025-08-19T03:10:22.103+0000] {dag.py:3954} INFO - Setting next_dagrun for example_complex to None, run_after=None
[2025-08-19T03:10:22.130+0000] {processor.py:183} INFO - Processing /home/airflow/.local/lib/python3.12/site-packages/airflow/example_dags/example_complex.py took 0.102 seconds
[2025-08-19T03:10:52.319+0000] {processor.py:161} INFO - Started process (PID=22330) to work on /home/airflow/.local/lib/python3.12/site-packages/airflow/example_dags/example_complex.py
[2025-08-19T03:10:52.333+0000] {processor.py:830} INFO - Processing file /home/airflow/.local/lib/python3.12/site-packages/airflow/example_dags/example_complex.py for tasks to queue
[2025-08-19T03:10:52.336+0000] {logging_mixin.py:188} INFO - [2025-08-19T03:10:52.334+0000] {dagbag.py:545} INFO - Filling up the DagBag from /home/airflow/.local/lib/python3.12/site-packages/airflow/example_dags/example_complex.py
[2025-08-19T03:10:52.349+0000] {processor.py:840} INFO - DAG(s) 'example_complex' retrieved from /home/airflow/.local/lib/python3.12/site-packages/airflow/example_dags/example_complex.py
[2025-08-19T03:10:52.386+0000] {logging_mixin.py:188} INFO - [2025-08-19T03:10:52.386+0000] {dag.py:3096} INFO - Sync 1 DAGs
[2025-08-19T03:10:52.433+0000] {logging_mixin.py:188} INFO - [2025-08-19T03:10:52.433+0000] {dag.py:3954} INFO - Setting next_dagrun for example_complex to None, run_after=None
[2025-08-19T03:10:52.557+0000] {processor.py:183} INFO - Processing /home/airflow/.local/lib/python3.12/site-packages/airflow/example_dags/example_complex.py took 0.252 seconds
[2025-08-19T03:11:23.084+0000] {processor.py:161} INFO - Started process (PID=22383) to work on /home/airflow/.local/lib/python3.12/site-packages/airflow/example_dags/example_complex.py
[2025-08-19T03:11:23.086+0000] {processor.py:830} INFO - Processing file /home/airflow/.local/lib/python3.12/site-packages/airflow/example_dags/example_complex.py for tasks to queue
[2025-08-19T03:11:23.089+0000] {logging_mixin.py:188} INFO - [2025-08-19T03:11:23.087+0000] {dagbag.py:545} INFO - Filling up the DagBag from /home/airflow/.local/lib/python3.12/site-packages/airflow/example_dags/example_complex.py
[2025-08-19T03:11:23.100+0000] {processor.py:840} INFO - DAG(s) 'example_complex' retrieved from /home/airflow/.local/lib/python3.12/site-packages/airflow/example_dags/example_complex.py
[2025-08-19T03:11:23.136+0000] {logging_mixin.py:188} INFO - [2025-08-19T03:11:23.136+0000] {dag.py:3096} INFO - Sync 1 DAGs
[2025-08-19T03:11:23.156+0000] {logging_mixin.py:188} INFO - [2025-08-19T03:11:23.156+0000] {dag.py:3954} INFO - Setting next_dagrun for example_complex to None, run_after=None
[2025-08-19T03:11:23.185+0000] {processor.py:183} INFO - Processing /home/airflow/.local/lib/python3.12/site-packages/airflow/example_dags/example_complex.py took 0.106 seconds
[2025-08-19T03:11:53.929+0000] {processor.py:161} INFO - Started process (PID=22436) to work on /home/airflow/.local/lib/python3.12/site-packages/airflow/example_dags/example_complex.py
[2025-08-19T03:11:53.930+0000] {processor.py:830} INFO - Processing file /home/airflow/.local/lib/python3.12/site-packages/airflow/example_dags/example_complex.py for tasks to queue
[2025-08-19T03:11:53.931+0000] {logging_mixin.py:188} INFO - [2025-08-19T03:11:53.931+0000] {dagbag.py:545} INFO - Filling up the DagBag from /home/airflow/.local/lib/python3.12/site-packages/airflow/example_dags/example_complex.py
[2025-08-19T03:11:53.942+0000] {processor.py:840} INFO - DAG(s) 'example_complex' retrieved from /home/airflow/.local/lib/python3.12/site-packages/airflow/example_dags/example_complex.py
[2025-08-19T03:11:53.979+0000] {logging_mixin.py:188} INFO - [2025-08-19T03:11:53.979+0000] {dag.py:3096} INFO - Sync 1 DAGs
[2025-08-19T03:11:53.993+0000] {logging_mixin.py:188} INFO - [2025-08-19T03:11:53.993+0000] {dag.py:3954} INFO - Setting next_dagrun for example_complex to None, run_after=None
[2025-08-19T03:11:54.017+0000] {processor.py:183} INFO - Processing /home/airflow/.local/lib/python3.12/site-packages/airflow/example_dags/example_complex.py took 0.094 seconds
[2025-08-19T03:12:24.341+0000] {processor.py:161} INFO - Started process (PID=22488) to work on /home/airflow/.local/lib/python3.12/site-packages/airflow/example_dags/example_complex.py
[2025-08-19T03:12:24.342+0000] {processor.py:830} INFO - Processing file /home/airflow/.local/lib/python3.12/site-packages/airflow/example_dags/example_complex.py for tasks to queue
[2025-08-19T03:12:24.343+0000] {logging_mixin.py:188} INFO - [2025-08-19T03:12:24.342+0000] {dagbag.py:545} INFO - Filling up the DagBag from /home/airflow/.local/lib/python3.12/site-packages/airflow/example_dags/example_complex.py
[2025-08-19T03:12:24.353+0000] {processor.py:840} INFO - DAG(s) 'example_complex' retrieved from /home/airflow/.local/lib/python3.12/site-packages/airflow/example_dags/example_complex.py
[2025-08-19T03:12:24.389+0000] {logging_mixin.py:188} INFO - [2025-08-19T03:12:24.388+0000] {dag.py:3096} INFO - Sync 1 DAGs
[2025-08-19T03:12:24.404+0000] {logging_mixin.py:188} INFO - [2025-08-19T03:12:24.404+0000] {dag.py:3954} INFO - Setting next_dagrun for example_complex to None, run_after=None
[2025-08-19T03:12:24.430+0000] {processor.py:183} INFO - Processing /home/airflow/.local/lib/python3.12/site-packages/airflow/example_dags/example_complex.py took 0.095 seconds
[2025-08-19T03:12:54.929+0000] {processor.py:161} INFO - Started process (PID=22541) to work on /home/airflow/.local/lib/python3.12/site-packages/airflow/example_dags/example_complex.py
[2025-08-19T03:12:54.930+0000] {processor.py:830} INFO - Processing file /home/airflow/.local/lib/python3.12/site-packages/airflow/example_dags/example_complex.py for tasks to queue
[2025-08-19T03:12:54.932+0000] {logging_mixin.py:188} INFO - [2025-08-19T03:12:54.931+0000] {dagbag.py:545} INFO - Filling up the DagBag from /home/airflow/.local/lib/python3.12/site-packages/airflow/example_dags/example_complex.py
[2025-08-19T03:12:54.944+0000] {processor.py:840} INFO - DAG(s) 'example_complex' retrieved from /home/airflow/.local/lib/python3.12/site-packages/airflow/example_dags/example_complex.py
[2025-08-19T03:12:54.981+0000] {logging_mixin.py:188} INFO - [2025-08-19T03:12:54.980+0000] {dag.py:3096} INFO - Sync 1 DAGs
[2025-08-19T03:12:55.003+0000] {logging_mixin.py:188} INFO - [2025-08-19T03:12:55.002+0000] {dag.py:3954} INFO - Setting next_dagrun for example_complex to None, run_after=None
[2025-08-19T03:12:55.040+0000] {processor.py:183} INFO - Processing /home/airflow/.local/lib/python3.12/site-packages/airflow/example_dags/example_complex.py took 0.116 seconds
[2025-08-19T03:13:25.749+0000] {processor.py:161} INFO - Started process (PID=22594) to work on /home/airflow/.local/lib/python3.12/site-packages/airflow/example_dags/example_complex.py
[2025-08-19T03:13:25.750+0000] {processor.py:830} INFO - Processing file /home/airflow/.local/lib/python3.12/site-packages/airflow/example_dags/example_complex.py for tasks to queue
[2025-08-19T03:13:25.752+0000] {logging_mixin.py:188} INFO - [2025-08-19T03:13:25.751+0000] {dagbag.py:545} INFO - Filling up the DagBag from /home/airflow/.local/lib/python3.12/site-packages/airflow/example_dags/example_complex.py
[2025-08-19T03:13:25.762+0000] {processor.py:840} INFO - DAG(s) 'example_complex' retrieved from /home/airflow/.local/lib/python3.12/site-packages/airflow/example_dags/example_complex.py
[2025-08-19T03:13:25.795+0000] {logging_mixin.py:188} INFO - [2025-08-19T03:13:25.795+0000] {dag.py:3096} INFO - Sync 1 DAGs
[2025-08-19T03:13:25.810+0000] {logging_mixin.py:188} INFO - [2025-08-19T03:13:25.810+0000] {dag.py:3954} INFO - Setting next_dagrun for example_complex to None, run_after=None
[2025-08-19T03:13:25.836+0000] {processor.py:183} INFO - Processing /home/airflow/.local/lib/python3.12/site-packages/airflow/example_dags/example_complex.py took 0.093 seconds
[2025-08-19T03:13:56.565+0000] {processor.py:161} INFO - Started process (PID=22647) to work on /home/airflow/.local/lib/python3.12/site-packages/airflow/example_dags/example_complex.py
[2025-08-19T03:13:56.567+0000] {processor.py:830} INFO - Processing file /home/airflow/.local/lib/python3.12/site-packages/airflow/example_dags/example_complex.py for tasks to queue
[2025-08-19T03:13:56.568+0000] {logging_mixin.py:188} INFO - [2025-08-19T03:13:56.567+0000] {dagbag.py:545} INFO - Filling up the DagBag from /home/airflow/.local/lib/python3.12/site-packages/airflow/example_dags/example_complex.py
[2025-08-19T03:13:56.578+0000] {processor.py:840} INFO - DAG(s) 'example_complex' retrieved from /home/airflow/.local/lib/python3.12/site-packages/airflow/example_dags/example_complex.py
[2025-08-19T03:13:56.612+0000] {logging_mixin.py:188} INFO - [2025-08-19T03:13:56.612+0000] {dag.py:3096} INFO - Sync 1 DAGs
[2025-08-19T03:13:56.629+0000] {logging_mixin.py:188} INFO - [2025-08-19T03:13:56.628+0000] {dag.py:3954} INFO - Setting next_dagrun for example_complex to None, run_after=None
[2025-08-19T03:13:56.653+0000] {processor.py:183} INFO - Processing /home/airflow/.local/lib/python3.12/site-packages/airflow/example_dags/example_complex.py took 0.094 seconds
[2025-08-19T03:14:27.359+0000] {processor.py:161} INFO - Started process (PID=22700) to work on /home/airflow/.local/lib/python3.12/site-packages/airflow/example_dags/example_complex.py
[2025-08-19T03:14:27.360+0000] {processor.py:830} INFO - Processing file /home/airflow/.local/lib/python3.12/site-packages/airflow/example_dags/example_complex.py for tasks to queue
[2025-08-19T03:14:27.361+0000] {logging_mixin.py:188} INFO - [2025-08-19T03:14:27.361+0000] {dagbag.py:545} INFO - Filling up the DagBag from /home/airflow/.local/lib/python3.12/site-packages/airflow/example_dags/example_complex.py
[2025-08-19T03:14:27.371+0000] {processor.py:840} INFO - DAG(s) 'example_complex' retrieved from /home/airflow/.local/lib/python3.12/site-packages/airflow/example_dags/example_complex.py
[2025-08-19T03:14:27.406+0000] {logging_mixin.py:188} INFO - [2025-08-19T03:14:27.406+0000] {dag.py:3096} INFO - Sync 1 DAGs
[2025-08-19T03:14:27.421+0000] {logging_mixin.py:188} INFO - [2025-08-19T03:14:27.421+0000] {dag.py:3954} INFO - Setting next_dagrun for example_complex to None, run_after=None
[2025-08-19T03:14:27.447+0000] {processor.py:183} INFO - Processing /home/airflow/.local/lib/python3.12/site-packages/airflow/example_dags/example_complex.py took 0.094 seconds
[2025-08-19T03:14:58.220+0000] {processor.py:161} INFO - Started process (PID=22753) to work on /home/airflow/.local/lib/python3.12/site-packages/airflow/example_dags/example_complex.py
[2025-08-19T03:14:58.222+0000] {processor.py:830} INFO - Processing file /home/airflow/.local/lib/python3.12/site-packages/airflow/example_dags/example_complex.py for tasks to queue
[2025-08-19T03:14:58.224+0000] {logging_mixin.py:188} INFO - [2025-08-19T03:14:58.224+0000] {dagbag.py:545} INFO - Filling up the DagBag from /home/airflow/.local/lib/python3.12/site-packages/airflow/example_dags/example_complex.py
[2025-08-19T03:14:58.235+0000] {processor.py:840} INFO - DAG(s) 'example_complex' retrieved from /home/airflow/.local/lib/python3.12/site-packages/airflow/example_dags/example_complex.py
[2025-08-19T03:14:58.271+0000] {logging_mixin.py:188} INFO - [2025-08-19T03:14:58.270+0000] {dag.py:3096} INFO - Sync 1 DAGs
[2025-08-19T03:14:58.285+0000] {logging_mixin.py:188} INFO - [2025-08-19T03:14:58.284+0000] {dag.py:3954} INFO - Setting next_dagrun for example_complex to None, run_after=None
[2025-08-19T03:14:58.310+0000] {processor.py:183} INFO - Processing /home/airflow/.local/lib/python3.12/site-packages/airflow/example_dags/example_complex.py took 0.096 seconds
[2025-08-19T03:15:29.014+0000] {processor.py:161} INFO - Started process (PID=22806) to work on /home/airflow/.local/lib/python3.12/site-packages/airflow/example_dags/example_complex.py
[2025-08-19T03:15:29.016+0000] {processor.py:830} INFO - Processing file /home/airflow/.local/lib/python3.12/site-packages/airflow/example_dags/example_complex.py for tasks to queue
[2025-08-19T03:15:29.017+0000] {logging_mixin.py:188} INFO - [2025-08-19T03:15:29.016+0000] {dagbag.py:545} INFO - Filling up the DagBag from /home/airflow/.local/lib/python3.12/site-packages/airflow/example_dags/example_complex.py
[2025-08-19T03:15:29.026+0000] {processor.py:840} INFO - DAG(s) 'example_complex' retrieved from /home/airflow/.local/lib/python3.12/site-packages/airflow/example_dags/example_complex.py
[2025-08-19T03:15:29.062+0000] {logging_mixin.py:188} INFO - [2025-08-19T03:15:29.061+0000] {dag.py:3096} INFO - Sync 1 DAGs
[2025-08-19T03:15:29.077+0000] {logging_mixin.py:188} INFO - [2025-08-19T03:15:29.077+0000] {dag.py:3954} INFO - Setting next_dagrun for example_complex to None, run_after=None
[2025-08-19T03:15:29.108+0000] {processor.py:183} INFO - Processing /home/airflow/.local/lib/python3.12/site-packages/airflow/example_dags/example_complex.py took 0.101 seconds
[2025-08-19T03:15:59.848+0000] {processor.py:161} INFO - Started process (PID=22859) to work on /home/airflow/.local/lib/python3.12/site-packages/airflow/example_dags/example_complex.py
[2025-08-19T03:15:59.849+0000] {processor.py:830} INFO - Processing file /home/airflow/.local/lib/python3.12/site-packages/airflow/example_dags/example_complex.py for tasks to queue
[2025-08-19T03:15:59.850+0000] {logging_mixin.py:188} INFO - [2025-08-19T03:15:59.850+0000] {dagbag.py:545} INFO - Filling up the DagBag from /home/airflow/.local/lib/python3.12/site-packages/airflow/example_dags/example_complex.py
[2025-08-19T03:15:59.861+0000] {processor.py:840} INFO - DAG(s) 'example_complex' retrieved from /home/airflow/.local/lib/python3.12/site-packages/airflow/example_dags/example_complex.py
[2025-08-19T03:15:59.895+0000] {logging_mixin.py:188} INFO - [2025-08-19T03:15:59.894+0000] {dag.py:3096} INFO - Sync 1 DAGs
[2025-08-19T03:15:59.911+0000] {logging_mixin.py:188} INFO - [2025-08-19T03:15:59.911+0000] {dag.py:3954} INFO - Setting next_dagrun for example_complex to None, run_after=None
[2025-08-19T03:15:59.937+0000] {processor.py:183} INFO - Processing /home/airflow/.local/lib/python3.12/site-packages/airflow/example_dags/example_complex.py took 0.095 seconds
[2025-08-19T03:16:30.319+0000] {processor.py:161} INFO - Started process (PID=22912) to work on /home/airflow/.local/lib/python3.12/site-packages/airflow/example_dags/example_complex.py
[2025-08-19T03:16:30.321+0000] {processor.py:830} INFO - Processing file /home/airflow/.local/lib/python3.12/site-packages/airflow/example_dags/example_complex.py for tasks to queue
[2025-08-19T03:16:30.324+0000] {logging_mixin.py:188} INFO - [2025-08-19T03:16:30.323+0000] {dagbag.py:545} INFO - Filling up the DagBag from /home/airflow/.local/lib/python3.12/site-packages/airflow/example_dags/example_complex.py
[2025-08-19T03:16:30.340+0000] {processor.py:840} INFO - DAG(s) 'example_complex' retrieved from /home/airflow/.local/lib/python3.12/site-packages/airflow/example_dags/example_complex.py
[2025-08-19T03:16:30.384+0000] {logging_mixin.py:188} INFO - [2025-08-19T03:16:30.384+0000] {dag.py:3096} INFO - Sync 1 DAGs
[2025-08-19T03:16:30.400+0000] {logging_mixin.py:188} INFO - [2025-08-19T03:16:30.400+0000] {dag.py:3954} INFO - Setting next_dagrun for example_complex to None, run_after=None
[2025-08-19T03:16:30.428+0000] {processor.py:183} INFO - Processing /home/airflow/.local/lib/python3.12/site-packages/airflow/example_dags/example_complex.py took 0.118 seconds
[2025-08-19T03:17:00.721+0000] {processor.py:161} INFO - Started process (PID=22965) to work on /home/airflow/.local/lib/python3.12/site-packages/airflow/example_dags/example_complex.py
[2025-08-19T03:17:00.723+0000] {processor.py:830} INFO - Processing file /home/airflow/.local/lib/python3.12/site-packages/airflow/example_dags/example_complex.py for tasks to queue
[2025-08-19T03:17:00.724+0000] {logging_mixin.py:188} INFO - [2025-08-19T03:17:00.723+0000] {dagbag.py:545} INFO - Filling up the DagBag from /home/airflow/.local/lib/python3.12/site-packages/airflow/example_dags/example_complex.py
[2025-08-19T03:17:00.735+0000] {processor.py:840} INFO - DAG(s) 'example_complex' retrieved from /home/airflow/.local/lib/python3.12/site-packages/airflow/example_dags/example_complex.py
[2025-08-19T03:17:00.768+0000] {logging_mixin.py:188} INFO - [2025-08-19T03:17:00.768+0000] {dag.py:3096} INFO - Sync 1 DAGs
[2025-08-19T03:17:00.782+0000] {logging_mixin.py:188} INFO - [2025-08-19T03:17:00.781+0000] {dag.py:3954} INFO - Setting next_dagrun for example_complex to None, run_after=None
[2025-08-19T03:17:00.805+0000] {processor.py:183} INFO - Processing /home/airflow/.local/lib/python3.12/site-packages/airflow/example_dags/example_complex.py took 0.089 seconds
[2025-08-19T03:17:31.133+0000] {processor.py:161} INFO - Started process (PID=23018) to work on /home/airflow/.local/lib/python3.12/site-packages/airflow/example_dags/example_complex.py
[2025-08-19T03:17:31.135+0000] {processor.py:830} INFO - Processing file /home/airflow/.local/lib/python3.12/site-packages/airflow/example_dags/example_complex.py for tasks to queue
[2025-08-19T03:17:31.136+0000] {logging_mixin.py:188} INFO - [2025-08-19T03:17:31.135+0000] {dagbag.py:545} INFO - Filling up the DagBag from /home/airflow/.local/lib/python3.12/site-packages/airflow/example_dags/example_complex.py
[2025-08-19T03:17:31.145+0000] {processor.py:840} INFO - DAG(s) 'example_complex' retrieved from /home/airflow/.local/lib/python3.12/site-packages/airflow/example_dags/example_complex.py
[2025-08-19T03:17:31.176+0000] {logging_mixin.py:188} INFO - [2025-08-19T03:17:31.176+0000] {dag.py:3096} INFO - Sync 1 DAGs
[2025-08-19T03:17:31.190+0000] {logging_mixin.py:188} INFO - [2025-08-19T03:17:31.190+0000] {dag.py:3954} INFO - Setting next_dagrun for example_complex to None, run_after=None
[2025-08-19T03:17:31.221+0000] {processor.py:183} INFO - Processing /home/airflow/.local/lib/python3.12/site-packages/airflow/example_dags/example_complex.py took 0.093 seconds
[2025-08-19T03:18:02.111+0000] {processor.py:161} INFO - Started process (PID=23071) to work on /home/airflow/.local/lib/python3.12/site-packages/airflow/example_dags/example_complex.py
[2025-08-19T03:18:02.112+0000] {processor.py:830} INFO - Processing file /home/airflow/.local/lib/python3.12/site-packages/airflow/example_dags/example_complex.py for tasks to queue
[2025-08-19T03:18:02.114+0000] {logging_mixin.py:188} INFO - [2025-08-19T03:18:02.113+0000] {dagbag.py:545} INFO - Filling up the DagBag from /home/airflow/.local/lib/python3.12/site-packages/airflow/example_dags/example_complex.py
[2025-08-19T03:18:02.124+0000] {processor.py:840} INFO - DAG(s) 'example_complex' retrieved from /home/airflow/.local/lib/python3.12/site-packages/airflow/example_dags/example_complex.py
[2025-08-19T03:18:02.158+0000] {logging_mixin.py:188} INFO - [2025-08-19T03:18:02.158+0000] {dag.py:3096} INFO - Sync 1 DAGs
[2025-08-19T03:18:02.174+0000] {logging_mixin.py:188} INFO - [2025-08-19T03:18:02.174+0000] {dag.py:3954} INFO - Setting next_dagrun for example_complex to None, run_after=None
[2025-08-19T03:18:02.205+0000] {processor.py:183} INFO - Processing /home/airflow/.local/lib/python3.12/site-packages/airflow/example_dags/example_complex.py took 0.100 seconds
[2025-08-19T03:18:32.380+0000] {processor.py:161} INFO - Started process (PID=23124) to work on /home/airflow/.local/lib/python3.12/site-packages/airflow/example_dags/example_complex.py
[2025-08-19T03:18:32.381+0000] {processor.py:830} INFO - Processing file /home/airflow/.local/lib/python3.12/site-packages/airflow/example_dags/example_complex.py for tasks to queue
[2025-08-19T03:18:32.382+0000] {logging_mixin.py:188} INFO - [2025-08-19T03:18:32.382+0000] {dagbag.py:545} INFO - Filling up the DagBag from /home/airflow/.local/lib/python3.12/site-packages/airflow/example_dags/example_complex.py
[2025-08-19T03:18:32.392+0000] {processor.py:840} INFO - DAG(s) 'example_complex' retrieved from /home/airflow/.local/lib/python3.12/site-packages/airflow/example_dags/example_complex.py
[2025-08-19T03:18:32.430+0000] {logging_mixin.py:188} INFO - [2025-08-19T03:18:32.430+0000] {dag.py:3096} INFO - Sync 1 DAGs
[2025-08-19T03:18:32.446+0000] {logging_mixin.py:188} INFO - [2025-08-19T03:18:32.445+0000] {dag.py:3954} INFO - Setting next_dagrun for example_complex to None, run_after=None
[2025-08-19T03:18:32.470+0000] {processor.py:183} INFO - Processing /home/airflow/.local/lib/python3.12/site-packages/airflow/example_dags/example_complex.py took 0.096 seconds
[2025-08-19T03:19:02.568+0000] {processor.py:161} INFO - Started process (PID=23177) to work on /home/airflow/.local/lib/python3.12/site-packages/airflow/example_dags/example_complex.py
[2025-08-19T03:19:02.570+0000] {processor.py:830} INFO - Processing file /home/airflow/.local/lib/python3.12/site-packages/airflow/example_dags/example_complex.py for tasks to queue
[2025-08-19T03:19:02.571+0000] {logging_mixin.py:188} INFO - [2025-08-19T03:19:02.571+0000] {dagbag.py:545} INFO - Filling up the DagBag from /home/airflow/.local/lib/python3.12/site-packages/airflow/example_dags/example_complex.py
[2025-08-19T03:19:02.582+0000] {processor.py:840} INFO - DAG(s) 'example_complex' retrieved from /home/airflow/.local/lib/python3.12/site-packages/airflow/example_dags/example_complex.py
[2025-08-19T03:19:02.619+0000] {logging_mixin.py:188} INFO - [2025-08-19T03:19:02.619+0000] {dag.py:3096} INFO - Sync 1 DAGs
[2025-08-19T03:19:02.633+0000] {logging_mixin.py:188} INFO - [2025-08-19T03:19:02.632+0000] {dag.py:3954} INFO - Setting next_dagrun for example_complex to None, run_after=None
[2025-08-19T03:19:02.666+0000] {processor.py:183} INFO - Processing /home/airflow/.local/lib/python3.12/site-packages/airflow/example_dags/example_complex.py took 0.105 seconds
[2025-08-19T03:19:32.910+0000] {processor.py:161} INFO - Started process (PID=23230) to work on /home/airflow/.local/lib/python3.12/site-packages/airflow/example_dags/example_complex.py
[2025-08-19T03:19:32.911+0000] {processor.py:830} INFO - Processing file /home/airflow/.local/lib/python3.12/site-packages/airflow/example_dags/example_complex.py for tasks to queue
[2025-08-19T03:19:32.913+0000] {logging_mixin.py:188} INFO - [2025-08-19T03:19:32.912+0000] {dagbag.py:545} INFO - Filling up the DagBag from /home/airflow/.local/lib/python3.12/site-packages/airflow/example_dags/example_complex.py
[2025-08-19T03:19:32.930+0000] {processor.py:840} INFO - DAG(s) 'example_complex' retrieved from /home/airflow/.local/lib/python3.12/site-packages/airflow/example_dags/example_complex.py
[2025-08-19T03:19:32.968+0000] {logging_mixin.py:188} INFO - [2025-08-19T03:19:32.968+0000] {dag.py:3096} INFO - Sync 1 DAGs
[2025-08-19T03:19:32.984+0000] {logging_mixin.py:188} INFO - [2025-08-19T03:19:32.984+0000] {dag.py:3954} INFO - Setting next_dagrun for example_complex to None, run_after=None
[2025-08-19T03:19:33.011+0000] {processor.py:183} INFO - Processing /home/airflow/.local/lib/python3.12/site-packages/airflow/example_dags/example_complex.py took 0.107 seconds
[2025-08-19T03:20:03.103+0000] {processor.py:161} INFO - Started process (PID=23283) to work on /home/airflow/.local/lib/python3.12/site-packages/airflow/example_dags/example_complex.py
[2025-08-19T03:20:03.104+0000] {processor.py:830} INFO - Processing file /home/airflow/.local/lib/python3.12/site-packages/airflow/example_dags/example_complex.py for tasks to queue
[2025-08-19T03:20:03.105+0000] {logging_mixin.py:188} INFO - [2025-08-19T03:20:03.105+0000] {dagbag.py:545} INFO - Filling up the DagBag from /home/airflow/.local/lib/python3.12/site-packages/airflow/example_dags/example_complex.py
[2025-08-19T03:20:03.116+0000] {processor.py:840} INFO - DAG(s) 'example_complex' retrieved from /home/airflow/.local/lib/python3.12/site-packages/airflow/example_dags/example_complex.py
[2025-08-19T03:20:03.151+0000] {logging_mixin.py:188} INFO - [2025-08-19T03:20:03.151+0000] {dag.py:3096} INFO - Sync 1 DAGs
[2025-08-19T03:20:03.168+0000] {logging_mixin.py:188} INFO - [2025-08-19T03:20:03.168+0000] {dag.py:3954} INFO - Setting next_dagrun for example_complex to None, run_after=None
[2025-08-19T03:20:03.194+0000] {processor.py:183} INFO - Processing /home/airflow/.local/lib/python3.12/site-packages/airflow/example_dags/example_complex.py took 0.097 seconds
[2025-08-19T03:20:34.110+0000] {processor.py:161} INFO - Started process (PID=23336) to work on /home/airflow/.local/lib/python3.12/site-packages/airflow/example_dags/example_complex.py
[2025-08-19T03:20:34.112+0000] {processor.py:830} INFO - Processing file /home/airflow/.local/lib/python3.12/site-packages/airflow/example_dags/example_complex.py for tasks to queue
[2025-08-19T03:20:34.113+0000] {logging_mixin.py:188} INFO - [2025-08-19T03:20:34.113+0000] {dagbag.py:545} INFO - Filling up the DagBag from /home/airflow/.local/lib/python3.12/site-packages/airflow/example_dags/example_complex.py
[2025-08-19T03:20:34.123+0000] {processor.py:840} INFO - DAG(s) 'example_complex' retrieved from /home/airflow/.local/lib/python3.12/site-packages/airflow/example_dags/example_complex.py
[2025-08-19T03:20:34.157+0000] {logging_mixin.py:188} INFO - [2025-08-19T03:20:34.156+0000] {dag.py:3096} INFO - Sync 1 DAGs
[2025-08-19T03:20:34.171+0000] {logging_mixin.py:188} INFO - [2025-08-19T03:20:34.171+0000] {dag.py:3954} INFO - Setting next_dagrun for example_complex to None, run_after=None
[2025-08-19T03:20:34.204+0000] {processor.py:183} INFO - Processing /home/airflow/.local/lib/python3.12/site-packages/airflow/example_dags/example_complex.py took 0.100 seconds
[2025-08-19T03:21:04.451+0000] {processor.py:161} INFO - Started process (PID=23389) to work on /home/airflow/.local/lib/python3.12/site-packages/airflow/example_dags/example_complex.py
[2025-08-19T03:21:04.453+0000] {processor.py:830} INFO - Processing file /home/airflow/.local/lib/python3.12/site-packages/airflow/example_dags/example_complex.py for tasks to queue
[2025-08-19T03:21:04.454+0000] {logging_mixin.py:188} INFO - [2025-08-19T03:21:04.454+0000] {dagbag.py:545} INFO - Filling up the DagBag from /home/airflow/.local/lib/python3.12/site-packages/airflow/example_dags/example_complex.py
[2025-08-19T03:21:04.464+0000] {processor.py:840} INFO - DAG(s) 'example_complex' retrieved from /home/airflow/.local/lib/python3.12/site-packages/airflow/example_dags/example_complex.py
[2025-08-19T03:21:04.496+0000] {logging_mixin.py:188} INFO - [2025-08-19T03:21:04.495+0000] {dag.py:3096} INFO - Sync 1 DAGs
[2025-08-19T03:21:04.511+0000] {logging_mixin.py:188} INFO - [2025-08-19T03:21:04.511+0000] {dag.py:3954} INFO - Setting next_dagrun for example_complex to None, run_after=None
[2025-08-19T03:21:04.546+0000] {processor.py:183} INFO - Processing /home/airflow/.local/lib/python3.12/site-packages/airflow/example_dags/example_complex.py took 0.101 seconds
[2025-08-19T03:21:35.375+0000] {processor.py:161} INFO - Started process (PID=23442) to work on /home/airflow/.local/lib/python3.12/site-packages/airflow/example_dags/example_complex.py
[2025-08-19T03:21:35.376+0000] {processor.py:830} INFO - Processing file /home/airflow/.local/lib/python3.12/site-packages/airflow/example_dags/example_complex.py for tasks to queue
[2025-08-19T03:21:35.377+0000] {logging_mixin.py:188} INFO - [2025-08-19T03:21:35.377+0000] {dagbag.py:545} INFO - Filling up the DagBag from /home/airflow/.local/lib/python3.12/site-packages/airflow/example_dags/example_complex.py
[2025-08-19T03:21:35.387+0000] {processor.py:840} INFO - DAG(s) 'example_complex' retrieved from /home/airflow/.local/lib/python3.12/site-packages/airflow/example_dags/example_complex.py
[2025-08-19T03:21:35.428+0000] {logging_mixin.py:188} INFO - [2025-08-19T03:21:35.427+0000] {dag.py:3096} INFO - Sync 1 DAGs
[2025-08-19T03:21:35.442+0000] {logging_mixin.py:188} INFO - [2025-08-19T03:21:35.442+0000] {dag.py:3954} INFO - Setting next_dagrun for example_complex to None, run_after=None
[2025-08-19T03:21:35.473+0000] {processor.py:183} INFO - Processing /home/airflow/.local/lib/python3.12/site-packages/airflow/example_dags/example_complex.py took 0.105 seconds
[2025-08-19T03:22:06.006+0000] {processor.py:161} INFO - Started process (PID=23495) to work on /home/airflow/.local/lib/python3.12/site-packages/airflow/example_dags/example_complex.py
[2025-08-19T03:22:06.009+0000] {processor.py:830} INFO - Processing file /home/airflow/.local/lib/python3.12/site-packages/airflow/example_dags/example_complex.py for tasks to queue
[2025-08-19T03:22:06.011+0000] {logging_mixin.py:188} INFO - [2025-08-19T03:22:06.010+0000] {dagbag.py:545} INFO - Filling up the DagBag from /home/airflow/.local/lib/python3.12/site-packages/airflow/example_dags/example_complex.py
[2025-08-19T03:22:06.022+0000] {processor.py:840} INFO - DAG(s) 'example_complex' retrieved from /home/airflow/.local/lib/python3.12/site-packages/airflow/example_dags/example_complex.py
[2025-08-19T03:22:06.054+0000] {logging_mixin.py:188} INFO - [2025-08-19T03:22:06.054+0000] {dag.py:3096} INFO - Sync 1 DAGs
[2025-08-19T03:22:06.070+0000] {logging_mixin.py:188} INFO - [2025-08-19T03:22:06.069+0000] {dag.py:3954} INFO - Setting next_dagrun for example_complex to None, run_after=None
[2025-08-19T03:22:06.109+0000] {processor.py:183} INFO - Processing /home/airflow/.local/lib/python3.12/site-packages/airflow/example_dags/example_complex.py took 0.108 seconds
[2025-08-19T03:22:36.541+0000] {processor.py:161} INFO - Started process (PID=23548) to work on /home/airflow/.local/lib/python3.12/site-packages/airflow/example_dags/example_complex.py
[2025-08-19T03:22:36.542+0000] {processor.py:830} INFO - Processing file /home/airflow/.local/lib/python3.12/site-packages/airflow/example_dags/example_complex.py for tasks to queue
[2025-08-19T03:22:36.544+0000] {logging_mixin.py:188} INFO - [2025-08-19T03:22:36.544+0000] {dagbag.py:545} INFO - Filling up the DagBag from /home/airflow/.local/lib/python3.12/site-packages/airflow/example_dags/example_complex.py
[2025-08-19T03:22:36.554+0000] {processor.py:840} INFO - DAG(s) 'example_complex' retrieved from /home/airflow/.local/lib/python3.12/site-packages/airflow/example_dags/example_complex.py
[2025-08-19T03:22:36.588+0000] {logging_mixin.py:188} INFO - [2025-08-19T03:22:36.588+0000] {dag.py:3096} INFO - Sync 1 DAGs
[2025-08-19T03:22:36.603+0000] {logging_mixin.py:188} INFO - [2025-08-19T03:22:36.603+0000] {dag.py:3954} INFO - Setting next_dagrun for example_complex to None, run_after=None
[2025-08-19T03:22:36.635+0000] {processor.py:183} INFO - Processing /home/airflow/.local/lib/python3.12/site-packages/airflow/example_dags/example_complex.py took 0.099 seconds
[2025-08-19T03:23:06.962+0000] {processor.py:161} INFO - Started process (PID=23601) to work on /home/airflow/.local/lib/python3.12/site-packages/airflow/example_dags/example_complex.py
[2025-08-19T03:23:06.964+0000] {processor.py:830} INFO - Processing file /home/airflow/.local/lib/python3.12/site-packages/airflow/example_dags/example_complex.py for tasks to queue
[2025-08-19T03:23:06.965+0000] {logging_mixin.py:188} INFO - [2025-08-19T03:23:06.965+0000] {dagbag.py:545} INFO - Filling up the DagBag from /home/airflow/.local/lib/python3.12/site-packages/airflow/example_dags/example_complex.py
[2025-08-19T03:23:06.979+0000] {processor.py:840} INFO - DAG(s) 'example_complex' retrieved from /home/airflow/.local/lib/python3.12/site-packages/airflow/example_dags/example_complex.py
[2025-08-19T03:23:07.021+0000] {logging_mixin.py:188} INFO - [2025-08-19T03:23:07.020+0000] {dag.py:3096} INFO - Sync 1 DAGs
[2025-08-19T03:23:07.035+0000] {logging_mixin.py:188} INFO - [2025-08-19T03:23:07.035+0000] {dag.py:3954} INFO - Setting next_dagrun for example_complex to None, run_after=None
[2025-08-19T03:23:07.066+0000] {processor.py:183} INFO - Processing /home/airflow/.local/lib/python3.12/site-packages/airflow/example_dags/example_complex.py took 0.113 seconds
[2025-08-19T03:23:37.291+0000] {processor.py:161} INFO - Started process (PID=23654) to work on /home/airflow/.local/lib/python3.12/site-packages/airflow/example_dags/example_complex.py
[2025-08-19T03:23:37.292+0000] {processor.py:830} INFO - Processing file /home/airflow/.local/lib/python3.12/site-packages/airflow/example_dags/example_complex.py for tasks to queue
[2025-08-19T03:23:37.293+0000] {logging_mixin.py:188} INFO - [2025-08-19T03:23:37.293+0000] {dagbag.py:545} INFO - Filling up the DagBag from /home/airflow/.local/lib/python3.12/site-packages/airflow/example_dags/example_complex.py
[2025-08-19T03:23:37.304+0000] {processor.py:840} INFO - DAG(s) 'example_complex' retrieved from /home/airflow/.local/lib/python3.12/site-packages/airflow/example_dags/example_complex.py
[2025-08-19T03:23:37.341+0000] {logging_mixin.py:188} INFO - [2025-08-19T03:23:37.341+0000] {dag.py:3096} INFO - Sync 1 DAGs
[2025-08-19T03:23:37.355+0000] {logging_mixin.py:188} INFO - [2025-08-19T03:23:37.354+0000] {dag.py:3954} INFO - Setting next_dagrun for example_complex to None, run_after=None
[2025-08-19T03:23:37.389+0000] {processor.py:183} INFO - Processing /home/airflow/.local/lib/python3.12/site-packages/airflow/example_dags/example_complex.py took 0.104 seconds
[2025-08-19T03:24:07.969+0000] {processor.py:161} INFO - Started process (PID=23707) to work on /home/airflow/.local/lib/python3.12/site-packages/airflow/example_dags/example_complex.py
[2025-08-19T03:24:07.970+0000] {processor.py:830} INFO - Processing file /home/airflow/.local/lib/python3.12/site-packages/airflow/example_dags/example_complex.py for tasks to queue
[2025-08-19T03:24:07.971+0000] {logging_mixin.py:188} INFO - [2025-08-19T03:24:07.971+0000] {dagbag.py:545} INFO - Filling up the DagBag from /home/airflow/.local/lib/python3.12/site-packages/airflow/example_dags/example_complex.py
[2025-08-19T03:24:07.981+0000] {processor.py:840} INFO - DAG(s) 'example_complex' retrieved from /home/airflow/.local/lib/python3.12/site-packages/airflow/example_dags/example_complex.py
[2025-08-19T03:24:08.015+0000] {logging_mixin.py:188} INFO - [2025-08-19T03:24:08.015+0000] {dag.py:3096} INFO - Sync 1 DAGs
[2025-08-19T03:24:08.030+0000] {logging_mixin.py:188} INFO - [2025-08-19T03:24:08.029+0000] {dag.py:3954} INFO - Setting next_dagrun for example_complex to None, run_after=None
[2025-08-19T03:24:08.064+0000] {processor.py:183} INFO - Processing /home/airflow/.local/lib/python3.12/site-packages/airflow/example_dags/example_complex.py took 0.100 seconds
[2025-08-19T03:24:38.546+0000] {processor.py:161} INFO - Started process (PID=23760) to work on /home/airflow/.local/lib/python3.12/site-packages/airflow/example_dags/example_complex.py
[2025-08-19T03:24:38.548+0000] {processor.py:830} INFO - Processing file /home/airflow/.local/lib/python3.12/site-packages/airflow/example_dags/example_complex.py for tasks to queue
[2025-08-19T03:24:38.549+0000] {logging_mixin.py:188} INFO - [2025-08-19T03:24:38.549+0000] {dagbag.py:545} INFO - Filling up the DagBag from /home/airflow/.local/lib/python3.12/site-packages/airflow/example_dags/example_complex.py
[2025-08-19T03:24:38.560+0000] {processor.py:840} INFO - DAG(s) 'example_complex' retrieved from /home/airflow/.local/lib/python3.12/site-packages/airflow/example_dags/example_complex.py
[2025-08-19T03:24:38.595+0000] {logging_mixin.py:188} INFO - [2025-08-19T03:24:38.594+0000] {dag.py:3096} INFO - Sync 1 DAGs
[2025-08-19T03:24:38.609+0000] {logging_mixin.py:188} INFO - [2025-08-19T03:24:38.609+0000] {dag.py:3954} INFO - Setting next_dagrun for example_complex to None, run_after=None
[2025-08-19T03:24:38.643+0000] {processor.py:183} INFO - Processing /home/airflow/.local/lib/python3.12/site-packages/airflow/example_dags/example_complex.py took 0.102 seconds
[2025-08-19T03:25:09.223+0000] {processor.py:161} INFO - Started process (PID=23813) to work on /home/airflow/.local/lib/python3.12/site-packages/airflow/example_dags/example_complex.py
[2025-08-19T03:25:09.225+0000] {processor.py:830} INFO - Processing file /home/airflow/.local/lib/python3.12/site-packages/airflow/example_dags/example_complex.py for tasks to queue
[2025-08-19T03:25:09.226+0000] {logging_mixin.py:188} INFO - [2025-08-19T03:25:09.225+0000] {dagbag.py:545} INFO - Filling up the DagBag from /home/airflow/.local/lib/python3.12/site-packages/airflow/example_dags/example_complex.py
[2025-08-19T03:25:09.238+0000] {processor.py:840} INFO - DAG(s) 'example_complex' retrieved from /home/airflow/.local/lib/python3.12/site-packages/airflow/example_dags/example_complex.py
[2025-08-19T03:25:09.274+0000] {logging_mixin.py:188} INFO - [2025-08-19T03:25:09.274+0000] {dag.py:3096} INFO - Sync 1 DAGs
[2025-08-19T03:25:09.289+0000] {logging_mixin.py:188} INFO - [2025-08-19T03:25:09.289+0000] {dag.py:3954} INFO - Setting next_dagrun for example_complex to None, run_after=None
[2025-08-19T03:25:09.318+0000] {processor.py:183} INFO - Processing /home/airflow/.local/lib/python3.12/site-packages/airflow/example_dags/example_complex.py took 0.102 seconds
[2025-08-19T03:25:39.736+0000] {processor.py:161} INFO - Started process (PID=23866) to work on /home/airflow/.local/lib/python3.12/site-packages/airflow/example_dags/example_complex.py
[2025-08-19T03:25:39.737+0000] {processor.py:830} INFO - Processing file /home/airflow/.local/lib/python3.12/site-packages/airflow/example_dags/example_complex.py for tasks to queue
[2025-08-19T03:25:39.738+0000] {logging_mixin.py:188} INFO - [2025-08-19T03:25:39.738+0000] {dagbag.py:545} INFO - Filling up the DagBag from /home/airflow/.local/lib/python3.12/site-packages/airflow/example_dags/example_complex.py
[2025-08-19T03:25:39.749+0000] {processor.py:840} INFO - DAG(s) 'example_complex' retrieved from /home/airflow/.local/lib/python3.12/site-packages/airflow/example_dags/example_complex.py
[2025-08-19T03:25:39.784+0000] {logging_mixin.py:188} INFO - [2025-08-19T03:25:39.783+0000] {dag.py:3096} INFO - Sync 1 DAGs
[2025-08-19T03:25:39.797+0000] {logging_mixin.py:188} INFO - [2025-08-19T03:25:39.796+0000] {dag.py:3954} INFO - Setting next_dagrun for example_complex to None, run_after=None
[2025-08-19T03:25:39.822+0000] {processor.py:183} INFO - Processing /home/airflow/.local/lib/python3.12/site-packages/airflow/example_dags/example_complex.py took 0.093 seconds
[2025-08-19T03:26:10.094+0000] {processor.py:161} INFO - Started process (PID=23919) to work on /home/airflow/.local/lib/python3.12/site-packages/airflow/example_dags/example_complex.py
[2025-08-19T03:26:10.096+0000] {processor.py:830} INFO - Processing file /home/airflow/.local/lib/python3.12/site-packages/airflow/example_dags/example_complex.py for tasks to queue
[2025-08-19T03:26:10.098+0000] {logging_mixin.py:188} INFO - [2025-08-19T03:26:10.097+0000] {dagbag.py:545} INFO - Filling up the DagBag from /home/airflow/.local/lib/python3.12/site-packages/airflow/example_dags/example_complex.py
[2025-08-19T03:26:10.108+0000] {processor.py:840} INFO - DAG(s) 'example_complex' retrieved from /home/airflow/.local/lib/python3.12/site-packages/airflow/example_dags/example_complex.py
[2025-08-19T03:26:10.141+0000] {logging_mixin.py:188} INFO - [2025-08-19T03:26:10.141+0000] {dag.py:3096} INFO - Sync 1 DAGs
[2025-08-19T03:26:10.155+0000] {logging_mixin.py:188} INFO - [2025-08-19T03:26:10.154+0000] {dag.py:3954} INFO - Setting next_dagrun for example_complex to None, run_after=None
[2025-08-19T03:26:10.183+0000] {processor.py:183} INFO - Processing /home/airflow/.local/lib/python3.12/site-packages/airflow/example_dags/example_complex.py took 0.095 seconds
[2025-08-19T03:26:40.440+0000] {processor.py:161} INFO - Started process (PID=23972) to work on /home/airflow/.local/lib/python3.12/site-packages/airflow/example_dags/example_complex.py
[2025-08-19T03:26:40.441+0000] {processor.py:830} INFO - Processing file /home/airflow/.local/lib/python3.12/site-packages/airflow/example_dags/example_complex.py for tasks to queue
[2025-08-19T03:26:40.442+0000] {logging_mixin.py:188} INFO - [2025-08-19T03:26:40.442+0000] {dagbag.py:545} INFO - Filling up the DagBag from /home/airflow/.local/lib/python3.12/site-packages/airflow/example_dags/example_complex.py
[2025-08-19T03:26:40.454+0000] {processor.py:840} INFO - DAG(s) 'example_complex' retrieved from /home/airflow/.local/lib/python3.12/site-packages/airflow/example_dags/example_complex.py
[2025-08-19T03:26:40.487+0000] {logging_mixin.py:188} INFO - [2025-08-19T03:26:40.487+0000] {dag.py:3096} INFO - Sync 1 DAGs
[2025-08-19T03:26:40.500+0000] {logging_mixin.py:188} INFO - [2025-08-19T03:26:40.500+0000] {dag.py:3954} INFO - Setting next_dagrun for example_complex to None, run_after=None
[2025-08-19T03:26:40.526+0000] {processor.py:183} INFO - Processing /home/airflow/.local/lib/python3.12/site-packages/airflow/example_dags/example_complex.py took 0.092 seconds
[2025-08-19T03:27:10.952+0000] {processor.py:161} INFO - Started process (PID=24025) to work on /home/airflow/.local/lib/python3.12/site-packages/airflow/example_dags/example_complex.py
[2025-08-19T03:27:10.953+0000] {processor.py:830} INFO - Processing file /home/airflow/.local/lib/python3.12/site-packages/airflow/example_dags/example_complex.py for tasks to queue
[2025-08-19T03:27:10.954+0000] {logging_mixin.py:188} INFO - [2025-08-19T03:27:10.954+0000] {dagbag.py:545} INFO - Filling up the DagBag from /home/airflow/.local/lib/python3.12/site-packages/airflow/example_dags/example_complex.py
[2025-08-19T03:27:10.964+0000] {processor.py:840} INFO - DAG(s) 'example_complex' retrieved from /home/airflow/.local/lib/python3.12/site-packages/airflow/example_dags/example_complex.py
[2025-08-19T03:27:10.997+0000] {logging_mixin.py:188} INFO - [2025-08-19T03:27:10.996+0000] {dag.py:3096} INFO - Sync 1 DAGs
[2025-08-19T03:27:11.010+0000] {logging_mixin.py:188} INFO - [2025-08-19T03:27:11.010+0000] {dag.py:3954} INFO - Setting next_dagrun for example_complex to None, run_after=None
[2025-08-19T03:27:11.042+0000] {processor.py:183} INFO - Processing /home/airflow/.local/lib/python3.12/site-packages/airflow/example_dags/example_complex.py took 0.096 seconds
[2025-08-19T03:27:41.466+0000] {processor.py:161} INFO - Started process (PID=24078) to work on /home/airflow/.local/lib/python3.12/site-packages/airflow/example_dags/example_complex.py
[2025-08-19T03:27:41.468+0000] {processor.py:830} INFO - Processing file /home/airflow/.local/lib/python3.12/site-packages/airflow/example_dags/example_complex.py for tasks to queue
[2025-08-19T03:27:41.470+0000] {logging_mixin.py:188} INFO - [2025-08-19T03:27:41.469+0000] {dagbag.py:545} INFO - Filling up the DagBag from /home/airflow/.local/lib/python3.12/site-packages/airflow/example_dags/example_complex.py
[2025-08-19T03:27:41.482+0000] {processor.py:840} INFO - DAG(s) 'example_complex' retrieved from /home/airflow/.local/lib/python3.12/site-packages/airflow/example_dags/example_complex.py
[2025-08-19T03:27:41.516+0000] {logging_mixin.py:188} INFO - [2025-08-19T03:27:41.516+0000] {dag.py:3096} INFO - Sync 1 DAGs
[2025-08-19T03:27:41.532+0000] {logging_mixin.py:188} INFO - [2025-08-19T03:27:41.531+0000] {dag.py:3954} INFO - Setting next_dagrun for example_complex to None, run_after=None
[2025-08-19T03:27:41.566+0000] {processor.py:183} INFO - Processing /home/airflow/.local/lib/python3.12/site-packages/airflow/example_dags/example_complex.py took 0.107 seconds
[2025-08-19T03:28:11.923+0000] {processor.py:161} INFO - Started process (PID=24131) to work on /home/airflow/.local/lib/python3.12/site-packages/airflow/example_dags/example_complex.py
[2025-08-19T03:28:11.925+0000] {processor.py:830} INFO - Processing file /home/airflow/.local/lib/python3.12/site-packages/airflow/example_dags/example_complex.py for tasks to queue
[2025-08-19T03:28:11.926+0000] {logging_mixin.py:188} INFO - [2025-08-19T03:28:11.926+0000] {dagbag.py:545} INFO - Filling up the DagBag from /home/airflow/.local/lib/python3.12/site-packages/airflow/example_dags/example_complex.py
[2025-08-19T03:28:11.937+0000] {processor.py:840} INFO - DAG(s) 'example_complex' retrieved from /home/airflow/.local/lib/python3.12/site-packages/airflow/example_dags/example_complex.py
[2025-08-19T03:28:11.971+0000] {logging_mixin.py:188} INFO - [2025-08-19T03:28:11.971+0000] {dag.py:3096} INFO - Sync 1 DAGs
[2025-08-19T03:28:11.985+0000] {logging_mixin.py:188} INFO - [2025-08-19T03:28:11.985+0000] {dag.py:3954} INFO - Setting next_dagrun for example_complex to None, run_after=None
[2025-08-19T03:28:12.017+0000] {processor.py:183} INFO - Processing /home/airflow/.local/lib/python3.12/site-packages/airflow/example_dags/example_complex.py took 0.099 seconds
[2025-08-19T03:28:42.375+0000] {processor.py:161} INFO - Started process (PID=24184) to work on /home/airflow/.local/lib/python3.12/site-packages/airflow/example_dags/example_complex.py
[2025-08-19T03:28:42.376+0000] {processor.py:830} INFO - Processing file /home/airflow/.local/lib/python3.12/site-packages/airflow/example_dags/example_complex.py for tasks to queue
[2025-08-19T03:28:42.377+0000] {logging_mixin.py:188} INFO - [2025-08-19T03:28:42.377+0000] {dagbag.py:545} INFO - Filling up the DagBag from /home/airflow/.local/lib/python3.12/site-packages/airflow/example_dags/example_complex.py
[2025-08-19T03:28:42.389+0000] {processor.py:840} INFO - DAG(s) 'example_complex' retrieved from /home/airflow/.local/lib/python3.12/site-packages/airflow/example_dags/example_complex.py
[2025-08-19T03:28:42.421+0000] {logging_mixin.py:188} INFO - [2025-08-19T03:28:42.420+0000] {dag.py:3096} INFO - Sync 1 DAGs
[2025-08-19T03:28:42.433+0000] {logging_mixin.py:188} INFO - [2025-08-19T03:28:42.433+0000] {dag.py:3954} INFO - Setting next_dagrun for example_complex to None, run_after=None
[2025-08-19T03:28:42.461+0000] {processor.py:183} INFO - Processing /home/airflow/.local/lib/python3.12/site-packages/airflow/example_dags/example_complex.py took 0.093 seconds
[2025-08-19T03:29:12.771+0000] {processor.py:161} INFO - Started process (PID=24237) to work on /home/airflow/.local/lib/python3.12/site-packages/airflow/example_dags/example_complex.py
[2025-08-19T03:29:12.772+0000] {processor.py:830} INFO - Processing file /home/airflow/.local/lib/python3.12/site-packages/airflow/example_dags/example_complex.py for tasks to queue
[2025-08-19T03:29:12.774+0000] {logging_mixin.py:188} INFO - [2025-08-19T03:29:12.773+0000] {dagbag.py:545} INFO - Filling up the DagBag from /home/airflow/.local/lib/python3.12/site-packages/airflow/example_dags/example_complex.py
[2025-08-19T03:29:12.785+0000] {processor.py:840} INFO - DAG(s) 'example_complex' retrieved from /home/airflow/.local/lib/python3.12/site-packages/airflow/example_dags/example_complex.py
[2025-08-19T03:29:12.827+0000] {logging_mixin.py:188} INFO - [2025-08-19T03:29:12.827+0000] {dag.py:3096} INFO - Sync 1 DAGs
[2025-08-19T03:29:12.841+0000] {logging_mixin.py:188} INFO - [2025-08-19T03:29:12.841+0000] {dag.py:3954} INFO - Setting next_dagrun for example_complex to None, run_after=None
[2025-08-19T03:29:12.868+0000] {processor.py:183} INFO - Processing /home/airflow/.local/lib/python3.12/site-packages/airflow/example_dags/example_complex.py took 0.104 seconds
[2025-08-19T03:29:43.080+0000] {processor.py:161} INFO - Started process (PID=24290) to work on /home/airflow/.local/lib/python3.12/site-packages/airflow/example_dags/example_complex.py
[2025-08-19T03:29:43.081+0000] {processor.py:830} INFO - Processing file /home/airflow/.local/lib/python3.12/site-packages/airflow/example_dags/example_complex.py for tasks to queue
[2025-08-19T03:29:43.082+0000] {logging_mixin.py:188} INFO - [2025-08-19T03:29:43.082+0000] {dagbag.py:545} INFO - Filling up the DagBag from /home/airflow/.local/lib/python3.12/site-packages/airflow/example_dags/example_complex.py
[2025-08-19T03:29:43.095+0000] {processor.py:840} INFO - DAG(s) 'example_complex' retrieved from /home/airflow/.local/lib/python3.12/site-packages/airflow/example_dags/example_complex.py
[2025-08-19T03:29:43.133+0000] {logging_mixin.py:188} INFO - [2025-08-19T03:29:43.133+0000] {dag.py:3096} INFO - Sync 1 DAGs
[2025-08-19T03:29:43.147+0000] {logging_mixin.py:188} INFO - [2025-08-19T03:29:43.146+0000] {dag.py:3954} INFO - Setting next_dagrun for example_complex to None, run_after=None
[2025-08-19T03:29:43.169+0000] {processor.py:183} INFO - Processing /home/airflow/.local/lib/python3.12/site-packages/airflow/example_dags/example_complex.py took 0.098 seconds
[2025-08-19T03:30:13.593+0000] {processor.py:161} INFO - Started process (PID=24343) to work on /home/airflow/.local/lib/python3.12/site-packages/airflow/example_dags/example_complex.py
[2025-08-19T03:30:13.595+0000] {processor.py:830} INFO - Processing file /home/airflow/.local/lib/python3.12/site-packages/airflow/example_dags/example_complex.py for tasks to queue
[2025-08-19T03:30:13.596+0000] {logging_mixin.py:188} INFO - [2025-08-19T03:30:13.596+0000] {dagbag.py:545} INFO - Filling up the DagBag from /home/airflow/.local/lib/python3.12/site-packages/airflow/example_dags/example_complex.py
[2025-08-19T03:30:13.607+0000] {processor.py:840} INFO - DAG(s) 'example_complex' retrieved from /home/airflow/.local/lib/python3.12/site-packages/airflow/example_dags/example_complex.py
[2025-08-19T03:30:13.642+0000] {logging_mixin.py:188} INFO - [2025-08-19T03:30:13.641+0000] {dag.py:3096} INFO - Sync 1 DAGs
[2025-08-19T03:30:13.655+0000] {logging_mixin.py:188} INFO - [2025-08-19T03:30:13.655+0000] {dag.py:3954} INFO - Setting next_dagrun for example_complex to None, run_after=None
[2025-08-19T03:30:13.684+0000] {processor.py:183} INFO - Processing /home/airflow/.local/lib/python3.12/site-packages/airflow/example_dags/example_complex.py took 0.096 seconds
[2025-08-19T03:30:44.062+0000] {processor.py:161} INFO - Started process (PID=24396) to work on /home/airflow/.local/lib/python3.12/site-packages/airflow/example_dags/example_complex.py
[2025-08-19T03:30:44.064+0000] {processor.py:830} INFO - Processing file /home/airflow/.local/lib/python3.12/site-packages/airflow/example_dags/example_complex.py for tasks to queue
[2025-08-19T03:30:44.065+0000] {logging_mixin.py:188} INFO - [2025-08-19T03:30:44.065+0000] {dagbag.py:545} INFO - Filling up the DagBag from /home/airflow/.local/lib/python3.12/site-packages/airflow/example_dags/example_complex.py
[2025-08-19T03:30:44.076+0000] {processor.py:840} INFO - DAG(s) 'example_complex' retrieved from /home/airflow/.local/lib/python3.12/site-packages/airflow/example_dags/example_complex.py
[2025-08-19T03:30:44.115+0000] {logging_mixin.py:188} INFO - [2025-08-19T03:30:44.115+0000] {dag.py:3096} INFO - Sync 1 DAGs
[2025-08-19T03:30:44.129+0000] {logging_mixin.py:188} INFO - [2025-08-19T03:30:44.128+0000] {dag.py:3954} INFO - Setting next_dagrun for example_complex to None, run_after=None
[2025-08-19T03:30:44.157+0000] {processor.py:183} INFO - Processing /home/airflow/.local/lib/python3.12/site-packages/airflow/example_dags/example_complex.py took 0.101 seconds
[2025-08-19T03:31:14.719+0000] {processor.py:161} INFO - Started process (PID=24449) to work on /home/airflow/.local/lib/python3.12/site-packages/airflow/example_dags/example_complex.py
[2025-08-19T03:31:14.721+0000] {processor.py:830} INFO - Processing file /home/airflow/.local/lib/python3.12/site-packages/airflow/example_dags/example_complex.py for tasks to queue
[2025-08-19T03:31:14.723+0000] {logging_mixin.py:188} INFO - [2025-08-19T03:31:14.723+0000] {dagbag.py:545} INFO - Filling up the DagBag from /home/airflow/.local/lib/python3.12/site-packages/airflow/example_dags/example_complex.py
[2025-08-19T03:31:14.735+0000] {processor.py:840} INFO - DAG(s) 'example_complex' retrieved from /home/airflow/.local/lib/python3.12/site-packages/airflow/example_dags/example_complex.py
[2025-08-19T03:31:14.771+0000] {logging_mixin.py:188} INFO - [2025-08-19T03:31:14.771+0000] {dag.py:3096} INFO - Sync 1 DAGs
[2025-08-19T03:31:14.793+0000] {logging_mixin.py:188} INFO - [2025-08-19T03:31:14.793+0000] {dag.py:3954} INFO - Setting next_dagrun for example_complex to None, run_after=None
[2025-08-19T03:31:14.824+0000] {processor.py:183} INFO - Processing /home/airflow/.local/lib/python3.12/site-packages/airflow/example_dags/example_complex.py took 0.112 seconds
[2025-08-19T03:31:45.061+0000] {processor.py:161} INFO - Started process (PID=24502) to work on /home/airflow/.local/lib/python3.12/site-packages/airflow/example_dags/example_complex.py
[2025-08-19T03:31:45.062+0000] {processor.py:830} INFO - Processing file /home/airflow/.local/lib/python3.12/site-packages/airflow/example_dags/example_complex.py for tasks to queue
[2025-08-19T03:31:45.064+0000] {logging_mixin.py:188} INFO - [2025-08-19T03:31:45.063+0000] {dagbag.py:545} INFO - Filling up the DagBag from /home/airflow/.local/lib/python3.12/site-packages/airflow/example_dags/example_complex.py
[2025-08-19T03:31:45.074+0000] {processor.py:840} INFO - DAG(s) 'example_complex' retrieved from /home/airflow/.local/lib/python3.12/site-packages/airflow/example_dags/example_complex.py
[2025-08-19T03:31:45.111+0000] {logging_mixin.py:188} INFO - [2025-08-19T03:31:45.111+0000] {dag.py:3096} INFO - Sync 1 DAGs
[2025-08-19T03:31:45.127+0000] {logging_mixin.py:188} INFO - [2025-08-19T03:31:45.127+0000] {dag.py:3954} INFO - Setting next_dagrun for example_complex to None, run_after=None
[2025-08-19T03:31:45.159+0000] {processor.py:183} INFO - Processing /home/airflow/.local/lib/python3.12/site-packages/airflow/example_dags/example_complex.py took 0.104 seconds
[2025-08-19T03:32:16.222+0000] {processor.py:161} INFO - Started process (PID=24555) to work on /home/airflow/.local/lib/python3.12/site-packages/airflow/example_dags/example_complex.py
[2025-08-19T03:32:16.224+0000] {processor.py:830} INFO - Processing file /home/airflow/.local/lib/python3.12/site-packages/airflow/example_dags/example_complex.py for tasks to queue
[2025-08-19T03:32:16.225+0000] {logging_mixin.py:188} INFO - [2025-08-19T03:32:16.225+0000] {dagbag.py:545} INFO - Filling up the DagBag from /home/airflow/.local/lib/python3.12/site-packages/airflow/example_dags/example_complex.py
[2025-08-19T03:32:16.240+0000] {processor.py:840} INFO - DAG(s) 'example_complex' retrieved from /home/airflow/.local/lib/python3.12/site-packages/airflow/example_dags/example_complex.py
[2025-08-19T03:32:16.283+0000] {logging_mixin.py:188} INFO - [2025-08-19T03:32:16.282+0000] {dag.py:3096} INFO - Sync 1 DAGs
[2025-08-19T03:32:16.299+0000] {logging_mixin.py:188} INFO - [2025-08-19T03:32:16.299+0000] {dag.py:3954} INFO - Setting next_dagrun for example_complex to None, run_after=None
[2025-08-19T03:32:16.329+0000] {processor.py:183} INFO - Processing /home/airflow/.local/lib/python3.12/site-packages/airflow/example_dags/example_complex.py took 0.114 seconds
[2025-08-19T03:32:46.387+0000] {processor.py:161} INFO - Started process (PID=24607) to work on /home/airflow/.local/lib/python3.12/site-packages/airflow/example_dags/example_complex.py
[2025-08-19T03:32:47.473+0000] {processor.py:830} INFO - Processing file /home/airflow/.local/lib/python3.12/site-packages/airflow/example_dags/example_complex.py for tasks to queue
[2025-08-19T03:32:47.482+0000] {logging_mixin.py:188} INFO - [2025-08-19T03:32:47.477+0000] {dagbag.py:545} INFO - Filling up the DagBag from /home/airflow/.local/lib/python3.12/site-packages/airflow/example_dags/example_complex.py
[2025-08-19T03:32:47.517+0000] {processor.py:840} INFO - DAG(s) 'example_complex' retrieved from /home/airflow/.local/lib/python3.12/site-packages/airflow/example_dags/example_complex.py
[2025-08-19T03:32:47.580+0000] {logging_mixin.py:188} INFO - [2025-08-19T03:32:47.579+0000] {dag.py:3096} INFO - Sync 1 DAGs
[2025-08-19T03:32:47.598+0000] {logging_mixin.py:188} INFO - [2025-08-19T03:32:47.598+0000] {dag.py:3954} INFO - Setting next_dagrun for example_complex to None, run_after=None
[2025-08-19T03:32:47.632+0000] {processor.py:183} INFO - Processing /home/airflow/.local/lib/python3.12/site-packages/airflow/example_dags/example_complex.py took 1.254 seconds
[2025-08-19T03:33:17.815+0000] {processor.py:161} INFO - Started process (PID=24660) to work on /home/airflow/.local/lib/python3.12/site-packages/airflow/example_dags/example_complex.py
[2025-08-19T03:33:17.820+0000] {processor.py:830} INFO - Processing file /home/airflow/.local/lib/python3.12/site-packages/airflow/example_dags/example_complex.py for tasks to queue
[2025-08-19T03:33:17.823+0000] {logging_mixin.py:188} INFO - [2025-08-19T03:33:17.822+0000] {dagbag.py:545} INFO - Filling up the DagBag from /home/airflow/.local/lib/python3.12/site-packages/airflow/example_dags/example_complex.py
[2025-08-19T03:33:17.856+0000] {processor.py:840} INFO - DAG(s) 'example_complex' retrieved from /home/airflow/.local/lib/python3.12/site-packages/airflow/example_dags/example_complex.py
[2025-08-19T03:33:17.951+0000] {logging_mixin.py:188} INFO - [2025-08-19T03:33:17.950+0000] {dag.py:3096} INFO - Sync 1 DAGs
[2025-08-19T03:33:17.995+0000] {logging_mixin.py:188} INFO - [2025-08-19T03:33:17.994+0000] {dag.py:3954} INFO - Setting next_dagrun for example_complex to None, run_after=None
[2025-08-19T03:33:18.058+0000] {processor.py:183} INFO - Processing /home/airflow/.local/lib/python3.12/site-packages/airflow/example_dags/example_complex.py took 0.257 seconds
[2025-08-19T03:33:48.331+0000] {processor.py:161} INFO - Started process (PID=24714) to work on /home/airflow/.local/lib/python3.12/site-packages/airflow/example_dags/example_complex.py
[2025-08-19T03:33:48.333+0000] {processor.py:830} INFO - Processing file /home/airflow/.local/lib/python3.12/site-packages/airflow/example_dags/example_complex.py for tasks to queue
[2025-08-19T03:33:48.335+0000] {logging_mixin.py:188} INFO - [2025-08-19T03:33:48.334+0000] {dagbag.py:545} INFO - Filling up the DagBag from /home/airflow/.local/lib/python3.12/site-packages/airflow/example_dags/example_complex.py
[2025-08-19T03:33:48.354+0000] {processor.py:840} INFO - DAG(s) 'example_complex' retrieved from /home/airflow/.local/lib/python3.12/site-packages/airflow/example_dags/example_complex.py
[2025-08-19T03:33:48.402+0000] {logging_mixin.py:188} INFO - [2025-08-19T03:33:48.402+0000] {dag.py:3096} INFO - Sync 1 DAGs
[2025-08-19T03:33:48.423+0000] {logging_mixin.py:188} INFO - [2025-08-19T03:33:48.422+0000] {dag.py:3954} INFO - Setting next_dagrun for example_complex to None, run_after=None
[2025-08-19T03:33:48.477+0000] {processor.py:183} INFO - Processing /home/airflow/.local/lib/python3.12/site-packages/airflow/example_dags/example_complex.py took 0.155 seconds
[2025-08-19T03:34:18.673+0000] {processor.py:161} INFO - Started process (PID=24767) to work on /home/airflow/.local/lib/python3.12/site-packages/airflow/example_dags/example_complex.py
[2025-08-19T03:34:18.674+0000] {processor.py:830} INFO - Processing file /home/airflow/.local/lib/python3.12/site-packages/airflow/example_dags/example_complex.py for tasks to queue
[2025-08-19T03:34:18.676+0000] {logging_mixin.py:188} INFO - [2025-08-19T03:34:18.675+0000] {dagbag.py:545} INFO - Filling up the DagBag from /home/airflow/.local/lib/python3.12/site-packages/airflow/example_dags/example_complex.py
[2025-08-19T03:34:18.688+0000] {processor.py:840} INFO - DAG(s) 'example_complex' retrieved from /home/airflow/.local/lib/python3.12/site-packages/airflow/example_dags/example_complex.py
[2025-08-19T03:34:18.730+0000] {logging_mixin.py:188} INFO - [2025-08-19T03:34:18.729+0000] {dag.py:3096} INFO - Sync 1 DAGs
[2025-08-19T03:34:18.745+0000] {logging_mixin.py:188} INFO - [2025-08-19T03:34:18.745+0000] {dag.py:3954} INFO - Setting next_dagrun for example_complex to None, run_after=None
[2025-08-19T03:34:18.772+0000] {processor.py:183} INFO - Processing /home/airflow/.local/lib/python3.12/site-packages/airflow/example_dags/example_complex.py took 0.106 seconds
[2025-08-19T03:34:49.161+0000] {processor.py:161} INFO - Started process (PID=24820) to work on /home/airflow/.local/lib/python3.12/site-packages/airflow/example_dags/example_complex.py
[2025-08-19T03:34:49.162+0000] {processor.py:830} INFO - Processing file /home/airflow/.local/lib/python3.12/site-packages/airflow/example_dags/example_complex.py for tasks to queue
[2025-08-19T03:34:49.164+0000] {logging_mixin.py:188} INFO - [2025-08-19T03:34:49.163+0000] {dagbag.py:545} INFO - Filling up the DagBag from /home/airflow/.local/lib/python3.12/site-packages/airflow/example_dags/example_complex.py
[2025-08-19T03:34:49.174+0000] {processor.py:840} INFO - DAG(s) 'example_complex' retrieved from /home/airflow/.local/lib/python3.12/site-packages/airflow/example_dags/example_complex.py
[2025-08-19T03:34:49.205+0000] {logging_mixin.py:188} INFO - [2025-08-19T03:34:49.205+0000] {dag.py:3096} INFO - Sync 1 DAGs
[2025-08-19T03:34:49.218+0000] {logging_mixin.py:188} INFO - [2025-08-19T03:34:49.218+0000] {dag.py:3954} INFO - Setting next_dagrun for example_complex to None, run_after=None
[2025-08-19T03:34:49.276+0000] {processor.py:183} INFO - Processing /home/airflow/.local/lib/python3.12/site-packages/airflow/example_dags/example_complex.py took 0.121 seconds
[2025-08-19T03:35:20.219+0000] {processor.py:161} INFO - Started process (PID=24873) to work on /home/airflow/.local/lib/python3.12/site-packages/airflow/example_dags/example_complex.py
[2025-08-19T03:35:20.221+0000] {processor.py:830} INFO - Processing file /home/airflow/.local/lib/python3.12/site-packages/airflow/example_dags/example_complex.py for tasks to queue
[2025-08-19T03:35:20.224+0000] {logging_mixin.py:188} INFO - [2025-08-19T03:35:20.224+0000] {dagbag.py:545} INFO - Filling up the DagBag from /home/airflow/.local/lib/python3.12/site-packages/airflow/example_dags/example_complex.py
[2025-08-19T03:35:20.240+0000] {processor.py:840} INFO - DAG(s) 'example_complex' retrieved from /home/airflow/.local/lib/python3.12/site-packages/airflow/example_dags/example_complex.py
[2025-08-19T03:35:20.277+0000] {logging_mixin.py:188} INFO - [2025-08-19T03:35:20.277+0000] {dag.py:3096} INFO - Sync 1 DAGs
[2025-08-19T03:35:20.295+0000] {logging_mixin.py:188} INFO - [2025-08-19T03:35:20.295+0000] {dag.py:3954} INFO - Setting next_dagrun for example_complex to None, run_after=None
[2025-08-19T03:35:20.334+0000] {processor.py:183} INFO - Processing /home/airflow/.local/lib/python3.12/site-packages/airflow/example_dags/example_complex.py took 0.121 seconds
[2025-08-19T03:35:50.939+0000] {processor.py:161} INFO - Started process (PID=24926) to work on /home/airflow/.local/lib/python3.12/site-packages/airflow/example_dags/example_complex.py
[2025-08-19T03:35:50.942+0000] {processor.py:830} INFO - Processing file /home/airflow/.local/lib/python3.12/site-packages/airflow/example_dags/example_complex.py for tasks to queue
[2025-08-19T03:35:50.943+0000] {logging_mixin.py:188} INFO - [2025-08-19T03:35:50.943+0000] {dagbag.py:545} INFO - Filling up the DagBag from /home/airflow/.local/lib/python3.12/site-packages/airflow/example_dags/example_complex.py
[2025-08-19T03:35:50.955+0000] {processor.py:840} INFO - DAG(s) 'example_complex' retrieved from /home/airflow/.local/lib/python3.12/site-packages/airflow/example_dags/example_complex.py
[2025-08-19T03:35:50.992+0000] {logging_mixin.py:188} INFO - [2025-08-19T03:35:50.991+0000] {dag.py:3096} INFO - Sync 1 DAGs
[2025-08-19T03:35:51.008+0000] {logging_mixin.py:188} INFO - [2025-08-19T03:35:51.008+0000] {dag.py:3954} INFO - Setting next_dagrun for example_complex to None, run_after=None
[2025-08-19T03:35:51.035+0000] {processor.py:183} INFO - Processing /home/airflow/.local/lib/python3.12/site-packages/airflow/example_dags/example_complex.py took 0.102 seconds
[2025-08-19T03:36:21.600+0000] {processor.py:161} INFO - Started process (PID=24979) to work on /home/airflow/.local/lib/python3.12/site-packages/airflow/example_dags/example_complex.py
[2025-08-19T03:36:21.602+0000] {processor.py:830} INFO - Processing file /home/airflow/.local/lib/python3.12/site-packages/airflow/example_dags/example_complex.py for tasks to queue
[2025-08-19T03:36:21.604+0000] {logging_mixin.py:188} INFO - [2025-08-19T03:36:21.604+0000] {dagbag.py:545} INFO - Filling up the DagBag from /home/airflow/.local/lib/python3.12/site-packages/airflow/example_dags/example_complex.py
[2025-08-19T03:36:21.616+0000] {processor.py:840} INFO - DAG(s) 'example_complex' retrieved from /home/airflow/.local/lib/python3.12/site-packages/airflow/example_dags/example_complex.py
[2025-08-19T03:36:21.656+0000] {logging_mixin.py:188} INFO - [2025-08-19T03:36:21.656+0000] {dag.py:3096} INFO - Sync 1 DAGs
[2025-08-19T03:36:21.675+0000] {logging_mixin.py:188} INFO - [2025-08-19T03:36:21.674+0000] {dag.py:3954} INFO - Setting next_dagrun for example_complex to None, run_after=None
[2025-08-19T03:36:21.705+0000] {processor.py:183} INFO - Processing /home/airflow/.local/lib/python3.12/site-packages/airflow/example_dags/example_complex.py took 0.111 seconds
[2025-08-19T03:36:52.671+0000] {processor.py:161} INFO - Started process (PID=25032) to work on /home/airflow/.local/lib/python3.12/site-packages/airflow/example_dags/example_complex.py
[2025-08-19T03:36:52.673+0000] {processor.py:830} INFO - Processing file /home/airflow/.local/lib/python3.12/site-packages/airflow/example_dags/example_complex.py for tasks to queue
[2025-08-19T03:36:52.674+0000] {logging_mixin.py:188} INFO - [2025-08-19T03:36:52.674+0000] {dagbag.py:545} INFO - Filling up the DagBag from /home/airflow/.local/lib/python3.12/site-packages/airflow/example_dags/example_complex.py
[2025-08-19T03:36:52.686+0000] {processor.py:840} INFO - DAG(s) 'example_complex' retrieved from /home/airflow/.local/lib/python3.12/site-packages/airflow/example_dags/example_complex.py
[2025-08-19T03:36:52.745+0000] {logging_mixin.py:188} INFO - [2025-08-19T03:36:52.744+0000] {dag.py:3096} INFO - Sync 1 DAGs
[2025-08-19T03:36:52.766+0000] {logging_mixin.py:188} INFO - [2025-08-19T03:36:52.766+0000] {dag.py:3954} INFO - Setting next_dagrun for example_complex to None, run_after=None
[2025-08-19T03:36:52.799+0000] {processor.py:183} INFO - Processing /home/airflow/.local/lib/python3.12/site-packages/airflow/example_dags/example_complex.py took 0.139 seconds
[2025-08-19T03:37:23.610+0000] {processor.py:161} INFO - Started process (PID=25085) to work on /home/airflow/.local/lib/python3.12/site-packages/airflow/example_dags/example_complex.py
[2025-08-19T03:37:23.612+0000] {processor.py:830} INFO - Processing file /home/airflow/.local/lib/python3.12/site-packages/airflow/example_dags/example_complex.py for tasks to queue
[2025-08-19T03:37:23.613+0000] {logging_mixin.py:188} INFO - [2025-08-19T03:37:23.613+0000] {dagbag.py:545} INFO - Filling up the DagBag from /home/airflow/.local/lib/python3.12/site-packages/airflow/example_dags/example_complex.py
[2025-08-19T03:37:23.624+0000] {processor.py:840} INFO - DAG(s) 'example_complex' retrieved from /home/airflow/.local/lib/python3.12/site-packages/airflow/example_dags/example_complex.py
[2025-08-19T03:37:23.660+0000] {logging_mixin.py:188} INFO - [2025-08-19T03:37:23.660+0000] {dag.py:3096} INFO - Sync 1 DAGs
[2025-08-19T03:37:23.675+0000] {logging_mixin.py:188} INFO - [2025-08-19T03:37:23.675+0000] {dag.py:3954} INFO - Setting next_dagrun for example_complex to None, run_after=None
[2025-08-19T03:37:23.709+0000] {processor.py:183} INFO - Processing /home/airflow/.local/lib/python3.12/site-packages/airflow/example_dags/example_complex.py took 0.105 seconds
