[2025-08-19T03:10:07.781+0000] {processor.py:161} INFO - Started process (PID=22268) to work on /home/airflow/.local/lib/python3.12/site-packages/airflow/example_dags/example_dynamic_task_mapping.py
[2025-08-19T03:10:07.784+0000] {processor.py:830} INFO - Processing file /home/airflow/.local/lib/python3.12/site-packages/airflow/example_dags/example_dynamic_task_mapping.py for tasks to queue
[2025-08-19T03:10:07.786+0000] {logging_mixin.py:188} INFO - [2025-08-19T03:10:07.786+0000] {dagbag.py:545} INFO - Filling up the DagBag from /home/airflow/.local/lib/python3.12/site-packages/airflow/example_dags/example_dynamic_task_mapping.py
[2025-08-19T03:10:07.821+0000] {processor.py:840} INFO - DAG(s) 'example_dynamic_task_mapping' retrieved from /home/airflow/.local/lib/python3.12/site-packages/airflow/example_dags/example_dynamic_task_mapping.py
[2025-08-19T03:10:07.876+0000] {logging_mixin.py:188} INFO - [2025-08-19T03:10:07.875+0000] {dag.py:3096} INFO - Sync 1 DAGs
[2025-08-19T03:10:07.931+0000] {logging_mixin.py:188} INFO - [2025-08-19T03:10:07.930+0000] {dag.py:3954} INFO - Setting next_dagrun for example_dynamic_task_mapping to 2022-03-04 00:00:00+00:00, run_after=2022-03-05 00:00:00+00:00
[2025-08-19T03:10:07.981+0000] {processor.py:183} INFO - Processing /home/airflow/.local/lib/python3.12/site-packages/airflow/example_dags/example_dynamic_task_mapping.py took 0.212 seconds
[2025-08-19T03:10:38.591+0000] {processor.py:161} INFO - Started process (PID=22321) to work on /home/airflow/.local/lib/python3.12/site-packages/airflow/example_dags/example_dynamic_task_mapping.py
[2025-08-19T03:10:38.592+0000] {processor.py:830} INFO - Processing file /home/airflow/.local/lib/python3.12/site-packages/airflow/example_dags/example_dynamic_task_mapping.py for tasks to queue
[2025-08-19T03:10:38.593+0000] {logging_mixin.py:188} INFO - [2025-08-19T03:10:38.593+0000] {dagbag.py:545} INFO - Filling up the DagBag from /home/airflow/.local/lib/python3.12/site-packages/airflow/example_dags/example_dynamic_task_mapping.py
[2025-08-19T03:10:38.602+0000] {processor.py:840} INFO - DAG(s) 'example_dynamic_task_mapping' retrieved from /home/airflow/.local/lib/python3.12/site-packages/airflow/example_dags/example_dynamic_task_mapping.py
[2025-08-19T03:10:38.626+0000] {logging_mixin.py:188} INFO - [2025-08-19T03:10:38.625+0000] {dag.py:3096} INFO - Sync 1 DAGs
[2025-08-19T03:10:38.647+0000] {logging_mixin.py:188} INFO - [2025-08-19T03:10:38.647+0000] {dag.py:3954} INFO - Setting next_dagrun for example_dynamic_task_mapping to 2022-03-04 00:00:00+00:00, run_after=2022-03-05 00:00:00+00:00
[2025-08-19T03:10:38.670+0000] {processor.py:183} INFO - Processing /home/airflow/.local/lib/python3.12/site-packages/airflow/example_dags/example_dynamic_task_mapping.py took 0.086 seconds
[2025-08-19T03:11:09.318+0000] {processor.py:161} INFO - Started process (PID=22374) to work on /home/airflow/.local/lib/python3.12/site-packages/airflow/example_dags/example_dynamic_task_mapping.py
[2025-08-19T03:11:09.320+0000] {processor.py:830} INFO - Processing file /home/airflow/.local/lib/python3.12/site-packages/airflow/example_dags/example_dynamic_task_mapping.py for tasks to queue
[2025-08-19T03:11:09.322+0000] {logging_mixin.py:188} INFO - [2025-08-19T03:11:09.322+0000] {dagbag.py:545} INFO - Filling up the DagBag from /home/airflow/.local/lib/python3.12/site-packages/airflow/example_dags/example_dynamic_task_mapping.py
[2025-08-19T03:11:09.335+0000] {processor.py:840} INFO - DAG(s) 'example_dynamic_task_mapping' retrieved from /home/airflow/.local/lib/python3.12/site-packages/airflow/example_dags/example_dynamic_task_mapping.py
[2025-08-19T03:11:09.363+0000] {logging_mixin.py:188} INFO - [2025-08-19T03:11:09.362+0000] {dag.py:3096} INFO - Sync 1 DAGs
[2025-08-19T03:11:09.388+0000] {logging_mixin.py:188} INFO - [2025-08-19T03:11:09.387+0000] {dag.py:3954} INFO - Setting next_dagrun for example_dynamic_task_mapping to 2022-03-04 00:00:00+00:00, run_after=2022-03-05 00:00:00+00:00
[2025-08-19T03:11:09.416+0000] {processor.py:183} INFO - Processing /home/airflow/.local/lib/python3.12/site-packages/airflow/example_dags/example_dynamic_task_mapping.py took 0.105 seconds
[2025-08-19T03:11:40.264+0000] {processor.py:161} INFO - Started process (PID=22427) to work on /home/airflow/.local/lib/python3.12/site-packages/airflow/example_dags/example_dynamic_task_mapping.py
[2025-08-19T03:11:40.266+0000] {processor.py:830} INFO - Processing file /home/airflow/.local/lib/python3.12/site-packages/airflow/example_dags/example_dynamic_task_mapping.py for tasks to queue
[2025-08-19T03:11:40.267+0000] {logging_mixin.py:188} INFO - [2025-08-19T03:11:40.267+0000] {dagbag.py:545} INFO - Filling up the DagBag from /home/airflow/.local/lib/python3.12/site-packages/airflow/example_dags/example_dynamic_task_mapping.py
[2025-08-19T03:11:40.276+0000] {processor.py:840} INFO - DAG(s) 'example_dynamic_task_mapping' retrieved from /home/airflow/.local/lib/python3.12/site-packages/airflow/example_dags/example_dynamic_task_mapping.py
[2025-08-19T03:11:40.297+0000] {logging_mixin.py:188} INFO - [2025-08-19T03:11:40.297+0000] {dag.py:3096} INFO - Sync 1 DAGs
[2025-08-19T03:11:40.322+0000] {logging_mixin.py:188} INFO - [2025-08-19T03:11:40.321+0000] {dag.py:3954} INFO - Setting next_dagrun for example_dynamic_task_mapping to 2022-03-04 00:00:00+00:00, run_after=2022-03-05 00:00:00+00:00
[2025-08-19T03:11:40.346+0000] {processor.py:183} INFO - Processing /home/airflow/.local/lib/python3.12/site-packages/airflow/example_dags/example_dynamic_task_mapping.py took 0.088 seconds
[2025-08-19T03:12:10.686+0000] {processor.py:161} INFO - Started process (PID=22480) to work on /home/airflow/.local/lib/python3.12/site-packages/airflow/example_dags/example_dynamic_task_mapping.py
[2025-08-19T03:12:10.687+0000] {processor.py:830} INFO - Processing file /home/airflow/.local/lib/python3.12/site-packages/airflow/example_dags/example_dynamic_task_mapping.py for tasks to queue
[2025-08-19T03:12:10.689+0000] {logging_mixin.py:188} INFO - [2025-08-19T03:12:10.689+0000] {dagbag.py:545} INFO - Filling up the DagBag from /home/airflow/.local/lib/python3.12/site-packages/airflow/example_dags/example_dynamic_task_mapping.py
[2025-08-19T03:12:10.699+0000] {processor.py:840} INFO - DAG(s) 'example_dynamic_task_mapping' retrieved from /home/airflow/.local/lib/python3.12/site-packages/airflow/example_dags/example_dynamic_task_mapping.py
[2025-08-19T03:12:10.722+0000] {logging_mixin.py:188} INFO - [2025-08-19T03:12:10.722+0000] {dag.py:3096} INFO - Sync 1 DAGs
[2025-08-19T03:12:10.746+0000] {logging_mixin.py:188} INFO - [2025-08-19T03:12:10.746+0000] {dag.py:3954} INFO - Setting next_dagrun for example_dynamic_task_mapping to 2022-03-04 00:00:00+00:00, run_after=2022-03-05 00:00:00+00:00
[2025-08-19T03:12:10.770+0000] {processor.py:183} INFO - Processing /home/airflow/.local/lib/python3.12/site-packages/airflow/example_dags/example_dynamic_task_mapping.py took 0.091 seconds
[2025-08-19T03:12:41.275+0000] {processor.py:161} INFO - Started process (PID=22533) to work on /home/airflow/.local/lib/python3.12/site-packages/airflow/example_dags/example_dynamic_task_mapping.py
[2025-08-19T03:12:41.276+0000] {processor.py:830} INFO - Processing file /home/airflow/.local/lib/python3.12/site-packages/airflow/example_dags/example_dynamic_task_mapping.py for tasks to queue
[2025-08-19T03:12:41.278+0000] {logging_mixin.py:188} INFO - [2025-08-19T03:12:41.277+0000] {dagbag.py:545} INFO - Filling up the DagBag from /home/airflow/.local/lib/python3.12/site-packages/airflow/example_dags/example_dynamic_task_mapping.py
[2025-08-19T03:12:41.287+0000] {processor.py:840} INFO - DAG(s) 'example_dynamic_task_mapping' retrieved from /home/airflow/.local/lib/python3.12/site-packages/airflow/example_dags/example_dynamic_task_mapping.py
[2025-08-19T03:12:41.308+0000] {logging_mixin.py:188} INFO - [2025-08-19T03:12:41.308+0000] {dag.py:3096} INFO - Sync 1 DAGs
[2025-08-19T03:12:41.331+0000] {logging_mixin.py:188} INFO - [2025-08-19T03:12:41.331+0000] {dag.py:3954} INFO - Setting next_dagrun for example_dynamic_task_mapping to 2022-03-04 00:00:00+00:00, run_after=2022-03-05 00:00:00+00:00
[2025-08-19T03:12:41.358+0000] {processor.py:183} INFO - Processing /home/airflow/.local/lib/python3.12/site-packages/airflow/example_dags/example_dynamic_task_mapping.py took 0.089 seconds
[2025-08-19T03:13:12.089+0000] {processor.py:161} INFO - Started process (PID=22586) to work on /home/airflow/.local/lib/python3.12/site-packages/airflow/example_dags/example_dynamic_task_mapping.py
[2025-08-19T03:13:12.091+0000] {processor.py:830} INFO - Processing file /home/airflow/.local/lib/python3.12/site-packages/airflow/example_dags/example_dynamic_task_mapping.py for tasks to queue
[2025-08-19T03:13:12.093+0000] {logging_mixin.py:188} INFO - [2025-08-19T03:13:12.092+0000] {dagbag.py:545} INFO - Filling up the DagBag from /home/airflow/.local/lib/python3.12/site-packages/airflow/example_dags/example_dynamic_task_mapping.py
[2025-08-19T03:13:12.105+0000] {processor.py:840} INFO - DAG(s) 'example_dynamic_task_mapping' retrieved from /home/airflow/.local/lib/python3.12/site-packages/airflow/example_dags/example_dynamic_task_mapping.py
[2025-08-19T03:13:12.128+0000] {logging_mixin.py:188} INFO - [2025-08-19T03:13:12.128+0000] {dag.py:3096} INFO - Sync 1 DAGs
[2025-08-19T03:13:12.152+0000] {logging_mixin.py:188} INFO - [2025-08-19T03:13:12.152+0000] {dag.py:3954} INFO - Setting next_dagrun for example_dynamic_task_mapping to 2022-03-04 00:00:00+00:00, run_after=2022-03-05 00:00:00+00:00
[2025-08-19T03:13:12.176+0000] {processor.py:183} INFO - Processing /home/airflow/.local/lib/python3.12/site-packages/airflow/example_dags/example_dynamic_task_mapping.py took 0.098 seconds
[2025-08-19T03:13:42.944+0000] {processor.py:161} INFO - Started process (PID=22639) to work on /home/airflow/.local/lib/python3.12/site-packages/airflow/example_dags/example_dynamic_task_mapping.py
[2025-08-19T03:13:42.945+0000] {processor.py:830} INFO - Processing file /home/airflow/.local/lib/python3.12/site-packages/airflow/example_dags/example_dynamic_task_mapping.py for tasks to queue
[2025-08-19T03:13:42.946+0000] {logging_mixin.py:188} INFO - [2025-08-19T03:13:42.946+0000] {dagbag.py:545} INFO - Filling up the DagBag from /home/airflow/.local/lib/python3.12/site-packages/airflow/example_dags/example_dynamic_task_mapping.py
[2025-08-19T03:13:42.955+0000] {processor.py:840} INFO - DAG(s) 'example_dynamic_task_mapping' retrieved from /home/airflow/.local/lib/python3.12/site-packages/airflow/example_dags/example_dynamic_task_mapping.py
[2025-08-19T03:13:42.975+0000] {logging_mixin.py:188} INFO - [2025-08-19T03:13:42.975+0000] {dag.py:3096} INFO - Sync 1 DAGs
[2025-08-19T03:13:43.000+0000] {logging_mixin.py:188} INFO - [2025-08-19T03:13:43.000+0000] {dag.py:3954} INFO - Setting next_dagrun for example_dynamic_task_mapping to 2022-03-04 00:00:00+00:00, run_after=2022-03-05 00:00:00+00:00
[2025-08-19T03:13:43.024+0000] {processor.py:183} INFO - Processing /home/airflow/.local/lib/python3.12/site-packages/airflow/example_dags/example_dynamic_task_mapping.py took 0.086 seconds
[2025-08-19T03:14:13.762+0000] {processor.py:161} INFO - Started process (PID=22692) to work on /home/airflow/.local/lib/python3.12/site-packages/airflow/example_dags/example_dynamic_task_mapping.py
[2025-08-19T03:14:13.763+0000] {processor.py:830} INFO - Processing file /home/airflow/.local/lib/python3.12/site-packages/airflow/example_dags/example_dynamic_task_mapping.py for tasks to queue
[2025-08-19T03:14:13.764+0000] {logging_mixin.py:188} INFO - [2025-08-19T03:14:13.764+0000] {dagbag.py:545} INFO - Filling up the DagBag from /home/airflow/.local/lib/python3.12/site-packages/airflow/example_dags/example_dynamic_task_mapping.py
[2025-08-19T03:14:13.772+0000] {processor.py:840} INFO - DAG(s) 'example_dynamic_task_mapping' retrieved from /home/airflow/.local/lib/python3.12/site-packages/airflow/example_dags/example_dynamic_task_mapping.py
[2025-08-19T03:14:13.793+0000] {logging_mixin.py:188} INFO - [2025-08-19T03:14:13.793+0000] {dag.py:3096} INFO - Sync 1 DAGs
[2025-08-19T03:14:13.817+0000] {logging_mixin.py:188} INFO - [2025-08-19T03:14:13.817+0000] {dag.py:3954} INFO - Setting next_dagrun for example_dynamic_task_mapping to 2022-03-04 00:00:00+00:00, run_after=2022-03-05 00:00:00+00:00
[2025-08-19T03:14:13.843+0000] {processor.py:183} INFO - Processing /home/airflow/.local/lib/python3.12/site-packages/airflow/example_dags/example_dynamic_task_mapping.py took 0.088 seconds
[2025-08-19T03:14:44.556+0000] {processor.py:161} INFO - Started process (PID=22745) to work on /home/airflow/.local/lib/python3.12/site-packages/airflow/example_dags/example_dynamic_task_mapping.py
[2025-08-19T03:14:44.558+0000] {processor.py:830} INFO - Processing file /home/airflow/.local/lib/python3.12/site-packages/airflow/example_dags/example_dynamic_task_mapping.py for tasks to queue
[2025-08-19T03:14:44.559+0000] {logging_mixin.py:188} INFO - [2025-08-19T03:14:44.558+0000] {dagbag.py:545} INFO - Filling up the DagBag from /home/airflow/.local/lib/python3.12/site-packages/airflow/example_dags/example_dynamic_task_mapping.py
[2025-08-19T03:14:44.569+0000] {processor.py:840} INFO - DAG(s) 'example_dynamic_task_mapping' retrieved from /home/airflow/.local/lib/python3.12/site-packages/airflow/example_dags/example_dynamic_task_mapping.py
[2025-08-19T03:14:44.591+0000] {logging_mixin.py:188} INFO - [2025-08-19T03:14:44.591+0000] {dag.py:3096} INFO - Sync 1 DAGs
[2025-08-19T03:14:44.615+0000] {logging_mixin.py:188} INFO - [2025-08-19T03:14:44.615+0000] {dag.py:3954} INFO - Setting next_dagrun for example_dynamic_task_mapping to 2022-03-04 00:00:00+00:00, run_after=2022-03-05 00:00:00+00:00
[2025-08-19T03:14:44.638+0000] {processor.py:183} INFO - Processing /home/airflow/.local/lib/python3.12/site-packages/airflow/example_dags/example_dynamic_task_mapping.py took 0.089 seconds
[2025-08-19T03:15:15.325+0000] {processor.py:161} INFO - Started process (PID=22798) to work on /home/airflow/.local/lib/python3.12/site-packages/airflow/example_dags/example_dynamic_task_mapping.py
[2025-08-19T03:15:15.327+0000] {processor.py:830} INFO - Processing file /home/airflow/.local/lib/python3.12/site-packages/airflow/example_dags/example_dynamic_task_mapping.py for tasks to queue
[2025-08-19T03:15:15.329+0000] {logging_mixin.py:188} INFO - [2025-08-19T03:15:15.328+0000] {dagbag.py:545} INFO - Filling up the DagBag from /home/airflow/.local/lib/python3.12/site-packages/airflow/example_dags/example_dynamic_task_mapping.py
[2025-08-19T03:15:15.339+0000] {processor.py:840} INFO - DAG(s) 'example_dynamic_task_mapping' retrieved from /home/airflow/.local/lib/python3.12/site-packages/airflow/example_dags/example_dynamic_task_mapping.py
[2025-08-19T03:15:15.361+0000] {logging_mixin.py:188} INFO - [2025-08-19T03:15:15.360+0000] {dag.py:3096} INFO - Sync 1 DAGs
[2025-08-19T03:15:15.383+0000] {logging_mixin.py:188} INFO - [2025-08-19T03:15:15.382+0000] {dag.py:3954} INFO - Setting next_dagrun for example_dynamic_task_mapping to 2022-03-04 00:00:00+00:00, run_after=2022-03-05 00:00:00+00:00
[2025-08-19T03:15:15.410+0000] {processor.py:183} INFO - Processing /home/airflow/.local/lib/python3.12/site-packages/airflow/example_dags/example_dynamic_task_mapping.py took 0.090 seconds
[2025-08-19T03:15:46.166+0000] {processor.py:161} INFO - Started process (PID=22851) to work on /home/airflow/.local/lib/python3.12/site-packages/airflow/example_dags/example_dynamic_task_mapping.py
[2025-08-19T03:15:46.167+0000] {processor.py:830} INFO - Processing file /home/airflow/.local/lib/python3.12/site-packages/airflow/example_dags/example_dynamic_task_mapping.py for tasks to queue
[2025-08-19T03:15:46.169+0000] {logging_mixin.py:188} INFO - [2025-08-19T03:15:46.168+0000] {dagbag.py:545} INFO - Filling up the DagBag from /home/airflow/.local/lib/python3.12/site-packages/airflow/example_dags/example_dynamic_task_mapping.py
[2025-08-19T03:15:46.177+0000] {processor.py:840} INFO - DAG(s) 'example_dynamic_task_mapping' retrieved from /home/airflow/.local/lib/python3.12/site-packages/airflow/example_dags/example_dynamic_task_mapping.py
[2025-08-19T03:15:46.199+0000] {logging_mixin.py:188} INFO - [2025-08-19T03:15:46.199+0000] {dag.py:3096} INFO - Sync 1 DAGs
[2025-08-19T03:15:46.223+0000] {logging_mixin.py:188} INFO - [2025-08-19T03:15:46.223+0000] {dag.py:3954} INFO - Setting next_dagrun for example_dynamic_task_mapping to 2022-03-04 00:00:00+00:00, run_after=2022-03-05 00:00:00+00:00
[2025-08-19T03:15:46.247+0000] {processor.py:183} INFO - Processing /home/airflow/.local/lib/python3.12/site-packages/airflow/example_dags/example_dynamic_task_mapping.py took 0.089 seconds
[2025-08-19T03:16:16.721+0000] {processor.py:161} INFO - Started process (PID=22904) to work on /home/airflow/.local/lib/python3.12/site-packages/airflow/example_dags/example_dynamic_task_mapping.py
[2025-08-19T03:16:16.722+0000] {processor.py:830} INFO - Processing file /home/airflow/.local/lib/python3.12/site-packages/airflow/example_dags/example_dynamic_task_mapping.py for tasks to queue
[2025-08-19T03:16:16.724+0000] {logging_mixin.py:188} INFO - [2025-08-19T03:16:16.723+0000] {dagbag.py:545} INFO - Filling up the DagBag from /home/airflow/.local/lib/python3.12/site-packages/airflow/example_dags/example_dynamic_task_mapping.py
[2025-08-19T03:16:16.732+0000] {processor.py:840} INFO - DAG(s) 'example_dynamic_task_mapping' retrieved from /home/airflow/.local/lib/python3.12/site-packages/airflow/example_dags/example_dynamic_task_mapping.py
[2025-08-19T03:16:16.753+0000] {logging_mixin.py:188} INFO - [2025-08-19T03:16:16.753+0000] {dag.py:3096} INFO - Sync 1 DAGs
[2025-08-19T03:16:16.774+0000] {logging_mixin.py:188} INFO - [2025-08-19T03:16:16.774+0000] {dag.py:3954} INFO - Setting next_dagrun for example_dynamic_task_mapping to 2022-03-04 00:00:00+00:00, run_after=2022-03-05 00:00:00+00:00
[2025-08-19T03:16:16.800+0000] {processor.py:183} INFO - Processing /home/airflow/.local/lib/python3.12/site-packages/airflow/example_dags/example_dynamic_task_mapping.py took 0.086 seconds
[2025-08-19T03:16:47.150+0000] {processor.py:161} INFO - Started process (PID=22957) to work on /home/airflow/.local/lib/python3.12/site-packages/airflow/example_dags/example_dynamic_task_mapping.py
[2025-08-19T03:16:47.152+0000] {processor.py:830} INFO - Processing file /home/airflow/.local/lib/python3.12/site-packages/airflow/example_dags/example_dynamic_task_mapping.py for tasks to queue
[2025-08-19T03:16:47.153+0000] {logging_mixin.py:188} INFO - [2025-08-19T03:16:47.153+0000] {dagbag.py:545} INFO - Filling up the DagBag from /home/airflow/.local/lib/python3.12/site-packages/airflow/example_dags/example_dynamic_task_mapping.py
[2025-08-19T03:16:47.163+0000] {processor.py:840} INFO - DAG(s) 'example_dynamic_task_mapping' retrieved from /home/airflow/.local/lib/python3.12/site-packages/airflow/example_dags/example_dynamic_task_mapping.py
[2025-08-19T03:16:47.186+0000] {logging_mixin.py:188} INFO - [2025-08-19T03:16:47.185+0000] {dag.py:3096} INFO - Sync 1 DAGs
[2025-08-19T03:16:47.208+0000] {logging_mixin.py:188} INFO - [2025-08-19T03:16:47.207+0000] {dag.py:3954} INFO - Setting next_dagrun for example_dynamic_task_mapping to 2022-03-04 00:00:00+00:00, run_after=2022-03-05 00:00:00+00:00
[2025-08-19T03:16:47.227+0000] {processor.py:183} INFO - Processing /home/airflow/.local/lib/python3.12/site-packages/airflow/example_dags/example_dynamic_task_mapping.py took 0.084 seconds
[2025-08-19T03:17:17.546+0000] {processor.py:161} INFO - Started process (PID=23010) to work on /home/airflow/.local/lib/python3.12/site-packages/airflow/example_dags/example_dynamic_task_mapping.py
[2025-08-19T03:17:17.547+0000] {processor.py:830} INFO - Processing file /home/airflow/.local/lib/python3.12/site-packages/airflow/example_dags/example_dynamic_task_mapping.py for tasks to queue
[2025-08-19T03:17:17.549+0000] {logging_mixin.py:188} INFO - [2025-08-19T03:17:17.549+0000] {dagbag.py:545} INFO - Filling up the DagBag from /home/airflow/.local/lib/python3.12/site-packages/airflow/example_dags/example_dynamic_task_mapping.py
[2025-08-19T03:17:17.561+0000] {processor.py:840} INFO - DAG(s) 'example_dynamic_task_mapping' retrieved from /home/airflow/.local/lib/python3.12/site-packages/airflow/example_dags/example_dynamic_task_mapping.py
[2025-08-19T03:17:17.581+0000] {logging_mixin.py:188} INFO - [2025-08-19T03:17:17.581+0000] {dag.py:3096} INFO - Sync 1 DAGs
[2025-08-19T03:17:17.604+0000] {logging_mixin.py:188} INFO - [2025-08-19T03:17:17.603+0000] {dag.py:3954} INFO - Setting next_dagrun for example_dynamic_task_mapping to 2022-03-04 00:00:00+00:00, run_after=2022-03-05 00:00:00+00:00
[2025-08-19T03:17:17.625+0000] {processor.py:183} INFO - Processing /home/airflow/.local/lib/python3.12/site-packages/airflow/example_dags/example_dynamic_task_mapping.py took 0.087 seconds
[2025-08-19T03:17:48.439+0000] {processor.py:161} INFO - Started process (PID=23063) to work on /home/airflow/.local/lib/python3.12/site-packages/airflow/example_dags/example_dynamic_task_mapping.py
[2025-08-19T03:17:48.440+0000] {processor.py:830} INFO - Processing file /home/airflow/.local/lib/python3.12/site-packages/airflow/example_dags/example_dynamic_task_mapping.py for tasks to queue
[2025-08-19T03:17:48.442+0000] {logging_mixin.py:188} INFO - [2025-08-19T03:17:48.441+0000] {dagbag.py:545} INFO - Filling up the DagBag from /home/airflow/.local/lib/python3.12/site-packages/airflow/example_dags/example_dynamic_task_mapping.py
[2025-08-19T03:17:48.449+0000] {processor.py:840} INFO - DAG(s) 'example_dynamic_task_mapping' retrieved from /home/airflow/.local/lib/python3.12/site-packages/airflow/example_dags/example_dynamic_task_mapping.py
[2025-08-19T03:17:48.470+0000] {logging_mixin.py:188} INFO - [2025-08-19T03:17:48.470+0000] {dag.py:3096} INFO - Sync 1 DAGs
[2025-08-19T03:17:48.493+0000] {logging_mixin.py:188} INFO - [2025-08-19T03:17:48.493+0000] {dag.py:3954} INFO - Setting next_dagrun for example_dynamic_task_mapping to 2022-03-04 00:00:00+00:00, run_after=2022-03-05 00:00:00+00:00
[2025-08-19T03:17:48.516+0000] {processor.py:183} INFO - Processing /home/airflow/.local/lib/python3.12/site-packages/airflow/example_dags/example_dynamic_task_mapping.py took 0.083 seconds
[2025-08-19T03:18:18.765+0000] {processor.py:161} INFO - Started process (PID=23116) to work on /home/airflow/.local/lib/python3.12/site-packages/airflow/example_dags/example_dynamic_task_mapping.py
[2025-08-19T03:18:18.766+0000] {processor.py:830} INFO - Processing file /home/airflow/.local/lib/python3.12/site-packages/airflow/example_dags/example_dynamic_task_mapping.py for tasks to queue
[2025-08-19T03:18:18.767+0000] {logging_mixin.py:188} INFO - [2025-08-19T03:18:18.767+0000] {dagbag.py:545} INFO - Filling up the DagBag from /home/airflow/.local/lib/python3.12/site-packages/airflow/example_dags/example_dynamic_task_mapping.py
[2025-08-19T03:18:18.776+0000] {processor.py:840} INFO - DAG(s) 'example_dynamic_task_mapping' retrieved from /home/airflow/.local/lib/python3.12/site-packages/airflow/example_dags/example_dynamic_task_mapping.py
[2025-08-19T03:18:18.797+0000] {logging_mixin.py:188} INFO - [2025-08-19T03:18:18.797+0000] {dag.py:3096} INFO - Sync 1 DAGs
[2025-08-19T03:18:18.819+0000] {logging_mixin.py:188} INFO - [2025-08-19T03:18:18.819+0000] {dag.py:3954} INFO - Setting next_dagrun for example_dynamic_task_mapping to 2022-03-04 00:00:00+00:00, run_after=2022-03-05 00:00:00+00:00
[2025-08-19T03:18:18.841+0000] {processor.py:183} INFO - Processing /home/airflow/.local/lib/python3.12/site-packages/airflow/example_dags/example_dynamic_task_mapping.py took 0.083 seconds
[2025-08-19T03:18:49.047+0000] {processor.py:161} INFO - Started process (PID=23169) to work on /home/airflow/.local/lib/python3.12/site-packages/airflow/example_dags/example_dynamic_task_mapping.py
[2025-08-19T03:18:49.049+0000] {processor.py:830} INFO - Processing file /home/airflow/.local/lib/python3.12/site-packages/airflow/example_dags/example_dynamic_task_mapping.py for tasks to queue
[2025-08-19T03:18:49.050+0000] {logging_mixin.py:188} INFO - [2025-08-19T03:18:49.049+0000] {dagbag.py:545} INFO - Filling up the DagBag from /home/airflow/.local/lib/python3.12/site-packages/airflow/example_dags/example_dynamic_task_mapping.py
[2025-08-19T03:18:49.059+0000] {processor.py:840} INFO - DAG(s) 'example_dynamic_task_mapping' retrieved from /home/airflow/.local/lib/python3.12/site-packages/airflow/example_dags/example_dynamic_task_mapping.py
[2025-08-19T03:18:49.080+0000] {logging_mixin.py:188} INFO - [2025-08-19T03:18:49.080+0000] {dag.py:3096} INFO - Sync 1 DAGs
[2025-08-19T03:18:49.103+0000] {logging_mixin.py:188} INFO - [2025-08-19T03:18:49.103+0000] {dag.py:3954} INFO - Setting next_dagrun for example_dynamic_task_mapping to 2022-03-04 00:00:00+00:00, run_after=2022-03-05 00:00:00+00:00
[2025-08-19T03:18:49.130+0000] {processor.py:183} INFO - Processing /home/airflow/.local/lib/python3.12/site-packages/airflow/example_dags/example_dynamic_task_mapping.py took 0.089 seconds
[2025-08-19T03:19:19.374+0000] {processor.py:161} INFO - Started process (PID=23222) to work on /home/airflow/.local/lib/python3.12/site-packages/airflow/example_dags/example_dynamic_task_mapping.py
[2025-08-19T03:19:19.375+0000] {processor.py:830} INFO - Processing file /home/airflow/.local/lib/python3.12/site-packages/airflow/example_dags/example_dynamic_task_mapping.py for tasks to queue
[2025-08-19T03:19:19.376+0000] {logging_mixin.py:188} INFO - [2025-08-19T03:19:19.376+0000] {dagbag.py:545} INFO - Filling up the DagBag from /home/airflow/.local/lib/python3.12/site-packages/airflow/example_dags/example_dynamic_task_mapping.py
[2025-08-19T03:19:19.385+0000] {processor.py:840} INFO - DAG(s) 'example_dynamic_task_mapping' retrieved from /home/airflow/.local/lib/python3.12/site-packages/airflow/example_dags/example_dynamic_task_mapping.py
[2025-08-19T03:19:19.407+0000] {logging_mixin.py:188} INFO - [2025-08-19T03:19:19.407+0000] {dag.py:3096} INFO - Sync 1 DAGs
[2025-08-19T03:19:19.431+0000] {logging_mixin.py:188} INFO - [2025-08-19T03:19:19.431+0000] {dag.py:3954} INFO - Setting next_dagrun for example_dynamic_task_mapping to 2022-03-04 00:00:00+00:00, run_after=2022-03-05 00:00:00+00:00
[2025-08-19T03:19:19.463+0000] {processor.py:183} INFO - Processing /home/airflow/.local/lib/python3.12/site-packages/airflow/example_dags/example_dynamic_task_mapping.py took 0.095 seconds
[2025-08-19T03:19:50.456+0000] {processor.py:161} INFO - Started process (PID=23275) to work on /home/airflow/.local/lib/python3.12/site-packages/airflow/example_dags/example_dynamic_task_mapping.py
[2025-08-19T03:19:50.459+0000] {processor.py:830} INFO - Processing file /home/airflow/.local/lib/python3.12/site-packages/airflow/example_dags/example_dynamic_task_mapping.py for tasks to queue
[2025-08-19T03:19:50.461+0000] {logging_mixin.py:188} INFO - [2025-08-19T03:19:50.460+0000] {dagbag.py:545} INFO - Filling up the DagBag from /home/airflow/.local/lib/python3.12/site-packages/airflow/example_dags/example_dynamic_task_mapping.py
[2025-08-19T03:19:50.474+0000] {processor.py:840} INFO - DAG(s) 'example_dynamic_task_mapping' retrieved from /home/airflow/.local/lib/python3.12/site-packages/airflow/example_dags/example_dynamic_task_mapping.py
[2025-08-19T03:19:50.499+0000] {logging_mixin.py:188} INFO - [2025-08-19T03:19:50.499+0000] {dag.py:3096} INFO - Sync 1 DAGs
[2025-08-19T03:19:50.523+0000] {logging_mixin.py:188} INFO - [2025-08-19T03:19:50.523+0000] {dag.py:3954} INFO - Setting next_dagrun for example_dynamic_task_mapping to 2022-03-04 00:00:00+00:00, run_after=2022-03-05 00:00:00+00:00
[2025-08-19T03:19:50.549+0000] {processor.py:183} INFO - Processing /home/airflow/.local/lib/python3.12/site-packages/airflow/example_dags/example_dynamic_task_mapping.py took 0.105 seconds
[2025-08-19T03:20:21.452+0000] {processor.py:161} INFO - Started process (PID=23328) to work on /home/airflow/.local/lib/python3.12/site-packages/airflow/example_dags/example_dynamic_task_mapping.py
[2025-08-19T03:20:21.453+0000] {processor.py:830} INFO - Processing file /home/airflow/.local/lib/python3.12/site-packages/airflow/example_dags/example_dynamic_task_mapping.py for tasks to queue
[2025-08-19T03:20:21.454+0000] {logging_mixin.py:188} INFO - [2025-08-19T03:20:21.454+0000] {dagbag.py:545} INFO - Filling up the DagBag from /home/airflow/.local/lib/python3.12/site-packages/airflow/example_dags/example_dynamic_task_mapping.py
[2025-08-19T03:20:21.463+0000] {processor.py:840} INFO - DAG(s) 'example_dynamic_task_mapping' retrieved from /home/airflow/.local/lib/python3.12/site-packages/airflow/example_dags/example_dynamic_task_mapping.py
[2025-08-19T03:20:21.493+0000] {logging_mixin.py:188} INFO - [2025-08-19T03:20:21.492+0000] {dag.py:3096} INFO - Sync 1 DAGs
[2025-08-19T03:20:21.519+0000] {logging_mixin.py:188} INFO - [2025-08-19T03:20:21.519+0000] {dag.py:3954} INFO - Setting next_dagrun for example_dynamic_task_mapping to 2022-03-04 00:00:00+00:00, run_after=2022-03-05 00:00:00+00:00
[2025-08-19T03:20:21.543+0000] {processor.py:183} INFO - Processing /home/airflow/.local/lib/python3.12/site-packages/airflow/example_dags/example_dynamic_task_mapping.py took 0.097 seconds
[2025-08-19T03:20:51.817+0000] {processor.py:161} INFO - Started process (PID=23381) to work on /home/airflow/.local/lib/python3.12/site-packages/airflow/example_dags/example_dynamic_task_mapping.py
[2025-08-19T03:20:51.819+0000] {processor.py:830} INFO - Processing file /home/airflow/.local/lib/python3.12/site-packages/airflow/example_dags/example_dynamic_task_mapping.py for tasks to queue
[2025-08-19T03:20:51.820+0000] {logging_mixin.py:188} INFO - [2025-08-19T03:20:51.819+0000] {dagbag.py:545} INFO - Filling up the DagBag from /home/airflow/.local/lib/python3.12/site-packages/airflow/example_dags/example_dynamic_task_mapping.py
[2025-08-19T03:20:51.828+0000] {processor.py:840} INFO - DAG(s) 'example_dynamic_task_mapping' retrieved from /home/airflow/.local/lib/python3.12/site-packages/airflow/example_dags/example_dynamic_task_mapping.py
[2025-08-19T03:20:51.850+0000] {logging_mixin.py:188} INFO - [2025-08-19T03:20:51.850+0000] {dag.py:3096} INFO - Sync 1 DAGs
[2025-08-19T03:20:51.874+0000] {logging_mixin.py:188} INFO - [2025-08-19T03:20:51.874+0000] {dag.py:3954} INFO - Setting next_dagrun for example_dynamic_task_mapping to 2022-03-04 00:00:00+00:00, run_after=2022-03-05 00:00:00+00:00
[2025-08-19T03:20:51.908+0000] {processor.py:183} INFO - Processing /home/airflow/.local/lib/python3.12/site-packages/airflow/example_dags/example_dynamic_task_mapping.py took 0.097 seconds
[2025-08-19T03:21:22.772+0000] {processor.py:161} INFO - Started process (PID=23434) to work on /home/airflow/.local/lib/python3.12/site-packages/airflow/example_dags/example_dynamic_task_mapping.py
[2025-08-19T03:21:22.774+0000] {processor.py:830} INFO - Processing file /home/airflow/.local/lib/python3.12/site-packages/airflow/example_dags/example_dynamic_task_mapping.py for tasks to queue
[2025-08-19T03:21:22.775+0000] {logging_mixin.py:188} INFO - [2025-08-19T03:21:22.775+0000] {dagbag.py:545} INFO - Filling up the DagBag from /home/airflow/.local/lib/python3.12/site-packages/airflow/example_dags/example_dynamic_task_mapping.py
[2025-08-19T03:21:22.784+0000] {processor.py:840} INFO - DAG(s) 'example_dynamic_task_mapping' retrieved from /home/airflow/.local/lib/python3.12/site-packages/airflow/example_dags/example_dynamic_task_mapping.py
[2025-08-19T03:21:22.807+0000] {logging_mixin.py:188} INFO - [2025-08-19T03:21:22.807+0000] {dag.py:3096} INFO - Sync 1 DAGs
[2025-08-19T03:21:22.832+0000] {logging_mixin.py:188} INFO - [2025-08-19T03:21:22.831+0000] {dag.py:3954} INFO - Setting next_dagrun for example_dynamic_task_mapping to 2022-03-04 00:00:00+00:00, run_after=2022-03-05 00:00:00+00:00
[2025-08-19T03:21:22.856+0000] {processor.py:183} INFO - Processing /home/airflow/.local/lib/python3.12/site-packages/airflow/example_dags/example_dynamic_task_mapping.py took 0.091 seconds
[2025-08-19T03:21:53.344+0000] {processor.py:161} INFO - Started process (PID=23487) to work on /home/airflow/.local/lib/python3.12/site-packages/airflow/example_dags/example_dynamic_task_mapping.py
[2025-08-19T03:21:53.346+0000] {processor.py:830} INFO - Processing file /home/airflow/.local/lib/python3.12/site-packages/airflow/example_dags/example_dynamic_task_mapping.py for tasks to queue
[2025-08-19T03:21:53.347+0000] {logging_mixin.py:188} INFO - [2025-08-19T03:21:53.346+0000] {dagbag.py:545} INFO - Filling up the DagBag from /home/airflow/.local/lib/python3.12/site-packages/airflow/example_dags/example_dynamic_task_mapping.py
[2025-08-19T03:21:53.355+0000] {processor.py:840} INFO - DAG(s) 'example_dynamic_task_mapping' retrieved from /home/airflow/.local/lib/python3.12/site-packages/airflow/example_dags/example_dynamic_task_mapping.py
[2025-08-19T03:21:53.378+0000] {logging_mixin.py:188} INFO - [2025-08-19T03:21:53.378+0000] {dag.py:3096} INFO - Sync 1 DAGs
[2025-08-19T03:21:53.400+0000] {logging_mixin.py:188} INFO - [2025-08-19T03:21:53.400+0000] {dag.py:3954} INFO - Setting next_dagrun for example_dynamic_task_mapping to 2022-03-04 00:00:00+00:00, run_after=2022-03-05 00:00:00+00:00
[2025-08-19T03:21:53.433+0000] {processor.py:183} INFO - Processing /home/airflow/.local/lib/python3.12/site-packages/airflow/example_dags/example_dynamic_task_mapping.py took 0.096 seconds
[2025-08-19T03:22:23.885+0000] {processor.py:161} INFO - Started process (PID=23540) to work on /home/airflow/.local/lib/python3.12/site-packages/airflow/example_dags/example_dynamic_task_mapping.py
[2025-08-19T03:22:23.886+0000] {processor.py:830} INFO - Processing file /home/airflow/.local/lib/python3.12/site-packages/airflow/example_dags/example_dynamic_task_mapping.py for tasks to queue
[2025-08-19T03:22:23.888+0000] {logging_mixin.py:188} INFO - [2025-08-19T03:22:23.887+0000] {dagbag.py:545} INFO - Filling up the DagBag from /home/airflow/.local/lib/python3.12/site-packages/airflow/example_dags/example_dynamic_task_mapping.py
[2025-08-19T03:22:23.897+0000] {processor.py:840} INFO - DAG(s) 'example_dynamic_task_mapping' retrieved from /home/airflow/.local/lib/python3.12/site-packages/airflow/example_dags/example_dynamic_task_mapping.py
[2025-08-19T03:22:23.920+0000] {logging_mixin.py:188} INFO - [2025-08-19T03:22:23.920+0000] {dag.py:3096} INFO - Sync 1 DAGs
[2025-08-19T03:22:23.942+0000] {logging_mixin.py:188} INFO - [2025-08-19T03:22:23.942+0000] {dag.py:3954} INFO - Setting next_dagrun for example_dynamic_task_mapping to 2022-03-04 00:00:00+00:00, run_after=2022-03-05 00:00:00+00:00
[2025-08-19T03:22:23.966+0000] {processor.py:183} INFO - Processing /home/airflow/.local/lib/python3.12/site-packages/airflow/example_dags/example_dynamic_task_mapping.py took 0.087 seconds
[2025-08-19T03:22:54.335+0000] {processor.py:161} INFO - Started process (PID=23593) to work on /home/airflow/.local/lib/python3.12/site-packages/airflow/example_dags/example_dynamic_task_mapping.py
[2025-08-19T03:22:54.336+0000] {processor.py:830} INFO - Processing file /home/airflow/.local/lib/python3.12/site-packages/airflow/example_dags/example_dynamic_task_mapping.py for tasks to queue
[2025-08-19T03:22:54.337+0000] {logging_mixin.py:188} INFO - [2025-08-19T03:22:54.337+0000] {dagbag.py:545} INFO - Filling up the DagBag from /home/airflow/.local/lib/python3.12/site-packages/airflow/example_dags/example_dynamic_task_mapping.py
[2025-08-19T03:22:54.347+0000] {processor.py:840} INFO - DAG(s) 'example_dynamic_task_mapping' retrieved from /home/airflow/.local/lib/python3.12/site-packages/airflow/example_dags/example_dynamic_task_mapping.py
[2025-08-19T03:22:54.368+0000] {logging_mixin.py:188} INFO - [2025-08-19T03:22:54.368+0000] {dag.py:3096} INFO - Sync 1 DAGs
[2025-08-19T03:22:54.390+0000] {logging_mixin.py:188} INFO - [2025-08-19T03:22:54.390+0000] {dag.py:3954} INFO - Setting next_dagrun for example_dynamic_task_mapping to 2022-03-04 00:00:00+00:00, run_after=2022-03-05 00:00:00+00:00
[2025-08-19T03:22:54.417+0000] {processor.py:183} INFO - Processing /home/airflow/.local/lib/python3.12/site-packages/airflow/example_dags/example_dynamic_task_mapping.py took 0.088 seconds
[2025-08-19T03:23:24.680+0000] {processor.py:161} INFO - Started process (PID=23646) to work on /home/airflow/.local/lib/python3.12/site-packages/airflow/example_dags/example_dynamic_task_mapping.py
[2025-08-19T03:23:24.682+0000] {processor.py:830} INFO - Processing file /home/airflow/.local/lib/python3.12/site-packages/airflow/example_dags/example_dynamic_task_mapping.py for tasks to queue
[2025-08-19T03:23:24.683+0000] {logging_mixin.py:188} INFO - [2025-08-19T03:23:24.683+0000] {dagbag.py:545} INFO - Filling up the DagBag from /home/airflow/.local/lib/python3.12/site-packages/airflow/example_dags/example_dynamic_task_mapping.py
[2025-08-19T03:23:24.692+0000] {processor.py:840} INFO - DAG(s) 'example_dynamic_task_mapping' retrieved from /home/airflow/.local/lib/python3.12/site-packages/airflow/example_dags/example_dynamic_task_mapping.py
[2025-08-19T03:23:24.714+0000] {logging_mixin.py:188} INFO - [2025-08-19T03:23:24.714+0000] {dag.py:3096} INFO - Sync 1 DAGs
[2025-08-19T03:23:24.737+0000] {logging_mixin.py:188} INFO - [2025-08-19T03:23:24.736+0000] {dag.py:3954} INFO - Setting next_dagrun for example_dynamic_task_mapping to 2022-03-04 00:00:00+00:00, run_after=2022-03-05 00:00:00+00:00
[2025-08-19T03:23:24.762+0000] {processor.py:183} INFO - Processing /home/airflow/.local/lib/python3.12/site-packages/airflow/example_dags/example_dynamic_task_mapping.py took 0.088 seconds
[2025-08-19T03:23:55.295+0000] {processor.py:161} INFO - Started process (PID=23699) to work on /home/airflow/.local/lib/python3.12/site-packages/airflow/example_dags/example_dynamic_task_mapping.py
[2025-08-19T03:23:55.298+0000] {processor.py:830} INFO - Processing file /home/airflow/.local/lib/python3.12/site-packages/airflow/example_dags/example_dynamic_task_mapping.py for tasks to queue
[2025-08-19T03:23:55.301+0000] {logging_mixin.py:188} INFO - [2025-08-19T03:23:55.300+0000] {dagbag.py:545} INFO - Filling up the DagBag from /home/airflow/.local/lib/python3.12/site-packages/airflow/example_dags/example_dynamic_task_mapping.py
[2025-08-19T03:23:55.312+0000] {processor.py:840} INFO - DAG(s) 'example_dynamic_task_mapping' retrieved from /home/airflow/.local/lib/python3.12/site-packages/airflow/example_dags/example_dynamic_task_mapping.py
[2025-08-19T03:23:55.335+0000] {logging_mixin.py:188} INFO - [2025-08-19T03:23:55.335+0000] {dag.py:3096} INFO - Sync 1 DAGs
[2025-08-19T03:23:55.358+0000] {logging_mixin.py:188} INFO - [2025-08-19T03:23:55.358+0000] {dag.py:3954} INFO - Setting next_dagrun for example_dynamic_task_mapping to 2022-03-04 00:00:00+00:00, run_after=2022-03-05 00:00:00+00:00
[2025-08-19T03:23:55.389+0000] {processor.py:183} INFO - Processing /home/airflow/.local/lib/python3.12/site-packages/airflow/example_dags/example_dynamic_task_mapping.py took 0.107 seconds
[2025-08-19T03:24:25.926+0000] {processor.py:161} INFO - Started process (PID=23752) to work on /home/airflow/.local/lib/python3.12/site-packages/airflow/example_dags/example_dynamic_task_mapping.py
[2025-08-19T03:24:25.928+0000] {processor.py:830} INFO - Processing file /home/airflow/.local/lib/python3.12/site-packages/airflow/example_dags/example_dynamic_task_mapping.py for tasks to queue
[2025-08-19T03:24:25.929+0000] {logging_mixin.py:188} INFO - [2025-08-19T03:24:25.929+0000] {dagbag.py:545} INFO - Filling up the DagBag from /home/airflow/.local/lib/python3.12/site-packages/airflow/example_dags/example_dynamic_task_mapping.py
[2025-08-19T03:24:25.939+0000] {processor.py:840} INFO - DAG(s) 'example_dynamic_task_mapping' retrieved from /home/airflow/.local/lib/python3.12/site-packages/airflow/example_dags/example_dynamic_task_mapping.py
[2025-08-19T03:24:25.962+0000] {logging_mixin.py:188} INFO - [2025-08-19T03:24:25.962+0000] {dag.py:3096} INFO - Sync 1 DAGs
[2025-08-19T03:24:25.983+0000] {logging_mixin.py:188} INFO - [2025-08-19T03:24:25.983+0000] {dag.py:3954} INFO - Setting next_dagrun for example_dynamic_task_mapping to 2022-03-04 00:00:00+00:00, run_after=2022-03-05 00:00:00+00:00
[2025-08-19T03:24:26.013+0000] {processor.py:183} INFO - Processing /home/airflow/.local/lib/python3.12/site-packages/airflow/example_dags/example_dynamic_task_mapping.py took 0.102 seconds
[2025-08-19T03:24:56.583+0000] {processor.py:161} INFO - Started process (PID=23805) to work on /home/airflow/.local/lib/python3.12/site-packages/airflow/example_dags/example_dynamic_task_mapping.py
[2025-08-19T03:24:56.585+0000] {processor.py:830} INFO - Processing file /home/airflow/.local/lib/python3.12/site-packages/airflow/example_dags/example_dynamic_task_mapping.py for tasks to queue
[2025-08-19T03:24:56.587+0000] {logging_mixin.py:188} INFO - [2025-08-19T03:24:56.586+0000] {dagbag.py:545} INFO - Filling up the DagBag from /home/airflow/.local/lib/python3.12/site-packages/airflow/example_dags/example_dynamic_task_mapping.py
[2025-08-19T03:24:56.596+0000] {processor.py:840} INFO - DAG(s) 'example_dynamic_task_mapping' retrieved from /home/airflow/.local/lib/python3.12/site-packages/airflow/example_dags/example_dynamic_task_mapping.py
[2025-08-19T03:24:56.624+0000] {logging_mixin.py:188} INFO - [2025-08-19T03:24:56.623+0000] {dag.py:3096} INFO - Sync 1 DAGs
[2025-08-19T03:24:56.649+0000] {logging_mixin.py:188} INFO - [2025-08-19T03:24:56.648+0000] {dag.py:3954} INFO - Setting next_dagrun for example_dynamic_task_mapping to 2022-03-04 00:00:00+00:00, run_after=2022-03-05 00:00:00+00:00
[2025-08-19T03:24:56.678+0000] {processor.py:183} INFO - Processing /home/airflow/.local/lib/python3.12/site-packages/airflow/example_dags/example_dynamic_task_mapping.py took 0.103 seconds
[2025-08-19T03:25:27.134+0000] {processor.py:161} INFO - Started process (PID=23858) to work on /home/airflow/.local/lib/python3.12/site-packages/airflow/example_dags/example_dynamic_task_mapping.py
[2025-08-19T03:25:27.135+0000] {processor.py:830} INFO - Processing file /home/airflow/.local/lib/python3.12/site-packages/airflow/example_dags/example_dynamic_task_mapping.py for tasks to queue
[2025-08-19T03:25:27.137+0000] {logging_mixin.py:188} INFO - [2025-08-19T03:25:27.137+0000] {dagbag.py:545} INFO - Filling up the DagBag from /home/airflow/.local/lib/python3.12/site-packages/airflow/example_dags/example_dynamic_task_mapping.py
[2025-08-19T03:25:27.146+0000] {processor.py:840} INFO - DAG(s) 'example_dynamic_task_mapping' retrieved from /home/airflow/.local/lib/python3.12/site-packages/airflow/example_dags/example_dynamic_task_mapping.py
[2025-08-19T03:25:27.170+0000] {logging_mixin.py:188} INFO - [2025-08-19T03:25:27.170+0000] {dag.py:3096} INFO - Sync 1 DAGs
[2025-08-19T03:25:27.193+0000] {logging_mixin.py:188} INFO - [2025-08-19T03:25:27.193+0000] {dag.py:3954} INFO - Setting next_dagrun for example_dynamic_task_mapping to 2022-03-04 00:00:00+00:00, run_after=2022-03-05 00:00:00+00:00
[2025-08-19T03:25:27.226+0000] {processor.py:183} INFO - Processing /home/airflow/.local/lib/python3.12/site-packages/airflow/example_dags/example_dynamic_task_mapping.py took 0.099 seconds
[2025-08-19T03:25:57.533+0000] {processor.py:161} INFO - Started process (PID=23911) to work on /home/airflow/.local/lib/python3.12/site-packages/airflow/example_dags/example_dynamic_task_mapping.py
[2025-08-19T03:25:57.535+0000] {processor.py:830} INFO - Processing file /home/airflow/.local/lib/python3.12/site-packages/airflow/example_dags/example_dynamic_task_mapping.py for tasks to queue
[2025-08-19T03:25:57.536+0000] {logging_mixin.py:188} INFO - [2025-08-19T03:25:57.536+0000] {dagbag.py:545} INFO - Filling up the DagBag from /home/airflow/.local/lib/python3.12/site-packages/airflow/example_dags/example_dynamic_task_mapping.py
[2025-08-19T03:25:57.544+0000] {processor.py:840} INFO - DAG(s) 'example_dynamic_task_mapping' retrieved from /home/airflow/.local/lib/python3.12/site-packages/airflow/example_dags/example_dynamic_task_mapping.py
[2025-08-19T03:25:57.567+0000] {logging_mixin.py:188} INFO - [2025-08-19T03:25:57.567+0000] {dag.py:3096} INFO - Sync 1 DAGs
[2025-08-19T03:25:57.589+0000] {logging_mixin.py:188} INFO - [2025-08-19T03:25:57.589+0000] {dag.py:3954} INFO - Setting next_dagrun for example_dynamic_task_mapping to 2022-03-04 00:00:00+00:00, run_after=2022-03-05 00:00:00+00:00
[2025-08-19T03:25:57.613+0000] {processor.py:183} INFO - Processing /home/airflow/.local/lib/python3.12/site-packages/airflow/example_dags/example_dynamic_task_mapping.py took 0.086 seconds
[2025-08-19T03:26:27.998+0000] {processor.py:161} INFO - Started process (PID=23964) to work on /home/airflow/.local/lib/python3.12/site-packages/airflow/example_dags/example_dynamic_task_mapping.py
[2025-08-19T03:26:28.000+0000] {processor.py:830} INFO - Processing file /home/airflow/.local/lib/python3.12/site-packages/airflow/example_dags/example_dynamic_task_mapping.py for tasks to queue
[2025-08-19T03:26:28.003+0000] {logging_mixin.py:188} INFO - [2025-08-19T03:26:28.002+0000] {dagbag.py:545} INFO - Filling up the DagBag from /home/airflow/.local/lib/python3.12/site-packages/airflow/example_dags/example_dynamic_task_mapping.py
[2025-08-19T03:26:28.017+0000] {processor.py:840} INFO - DAG(s) 'example_dynamic_task_mapping' retrieved from /home/airflow/.local/lib/python3.12/site-packages/airflow/example_dags/example_dynamic_task_mapping.py
[2025-08-19T03:26:28.046+0000] {logging_mixin.py:188} INFO - [2025-08-19T03:26:28.046+0000] {dag.py:3096} INFO - Sync 1 DAGs
[2025-08-19T03:26:28.068+0000] {logging_mixin.py:188} INFO - [2025-08-19T03:26:28.068+0000] {dag.py:3954} INFO - Setting next_dagrun for example_dynamic_task_mapping to 2022-03-04 00:00:00+00:00, run_after=2022-03-05 00:00:00+00:00
[2025-08-19T03:26:28.101+0000] {processor.py:183} INFO - Processing /home/airflow/.local/lib/python3.12/site-packages/airflow/example_dags/example_dynamic_task_mapping.py took 0.110 seconds
[2025-08-19T03:26:58.367+0000] {processor.py:161} INFO - Started process (PID=24017) to work on /home/airflow/.local/lib/python3.12/site-packages/airflow/example_dags/example_dynamic_task_mapping.py
[2025-08-19T03:26:58.368+0000] {processor.py:830} INFO - Processing file /home/airflow/.local/lib/python3.12/site-packages/airflow/example_dags/example_dynamic_task_mapping.py for tasks to queue
[2025-08-19T03:26:58.370+0000] {logging_mixin.py:188} INFO - [2025-08-19T03:26:58.369+0000] {dagbag.py:545} INFO - Filling up the DagBag from /home/airflow/.local/lib/python3.12/site-packages/airflow/example_dags/example_dynamic_task_mapping.py
[2025-08-19T03:26:58.378+0000] {processor.py:840} INFO - DAG(s) 'example_dynamic_task_mapping' retrieved from /home/airflow/.local/lib/python3.12/site-packages/airflow/example_dags/example_dynamic_task_mapping.py
[2025-08-19T03:26:58.401+0000] {logging_mixin.py:188} INFO - [2025-08-19T03:26:58.400+0000] {dag.py:3096} INFO - Sync 1 DAGs
[2025-08-19T03:26:58.423+0000] {logging_mixin.py:188} INFO - [2025-08-19T03:26:58.423+0000] {dag.py:3954} INFO - Setting next_dagrun for example_dynamic_task_mapping to 2022-03-04 00:00:00+00:00, run_after=2022-03-05 00:00:00+00:00
[2025-08-19T03:26:58.456+0000] {processor.py:183} INFO - Processing /home/airflow/.local/lib/python3.12/site-packages/airflow/example_dags/example_dynamic_task_mapping.py took 0.096 seconds
[2025-08-19T03:27:28.822+0000] {processor.py:161} INFO - Started process (PID=24070) to work on /home/airflow/.local/lib/python3.12/site-packages/airflow/example_dags/example_dynamic_task_mapping.py
[2025-08-19T03:27:28.823+0000] {processor.py:830} INFO - Processing file /home/airflow/.local/lib/python3.12/site-packages/airflow/example_dags/example_dynamic_task_mapping.py for tasks to queue
[2025-08-19T03:27:28.824+0000] {logging_mixin.py:188} INFO - [2025-08-19T03:27:28.824+0000] {dagbag.py:545} INFO - Filling up the DagBag from /home/airflow/.local/lib/python3.12/site-packages/airflow/example_dags/example_dynamic_task_mapping.py
[2025-08-19T03:27:28.833+0000] {processor.py:840} INFO - DAG(s) 'example_dynamic_task_mapping' retrieved from /home/airflow/.local/lib/python3.12/site-packages/airflow/example_dags/example_dynamic_task_mapping.py
[2025-08-19T03:27:28.855+0000] {logging_mixin.py:188} INFO - [2025-08-19T03:27:28.855+0000] {dag.py:3096} INFO - Sync 1 DAGs
[2025-08-19T03:27:28.879+0000] {logging_mixin.py:188} INFO - [2025-08-19T03:27:28.878+0000] {dag.py:3954} INFO - Setting next_dagrun for example_dynamic_task_mapping to 2022-03-04 00:00:00+00:00, run_after=2022-03-05 00:00:00+00:00
[2025-08-19T03:27:28.904+0000] {processor.py:183} INFO - Processing /home/airflow/.local/lib/python3.12/site-packages/airflow/example_dags/example_dynamic_task_mapping.py took 0.089 seconds
[2025-08-19T03:27:59.350+0000] {processor.py:161} INFO - Started process (PID=24123) to work on /home/airflow/.local/lib/python3.12/site-packages/airflow/example_dags/example_dynamic_task_mapping.py
[2025-08-19T03:27:59.351+0000] {processor.py:830} INFO - Processing file /home/airflow/.local/lib/python3.12/site-packages/airflow/example_dags/example_dynamic_task_mapping.py for tasks to queue
[2025-08-19T03:27:59.353+0000] {logging_mixin.py:188} INFO - [2025-08-19T03:27:59.353+0000] {dagbag.py:545} INFO - Filling up the DagBag from /home/airflow/.local/lib/python3.12/site-packages/airflow/example_dags/example_dynamic_task_mapping.py
[2025-08-19T03:27:59.362+0000] {processor.py:840} INFO - DAG(s) 'example_dynamic_task_mapping' retrieved from /home/airflow/.local/lib/python3.12/site-packages/airflow/example_dags/example_dynamic_task_mapping.py
[2025-08-19T03:27:59.385+0000] {logging_mixin.py:188} INFO - [2025-08-19T03:27:59.384+0000] {dag.py:3096} INFO - Sync 1 DAGs
[2025-08-19T03:27:59.408+0000] {logging_mixin.py:188} INFO - [2025-08-19T03:27:59.407+0000] {dag.py:3954} INFO - Setting next_dagrun for example_dynamic_task_mapping to 2022-03-04 00:00:00+00:00, run_after=2022-03-05 00:00:00+00:00
[2025-08-19T03:27:59.435+0000] {processor.py:183} INFO - Processing /home/airflow/.local/lib/python3.12/site-packages/airflow/example_dags/example_dynamic_task_mapping.py took 0.091 seconds
[2025-08-19T03:28:29.762+0000] {processor.py:161} INFO - Started process (PID=24176) to work on /home/airflow/.local/lib/python3.12/site-packages/airflow/example_dags/example_dynamic_task_mapping.py
[2025-08-19T03:28:29.764+0000] {processor.py:830} INFO - Processing file /home/airflow/.local/lib/python3.12/site-packages/airflow/example_dags/example_dynamic_task_mapping.py for tasks to queue
[2025-08-19T03:28:29.765+0000] {logging_mixin.py:188} INFO - [2025-08-19T03:28:29.765+0000] {dagbag.py:545} INFO - Filling up the DagBag from /home/airflow/.local/lib/python3.12/site-packages/airflow/example_dags/example_dynamic_task_mapping.py
[2025-08-19T03:28:29.774+0000] {processor.py:840} INFO - DAG(s) 'example_dynamic_task_mapping' retrieved from /home/airflow/.local/lib/python3.12/site-packages/airflow/example_dags/example_dynamic_task_mapping.py
[2025-08-19T03:28:29.797+0000] {logging_mixin.py:188} INFO - [2025-08-19T03:28:29.797+0000] {dag.py:3096} INFO - Sync 1 DAGs
[2025-08-19T03:28:29.822+0000] {logging_mixin.py:188} INFO - [2025-08-19T03:28:29.821+0000] {dag.py:3954} INFO - Setting next_dagrun for example_dynamic_task_mapping to 2022-03-04 00:00:00+00:00, run_after=2022-03-05 00:00:00+00:00
[2025-08-19T03:28:29.848+0000] {processor.py:183} INFO - Processing /home/airflow/.local/lib/python3.12/site-packages/airflow/example_dags/example_dynamic_task_mapping.py took 0.092 seconds
[2025-08-19T03:29:00.158+0000] {processor.py:161} INFO - Started process (PID=24229) to work on /home/airflow/.local/lib/python3.12/site-packages/airflow/example_dags/example_dynamic_task_mapping.py
[2025-08-19T03:29:00.160+0000] {processor.py:830} INFO - Processing file /home/airflow/.local/lib/python3.12/site-packages/airflow/example_dags/example_dynamic_task_mapping.py for tasks to queue
[2025-08-19T03:29:00.161+0000] {logging_mixin.py:188} INFO - [2025-08-19T03:29:00.161+0000] {dagbag.py:545} INFO - Filling up the DagBag from /home/airflow/.local/lib/python3.12/site-packages/airflow/example_dags/example_dynamic_task_mapping.py
[2025-08-19T03:29:00.169+0000] {processor.py:840} INFO - DAG(s) 'example_dynamic_task_mapping' retrieved from /home/airflow/.local/lib/python3.12/site-packages/airflow/example_dags/example_dynamic_task_mapping.py
[2025-08-19T03:29:00.193+0000] {logging_mixin.py:188} INFO - [2025-08-19T03:29:00.193+0000] {dag.py:3096} INFO - Sync 1 DAGs
[2025-08-19T03:29:00.214+0000] {logging_mixin.py:188} INFO - [2025-08-19T03:29:00.214+0000] {dag.py:3954} INFO - Setting next_dagrun for example_dynamic_task_mapping to 2022-03-04 00:00:00+00:00, run_after=2022-03-05 00:00:00+00:00
[2025-08-19T03:29:00.246+0000] {processor.py:183} INFO - Processing /home/airflow/.local/lib/python3.12/site-packages/airflow/example_dags/example_dynamic_task_mapping.py took 0.095 seconds
[2025-08-19T03:29:30.491+0000] {processor.py:161} INFO - Started process (PID=24282) to work on /home/airflow/.local/lib/python3.12/site-packages/airflow/example_dags/example_dynamic_task_mapping.py
[2025-08-19T03:29:30.493+0000] {processor.py:830} INFO - Processing file /home/airflow/.local/lib/python3.12/site-packages/airflow/example_dags/example_dynamic_task_mapping.py for tasks to queue
[2025-08-19T03:29:30.495+0000] {logging_mixin.py:188} INFO - [2025-08-19T03:29:30.494+0000] {dagbag.py:545} INFO - Filling up the DagBag from /home/airflow/.local/lib/python3.12/site-packages/airflow/example_dags/example_dynamic_task_mapping.py
[2025-08-19T03:29:30.503+0000] {processor.py:840} INFO - DAG(s) 'example_dynamic_task_mapping' retrieved from /home/airflow/.local/lib/python3.12/site-packages/airflow/example_dags/example_dynamic_task_mapping.py
[2025-08-19T03:29:30.526+0000] {logging_mixin.py:188} INFO - [2025-08-19T03:29:30.526+0000] {dag.py:3096} INFO - Sync 1 DAGs
[2025-08-19T03:29:30.549+0000] {logging_mixin.py:188} INFO - [2025-08-19T03:29:30.548+0000] {dag.py:3954} INFO - Setting next_dagrun for example_dynamic_task_mapping to 2022-03-04 00:00:00+00:00, run_after=2022-03-05 00:00:00+00:00
[2025-08-19T03:29:30.581+0000] {processor.py:183} INFO - Processing /home/airflow/.local/lib/python3.12/site-packages/airflow/example_dags/example_dynamic_task_mapping.py took 0.096 seconds
[2025-08-19T03:30:00.961+0000] {processor.py:161} INFO - Started process (PID=24335) to work on /home/airflow/.local/lib/python3.12/site-packages/airflow/example_dags/example_dynamic_task_mapping.py
[2025-08-19T03:30:00.963+0000] {processor.py:830} INFO - Processing file /home/airflow/.local/lib/python3.12/site-packages/airflow/example_dags/example_dynamic_task_mapping.py for tasks to queue
[2025-08-19T03:30:00.964+0000] {logging_mixin.py:188} INFO - [2025-08-19T03:30:00.964+0000] {dagbag.py:545} INFO - Filling up the DagBag from /home/airflow/.local/lib/python3.12/site-packages/airflow/example_dags/example_dynamic_task_mapping.py
[2025-08-19T03:30:00.973+0000] {processor.py:840} INFO - DAG(s) 'example_dynamic_task_mapping' retrieved from /home/airflow/.local/lib/python3.12/site-packages/airflow/example_dags/example_dynamic_task_mapping.py
[2025-08-19T03:30:00.994+0000] {logging_mixin.py:188} INFO - [2025-08-19T03:30:00.994+0000] {dag.py:3096} INFO - Sync 1 DAGs
[2025-08-19T03:30:01.018+0000] {logging_mixin.py:188} INFO - [2025-08-19T03:30:01.017+0000] {dag.py:3954} INFO - Setting next_dagrun for example_dynamic_task_mapping to 2022-03-04 00:00:00+00:00, run_after=2022-03-05 00:00:00+00:00
[2025-08-19T03:30:01.047+0000] {processor.py:183} INFO - Processing /home/airflow/.local/lib/python3.12/site-packages/airflow/example_dags/example_dynamic_task_mapping.py took 0.092 seconds
[2025-08-19T03:30:31.451+0000] {processor.py:161} INFO - Started process (PID=24388) to work on /home/airflow/.local/lib/python3.12/site-packages/airflow/example_dags/example_dynamic_task_mapping.py
[2025-08-19T03:30:31.453+0000] {processor.py:830} INFO - Processing file /home/airflow/.local/lib/python3.12/site-packages/airflow/example_dags/example_dynamic_task_mapping.py for tasks to queue
[2025-08-19T03:30:31.454+0000] {logging_mixin.py:188} INFO - [2025-08-19T03:30:31.454+0000] {dagbag.py:545} INFO - Filling up the DagBag from /home/airflow/.local/lib/python3.12/site-packages/airflow/example_dags/example_dynamic_task_mapping.py
[2025-08-19T03:30:31.463+0000] {processor.py:840} INFO - DAG(s) 'example_dynamic_task_mapping' retrieved from /home/airflow/.local/lib/python3.12/site-packages/airflow/example_dags/example_dynamic_task_mapping.py
[2025-08-19T03:30:31.485+0000] {logging_mixin.py:188} INFO - [2025-08-19T03:30:31.485+0000] {dag.py:3096} INFO - Sync 1 DAGs
[2025-08-19T03:30:31.507+0000] {logging_mixin.py:188} INFO - [2025-08-19T03:30:31.506+0000] {dag.py:3954} INFO - Setting next_dagrun for example_dynamic_task_mapping to 2022-03-04 00:00:00+00:00, run_after=2022-03-05 00:00:00+00:00
[2025-08-19T03:30:31.533+0000] {processor.py:183} INFO - Processing /home/airflow/.local/lib/python3.12/site-packages/airflow/example_dags/example_dynamic_task_mapping.py took 0.089 seconds
[2025-08-19T03:31:02.117+0000] {processor.py:161} INFO - Started process (PID=24441) to work on /home/airflow/.local/lib/python3.12/site-packages/airflow/example_dags/example_dynamic_task_mapping.py
[2025-08-19T03:31:02.119+0000] {processor.py:830} INFO - Processing file /home/airflow/.local/lib/python3.12/site-packages/airflow/example_dags/example_dynamic_task_mapping.py for tasks to queue
[2025-08-19T03:31:02.120+0000] {logging_mixin.py:188} INFO - [2025-08-19T03:31:02.120+0000] {dagbag.py:545} INFO - Filling up the DagBag from /home/airflow/.local/lib/python3.12/site-packages/airflow/example_dags/example_dynamic_task_mapping.py
[2025-08-19T03:31:02.128+0000] {processor.py:840} INFO - DAG(s) 'example_dynamic_task_mapping' retrieved from /home/airflow/.local/lib/python3.12/site-packages/airflow/example_dags/example_dynamic_task_mapping.py
[2025-08-19T03:31:02.153+0000] {logging_mixin.py:188} INFO - [2025-08-19T03:31:02.152+0000] {dag.py:3096} INFO - Sync 1 DAGs
[2025-08-19T03:31:02.175+0000] {logging_mixin.py:188} INFO - [2025-08-19T03:31:02.175+0000] {dag.py:3954} INFO - Setting next_dagrun for example_dynamic_task_mapping to 2022-03-04 00:00:00+00:00, run_after=2022-03-05 00:00:00+00:00
[2025-08-19T03:31:02.206+0000] {processor.py:183} INFO - Processing /home/airflow/.local/lib/python3.12/site-packages/airflow/example_dags/example_dynamic_task_mapping.py took 0.095 seconds
[2025-08-19T03:31:32.423+0000] {processor.py:161} INFO - Started process (PID=24494) to work on /home/airflow/.local/lib/python3.12/site-packages/airflow/example_dags/example_dynamic_task_mapping.py
[2025-08-19T03:31:32.425+0000] {processor.py:830} INFO - Processing file /home/airflow/.local/lib/python3.12/site-packages/airflow/example_dags/example_dynamic_task_mapping.py for tasks to queue
[2025-08-19T03:31:32.426+0000] {logging_mixin.py:188} INFO - [2025-08-19T03:31:32.426+0000] {dagbag.py:545} INFO - Filling up the DagBag from /home/airflow/.local/lib/python3.12/site-packages/airflow/example_dags/example_dynamic_task_mapping.py
[2025-08-19T03:31:32.435+0000] {processor.py:840} INFO - DAG(s) 'example_dynamic_task_mapping' retrieved from /home/airflow/.local/lib/python3.12/site-packages/airflow/example_dags/example_dynamic_task_mapping.py
[2025-08-19T03:31:32.458+0000] {logging_mixin.py:188} INFO - [2025-08-19T03:31:32.458+0000] {dag.py:3096} INFO - Sync 1 DAGs
[2025-08-19T03:31:32.481+0000] {logging_mixin.py:188} INFO - [2025-08-19T03:31:32.481+0000] {dag.py:3954} INFO - Setting next_dagrun for example_dynamic_task_mapping to 2022-03-04 00:00:00+00:00, run_after=2022-03-05 00:00:00+00:00
[2025-08-19T03:31:32.509+0000] {processor.py:183} INFO - Processing /home/airflow/.local/lib/python3.12/site-packages/airflow/example_dags/example_dynamic_task_mapping.py took 0.092 seconds
[2025-08-19T03:32:02.582+0000] {processor.py:161} INFO - Started process (PID=24547) to work on /home/airflow/.local/lib/python3.12/site-packages/airflow/example_dags/example_dynamic_task_mapping.py
[2025-08-19T03:32:02.585+0000] {processor.py:830} INFO - Processing file /home/airflow/.local/lib/python3.12/site-packages/airflow/example_dags/example_dynamic_task_mapping.py for tasks to queue
[2025-08-19T03:32:02.586+0000] {logging_mixin.py:188} INFO - [2025-08-19T03:32:02.586+0000] {dagbag.py:545} INFO - Filling up the DagBag from /home/airflow/.local/lib/python3.12/site-packages/airflow/example_dags/example_dynamic_task_mapping.py
[2025-08-19T03:32:02.598+0000] {processor.py:840} INFO - DAG(s) 'example_dynamic_task_mapping' retrieved from /home/airflow/.local/lib/python3.12/site-packages/airflow/example_dags/example_dynamic_task_mapping.py
[2025-08-19T03:32:02.624+0000] {logging_mixin.py:188} INFO - [2025-08-19T03:32:02.624+0000] {dag.py:3096} INFO - Sync 1 DAGs
[2025-08-19T03:32:02.648+0000] {logging_mixin.py:188} INFO - [2025-08-19T03:32:02.648+0000] {dag.py:3954} INFO - Setting next_dagrun for example_dynamic_task_mapping to 2022-03-04 00:00:00+00:00, run_after=2022-03-05 00:00:00+00:00
[2025-08-19T03:32:02.674+0000] {processor.py:183} INFO - Processing /home/airflow/.local/lib/python3.12/site-packages/airflow/example_dags/example_dynamic_task_mapping.py took 0.099 seconds
[2025-08-19T03:32:32.729+0000] {processor.py:161} INFO - Started process (PID=24600) to work on /home/airflow/.local/lib/python3.12/site-packages/airflow/example_dags/example_dynamic_task_mapping.py
[2025-08-19T03:32:32.731+0000] {processor.py:830} INFO - Processing file /home/airflow/.local/lib/python3.12/site-packages/airflow/example_dags/example_dynamic_task_mapping.py for tasks to queue
[2025-08-19T03:32:32.733+0000] {logging_mixin.py:188} INFO - [2025-08-19T03:32:32.733+0000] {dagbag.py:545} INFO - Filling up the DagBag from /home/airflow/.local/lib/python3.12/site-packages/airflow/example_dags/example_dynamic_task_mapping.py
[2025-08-19T03:32:32.743+0000] {processor.py:840} INFO - DAG(s) 'example_dynamic_task_mapping' retrieved from /home/airflow/.local/lib/python3.12/site-packages/airflow/example_dags/example_dynamic_task_mapping.py
[2025-08-19T03:32:32.773+0000] {logging_mixin.py:188} INFO - [2025-08-19T03:32:32.773+0000] {dag.py:3096} INFO - Sync 1 DAGs
[2025-08-19T03:32:32.796+0000] {logging_mixin.py:188} INFO - [2025-08-19T03:32:32.796+0000] {dag.py:3954} INFO - Setting next_dagrun for example_dynamic_task_mapping to 2022-03-04 00:00:00+00:00, run_after=2022-03-05 00:00:00+00:00
[2025-08-19T03:32:32.824+0000] {processor.py:183} INFO - Processing /home/airflow/.local/lib/python3.12/site-packages/airflow/example_dags/example_dynamic_task_mapping.py took 0.102 seconds
[2025-08-19T03:33:03.119+0000] {processor.py:161} INFO - Started process (PID=24653) to work on /home/airflow/.local/lib/python3.12/site-packages/airflow/example_dags/example_dynamic_task_mapping.py
[2025-08-19T03:33:03.123+0000] {processor.py:830} INFO - Processing file /home/airflow/.local/lib/python3.12/site-packages/airflow/example_dags/example_dynamic_task_mapping.py for tasks to queue
[2025-08-19T03:33:03.126+0000] {logging_mixin.py:188} INFO - [2025-08-19T03:33:03.125+0000] {dagbag.py:545} INFO - Filling up the DagBag from /home/airflow/.local/lib/python3.12/site-packages/airflow/example_dags/example_dynamic_task_mapping.py
[2025-08-19T03:33:03.145+0000] {processor.py:840} INFO - DAG(s) 'example_dynamic_task_mapping' retrieved from /home/airflow/.local/lib/python3.12/site-packages/airflow/example_dags/example_dynamic_task_mapping.py
[2025-08-19T03:33:03.199+0000] {logging_mixin.py:188} INFO - [2025-08-19T03:33:03.198+0000] {dag.py:3096} INFO - Sync 1 DAGs
[2025-08-19T03:33:03.262+0000] {logging_mixin.py:188} INFO - [2025-08-19T03:33:03.261+0000] {dag.py:3954} INFO - Setting next_dagrun for example_dynamic_task_mapping to 2022-03-04 00:00:00+00:00, run_after=2022-03-05 00:00:00+00:00
[2025-08-19T03:33:03.330+0000] {processor.py:183} INFO - Processing /home/airflow/.local/lib/python3.12/site-packages/airflow/example_dags/example_dynamic_task_mapping.py took 0.223 seconds
[2025-08-19T03:33:38.517+0000] {processor.py:161} INFO - Started process (PID=24706) to work on /home/airflow/.local/lib/python3.12/site-packages/airflow/example_dags/example_dynamic_task_mapping.py
[2025-08-19T03:33:38.521+0000] {processor.py:830} INFO - Processing file /home/airflow/.local/lib/python3.12/site-packages/airflow/example_dags/example_dynamic_task_mapping.py for tasks to queue
[2025-08-19T03:33:38.524+0000] {logging_mixin.py:188} INFO - [2025-08-19T03:33:38.523+0000] {dagbag.py:545} INFO - Filling up the DagBag from /home/airflow/.local/lib/python3.12/site-packages/airflow/example_dags/example_dynamic_task_mapping.py
[2025-08-19T03:33:38.565+0000] {processor.py:840} INFO - DAG(s) 'example_dynamic_task_mapping' retrieved from /home/airflow/.local/lib/python3.12/site-packages/airflow/example_dags/example_dynamic_task_mapping.py
[2025-08-19T03:33:38.702+0000] {logging_mixin.py:188} INFO - [2025-08-19T03:33:38.699+0000] {dag.py:3096} INFO - Sync 1 DAGs
[2025-08-19T03:33:38.788+0000] {logging_mixin.py:188} INFO - [2025-08-19T03:33:38.787+0000] {dag.py:3954} INFO - Setting next_dagrun for example_dynamic_task_mapping to 2022-03-04 00:00:00+00:00, run_after=2022-03-05 00:00:00+00:00
[2025-08-19T03:33:38.912+0000] {processor.py:183} INFO - Processing /home/airflow/.local/lib/python3.12/site-packages/airflow/example_dags/example_dynamic_task_mapping.py took 0.426 seconds
[2025-08-19T03:34:09.164+0000] {processor.py:161} INFO - Started process (PID=24759) to work on /home/airflow/.local/lib/python3.12/site-packages/airflow/example_dags/example_dynamic_task_mapping.py
[2025-08-19T03:34:09.166+0000] {processor.py:830} INFO - Processing file /home/airflow/.local/lib/python3.12/site-packages/airflow/example_dags/example_dynamic_task_mapping.py for tasks to queue
[2025-08-19T03:34:09.167+0000] {logging_mixin.py:188} INFO - [2025-08-19T03:34:09.166+0000] {dagbag.py:545} INFO - Filling up the DagBag from /home/airflow/.local/lib/python3.12/site-packages/airflow/example_dags/example_dynamic_task_mapping.py
[2025-08-19T03:34:09.177+0000] {processor.py:840} INFO - DAG(s) 'example_dynamic_task_mapping' retrieved from /home/airflow/.local/lib/python3.12/site-packages/airflow/example_dags/example_dynamic_task_mapping.py
[2025-08-19T03:34:09.206+0000] {logging_mixin.py:188} INFO - [2025-08-19T03:34:09.206+0000] {dag.py:3096} INFO - Sync 1 DAGs
[2025-08-19T03:34:09.235+0000] {logging_mixin.py:188} INFO - [2025-08-19T03:34:09.234+0000] {dag.py:3954} INFO - Setting next_dagrun for example_dynamic_task_mapping to 2022-03-04 00:00:00+00:00, run_after=2022-03-05 00:00:00+00:00
[2025-08-19T03:34:09.262+0000] {processor.py:183} INFO - Processing /home/airflow/.local/lib/python3.12/site-packages/airflow/example_dags/example_dynamic_task_mapping.py took 0.107 seconds
[2025-08-19T03:34:39.739+0000] {processor.py:161} INFO - Started process (PID=24812) to work on /home/airflow/.local/lib/python3.12/site-packages/airflow/example_dags/example_dynamic_task_mapping.py
[2025-08-19T03:34:39.742+0000] {processor.py:830} INFO - Processing file /home/airflow/.local/lib/python3.12/site-packages/airflow/example_dags/example_dynamic_task_mapping.py for tasks to queue
[2025-08-19T03:34:39.745+0000] {logging_mixin.py:188} INFO - [2025-08-19T03:34:39.744+0000] {dagbag.py:545} INFO - Filling up the DagBag from /home/airflow/.local/lib/python3.12/site-packages/airflow/example_dags/example_dynamic_task_mapping.py
[2025-08-19T03:34:39.760+0000] {processor.py:840} INFO - DAG(s) 'example_dynamic_task_mapping' retrieved from /home/airflow/.local/lib/python3.12/site-packages/airflow/example_dags/example_dynamic_task_mapping.py
[2025-08-19T03:34:39.790+0000] {logging_mixin.py:188} INFO - [2025-08-19T03:34:39.789+0000] {dag.py:3096} INFO - Sync 1 DAGs
[2025-08-19T03:34:39.817+0000] {logging_mixin.py:188} INFO - [2025-08-19T03:34:39.817+0000] {dag.py:3954} INFO - Setting next_dagrun for example_dynamic_task_mapping to 2022-03-04 00:00:00+00:00, run_after=2022-03-05 00:00:00+00:00
[2025-08-19T03:34:39.861+0000] {processor.py:183} INFO - Processing /home/airflow/.local/lib/python3.12/site-packages/airflow/example_dags/example_dynamic_task_mapping.py took 0.136 seconds
[2025-08-19T03:35:10.897+0000] {processor.py:161} INFO - Started process (PID=24865) to work on /home/airflow/.local/lib/python3.12/site-packages/airflow/example_dags/example_dynamic_task_mapping.py
[2025-08-19T03:35:10.899+0000] {processor.py:830} INFO - Processing file /home/airflow/.local/lib/python3.12/site-packages/airflow/example_dags/example_dynamic_task_mapping.py for tasks to queue
[2025-08-19T03:35:10.901+0000] {logging_mixin.py:188} INFO - [2025-08-19T03:35:10.900+0000] {dagbag.py:545} INFO - Filling up the DagBag from /home/airflow/.local/lib/python3.12/site-packages/airflow/example_dags/example_dynamic_task_mapping.py
[2025-08-19T03:35:10.914+0000] {processor.py:840} INFO - DAG(s) 'example_dynamic_task_mapping' retrieved from /home/airflow/.local/lib/python3.12/site-packages/airflow/example_dags/example_dynamic_task_mapping.py
[2025-08-19T03:35:10.941+0000] {logging_mixin.py:188} INFO - [2025-08-19T03:35:10.941+0000] {dag.py:3096} INFO - Sync 1 DAGs
[2025-08-19T03:35:10.975+0000] {logging_mixin.py:188} INFO - [2025-08-19T03:35:10.975+0000] {dag.py:3954} INFO - Setting next_dagrun for example_dynamic_task_mapping to 2022-03-04 00:00:00+00:00, run_after=2022-03-05 00:00:00+00:00
[2025-08-19T03:35:11.003+0000] {processor.py:183} INFO - Processing /home/airflow/.local/lib/python3.12/site-packages/airflow/example_dags/example_dynamic_task_mapping.py took 0.115 seconds
[2025-08-19T03:35:41.589+0000] {processor.py:161} INFO - Started process (PID=24918) to work on /home/airflow/.local/lib/python3.12/site-packages/airflow/example_dags/example_dynamic_task_mapping.py
[2025-08-19T03:35:41.592+0000] {processor.py:830} INFO - Processing file /home/airflow/.local/lib/python3.12/site-packages/airflow/example_dags/example_dynamic_task_mapping.py for tasks to queue
[2025-08-19T03:35:41.594+0000] {logging_mixin.py:188} INFO - [2025-08-19T03:35:41.593+0000] {dagbag.py:545} INFO - Filling up the DagBag from /home/airflow/.local/lib/python3.12/site-packages/airflow/example_dags/example_dynamic_task_mapping.py
[2025-08-19T03:35:41.607+0000] {processor.py:840} INFO - DAG(s) 'example_dynamic_task_mapping' retrieved from /home/airflow/.local/lib/python3.12/site-packages/airflow/example_dags/example_dynamic_task_mapping.py
[2025-08-19T03:35:41.637+0000] {logging_mixin.py:188} INFO - [2025-08-19T03:35:41.637+0000] {dag.py:3096} INFO - Sync 1 DAGs
[2025-08-19T03:35:41.667+0000] {logging_mixin.py:188} INFO - [2025-08-19T03:35:41.667+0000] {dag.py:3954} INFO - Setting next_dagrun for example_dynamic_task_mapping to 2022-03-04 00:00:00+00:00, run_after=2022-03-05 00:00:00+00:00
[2025-08-19T03:35:41.698+0000] {processor.py:183} INFO - Processing /home/airflow/.local/lib/python3.12/site-packages/airflow/example_dags/example_dynamic_task_mapping.py took 0.119 seconds
[2025-08-19T03:36:12.028+0000] {processor.py:161} INFO - Started process (PID=24971) to work on /home/airflow/.local/lib/python3.12/site-packages/airflow/example_dags/example_dynamic_task_mapping.py
[2025-08-19T03:36:12.030+0000] {processor.py:830} INFO - Processing file /home/airflow/.local/lib/python3.12/site-packages/airflow/example_dags/example_dynamic_task_mapping.py for tasks to queue
[2025-08-19T03:36:12.031+0000] {logging_mixin.py:188} INFO - [2025-08-19T03:36:12.030+0000] {dagbag.py:545} INFO - Filling up the DagBag from /home/airflow/.local/lib/python3.12/site-packages/airflow/example_dags/example_dynamic_task_mapping.py
[2025-08-19T03:36:12.041+0000] {processor.py:840} INFO - DAG(s) 'example_dynamic_task_mapping' retrieved from /home/airflow/.local/lib/python3.12/site-packages/airflow/example_dags/example_dynamic_task_mapping.py
[2025-08-19T03:36:12.064+0000] {logging_mixin.py:188} INFO - [2025-08-19T03:36:12.064+0000] {dag.py:3096} INFO - Sync 1 DAGs
[2025-08-19T03:36:12.091+0000] {logging_mixin.py:188} INFO - [2025-08-19T03:36:12.091+0000] {dag.py:3954} INFO - Setting next_dagrun for example_dynamic_task_mapping to 2022-03-04 00:00:00+00:00, run_after=2022-03-05 00:00:00+00:00
[2025-08-19T03:36:12.120+0000] {processor.py:183} INFO - Processing /home/airflow/.local/lib/python3.12/site-packages/airflow/example_dags/example_dynamic_task_mapping.py took 0.098 seconds
[2025-08-19T03:36:42.357+0000] {processor.py:161} INFO - Started process (PID=25024) to work on /home/airflow/.local/lib/python3.12/site-packages/airflow/example_dags/example_dynamic_task_mapping.py
[2025-08-19T03:36:42.358+0000] {processor.py:830} INFO - Processing file /home/airflow/.local/lib/python3.12/site-packages/airflow/example_dags/example_dynamic_task_mapping.py for tasks to queue
[2025-08-19T03:36:42.360+0000] {logging_mixin.py:188} INFO - [2025-08-19T03:36:42.359+0000] {dagbag.py:545} INFO - Filling up the DagBag from /home/airflow/.local/lib/python3.12/site-packages/airflow/example_dags/example_dynamic_task_mapping.py
[2025-08-19T03:36:42.370+0000] {processor.py:840} INFO - DAG(s) 'example_dynamic_task_mapping' retrieved from /home/airflow/.local/lib/python3.12/site-packages/airflow/example_dags/example_dynamic_task_mapping.py
[2025-08-19T03:36:42.396+0000] {logging_mixin.py:188} INFO - [2025-08-19T03:36:42.396+0000] {dag.py:3096} INFO - Sync 1 DAGs
[2025-08-19T03:36:42.422+0000] {logging_mixin.py:188} INFO - [2025-08-19T03:36:42.422+0000] {dag.py:3954} INFO - Setting next_dagrun for example_dynamic_task_mapping to 2022-03-04 00:00:00+00:00, run_after=2022-03-05 00:00:00+00:00
[2025-08-19T03:36:42.464+0000] {processor.py:183} INFO - Processing /home/airflow/.local/lib/python3.12/site-packages/airflow/example_dags/example_dynamic_task_mapping.py took 0.115 seconds
[2025-08-19T03:37:13.110+0000] {processor.py:161} INFO - Started process (PID=25077) to work on /home/airflow/.local/lib/python3.12/site-packages/airflow/example_dags/example_dynamic_task_mapping.py
[2025-08-19T03:37:13.111+0000] {processor.py:830} INFO - Processing file /home/airflow/.local/lib/python3.12/site-packages/airflow/example_dags/example_dynamic_task_mapping.py for tasks to queue
[2025-08-19T03:37:13.113+0000] {logging_mixin.py:188} INFO - [2025-08-19T03:37:13.112+0000] {dagbag.py:545} INFO - Filling up the DagBag from /home/airflow/.local/lib/python3.12/site-packages/airflow/example_dags/example_dynamic_task_mapping.py
[2025-08-19T03:37:13.122+0000] {processor.py:840} INFO - DAG(s) 'example_dynamic_task_mapping' retrieved from /home/airflow/.local/lib/python3.12/site-packages/airflow/example_dags/example_dynamic_task_mapping.py
[2025-08-19T03:37:13.145+0000] {logging_mixin.py:188} INFO - [2025-08-19T03:37:13.145+0000] {dag.py:3096} INFO - Sync 1 DAGs
[2025-08-19T03:37:13.172+0000] {logging_mixin.py:188} INFO - [2025-08-19T03:37:13.172+0000] {dag.py:3954} INFO - Setting next_dagrun for example_dynamic_task_mapping to 2022-03-04 00:00:00+00:00, run_after=2022-03-05 00:00:00+00:00
[2025-08-19T03:37:13.198+0000] {processor.py:183} INFO - Processing /home/airflow/.local/lib/python3.12/site-packages/airflow/example_dags/example_dynamic_task_mapping.py took 0.099 seconds
