[2025-08-19T03:09:57.860+0000] {processor.py:161} INFO - Started process (PID=22234) to work on /home/airflow/.local/lib/python3.12/site-packages/airflow/example_dags/example_sensor_decorator.py
[2025-08-19T03:09:57.879+0000] {processor.py:830} INFO - Processing file /home/airflow/.local/lib/python3.12/site-packages/airflow/example_dags/example_sensor_decorator.py for tasks to queue
[2025-08-19T03:09:57.894+0000] {logging_mixin.py:188} INFO - [2025-08-19T03:09:57.892+0000] {dagbag.py:545} INFO - Filling up the DagBag from /home/airflow/.local/lib/python3.12/site-packages/airflow/example_dags/example_sensor_decorator.py
[2025-08-19T03:09:57.957+0000] {processor.py:840} INFO - DAG(s) 'example_sensor_decorator' retrieved from /home/airflow/.local/lib/python3.12/site-packages/airflow/example_dags/example_sensor_decorator.py
[2025-08-19T03:09:58.107+0000] {logging_mixin.py:188} INFO - [2025-08-19T03:09:58.106+0000] {dag.py:3096} INFO - Sync 1 DAGs
[2025-08-19T03:09:58.232+0000] {logging_mixin.py:188} INFO - [2025-08-19T03:09:58.231+0000] {dag.py:3954} INFO - Setting next_dagrun for example_sensor_decorator to None, run_after=None
[2025-08-19T03:09:58.436+0000] {processor.py:183} INFO - Processing /home/airflow/.local/lib/python3.12/site-packages/airflow/example_dags/example_sensor_decorator.py took 0.608 seconds
[2025-08-19T03:10:28.754+0000] {processor.py:161} INFO - Started process (PID=22287) to work on /home/airflow/.local/lib/python3.12/site-packages/airflow/example_dags/example_sensor_decorator.py
[2025-08-19T03:10:28.755+0000] {processor.py:830} INFO - Processing file /home/airflow/.local/lib/python3.12/site-packages/airflow/example_dags/example_sensor_decorator.py for tasks to queue
[2025-08-19T03:10:28.756+0000] {logging_mixin.py:188} INFO - [2025-08-19T03:10:28.756+0000] {dagbag.py:545} INFO - Filling up the DagBag from /home/airflow/.local/lib/python3.12/site-packages/airflow/example_dags/example_sensor_decorator.py
[2025-08-19T03:10:28.765+0000] {processor.py:840} INFO - DAG(s) 'example_sensor_decorator' retrieved from /home/airflow/.local/lib/python3.12/site-packages/airflow/example_dags/example_sensor_decorator.py
[2025-08-19T03:10:28.790+0000] {logging_mixin.py:188} INFO - [2025-08-19T03:10:28.790+0000] {dag.py:3096} INFO - Sync 1 DAGs
[2025-08-19T03:10:28.803+0000] {logging_mixin.py:188} INFO - [2025-08-19T03:10:28.803+0000] {dag.py:3954} INFO - Setting next_dagrun for example_sensor_decorator to None, run_after=None
[2025-08-19T03:10:28.827+0000] {processor.py:183} INFO - Processing /home/airflow/.local/lib/python3.12/site-packages/airflow/example_dags/example_sensor_decorator.py took 0.081 seconds
[2025-08-19T03:10:59.372+0000] {processor.py:161} INFO - Started process (PID=22340) to work on /home/airflow/.local/lib/python3.12/site-packages/airflow/example_dags/example_sensor_decorator.py
[2025-08-19T03:10:59.375+0000] {processor.py:830} INFO - Processing file /home/airflow/.local/lib/python3.12/site-packages/airflow/example_dags/example_sensor_decorator.py for tasks to queue
[2025-08-19T03:10:59.378+0000] {logging_mixin.py:188} INFO - [2025-08-19T03:10:59.377+0000] {dagbag.py:545} INFO - Filling up the DagBag from /home/airflow/.local/lib/python3.12/site-packages/airflow/example_dags/example_sensor_decorator.py
[2025-08-19T03:10:59.397+0000] {processor.py:840} INFO - DAG(s) 'example_sensor_decorator' retrieved from /home/airflow/.local/lib/python3.12/site-packages/airflow/example_dags/example_sensor_decorator.py
[2025-08-19T03:10:59.434+0000] {logging_mixin.py:188} INFO - [2025-08-19T03:10:59.434+0000] {dag.py:3096} INFO - Sync 1 DAGs
[2025-08-19T03:10:59.449+0000] {logging_mixin.py:188} INFO - [2025-08-19T03:10:59.449+0000] {dag.py:3954} INFO - Setting next_dagrun for example_sensor_decorator to None, run_after=None
[2025-08-19T03:10:59.475+0000] {processor.py:183} INFO - Processing /home/airflow/.local/lib/python3.12/site-packages/airflow/example_dags/example_sensor_decorator.py took 0.115 seconds
[2025-08-19T03:11:29.980+0000] {processor.py:161} INFO - Started process (PID=22393) to work on /home/airflow/.local/lib/python3.12/site-packages/airflow/example_dags/example_sensor_decorator.py
[2025-08-19T03:11:29.982+0000] {processor.py:830} INFO - Processing file /home/airflow/.local/lib/python3.12/site-packages/airflow/example_dags/example_sensor_decorator.py for tasks to queue
[2025-08-19T03:11:29.983+0000] {logging_mixin.py:188} INFO - [2025-08-19T03:11:29.982+0000] {dagbag.py:545} INFO - Filling up the DagBag from /home/airflow/.local/lib/python3.12/site-packages/airflow/example_dags/example_sensor_decorator.py
[2025-08-19T03:11:29.990+0000] {processor.py:840} INFO - DAG(s) 'example_sensor_decorator' retrieved from /home/airflow/.local/lib/python3.12/site-packages/airflow/example_dags/example_sensor_decorator.py
[2025-08-19T03:11:30.017+0000] {logging_mixin.py:188} INFO - [2025-08-19T03:11:30.017+0000] {dag.py:3096} INFO - Sync 1 DAGs
[2025-08-19T03:11:30.033+0000] {logging_mixin.py:188} INFO - [2025-08-19T03:11:30.032+0000] {dag.py:3954} INFO - Setting next_dagrun for example_sensor_decorator to None, run_after=None
[2025-08-19T03:11:30.059+0000] {processor.py:183} INFO - Processing /home/airflow/.local/lib/python3.12/site-packages/airflow/example_dags/example_sensor_decorator.py took 0.086 seconds
[2025-08-19T03:12:00.435+0000] {processor.py:161} INFO - Started process (PID=22446) to work on /home/airflow/.local/lib/python3.12/site-packages/airflow/example_dags/example_sensor_decorator.py
[2025-08-19T03:12:00.436+0000] {processor.py:830} INFO - Processing file /home/airflow/.local/lib/python3.12/site-packages/airflow/example_dags/example_sensor_decorator.py for tasks to queue
[2025-08-19T03:12:00.437+0000] {logging_mixin.py:188} INFO - [2025-08-19T03:12:00.437+0000] {dagbag.py:545} INFO - Filling up the DagBag from /home/airflow/.local/lib/python3.12/site-packages/airflow/example_dags/example_sensor_decorator.py
[2025-08-19T03:12:00.444+0000] {processor.py:840} INFO - DAG(s) 'example_sensor_decorator' retrieved from /home/airflow/.local/lib/python3.12/site-packages/airflow/example_dags/example_sensor_decorator.py
[2025-08-19T03:12:00.471+0000] {logging_mixin.py:188} INFO - [2025-08-19T03:12:00.471+0000] {dag.py:3096} INFO - Sync 1 DAGs
[2025-08-19T03:12:00.485+0000] {logging_mixin.py:188} INFO - [2025-08-19T03:12:00.485+0000] {dag.py:3954} INFO - Setting next_dagrun for example_sensor_decorator to None, run_after=None
[2025-08-19T03:12:00.513+0000] {processor.py:183} INFO - Processing /home/airflow/.local/lib/python3.12/site-packages/airflow/example_dags/example_sensor_decorator.py took 0.084 seconds
[2025-08-19T03:12:30.956+0000] {processor.py:161} INFO - Started process (PID=22499) to work on /home/airflow/.local/lib/python3.12/site-packages/airflow/example_dags/example_sensor_decorator.py
[2025-08-19T03:12:30.957+0000] {processor.py:830} INFO - Processing file /home/airflow/.local/lib/python3.12/site-packages/airflow/example_dags/example_sensor_decorator.py for tasks to queue
[2025-08-19T03:12:30.959+0000] {logging_mixin.py:188} INFO - [2025-08-19T03:12:30.959+0000] {dagbag.py:545} INFO - Filling up the DagBag from /home/airflow/.local/lib/python3.12/site-packages/airflow/example_dags/example_sensor_decorator.py
[2025-08-19T03:12:30.965+0000] {processor.py:840} INFO - DAG(s) 'example_sensor_decorator' retrieved from /home/airflow/.local/lib/python3.12/site-packages/airflow/example_dags/example_sensor_decorator.py
[2025-08-19T03:12:30.989+0000] {logging_mixin.py:188} INFO - [2025-08-19T03:12:30.989+0000] {dag.py:3096} INFO - Sync 1 DAGs
[2025-08-19T03:12:31.001+0000] {logging_mixin.py:188} INFO - [2025-08-19T03:12:31.001+0000] {dag.py:3954} INFO - Setting next_dagrun for example_sensor_decorator to None, run_after=None
[2025-08-19T03:12:31.031+0000] {processor.py:183} INFO - Processing /home/airflow/.local/lib/python3.12/site-packages/airflow/example_dags/example_sensor_decorator.py took 0.082 seconds
[2025-08-19T03:13:01.619+0000] {processor.py:161} INFO - Started process (PID=22552) to work on /home/airflow/.local/lib/python3.12/site-packages/airflow/example_dags/example_sensor_decorator.py
[2025-08-19T03:13:01.621+0000] {processor.py:830} INFO - Processing file /home/airflow/.local/lib/python3.12/site-packages/airflow/example_dags/example_sensor_decorator.py for tasks to queue
[2025-08-19T03:13:01.623+0000] {logging_mixin.py:188} INFO - [2025-08-19T03:13:01.623+0000] {dagbag.py:545} INFO - Filling up the DagBag from /home/airflow/.local/lib/python3.12/site-packages/airflow/example_dags/example_sensor_decorator.py
[2025-08-19T03:13:01.630+0000] {processor.py:840} INFO - DAG(s) 'example_sensor_decorator' retrieved from /home/airflow/.local/lib/python3.12/site-packages/airflow/example_dags/example_sensor_decorator.py
[2025-08-19T03:13:01.654+0000] {logging_mixin.py:188} INFO - [2025-08-19T03:13:01.654+0000] {dag.py:3096} INFO - Sync 1 DAGs
[2025-08-19T03:13:01.669+0000] {logging_mixin.py:188} INFO - [2025-08-19T03:13:01.669+0000] {dag.py:3954} INFO - Setting next_dagrun for example_sensor_decorator to None, run_after=None
[2025-08-19T03:13:01.702+0000] {processor.py:183} INFO - Processing /home/airflow/.local/lib/python3.12/site-packages/airflow/example_dags/example_sensor_decorator.py took 0.089 seconds
[2025-08-19T03:13:32.466+0000] {processor.py:161} INFO - Started process (PID=22605) to work on /home/airflow/.local/lib/python3.12/site-packages/airflow/example_dags/example_sensor_decorator.py
[2025-08-19T03:13:32.467+0000] {processor.py:830} INFO - Processing file /home/airflow/.local/lib/python3.12/site-packages/airflow/example_dags/example_sensor_decorator.py for tasks to queue
[2025-08-19T03:13:32.468+0000] {logging_mixin.py:188} INFO - [2025-08-19T03:13:32.468+0000] {dagbag.py:545} INFO - Filling up the DagBag from /home/airflow/.local/lib/python3.12/site-packages/airflow/example_dags/example_sensor_decorator.py
[2025-08-19T03:13:32.475+0000] {processor.py:840} INFO - DAG(s) 'example_sensor_decorator' retrieved from /home/airflow/.local/lib/python3.12/site-packages/airflow/example_dags/example_sensor_decorator.py
[2025-08-19T03:13:32.500+0000] {logging_mixin.py:188} INFO - [2025-08-19T03:13:32.500+0000] {dag.py:3096} INFO - Sync 1 DAGs
[2025-08-19T03:13:32.520+0000] {logging_mixin.py:188} INFO - [2025-08-19T03:13:32.520+0000] {dag.py:3954} INFO - Setting next_dagrun for example_sensor_decorator to None, run_after=None
[2025-08-19T03:13:32.551+0000] {processor.py:183} INFO - Processing /home/airflow/.local/lib/python3.12/site-packages/airflow/example_dags/example_sensor_decorator.py took 0.091 seconds
[2025-08-19T03:14:03.287+0000] {processor.py:161} INFO - Started process (PID=22658) to work on /home/airflow/.local/lib/python3.12/site-packages/airflow/example_dags/example_sensor_decorator.py
[2025-08-19T03:14:03.288+0000] {processor.py:830} INFO - Processing file /home/airflow/.local/lib/python3.12/site-packages/airflow/example_dags/example_sensor_decorator.py for tasks to queue
[2025-08-19T03:14:03.290+0000] {logging_mixin.py:188} INFO - [2025-08-19T03:14:03.289+0000] {dagbag.py:545} INFO - Filling up the DagBag from /home/airflow/.local/lib/python3.12/site-packages/airflow/example_dags/example_sensor_decorator.py
[2025-08-19T03:14:03.297+0000] {processor.py:840} INFO - DAG(s) 'example_sensor_decorator' retrieved from /home/airflow/.local/lib/python3.12/site-packages/airflow/example_dags/example_sensor_decorator.py
[2025-08-19T03:14:03.322+0000] {logging_mixin.py:188} INFO - [2025-08-19T03:14:03.322+0000] {dag.py:3096} INFO - Sync 1 DAGs
[2025-08-19T03:14:03.337+0000] {logging_mixin.py:188} INFO - [2025-08-19T03:14:03.337+0000] {dag.py:3954} INFO - Setting next_dagrun for example_sensor_decorator to None, run_after=None
[2025-08-19T03:14:03.373+0000] {processor.py:183} INFO - Processing /home/airflow/.local/lib/python3.12/site-packages/airflow/example_dags/example_sensor_decorator.py took 0.092 seconds
[2025-08-19T03:14:34.082+0000] {processor.py:161} INFO - Started process (PID=22711) to work on /home/airflow/.local/lib/python3.12/site-packages/airflow/example_dags/example_sensor_decorator.py
[2025-08-19T03:14:34.083+0000] {processor.py:830} INFO - Processing file /home/airflow/.local/lib/python3.12/site-packages/airflow/example_dags/example_sensor_decorator.py for tasks to queue
[2025-08-19T03:14:34.084+0000] {logging_mixin.py:188} INFO - [2025-08-19T03:14:34.084+0000] {dagbag.py:545} INFO - Filling up the DagBag from /home/airflow/.local/lib/python3.12/site-packages/airflow/example_dags/example_sensor_decorator.py
[2025-08-19T03:14:34.091+0000] {processor.py:840} INFO - DAG(s) 'example_sensor_decorator' retrieved from /home/airflow/.local/lib/python3.12/site-packages/airflow/example_dags/example_sensor_decorator.py
[2025-08-19T03:14:34.115+0000] {logging_mixin.py:188} INFO - [2025-08-19T03:14:34.115+0000] {dag.py:3096} INFO - Sync 1 DAGs
[2025-08-19T03:14:34.129+0000] {logging_mixin.py:188} INFO - [2025-08-19T03:14:34.129+0000] {dag.py:3954} INFO - Setting next_dagrun for example_sensor_decorator to None, run_after=None
[2025-08-19T03:14:34.154+0000] {processor.py:183} INFO - Processing /home/airflow/.local/lib/python3.12/site-packages/airflow/example_dags/example_sensor_decorator.py took 0.081 seconds
[2025-08-19T03:15:04.861+0000] {processor.py:161} INFO - Started process (PID=22764) to work on /home/airflow/.local/lib/python3.12/site-packages/airflow/example_dags/example_sensor_decorator.py
[2025-08-19T03:15:04.863+0000] {processor.py:830} INFO - Processing file /home/airflow/.local/lib/python3.12/site-packages/airflow/example_dags/example_sensor_decorator.py for tasks to queue
[2025-08-19T03:15:04.864+0000] {logging_mixin.py:188} INFO - [2025-08-19T03:15:04.864+0000] {dagbag.py:545} INFO - Filling up the DagBag from /home/airflow/.local/lib/python3.12/site-packages/airflow/example_dags/example_sensor_decorator.py
[2025-08-19T03:15:04.870+0000] {processor.py:840} INFO - DAG(s) 'example_sensor_decorator' retrieved from /home/airflow/.local/lib/python3.12/site-packages/airflow/example_dags/example_sensor_decorator.py
[2025-08-19T03:15:04.897+0000] {logging_mixin.py:188} INFO - [2025-08-19T03:15:04.896+0000] {dag.py:3096} INFO - Sync 1 DAGs
[2025-08-19T03:15:04.910+0000] {logging_mixin.py:188} INFO - [2025-08-19T03:15:04.909+0000] {dag.py:3954} INFO - Setting next_dagrun for example_sensor_decorator to None, run_after=None
[2025-08-19T03:15:04.938+0000] {processor.py:183} INFO - Processing /home/airflow/.local/lib/python3.12/site-packages/airflow/example_dags/example_sensor_decorator.py took 0.084 seconds
[2025-08-19T03:15:35.722+0000] {processor.py:161} INFO - Started process (PID=22817) to work on /home/airflow/.local/lib/python3.12/site-packages/airflow/example_dags/example_sensor_decorator.py
[2025-08-19T03:15:35.724+0000] {processor.py:830} INFO - Processing file /home/airflow/.local/lib/python3.12/site-packages/airflow/example_dags/example_sensor_decorator.py for tasks to queue
[2025-08-19T03:15:35.725+0000] {logging_mixin.py:188} INFO - [2025-08-19T03:15:35.725+0000] {dagbag.py:545} INFO - Filling up the DagBag from /home/airflow/.local/lib/python3.12/site-packages/airflow/example_dags/example_sensor_decorator.py
[2025-08-19T03:15:35.732+0000] {processor.py:840} INFO - DAG(s) 'example_sensor_decorator' retrieved from /home/airflow/.local/lib/python3.12/site-packages/airflow/example_dags/example_sensor_decorator.py
[2025-08-19T03:15:35.756+0000] {logging_mixin.py:188} INFO - [2025-08-19T03:15:35.755+0000] {dag.py:3096} INFO - Sync 1 DAGs
[2025-08-19T03:15:35.770+0000] {logging_mixin.py:188} INFO - [2025-08-19T03:15:35.770+0000] {dag.py:3954} INFO - Setting next_dagrun for example_sensor_decorator to None, run_after=None
[2025-08-19T03:15:35.800+0000] {processor.py:183} INFO - Processing /home/airflow/.local/lib/python3.12/site-packages/airflow/example_dags/example_sensor_decorator.py took 0.083 seconds
[2025-08-19T03:16:06.468+0000] {processor.py:161} INFO - Started process (PID=22870) to work on /home/airflow/.local/lib/python3.12/site-packages/airflow/example_dags/example_sensor_decorator.py
[2025-08-19T03:16:06.470+0000] {processor.py:830} INFO - Processing file /home/airflow/.local/lib/python3.12/site-packages/airflow/example_dags/example_sensor_decorator.py for tasks to queue
[2025-08-19T03:16:06.471+0000] {logging_mixin.py:188} INFO - [2025-08-19T03:16:06.471+0000] {dagbag.py:545} INFO - Filling up the DagBag from /home/airflow/.local/lib/python3.12/site-packages/airflow/example_dags/example_sensor_decorator.py
[2025-08-19T03:16:06.478+0000] {processor.py:840} INFO - DAG(s) 'example_sensor_decorator' retrieved from /home/airflow/.local/lib/python3.12/site-packages/airflow/example_dags/example_sensor_decorator.py
[2025-08-19T03:16:06.501+0000] {logging_mixin.py:188} INFO - [2025-08-19T03:16:06.501+0000] {dag.py:3096} INFO - Sync 1 DAGs
[2025-08-19T03:16:06.515+0000] {logging_mixin.py:188} INFO - [2025-08-19T03:16:06.514+0000] {dag.py:3954} INFO - Setting next_dagrun for example_sensor_decorator to None, run_after=None
[2025-08-19T03:16:06.541+0000] {processor.py:183} INFO - Processing /home/airflow/.local/lib/python3.12/site-packages/airflow/example_dags/example_sensor_decorator.py took 0.078 seconds
[2025-08-19T03:16:36.959+0000] {processor.py:161} INFO - Started process (PID=22923) to work on /home/airflow/.local/lib/python3.12/site-packages/airflow/example_dags/example_sensor_decorator.py
[2025-08-19T03:16:36.962+0000] {processor.py:830} INFO - Processing file /home/airflow/.local/lib/python3.12/site-packages/airflow/example_dags/example_sensor_decorator.py for tasks to queue
[2025-08-19T03:16:36.963+0000] {logging_mixin.py:188} INFO - [2025-08-19T03:16:36.963+0000] {dagbag.py:545} INFO - Filling up the DagBag from /home/airflow/.local/lib/python3.12/site-packages/airflow/example_dags/example_sensor_decorator.py
[2025-08-19T03:16:36.970+0000] {processor.py:840} INFO - DAG(s) 'example_sensor_decorator' retrieved from /home/airflow/.local/lib/python3.12/site-packages/airflow/example_dags/example_sensor_decorator.py
[2025-08-19T03:16:36.994+0000] {logging_mixin.py:188} INFO - [2025-08-19T03:16:36.994+0000] {dag.py:3096} INFO - Sync 1 DAGs
[2025-08-19T03:16:37.010+0000] {logging_mixin.py:188} INFO - [2025-08-19T03:16:37.010+0000] {dag.py:3954} INFO - Setting next_dagrun for example_sensor_decorator to None, run_after=None
[2025-08-19T03:16:37.036+0000] {processor.py:183} INFO - Processing /home/airflow/.local/lib/python3.12/site-packages/airflow/example_dags/example_sensor_decorator.py took 0.082 seconds
[2025-08-19T03:17:07.213+0000] {processor.py:161} INFO - Started process (PID=22976) to work on /home/airflow/.local/lib/python3.12/site-packages/airflow/example_dags/example_sensor_decorator.py
[2025-08-19T03:17:07.214+0000] {processor.py:830} INFO - Processing file /home/airflow/.local/lib/python3.12/site-packages/airflow/example_dags/example_sensor_decorator.py for tasks to queue
[2025-08-19T03:17:07.215+0000] {logging_mixin.py:188} INFO - [2025-08-19T03:17:07.215+0000] {dagbag.py:545} INFO - Filling up the DagBag from /home/airflow/.local/lib/python3.12/site-packages/airflow/example_dags/example_sensor_decorator.py
[2025-08-19T03:17:07.223+0000] {processor.py:840} INFO - DAG(s) 'example_sensor_decorator' retrieved from /home/airflow/.local/lib/python3.12/site-packages/airflow/example_dags/example_sensor_decorator.py
[2025-08-19T03:17:07.245+0000] {logging_mixin.py:188} INFO - [2025-08-19T03:17:07.245+0000] {dag.py:3096} INFO - Sync 1 DAGs
[2025-08-19T03:17:07.260+0000] {logging_mixin.py:188} INFO - [2025-08-19T03:17:07.260+0000] {dag.py:3954} INFO - Setting next_dagrun for example_sensor_decorator to None, run_after=None
[2025-08-19T03:17:07.283+0000] {processor.py:183} INFO - Processing /home/airflow/.local/lib/python3.12/site-packages/airflow/example_dags/example_sensor_decorator.py took 0.080 seconds
[2025-08-19T03:17:37.916+0000] {processor.py:161} INFO - Started process (PID=23029) to work on /home/airflow/.local/lib/python3.12/site-packages/airflow/example_dags/example_sensor_decorator.py
[2025-08-19T03:17:37.918+0000] {processor.py:830} INFO - Processing file /home/airflow/.local/lib/python3.12/site-packages/airflow/example_dags/example_sensor_decorator.py for tasks to queue
[2025-08-19T03:17:37.920+0000] {logging_mixin.py:188} INFO - [2025-08-19T03:17:37.920+0000] {dagbag.py:545} INFO - Filling up the DagBag from /home/airflow/.local/lib/python3.12/site-packages/airflow/example_dags/example_sensor_decorator.py
[2025-08-19T03:17:37.930+0000] {processor.py:840} INFO - DAG(s) 'example_sensor_decorator' retrieved from /home/airflow/.local/lib/python3.12/site-packages/airflow/example_dags/example_sensor_decorator.py
[2025-08-19T03:17:37.963+0000] {logging_mixin.py:188} INFO - [2025-08-19T03:17:37.962+0000] {dag.py:3096} INFO - Sync 1 DAGs
[2025-08-19T03:17:37.980+0000] {logging_mixin.py:188} INFO - [2025-08-19T03:17:37.980+0000] {dag.py:3954} INFO - Setting next_dagrun for example_sensor_decorator to None, run_after=None
[2025-08-19T03:17:38.007+0000] {processor.py:183} INFO - Processing /home/airflow/.local/lib/python3.12/site-packages/airflow/example_dags/example_sensor_decorator.py took 0.096 seconds
[2025-08-19T03:18:08.158+0000] {processor.py:161} INFO - Started process (PID=23082) to work on /home/airflow/.local/lib/python3.12/site-packages/airflow/example_dags/example_sensor_decorator.py
[2025-08-19T03:18:08.159+0000] {processor.py:830} INFO - Processing file /home/airflow/.local/lib/python3.12/site-packages/airflow/example_dags/example_sensor_decorator.py for tasks to queue
[2025-08-19T03:18:08.161+0000] {logging_mixin.py:188} INFO - [2025-08-19T03:18:08.161+0000] {dagbag.py:545} INFO - Filling up the DagBag from /home/airflow/.local/lib/python3.12/site-packages/airflow/example_dags/example_sensor_decorator.py
[2025-08-19T03:18:08.172+0000] {processor.py:840} INFO - DAG(s) 'example_sensor_decorator' retrieved from /home/airflow/.local/lib/python3.12/site-packages/airflow/example_dags/example_sensor_decorator.py
[2025-08-19T03:18:08.195+0000] {logging_mixin.py:188} INFO - [2025-08-19T03:18:08.195+0000] {dag.py:3096} INFO - Sync 1 DAGs
[2025-08-19T03:18:08.211+0000] {logging_mixin.py:188} INFO - [2025-08-19T03:18:08.211+0000] {dag.py:3954} INFO - Setting next_dagrun for example_sensor_decorator to None, run_after=None
[2025-08-19T03:18:08.248+0000] {processor.py:183} INFO - Processing /home/airflow/.local/lib/python3.12/site-packages/airflow/example_dags/example_sensor_decorator.py took 0.096 seconds
[2025-08-19T03:18:38.330+0000] {processor.py:161} INFO - Started process (PID=23134) to work on /home/airflow/.local/lib/python3.12/site-packages/airflow/example_dags/example_sensor_decorator.py
[2025-08-19T03:18:38.332+0000] {processor.py:830} INFO - Processing file /home/airflow/.local/lib/python3.12/site-packages/airflow/example_dags/example_sensor_decorator.py for tasks to queue
[2025-08-19T03:18:38.336+0000] {logging_mixin.py:188} INFO - [2025-08-19T03:18:38.335+0000] {dagbag.py:545} INFO - Filling up the DagBag from /home/airflow/.local/lib/python3.12/site-packages/airflow/example_dags/example_sensor_decorator.py
[2025-08-19T03:18:38.348+0000] {processor.py:840} INFO - DAG(s) 'example_sensor_decorator' retrieved from /home/airflow/.local/lib/python3.12/site-packages/airflow/example_dags/example_sensor_decorator.py
[2025-08-19T03:18:38.388+0000] {logging_mixin.py:188} INFO - [2025-08-19T03:18:38.388+0000] {dag.py:3096} INFO - Sync 1 DAGs
[2025-08-19T03:18:38.405+0000] {logging_mixin.py:188} INFO - [2025-08-19T03:18:38.404+0000] {dag.py:3954} INFO - Setting next_dagrun for example_sensor_decorator to None, run_after=None
[2025-08-19T03:18:38.438+0000] {processor.py:183} INFO - Processing /home/airflow/.local/lib/python3.12/site-packages/airflow/example_dags/example_sensor_decorator.py took 0.119 seconds
[2025-08-19T03:19:08.561+0000] {processor.py:161} INFO - Started process (PID=23187) to work on /home/airflow/.local/lib/python3.12/site-packages/airflow/example_dags/example_sensor_decorator.py
[2025-08-19T03:19:08.563+0000] {processor.py:830} INFO - Processing file /home/airflow/.local/lib/python3.12/site-packages/airflow/example_dags/example_sensor_decorator.py for tasks to queue
[2025-08-19T03:19:08.566+0000] {logging_mixin.py:188} INFO - [2025-08-19T03:19:08.565+0000] {dagbag.py:545} INFO - Filling up the DagBag from /home/airflow/.local/lib/python3.12/site-packages/airflow/example_dags/example_sensor_decorator.py
[2025-08-19T03:19:08.573+0000] {processor.py:840} INFO - DAG(s) 'example_sensor_decorator' retrieved from /home/airflow/.local/lib/python3.12/site-packages/airflow/example_dags/example_sensor_decorator.py
[2025-08-19T03:19:08.595+0000] {logging_mixin.py:188} INFO - [2025-08-19T03:19:08.595+0000] {dag.py:3096} INFO - Sync 1 DAGs
[2025-08-19T03:19:08.609+0000] {logging_mixin.py:188} INFO - [2025-08-19T03:19:08.608+0000] {dag.py:3954} INFO - Setting next_dagrun for example_sensor_decorator to None, run_after=None
[2025-08-19T03:19:08.641+0000] {processor.py:183} INFO - Processing /home/airflow/.local/lib/python3.12/site-packages/airflow/example_dags/example_sensor_decorator.py took 0.089 seconds
[2025-08-19T03:19:39.466+0000] {processor.py:161} INFO - Started process (PID=23241) to work on /home/airflow/.local/lib/python3.12/site-packages/airflow/example_dags/example_sensor_decorator.py
[2025-08-19T03:19:39.468+0000] {processor.py:830} INFO - Processing file /home/airflow/.local/lib/python3.12/site-packages/airflow/example_dags/example_sensor_decorator.py for tasks to queue
[2025-08-19T03:19:39.471+0000] {logging_mixin.py:188} INFO - [2025-08-19T03:19:39.470+0000] {dagbag.py:545} INFO - Filling up the DagBag from /home/airflow/.local/lib/python3.12/site-packages/airflow/example_dags/example_sensor_decorator.py
[2025-08-19T03:19:39.479+0000] {processor.py:840} INFO - DAG(s) 'example_sensor_decorator' retrieved from /home/airflow/.local/lib/python3.12/site-packages/airflow/example_dags/example_sensor_decorator.py
[2025-08-19T03:19:39.516+0000] {logging_mixin.py:188} INFO - [2025-08-19T03:19:39.515+0000] {dag.py:3096} INFO - Sync 1 DAGs
[2025-08-19T03:19:39.533+0000] {logging_mixin.py:188} INFO - [2025-08-19T03:19:39.532+0000] {dag.py:3954} INFO - Setting next_dagrun for example_sensor_decorator to None, run_after=None
[2025-08-19T03:19:39.568+0000] {processor.py:183} INFO - Processing /home/airflow/.local/lib/python3.12/site-packages/airflow/example_dags/example_sensor_decorator.py took 0.112 seconds
[2025-08-19T03:20:09.842+0000] {processor.py:161} INFO - Started process (PID=23294) to work on /home/airflow/.local/lib/python3.12/site-packages/airflow/example_dags/example_sensor_decorator.py
[2025-08-19T03:20:09.844+0000] {processor.py:830} INFO - Processing file /home/airflow/.local/lib/python3.12/site-packages/airflow/example_dags/example_sensor_decorator.py for tasks to queue
[2025-08-19T03:20:09.845+0000] {logging_mixin.py:188} INFO - [2025-08-19T03:20:09.845+0000] {dagbag.py:545} INFO - Filling up the DagBag from /home/airflow/.local/lib/python3.12/site-packages/airflow/example_dags/example_sensor_decorator.py
[2025-08-19T03:20:09.853+0000] {processor.py:840} INFO - DAG(s) 'example_sensor_decorator' retrieved from /home/airflow/.local/lib/python3.12/site-packages/airflow/example_dags/example_sensor_decorator.py
[2025-08-19T03:20:09.877+0000] {logging_mixin.py:188} INFO - [2025-08-19T03:20:09.877+0000] {dag.py:3096} INFO - Sync 1 DAGs
[2025-08-19T03:20:09.891+0000] {logging_mixin.py:188} INFO - [2025-08-19T03:20:09.891+0000] {dag.py:3954} INFO - Setting next_dagrun for example_sensor_decorator to None, run_after=None
[2025-08-19T03:20:09.921+0000] {processor.py:183} INFO - Processing /home/airflow/.local/lib/python3.12/site-packages/airflow/example_dags/example_sensor_decorator.py took 0.085 seconds
[2025-08-19T03:20:40.037+0000] {processor.py:161} INFO - Started process (PID=23347) to work on /home/airflow/.local/lib/python3.12/site-packages/airflow/example_dags/example_sensor_decorator.py
[2025-08-19T03:20:40.039+0000] {processor.py:830} INFO - Processing file /home/airflow/.local/lib/python3.12/site-packages/airflow/example_dags/example_sensor_decorator.py for tasks to queue
[2025-08-19T03:20:40.041+0000] {logging_mixin.py:188} INFO - [2025-08-19T03:20:40.040+0000] {dagbag.py:545} INFO - Filling up the DagBag from /home/airflow/.local/lib/python3.12/site-packages/airflow/example_dags/example_sensor_decorator.py
[2025-08-19T03:20:40.047+0000] {processor.py:840} INFO - DAG(s) 'example_sensor_decorator' retrieved from /home/airflow/.local/lib/python3.12/site-packages/airflow/example_dags/example_sensor_decorator.py
[2025-08-19T03:20:40.072+0000] {logging_mixin.py:188} INFO - [2025-08-19T03:20:40.071+0000] {dag.py:3096} INFO - Sync 1 DAGs
[2025-08-19T03:20:40.085+0000] {logging_mixin.py:188} INFO - [2025-08-19T03:20:40.085+0000] {dag.py:3954} INFO - Setting next_dagrun for example_sensor_decorator to None, run_after=None
[2025-08-19T03:20:40.113+0000] {processor.py:183} INFO - Processing /home/airflow/.local/lib/python3.12/site-packages/airflow/example_dags/example_sensor_decorator.py took 0.081 seconds
[2025-08-19T03:21:10.402+0000] {processor.py:161} INFO - Started process (PID=23400) to work on /home/airflow/.local/lib/python3.12/site-packages/airflow/example_dags/example_sensor_decorator.py
[2025-08-19T03:21:10.404+0000] {processor.py:830} INFO - Processing file /home/airflow/.local/lib/python3.12/site-packages/airflow/example_dags/example_sensor_decorator.py for tasks to queue
[2025-08-19T03:21:10.405+0000] {logging_mixin.py:188} INFO - [2025-08-19T03:21:10.405+0000] {dagbag.py:545} INFO - Filling up the DagBag from /home/airflow/.local/lib/python3.12/site-packages/airflow/example_dags/example_sensor_decorator.py
[2025-08-19T03:21:10.412+0000] {processor.py:840} INFO - DAG(s) 'example_sensor_decorator' retrieved from /home/airflow/.local/lib/python3.12/site-packages/airflow/example_dags/example_sensor_decorator.py
[2025-08-19T03:21:10.436+0000] {logging_mixin.py:188} INFO - [2025-08-19T03:21:10.436+0000] {dag.py:3096} INFO - Sync 1 DAGs
[2025-08-19T03:21:10.450+0000] {logging_mixin.py:188} INFO - [2025-08-19T03:21:10.450+0000] {dag.py:3954} INFO - Setting next_dagrun for example_sensor_decorator to None, run_after=None
[2025-08-19T03:21:10.476+0000] {processor.py:183} INFO - Processing /home/airflow/.local/lib/python3.12/site-packages/airflow/example_dags/example_sensor_decorator.py took 0.079 seconds
[2025-08-19T03:21:40.974+0000] {processor.py:161} INFO - Started process (PID=23453) to work on /home/airflow/.local/lib/python3.12/site-packages/airflow/example_dags/example_sensor_decorator.py
[2025-08-19T03:21:40.976+0000] {processor.py:830} INFO - Processing file /home/airflow/.local/lib/python3.12/site-packages/airflow/example_dags/example_sensor_decorator.py for tasks to queue
[2025-08-19T03:21:40.977+0000] {logging_mixin.py:188} INFO - [2025-08-19T03:21:40.977+0000] {dagbag.py:545} INFO - Filling up the DagBag from /home/airflow/.local/lib/python3.12/site-packages/airflow/example_dags/example_sensor_decorator.py
[2025-08-19T03:21:40.984+0000] {processor.py:840} INFO - DAG(s) 'example_sensor_decorator' retrieved from /home/airflow/.local/lib/python3.12/site-packages/airflow/example_dags/example_sensor_decorator.py
[2025-08-19T03:21:41.010+0000] {logging_mixin.py:188} INFO - [2025-08-19T03:21:41.010+0000] {dag.py:3096} INFO - Sync 1 DAGs
[2025-08-19T03:21:41.027+0000] {logging_mixin.py:188} INFO - [2025-08-19T03:21:41.026+0000] {dag.py:3954} INFO - Setting next_dagrun for example_sensor_decorator to None, run_after=None
[2025-08-19T03:21:41.069+0000] {processor.py:183} INFO - Processing /home/airflow/.local/lib/python3.12/site-packages/airflow/example_dags/example_sensor_decorator.py took 0.102 seconds
[2025-08-19T03:22:11.596+0000] {processor.py:161} INFO - Started process (PID=23506) to work on /home/airflow/.local/lib/python3.12/site-packages/airflow/example_dags/example_sensor_decorator.py
[2025-08-19T03:22:11.598+0000] {processor.py:830} INFO - Processing file /home/airflow/.local/lib/python3.12/site-packages/airflow/example_dags/example_sensor_decorator.py for tasks to queue
[2025-08-19T03:22:11.599+0000] {logging_mixin.py:188} INFO - [2025-08-19T03:22:11.599+0000] {dagbag.py:545} INFO - Filling up the DagBag from /home/airflow/.local/lib/python3.12/site-packages/airflow/example_dags/example_sensor_decorator.py
[2025-08-19T03:22:11.607+0000] {processor.py:840} INFO - DAG(s) 'example_sensor_decorator' retrieved from /home/airflow/.local/lib/python3.12/site-packages/airflow/example_dags/example_sensor_decorator.py
[2025-08-19T03:22:11.630+0000] {logging_mixin.py:188} INFO - [2025-08-19T03:22:11.629+0000] {dag.py:3096} INFO - Sync 1 DAGs
[2025-08-19T03:22:11.644+0000] {logging_mixin.py:188} INFO - [2025-08-19T03:22:11.644+0000] {dag.py:3954} INFO - Setting next_dagrun for example_sensor_decorator to None, run_after=None
[2025-08-19T03:22:11.671+0000] {processor.py:183} INFO - Processing /home/airflow/.local/lib/python3.12/site-packages/airflow/example_dags/example_sensor_decorator.py took 0.084 seconds
[2025-08-19T03:22:42.120+0000] {processor.py:161} INFO - Started process (PID=23559) to work on /home/airflow/.local/lib/python3.12/site-packages/airflow/example_dags/example_sensor_decorator.py
[2025-08-19T03:22:42.121+0000] {processor.py:830} INFO - Processing file /home/airflow/.local/lib/python3.12/site-packages/airflow/example_dags/example_sensor_decorator.py for tasks to queue
[2025-08-19T03:22:42.123+0000] {logging_mixin.py:188} INFO - [2025-08-19T03:22:42.123+0000] {dagbag.py:545} INFO - Filling up the DagBag from /home/airflow/.local/lib/python3.12/site-packages/airflow/example_dags/example_sensor_decorator.py
[2025-08-19T03:22:42.129+0000] {processor.py:840} INFO - DAG(s) 'example_sensor_decorator' retrieved from /home/airflow/.local/lib/python3.12/site-packages/airflow/example_dags/example_sensor_decorator.py
[2025-08-19T03:22:42.155+0000] {logging_mixin.py:188} INFO - [2025-08-19T03:22:42.155+0000] {dag.py:3096} INFO - Sync 1 DAGs
[2025-08-19T03:22:42.171+0000] {logging_mixin.py:188} INFO - [2025-08-19T03:22:42.171+0000] {dag.py:3954} INFO - Setting next_dagrun for example_sensor_decorator to None, run_after=None
[2025-08-19T03:22:42.200+0000] {processor.py:183} INFO - Processing /home/airflow/.local/lib/python3.12/site-packages/airflow/example_dags/example_sensor_decorator.py took 0.086 seconds
[2025-08-19T03:23:12.594+0000] {processor.py:161} INFO - Started process (PID=23612) to work on /home/airflow/.local/lib/python3.12/site-packages/airflow/example_dags/example_sensor_decorator.py
[2025-08-19T03:23:12.595+0000] {processor.py:830} INFO - Processing file /home/airflow/.local/lib/python3.12/site-packages/airflow/example_dags/example_sensor_decorator.py for tasks to queue
[2025-08-19T03:23:12.597+0000] {logging_mixin.py:188} INFO - [2025-08-19T03:23:12.596+0000] {dagbag.py:545} INFO - Filling up the DagBag from /home/airflow/.local/lib/python3.12/site-packages/airflow/example_dags/example_sensor_decorator.py
[2025-08-19T03:23:12.603+0000] {processor.py:840} INFO - DAG(s) 'example_sensor_decorator' retrieved from /home/airflow/.local/lib/python3.12/site-packages/airflow/example_dags/example_sensor_decorator.py
[2025-08-19T03:23:12.627+0000] {logging_mixin.py:188} INFO - [2025-08-19T03:23:12.627+0000] {dag.py:3096} INFO - Sync 1 DAGs
[2025-08-19T03:23:12.640+0000] {logging_mixin.py:188} INFO - [2025-08-19T03:23:12.640+0000] {dag.py:3954} INFO - Setting next_dagrun for example_sensor_decorator to None, run_after=None
[2025-08-19T03:23:12.678+0000] {processor.py:183} INFO - Processing /home/airflow/.local/lib/python3.12/site-packages/airflow/example_dags/example_sensor_decorator.py took 0.093 seconds
[2025-08-19T03:23:42.924+0000] {processor.py:161} INFO - Started process (PID=23665) to work on /home/airflow/.local/lib/python3.12/site-packages/airflow/example_dags/example_sensor_decorator.py
[2025-08-19T03:23:42.925+0000] {processor.py:830} INFO - Processing file /home/airflow/.local/lib/python3.12/site-packages/airflow/example_dags/example_sensor_decorator.py for tasks to queue
[2025-08-19T03:23:42.926+0000] {logging_mixin.py:188} INFO - [2025-08-19T03:23:42.926+0000] {dagbag.py:545} INFO - Filling up the DagBag from /home/airflow/.local/lib/python3.12/site-packages/airflow/example_dags/example_sensor_decorator.py
[2025-08-19T03:23:42.934+0000] {processor.py:840} INFO - DAG(s) 'example_sensor_decorator' retrieved from /home/airflow/.local/lib/python3.12/site-packages/airflow/example_dags/example_sensor_decorator.py
[2025-08-19T03:23:42.958+0000] {logging_mixin.py:188} INFO - [2025-08-19T03:23:42.958+0000] {dag.py:3096} INFO - Sync 1 DAGs
[2025-08-19T03:23:42.970+0000] {logging_mixin.py:188} INFO - [2025-08-19T03:23:42.970+0000] {dag.py:3954} INFO - Setting next_dagrun for example_sensor_decorator to None, run_after=None
[2025-08-19T03:23:42.998+0000] {processor.py:183} INFO - Processing /home/airflow/.local/lib/python3.12/site-packages/airflow/example_dags/example_sensor_decorator.py took 0.081 seconds
[2025-08-19T03:24:13.598+0000] {processor.py:161} INFO - Started process (PID=23718) to work on /home/airflow/.local/lib/python3.12/site-packages/airflow/example_dags/example_sensor_decorator.py
[2025-08-19T03:24:13.600+0000] {processor.py:830} INFO - Processing file /home/airflow/.local/lib/python3.12/site-packages/airflow/example_dags/example_sensor_decorator.py for tasks to queue
[2025-08-19T03:24:13.602+0000] {logging_mixin.py:188} INFO - [2025-08-19T03:24:13.602+0000] {dagbag.py:545} INFO - Filling up the DagBag from /home/airflow/.local/lib/python3.12/site-packages/airflow/example_dags/example_sensor_decorator.py
[2025-08-19T03:24:13.610+0000] {processor.py:840} INFO - DAG(s) 'example_sensor_decorator' retrieved from /home/airflow/.local/lib/python3.12/site-packages/airflow/example_dags/example_sensor_decorator.py
[2025-08-19T03:24:13.638+0000] {logging_mixin.py:188} INFO - [2025-08-19T03:24:13.637+0000] {dag.py:3096} INFO - Sync 1 DAGs
[2025-08-19T03:24:13.653+0000] {logging_mixin.py:188} INFO - [2025-08-19T03:24:13.652+0000] {dag.py:3954} INFO - Setting next_dagrun for example_sensor_decorator to None, run_after=None
[2025-08-19T03:24:13.678+0000] {processor.py:183} INFO - Processing /home/airflow/.local/lib/python3.12/site-packages/airflow/example_dags/example_sensor_decorator.py took 0.086 seconds
[2025-08-19T03:24:44.202+0000] {processor.py:161} INFO - Started process (PID=23771) to work on /home/airflow/.local/lib/python3.12/site-packages/airflow/example_dags/example_sensor_decorator.py
[2025-08-19T03:24:44.204+0000] {processor.py:830} INFO - Processing file /home/airflow/.local/lib/python3.12/site-packages/airflow/example_dags/example_sensor_decorator.py for tasks to queue
[2025-08-19T03:24:44.205+0000] {logging_mixin.py:188} INFO - [2025-08-19T03:24:44.205+0000] {dagbag.py:545} INFO - Filling up the DagBag from /home/airflow/.local/lib/python3.12/site-packages/airflow/example_dags/example_sensor_decorator.py
[2025-08-19T03:24:44.212+0000] {processor.py:840} INFO - DAG(s) 'example_sensor_decorator' retrieved from /home/airflow/.local/lib/python3.12/site-packages/airflow/example_dags/example_sensor_decorator.py
[2025-08-19T03:24:44.238+0000] {logging_mixin.py:188} INFO - [2025-08-19T03:24:44.238+0000] {dag.py:3096} INFO - Sync 1 DAGs
[2025-08-19T03:24:44.253+0000] {logging_mixin.py:188} INFO - [2025-08-19T03:24:44.252+0000] {dag.py:3954} INFO - Setting next_dagrun for example_sensor_decorator to None, run_after=None
[2025-08-19T03:24:44.279+0000] {processor.py:183} INFO - Processing /home/airflow/.local/lib/python3.12/site-packages/airflow/example_dags/example_sensor_decorator.py took 0.083 seconds
[2025-08-19T03:25:14.753+0000] {processor.py:161} INFO - Started process (PID=23824) to work on /home/airflow/.local/lib/python3.12/site-packages/airflow/example_dags/example_sensor_decorator.py
[2025-08-19T03:25:14.754+0000] {processor.py:830} INFO - Processing file /home/airflow/.local/lib/python3.12/site-packages/airflow/example_dags/example_sensor_decorator.py for tasks to queue
[2025-08-19T03:25:14.756+0000] {logging_mixin.py:188} INFO - [2025-08-19T03:25:14.755+0000] {dagbag.py:545} INFO - Filling up the DagBag from /home/airflow/.local/lib/python3.12/site-packages/airflow/example_dags/example_sensor_decorator.py
[2025-08-19T03:25:14.762+0000] {processor.py:840} INFO - DAG(s) 'example_sensor_decorator' retrieved from /home/airflow/.local/lib/python3.12/site-packages/airflow/example_dags/example_sensor_decorator.py
[2025-08-19T03:25:14.789+0000] {logging_mixin.py:188} INFO - [2025-08-19T03:25:14.789+0000] {dag.py:3096} INFO - Sync 1 DAGs
[2025-08-19T03:25:14.804+0000] {logging_mixin.py:188} INFO - [2025-08-19T03:25:14.803+0000] {dag.py:3954} INFO - Setting next_dagrun for example_sensor_decorator to None, run_after=None
[2025-08-19T03:25:14.840+0000] {processor.py:183} INFO - Processing /home/airflow/.local/lib/python3.12/site-packages/airflow/example_dags/example_sensor_decorator.py took 0.098 seconds
[2025-08-19T03:25:45.388+0000] {processor.py:161} INFO - Started process (PID=23877) to work on /home/airflow/.local/lib/python3.12/site-packages/airflow/example_dags/example_sensor_decorator.py
[2025-08-19T03:25:45.390+0000] {processor.py:830} INFO - Processing file /home/airflow/.local/lib/python3.12/site-packages/airflow/example_dags/example_sensor_decorator.py for tasks to queue
[2025-08-19T03:25:45.392+0000] {logging_mixin.py:188} INFO - [2025-08-19T03:25:45.391+0000] {dagbag.py:545} INFO - Filling up the DagBag from /home/airflow/.local/lib/python3.12/site-packages/airflow/example_dags/example_sensor_decorator.py
[2025-08-19T03:25:45.399+0000] {processor.py:840} INFO - DAG(s) 'example_sensor_decorator' retrieved from /home/airflow/.local/lib/python3.12/site-packages/airflow/example_dags/example_sensor_decorator.py
[2025-08-19T03:25:45.424+0000] {logging_mixin.py:188} INFO - [2025-08-19T03:25:45.423+0000] {dag.py:3096} INFO - Sync 1 DAGs
[2025-08-19T03:25:45.437+0000] {logging_mixin.py:188} INFO - [2025-08-19T03:25:45.437+0000] {dag.py:3954} INFO - Setting next_dagrun for example_sensor_decorator to None, run_after=None
[2025-08-19T03:25:45.468+0000] {processor.py:183} INFO - Processing /home/airflow/.local/lib/python3.12/site-packages/airflow/example_dags/example_sensor_decorator.py took 0.089 seconds
[2025-08-19T03:26:15.587+0000] {processor.py:161} INFO - Started process (PID=23928) to work on /home/airflow/.local/lib/python3.12/site-packages/airflow/example_dags/example_sensor_decorator.py
[2025-08-19T03:26:15.588+0000] {processor.py:830} INFO - Processing file /home/airflow/.local/lib/python3.12/site-packages/airflow/example_dags/example_sensor_decorator.py for tasks to queue
[2025-08-19T03:26:15.589+0000] {logging_mixin.py:188} INFO - [2025-08-19T03:26:15.589+0000] {dagbag.py:545} INFO - Filling up the DagBag from /home/airflow/.local/lib/python3.12/site-packages/airflow/example_dags/example_sensor_decorator.py
[2025-08-19T03:26:15.596+0000] {processor.py:840} INFO - DAG(s) 'example_sensor_decorator' retrieved from /home/airflow/.local/lib/python3.12/site-packages/airflow/example_dags/example_sensor_decorator.py
[2025-08-19T03:26:15.621+0000] {logging_mixin.py:188} INFO - [2025-08-19T03:26:15.621+0000] {dag.py:3096} INFO - Sync 1 DAGs
[2025-08-19T03:26:15.637+0000] {logging_mixin.py:188} INFO - [2025-08-19T03:26:15.637+0000] {dag.py:3954} INFO - Setting next_dagrun for example_sensor_decorator to None, run_after=None
[2025-08-19T03:26:15.663+0000] {processor.py:183} INFO - Processing /home/airflow/.local/lib/python3.12/site-packages/airflow/example_dags/example_sensor_decorator.py took 0.081 seconds
[2025-08-19T03:26:46.114+0000] {processor.py:161} INFO - Started process (PID=23981) to work on /home/airflow/.local/lib/python3.12/site-packages/airflow/example_dags/example_sensor_decorator.py
[2025-08-19T03:26:46.117+0000] {processor.py:830} INFO - Processing file /home/airflow/.local/lib/python3.12/site-packages/airflow/example_dags/example_sensor_decorator.py for tasks to queue
[2025-08-19T03:26:46.118+0000] {logging_mixin.py:188} INFO - [2025-08-19T03:26:46.118+0000] {dagbag.py:545} INFO - Filling up the DagBag from /home/airflow/.local/lib/python3.12/site-packages/airflow/example_dags/example_sensor_decorator.py
[2025-08-19T03:26:46.129+0000] {processor.py:840} INFO - DAG(s) 'example_sensor_decorator' retrieved from /home/airflow/.local/lib/python3.12/site-packages/airflow/example_dags/example_sensor_decorator.py
[2025-08-19T03:26:46.153+0000] {logging_mixin.py:188} INFO - [2025-08-19T03:26:46.153+0000] {dag.py:3096} INFO - Sync 1 DAGs
[2025-08-19T03:26:46.173+0000] {logging_mixin.py:188} INFO - [2025-08-19T03:26:46.173+0000] {dag.py:3954} INFO - Setting next_dagrun for example_sensor_decorator to None, run_after=None
[2025-08-19T03:26:46.203+0000] {processor.py:183} INFO - Processing /home/airflow/.local/lib/python3.12/site-packages/airflow/example_dags/example_sensor_decorator.py took 0.094 seconds
[2025-08-19T03:27:16.533+0000] {processor.py:161} INFO - Started process (PID=24034) to work on /home/airflow/.local/lib/python3.12/site-packages/airflow/example_dags/example_sensor_decorator.py
[2025-08-19T03:27:16.535+0000] {processor.py:830} INFO - Processing file /home/airflow/.local/lib/python3.12/site-packages/airflow/example_dags/example_sensor_decorator.py for tasks to queue
[2025-08-19T03:27:16.537+0000] {logging_mixin.py:188} INFO - [2025-08-19T03:27:16.536+0000] {dagbag.py:545} INFO - Filling up the DagBag from /home/airflow/.local/lib/python3.12/site-packages/airflow/example_dags/example_sensor_decorator.py
[2025-08-19T03:27:16.544+0000] {processor.py:840} INFO - DAG(s) 'example_sensor_decorator' retrieved from /home/airflow/.local/lib/python3.12/site-packages/airflow/example_dags/example_sensor_decorator.py
[2025-08-19T03:27:16.568+0000] {logging_mixin.py:188} INFO - [2025-08-19T03:27:16.568+0000] {dag.py:3096} INFO - Sync 1 DAGs
[2025-08-19T03:27:16.583+0000] {logging_mixin.py:188} INFO - [2025-08-19T03:27:16.583+0000] {dag.py:3954} INFO - Setting next_dagrun for example_sensor_decorator to None, run_after=None
[2025-08-19T03:27:16.617+0000] {processor.py:183} INFO - Processing /home/airflow/.local/lib/python3.12/site-packages/airflow/example_dags/example_sensor_decorator.py took 0.090 seconds
[2025-08-19T03:27:47.062+0000] {processor.py:161} INFO - Started process (PID=24087) to work on /home/airflow/.local/lib/python3.12/site-packages/airflow/example_dags/example_sensor_decorator.py
[2025-08-19T03:27:47.064+0000] {processor.py:830} INFO - Processing file /home/airflow/.local/lib/python3.12/site-packages/airflow/example_dags/example_sensor_decorator.py for tasks to queue
[2025-08-19T03:27:47.066+0000] {logging_mixin.py:188} INFO - [2025-08-19T03:27:47.065+0000] {dagbag.py:545} INFO - Filling up the DagBag from /home/airflow/.local/lib/python3.12/site-packages/airflow/example_dags/example_sensor_decorator.py
[2025-08-19T03:27:47.072+0000] {processor.py:840} INFO - DAG(s) 'example_sensor_decorator' retrieved from /home/airflow/.local/lib/python3.12/site-packages/airflow/example_dags/example_sensor_decorator.py
[2025-08-19T03:27:47.097+0000] {logging_mixin.py:188} INFO - [2025-08-19T03:27:47.097+0000] {dag.py:3096} INFO - Sync 1 DAGs
[2025-08-19T03:27:47.111+0000] {logging_mixin.py:188} INFO - [2025-08-19T03:27:47.110+0000] {dag.py:3954} INFO - Setting next_dagrun for example_sensor_decorator to None, run_after=None
[2025-08-19T03:27:47.138+0000] {processor.py:183} INFO - Processing /home/airflow/.local/lib/python3.12/site-packages/airflow/example_dags/example_sensor_decorator.py took 0.085 seconds
[2025-08-19T03:28:17.623+0000] {processor.py:161} INFO - Started process (PID=24140) to work on /home/airflow/.local/lib/python3.12/site-packages/airflow/example_dags/example_sensor_decorator.py
[2025-08-19T03:28:17.625+0000] {processor.py:830} INFO - Processing file /home/airflow/.local/lib/python3.12/site-packages/airflow/example_dags/example_sensor_decorator.py for tasks to queue
[2025-08-19T03:28:17.626+0000] {logging_mixin.py:188} INFO - [2025-08-19T03:28:17.625+0000] {dagbag.py:545} INFO - Filling up the DagBag from /home/airflow/.local/lib/python3.12/site-packages/airflow/example_dags/example_sensor_decorator.py
[2025-08-19T03:28:17.632+0000] {processor.py:840} INFO - DAG(s) 'example_sensor_decorator' retrieved from /home/airflow/.local/lib/python3.12/site-packages/airflow/example_dags/example_sensor_decorator.py
[2025-08-19T03:28:17.658+0000] {logging_mixin.py:188} INFO - [2025-08-19T03:28:17.658+0000] {dag.py:3096} INFO - Sync 1 DAGs
[2025-08-19T03:28:17.672+0000] {logging_mixin.py:188} INFO - [2025-08-19T03:28:17.671+0000] {dag.py:3954} INFO - Setting next_dagrun for example_sensor_decorator to None, run_after=None
[2025-08-19T03:28:17.705+0000] {processor.py:183} INFO - Processing /home/airflow/.local/lib/python3.12/site-packages/airflow/example_dags/example_sensor_decorator.py took 0.087 seconds
[2025-08-19T03:28:47.936+0000] {processor.py:161} INFO - Started process (PID=24193) to work on /home/airflow/.local/lib/python3.12/site-packages/airflow/example_dags/example_sensor_decorator.py
[2025-08-19T03:28:47.938+0000] {processor.py:830} INFO - Processing file /home/airflow/.local/lib/python3.12/site-packages/airflow/example_dags/example_sensor_decorator.py for tasks to queue
[2025-08-19T03:28:47.939+0000] {logging_mixin.py:188} INFO - [2025-08-19T03:28:47.939+0000] {dagbag.py:545} INFO - Filling up the DagBag from /home/airflow/.local/lib/python3.12/site-packages/airflow/example_dags/example_sensor_decorator.py
[2025-08-19T03:28:47.946+0000] {processor.py:840} INFO - DAG(s) 'example_sensor_decorator' retrieved from /home/airflow/.local/lib/python3.12/site-packages/airflow/example_dags/example_sensor_decorator.py
[2025-08-19T03:28:47.970+0000] {logging_mixin.py:188} INFO - [2025-08-19T03:28:47.969+0000] {dag.py:3096} INFO - Sync 1 DAGs
[2025-08-19T03:28:47.984+0000] {logging_mixin.py:188} INFO - [2025-08-19T03:28:47.984+0000] {dag.py:3954} INFO - Setting next_dagrun for example_sensor_decorator to None, run_after=None
[2025-08-19T03:28:48.012+0000] {processor.py:183} INFO - Processing /home/airflow/.local/lib/python3.12/site-packages/airflow/example_dags/example_sensor_decorator.py took 0.083 seconds
[2025-08-19T03:29:18.302+0000] {processor.py:161} INFO - Started process (PID=24246) to work on /home/airflow/.local/lib/python3.12/site-packages/airflow/example_dags/example_sensor_decorator.py
[2025-08-19T03:29:18.303+0000] {processor.py:830} INFO - Processing file /home/airflow/.local/lib/python3.12/site-packages/airflow/example_dags/example_sensor_decorator.py for tasks to queue
[2025-08-19T03:29:18.305+0000] {logging_mixin.py:188} INFO - [2025-08-19T03:29:18.305+0000] {dagbag.py:545} INFO - Filling up the DagBag from /home/airflow/.local/lib/python3.12/site-packages/airflow/example_dags/example_sensor_decorator.py
[2025-08-19T03:29:18.313+0000] {processor.py:840} INFO - DAG(s) 'example_sensor_decorator' retrieved from /home/airflow/.local/lib/python3.12/site-packages/airflow/example_dags/example_sensor_decorator.py
[2025-08-19T03:29:18.340+0000] {logging_mixin.py:188} INFO - [2025-08-19T03:29:18.340+0000] {dag.py:3096} INFO - Sync 1 DAGs
[2025-08-19T03:29:18.358+0000] {logging_mixin.py:188} INFO - [2025-08-19T03:29:18.358+0000] {dag.py:3954} INFO - Setting next_dagrun for example_sensor_decorator to None, run_after=None
[2025-08-19T03:29:18.383+0000] {processor.py:183} INFO - Processing /home/airflow/.local/lib/python3.12/site-packages/airflow/example_dags/example_sensor_decorator.py took 0.088 seconds
[2025-08-19T03:29:48.628+0000] {processor.py:161} INFO - Started process (PID=24299) to work on /home/airflow/.local/lib/python3.12/site-packages/airflow/example_dags/example_sensor_decorator.py
[2025-08-19T03:29:48.630+0000] {processor.py:830} INFO - Processing file /home/airflow/.local/lib/python3.12/site-packages/airflow/example_dags/example_sensor_decorator.py for tasks to queue
[2025-08-19T03:29:48.631+0000] {logging_mixin.py:188} INFO - [2025-08-19T03:29:48.631+0000] {dagbag.py:545} INFO - Filling up the DagBag from /home/airflow/.local/lib/python3.12/site-packages/airflow/example_dags/example_sensor_decorator.py
[2025-08-19T03:29:48.638+0000] {processor.py:840} INFO - DAG(s) 'example_sensor_decorator' retrieved from /home/airflow/.local/lib/python3.12/site-packages/airflow/example_dags/example_sensor_decorator.py
[2025-08-19T03:29:48.664+0000] {logging_mixin.py:188} INFO - [2025-08-19T03:29:48.664+0000] {dag.py:3096} INFO - Sync 1 DAGs
[2025-08-19T03:29:48.681+0000] {logging_mixin.py:188} INFO - [2025-08-19T03:29:48.681+0000] {dag.py:3954} INFO - Setting next_dagrun for example_sensor_decorator to None, run_after=None
[2025-08-19T03:29:48.714+0000] {processor.py:183} INFO - Processing /home/airflow/.local/lib/python3.12/site-packages/airflow/example_dags/example_sensor_decorator.py took 0.092 seconds
[2025-08-19T03:30:19.167+0000] {processor.py:161} INFO - Started process (PID=24352) to work on /home/airflow/.local/lib/python3.12/site-packages/airflow/example_dags/example_sensor_decorator.py
[2025-08-19T03:30:19.170+0000] {processor.py:830} INFO - Processing file /home/airflow/.local/lib/python3.12/site-packages/airflow/example_dags/example_sensor_decorator.py for tasks to queue
[2025-08-19T03:30:19.172+0000] {logging_mixin.py:188} INFO - [2025-08-19T03:30:19.171+0000] {dagbag.py:545} INFO - Filling up the DagBag from /home/airflow/.local/lib/python3.12/site-packages/airflow/example_dags/example_sensor_decorator.py
[2025-08-19T03:30:19.179+0000] {processor.py:840} INFO - DAG(s) 'example_sensor_decorator' retrieved from /home/airflow/.local/lib/python3.12/site-packages/airflow/example_dags/example_sensor_decorator.py
[2025-08-19T03:30:19.202+0000] {logging_mixin.py:188} INFO - [2025-08-19T03:30:19.202+0000] {dag.py:3096} INFO - Sync 1 DAGs
[2025-08-19T03:30:19.216+0000] {logging_mixin.py:188} INFO - [2025-08-19T03:30:19.216+0000] {dag.py:3954} INFO - Setting next_dagrun for example_sensor_decorator to None, run_after=None
[2025-08-19T03:30:19.245+0000] {processor.py:183} INFO - Processing /home/airflow/.local/lib/python3.12/site-packages/airflow/example_dags/example_sensor_decorator.py took 0.091 seconds
[2025-08-19T03:30:49.689+0000] {processor.py:161} INFO - Started process (PID=24405) to work on /home/airflow/.local/lib/python3.12/site-packages/airflow/example_dags/example_sensor_decorator.py
[2025-08-19T03:30:49.691+0000] {processor.py:830} INFO - Processing file /home/airflow/.local/lib/python3.12/site-packages/airflow/example_dags/example_sensor_decorator.py for tasks to queue
[2025-08-19T03:30:49.694+0000] {logging_mixin.py:188} INFO - [2025-08-19T03:30:49.693+0000] {dagbag.py:545} INFO - Filling up the DagBag from /home/airflow/.local/lib/python3.12/site-packages/airflow/example_dags/example_sensor_decorator.py
[2025-08-19T03:30:49.705+0000] {processor.py:840} INFO - DAG(s) 'example_sensor_decorator' retrieved from /home/airflow/.local/lib/python3.12/site-packages/airflow/example_dags/example_sensor_decorator.py
[2025-08-19T03:30:49.754+0000] {logging_mixin.py:188} INFO - [2025-08-19T03:30:49.753+0000] {dag.py:3096} INFO - Sync 1 DAGs
[2025-08-19T03:30:49.770+0000] {logging_mixin.py:188} INFO - [2025-08-19T03:30:49.769+0000] {dag.py:3954} INFO - Setting next_dagrun for example_sensor_decorator to None, run_after=None
[2025-08-19T03:30:49.805+0000] {processor.py:183} INFO - Processing /home/airflow/.local/lib/python3.12/site-packages/airflow/example_dags/example_sensor_decorator.py took 0.129 seconds
[2025-08-19T03:31:20.337+0000] {processor.py:161} INFO - Started process (PID=24458) to work on /home/airflow/.local/lib/python3.12/site-packages/airflow/example_dags/example_sensor_decorator.py
[2025-08-19T03:31:20.339+0000] {processor.py:830} INFO - Processing file /home/airflow/.local/lib/python3.12/site-packages/airflow/example_dags/example_sensor_decorator.py for tasks to queue
[2025-08-19T03:31:20.340+0000] {logging_mixin.py:188} INFO - [2025-08-19T03:31:20.340+0000] {dagbag.py:545} INFO - Filling up the DagBag from /home/airflow/.local/lib/python3.12/site-packages/airflow/example_dags/example_sensor_decorator.py
[2025-08-19T03:31:20.350+0000] {processor.py:840} INFO - DAG(s) 'example_sensor_decorator' retrieved from /home/airflow/.local/lib/python3.12/site-packages/airflow/example_dags/example_sensor_decorator.py
[2025-08-19T03:31:20.381+0000] {logging_mixin.py:188} INFO - [2025-08-19T03:31:20.381+0000] {dag.py:3096} INFO - Sync 1 DAGs
[2025-08-19T03:31:20.398+0000] {logging_mixin.py:188} INFO - [2025-08-19T03:31:20.398+0000] {dag.py:3954} INFO - Setting next_dagrun for example_sensor_decorator to None, run_after=None
[2025-08-19T03:31:20.426+0000] {processor.py:183} INFO - Processing /home/airflow/.local/lib/python3.12/site-packages/airflow/example_dags/example_sensor_decorator.py took 0.095 seconds
[2025-08-19T03:31:50.834+0000] {processor.py:161} INFO - Started process (PID=24511) to work on /home/airflow/.local/lib/python3.12/site-packages/airflow/example_dags/example_sensor_decorator.py
[2025-08-19T03:31:50.835+0000] {processor.py:830} INFO - Processing file /home/airflow/.local/lib/python3.12/site-packages/airflow/example_dags/example_sensor_decorator.py for tasks to queue
[2025-08-19T03:31:50.837+0000] {logging_mixin.py:188} INFO - [2025-08-19T03:31:50.836+0000] {dagbag.py:545} INFO - Filling up the DagBag from /home/airflow/.local/lib/python3.12/site-packages/airflow/example_dags/example_sensor_decorator.py
[2025-08-19T03:31:50.843+0000] {processor.py:840} INFO - DAG(s) 'example_sensor_decorator' retrieved from /home/airflow/.local/lib/python3.12/site-packages/airflow/example_dags/example_sensor_decorator.py
[2025-08-19T03:31:50.867+0000] {logging_mixin.py:188} INFO - [2025-08-19T03:31:50.867+0000] {dag.py:3096} INFO - Sync 1 DAGs
[2025-08-19T03:31:50.880+0000] {logging_mixin.py:188} INFO - [2025-08-19T03:31:50.880+0000] {dag.py:3954} INFO - Setting next_dagrun for example_sensor_decorator to None, run_after=None
[2025-08-19T03:31:50.906+0000] {processor.py:183} INFO - Processing /home/airflow/.local/lib/python3.12/site-packages/airflow/example_dags/example_sensor_decorator.py took 0.078 seconds
[2025-08-19T03:32:21.071+0000] {processor.py:161} INFO - Started process (PID=24564) to work on /home/airflow/.local/lib/python3.12/site-packages/airflow/example_dags/example_sensor_decorator.py
[2025-08-19T03:32:21.073+0000] {processor.py:830} INFO - Processing file /home/airflow/.local/lib/python3.12/site-packages/airflow/example_dags/example_sensor_decorator.py for tasks to queue
[2025-08-19T03:32:21.076+0000] {logging_mixin.py:188} INFO - [2025-08-19T03:32:21.075+0000] {dagbag.py:545} INFO - Filling up the DagBag from /home/airflow/.local/lib/python3.12/site-packages/airflow/example_dags/example_sensor_decorator.py
[2025-08-19T03:32:21.086+0000] {processor.py:840} INFO - DAG(s) 'example_sensor_decorator' retrieved from /home/airflow/.local/lib/python3.12/site-packages/airflow/example_dags/example_sensor_decorator.py
[2025-08-19T03:32:21.133+0000] {logging_mixin.py:188} INFO - [2025-08-19T03:32:21.132+0000] {dag.py:3096} INFO - Sync 1 DAGs
[2025-08-19T03:32:21.150+0000] {logging_mixin.py:188} INFO - [2025-08-19T03:32:21.149+0000] {dag.py:3954} INFO - Setting next_dagrun for example_sensor_decorator to None, run_after=None
[2025-08-19T03:32:21.182+0000] {processor.py:183} INFO - Processing /home/airflow/.local/lib/python3.12/site-packages/airflow/example_dags/example_sensor_decorator.py took 0.120 seconds
[2025-08-19T03:32:51.253+0000] {processor.py:161} INFO - Started process (PID=24617) to work on /home/airflow/.local/lib/python3.12/site-packages/airflow/example_dags/example_sensor_decorator.py
[2025-08-19T03:32:51.255+0000] {processor.py:830} INFO - Processing file /home/airflow/.local/lib/python3.12/site-packages/airflow/example_dags/example_sensor_decorator.py for tasks to queue
[2025-08-19T03:32:51.256+0000] {logging_mixin.py:188} INFO - [2025-08-19T03:32:51.256+0000] {dagbag.py:545} INFO - Filling up the DagBag from /home/airflow/.local/lib/python3.12/site-packages/airflow/example_dags/example_sensor_decorator.py
[2025-08-19T03:32:51.266+0000] {processor.py:840} INFO - DAG(s) 'example_sensor_decorator' retrieved from /home/airflow/.local/lib/python3.12/site-packages/airflow/example_dags/example_sensor_decorator.py
[2025-08-19T03:32:51.296+0000] {logging_mixin.py:188} INFO - [2025-08-19T03:32:51.295+0000] {dag.py:3096} INFO - Sync 1 DAGs
[2025-08-19T03:32:51.314+0000] {logging_mixin.py:188} INFO - [2025-08-19T03:32:51.313+0000] {dag.py:3954} INFO - Setting next_dagrun for example_sensor_decorator to None, run_after=None
[2025-08-19T03:32:51.347+0000] {processor.py:183} INFO - Processing /home/airflow/.local/lib/python3.12/site-packages/airflow/example_dags/example_sensor_decorator.py took 0.103 seconds
[2025-08-19T03:33:21.889+0000] {processor.py:161} INFO - Started process (PID=24670) to work on /home/airflow/.local/lib/python3.12/site-packages/airflow/example_dags/example_sensor_decorator.py
[2025-08-19T03:33:21.893+0000] {processor.py:830} INFO - Processing file /home/airflow/.local/lib/python3.12/site-packages/airflow/example_dags/example_sensor_decorator.py for tasks to queue
[2025-08-19T03:33:21.896+0000] {logging_mixin.py:188} INFO - [2025-08-19T03:33:21.895+0000] {dagbag.py:545} INFO - Filling up the DagBag from /home/airflow/.local/lib/python3.12/site-packages/airflow/example_dags/example_sensor_decorator.py
[2025-08-19T03:33:21.917+0000] {processor.py:840} INFO - DAG(s) 'example_sensor_decorator' retrieved from /home/airflow/.local/lib/python3.12/site-packages/airflow/example_dags/example_sensor_decorator.py
[2025-08-19T03:33:21.970+0000] {logging_mixin.py:188} INFO - [2025-08-19T03:33:21.969+0000] {dag.py:3096} INFO - Sync 1 DAGs
[2025-08-19T03:33:22.002+0000] {logging_mixin.py:188} INFO - [2025-08-19T03:33:22.001+0000] {dag.py:3954} INFO - Setting next_dagrun for example_sensor_decorator to None, run_after=None
[2025-08-19T03:33:22.067+0000] {processor.py:183} INFO - Processing /home/airflow/.local/lib/python3.12/site-packages/airflow/example_dags/example_sensor_decorator.py took 0.191 seconds
[2025-08-19T03:33:52.201+0000] {processor.py:161} INFO - Started process (PID=24723) to work on /home/airflow/.local/lib/python3.12/site-packages/airflow/example_dags/example_sensor_decorator.py
[2025-08-19T03:33:52.202+0000] {processor.py:830} INFO - Processing file /home/airflow/.local/lib/python3.12/site-packages/airflow/example_dags/example_sensor_decorator.py for tasks to queue
[2025-08-19T03:33:52.204+0000] {logging_mixin.py:188} INFO - [2025-08-19T03:33:52.203+0000] {dagbag.py:545} INFO - Filling up the DagBag from /home/airflow/.local/lib/python3.12/site-packages/airflow/example_dags/example_sensor_decorator.py
[2025-08-19T03:33:52.212+0000] {processor.py:840} INFO - DAG(s) 'example_sensor_decorator' retrieved from /home/airflow/.local/lib/python3.12/site-packages/airflow/example_dags/example_sensor_decorator.py
[2025-08-19T03:33:52.241+0000] {logging_mixin.py:188} INFO - [2025-08-19T03:33:52.240+0000] {dag.py:3096} INFO - Sync 1 DAGs
[2025-08-19T03:33:52.257+0000] {logging_mixin.py:188} INFO - [2025-08-19T03:33:52.257+0000] {dag.py:3954} INFO - Setting next_dagrun for example_sensor_decorator to None, run_after=None
[2025-08-19T03:33:52.306+0000] {processor.py:183} INFO - Processing /home/airflow/.local/lib/python3.12/site-packages/airflow/example_dags/example_sensor_decorator.py took 0.113 seconds
[2025-08-19T03:34:22.412+0000] {processor.py:161} INFO - Started process (PID=24775) to work on /home/airflow/.local/lib/python3.12/site-packages/airflow/example_dags/example_sensor_decorator.py
[2025-08-19T03:34:22.414+0000] {processor.py:830} INFO - Processing file /home/airflow/.local/lib/python3.12/site-packages/airflow/example_dags/example_sensor_decorator.py for tasks to queue
[2025-08-19T03:34:22.416+0000] {logging_mixin.py:188} INFO - [2025-08-19T03:34:22.416+0000] {dagbag.py:545} INFO - Filling up the DagBag from /home/airflow/.local/lib/python3.12/site-packages/airflow/example_dags/example_sensor_decorator.py
[2025-08-19T03:34:22.425+0000] {processor.py:840} INFO - DAG(s) 'example_sensor_decorator' retrieved from /home/airflow/.local/lib/python3.12/site-packages/airflow/example_dags/example_sensor_decorator.py
[2025-08-19T03:34:22.451+0000] {logging_mixin.py:188} INFO - [2025-08-19T03:34:22.450+0000] {dag.py:3096} INFO - Sync 1 DAGs
[2025-08-19T03:34:22.466+0000] {logging_mixin.py:188} INFO - [2025-08-19T03:34:22.465+0000] {dag.py:3954} INFO - Setting next_dagrun for example_sensor_decorator to None, run_after=None
[2025-08-19T03:34:22.508+0000] {processor.py:183} INFO - Processing /home/airflow/.local/lib/python3.12/site-packages/airflow/example_dags/example_sensor_decorator.py took 0.107 seconds
[2025-08-19T03:34:52.858+0000] {processor.py:161} INFO - Started process (PID=24829) to work on /home/airflow/.local/lib/python3.12/site-packages/airflow/example_dags/example_sensor_decorator.py
[2025-08-19T03:34:52.859+0000] {processor.py:830} INFO - Processing file /home/airflow/.local/lib/python3.12/site-packages/airflow/example_dags/example_sensor_decorator.py for tasks to queue
[2025-08-19T03:34:52.860+0000] {logging_mixin.py:188} INFO - [2025-08-19T03:34:52.860+0000] {dagbag.py:545} INFO - Filling up the DagBag from /home/airflow/.local/lib/python3.12/site-packages/airflow/example_dags/example_sensor_decorator.py
[2025-08-19T03:34:52.868+0000] {processor.py:840} INFO - DAG(s) 'example_sensor_decorator' retrieved from /home/airflow/.local/lib/python3.12/site-packages/airflow/example_dags/example_sensor_decorator.py
[2025-08-19T03:34:52.895+0000] {logging_mixin.py:188} INFO - [2025-08-19T03:34:52.895+0000] {dag.py:3096} INFO - Sync 1 DAGs
[2025-08-19T03:34:52.914+0000] {logging_mixin.py:188} INFO - [2025-08-19T03:34:52.914+0000] {dag.py:3954} INFO - Setting next_dagrun for example_sensor_decorator to None, run_after=None
[2025-08-19T03:34:52.965+0000] {processor.py:183} INFO - Processing /home/airflow/.local/lib/python3.12/site-packages/airflow/example_dags/example_sensor_decorator.py took 0.115 seconds
[2025-08-19T03:35:23.135+0000] {processor.py:161} INFO - Started process (PID=24882) to work on /home/airflow/.local/lib/python3.12/site-packages/airflow/example_dags/example_sensor_decorator.py
[2025-08-19T03:35:23.136+0000] {processor.py:830} INFO - Processing file /home/airflow/.local/lib/python3.12/site-packages/airflow/example_dags/example_sensor_decorator.py for tasks to queue
[2025-08-19T03:35:23.137+0000] {logging_mixin.py:188} INFO - [2025-08-19T03:35:23.137+0000] {dagbag.py:545} INFO - Filling up the DagBag from /home/airflow/.local/lib/python3.12/site-packages/airflow/example_dags/example_sensor_decorator.py
[2025-08-19T03:35:23.145+0000] {processor.py:840} INFO - DAG(s) 'example_sensor_decorator' retrieved from /home/airflow/.local/lib/python3.12/site-packages/airflow/example_dags/example_sensor_decorator.py
[2025-08-19T03:35:23.172+0000] {logging_mixin.py:188} INFO - [2025-08-19T03:35:23.172+0000] {dag.py:3096} INFO - Sync 1 DAGs
[2025-08-19T03:35:23.186+0000] {logging_mixin.py:188} INFO - [2025-08-19T03:35:23.186+0000] {dag.py:3954} INFO - Setting next_dagrun for example_sensor_decorator to None, run_after=None
[2025-08-19T03:35:23.216+0000] {processor.py:183} INFO - Processing /home/airflow/.local/lib/python3.12/site-packages/airflow/example_dags/example_sensor_decorator.py took 0.087 seconds
[2025-08-19T03:35:53.695+0000] {processor.py:161} INFO - Started process (PID=24935) to work on /home/airflow/.local/lib/python3.12/site-packages/airflow/example_dags/example_sensor_decorator.py
[2025-08-19T03:35:53.697+0000] {processor.py:830} INFO - Processing file /home/airflow/.local/lib/python3.12/site-packages/airflow/example_dags/example_sensor_decorator.py for tasks to queue
[2025-08-19T03:35:53.698+0000] {logging_mixin.py:188} INFO - [2025-08-19T03:35:53.698+0000] {dagbag.py:545} INFO - Filling up the DagBag from /home/airflow/.local/lib/python3.12/site-packages/airflow/example_dags/example_sensor_decorator.py
[2025-08-19T03:35:53.707+0000] {processor.py:840} INFO - DAG(s) 'example_sensor_decorator' retrieved from /home/airflow/.local/lib/python3.12/site-packages/airflow/example_dags/example_sensor_decorator.py
[2025-08-19T03:35:53.732+0000] {logging_mixin.py:188} INFO - [2025-08-19T03:35:53.732+0000] {dag.py:3096} INFO - Sync 1 DAGs
[2025-08-19T03:35:53.746+0000] {logging_mixin.py:188} INFO - [2025-08-19T03:35:53.745+0000] {dag.py:3954} INFO - Setting next_dagrun for example_sensor_decorator to None, run_after=None
[2025-08-19T03:35:53.775+0000] {processor.py:183} INFO - Processing /home/airflow/.local/lib/python3.12/site-packages/airflow/example_dags/example_sensor_decorator.py took 0.087 seconds
[2025-08-19T03:36:24.310+0000] {processor.py:161} INFO - Started process (PID=24988) to work on /home/airflow/.local/lib/python3.12/site-packages/airflow/example_dags/example_sensor_decorator.py
[2025-08-19T03:36:24.313+0000] {processor.py:830} INFO - Processing file /home/airflow/.local/lib/python3.12/site-packages/airflow/example_dags/example_sensor_decorator.py for tasks to queue
[2025-08-19T03:36:24.314+0000] {logging_mixin.py:188} INFO - [2025-08-19T03:36:24.314+0000] {dagbag.py:545} INFO - Filling up the DagBag from /home/airflow/.local/lib/python3.12/site-packages/airflow/example_dags/example_sensor_decorator.py
[2025-08-19T03:36:24.325+0000] {processor.py:840} INFO - DAG(s) 'example_sensor_decorator' retrieved from /home/airflow/.local/lib/python3.12/site-packages/airflow/example_dags/example_sensor_decorator.py
[2025-08-19T03:36:24.359+0000] {logging_mixin.py:188} INFO - [2025-08-19T03:36:24.359+0000] {dag.py:3096} INFO - Sync 1 DAGs
[2025-08-19T03:36:24.378+0000] {logging_mixin.py:188} INFO - [2025-08-19T03:36:24.377+0000] {dag.py:3954} INFO - Setting next_dagrun for example_sensor_decorator to None, run_after=None
[2025-08-19T03:36:24.410+0000] {processor.py:183} INFO - Processing /home/airflow/.local/lib/python3.12/site-packages/airflow/example_dags/example_sensor_decorator.py took 0.109 seconds
[2025-08-19T03:36:55.273+0000] {processor.py:161} INFO - Started process (PID=25041) to work on /home/airflow/.local/lib/python3.12/site-packages/airflow/example_dags/example_sensor_decorator.py
[2025-08-19T03:36:55.274+0000] {processor.py:830} INFO - Processing file /home/airflow/.local/lib/python3.12/site-packages/airflow/example_dags/example_sensor_decorator.py for tasks to queue
[2025-08-19T03:36:55.276+0000] {logging_mixin.py:188} INFO - [2025-08-19T03:36:55.275+0000] {dagbag.py:545} INFO - Filling up the DagBag from /home/airflow/.local/lib/python3.12/site-packages/airflow/example_dags/example_sensor_decorator.py
[2025-08-19T03:36:55.284+0000] {processor.py:840} INFO - DAG(s) 'example_sensor_decorator' retrieved from /home/airflow/.local/lib/python3.12/site-packages/airflow/example_dags/example_sensor_decorator.py
[2025-08-19T03:36:55.310+0000] {logging_mixin.py:188} INFO - [2025-08-19T03:36:55.310+0000] {dag.py:3096} INFO - Sync 1 DAGs
[2025-08-19T03:36:55.327+0000] {logging_mixin.py:188} INFO - [2025-08-19T03:36:55.326+0000] {dag.py:3954} INFO - Setting next_dagrun for example_sensor_decorator to None, run_after=None
[2025-08-19T03:36:55.357+0000] {processor.py:183} INFO - Processing /home/airflow/.local/lib/python3.12/site-packages/airflow/example_dags/example_sensor_decorator.py took 0.096 seconds
[2025-08-19T03:37:26.286+0000] {processor.py:161} INFO - Started process (PID=25094) to work on /home/airflow/.local/lib/python3.12/site-packages/airflow/example_dags/example_sensor_decorator.py
[2025-08-19T03:37:26.288+0000] {processor.py:830} INFO - Processing file /home/airflow/.local/lib/python3.12/site-packages/airflow/example_dags/example_sensor_decorator.py for tasks to queue
[2025-08-19T03:37:26.289+0000] {logging_mixin.py:188} INFO - [2025-08-19T03:37:26.289+0000] {dagbag.py:545} INFO - Filling up the DagBag from /home/airflow/.local/lib/python3.12/site-packages/airflow/example_dags/example_sensor_decorator.py
[2025-08-19T03:37:26.295+0000] {processor.py:840} INFO - DAG(s) 'example_sensor_decorator' retrieved from /home/airflow/.local/lib/python3.12/site-packages/airflow/example_dags/example_sensor_decorator.py
[2025-08-19T03:37:26.322+0000] {logging_mixin.py:188} INFO - [2025-08-19T03:37:26.321+0000] {dag.py:3096} INFO - Sync 1 DAGs
[2025-08-19T03:37:26.335+0000] {logging_mixin.py:188} INFO - [2025-08-19T03:37:26.335+0000] {dag.py:3954} INFO - Setting next_dagrun for example_sensor_decorator to None, run_after=None
[2025-08-19T03:37:26.363+0000] {processor.py:183} INFO - Processing /home/airflow/.local/lib/python3.12/site-packages/airflow/example_dags/example_sensor_decorator.py took 0.084 seconds
