[2025-08-19T03:10:05.521+0000] {processor.py:161} INFO - Started process (PID=22253) to work on /home/airflow/.local/lib/python3.12/site-packages/airflow/example_dags/example_short_circuit_decorator.py
[2025-08-19T03:10:05.526+0000] {processor.py:830} INFO - Processing file /home/airflow/.local/lib/python3.12/site-packages/airflow/example_dags/example_short_circuit_decorator.py for tasks to queue
[2025-08-19T03:10:05.529+0000] {logging_mixin.py:188} INFO - [2025-08-19T03:10:05.529+0000] {dagbag.py:545} INFO - Filling up the DagBag from /home/airflow/.local/lib/python3.12/site-packages/airflow/example_dags/example_short_circuit_decorator.py
[2025-08-19T03:10:05.552+0000] {processor.py:840} INFO - DAG(s) 'example_short_circuit_decorator' retrieved from /home/airflow/.local/lib/python3.12/site-packages/airflow/example_dags/example_short_circuit_decorator.py
[2025-08-19T03:10:05.605+0000] {logging_mixin.py:188} INFO - [2025-08-19T03:10:05.605+0000] {dag.py:3096} INFO - Sync 1 DAGs
[2025-08-19T03:10:05.644+0000] {logging_mixin.py:188} INFO - [2025-08-19T03:10:05.643+0000] {dag.py:3954} INFO - Setting next_dagrun for example_short_circuit_decorator to 2025-08-18 00:00:00+00:00, run_after=2025-08-19 00:00:00+00:00
[2025-08-19T03:10:05.710+0000] {processor.py:183} INFO - Processing /home/airflow/.local/lib/python3.12/site-packages/airflow/example_dags/example_short_circuit_decorator.py took 0.199 seconds
[2025-08-19T03:10:36.535+0000] {processor.py:161} INFO - Started process (PID=22306) to work on /home/airflow/.local/lib/python3.12/site-packages/airflow/example_dags/example_short_circuit_decorator.py
[2025-08-19T03:10:36.536+0000] {processor.py:830} INFO - Processing file /home/airflow/.local/lib/python3.12/site-packages/airflow/example_dags/example_short_circuit_decorator.py for tasks to queue
[2025-08-19T03:10:36.538+0000] {logging_mixin.py:188} INFO - [2025-08-19T03:10:36.538+0000] {dagbag.py:545} INFO - Filling up the DagBag from /home/airflow/.local/lib/python3.12/site-packages/airflow/example_dags/example_short_circuit_decorator.py
[2025-08-19T03:10:36.549+0000] {processor.py:840} INFO - DAG(s) 'example_short_circuit_decorator' retrieved from /home/airflow/.local/lib/python3.12/site-packages/airflow/example_dags/example_short_circuit_decorator.py
[2025-08-19T03:10:36.576+0000] {logging_mixin.py:188} INFO - [2025-08-19T03:10:36.576+0000] {dag.py:3096} INFO - Sync 1 DAGs
[2025-08-19T03:10:36.599+0000] {logging_mixin.py:188} INFO - [2025-08-19T03:10:36.599+0000] {dag.py:3954} INFO - Setting next_dagrun for example_short_circuit_decorator to 2025-08-18 00:00:00+00:00, run_after=2025-08-19 00:00:00+00:00
[2025-08-19T03:10:36.622+0000] {processor.py:183} INFO - Processing /home/airflow/.local/lib/python3.12/site-packages/airflow/example_dags/example_short_circuit_decorator.py took 0.093 seconds
[2025-08-19T03:11:06.946+0000] {processor.py:161} INFO - Started process (PID=22359) to work on /home/airflow/.local/lib/python3.12/site-packages/airflow/example_dags/example_short_circuit_decorator.py
[2025-08-19T03:11:06.948+0000] {processor.py:830} INFO - Processing file /home/airflow/.local/lib/python3.12/site-packages/airflow/example_dags/example_short_circuit_decorator.py for tasks to queue
[2025-08-19T03:11:06.949+0000] {logging_mixin.py:188} INFO - [2025-08-19T03:11:06.949+0000] {dagbag.py:545} INFO - Filling up the DagBag from /home/airflow/.local/lib/python3.12/site-packages/airflow/example_dags/example_short_circuit_decorator.py
[2025-08-19T03:11:06.960+0000] {processor.py:840} INFO - DAG(s) 'example_short_circuit_decorator' retrieved from /home/airflow/.local/lib/python3.12/site-packages/airflow/example_dags/example_short_circuit_decorator.py
[2025-08-19T03:11:06.987+0000] {logging_mixin.py:188} INFO - [2025-08-19T03:11:06.986+0000] {dag.py:3096} INFO - Sync 1 DAGs
[2025-08-19T03:11:07.013+0000] {logging_mixin.py:188} INFO - [2025-08-19T03:11:07.013+0000] {dag.py:3954} INFO - Setting next_dagrun for example_short_circuit_decorator to 2025-08-18 00:00:00+00:00, run_after=2025-08-19 00:00:00+00:00
[2025-08-19T03:11:07.042+0000] {processor.py:183} INFO - Processing /home/airflow/.local/lib/python3.12/site-packages/airflow/example_dags/example_short_circuit_decorator.py took 0.102 seconds
[2025-08-19T03:11:37.285+0000] {processor.py:161} INFO - Started process (PID=22412) to work on /home/airflow/.local/lib/python3.12/site-packages/airflow/example_dags/example_short_circuit_decorator.py
[2025-08-19T03:11:37.287+0000] {processor.py:830} INFO - Processing file /home/airflow/.local/lib/python3.12/site-packages/airflow/example_dags/example_short_circuit_decorator.py for tasks to queue
[2025-08-19T03:11:37.288+0000] {logging_mixin.py:188} INFO - [2025-08-19T03:11:37.287+0000] {dagbag.py:545} INFO - Filling up the DagBag from /home/airflow/.local/lib/python3.12/site-packages/airflow/example_dags/example_short_circuit_decorator.py
[2025-08-19T03:11:37.298+0000] {processor.py:840} INFO - DAG(s) 'example_short_circuit_decorator' retrieved from /home/airflow/.local/lib/python3.12/site-packages/airflow/example_dags/example_short_circuit_decorator.py
[2025-08-19T03:11:37.324+0000] {logging_mixin.py:188} INFO - [2025-08-19T03:11:37.323+0000] {dag.py:3096} INFO - Sync 1 DAGs
[2025-08-19T03:11:37.345+0000] {logging_mixin.py:188} INFO - [2025-08-19T03:11:37.345+0000] {dag.py:3954} INFO - Setting next_dagrun for example_short_circuit_decorator to 2025-08-18 00:00:00+00:00, run_after=2025-08-19 00:00:00+00:00
[2025-08-19T03:11:37.369+0000] {processor.py:183} INFO - Processing /home/airflow/.local/lib/python3.12/site-packages/airflow/example_dags/example_short_circuit_decorator.py took 0.090 seconds
[2025-08-19T03:12:07.758+0000] {processor.py:161} INFO - Started process (PID=22465) to work on /home/airflow/.local/lib/python3.12/site-packages/airflow/example_dags/example_short_circuit_decorator.py
[2025-08-19T03:12:07.760+0000] {processor.py:830} INFO - Processing file /home/airflow/.local/lib/python3.12/site-packages/airflow/example_dags/example_short_circuit_decorator.py for tasks to queue
[2025-08-19T03:12:07.761+0000] {logging_mixin.py:188} INFO - [2025-08-19T03:12:07.760+0000] {dagbag.py:545} INFO - Filling up the DagBag from /home/airflow/.local/lib/python3.12/site-packages/airflow/example_dags/example_short_circuit_decorator.py
[2025-08-19T03:12:07.772+0000] {processor.py:840} INFO - DAG(s) 'example_short_circuit_decorator' retrieved from /home/airflow/.local/lib/python3.12/site-packages/airflow/example_dags/example_short_circuit_decorator.py
[2025-08-19T03:12:07.797+0000] {logging_mixin.py:188} INFO - [2025-08-19T03:12:07.797+0000] {dag.py:3096} INFO - Sync 1 DAGs
[2025-08-19T03:12:07.822+0000] {logging_mixin.py:188} INFO - [2025-08-19T03:12:07.822+0000] {dag.py:3954} INFO - Setting next_dagrun for example_short_circuit_decorator to 2025-08-18 00:00:00+00:00, run_after=2025-08-19 00:00:00+00:00
[2025-08-19T03:12:07.846+0000] {processor.py:183} INFO - Processing /home/airflow/.local/lib/python3.12/site-packages/airflow/example_dags/example_short_circuit_decorator.py took 0.094 seconds
[2025-08-19T03:12:38.404+0000] {processor.py:161} INFO - Started process (PID=22518) to work on /home/airflow/.local/lib/python3.12/site-packages/airflow/example_dags/example_short_circuit_decorator.py
[2025-08-19T03:12:38.405+0000] {processor.py:830} INFO - Processing file /home/airflow/.local/lib/python3.12/site-packages/airflow/example_dags/example_short_circuit_decorator.py for tasks to queue
[2025-08-19T03:12:38.407+0000] {logging_mixin.py:188} INFO - [2025-08-19T03:12:38.406+0000] {dagbag.py:545} INFO - Filling up the DagBag from /home/airflow/.local/lib/python3.12/site-packages/airflow/example_dags/example_short_circuit_decorator.py
[2025-08-19T03:12:38.418+0000] {processor.py:840} INFO - DAG(s) 'example_short_circuit_decorator' retrieved from /home/airflow/.local/lib/python3.12/site-packages/airflow/example_dags/example_short_circuit_decorator.py
[2025-08-19T03:12:38.452+0000] {logging_mixin.py:188} INFO - [2025-08-19T03:12:38.451+0000] {dag.py:3096} INFO - Sync 1 DAGs
[2025-08-19T03:12:38.477+0000] {logging_mixin.py:188} INFO - [2025-08-19T03:12:38.476+0000] {dag.py:3954} INFO - Setting next_dagrun for example_short_circuit_decorator to 2025-08-18 00:00:00+00:00, run_after=2025-08-19 00:00:00+00:00
[2025-08-19T03:12:38.510+0000] {processor.py:183} INFO - Processing /home/airflow/.local/lib/python3.12/site-packages/airflow/example_dags/example_short_circuit_decorator.py took 0.112 seconds
[2025-08-19T03:13:09.081+0000] {processor.py:161} INFO - Started process (PID=22571) to work on /home/airflow/.local/lib/python3.12/site-packages/airflow/example_dags/example_short_circuit_decorator.py
[2025-08-19T03:13:09.083+0000] {processor.py:830} INFO - Processing file /home/airflow/.local/lib/python3.12/site-packages/airflow/example_dags/example_short_circuit_decorator.py for tasks to queue
[2025-08-19T03:13:09.084+0000] {logging_mixin.py:188} INFO - [2025-08-19T03:13:09.084+0000] {dagbag.py:545} INFO - Filling up the DagBag from /home/airflow/.local/lib/python3.12/site-packages/airflow/example_dags/example_short_circuit_decorator.py
[2025-08-19T03:13:09.094+0000] {processor.py:840} INFO - DAG(s) 'example_short_circuit_decorator' retrieved from /home/airflow/.local/lib/python3.12/site-packages/airflow/example_dags/example_short_circuit_decorator.py
[2025-08-19T03:13:09.119+0000] {logging_mixin.py:188} INFO - [2025-08-19T03:13:09.119+0000] {dag.py:3096} INFO - Sync 1 DAGs
[2025-08-19T03:13:09.142+0000] {logging_mixin.py:188} INFO - [2025-08-19T03:13:09.142+0000] {dag.py:3954} INFO - Setting next_dagrun for example_short_circuit_decorator to 2025-08-18 00:00:00+00:00, run_after=2025-08-19 00:00:00+00:00
[2025-08-19T03:13:09.164+0000] {processor.py:183} INFO - Processing /home/airflow/.local/lib/python3.12/site-packages/airflow/example_dags/example_short_circuit_decorator.py took 0.089 seconds
[2025-08-19T03:13:39.942+0000] {processor.py:161} INFO - Started process (PID=22624) to work on /home/airflow/.local/lib/python3.12/site-packages/airflow/example_dags/example_short_circuit_decorator.py
[2025-08-19T03:13:39.943+0000] {processor.py:830} INFO - Processing file /home/airflow/.local/lib/python3.12/site-packages/airflow/example_dags/example_short_circuit_decorator.py for tasks to queue
[2025-08-19T03:13:39.945+0000] {logging_mixin.py:188} INFO - [2025-08-19T03:13:39.944+0000] {dagbag.py:545} INFO - Filling up the DagBag from /home/airflow/.local/lib/python3.12/site-packages/airflow/example_dags/example_short_circuit_decorator.py
[2025-08-19T03:13:39.954+0000] {processor.py:840} INFO - DAG(s) 'example_short_circuit_decorator' retrieved from /home/airflow/.local/lib/python3.12/site-packages/airflow/example_dags/example_short_circuit_decorator.py
[2025-08-19T03:13:39.979+0000] {logging_mixin.py:188} INFO - [2025-08-19T03:13:39.979+0000] {dag.py:3096} INFO - Sync 1 DAGs
[2025-08-19T03:13:40.003+0000] {logging_mixin.py:188} INFO - [2025-08-19T03:13:40.002+0000] {dag.py:3954} INFO - Setting next_dagrun for example_short_circuit_decorator to 2025-08-18 00:00:00+00:00, run_after=2025-08-19 00:00:00+00:00
[2025-08-19T03:13:40.026+0000] {processor.py:183} INFO - Processing /home/airflow/.local/lib/python3.12/site-packages/airflow/example_dags/example_short_circuit_decorator.py took 0.091 seconds
[2025-08-19T03:14:10.726+0000] {processor.py:161} INFO - Started process (PID=22677) to work on /home/airflow/.local/lib/python3.12/site-packages/airflow/example_dags/example_short_circuit_decorator.py
[2025-08-19T03:14:10.727+0000] {processor.py:830} INFO - Processing file /home/airflow/.local/lib/python3.12/site-packages/airflow/example_dags/example_short_circuit_decorator.py for tasks to queue
[2025-08-19T03:14:10.729+0000] {logging_mixin.py:188} INFO - [2025-08-19T03:14:10.728+0000] {dagbag.py:545} INFO - Filling up the DagBag from /home/airflow/.local/lib/python3.12/site-packages/airflow/example_dags/example_short_circuit_decorator.py
[2025-08-19T03:14:10.739+0000] {processor.py:840} INFO - DAG(s) 'example_short_circuit_decorator' retrieved from /home/airflow/.local/lib/python3.12/site-packages/airflow/example_dags/example_short_circuit_decorator.py
[2025-08-19T03:14:10.763+0000] {logging_mixin.py:188} INFO - [2025-08-19T03:14:10.763+0000] {dag.py:3096} INFO - Sync 1 DAGs
[2025-08-19T03:14:10.788+0000] {logging_mixin.py:188} INFO - [2025-08-19T03:14:10.788+0000] {dag.py:3954} INFO - Setting next_dagrun for example_short_circuit_decorator to 2025-08-18 00:00:00+00:00, run_after=2025-08-19 00:00:00+00:00
[2025-08-19T03:14:10.810+0000] {processor.py:183} INFO - Processing /home/airflow/.local/lib/python3.12/site-packages/airflow/example_dags/example_short_circuit_decorator.py took 0.090 seconds
[2025-08-19T03:14:41.569+0000] {processor.py:161} INFO - Started process (PID=22730) to work on /home/airflow/.local/lib/python3.12/site-packages/airflow/example_dags/example_short_circuit_decorator.py
[2025-08-19T03:14:41.571+0000] {processor.py:830} INFO - Processing file /home/airflow/.local/lib/python3.12/site-packages/airflow/example_dags/example_short_circuit_decorator.py for tasks to queue
[2025-08-19T03:14:41.572+0000] {logging_mixin.py:188} INFO - [2025-08-19T03:14:41.572+0000] {dagbag.py:545} INFO - Filling up the DagBag from /home/airflow/.local/lib/python3.12/site-packages/airflow/example_dags/example_short_circuit_decorator.py
[2025-08-19T03:14:41.582+0000] {processor.py:840} INFO - DAG(s) 'example_short_circuit_decorator' retrieved from /home/airflow/.local/lib/python3.12/site-packages/airflow/example_dags/example_short_circuit_decorator.py
[2025-08-19T03:14:41.607+0000] {logging_mixin.py:188} INFO - [2025-08-19T03:14:41.606+0000] {dag.py:3096} INFO - Sync 1 DAGs
[2025-08-19T03:14:41.630+0000] {logging_mixin.py:188} INFO - [2025-08-19T03:14:41.630+0000] {dag.py:3954} INFO - Setting next_dagrun for example_short_circuit_decorator to 2025-08-18 00:00:00+00:00, run_after=2025-08-19 00:00:00+00:00
[2025-08-19T03:14:41.652+0000] {processor.py:183} INFO - Processing /home/airflow/.local/lib/python3.12/site-packages/airflow/example_dags/example_short_circuit_decorator.py took 0.089 seconds
[2025-08-19T03:15:12.316+0000] {processor.py:161} INFO - Started process (PID=22783) to work on /home/airflow/.local/lib/python3.12/site-packages/airflow/example_dags/example_short_circuit_decorator.py
[2025-08-19T03:15:12.317+0000] {processor.py:830} INFO - Processing file /home/airflow/.local/lib/python3.12/site-packages/airflow/example_dags/example_short_circuit_decorator.py for tasks to queue
[2025-08-19T03:15:12.318+0000] {logging_mixin.py:188} INFO - [2025-08-19T03:15:12.318+0000] {dagbag.py:545} INFO - Filling up the DagBag from /home/airflow/.local/lib/python3.12/site-packages/airflow/example_dags/example_short_circuit_decorator.py
[2025-08-19T03:15:12.329+0000] {processor.py:840} INFO - DAG(s) 'example_short_circuit_decorator' retrieved from /home/airflow/.local/lib/python3.12/site-packages/airflow/example_dags/example_short_circuit_decorator.py
[2025-08-19T03:15:12.353+0000] {logging_mixin.py:188} INFO - [2025-08-19T03:15:12.353+0000] {dag.py:3096} INFO - Sync 1 DAGs
[2025-08-19T03:15:12.376+0000] {logging_mixin.py:188} INFO - [2025-08-19T03:15:12.375+0000] {dag.py:3954} INFO - Setting next_dagrun for example_short_circuit_decorator to 2025-08-18 00:00:00+00:00, run_after=2025-08-19 00:00:00+00:00
[2025-08-19T03:15:12.399+0000] {processor.py:183} INFO - Processing /home/airflow/.local/lib/python3.12/site-packages/airflow/example_dags/example_short_circuit_decorator.py took 0.089 seconds
[2025-08-19T03:15:43.195+0000] {processor.py:161} INFO - Started process (PID=22836) to work on /home/airflow/.local/lib/python3.12/site-packages/airflow/example_dags/example_short_circuit_decorator.py
[2025-08-19T03:15:43.196+0000] {processor.py:830} INFO - Processing file /home/airflow/.local/lib/python3.12/site-packages/airflow/example_dags/example_short_circuit_decorator.py for tasks to queue
[2025-08-19T03:15:43.198+0000] {logging_mixin.py:188} INFO - [2025-08-19T03:15:43.197+0000] {dagbag.py:545} INFO - Filling up the DagBag from /home/airflow/.local/lib/python3.12/site-packages/airflow/example_dags/example_short_circuit_decorator.py
[2025-08-19T03:15:43.208+0000] {processor.py:840} INFO - DAG(s) 'example_short_circuit_decorator' retrieved from /home/airflow/.local/lib/python3.12/site-packages/airflow/example_dags/example_short_circuit_decorator.py
[2025-08-19T03:15:43.232+0000] {logging_mixin.py:188} INFO - [2025-08-19T03:15:43.232+0000] {dag.py:3096} INFO - Sync 1 DAGs
[2025-08-19T03:15:43.255+0000] {logging_mixin.py:188} INFO - [2025-08-19T03:15:43.255+0000] {dag.py:3954} INFO - Setting next_dagrun for example_short_circuit_decorator to 2025-08-18 00:00:00+00:00, run_after=2025-08-19 00:00:00+00:00
[2025-08-19T03:15:43.277+0000] {processor.py:183} INFO - Processing /home/airflow/.local/lib/python3.12/site-packages/airflow/example_dags/example_short_circuit_decorator.py took 0.089 seconds
[2025-08-19T03:16:13.804+0000] {processor.py:161} INFO - Started process (PID=22889) to work on /home/airflow/.local/lib/python3.12/site-packages/airflow/example_dags/example_short_circuit_decorator.py
[2025-08-19T03:16:13.806+0000] {processor.py:830} INFO - Processing file /home/airflow/.local/lib/python3.12/site-packages/airflow/example_dags/example_short_circuit_decorator.py for tasks to queue
[2025-08-19T03:16:13.808+0000] {logging_mixin.py:188} INFO - [2025-08-19T03:16:13.807+0000] {dagbag.py:545} INFO - Filling up the DagBag from /home/airflow/.local/lib/python3.12/site-packages/airflow/example_dags/example_short_circuit_decorator.py
[2025-08-19T03:16:13.819+0000] {processor.py:840} INFO - DAG(s) 'example_short_circuit_decorator' retrieved from /home/airflow/.local/lib/python3.12/site-packages/airflow/example_dags/example_short_circuit_decorator.py
[2025-08-19T03:16:13.847+0000] {logging_mixin.py:188} INFO - [2025-08-19T03:16:13.846+0000] {dag.py:3096} INFO - Sync 1 DAGs
[2025-08-19T03:16:13.872+0000] {logging_mixin.py:188} INFO - [2025-08-19T03:16:13.872+0000] {dag.py:3954} INFO - Setting next_dagrun for example_short_circuit_decorator to 2025-08-18 00:00:00+00:00, run_after=2025-08-19 00:00:00+00:00
[2025-08-19T03:16:13.897+0000] {processor.py:183} INFO - Processing /home/airflow/.local/lib/python3.12/site-packages/airflow/example_dags/example_short_circuit_decorator.py took 0.099 seconds
[2025-08-19T03:16:44.216+0000] {processor.py:161} INFO - Started process (PID=22942) to work on /home/airflow/.local/lib/python3.12/site-packages/airflow/example_dags/example_short_circuit_decorator.py
[2025-08-19T03:16:44.217+0000] {processor.py:830} INFO - Processing file /home/airflow/.local/lib/python3.12/site-packages/airflow/example_dags/example_short_circuit_decorator.py for tasks to queue
[2025-08-19T03:16:44.219+0000] {logging_mixin.py:188} INFO - [2025-08-19T03:16:44.218+0000] {dagbag.py:545} INFO - Filling up the DagBag from /home/airflow/.local/lib/python3.12/site-packages/airflow/example_dags/example_short_circuit_decorator.py
[2025-08-19T03:16:44.234+0000] {processor.py:840} INFO - DAG(s) 'example_short_circuit_decorator' retrieved from /home/airflow/.local/lib/python3.12/site-packages/airflow/example_dags/example_short_circuit_decorator.py
[2025-08-19T03:16:44.263+0000] {logging_mixin.py:188} INFO - [2025-08-19T03:16:44.263+0000] {dag.py:3096} INFO - Sync 1 DAGs
[2025-08-19T03:16:44.285+0000] {logging_mixin.py:188} INFO - [2025-08-19T03:16:44.285+0000] {dag.py:3954} INFO - Setting next_dagrun for example_short_circuit_decorator to 2025-08-18 00:00:00+00:00, run_after=2025-08-19 00:00:00+00:00
[2025-08-19T03:16:44.307+0000] {processor.py:183} INFO - Processing /home/airflow/.local/lib/python3.12/site-packages/airflow/example_dags/example_short_circuit_decorator.py took 0.097 seconds
[2025-08-19T03:17:14.599+0000] {processor.py:161} INFO - Started process (PID=22995) to work on /home/airflow/.local/lib/python3.12/site-packages/airflow/example_dags/example_short_circuit_decorator.py
[2025-08-19T03:17:14.600+0000] {processor.py:830} INFO - Processing file /home/airflow/.local/lib/python3.12/site-packages/airflow/example_dags/example_short_circuit_decorator.py for tasks to queue
[2025-08-19T03:17:14.601+0000] {logging_mixin.py:188} INFO - [2025-08-19T03:17:14.601+0000] {dagbag.py:545} INFO - Filling up the DagBag from /home/airflow/.local/lib/python3.12/site-packages/airflow/example_dags/example_short_circuit_decorator.py
[2025-08-19T03:17:14.611+0000] {processor.py:840} INFO - DAG(s) 'example_short_circuit_decorator' retrieved from /home/airflow/.local/lib/python3.12/site-packages/airflow/example_dags/example_short_circuit_decorator.py
[2025-08-19T03:17:14.636+0000] {logging_mixin.py:188} INFO - [2025-08-19T03:17:14.636+0000] {dag.py:3096} INFO - Sync 1 DAGs
[2025-08-19T03:17:14.657+0000] {logging_mixin.py:188} INFO - [2025-08-19T03:17:14.657+0000] {dag.py:3954} INFO - Setting next_dagrun for example_short_circuit_decorator to 2025-08-18 00:00:00+00:00, run_after=2025-08-19 00:00:00+00:00
[2025-08-19T03:17:14.680+0000] {processor.py:183} INFO - Processing /home/airflow/.local/lib/python3.12/site-packages/airflow/example_dags/example_short_circuit_decorator.py took 0.088 seconds
[2025-08-19T03:17:45.474+0000] {processor.py:161} INFO - Started process (PID=23048) to work on /home/airflow/.local/lib/python3.12/site-packages/airflow/example_dags/example_short_circuit_decorator.py
[2025-08-19T03:17:45.475+0000] {processor.py:830} INFO - Processing file /home/airflow/.local/lib/python3.12/site-packages/airflow/example_dags/example_short_circuit_decorator.py for tasks to queue
[2025-08-19T03:17:45.476+0000] {logging_mixin.py:188} INFO - [2025-08-19T03:17:45.476+0000] {dagbag.py:545} INFO - Filling up the DagBag from /home/airflow/.local/lib/python3.12/site-packages/airflow/example_dags/example_short_circuit_decorator.py
[2025-08-19T03:17:45.487+0000] {processor.py:840} INFO - DAG(s) 'example_short_circuit_decorator' retrieved from /home/airflow/.local/lib/python3.12/site-packages/airflow/example_dags/example_short_circuit_decorator.py
[2025-08-19T03:17:45.510+0000] {logging_mixin.py:188} INFO - [2025-08-19T03:17:45.510+0000] {dag.py:3096} INFO - Sync 1 DAGs
[2025-08-19T03:17:45.532+0000] {logging_mixin.py:188} INFO - [2025-08-19T03:17:45.531+0000] {dag.py:3954} INFO - Setting next_dagrun for example_short_circuit_decorator to 2025-08-18 00:00:00+00:00, run_after=2025-08-19 00:00:00+00:00
[2025-08-19T03:17:45.556+0000] {processor.py:183} INFO - Processing /home/airflow/.local/lib/python3.12/site-packages/airflow/example_dags/example_short_circuit_decorator.py took 0.089 seconds
[2025-08-19T03:18:15.742+0000] {processor.py:161} INFO - Started process (PID=23101) to work on /home/airflow/.local/lib/python3.12/site-packages/airflow/example_dags/example_short_circuit_decorator.py
[2025-08-19T03:18:15.746+0000] {processor.py:830} INFO - Processing file /home/airflow/.local/lib/python3.12/site-packages/airflow/example_dags/example_short_circuit_decorator.py for tasks to queue
[2025-08-19T03:18:15.747+0000] {logging_mixin.py:188} INFO - [2025-08-19T03:18:15.747+0000] {dagbag.py:545} INFO - Filling up the DagBag from /home/airflow/.local/lib/python3.12/site-packages/airflow/example_dags/example_short_circuit_decorator.py
[2025-08-19T03:18:15.758+0000] {processor.py:840} INFO - DAG(s) 'example_short_circuit_decorator' retrieved from /home/airflow/.local/lib/python3.12/site-packages/airflow/example_dags/example_short_circuit_decorator.py
[2025-08-19T03:18:15.782+0000] {logging_mixin.py:188} INFO - [2025-08-19T03:18:15.782+0000] {dag.py:3096} INFO - Sync 1 DAGs
[2025-08-19T03:18:15.805+0000] {logging_mixin.py:188} INFO - [2025-08-19T03:18:15.805+0000] {dag.py:3954} INFO - Setting next_dagrun for example_short_circuit_decorator to 2025-08-18 00:00:00+00:00, run_after=2025-08-19 00:00:00+00:00
[2025-08-19T03:18:15.839+0000] {processor.py:183} INFO - Processing /home/airflow/.local/lib/python3.12/site-packages/airflow/example_dags/example_short_circuit_decorator.py took 0.103 seconds
[2025-08-19T03:18:45.998+0000] {processor.py:161} INFO - Started process (PID=23154) to work on /home/airflow/.local/lib/python3.12/site-packages/airflow/example_dags/example_short_circuit_decorator.py
[2025-08-19T03:18:46.000+0000] {processor.py:830} INFO - Processing file /home/airflow/.local/lib/python3.12/site-packages/airflow/example_dags/example_short_circuit_decorator.py for tasks to queue
[2025-08-19T03:18:46.001+0000] {logging_mixin.py:188} INFO - [2025-08-19T03:18:46.001+0000] {dagbag.py:545} INFO - Filling up the DagBag from /home/airflow/.local/lib/python3.12/site-packages/airflow/example_dags/example_short_circuit_decorator.py
[2025-08-19T03:18:46.012+0000] {processor.py:840} INFO - DAG(s) 'example_short_circuit_decorator' retrieved from /home/airflow/.local/lib/python3.12/site-packages/airflow/example_dags/example_short_circuit_decorator.py
[2025-08-19T03:18:46.036+0000] {logging_mixin.py:188} INFO - [2025-08-19T03:18:46.036+0000] {dag.py:3096} INFO - Sync 1 DAGs
[2025-08-19T03:18:46.059+0000] {logging_mixin.py:188} INFO - [2025-08-19T03:18:46.059+0000] {dag.py:3954} INFO - Setting next_dagrun for example_short_circuit_decorator to 2025-08-18 00:00:00+00:00, run_after=2025-08-19 00:00:00+00:00
[2025-08-19T03:18:46.088+0000] {processor.py:183} INFO - Processing /home/airflow/.local/lib/python3.12/site-packages/airflow/example_dags/example_short_circuit_decorator.py took 0.095 seconds
[2025-08-19T03:19:16.152+0000] {processor.py:161} INFO - Started process (PID=23207) to work on /home/airflow/.local/lib/python3.12/site-packages/airflow/example_dags/example_short_circuit_decorator.py
[2025-08-19T03:19:16.153+0000] {processor.py:830} INFO - Processing file /home/airflow/.local/lib/python3.12/site-packages/airflow/example_dags/example_short_circuit_decorator.py for tasks to queue
[2025-08-19T03:19:16.154+0000] {logging_mixin.py:188} INFO - [2025-08-19T03:19:16.154+0000] {dagbag.py:545} INFO - Filling up the DagBag from /home/airflow/.local/lib/python3.12/site-packages/airflow/example_dags/example_short_circuit_decorator.py
[2025-08-19T03:19:16.163+0000] {processor.py:840} INFO - DAG(s) 'example_short_circuit_decorator' retrieved from /home/airflow/.local/lib/python3.12/site-packages/airflow/example_dags/example_short_circuit_decorator.py
[2025-08-19T03:19:16.189+0000] {logging_mixin.py:188} INFO - [2025-08-19T03:19:16.189+0000] {dag.py:3096} INFO - Sync 1 DAGs
[2025-08-19T03:19:16.212+0000] {logging_mixin.py:188} INFO - [2025-08-19T03:19:16.212+0000] {dag.py:3954} INFO - Setting next_dagrun for example_short_circuit_decorator to 2025-08-18 00:00:00+00:00, run_after=2025-08-19 00:00:00+00:00
[2025-08-19T03:19:16.237+0000] {processor.py:183} INFO - Processing /home/airflow/.local/lib/python3.12/site-packages/airflow/example_dags/example_short_circuit_decorator.py took 0.092 seconds
[2025-08-19T03:19:46.944+0000] {processor.py:161} INFO - Started process (PID=23260) to work on /home/airflow/.local/lib/python3.12/site-packages/airflow/example_dags/example_short_circuit_decorator.py
[2025-08-19T03:19:46.945+0000] {processor.py:830} INFO - Processing file /home/airflow/.local/lib/python3.12/site-packages/airflow/example_dags/example_short_circuit_decorator.py for tasks to queue
[2025-08-19T03:19:46.947+0000] {logging_mixin.py:188} INFO - [2025-08-19T03:19:46.946+0000] {dagbag.py:545} INFO - Filling up the DagBag from /home/airflow/.local/lib/python3.12/site-packages/airflow/example_dags/example_short_circuit_decorator.py
[2025-08-19T03:19:46.958+0000] {processor.py:840} INFO - DAG(s) 'example_short_circuit_decorator' retrieved from /home/airflow/.local/lib/python3.12/site-packages/airflow/example_dags/example_short_circuit_decorator.py
[2025-08-19T03:19:46.985+0000] {logging_mixin.py:188} INFO - [2025-08-19T03:19:46.985+0000] {dag.py:3096} INFO - Sync 1 DAGs
[2025-08-19T03:19:47.020+0000] {logging_mixin.py:188} INFO - [2025-08-19T03:19:47.020+0000] {dag.py:3954} INFO - Setting next_dagrun for example_short_circuit_decorator to 2025-08-18 00:00:00+00:00, run_after=2025-08-19 00:00:00+00:00
[2025-08-19T03:19:47.057+0000] {processor.py:183} INFO - Processing /home/airflow/.local/lib/python3.12/site-packages/airflow/example_dags/example_short_circuit_decorator.py took 0.120 seconds
[2025-08-19T03:20:17.620+0000] {processor.py:161} INFO - Started process (PID=23313) to work on /home/airflow/.local/lib/python3.12/site-packages/airflow/example_dags/example_short_circuit_decorator.py
[2025-08-19T03:20:17.621+0000] {processor.py:830} INFO - Processing file /home/airflow/.local/lib/python3.12/site-packages/airflow/example_dags/example_short_circuit_decorator.py for tasks to queue
[2025-08-19T03:20:17.623+0000] {logging_mixin.py:188} INFO - [2025-08-19T03:20:17.623+0000] {dagbag.py:545} INFO - Filling up the DagBag from /home/airflow/.local/lib/python3.12/site-packages/airflow/example_dags/example_short_circuit_decorator.py
[2025-08-19T03:20:17.633+0000] {processor.py:840} INFO - DAG(s) 'example_short_circuit_decorator' retrieved from /home/airflow/.local/lib/python3.12/site-packages/airflow/example_dags/example_short_circuit_decorator.py
[2025-08-19T03:20:17.657+0000] {logging_mixin.py:188} INFO - [2025-08-19T03:20:17.657+0000] {dag.py:3096} INFO - Sync 1 DAGs
[2025-08-19T03:20:17.682+0000] {logging_mixin.py:188} INFO - [2025-08-19T03:20:17.682+0000] {dag.py:3954} INFO - Setting next_dagrun for example_short_circuit_decorator to 2025-08-18 00:00:00+00:00, run_after=2025-08-19 00:00:00+00:00
[2025-08-19T03:20:17.707+0000] {processor.py:183} INFO - Processing /home/airflow/.local/lib/python3.12/site-packages/airflow/example_dags/example_short_circuit_decorator.py took 0.093 seconds
[2025-08-19T03:20:47.868+0000] {processor.py:161} INFO - Started process (PID=23366) to work on /home/airflow/.local/lib/python3.12/site-packages/airflow/example_dags/example_short_circuit_decorator.py
[2025-08-19T03:20:47.869+0000] {processor.py:830} INFO - Processing file /home/airflow/.local/lib/python3.12/site-packages/airflow/example_dags/example_short_circuit_decorator.py for tasks to queue
[2025-08-19T03:20:47.871+0000] {logging_mixin.py:188} INFO - [2025-08-19T03:20:47.871+0000] {dagbag.py:545} INFO - Filling up the DagBag from /home/airflow/.local/lib/python3.12/site-packages/airflow/example_dags/example_short_circuit_decorator.py
[2025-08-19T03:20:47.881+0000] {processor.py:840} INFO - DAG(s) 'example_short_circuit_decorator' retrieved from /home/airflow/.local/lib/python3.12/site-packages/airflow/example_dags/example_short_circuit_decorator.py
[2025-08-19T03:20:47.906+0000] {logging_mixin.py:188} INFO - [2025-08-19T03:20:47.905+0000] {dag.py:3096} INFO - Sync 1 DAGs
[2025-08-19T03:20:47.928+0000] {logging_mixin.py:188} INFO - [2025-08-19T03:20:47.928+0000] {dag.py:3954} INFO - Setting next_dagrun for example_short_circuit_decorator to 2025-08-18 00:00:00+00:00, run_after=2025-08-19 00:00:00+00:00
[2025-08-19T03:20:47.957+0000] {processor.py:183} INFO - Processing /home/airflow/.local/lib/python3.12/site-packages/airflow/example_dags/example_short_circuit_decorator.py took 0.095 seconds
[2025-08-19T03:21:18.837+0000] {processor.py:161} INFO - Started process (PID=23419) to work on /home/airflow/.local/lib/python3.12/site-packages/airflow/example_dags/example_short_circuit_decorator.py
[2025-08-19T03:21:18.838+0000] {processor.py:830} INFO - Processing file /home/airflow/.local/lib/python3.12/site-packages/airflow/example_dags/example_short_circuit_decorator.py for tasks to queue
[2025-08-19T03:21:18.839+0000] {logging_mixin.py:188} INFO - [2025-08-19T03:21:18.839+0000] {dagbag.py:545} INFO - Filling up the DagBag from /home/airflow/.local/lib/python3.12/site-packages/airflow/example_dags/example_short_circuit_decorator.py
[2025-08-19T03:21:18.850+0000] {processor.py:840} INFO - DAG(s) 'example_short_circuit_decorator' retrieved from /home/airflow/.local/lib/python3.12/site-packages/airflow/example_dags/example_short_circuit_decorator.py
[2025-08-19T03:21:18.876+0000] {logging_mixin.py:188} INFO - [2025-08-19T03:21:18.875+0000] {dag.py:3096} INFO - Sync 1 DAGs
[2025-08-19T03:21:18.900+0000] {logging_mixin.py:188} INFO - [2025-08-19T03:21:18.900+0000] {dag.py:3954} INFO - Setting next_dagrun for example_short_circuit_decorator to 2025-08-18 00:00:00+00:00, run_after=2025-08-19 00:00:00+00:00
[2025-08-19T03:21:18.926+0000] {processor.py:183} INFO - Processing /home/airflow/.local/lib/python3.12/site-packages/airflow/example_dags/example_short_circuit_decorator.py took 0.096 seconds
[2025-08-19T03:21:49.362+0000] {processor.py:161} INFO - Started process (PID=23472) to work on /home/airflow/.local/lib/python3.12/site-packages/airflow/example_dags/example_short_circuit_decorator.py
[2025-08-19T03:21:49.364+0000] {processor.py:830} INFO - Processing file /home/airflow/.local/lib/python3.12/site-packages/airflow/example_dags/example_short_circuit_decorator.py for tasks to queue
[2025-08-19T03:21:49.365+0000] {logging_mixin.py:188} INFO - [2025-08-19T03:21:49.365+0000] {dagbag.py:545} INFO - Filling up the DagBag from /home/airflow/.local/lib/python3.12/site-packages/airflow/example_dags/example_short_circuit_decorator.py
[2025-08-19T03:21:49.376+0000] {processor.py:840} INFO - DAG(s) 'example_short_circuit_decorator' retrieved from /home/airflow/.local/lib/python3.12/site-packages/airflow/example_dags/example_short_circuit_decorator.py
[2025-08-19T03:21:49.404+0000] {logging_mixin.py:188} INFO - [2025-08-19T03:21:49.404+0000] {dag.py:3096} INFO - Sync 1 DAGs
[2025-08-19T03:21:49.427+0000] {logging_mixin.py:188} INFO - [2025-08-19T03:21:49.427+0000] {dag.py:3954} INFO - Setting next_dagrun for example_short_circuit_decorator to 2025-08-18 00:00:00+00:00, run_after=2025-08-19 00:00:00+00:00
[2025-08-19T03:21:49.454+0000] {processor.py:183} INFO - Processing /home/airflow/.local/lib/python3.12/site-packages/airflow/example_dags/example_short_circuit_decorator.py took 0.100 seconds
[2025-08-19T03:22:19.930+0000] {processor.py:161} INFO - Started process (PID=23525) to work on /home/airflow/.local/lib/python3.12/site-packages/airflow/example_dags/example_short_circuit_decorator.py
[2025-08-19T03:22:19.932+0000] {processor.py:830} INFO - Processing file /home/airflow/.local/lib/python3.12/site-packages/airflow/example_dags/example_short_circuit_decorator.py for tasks to queue
[2025-08-19T03:22:19.934+0000] {logging_mixin.py:188} INFO - [2025-08-19T03:22:19.933+0000] {dagbag.py:545} INFO - Filling up the DagBag from /home/airflow/.local/lib/python3.12/site-packages/airflow/example_dags/example_short_circuit_decorator.py
[2025-08-19T03:22:19.946+0000] {processor.py:840} INFO - DAG(s) 'example_short_circuit_decorator' retrieved from /home/airflow/.local/lib/python3.12/site-packages/airflow/example_dags/example_short_circuit_decorator.py
[2025-08-19T03:22:19.977+0000] {logging_mixin.py:188} INFO - [2025-08-19T03:22:19.976+0000] {dag.py:3096} INFO - Sync 1 DAGs
[2025-08-19T03:22:19.999+0000] {logging_mixin.py:188} INFO - [2025-08-19T03:22:19.998+0000] {dag.py:3954} INFO - Setting next_dagrun for example_short_circuit_decorator to 2025-08-18 00:00:00+00:00, run_after=2025-08-19 00:00:00+00:00
[2025-08-19T03:22:20.025+0000] {processor.py:183} INFO - Processing /home/airflow/.local/lib/python3.12/site-packages/airflow/example_dags/example_short_circuit_decorator.py took 0.103 seconds
[2025-08-19T03:22:50.375+0000] {processor.py:161} INFO - Started process (PID=23578) to work on /home/airflow/.local/lib/python3.12/site-packages/airflow/example_dags/example_short_circuit_decorator.py
[2025-08-19T03:22:50.376+0000] {processor.py:830} INFO - Processing file /home/airflow/.local/lib/python3.12/site-packages/airflow/example_dags/example_short_circuit_decorator.py for tasks to queue
[2025-08-19T03:22:50.378+0000] {logging_mixin.py:188} INFO - [2025-08-19T03:22:50.377+0000] {dagbag.py:545} INFO - Filling up the DagBag from /home/airflow/.local/lib/python3.12/site-packages/airflow/example_dags/example_short_circuit_decorator.py
[2025-08-19T03:22:50.389+0000] {processor.py:840} INFO - DAG(s) 'example_short_circuit_decorator' retrieved from /home/airflow/.local/lib/python3.12/site-packages/airflow/example_dags/example_short_circuit_decorator.py
[2025-08-19T03:22:50.421+0000] {logging_mixin.py:188} INFO - [2025-08-19T03:22:50.421+0000] {dag.py:3096} INFO - Sync 1 DAGs
[2025-08-19T03:22:50.452+0000] {logging_mixin.py:188} INFO - [2025-08-19T03:22:50.451+0000] {dag.py:3954} INFO - Setting next_dagrun for example_short_circuit_decorator to 2025-08-18 00:00:00+00:00, run_after=2025-08-19 00:00:00+00:00
[2025-08-19T03:22:50.484+0000] {processor.py:183} INFO - Processing /home/airflow/.local/lib/python3.12/site-packages/airflow/example_dags/example_short_circuit_decorator.py took 0.117 seconds
[2025-08-19T03:23:20.835+0000] {processor.py:161} INFO - Started process (PID=23631) to work on /home/airflow/.local/lib/python3.12/site-packages/airflow/example_dags/example_short_circuit_decorator.py
[2025-08-19T03:23:20.837+0000] {processor.py:830} INFO - Processing file /home/airflow/.local/lib/python3.12/site-packages/airflow/example_dags/example_short_circuit_decorator.py for tasks to queue
[2025-08-19T03:23:20.839+0000] {logging_mixin.py:188} INFO - [2025-08-19T03:23:20.838+0000] {dagbag.py:545} INFO - Filling up the DagBag from /home/airflow/.local/lib/python3.12/site-packages/airflow/example_dags/example_short_circuit_decorator.py
[2025-08-19T03:23:20.849+0000] {processor.py:840} INFO - DAG(s) 'example_short_circuit_decorator' retrieved from /home/airflow/.local/lib/python3.12/site-packages/airflow/example_dags/example_short_circuit_decorator.py
[2025-08-19T03:23:20.876+0000] {logging_mixin.py:188} INFO - [2025-08-19T03:23:20.875+0000] {dag.py:3096} INFO - Sync 1 DAGs
[2025-08-19T03:23:20.898+0000] {logging_mixin.py:188} INFO - [2025-08-19T03:23:20.898+0000] {dag.py:3954} INFO - Setting next_dagrun for example_short_circuit_decorator to 2025-08-18 00:00:00+00:00, run_after=2025-08-19 00:00:00+00:00
[2025-08-19T03:23:20.922+0000] {processor.py:183} INFO - Processing /home/airflow/.local/lib/python3.12/site-packages/airflow/example_dags/example_short_circuit_decorator.py took 0.093 seconds
[2025-08-19T03:23:51.293+0000] {processor.py:161} INFO - Started process (PID=23684) to work on /home/airflow/.local/lib/python3.12/site-packages/airflow/example_dags/example_short_circuit_decorator.py
[2025-08-19T03:23:51.295+0000] {processor.py:830} INFO - Processing file /home/airflow/.local/lib/python3.12/site-packages/airflow/example_dags/example_short_circuit_decorator.py for tasks to queue
[2025-08-19T03:23:51.296+0000] {logging_mixin.py:188} INFO - [2025-08-19T03:23:51.296+0000] {dagbag.py:545} INFO - Filling up the DagBag from /home/airflow/.local/lib/python3.12/site-packages/airflow/example_dags/example_short_circuit_decorator.py
[2025-08-19T03:23:51.306+0000] {processor.py:840} INFO - DAG(s) 'example_short_circuit_decorator' retrieved from /home/airflow/.local/lib/python3.12/site-packages/airflow/example_dags/example_short_circuit_decorator.py
[2025-08-19T03:23:51.335+0000] {logging_mixin.py:188} INFO - [2025-08-19T03:23:51.335+0000] {dag.py:3096} INFO - Sync 1 DAGs
[2025-08-19T03:23:51.360+0000] {logging_mixin.py:188} INFO - [2025-08-19T03:23:51.360+0000] {dag.py:3954} INFO - Setting next_dagrun for example_short_circuit_decorator to 2025-08-18 00:00:00+00:00, run_after=2025-08-19 00:00:00+00:00
[2025-08-19T03:23:51.384+0000] {processor.py:183} INFO - Processing /home/airflow/.local/lib/python3.12/site-packages/airflow/example_dags/example_short_circuit_decorator.py took 0.097 seconds
[2025-08-19T03:24:21.953+0000] {processor.py:161} INFO - Started process (PID=23737) to work on /home/airflow/.local/lib/python3.12/site-packages/airflow/example_dags/example_short_circuit_decorator.py
[2025-08-19T03:24:21.955+0000] {processor.py:830} INFO - Processing file /home/airflow/.local/lib/python3.12/site-packages/airflow/example_dags/example_short_circuit_decorator.py for tasks to queue
[2025-08-19T03:24:21.957+0000] {logging_mixin.py:188} INFO - [2025-08-19T03:24:21.957+0000] {dagbag.py:545} INFO - Filling up the DagBag from /home/airflow/.local/lib/python3.12/site-packages/airflow/example_dags/example_short_circuit_decorator.py
[2025-08-19T03:24:21.967+0000] {processor.py:840} INFO - DAG(s) 'example_short_circuit_decorator' retrieved from /home/airflow/.local/lib/python3.12/site-packages/airflow/example_dags/example_short_circuit_decorator.py
[2025-08-19T03:24:21.993+0000] {logging_mixin.py:188} INFO - [2025-08-19T03:24:21.993+0000] {dag.py:3096} INFO - Sync 1 DAGs
[2025-08-19T03:24:22.016+0000] {logging_mixin.py:188} INFO - [2025-08-19T03:24:22.016+0000] {dag.py:3954} INFO - Setting next_dagrun for example_short_circuit_decorator to 2025-08-18 00:00:00+00:00, run_after=2025-08-19 00:00:00+00:00
[2025-08-19T03:24:22.066+0000] {processor.py:183} INFO - Processing /home/airflow/.local/lib/python3.12/site-packages/airflow/example_dags/example_short_circuit_decorator.py took 0.120 seconds
[2025-08-19T03:24:52.563+0000] {processor.py:161} INFO - Started process (PID=23790) to work on /home/airflow/.local/lib/python3.12/site-packages/airflow/example_dags/example_short_circuit_decorator.py
[2025-08-19T03:24:52.565+0000] {processor.py:830} INFO - Processing file /home/airflow/.local/lib/python3.12/site-packages/airflow/example_dags/example_short_circuit_decorator.py for tasks to queue
[2025-08-19T03:24:52.566+0000] {logging_mixin.py:188} INFO - [2025-08-19T03:24:52.566+0000] {dagbag.py:545} INFO - Filling up the DagBag from /home/airflow/.local/lib/python3.12/site-packages/airflow/example_dags/example_short_circuit_decorator.py
[2025-08-19T03:24:52.576+0000] {processor.py:840} INFO - DAG(s) 'example_short_circuit_decorator' retrieved from /home/airflow/.local/lib/python3.12/site-packages/airflow/example_dags/example_short_circuit_decorator.py
[2025-08-19T03:24:52.603+0000] {logging_mixin.py:188} INFO - [2025-08-19T03:24:52.603+0000] {dag.py:3096} INFO - Sync 1 DAGs
[2025-08-19T03:24:52.626+0000] {logging_mixin.py:188} INFO - [2025-08-19T03:24:52.626+0000] {dag.py:3954} INFO - Setting next_dagrun for example_short_circuit_decorator to 2025-08-18 00:00:00+00:00, run_after=2025-08-19 00:00:00+00:00
[2025-08-19T03:24:52.652+0000] {processor.py:183} INFO - Processing /home/airflow/.local/lib/python3.12/site-packages/airflow/example_dags/example_short_circuit_decorator.py took 0.095 seconds
[2025-08-19T03:25:23.170+0000] {processor.py:161} INFO - Started process (PID=23843) to work on /home/airflow/.local/lib/python3.12/site-packages/airflow/example_dags/example_short_circuit_decorator.py
[2025-08-19T03:25:23.172+0000] {processor.py:830} INFO - Processing file /home/airflow/.local/lib/python3.12/site-packages/airflow/example_dags/example_short_circuit_decorator.py for tasks to queue
[2025-08-19T03:25:23.173+0000] {logging_mixin.py:188} INFO - [2025-08-19T03:25:23.173+0000] {dagbag.py:545} INFO - Filling up the DagBag from /home/airflow/.local/lib/python3.12/site-packages/airflow/example_dags/example_short_circuit_decorator.py
[2025-08-19T03:25:23.184+0000] {processor.py:840} INFO - DAG(s) 'example_short_circuit_decorator' retrieved from /home/airflow/.local/lib/python3.12/site-packages/airflow/example_dags/example_short_circuit_decorator.py
[2025-08-19T03:25:23.211+0000] {logging_mixin.py:188} INFO - [2025-08-19T03:25:23.211+0000] {dag.py:3096} INFO - Sync 1 DAGs
[2025-08-19T03:25:23.235+0000] {logging_mixin.py:188} INFO - [2025-08-19T03:25:23.234+0000] {dag.py:3954} INFO - Setting next_dagrun for example_short_circuit_decorator to 2025-08-18 00:00:00+00:00, run_after=2025-08-19 00:00:00+00:00
[2025-08-19T03:25:23.265+0000] {processor.py:183} INFO - Processing /home/airflow/.local/lib/python3.12/site-packages/airflow/example_dags/example_short_circuit_decorator.py took 0.102 seconds
[2025-08-19T03:25:53.557+0000] {processor.py:161} INFO - Started process (PID=23896) to work on /home/airflow/.local/lib/python3.12/site-packages/airflow/example_dags/example_short_circuit_decorator.py
[2025-08-19T03:25:53.559+0000] {processor.py:830} INFO - Processing file /home/airflow/.local/lib/python3.12/site-packages/airflow/example_dags/example_short_circuit_decorator.py for tasks to queue
[2025-08-19T03:25:53.560+0000] {logging_mixin.py:188} INFO - [2025-08-19T03:25:53.560+0000] {dagbag.py:545} INFO - Filling up the DagBag from /home/airflow/.local/lib/python3.12/site-packages/airflow/example_dags/example_short_circuit_decorator.py
[2025-08-19T03:25:53.580+0000] {processor.py:840} INFO - DAG(s) 'example_short_circuit_decorator' retrieved from /home/airflow/.local/lib/python3.12/site-packages/airflow/example_dags/example_short_circuit_decorator.py
[2025-08-19T03:25:53.610+0000] {logging_mixin.py:188} INFO - [2025-08-19T03:25:53.610+0000] {dag.py:3096} INFO - Sync 1 DAGs
[2025-08-19T03:25:53.633+0000] {logging_mixin.py:188} INFO - [2025-08-19T03:25:53.633+0000] {dag.py:3954} INFO - Setting next_dagrun for example_short_circuit_decorator to 2025-08-18 00:00:00+00:00, run_after=2025-08-19 00:00:00+00:00
[2025-08-19T03:25:53.660+0000] {processor.py:183} INFO - Processing /home/airflow/.local/lib/python3.12/site-packages/airflow/example_dags/example_short_circuit_decorator.py took 0.108 seconds
[2025-08-19T03:26:23.883+0000] {processor.py:161} INFO - Started process (PID=23949) to work on /home/airflow/.local/lib/python3.12/site-packages/airflow/example_dags/example_short_circuit_decorator.py
[2025-08-19T03:26:23.885+0000] {processor.py:830} INFO - Processing file /home/airflow/.local/lib/python3.12/site-packages/airflow/example_dags/example_short_circuit_decorator.py for tasks to queue
[2025-08-19T03:26:23.887+0000] {logging_mixin.py:188} INFO - [2025-08-19T03:26:23.887+0000] {dagbag.py:545} INFO - Filling up the DagBag from /home/airflow/.local/lib/python3.12/site-packages/airflow/example_dags/example_short_circuit_decorator.py
[2025-08-19T03:26:23.908+0000] {processor.py:840} INFO - DAG(s) 'example_short_circuit_decorator' retrieved from /home/airflow/.local/lib/python3.12/site-packages/airflow/example_dags/example_short_circuit_decorator.py
[2025-08-19T03:26:23.947+0000] {logging_mixin.py:188} INFO - [2025-08-19T03:26:23.947+0000] {dag.py:3096} INFO - Sync 1 DAGs
[2025-08-19T03:26:23.975+0000] {logging_mixin.py:188} INFO - [2025-08-19T03:26:23.975+0000] {dag.py:3954} INFO - Setting next_dagrun for example_short_circuit_decorator to 2025-08-18 00:00:00+00:00, run_after=2025-08-19 00:00:00+00:00
[2025-08-19T03:26:24.017+0000] {processor.py:183} INFO - Processing /home/airflow/.local/lib/python3.12/site-packages/airflow/example_dags/example_short_circuit_decorator.py took 0.148 seconds
[2025-08-19T03:26:54.432+0000] {processor.py:161} INFO - Started process (PID=24002) to work on /home/airflow/.local/lib/python3.12/site-packages/airflow/example_dags/example_short_circuit_decorator.py
[2025-08-19T03:26:54.438+0000] {processor.py:830} INFO - Processing file /home/airflow/.local/lib/python3.12/site-packages/airflow/example_dags/example_short_circuit_decorator.py for tasks to queue
[2025-08-19T03:26:54.439+0000] {logging_mixin.py:188} INFO - [2025-08-19T03:26:54.439+0000] {dagbag.py:545} INFO - Filling up the DagBag from /home/airflow/.local/lib/python3.12/site-packages/airflow/example_dags/example_short_circuit_decorator.py
[2025-08-19T03:26:54.450+0000] {processor.py:840} INFO - DAG(s) 'example_short_circuit_decorator' retrieved from /home/airflow/.local/lib/python3.12/site-packages/airflow/example_dags/example_short_circuit_decorator.py
[2025-08-19T03:26:54.476+0000] {logging_mixin.py:188} INFO - [2025-08-19T03:26:54.476+0000] {dag.py:3096} INFO - Sync 1 DAGs
[2025-08-19T03:26:54.500+0000] {logging_mixin.py:188} INFO - [2025-08-19T03:26:54.500+0000] {dag.py:3954} INFO - Setting next_dagrun for example_short_circuit_decorator to 2025-08-18 00:00:00+00:00, run_after=2025-08-19 00:00:00+00:00
[2025-08-19T03:26:54.530+0000] {processor.py:183} INFO - Processing /home/airflow/.local/lib/python3.12/site-packages/airflow/example_dags/example_short_circuit_decorator.py took 0.105 seconds
[2025-08-19T03:27:24.874+0000] {processor.py:161} INFO - Started process (PID=24055) to work on /home/airflow/.local/lib/python3.12/site-packages/airflow/example_dags/example_short_circuit_decorator.py
[2025-08-19T03:27:24.875+0000] {processor.py:830} INFO - Processing file /home/airflow/.local/lib/python3.12/site-packages/airflow/example_dags/example_short_circuit_decorator.py for tasks to queue
[2025-08-19T03:27:24.877+0000] {logging_mixin.py:188} INFO - [2025-08-19T03:27:24.877+0000] {dagbag.py:545} INFO - Filling up the DagBag from /home/airflow/.local/lib/python3.12/site-packages/airflow/example_dags/example_short_circuit_decorator.py
[2025-08-19T03:27:24.887+0000] {processor.py:840} INFO - DAG(s) 'example_short_circuit_decorator' retrieved from /home/airflow/.local/lib/python3.12/site-packages/airflow/example_dags/example_short_circuit_decorator.py
[2025-08-19T03:27:24.915+0000] {logging_mixin.py:188} INFO - [2025-08-19T03:27:24.915+0000] {dag.py:3096} INFO - Sync 1 DAGs
[2025-08-19T03:27:24.938+0000] {logging_mixin.py:188} INFO - [2025-08-19T03:27:24.937+0000] {dag.py:3954} INFO - Setting next_dagrun for example_short_circuit_decorator to 2025-08-18 00:00:00+00:00, run_after=2025-08-19 00:00:00+00:00
[2025-08-19T03:27:24.970+0000] {processor.py:183} INFO - Processing /home/airflow/.local/lib/python3.12/site-packages/airflow/example_dags/example_short_circuit_decorator.py took 0.101 seconds
[2025-08-19T03:27:55.414+0000] {processor.py:161} INFO - Started process (PID=24108) to work on /home/airflow/.local/lib/python3.12/site-packages/airflow/example_dags/example_short_circuit_decorator.py
[2025-08-19T03:27:55.416+0000] {processor.py:830} INFO - Processing file /home/airflow/.local/lib/python3.12/site-packages/airflow/example_dags/example_short_circuit_decorator.py for tasks to queue
[2025-08-19T03:27:55.417+0000] {logging_mixin.py:188} INFO - [2025-08-19T03:27:55.417+0000] {dagbag.py:545} INFO - Filling up the DagBag from /home/airflow/.local/lib/python3.12/site-packages/airflow/example_dags/example_short_circuit_decorator.py
[2025-08-19T03:27:55.427+0000] {processor.py:840} INFO - DAG(s) 'example_short_circuit_decorator' retrieved from /home/airflow/.local/lib/python3.12/site-packages/airflow/example_dags/example_short_circuit_decorator.py
[2025-08-19T03:27:55.453+0000] {logging_mixin.py:188} INFO - [2025-08-19T03:27:55.453+0000] {dag.py:3096} INFO - Sync 1 DAGs
[2025-08-19T03:27:55.475+0000] {logging_mixin.py:188} INFO - [2025-08-19T03:27:55.475+0000] {dag.py:3954} INFO - Setting next_dagrun for example_short_circuit_decorator to 2025-08-18 00:00:00+00:00, run_after=2025-08-19 00:00:00+00:00
[2025-08-19T03:27:55.501+0000] {processor.py:183} INFO - Processing /home/airflow/.local/lib/python3.12/site-packages/airflow/example_dags/example_short_circuit_decorator.py took 0.094 seconds
[2025-08-19T03:28:25.830+0000] {processor.py:161} INFO - Started process (PID=24161) to work on /home/airflow/.local/lib/python3.12/site-packages/airflow/example_dags/example_short_circuit_decorator.py
[2025-08-19T03:28:25.831+0000] {processor.py:830} INFO - Processing file /home/airflow/.local/lib/python3.12/site-packages/airflow/example_dags/example_short_circuit_decorator.py for tasks to queue
[2025-08-19T03:28:25.833+0000] {logging_mixin.py:188} INFO - [2025-08-19T03:28:25.832+0000] {dagbag.py:545} INFO - Filling up the DagBag from /home/airflow/.local/lib/python3.12/site-packages/airflow/example_dags/example_short_circuit_decorator.py
[2025-08-19T03:28:25.844+0000] {processor.py:840} INFO - DAG(s) 'example_short_circuit_decorator' retrieved from /home/airflow/.local/lib/python3.12/site-packages/airflow/example_dags/example_short_circuit_decorator.py
[2025-08-19T03:28:25.872+0000] {logging_mixin.py:188} INFO - [2025-08-19T03:28:25.872+0000] {dag.py:3096} INFO - Sync 1 DAGs
[2025-08-19T03:28:25.895+0000] {logging_mixin.py:188} INFO - [2025-08-19T03:28:25.894+0000] {dag.py:3954} INFO - Setting next_dagrun for example_short_circuit_decorator to 2025-08-18 00:00:00+00:00, run_after=2025-08-19 00:00:00+00:00
[2025-08-19T03:28:25.920+0000] {processor.py:183} INFO - Processing /home/airflow/.local/lib/python3.12/site-packages/airflow/example_dags/example_short_circuit_decorator.py took 0.098 seconds
[2025-08-19T03:28:56.262+0000] {processor.py:161} INFO - Started process (PID=24214) to work on /home/airflow/.local/lib/python3.12/site-packages/airflow/example_dags/example_short_circuit_decorator.py
[2025-08-19T03:28:56.263+0000] {processor.py:830} INFO - Processing file /home/airflow/.local/lib/python3.12/site-packages/airflow/example_dags/example_short_circuit_decorator.py for tasks to queue
[2025-08-19T03:28:56.265+0000] {logging_mixin.py:188} INFO - [2025-08-19T03:28:56.264+0000] {dagbag.py:545} INFO - Filling up the DagBag from /home/airflow/.local/lib/python3.12/site-packages/airflow/example_dags/example_short_circuit_decorator.py
[2025-08-19T03:28:56.276+0000] {processor.py:840} INFO - DAG(s) 'example_short_circuit_decorator' retrieved from /home/airflow/.local/lib/python3.12/site-packages/airflow/example_dags/example_short_circuit_decorator.py
[2025-08-19T03:28:56.303+0000] {logging_mixin.py:188} INFO - [2025-08-19T03:28:56.303+0000] {dag.py:3096} INFO - Sync 1 DAGs
[2025-08-19T03:28:56.326+0000] {logging_mixin.py:188} INFO - [2025-08-19T03:28:56.326+0000] {dag.py:3954} INFO - Setting next_dagrun for example_short_circuit_decorator to 2025-08-18 00:00:00+00:00, run_after=2025-08-19 00:00:00+00:00
[2025-08-19T03:28:56.358+0000] {processor.py:183} INFO - Processing /home/airflow/.local/lib/python3.12/site-packages/airflow/example_dags/example_short_circuit_decorator.py took 0.103 seconds
[2025-08-19T03:29:26.648+0000] {processor.py:161} INFO - Started process (PID=24267) to work on /home/airflow/.local/lib/python3.12/site-packages/airflow/example_dags/example_short_circuit_decorator.py
[2025-08-19T03:29:26.650+0000] {processor.py:830} INFO - Processing file /home/airflow/.local/lib/python3.12/site-packages/airflow/example_dags/example_short_circuit_decorator.py for tasks to queue
[2025-08-19T03:29:26.651+0000] {logging_mixin.py:188} INFO - [2025-08-19T03:29:26.651+0000] {dagbag.py:545} INFO - Filling up the DagBag from /home/airflow/.local/lib/python3.12/site-packages/airflow/example_dags/example_short_circuit_decorator.py
[2025-08-19T03:29:26.662+0000] {processor.py:840} INFO - DAG(s) 'example_short_circuit_decorator' retrieved from /home/airflow/.local/lib/python3.12/site-packages/airflow/example_dags/example_short_circuit_decorator.py
[2025-08-19T03:29:26.691+0000] {logging_mixin.py:188} INFO - [2025-08-19T03:29:26.690+0000] {dag.py:3096} INFO - Sync 1 DAGs
[2025-08-19T03:29:26.713+0000] {logging_mixin.py:188} INFO - [2025-08-19T03:29:26.713+0000] {dag.py:3954} INFO - Setting next_dagrun for example_short_circuit_decorator to 2025-08-18 00:00:00+00:00, run_after=2025-08-19 00:00:00+00:00
[2025-08-19T03:29:26.739+0000] {processor.py:183} INFO - Processing /home/airflow/.local/lib/python3.12/site-packages/airflow/example_dags/example_short_circuit_decorator.py took 0.097 seconds
[2025-08-19T03:29:56.999+0000] {processor.py:161} INFO - Started process (PID=24320) to work on /home/airflow/.local/lib/python3.12/site-packages/airflow/example_dags/example_short_circuit_decorator.py
[2025-08-19T03:29:57.001+0000] {processor.py:830} INFO - Processing file /home/airflow/.local/lib/python3.12/site-packages/airflow/example_dags/example_short_circuit_decorator.py for tasks to queue
[2025-08-19T03:29:57.002+0000] {logging_mixin.py:188} INFO - [2025-08-19T03:29:57.002+0000] {dagbag.py:545} INFO - Filling up the DagBag from /home/airflow/.local/lib/python3.12/site-packages/airflow/example_dags/example_short_circuit_decorator.py
[2025-08-19T03:29:57.014+0000] {processor.py:840} INFO - DAG(s) 'example_short_circuit_decorator' retrieved from /home/airflow/.local/lib/python3.12/site-packages/airflow/example_dags/example_short_circuit_decorator.py
[2025-08-19T03:29:57.042+0000] {logging_mixin.py:188} INFO - [2025-08-19T03:29:57.042+0000] {dag.py:3096} INFO - Sync 1 DAGs
[2025-08-19T03:29:57.064+0000] {logging_mixin.py:188} INFO - [2025-08-19T03:29:57.064+0000] {dag.py:3954} INFO - Setting next_dagrun for example_short_circuit_decorator to 2025-08-18 00:00:00+00:00, run_after=2025-08-19 00:00:00+00:00
[2025-08-19T03:29:57.098+0000] {processor.py:183} INFO - Processing /home/airflow/.local/lib/python3.12/site-packages/airflow/example_dags/example_short_circuit_decorator.py took 0.105 seconds
[2025-08-19T03:30:27.509+0000] {processor.py:161} INFO - Started process (PID=24373) to work on /home/airflow/.local/lib/python3.12/site-packages/airflow/example_dags/example_short_circuit_decorator.py
[2025-08-19T03:30:27.510+0000] {processor.py:830} INFO - Processing file /home/airflow/.local/lib/python3.12/site-packages/airflow/example_dags/example_short_circuit_decorator.py for tasks to queue
[2025-08-19T03:30:27.512+0000] {logging_mixin.py:188} INFO - [2025-08-19T03:30:27.511+0000] {dagbag.py:545} INFO - Filling up the DagBag from /home/airflow/.local/lib/python3.12/site-packages/airflow/example_dags/example_short_circuit_decorator.py
[2025-08-19T03:30:27.523+0000] {processor.py:840} INFO - DAG(s) 'example_short_circuit_decorator' retrieved from /home/airflow/.local/lib/python3.12/site-packages/airflow/example_dags/example_short_circuit_decorator.py
[2025-08-19T03:30:27.548+0000] {logging_mixin.py:188} INFO - [2025-08-19T03:30:27.547+0000] {dag.py:3096} INFO - Sync 1 DAGs
[2025-08-19T03:30:27.569+0000] {logging_mixin.py:188} INFO - [2025-08-19T03:30:27.569+0000] {dag.py:3954} INFO - Setting next_dagrun for example_short_circuit_decorator to 2025-08-18 00:00:00+00:00, run_after=2025-08-19 00:00:00+00:00
[2025-08-19T03:30:27.602+0000] {processor.py:183} INFO - Processing /home/airflow/.local/lib/python3.12/site-packages/airflow/example_dags/example_short_circuit_decorator.py took 0.100 seconds
[2025-08-19T03:30:58.144+0000] {processor.py:161} INFO - Started process (PID=24426) to work on /home/airflow/.local/lib/python3.12/site-packages/airflow/example_dags/example_short_circuit_decorator.py
[2025-08-19T03:30:58.148+0000] {processor.py:830} INFO - Processing file /home/airflow/.local/lib/python3.12/site-packages/airflow/example_dags/example_short_circuit_decorator.py for tasks to queue
[2025-08-19T03:30:58.150+0000] {logging_mixin.py:188} INFO - [2025-08-19T03:30:58.149+0000] {dagbag.py:545} INFO - Filling up the DagBag from /home/airflow/.local/lib/python3.12/site-packages/airflow/example_dags/example_short_circuit_decorator.py
[2025-08-19T03:30:58.160+0000] {processor.py:840} INFO - DAG(s) 'example_short_circuit_decorator' retrieved from /home/airflow/.local/lib/python3.12/site-packages/airflow/example_dags/example_short_circuit_decorator.py
[2025-08-19T03:30:58.186+0000] {logging_mixin.py:188} INFO - [2025-08-19T03:30:58.186+0000] {dag.py:3096} INFO - Sync 1 DAGs
[2025-08-19T03:30:58.209+0000] {logging_mixin.py:188} INFO - [2025-08-19T03:30:58.209+0000] {dag.py:3954} INFO - Setting next_dagrun for example_short_circuit_decorator to 2025-08-18 00:00:00+00:00, run_after=2025-08-19 00:00:00+00:00
[2025-08-19T03:30:58.239+0000] {processor.py:183} INFO - Processing /home/airflow/.local/lib/python3.12/site-packages/airflow/example_dags/example_short_circuit_decorator.py took 0.102 seconds
[2025-08-19T03:31:28.308+0000] {processor.py:161} INFO - Started process (PID=24478) to work on /home/airflow/.local/lib/python3.12/site-packages/airflow/example_dags/example_short_circuit_decorator.py
[2025-08-19T03:31:28.310+0000] {processor.py:830} INFO - Processing file /home/airflow/.local/lib/python3.12/site-packages/airflow/example_dags/example_short_circuit_decorator.py for tasks to queue
[2025-08-19T03:31:28.311+0000] {logging_mixin.py:188} INFO - [2025-08-19T03:31:28.311+0000] {dagbag.py:545} INFO - Filling up the DagBag from /home/airflow/.local/lib/python3.12/site-packages/airflow/example_dags/example_short_circuit_decorator.py
[2025-08-19T03:31:28.322+0000] {processor.py:840} INFO - DAG(s) 'example_short_circuit_decorator' retrieved from /home/airflow/.local/lib/python3.12/site-packages/airflow/example_dags/example_short_circuit_decorator.py
[2025-08-19T03:31:28.347+0000] {logging_mixin.py:188} INFO - [2025-08-19T03:31:28.347+0000] {dag.py:3096} INFO - Sync 1 DAGs
[2025-08-19T03:31:28.374+0000] {logging_mixin.py:188} INFO - [2025-08-19T03:31:28.374+0000] {dag.py:3954} INFO - Setting next_dagrun for example_short_circuit_decorator to 2025-08-18 00:00:00+00:00, run_after=2025-08-19 00:00:00+00:00
[2025-08-19T03:31:28.405+0000] {processor.py:183} INFO - Processing /home/airflow/.local/lib/python3.12/site-packages/airflow/example_dags/example_short_circuit_decorator.py took 0.103 seconds
[2025-08-19T03:31:58.771+0000] {processor.py:161} INFO - Started process (PID=24532) to work on /home/airflow/.local/lib/python3.12/site-packages/airflow/example_dags/example_short_circuit_decorator.py
[2025-08-19T03:31:58.773+0000] {processor.py:830} INFO - Processing file /home/airflow/.local/lib/python3.12/site-packages/airflow/example_dags/example_short_circuit_decorator.py for tasks to queue
[2025-08-19T03:31:58.774+0000] {logging_mixin.py:188} INFO - [2025-08-19T03:31:58.774+0000] {dagbag.py:545} INFO - Filling up the DagBag from /home/airflow/.local/lib/python3.12/site-packages/airflow/example_dags/example_short_circuit_decorator.py
[2025-08-19T03:31:58.786+0000] {processor.py:840} INFO - DAG(s) 'example_short_circuit_decorator' retrieved from /home/airflow/.local/lib/python3.12/site-packages/airflow/example_dags/example_short_circuit_decorator.py
[2025-08-19T03:31:58.811+0000] {logging_mixin.py:188} INFO - [2025-08-19T03:31:58.811+0000] {dag.py:3096} INFO - Sync 1 DAGs
[2025-08-19T03:31:58.834+0000] {logging_mixin.py:188} INFO - [2025-08-19T03:31:58.834+0000] {dag.py:3954} INFO - Setting next_dagrun for example_short_circuit_decorator to 2025-08-18 00:00:00+00:00, run_after=2025-08-19 00:00:00+00:00
[2025-08-19T03:31:58.858+0000] {processor.py:183} INFO - Processing /home/airflow/.local/lib/python3.12/site-packages/airflow/example_dags/example_short_circuit_decorator.py took 0.095 seconds
[2025-08-19T03:32:29.287+0000] {processor.py:161} INFO - Started process (PID=24585) to work on /home/airflow/.local/lib/python3.12/site-packages/airflow/example_dags/example_short_circuit_decorator.py
[2025-08-19T03:32:29.290+0000] {processor.py:830} INFO - Processing file /home/airflow/.local/lib/python3.12/site-packages/airflow/example_dags/example_short_circuit_decorator.py for tasks to queue
[2025-08-19T03:32:29.295+0000] {logging_mixin.py:188} INFO - [2025-08-19T03:32:29.292+0000] {dagbag.py:545} INFO - Filling up the DagBag from /home/airflow/.local/lib/python3.12/site-packages/airflow/example_dags/example_short_circuit_decorator.py
[2025-08-19T03:32:29.330+0000] {processor.py:840} INFO - DAG(s) 'example_short_circuit_decorator' retrieved from /home/airflow/.local/lib/python3.12/site-packages/airflow/example_dags/example_short_circuit_decorator.py
[2025-08-19T03:32:29.368+0000] {logging_mixin.py:188} INFO - [2025-08-19T03:32:29.367+0000] {dag.py:3096} INFO - Sync 1 DAGs
[2025-08-19T03:32:29.426+0000] {logging_mixin.py:188} INFO - [2025-08-19T03:32:29.426+0000] {dag.py:3954} INFO - Setting next_dagrun for example_short_circuit_decorator to 2025-08-18 00:00:00+00:00, run_after=2025-08-19 00:00:00+00:00
[2025-08-19T03:32:29.467+0000] {processor.py:183} INFO - Processing /home/airflow/.local/lib/python3.12/site-packages/airflow/example_dags/example_short_circuit_decorator.py took 0.199 seconds
[2025-08-19T03:32:59.689+0000] {processor.py:161} INFO - Started process (PID=24638) to work on /home/airflow/.local/lib/python3.12/site-packages/airflow/example_dags/example_short_circuit_decorator.py
[2025-08-19T03:32:59.691+0000] {processor.py:830} INFO - Processing file /home/airflow/.local/lib/python3.12/site-packages/airflow/example_dags/example_short_circuit_decorator.py for tasks to queue
[2025-08-19T03:32:59.693+0000] {logging_mixin.py:188} INFO - [2025-08-19T03:32:59.692+0000] {dagbag.py:545} INFO - Filling up the DagBag from /home/airflow/.local/lib/python3.12/site-packages/airflow/example_dags/example_short_circuit_decorator.py
[2025-08-19T03:32:59.715+0000] {processor.py:840} INFO - DAG(s) 'example_short_circuit_decorator' retrieved from /home/airflow/.local/lib/python3.12/site-packages/airflow/example_dags/example_short_circuit_decorator.py
[2025-08-19T03:32:59.785+0000] {logging_mixin.py:188} INFO - [2025-08-19T03:32:59.784+0000] {dag.py:3096} INFO - Sync 1 DAGs
[2025-08-19T03:32:59.847+0000] {logging_mixin.py:188} INFO - [2025-08-19T03:32:59.847+0000] {dag.py:3954} INFO - Setting next_dagrun for example_short_circuit_decorator to 2025-08-18 00:00:00+00:00, run_after=2025-08-19 00:00:00+00:00
[2025-08-19T03:32:59.905+0000] {processor.py:183} INFO - Processing /home/airflow/.local/lib/python3.12/site-packages/airflow/example_dags/example_short_circuit_decorator.py took 0.229 seconds
[2025-08-19T03:33:33.298+0000] {processor.py:161} INFO - Started process (PID=24691) to work on /home/airflow/.local/lib/python3.12/site-packages/airflow/example_dags/example_short_circuit_decorator.py
[2025-08-19T03:33:33.303+0000] {processor.py:830} INFO - Processing file /home/airflow/.local/lib/python3.12/site-packages/airflow/example_dags/example_short_circuit_decorator.py for tasks to queue
[2025-08-19T03:33:33.308+0000] {logging_mixin.py:188} INFO - [2025-08-19T03:33:33.306+0000] {dagbag.py:545} INFO - Filling up the DagBag from /home/airflow/.local/lib/python3.12/site-packages/airflow/example_dags/example_short_circuit_decorator.py
[2025-08-19T03:33:33.361+0000] {processor.py:840} INFO - DAG(s) 'example_short_circuit_decorator' retrieved from /home/airflow/.local/lib/python3.12/site-packages/airflow/example_dags/example_short_circuit_decorator.py
[2025-08-19T03:33:33.495+0000] {logging_mixin.py:188} INFO - [2025-08-19T03:33:33.494+0000] {dag.py:3096} INFO - Sync 1 DAGs
[2025-08-19T03:33:33.642+0000] {logging_mixin.py:188} INFO - [2025-08-19T03:33:33.641+0000] {dag.py:3954} INFO - Setting next_dagrun for example_short_circuit_decorator to 2025-08-18 00:00:00+00:00, run_after=2025-08-19 00:00:00+00:00
[2025-08-19T03:33:33.746+0000] {processor.py:183} INFO - Processing /home/airflow/.local/lib/python3.12/site-packages/airflow/example_dags/example_short_circuit_decorator.py took 0.477 seconds
[2025-08-19T03:34:04.104+0000] {processor.py:161} INFO - Started process (PID=24744) to work on /home/airflow/.local/lib/python3.12/site-packages/airflow/example_dags/example_short_circuit_decorator.py
[2025-08-19T03:34:04.105+0000] {processor.py:830} INFO - Processing file /home/airflow/.local/lib/python3.12/site-packages/airflow/example_dags/example_short_circuit_decorator.py for tasks to queue
[2025-08-19T03:34:04.107+0000] {logging_mixin.py:188} INFO - [2025-08-19T03:34:04.106+0000] {dagbag.py:545} INFO - Filling up the DagBag from /home/airflow/.local/lib/python3.12/site-packages/airflow/example_dags/example_short_circuit_decorator.py
[2025-08-19T03:34:04.117+0000] {processor.py:840} INFO - DAG(s) 'example_short_circuit_decorator' retrieved from /home/airflow/.local/lib/python3.12/site-packages/airflow/example_dags/example_short_circuit_decorator.py
[2025-08-19T03:34:04.144+0000] {logging_mixin.py:188} INFO - [2025-08-19T03:34:04.144+0000] {dag.py:3096} INFO - Sync 1 DAGs
[2025-08-19T03:34:04.167+0000] {logging_mixin.py:188} INFO - [2025-08-19T03:34:04.167+0000] {dag.py:3954} INFO - Setting next_dagrun for example_short_circuit_decorator to 2025-08-18 00:00:00+00:00, run_after=2025-08-19 00:00:00+00:00
[2025-08-19T03:34:04.191+0000] {processor.py:183} INFO - Processing /home/airflow/.local/lib/python3.12/site-packages/airflow/example_dags/example_short_circuit_decorator.py took 0.094 seconds
[2025-08-19T03:34:34.315+0000] {processor.py:161} INFO - Started process (PID=24797) to work on /home/airflow/.local/lib/python3.12/site-packages/airflow/example_dags/example_short_circuit_decorator.py
[2025-08-19T03:34:34.317+0000] {processor.py:830} INFO - Processing file /home/airflow/.local/lib/python3.12/site-packages/airflow/example_dags/example_short_circuit_decorator.py for tasks to queue
[2025-08-19T03:34:34.319+0000] {logging_mixin.py:188} INFO - [2025-08-19T03:34:34.318+0000] {dagbag.py:545} INFO - Filling up the DagBag from /home/airflow/.local/lib/python3.12/site-packages/airflow/example_dags/example_short_circuit_decorator.py
[2025-08-19T03:34:34.333+0000] {processor.py:840} INFO - DAG(s) 'example_short_circuit_decorator' retrieved from /home/airflow/.local/lib/python3.12/site-packages/airflow/example_dags/example_short_circuit_decorator.py
[2025-08-19T03:34:34.363+0000] {logging_mixin.py:188} INFO - [2025-08-19T03:34:34.363+0000] {dag.py:3096} INFO - Sync 1 DAGs
[2025-08-19T03:34:34.389+0000] {logging_mixin.py:188} INFO - [2025-08-19T03:34:34.388+0000] {dag.py:3954} INFO - Setting next_dagrun for example_short_circuit_decorator to 2025-08-18 00:00:00+00:00, run_after=2025-08-19 00:00:00+00:00
[2025-08-19T03:34:34.441+0000] {processor.py:183} INFO - Processing /home/airflow/.local/lib/python3.12/site-packages/airflow/example_dags/example_short_circuit_decorator.py took 0.133 seconds
[2025-08-19T03:35:04.764+0000] {processor.py:161} INFO - Started process (PID=24850) to work on /home/airflow/.local/lib/python3.12/site-packages/airflow/example_dags/example_short_circuit_decorator.py
[2025-08-19T03:35:04.765+0000] {processor.py:830} INFO - Processing file /home/airflow/.local/lib/python3.12/site-packages/airflow/example_dags/example_short_circuit_decorator.py for tasks to queue
[2025-08-19T03:35:04.766+0000] {logging_mixin.py:188} INFO - [2025-08-19T03:35:04.766+0000] {dagbag.py:545} INFO - Filling up the DagBag from /home/airflow/.local/lib/python3.12/site-packages/airflow/example_dags/example_short_circuit_decorator.py
[2025-08-19T03:35:04.776+0000] {processor.py:840} INFO - DAG(s) 'example_short_circuit_decorator' retrieved from /home/airflow/.local/lib/python3.12/site-packages/airflow/example_dags/example_short_circuit_decorator.py
[2025-08-19T03:35:04.801+0000] {logging_mixin.py:188} INFO - [2025-08-19T03:35:04.800+0000] {dag.py:3096} INFO - Sync 1 DAGs
[2025-08-19T03:35:04.826+0000] {logging_mixin.py:188} INFO - [2025-08-19T03:35:04.826+0000] {dag.py:3954} INFO - Setting next_dagrun for example_short_circuit_decorator to 2025-08-18 00:00:00+00:00, run_after=2025-08-19 00:00:00+00:00
[2025-08-19T03:35:04.852+0000] {processor.py:183} INFO - Processing /home/airflow/.local/lib/python3.12/site-packages/airflow/example_dags/example_short_circuit_decorator.py took 0.095 seconds
[2025-08-19T03:35:35.454+0000] {processor.py:161} INFO - Started process (PID=24903) to work on /home/airflow/.local/lib/python3.12/site-packages/airflow/example_dags/example_short_circuit_decorator.py
[2025-08-19T03:35:35.456+0000] {processor.py:830} INFO - Processing file /home/airflow/.local/lib/python3.12/site-packages/airflow/example_dags/example_short_circuit_decorator.py for tasks to queue
[2025-08-19T03:35:35.457+0000] {logging_mixin.py:188} INFO - [2025-08-19T03:35:35.456+0000] {dagbag.py:545} INFO - Filling up the DagBag from /home/airflow/.local/lib/python3.12/site-packages/airflow/example_dags/example_short_circuit_decorator.py
[2025-08-19T03:35:35.468+0000] {processor.py:840} INFO - DAG(s) 'example_short_circuit_decorator' retrieved from /home/airflow/.local/lib/python3.12/site-packages/airflow/example_dags/example_short_circuit_decorator.py
[2025-08-19T03:35:35.499+0000] {logging_mixin.py:188} INFO - [2025-08-19T03:35:35.498+0000] {dag.py:3096} INFO - Sync 1 DAGs
[2025-08-19T03:35:35.525+0000] {logging_mixin.py:188} INFO - [2025-08-19T03:35:35.524+0000] {dag.py:3954} INFO - Setting next_dagrun for example_short_circuit_decorator to 2025-08-18 00:00:00+00:00, run_after=2025-08-19 00:00:00+00:00
[2025-08-19T03:35:35.553+0000] {processor.py:183} INFO - Processing /home/airflow/.local/lib/python3.12/site-packages/airflow/example_dags/example_short_circuit_decorator.py took 0.106 seconds
[2025-08-19T03:36:05.833+0000] {processor.py:161} INFO - Started process (PID=24956) to work on /home/airflow/.local/lib/python3.12/site-packages/airflow/example_dags/example_short_circuit_decorator.py
[2025-08-19T03:36:05.834+0000] {processor.py:830} INFO - Processing file /home/airflow/.local/lib/python3.12/site-packages/airflow/example_dags/example_short_circuit_decorator.py for tasks to queue
[2025-08-19T03:36:05.836+0000] {logging_mixin.py:188} INFO - [2025-08-19T03:36:05.835+0000] {dagbag.py:545} INFO - Filling up the DagBag from /home/airflow/.local/lib/python3.12/site-packages/airflow/example_dags/example_short_circuit_decorator.py
[2025-08-19T03:36:05.847+0000] {processor.py:840} INFO - DAG(s) 'example_short_circuit_decorator' retrieved from /home/airflow/.local/lib/python3.12/site-packages/airflow/example_dags/example_short_circuit_decorator.py
[2025-08-19T03:36:05.877+0000] {logging_mixin.py:188} INFO - [2025-08-19T03:36:05.877+0000] {dag.py:3096} INFO - Sync 1 DAGs
[2025-08-19T03:36:05.904+0000] {logging_mixin.py:188} INFO - [2025-08-19T03:36:05.904+0000] {dag.py:3954} INFO - Setting next_dagrun for example_short_circuit_decorator to 2025-08-18 00:00:00+00:00, run_after=2025-08-19 00:00:00+00:00
[2025-08-19T03:36:05.931+0000] {processor.py:183} INFO - Processing /home/airflow/.local/lib/python3.12/site-packages/airflow/example_dags/example_short_circuit_decorator.py took 0.106 seconds
[2025-08-19T03:36:36.262+0000] {processor.py:161} INFO - Started process (PID=25009) to work on /home/airflow/.local/lib/python3.12/site-packages/airflow/example_dags/example_short_circuit_decorator.py
[2025-08-19T03:36:36.263+0000] {processor.py:830} INFO - Processing file /home/airflow/.local/lib/python3.12/site-packages/airflow/example_dags/example_short_circuit_decorator.py for tasks to queue
[2025-08-19T03:36:36.264+0000] {logging_mixin.py:188} INFO - [2025-08-19T03:36:36.264+0000] {dagbag.py:545} INFO - Filling up the DagBag from /home/airflow/.local/lib/python3.12/site-packages/airflow/example_dags/example_short_circuit_decorator.py
[2025-08-19T03:36:36.274+0000] {processor.py:840} INFO - DAG(s) 'example_short_circuit_decorator' retrieved from /home/airflow/.local/lib/python3.12/site-packages/airflow/example_dags/example_short_circuit_decorator.py
[2025-08-19T03:36:36.301+0000] {logging_mixin.py:188} INFO - [2025-08-19T03:36:36.301+0000] {dag.py:3096} INFO - Sync 1 DAGs
[2025-08-19T03:36:36.324+0000] {logging_mixin.py:188} INFO - [2025-08-19T03:36:36.324+0000] {dag.py:3954} INFO - Setting next_dagrun for example_short_circuit_decorator to 2025-08-18 00:00:00+00:00, run_after=2025-08-19 00:00:00+00:00
[2025-08-19T03:36:36.348+0000] {processor.py:183} INFO - Processing /home/airflow/.local/lib/python3.12/site-packages/airflow/example_dags/example_short_circuit_decorator.py took 0.093 seconds
[2025-08-19T03:37:06.912+0000] {processor.py:161} INFO - Started process (PID=25062) to work on /home/airflow/.local/lib/python3.12/site-packages/airflow/example_dags/example_short_circuit_decorator.py
[2025-08-19T03:37:06.913+0000] {processor.py:830} INFO - Processing file /home/airflow/.local/lib/python3.12/site-packages/airflow/example_dags/example_short_circuit_decorator.py for tasks to queue
[2025-08-19T03:37:06.914+0000] {logging_mixin.py:188} INFO - [2025-08-19T03:37:06.914+0000] {dagbag.py:545} INFO - Filling up the DagBag from /home/airflow/.local/lib/python3.12/site-packages/airflow/example_dags/example_short_circuit_decorator.py
[2025-08-19T03:37:06.926+0000] {processor.py:840} INFO - DAG(s) 'example_short_circuit_decorator' retrieved from /home/airflow/.local/lib/python3.12/site-packages/airflow/example_dags/example_short_circuit_decorator.py
[2025-08-19T03:37:06.959+0000] {logging_mixin.py:188} INFO - [2025-08-19T03:37:06.959+0000] {dag.py:3096} INFO - Sync 1 DAGs
[2025-08-19T03:37:06.987+0000] {logging_mixin.py:188} INFO - [2025-08-19T03:37:06.987+0000] {dag.py:3954} INFO - Setting next_dagrun for example_short_circuit_decorator to 2025-08-18 00:00:00+00:00, run_after=2025-08-19 00:00:00+00:00
[2025-08-19T03:37:07.024+0000] {processor.py:183} INFO - Processing /home/airflow/.local/lib/python3.12/site-packages/airflow/example_dags/example_short_circuit_decorator.py took 0.121 seconds
