[2025-08-19T03:10:03.553+0000] {processor.py:161} INFO - Started process (PID=22243) to work on /home/airflow/.local/lib/python3.12/site-packages/airflow/example_dags/example_latest_only.py
[2025-08-19T03:10:03.564+0000] {processor.py:830} INFO - Processing file /home/airflow/.local/lib/python3.12/site-packages/airflow/example_dags/example_latest_only.py for tasks to queue
[2025-08-19T03:10:03.575+0000] {logging_mixin.py:188} INFO - [2025-08-19T03:10:03.574+0000] {dagbag.py:545} INFO - Filling up the DagBag from /home/airflow/.local/lib/python3.12/site-packages/airflow/example_dags/example_latest_only.py
[2025-08-19T03:10:03.595+0000] {processor.py:840} INFO - DAG(s) 'latest_only' retrieved from /home/airflow/.local/lib/python3.12/site-packages/airflow/example_dags/example_latest_only.py
[2025-08-19T03:10:03.662+0000] {logging_mixin.py:188} INFO - [2025-08-19T03:10:03.661+0000] {dag.py:3096} INFO - Sync 1 DAGs
[2025-08-19T03:10:03.713+0000] {logging_mixin.py:188} INFO - [2025-08-19T03:10:03.712+0000] {dag.py:3954} INFO - Setting next_dagrun for latest_only to 2025-08-18 20:00:00+00:00, run_after=2025-08-19 00:00:00+00:00
[2025-08-19T03:10:03.761+0000] {processor.py:183} INFO - Processing /home/airflow/.local/lib/python3.12/site-packages/airflow/example_dags/example_latest_only.py took 0.218 seconds
[2025-08-19T03:10:34.358+0000] {processor.py:161} INFO - Started process (PID=22296) to work on /home/airflow/.local/lib/python3.12/site-packages/airflow/example_dags/example_latest_only.py
[2025-08-19T03:10:34.360+0000] {processor.py:830} INFO - Processing file /home/airflow/.local/lib/python3.12/site-packages/airflow/example_dags/example_latest_only.py for tasks to queue
[2025-08-19T03:10:34.362+0000] {logging_mixin.py:188} INFO - [2025-08-19T03:10:34.361+0000] {dagbag.py:545} INFO - Filling up the DagBag from /home/airflow/.local/lib/python3.12/site-packages/airflow/example_dags/example_latest_only.py
[2025-08-19T03:10:34.372+0000] {processor.py:840} INFO - DAG(s) 'latest_only' retrieved from /home/airflow/.local/lib/python3.12/site-packages/airflow/example_dags/example_latest_only.py
[2025-08-19T03:10:34.412+0000] {logging_mixin.py:188} INFO - [2025-08-19T03:10:34.412+0000] {dag.py:3096} INFO - Sync 1 DAGs
[2025-08-19T03:10:34.455+0000] {logging_mixin.py:188} INFO - [2025-08-19T03:10:34.455+0000] {dag.py:3954} INFO - Setting next_dagrun for latest_only to 2025-08-18 20:00:00+00:00, run_after=2025-08-19 00:00:00+00:00
[2025-08-19T03:10:34.504+0000] {processor.py:183} INFO - Processing /home/airflow/.local/lib/python3.12/site-packages/airflow/example_dags/example_latest_only.py took 0.158 seconds
[2025-08-19T03:11:05.200+0000] {processor.py:161} INFO - Started process (PID=22349) to work on /home/airflow/.local/lib/python3.12/site-packages/airflow/example_dags/example_latest_only.py
[2025-08-19T03:11:05.201+0000] {processor.py:830} INFO - Processing file /home/airflow/.local/lib/python3.12/site-packages/airflow/example_dags/example_latest_only.py for tasks to queue
[2025-08-19T03:11:05.204+0000] {logging_mixin.py:188} INFO - [2025-08-19T03:11:05.202+0000] {dagbag.py:545} INFO - Filling up the DagBag from /home/airflow/.local/lib/python3.12/site-packages/airflow/example_dags/example_latest_only.py
[2025-08-19T03:11:05.213+0000] {processor.py:840} INFO - DAG(s) 'latest_only' retrieved from /home/airflow/.local/lib/python3.12/site-packages/airflow/example_dags/example_latest_only.py
[2025-08-19T03:11:05.235+0000] {logging_mixin.py:188} INFO - [2025-08-19T03:11:05.235+0000] {dag.py:3096} INFO - Sync 1 DAGs
[2025-08-19T03:11:05.257+0000] {logging_mixin.py:188} INFO - [2025-08-19T03:11:05.257+0000] {dag.py:3954} INFO - Setting next_dagrun for latest_only to 2025-08-18 20:00:00+00:00, run_after=2025-08-19 00:00:00+00:00
[2025-08-19T03:11:05.281+0000] {processor.py:183} INFO - Processing /home/airflow/.local/lib/python3.12/site-packages/airflow/example_dags/example_latest_only.py took 0.087 seconds
[2025-08-19T03:11:35.601+0000] {processor.py:161} INFO - Started process (PID=22402) to work on /home/airflow/.local/lib/python3.12/site-packages/airflow/example_dags/example_latest_only.py
[2025-08-19T03:11:35.602+0000] {processor.py:830} INFO - Processing file /home/airflow/.local/lib/python3.12/site-packages/airflow/example_dags/example_latest_only.py for tasks to queue
[2025-08-19T03:11:35.604+0000] {logging_mixin.py:188} INFO - [2025-08-19T03:11:35.603+0000] {dagbag.py:545} INFO - Filling up the DagBag from /home/airflow/.local/lib/python3.12/site-packages/airflow/example_dags/example_latest_only.py
[2025-08-19T03:11:35.612+0000] {processor.py:840} INFO - DAG(s) 'latest_only' retrieved from /home/airflow/.local/lib/python3.12/site-packages/airflow/example_dags/example_latest_only.py
[2025-08-19T03:11:35.636+0000] {logging_mixin.py:188} INFO - [2025-08-19T03:11:35.636+0000] {dag.py:3096} INFO - Sync 1 DAGs
[2025-08-19T03:11:35.658+0000] {logging_mixin.py:188} INFO - [2025-08-19T03:11:35.658+0000] {dag.py:3954} INFO - Setting next_dagrun for latest_only to 2025-08-18 20:00:00+00:00, run_after=2025-08-19 00:00:00+00:00
[2025-08-19T03:11:35.680+0000] {processor.py:183} INFO - Processing /home/airflow/.local/lib/python3.12/site-packages/airflow/example_dags/example_latest_only.py took 0.088 seconds
[2025-08-19T03:12:06.048+0000] {processor.py:161} INFO - Started process (PID=22455) to work on /home/airflow/.local/lib/python3.12/site-packages/airflow/example_dags/example_latest_only.py
[2025-08-19T03:12:06.050+0000] {processor.py:830} INFO - Processing file /home/airflow/.local/lib/python3.12/site-packages/airflow/example_dags/example_latest_only.py for tasks to queue
[2025-08-19T03:12:06.051+0000] {logging_mixin.py:188} INFO - [2025-08-19T03:12:06.051+0000] {dagbag.py:545} INFO - Filling up the DagBag from /home/airflow/.local/lib/python3.12/site-packages/airflow/example_dags/example_latest_only.py
[2025-08-19T03:12:06.057+0000] {processor.py:840} INFO - DAG(s) 'latest_only' retrieved from /home/airflow/.local/lib/python3.12/site-packages/airflow/example_dags/example_latest_only.py
[2025-08-19T03:12:06.078+0000] {logging_mixin.py:188} INFO - [2025-08-19T03:12:06.078+0000] {dag.py:3096} INFO - Sync 1 DAGs
[2025-08-19T03:12:06.101+0000] {logging_mixin.py:188} INFO - [2025-08-19T03:12:06.100+0000] {dag.py:3954} INFO - Setting next_dagrun for latest_only to 2025-08-18 20:00:00+00:00, run_after=2025-08-19 00:00:00+00:00
[2025-08-19T03:12:06.126+0000] {processor.py:183} INFO - Processing /home/airflow/.local/lib/python3.12/site-packages/airflow/example_dags/example_latest_only.py took 0.086 seconds
[2025-08-19T03:12:36.571+0000] {processor.py:161} INFO - Started process (PID=22508) to work on /home/airflow/.local/lib/python3.12/site-packages/airflow/example_dags/example_latest_only.py
[2025-08-19T03:12:36.573+0000] {processor.py:830} INFO - Processing file /home/airflow/.local/lib/python3.12/site-packages/airflow/example_dags/example_latest_only.py for tasks to queue
[2025-08-19T03:12:36.574+0000] {logging_mixin.py:188} INFO - [2025-08-19T03:12:36.574+0000] {dagbag.py:545} INFO - Filling up the DagBag from /home/airflow/.local/lib/python3.12/site-packages/airflow/example_dags/example_latest_only.py
[2025-08-19T03:12:36.581+0000] {processor.py:840} INFO - DAG(s) 'latest_only' retrieved from /home/airflow/.local/lib/python3.12/site-packages/airflow/example_dags/example_latest_only.py
[2025-08-19T03:12:36.604+0000] {logging_mixin.py:188} INFO - [2025-08-19T03:12:36.604+0000] {dag.py:3096} INFO - Sync 1 DAGs
[2025-08-19T03:12:36.626+0000] {logging_mixin.py:188} INFO - [2025-08-19T03:12:36.626+0000] {dag.py:3954} INFO - Setting next_dagrun for latest_only to 2025-08-18 20:00:00+00:00, run_after=2025-08-19 00:00:00+00:00
[2025-08-19T03:12:36.648+0000] {processor.py:183} INFO - Processing /home/airflow/.local/lib/python3.12/site-packages/airflow/example_dags/example_latest_only.py took 0.084 seconds
[2025-08-19T03:13:07.352+0000] {processor.py:161} INFO - Started process (PID=22561) to work on /home/airflow/.local/lib/python3.12/site-packages/airflow/example_dags/example_latest_only.py
[2025-08-19T03:13:07.354+0000] {processor.py:830} INFO - Processing file /home/airflow/.local/lib/python3.12/site-packages/airflow/example_dags/example_latest_only.py for tasks to queue
[2025-08-19T03:13:07.356+0000] {logging_mixin.py:188} INFO - [2025-08-19T03:13:07.355+0000] {dagbag.py:545} INFO - Filling up the DagBag from /home/airflow/.local/lib/python3.12/site-packages/airflow/example_dags/example_latest_only.py
[2025-08-19T03:13:07.361+0000] {processor.py:840} INFO - DAG(s) 'latest_only' retrieved from /home/airflow/.local/lib/python3.12/site-packages/airflow/example_dags/example_latest_only.py
[2025-08-19T03:13:07.386+0000] {logging_mixin.py:188} INFO - [2025-08-19T03:13:07.386+0000] {dag.py:3096} INFO - Sync 1 DAGs
[2025-08-19T03:13:07.409+0000] {logging_mixin.py:188} INFO - [2025-08-19T03:13:07.409+0000] {dag.py:3954} INFO - Setting next_dagrun for latest_only to 2025-08-18 20:00:00+00:00, run_after=2025-08-19 00:00:00+00:00
[2025-08-19T03:13:07.435+0000] {processor.py:183} INFO - Processing /home/airflow/.local/lib/python3.12/site-packages/airflow/example_dags/example_latest_only.py took 0.090 seconds
[2025-08-19T03:13:38.192+0000] {processor.py:161} INFO - Started process (PID=22614) to work on /home/airflow/.local/lib/python3.12/site-packages/airflow/example_dags/example_latest_only.py
[2025-08-19T03:13:38.194+0000] {processor.py:830} INFO - Processing file /home/airflow/.local/lib/python3.12/site-packages/airflow/example_dags/example_latest_only.py for tasks to queue
[2025-08-19T03:13:38.195+0000] {logging_mixin.py:188} INFO - [2025-08-19T03:13:38.195+0000] {dagbag.py:545} INFO - Filling up the DagBag from /home/airflow/.local/lib/python3.12/site-packages/airflow/example_dags/example_latest_only.py
[2025-08-19T03:13:38.202+0000] {processor.py:840} INFO - DAG(s) 'latest_only' retrieved from /home/airflow/.local/lib/python3.12/site-packages/airflow/example_dags/example_latest_only.py
[2025-08-19T03:13:38.226+0000] {logging_mixin.py:188} INFO - [2025-08-19T03:13:38.226+0000] {dag.py:3096} INFO - Sync 1 DAGs
[2025-08-19T03:13:38.250+0000] {logging_mixin.py:188} INFO - [2025-08-19T03:13:38.250+0000] {dag.py:3954} INFO - Setting next_dagrun for latest_only to 2025-08-18 20:00:00+00:00, run_after=2025-08-19 00:00:00+00:00
[2025-08-19T03:13:38.273+0000] {processor.py:183} INFO - Processing /home/airflow/.local/lib/python3.12/site-packages/airflow/example_dags/example_latest_only.py took 0.087 seconds
[2025-08-19T03:14:09.020+0000] {processor.py:161} INFO - Started process (PID=22667) to work on /home/airflow/.local/lib/python3.12/site-packages/airflow/example_dags/example_latest_only.py
[2025-08-19T03:14:09.021+0000] {processor.py:830} INFO - Processing file /home/airflow/.local/lib/python3.12/site-packages/airflow/example_dags/example_latest_only.py for tasks to queue
[2025-08-19T03:14:09.023+0000] {logging_mixin.py:188} INFO - [2025-08-19T03:14:09.022+0000] {dagbag.py:545} INFO - Filling up the DagBag from /home/airflow/.local/lib/python3.12/site-packages/airflow/example_dags/example_latest_only.py
[2025-08-19T03:14:09.030+0000] {processor.py:840} INFO - DAG(s) 'latest_only' retrieved from /home/airflow/.local/lib/python3.12/site-packages/airflow/example_dags/example_latest_only.py
[2025-08-19T03:14:09.052+0000] {logging_mixin.py:188} INFO - [2025-08-19T03:14:09.051+0000] {dag.py:3096} INFO - Sync 1 DAGs
[2025-08-19T03:14:09.075+0000] {logging_mixin.py:188} INFO - [2025-08-19T03:14:09.074+0000] {dag.py:3954} INFO - Setting next_dagrun for latest_only to 2025-08-18 20:00:00+00:00, run_after=2025-08-19 00:00:00+00:00
[2025-08-19T03:14:09.101+0000] {processor.py:183} INFO - Processing /home/airflow/.local/lib/python3.12/site-packages/airflow/example_dags/example_latest_only.py took 0.087 seconds
[2025-08-19T03:14:39.849+0000] {processor.py:161} INFO - Started process (PID=22720) to work on /home/airflow/.local/lib/python3.12/site-packages/airflow/example_dags/example_latest_only.py
[2025-08-19T03:14:39.851+0000] {processor.py:830} INFO - Processing file /home/airflow/.local/lib/python3.12/site-packages/airflow/example_dags/example_latest_only.py for tasks to queue
[2025-08-19T03:14:39.853+0000] {logging_mixin.py:188} INFO - [2025-08-19T03:14:39.852+0000] {dagbag.py:545} INFO - Filling up the DagBag from /home/airflow/.local/lib/python3.12/site-packages/airflow/example_dags/example_latest_only.py
[2025-08-19T03:14:39.859+0000] {processor.py:840} INFO - DAG(s) 'latest_only' retrieved from /home/airflow/.local/lib/python3.12/site-packages/airflow/example_dags/example_latest_only.py
[2025-08-19T03:14:39.883+0000] {logging_mixin.py:188} INFO - [2025-08-19T03:14:39.883+0000] {dag.py:3096} INFO - Sync 1 DAGs
[2025-08-19T03:14:39.905+0000] {logging_mixin.py:188} INFO - [2025-08-19T03:14:39.905+0000] {dag.py:3954} INFO - Setting next_dagrun for latest_only to 2025-08-18 20:00:00+00:00, run_after=2025-08-19 00:00:00+00:00
[2025-08-19T03:14:39.930+0000] {processor.py:183} INFO - Processing /home/airflow/.local/lib/python3.12/site-packages/airflow/example_dags/example_latest_only.py took 0.086 seconds
[2025-08-19T03:15:10.609+0000] {processor.py:161} INFO - Started process (PID=22773) to work on /home/airflow/.local/lib/python3.12/site-packages/airflow/example_dags/example_latest_only.py
[2025-08-19T03:15:10.610+0000] {processor.py:830} INFO - Processing file /home/airflow/.local/lib/python3.12/site-packages/airflow/example_dags/example_latest_only.py for tasks to queue
[2025-08-19T03:15:10.612+0000] {logging_mixin.py:188} INFO - [2025-08-19T03:15:10.611+0000] {dagbag.py:545} INFO - Filling up the DagBag from /home/airflow/.local/lib/python3.12/site-packages/airflow/example_dags/example_latest_only.py
[2025-08-19T03:15:10.617+0000] {processor.py:840} INFO - DAG(s) 'latest_only' retrieved from /home/airflow/.local/lib/python3.12/site-packages/airflow/example_dags/example_latest_only.py
[2025-08-19T03:15:10.639+0000] {logging_mixin.py:188} INFO - [2025-08-19T03:15:10.639+0000] {dag.py:3096} INFO - Sync 1 DAGs
[2025-08-19T03:15:10.662+0000] {logging_mixin.py:188} INFO - [2025-08-19T03:15:10.662+0000] {dag.py:3954} INFO - Setting next_dagrun for latest_only to 2025-08-18 20:00:00+00:00, run_after=2025-08-19 00:00:00+00:00
[2025-08-19T03:15:10.688+0000] {processor.py:183} INFO - Processing /home/airflow/.local/lib/python3.12/site-packages/airflow/example_dags/example_latest_only.py took 0.085 seconds
[2025-08-19T03:15:41.454+0000] {processor.py:161} INFO - Started process (PID=22826) to work on /home/airflow/.local/lib/python3.12/site-packages/airflow/example_dags/example_latest_only.py
[2025-08-19T03:15:41.456+0000] {processor.py:830} INFO - Processing file /home/airflow/.local/lib/python3.12/site-packages/airflow/example_dags/example_latest_only.py for tasks to queue
[2025-08-19T03:15:41.457+0000] {logging_mixin.py:188} INFO - [2025-08-19T03:15:41.456+0000] {dagbag.py:545} INFO - Filling up the DagBag from /home/airflow/.local/lib/python3.12/site-packages/airflow/example_dags/example_latest_only.py
[2025-08-19T03:15:41.462+0000] {processor.py:840} INFO - DAG(s) 'latest_only' retrieved from /home/airflow/.local/lib/python3.12/site-packages/airflow/example_dags/example_latest_only.py
[2025-08-19T03:15:41.485+0000] {logging_mixin.py:188} INFO - [2025-08-19T03:15:41.485+0000] {dag.py:3096} INFO - Sync 1 DAGs
[2025-08-19T03:15:41.510+0000] {logging_mixin.py:188} INFO - [2025-08-19T03:15:41.510+0000] {dag.py:3954} INFO - Setting next_dagrun for latest_only to 2025-08-18 20:00:00+00:00, run_after=2025-08-19 00:00:00+00:00
[2025-08-19T03:15:41.536+0000] {processor.py:183} INFO - Processing /home/airflow/.local/lib/python3.12/site-packages/airflow/example_dags/example_latest_only.py took 0.088 seconds
[2025-08-19T03:16:12.070+0000] {processor.py:161} INFO - Started process (PID=22879) to work on /home/airflow/.local/lib/python3.12/site-packages/airflow/example_dags/example_latest_only.py
[2025-08-19T03:16:12.071+0000] {processor.py:830} INFO - Processing file /home/airflow/.local/lib/python3.12/site-packages/airflow/example_dags/example_latest_only.py for tasks to queue
[2025-08-19T03:16:12.072+0000] {logging_mixin.py:188} INFO - [2025-08-19T03:16:12.072+0000] {dagbag.py:545} INFO - Filling up the DagBag from /home/airflow/.local/lib/python3.12/site-packages/airflow/example_dags/example_latest_only.py
[2025-08-19T03:16:12.078+0000] {processor.py:840} INFO - DAG(s) 'latest_only' retrieved from /home/airflow/.local/lib/python3.12/site-packages/airflow/example_dags/example_latest_only.py
[2025-08-19T03:16:12.100+0000] {logging_mixin.py:188} INFO - [2025-08-19T03:16:12.100+0000] {dag.py:3096} INFO - Sync 1 DAGs
[2025-08-19T03:16:12.125+0000] {logging_mixin.py:188} INFO - [2025-08-19T03:16:12.125+0000] {dag.py:3954} INFO - Setting next_dagrun for latest_only to 2025-08-18 20:00:00+00:00, run_after=2025-08-19 00:00:00+00:00
[2025-08-19T03:16:12.150+0000] {processor.py:183} INFO - Processing /home/airflow/.local/lib/python3.12/site-packages/airflow/example_dags/example_latest_only.py took 0.087 seconds
[2025-08-19T03:16:42.549+0000] {processor.py:161} INFO - Started process (PID=22932) to work on /home/airflow/.local/lib/python3.12/site-packages/airflow/example_dags/example_latest_only.py
[2025-08-19T03:16:42.551+0000] {processor.py:830} INFO - Processing file /home/airflow/.local/lib/python3.12/site-packages/airflow/example_dags/example_latest_only.py for tasks to queue
[2025-08-19T03:16:42.552+0000] {logging_mixin.py:188} INFO - [2025-08-19T03:16:42.551+0000] {dagbag.py:545} INFO - Filling up the DagBag from /home/airflow/.local/lib/python3.12/site-packages/airflow/example_dags/example_latest_only.py
[2025-08-19T03:16:42.558+0000] {processor.py:840} INFO - DAG(s) 'latest_only' retrieved from /home/airflow/.local/lib/python3.12/site-packages/airflow/example_dags/example_latest_only.py
[2025-08-19T03:16:42.578+0000] {logging_mixin.py:188} INFO - [2025-08-19T03:16:42.577+0000] {dag.py:3096} INFO - Sync 1 DAGs
[2025-08-19T03:16:42.598+0000] {logging_mixin.py:188} INFO - [2025-08-19T03:16:42.597+0000] {dag.py:3954} INFO - Setting next_dagrun for latest_only to 2025-08-18 20:00:00+00:00, run_after=2025-08-19 00:00:00+00:00
[2025-08-19T03:16:42.618+0000] {processor.py:183} INFO - Processing /home/airflow/.local/lib/python3.12/site-packages/airflow/example_dags/example_latest_only.py took 0.078 seconds
[2025-08-19T03:17:12.773+0000] {processor.py:161} INFO - Started process (PID=22985) to work on /home/airflow/.local/lib/python3.12/site-packages/airflow/example_dags/example_latest_only.py
[2025-08-19T03:17:12.774+0000] {processor.py:830} INFO - Processing file /home/airflow/.local/lib/python3.12/site-packages/airflow/example_dags/example_latest_only.py for tasks to queue
[2025-08-19T03:17:12.775+0000] {logging_mixin.py:188} INFO - [2025-08-19T03:17:12.775+0000] {dagbag.py:545} INFO - Filling up the DagBag from /home/airflow/.local/lib/python3.12/site-packages/airflow/example_dags/example_latest_only.py
[2025-08-19T03:17:12.781+0000] {processor.py:840} INFO - DAG(s) 'latest_only' retrieved from /home/airflow/.local/lib/python3.12/site-packages/airflow/example_dags/example_latest_only.py
[2025-08-19T03:17:12.803+0000] {logging_mixin.py:188} INFO - [2025-08-19T03:17:12.803+0000] {dag.py:3096} INFO - Sync 1 DAGs
[2025-08-19T03:17:12.828+0000] {logging_mixin.py:188} INFO - [2025-08-19T03:17:12.827+0000] {dag.py:3954} INFO - Setting next_dagrun for latest_only to 2025-08-18 20:00:00+00:00, run_after=2025-08-19 00:00:00+00:00
[2025-08-19T03:17:12.850+0000] {processor.py:183} INFO - Processing /home/airflow/.local/lib/python3.12/site-packages/airflow/example_dags/example_latest_only.py took 0.084 seconds
[2025-08-19T03:17:43.520+0000] {processor.py:161} INFO - Started process (PID=23038) to work on /home/airflow/.local/lib/python3.12/site-packages/airflow/example_dags/example_latest_only.py
[2025-08-19T03:17:43.521+0000] {processor.py:830} INFO - Processing file /home/airflow/.local/lib/python3.12/site-packages/airflow/example_dags/example_latest_only.py for tasks to queue
[2025-08-19T03:17:43.522+0000] {logging_mixin.py:188} INFO - [2025-08-19T03:17:43.522+0000] {dagbag.py:545} INFO - Filling up the DagBag from /home/airflow/.local/lib/python3.12/site-packages/airflow/example_dags/example_latest_only.py
[2025-08-19T03:17:43.529+0000] {processor.py:840} INFO - DAG(s) 'latest_only' retrieved from /home/airflow/.local/lib/python3.12/site-packages/airflow/example_dags/example_latest_only.py
[2025-08-19T03:17:43.550+0000] {logging_mixin.py:188} INFO - [2025-08-19T03:17:43.549+0000] {dag.py:3096} INFO - Sync 1 DAGs
[2025-08-19T03:17:43.571+0000] {logging_mixin.py:188} INFO - [2025-08-19T03:17:43.570+0000] {dag.py:3954} INFO - Setting next_dagrun for latest_only to 2025-08-18 20:00:00+00:00, run_after=2025-08-19 00:00:00+00:00
[2025-08-19T03:17:43.595+0000] {processor.py:183} INFO - Processing /home/airflow/.local/lib/python3.12/site-packages/airflow/example_dags/example_latest_only.py took 0.082 seconds
[2025-08-19T03:18:13.920+0000] {processor.py:161} INFO - Started process (PID=23091) to work on /home/airflow/.local/lib/python3.12/site-packages/airflow/example_dags/example_latest_only.py
[2025-08-19T03:18:13.923+0000] {processor.py:830} INFO - Processing file /home/airflow/.local/lib/python3.12/site-packages/airflow/example_dags/example_latest_only.py for tasks to queue
[2025-08-19T03:18:13.926+0000] {logging_mixin.py:188} INFO - [2025-08-19T03:18:13.924+0000] {dagbag.py:545} INFO - Filling up the DagBag from /home/airflow/.local/lib/python3.12/site-packages/airflow/example_dags/example_latest_only.py
[2025-08-19T03:18:13.937+0000] {processor.py:840} INFO - DAG(s) 'latest_only' retrieved from /home/airflow/.local/lib/python3.12/site-packages/airflow/example_dags/example_latest_only.py
[2025-08-19T03:18:13.958+0000] {logging_mixin.py:188} INFO - [2025-08-19T03:18:13.958+0000] {dag.py:3096} INFO - Sync 1 DAGs
[2025-08-19T03:18:13.980+0000] {logging_mixin.py:188} INFO - [2025-08-19T03:18:13.980+0000] {dag.py:3954} INFO - Setting next_dagrun for latest_only to 2025-08-18 20:00:00+00:00, run_after=2025-08-19 00:00:00+00:00
[2025-08-19T03:18:14.000+0000] {processor.py:183} INFO - Processing /home/airflow/.local/lib/python3.12/site-packages/airflow/example_dags/example_latest_only.py took 0.096 seconds
[2025-08-19T03:18:44.148+0000] {processor.py:161} INFO - Started process (PID=23144) to work on /home/airflow/.local/lib/python3.12/site-packages/airflow/example_dags/example_latest_only.py
[2025-08-19T03:18:44.150+0000] {processor.py:830} INFO - Processing file /home/airflow/.local/lib/python3.12/site-packages/airflow/example_dags/example_latest_only.py for tasks to queue
[2025-08-19T03:18:44.153+0000] {logging_mixin.py:188} INFO - [2025-08-19T03:18:44.152+0000] {dagbag.py:545} INFO - Filling up the DagBag from /home/airflow/.local/lib/python3.12/site-packages/airflow/example_dags/example_latest_only.py
[2025-08-19T03:18:44.161+0000] {processor.py:840} INFO - DAG(s) 'latest_only' retrieved from /home/airflow/.local/lib/python3.12/site-packages/airflow/example_dags/example_latest_only.py
[2025-08-19T03:18:44.185+0000] {logging_mixin.py:188} INFO - [2025-08-19T03:18:44.184+0000] {dag.py:3096} INFO - Sync 1 DAGs
[2025-08-19T03:18:44.206+0000] {logging_mixin.py:188} INFO - [2025-08-19T03:18:44.206+0000] {dag.py:3954} INFO - Setting next_dagrun for latest_only to 2025-08-18 20:00:00+00:00, run_after=2025-08-19 00:00:00+00:00
[2025-08-19T03:18:44.234+0000] {processor.py:183} INFO - Processing /home/airflow/.local/lib/python3.12/site-packages/airflow/example_dags/example_latest_only.py took 0.095 seconds
[2025-08-19T03:19:14.430+0000] {processor.py:161} INFO - Started process (PID=23197) to work on /home/airflow/.local/lib/python3.12/site-packages/airflow/example_dags/example_latest_only.py
[2025-08-19T03:19:14.431+0000] {processor.py:830} INFO - Processing file /home/airflow/.local/lib/python3.12/site-packages/airflow/example_dags/example_latest_only.py for tasks to queue
[2025-08-19T03:19:14.433+0000] {logging_mixin.py:188} INFO - [2025-08-19T03:19:14.432+0000] {dagbag.py:545} INFO - Filling up the DagBag from /home/airflow/.local/lib/python3.12/site-packages/airflow/example_dags/example_latest_only.py
[2025-08-19T03:19:14.439+0000] {processor.py:840} INFO - DAG(s) 'latest_only' retrieved from /home/airflow/.local/lib/python3.12/site-packages/airflow/example_dags/example_latest_only.py
[2025-08-19T03:19:14.461+0000] {logging_mixin.py:188} INFO - [2025-08-19T03:19:14.461+0000] {dag.py:3096} INFO - Sync 1 DAGs
[2025-08-19T03:19:14.486+0000] {logging_mixin.py:188} INFO - [2025-08-19T03:19:14.486+0000] {dag.py:3954} INFO - Setting next_dagrun for latest_only to 2025-08-18 20:00:00+00:00, run_after=2025-08-19 00:00:00+00:00
[2025-08-19T03:19:14.511+0000] {processor.py:183} INFO - Processing /home/airflow/.local/lib/python3.12/site-packages/airflow/example_dags/example_latest_only.py took 0.087 seconds
[2025-08-19T03:19:44.994+0000] {processor.py:161} INFO - Started process (PID=23250) to work on /home/airflow/.local/lib/python3.12/site-packages/airflow/example_dags/example_latest_only.py
[2025-08-19T03:19:44.996+0000] {processor.py:830} INFO - Processing file /home/airflow/.local/lib/python3.12/site-packages/airflow/example_dags/example_latest_only.py for tasks to queue
[2025-08-19T03:19:44.998+0000] {logging_mixin.py:188} INFO - [2025-08-19T03:19:44.997+0000] {dagbag.py:545} INFO - Filling up the DagBag from /home/airflow/.local/lib/python3.12/site-packages/airflow/example_dags/example_latest_only.py
[2025-08-19T03:19:45.004+0000] {processor.py:840} INFO - DAG(s) 'latest_only' retrieved from /home/airflow/.local/lib/python3.12/site-packages/airflow/example_dags/example_latest_only.py
[2025-08-19T03:19:45.026+0000] {logging_mixin.py:188} INFO - [2025-08-19T03:19:45.026+0000] {dag.py:3096} INFO - Sync 1 DAGs
[2025-08-19T03:19:45.051+0000] {logging_mixin.py:188} INFO - [2025-08-19T03:19:45.051+0000] {dag.py:3954} INFO - Setting next_dagrun for latest_only to 2025-08-18 20:00:00+00:00, run_after=2025-08-19 00:00:00+00:00
[2025-08-19T03:19:45.078+0000] {processor.py:183} INFO - Processing /home/airflow/.local/lib/python3.12/site-packages/airflow/example_dags/example_latest_only.py took 0.090 seconds
[2025-08-19T03:20:15.463+0000] {processor.py:161} INFO - Started process (PID=23303) to work on /home/airflow/.local/lib/python3.12/site-packages/airflow/example_dags/example_latest_only.py
[2025-08-19T03:20:15.464+0000] {processor.py:830} INFO - Processing file /home/airflow/.local/lib/python3.12/site-packages/airflow/example_dags/example_latest_only.py for tasks to queue
[2025-08-19T03:20:15.466+0000] {logging_mixin.py:188} INFO - [2025-08-19T03:20:15.465+0000] {dagbag.py:545} INFO - Filling up the DagBag from /home/airflow/.local/lib/python3.12/site-packages/airflow/example_dags/example_latest_only.py
[2025-08-19T03:20:15.472+0000] {processor.py:840} INFO - DAG(s) 'latest_only' retrieved from /home/airflow/.local/lib/python3.12/site-packages/airflow/example_dags/example_latest_only.py
[2025-08-19T03:20:15.495+0000] {logging_mixin.py:188} INFO - [2025-08-19T03:20:15.495+0000] {dag.py:3096} INFO - Sync 1 DAGs
[2025-08-19T03:20:15.520+0000] {logging_mixin.py:188} INFO - [2025-08-19T03:20:15.519+0000] {dag.py:3954} INFO - Setting next_dagrun for latest_only to 2025-08-18 20:00:00+00:00, run_after=2025-08-19 00:00:00+00:00
[2025-08-19T03:20:15.549+0000] {processor.py:183} INFO - Processing /home/airflow/.local/lib/python3.12/site-packages/airflow/example_dags/example_latest_only.py took 0.092 seconds
[2025-08-19T03:20:45.808+0000] {processor.py:161} INFO - Started process (PID=23356) to work on /home/airflow/.local/lib/python3.12/site-packages/airflow/example_dags/example_latest_only.py
[2025-08-19T03:20:45.810+0000] {processor.py:830} INFO - Processing file /home/airflow/.local/lib/python3.12/site-packages/airflow/example_dags/example_latest_only.py for tasks to queue
[2025-08-19T03:20:45.812+0000] {logging_mixin.py:188} INFO - [2025-08-19T03:20:45.811+0000] {dagbag.py:545} INFO - Filling up the DagBag from /home/airflow/.local/lib/python3.12/site-packages/airflow/example_dags/example_latest_only.py
[2025-08-19T03:20:45.818+0000] {processor.py:840} INFO - DAG(s) 'latest_only' retrieved from /home/airflow/.local/lib/python3.12/site-packages/airflow/example_dags/example_latest_only.py
[2025-08-19T03:20:45.841+0000] {logging_mixin.py:188} INFO - [2025-08-19T03:20:45.841+0000] {dag.py:3096} INFO - Sync 1 DAGs
[2025-08-19T03:20:45.865+0000] {logging_mixin.py:188} INFO - [2025-08-19T03:20:45.865+0000] {dag.py:3954} INFO - Setting next_dagrun for latest_only to 2025-08-18 20:00:00+00:00, run_after=2025-08-19 00:00:00+00:00
[2025-08-19T03:20:45.894+0000] {processor.py:183} INFO - Processing /home/airflow/.local/lib/python3.12/site-packages/airflow/example_dags/example_latest_only.py took 0.095 seconds
[2025-08-19T03:21:15.998+0000] {processor.py:161} INFO - Started process (PID=23409) to work on /home/airflow/.local/lib/python3.12/site-packages/airflow/example_dags/example_latest_only.py
[2025-08-19T03:21:16.000+0000] {processor.py:830} INFO - Processing file /home/airflow/.local/lib/python3.12/site-packages/airflow/example_dags/example_latest_only.py for tasks to queue
[2025-08-19T03:21:16.001+0000] {logging_mixin.py:188} INFO - [2025-08-19T03:21:16.001+0000] {dagbag.py:545} INFO - Filling up the DagBag from /home/airflow/.local/lib/python3.12/site-packages/airflow/example_dags/example_latest_only.py
[2025-08-19T03:21:16.007+0000] {processor.py:840} INFO - DAG(s) 'latest_only' retrieved from /home/airflow/.local/lib/python3.12/site-packages/airflow/example_dags/example_latest_only.py
[2025-08-19T03:21:16.028+0000] {logging_mixin.py:188} INFO - [2025-08-19T03:21:16.028+0000] {dag.py:3096} INFO - Sync 1 DAGs
[2025-08-19T03:21:16.050+0000] {logging_mixin.py:188} INFO - [2025-08-19T03:21:16.049+0000] {dag.py:3954} INFO - Setting next_dagrun for latest_only to 2025-08-18 20:00:00+00:00, run_after=2025-08-19 00:00:00+00:00
[2025-08-19T03:21:16.072+0000] {processor.py:183} INFO - Processing /home/airflow/.local/lib/python3.12/site-packages/airflow/example_dags/example_latest_only.py took 0.082 seconds
[2025-08-19T03:21:46.728+0000] {processor.py:161} INFO - Started process (PID=23462) to work on /home/airflow/.local/lib/python3.12/site-packages/airflow/example_dags/example_latest_only.py
[2025-08-19T03:21:46.729+0000] {processor.py:830} INFO - Processing file /home/airflow/.local/lib/python3.12/site-packages/airflow/example_dags/example_latest_only.py for tasks to queue
[2025-08-19T03:21:46.731+0000] {logging_mixin.py:188} INFO - [2025-08-19T03:21:46.731+0000] {dagbag.py:545} INFO - Filling up the DagBag from /home/airflow/.local/lib/python3.12/site-packages/airflow/example_dags/example_latest_only.py
[2025-08-19T03:21:46.738+0000] {processor.py:840} INFO - DAG(s) 'latest_only' retrieved from /home/airflow/.local/lib/python3.12/site-packages/airflow/example_dags/example_latest_only.py
[2025-08-19T03:21:46.768+0000] {logging_mixin.py:188} INFO - [2025-08-19T03:21:46.768+0000] {dag.py:3096} INFO - Sync 1 DAGs
[2025-08-19T03:21:46.794+0000] {logging_mixin.py:188} INFO - [2025-08-19T03:21:46.794+0000] {dag.py:3954} INFO - Setting next_dagrun for latest_only to 2025-08-18 20:00:00+00:00, run_after=2025-08-19 00:00:00+00:00
[2025-08-19T03:21:46.823+0000] {processor.py:183} INFO - Processing /home/airflow/.local/lib/python3.12/site-packages/airflow/example_dags/example_latest_only.py took 0.104 seconds
[2025-08-19T03:22:17.311+0000] {processor.py:161} INFO - Started process (PID=23515) to work on /home/airflow/.local/lib/python3.12/site-packages/airflow/example_dags/example_latest_only.py
[2025-08-19T03:22:17.312+0000] {processor.py:830} INFO - Processing file /home/airflow/.local/lib/python3.12/site-packages/airflow/example_dags/example_latest_only.py for tasks to queue
[2025-08-19T03:22:17.313+0000] {logging_mixin.py:188} INFO - [2025-08-19T03:22:17.313+0000] {dagbag.py:545} INFO - Filling up the DagBag from /home/airflow/.local/lib/python3.12/site-packages/airflow/example_dags/example_latest_only.py
[2025-08-19T03:22:17.319+0000] {processor.py:840} INFO - DAG(s) 'latest_only' retrieved from /home/airflow/.local/lib/python3.12/site-packages/airflow/example_dags/example_latest_only.py
[2025-08-19T03:22:17.341+0000] {logging_mixin.py:188} INFO - [2025-08-19T03:22:17.340+0000] {dag.py:3096} INFO - Sync 1 DAGs
[2025-08-19T03:22:17.363+0000] {logging_mixin.py:188} INFO - [2025-08-19T03:22:17.363+0000] {dag.py:3954} INFO - Setting next_dagrun for latest_only to 2025-08-18 20:00:00+00:00, run_after=2025-08-19 00:00:00+00:00
[2025-08-19T03:22:17.388+0000] {processor.py:183} INFO - Processing /home/airflow/.local/lib/python3.12/site-packages/airflow/example_dags/example_latest_only.py took 0.083 seconds
[2025-08-19T03:22:47.776+0000] {processor.py:161} INFO - Started process (PID=23568) to work on /home/airflow/.local/lib/python3.12/site-packages/airflow/example_dags/example_latest_only.py
[2025-08-19T03:22:47.777+0000] {processor.py:830} INFO - Processing file /home/airflow/.local/lib/python3.12/site-packages/airflow/example_dags/example_latest_only.py for tasks to queue
[2025-08-19T03:22:47.779+0000] {logging_mixin.py:188} INFO - [2025-08-19T03:22:47.778+0000] {dagbag.py:545} INFO - Filling up the DagBag from /home/airflow/.local/lib/python3.12/site-packages/airflow/example_dags/example_latest_only.py
[2025-08-19T03:22:47.786+0000] {processor.py:840} INFO - DAG(s) 'latest_only' retrieved from /home/airflow/.local/lib/python3.12/site-packages/airflow/example_dags/example_latest_only.py
[2025-08-19T03:22:47.809+0000] {logging_mixin.py:188} INFO - [2025-08-19T03:22:47.808+0000] {dag.py:3096} INFO - Sync 1 DAGs
[2025-08-19T03:22:47.840+0000] {logging_mixin.py:188} INFO - [2025-08-19T03:22:47.840+0000] {dag.py:3954} INFO - Setting next_dagrun for latest_only to 2025-08-18 20:00:00+00:00, run_after=2025-08-19 00:00:00+00:00
[2025-08-19T03:22:47.865+0000] {processor.py:183} INFO - Processing /home/airflow/.local/lib/python3.12/site-packages/airflow/example_dags/example_latest_only.py took 0.095 seconds
[2025-08-19T03:23:18.185+0000] {processor.py:161} INFO - Started process (PID=23621) to work on /home/airflow/.local/lib/python3.12/site-packages/airflow/example_dags/example_latest_only.py
[2025-08-19T03:23:18.187+0000] {processor.py:830} INFO - Processing file /home/airflow/.local/lib/python3.12/site-packages/airflow/example_dags/example_latest_only.py for tasks to queue
[2025-08-19T03:23:18.189+0000] {logging_mixin.py:188} INFO - [2025-08-19T03:23:18.188+0000] {dagbag.py:545} INFO - Filling up the DagBag from /home/airflow/.local/lib/python3.12/site-packages/airflow/example_dags/example_latest_only.py
[2025-08-19T03:23:18.195+0000] {processor.py:840} INFO - DAG(s) 'latest_only' retrieved from /home/airflow/.local/lib/python3.12/site-packages/airflow/example_dags/example_latest_only.py
[2025-08-19T03:23:18.218+0000] {logging_mixin.py:188} INFO - [2025-08-19T03:23:18.218+0000] {dag.py:3096} INFO - Sync 1 DAGs
[2025-08-19T03:23:18.242+0000] {logging_mixin.py:188} INFO - [2025-08-19T03:23:18.242+0000] {dag.py:3954} INFO - Setting next_dagrun for latest_only to 2025-08-18 20:00:00+00:00, run_after=2025-08-19 00:00:00+00:00
[2025-08-19T03:23:18.266+0000] {processor.py:183} INFO - Processing /home/airflow/.local/lib/python3.12/site-packages/airflow/example_dags/example_latest_only.py took 0.086 seconds
[2025-08-19T03:23:48.658+0000] {processor.py:161} INFO - Started process (PID=23674) to work on /home/airflow/.local/lib/python3.12/site-packages/airflow/example_dags/example_latest_only.py
[2025-08-19T03:23:48.660+0000] {processor.py:830} INFO - Processing file /home/airflow/.local/lib/python3.12/site-packages/airflow/example_dags/example_latest_only.py for tasks to queue
[2025-08-19T03:23:48.661+0000] {logging_mixin.py:188} INFO - [2025-08-19T03:23:48.661+0000] {dagbag.py:545} INFO - Filling up the DagBag from /home/airflow/.local/lib/python3.12/site-packages/airflow/example_dags/example_latest_only.py
[2025-08-19T03:23:48.667+0000] {processor.py:840} INFO - DAG(s) 'latest_only' retrieved from /home/airflow/.local/lib/python3.12/site-packages/airflow/example_dags/example_latest_only.py
[2025-08-19T03:23:48.690+0000] {logging_mixin.py:188} INFO - [2025-08-19T03:23:48.690+0000] {dag.py:3096} INFO - Sync 1 DAGs
[2025-08-19T03:23:48.713+0000] {logging_mixin.py:188} INFO - [2025-08-19T03:23:48.713+0000] {dag.py:3954} INFO - Setting next_dagrun for latest_only to 2025-08-18 20:00:00+00:00, run_after=2025-08-19 00:00:00+00:00
[2025-08-19T03:23:48.736+0000] {processor.py:183} INFO - Processing /home/airflow/.local/lib/python3.12/site-packages/airflow/example_dags/example_latest_only.py took 0.084 seconds
[2025-08-19T03:24:19.193+0000] {processor.py:161} INFO - Started process (PID=23727) to work on /home/airflow/.local/lib/python3.12/site-packages/airflow/example_dags/example_latest_only.py
[2025-08-19T03:24:19.195+0000] {processor.py:830} INFO - Processing file /home/airflow/.local/lib/python3.12/site-packages/airflow/example_dags/example_latest_only.py for tasks to queue
[2025-08-19T03:24:19.196+0000] {logging_mixin.py:188} INFO - [2025-08-19T03:24:19.195+0000] {dagbag.py:545} INFO - Filling up the DagBag from /home/airflow/.local/lib/python3.12/site-packages/airflow/example_dags/example_latest_only.py
[2025-08-19T03:24:19.202+0000] {processor.py:840} INFO - DAG(s) 'latest_only' retrieved from /home/airflow/.local/lib/python3.12/site-packages/airflow/example_dags/example_latest_only.py
[2025-08-19T03:24:19.226+0000] {logging_mixin.py:188} INFO - [2025-08-19T03:24:19.225+0000] {dag.py:3096} INFO - Sync 1 DAGs
[2025-08-19T03:24:19.249+0000] {logging_mixin.py:188} INFO - [2025-08-19T03:24:19.248+0000] {dag.py:3954} INFO - Setting next_dagrun for latest_only to 2025-08-18 20:00:00+00:00, run_after=2025-08-19 00:00:00+00:00
[2025-08-19T03:24:19.273+0000] {processor.py:183} INFO - Processing /home/airflow/.local/lib/python3.12/site-packages/airflow/example_dags/example_latest_only.py took 0.086 seconds
[2025-08-19T03:24:49.863+0000] {processor.py:161} INFO - Started process (PID=23780) to work on /home/airflow/.local/lib/python3.12/site-packages/airflow/example_dags/example_latest_only.py
[2025-08-19T03:24:49.865+0000] {processor.py:830} INFO - Processing file /home/airflow/.local/lib/python3.12/site-packages/airflow/example_dags/example_latest_only.py for tasks to queue
[2025-08-19T03:24:49.866+0000] {logging_mixin.py:188} INFO - [2025-08-19T03:24:49.866+0000] {dagbag.py:545} INFO - Filling up the DagBag from /home/airflow/.local/lib/python3.12/site-packages/airflow/example_dags/example_latest_only.py
[2025-08-19T03:24:49.877+0000] {processor.py:840} INFO - DAG(s) 'latest_only' retrieved from /home/airflow/.local/lib/python3.12/site-packages/airflow/example_dags/example_latest_only.py
[2025-08-19T03:24:49.904+0000] {logging_mixin.py:188} INFO - [2025-08-19T03:24:49.904+0000] {dag.py:3096} INFO - Sync 1 DAGs
[2025-08-19T03:24:49.929+0000] {logging_mixin.py:188} INFO - [2025-08-19T03:24:49.929+0000] {dag.py:3954} INFO - Setting next_dagrun for latest_only to 2025-08-18 20:00:00+00:00, run_after=2025-08-19 00:00:00+00:00
[2025-08-19T03:24:49.966+0000] {processor.py:183} INFO - Processing /home/airflow/.local/lib/python3.12/site-packages/airflow/example_dags/example_latest_only.py took 0.110 seconds
[2025-08-19T03:25:20.402+0000] {processor.py:161} INFO - Started process (PID=23833) to work on /home/airflow/.local/lib/python3.12/site-packages/airflow/example_dags/example_latest_only.py
[2025-08-19T03:25:20.404+0000] {processor.py:830} INFO - Processing file /home/airflow/.local/lib/python3.12/site-packages/airflow/example_dags/example_latest_only.py for tasks to queue
[2025-08-19T03:25:20.405+0000] {logging_mixin.py:188} INFO - [2025-08-19T03:25:20.405+0000] {dagbag.py:545} INFO - Filling up the DagBag from /home/airflow/.local/lib/python3.12/site-packages/airflow/example_dags/example_latest_only.py
[2025-08-19T03:25:20.413+0000] {processor.py:840} INFO - DAG(s) 'latest_only' retrieved from /home/airflow/.local/lib/python3.12/site-packages/airflow/example_dags/example_latest_only.py
[2025-08-19T03:25:20.438+0000] {logging_mixin.py:188} INFO - [2025-08-19T03:25:20.438+0000] {dag.py:3096} INFO - Sync 1 DAGs
[2025-08-19T03:25:20.465+0000] {logging_mixin.py:188} INFO - [2025-08-19T03:25:20.465+0000] {dag.py:3954} INFO - Setting next_dagrun for latest_only to 2025-08-18 20:00:00+00:00, run_after=2025-08-19 00:00:00+00:00
[2025-08-19T03:25:20.491+0000] {processor.py:183} INFO - Processing /home/airflow/.local/lib/python3.12/site-packages/airflow/example_dags/example_latest_only.py took 0.097 seconds
[2025-08-19T03:25:50.994+0000] {processor.py:161} INFO - Started process (PID=23886) to work on /home/airflow/.local/lib/python3.12/site-packages/airflow/example_dags/example_latest_only.py
[2025-08-19T03:25:50.996+0000] {processor.py:830} INFO - Processing file /home/airflow/.local/lib/python3.12/site-packages/airflow/example_dags/example_latest_only.py for tasks to queue
[2025-08-19T03:25:50.997+0000] {logging_mixin.py:188} INFO - [2025-08-19T03:25:50.996+0000] {dagbag.py:545} INFO - Filling up the DagBag from /home/airflow/.local/lib/python3.12/site-packages/airflow/example_dags/example_latest_only.py
[2025-08-19T03:25:51.005+0000] {processor.py:840} INFO - DAG(s) 'latest_only' retrieved from /home/airflow/.local/lib/python3.12/site-packages/airflow/example_dags/example_latest_only.py
[2025-08-19T03:25:51.030+0000] {logging_mixin.py:188} INFO - [2025-08-19T03:25:51.030+0000] {dag.py:3096} INFO - Sync 1 DAGs
[2025-08-19T03:25:51.053+0000] {logging_mixin.py:188} INFO - [2025-08-19T03:25:51.053+0000] {dag.py:3954} INFO - Setting next_dagrun for latest_only to 2025-08-18 20:00:00+00:00, run_after=2025-08-19 00:00:00+00:00
[2025-08-19T03:25:51.079+0000] {processor.py:183} INFO - Processing /home/airflow/.local/lib/python3.12/site-packages/airflow/example_dags/example_latest_only.py took 0.092 seconds
[2025-08-19T03:26:21.228+0000] {processor.py:161} INFO - Started process (PID=23939) to work on /home/airflow/.local/lib/python3.12/site-packages/airflow/example_dags/example_latest_only.py
[2025-08-19T03:26:21.230+0000] {processor.py:830} INFO - Processing file /home/airflow/.local/lib/python3.12/site-packages/airflow/example_dags/example_latest_only.py for tasks to queue
[2025-08-19T03:26:21.231+0000] {logging_mixin.py:188} INFO - [2025-08-19T03:26:21.231+0000] {dagbag.py:545} INFO - Filling up the DagBag from /home/airflow/.local/lib/python3.12/site-packages/airflow/example_dags/example_latest_only.py
[2025-08-19T03:26:21.238+0000] {processor.py:840} INFO - DAG(s) 'latest_only' retrieved from /home/airflow/.local/lib/python3.12/site-packages/airflow/example_dags/example_latest_only.py
[2025-08-19T03:26:21.262+0000] {logging_mixin.py:188} INFO - [2025-08-19T03:26:21.261+0000] {dag.py:3096} INFO - Sync 1 DAGs
[2025-08-19T03:26:21.286+0000] {logging_mixin.py:188} INFO - [2025-08-19T03:26:21.285+0000] {dag.py:3954} INFO - Setting next_dagrun for latest_only to 2025-08-18 20:00:00+00:00, run_after=2025-08-19 00:00:00+00:00
[2025-08-19T03:26:21.335+0000] {processor.py:183} INFO - Processing /home/airflow/.local/lib/python3.12/site-packages/airflow/example_dags/example_latest_only.py took 0.112 seconds
[2025-08-19T03:26:51.843+0000] {processor.py:161} INFO - Started process (PID=23992) to work on /home/airflow/.local/lib/python3.12/site-packages/airflow/example_dags/example_latest_only.py
[2025-08-19T03:26:51.845+0000] {processor.py:830} INFO - Processing file /home/airflow/.local/lib/python3.12/site-packages/airflow/example_dags/example_latest_only.py for tasks to queue
[2025-08-19T03:26:51.846+0000] {logging_mixin.py:188} INFO - [2025-08-19T03:26:51.846+0000] {dagbag.py:545} INFO - Filling up the DagBag from /home/airflow/.local/lib/python3.12/site-packages/airflow/example_dags/example_latest_only.py
[2025-08-19T03:26:51.852+0000] {processor.py:840} INFO - DAG(s) 'latest_only' retrieved from /home/airflow/.local/lib/python3.12/site-packages/airflow/example_dags/example_latest_only.py
[2025-08-19T03:26:51.875+0000] {logging_mixin.py:188} INFO - [2025-08-19T03:26:51.875+0000] {dag.py:3096} INFO - Sync 1 DAGs
[2025-08-19T03:26:51.900+0000] {logging_mixin.py:188} INFO - [2025-08-19T03:26:51.900+0000] {dag.py:3954} INFO - Setting next_dagrun for latest_only to 2025-08-18 20:00:00+00:00, run_after=2025-08-19 00:00:00+00:00
[2025-08-19T03:26:51.924+0000] {processor.py:183} INFO - Processing /home/airflow/.local/lib/python3.12/site-packages/airflow/example_dags/example_latest_only.py took 0.087 seconds
[2025-08-19T03:27:22.183+0000] {processor.py:161} INFO - Started process (PID=24045) to work on /home/airflow/.local/lib/python3.12/site-packages/airflow/example_dags/example_latest_only.py
[2025-08-19T03:27:22.184+0000] {processor.py:830} INFO - Processing file /home/airflow/.local/lib/python3.12/site-packages/airflow/example_dags/example_latest_only.py for tasks to queue
[2025-08-19T03:27:22.185+0000] {logging_mixin.py:188} INFO - [2025-08-19T03:27:22.185+0000] {dagbag.py:545} INFO - Filling up the DagBag from /home/airflow/.local/lib/python3.12/site-packages/airflow/example_dags/example_latest_only.py
[2025-08-19T03:27:22.192+0000] {processor.py:840} INFO - DAG(s) 'latest_only' retrieved from /home/airflow/.local/lib/python3.12/site-packages/airflow/example_dags/example_latest_only.py
[2025-08-19T03:27:22.213+0000] {logging_mixin.py:188} INFO - [2025-08-19T03:27:22.213+0000] {dag.py:3096} INFO - Sync 1 DAGs
[2025-08-19T03:27:22.236+0000] {logging_mixin.py:188} INFO - [2025-08-19T03:27:22.236+0000] {dag.py:3954} INFO - Setting next_dagrun for latest_only to 2025-08-18 20:00:00+00:00, run_after=2025-08-19 00:00:00+00:00
[2025-08-19T03:27:22.259+0000] {processor.py:183} INFO - Processing /home/airflow/.local/lib/python3.12/site-packages/airflow/example_dags/example_latest_only.py took 0.082 seconds
[2025-08-19T03:27:52.823+0000] {processor.py:161} INFO - Started process (PID=24098) to work on /home/airflow/.local/lib/python3.12/site-packages/airflow/example_dags/example_latest_only.py
[2025-08-19T03:27:52.824+0000] {processor.py:830} INFO - Processing file /home/airflow/.local/lib/python3.12/site-packages/airflow/example_dags/example_latest_only.py for tasks to queue
[2025-08-19T03:27:52.825+0000] {logging_mixin.py:188} INFO - [2025-08-19T03:27:52.825+0000] {dagbag.py:545} INFO - Filling up the DagBag from /home/airflow/.local/lib/python3.12/site-packages/airflow/example_dags/example_latest_only.py
[2025-08-19T03:27:52.832+0000] {processor.py:840} INFO - DAG(s) 'latest_only' retrieved from /home/airflow/.local/lib/python3.12/site-packages/airflow/example_dags/example_latest_only.py
[2025-08-19T03:27:52.855+0000] {logging_mixin.py:188} INFO - [2025-08-19T03:27:52.854+0000] {dag.py:3096} INFO - Sync 1 DAGs
[2025-08-19T03:27:52.878+0000] {logging_mixin.py:188} INFO - [2025-08-19T03:27:52.878+0000] {dag.py:3954} INFO - Setting next_dagrun for latest_only to 2025-08-18 20:00:00+00:00, run_after=2025-08-19 00:00:00+00:00
[2025-08-19T03:27:52.903+0000] {processor.py:183} INFO - Processing /home/airflow/.local/lib/python3.12/site-packages/airflow/example_dags/example_latest_only.py took 0.087 seconds
[2025-08-19T03:28:23.227+0000] {processor.py:161} INFO - Started process (PID=24151) to work on /home/airflow/.local/lib/python3.12/site-packages/airflow/example_dags/example_latest_only.py
[2025-08-19T03:28:23.229+0000] {processor.py:830} INFO - Processing file /home/airflow/.local/lib/python3.12/site-packages/airflow/example_dags/example_latest_only.py for tasks to queue
[2025-08-19T03:28:23.230+0000] {logging_mixin.py:188} INFO - [2025-08-19T03:28:23.230+0000] {dagbag.py:545} INFO - Filling up the DagBag from /home/airflow/.local/lib/python3.12/site-packages/airflow/example_dags/example_latest_only.py
[2025-08-19T03:28:23.239+0000] {processor.py:840} INFO - DAG(s) 'latest_only' retrieved from /home/airflow/.local/lib/python3.12/site-packages/airflow/example_dags/example_latest_only.py
[2025-08-19T03:28:23.261+0000] {logging_mixin.py:188} INFO - [2025-08-19T03:28:23.261+0000] {dag.py:3096} INFO - Sync 1 DAGs
[2025-08-19T03:28:23.283+0000] {logging_mixin.py:188} INFO - [2025-08-19T03:28:23.282+0000] {dag.py:3954} INFO - Setting next_dagrun for latest_only to 2025-08-18 20:00:00+00:00, run_after=2025-08-19 00:00:00+00:00
[2025-08-19T03:28:23.307+0000] {processor.py:183} INFO - Processing /home/airflow/.local/lib/python3.12/site-packages/airflow/example_dags/example_latest_only.py took 0.085 seconds
[2025-08-19T03:28:53.679+0000] {processor.py:161} INFO - Started process (PID=24204) to work on /home/airflow/.local/lib/python3.12/site-packages/airflow/example_dags/example_latest_only.py
[2025-08-19T03:28:53.681+0000] {processor.py:830} INFO - Processing file /home/airflow/.local/lib/python3.12/site-packages/airflow/example_dags/example_latest_only.py for tasks to queue
[2025-08-19T03:28:53.682+0000] {logging_mixin.py:188} INFO - [2025-08-19T03:28:53.682+0000] {dagbag.py:545} INFO - Filling up the DagBag from /home/airflow/.local/lib/python3.12/site-packages/airflow/example_dags/example_latest_only.py
[2025-08-19T03:28:53.689+0000] {processor.py:840} INFO - DAG(s) 'latest_only' retrieved from /home/airflow/.local/lib/python3.12/site-packages/airflow/example_dags/example_latest_only.py
[2025-08-19T03:28:53.712+0000] {logging_mixin.py:188} INFO - [2025-08-19T03:28:53.712+0000] {dag.py:3096} INFO - Sync 1 DAGs
[2025-08-19T03:28:53.735+0000] {logging_mixin.py:188} INFO - [2025-08-19T03:28:53.735+0000] {dag.py:3954} INFO - Setting next_dagrun for latest_only to 2025-08-18 20:00:00+00:00, run_after=2025-08-19 00:00:00+00:00
[2025-08-19T03:28:53.759+0000] {processor.py:183} INFO - Processing /home/airflow/.local/lib/python3.12/site-packages/airflow/example_dags/example_latest_only.py took 0.087 seconds
[2025-08-19T03:29:24.056+0000] {processor.py:161} INFO - Started process (PID=24257) to work on /home/airflow/.local/lib/python3.12/site-packages/airflow/example_dags/example_latest_only.py
[2025-08-19T03:29:24.057+0000] {processor.py:830} INFO - Processing file /home/airflow/.local/lib/python3.12/site-packages/airflow/example_dags/example_latest_only.py for tasks to queue
[2025-08-19T03:29:24.059+0000] {logging_mixin.py:188} INFO - [2025-08-19T03:29:24.058+0000] {dagbag.py:545} INFO - Filling up the DagBag from /home/airflow/.local/lib/python3.12/site-packages/airflow/example_dags/example_latest_only.py
[2025-08-19T03:29:24.065+0000] {processor.py:840} INFO - DAG(s) 'latest_only' retrieved from /home/airflow/.local/lib/python3.12/site-packages/airflow/example_dags/example_latest_only.py
[2025-08-19T03:29:24.089+0000] {logging_mixin.py:188} INFO - [2025-08-19T03:29:24.089+0000] {dag.py:3096} INFO - Sync 1 DAGs
[2025-08-19T03:29:24.113+0000] {logging_mixin.py:188} INFO - [2025-08-19T03:29:24.112+0000] {dag.py:3954} INFO - Setting next_dagrun for latest_only to 2025-08-18 20:00:00+00:00, run_after=2025-08-19 00:00:00+00:00
[2025-08-19T03:29:24.144+0000] {processor.py:183} INFO - Processing /home/airflow/.local/lib/python3.12/site-packages/airflow/example_dags/example_latest_only.py took 0.095 seconds
[2025-08-19T03:29:54.282+0000] {processor.py:161} INFO - Started process (PID=24310) to work on /home/airflow/.local/lib/python3.12/site-packages/airflow/example_dags/example_latest_only.py
[2025-08-19T03:29:54.283+0000] {processor.py:830} INFO - Processing file /home/airflow/.local/lib/python3.12/site-packages/airflow/example_dags/example_latest_only.py for tasks to queue
[2025-08-19T03:29:54.285+0000] {logging_mixin.py:188} INFO - [2025-08-19T03:29:54.285+0000] {dagbag.py:545} INFO - Filling up the DagBag from /home/airflow/.local/lib/python3.12/site-packages/airflow/example_dags/example_latest_only.py
[2025-08-19T03:29:54.294+0000] {processor.py:840} INFO - DAG(s) 'latest_only' retrieved from /home/airflow/.local/lib/python3.12/site-packages/airflow/example_dags/example_latest_only.py
[2025-08-19T03:29:54.318+0000] {logging_mixin.py:188} INFO - [2025-08-19T03:29:54.318+0000] {dag.py:3096} INFO - Sync 1 DAGs
[2025-08-19T03:29:54.341+0000] {logging_mixin.py:188} INFO - [2025-08-19T03:29:54.341+0000] {dag.py:3954} INFO - Setting next_dagrun for latest_only to 2025-08-18 20:00:00+00:00, run_after=2025-08-19 00:00:00+00:00
[2025-08-19T03:29:54.364+0000] {processor.py:183} INFO - Processing /home/airflow/.local/lib/python3.12/site-packages/airflow/example_dags/example_latest_only.py took 0.089 seconds
[2025-08-19T03:30:24.921+0000] {processor.py:161} INFO - Started process (PID=24363) to work on /home/airflow/.local/lib/python3.12/site-packages/airflow/example_dags/example_latest_only.py
[2025-08-19T03:30:24.923+0000] {processor.py:830} INFO - Processing file /home/airflow/.local/lib/python3.12/site-packages/airflow/example_dags/example_latest_only.py for tasks to queue
[2025-08-19T03:30:24.924+0000] {logging_mixin.py:188} INFO - [2025-08-19T03:30:24.924+0000] {dagbag.py:545} INFO - Filling up the DagBag from /home/airflow/.local/lib/python3.12/site-packages/airflow/example_dags/example_latest_only.py
[2025-08-19T03:30:24.930+0000] {processor.py:840} INFO - DAG(s) 'latest_only' retrieved from /home/airflow/.local/lib/python3.12/site-packages/airflow/example_dags/example_latest_only.py
[2025-08-19T03:30:24.953+0000] {logging_mixin.py:188} INFO - [2025-08-19T03:30:24.952+0000] {dag.py:3096} INFO - Sync 1 DAGs
[2025-08-19T03:30:24.973+0000] {logging_mixin.py:188} INFO - [2025-08-19T03:30:24.973+0000] {dag.py:3954} INFO - Setting next_dagrun for latest_only to 2025-08-18 20:00:00+00:00, run_after=2025-08-19 00:00:00+00:00
[2025-08-19T03:30:24.995+0000] {processor.py:183} INFO - Processing /home/airflow/.local/lib/python3.12/site-packages/airflow/example_dags/example_latest_only.py took 0.080 seconds
[2025-08-19T03:30:55.346+0000] {processor.py:161} INFO - Started process (PID=24416) to work on /home/airflow/.local/lib/python3.12/site-packages/airflow/example_dags/example_latest_only.py
[2025-08-19T03:30:55.347+0000] {processor.py:830} INFO - Processing file /home/airflow/.local/lib/python3.12/site-packages/airflow/example_dags/example_latest_only.py for tasks to queue
[2025-08-19T03:30:55.349+0000] {logging_mixin.py:188} INFO - [2025-08-19T03:30:55.348+0000] {dagbag.py:545} INFO - Filling up the DagBag from /home/airflow/.local/lib/python3.12/site-packages/airflow/example_dags/example_latest_only.py
[2025-08-19T03:30:55.359+0000] {processor.py:840} INFO - DAG(s) 'latest_only' retrieved from /home/airflow/.local/lib/python3.12/site-packages/airflow/example_dags/example_latest_only.py
[2025-08-19T03:30:55.386+0000] {logging_mixin.py:188} INFO - [2025-08-19T03:30:55.385+0000] {dag.py:3096} INFO - Sync 1 DAGs
[2025-08-19T03:30:55.412+0000] {logging_mixin.py:188} INFO - [2025-08-19T03:30:55.411+0000] {dag.py:3954} INFO - Setting next_dagrun for latest_only to 2025-08-18 20:00:00+00:00, run_after=2025-08-19 00:00:00+00:00
[2025-08-19T03:30:55.461+0000] {processor.py:183} INFO - Processing /home/airflow/.local/lib/python3.12/site-packages/airflow/example_dags/example_latest_only.py took 0.124 seconds
[2025-08-19T03:31:26.500+0000] {processor.py:161} INFO - Started process (PID=24469) to work on /home/airflow/.local/lib/python3.12/site-packages/airflow/example_dags/example_latest_only.py
[2025-08-19T03:31:26.502+0000] {processor.py:830} INFO - Processing file /home/airflow/.local/lib/python3.12/site-packages/airflow/example_dags/example_latest_only.py for tasks to queue
[2025-08-19T03:31:26.503+0000] {logging_mixin.py:188} INFO - [2025-08-19T03:31:26.503+0000] {dagbag.py:545} INFO - Filling up the DagBag from /home/airflow/.local/lib/python3.12/site-packages/airflow/example_dags/example_latest_only.py
[2025-08-19T03:31:26.510+0000] {processor.py:840} INFO - DAG(s) 'latest_only' retrieved from /home/airflow/.local/lib/python3.12/site-packages/airflow/example_dags/example_latest_only.py
[2025-08-19T03:31:26.535+0000] {logging_mixin.py:188} INFO - [2025-08-19T03:31:26.535+0000] {dag.py:3096} INFO - Sync 1 DAGs
[2025-08-19T03:31:26.560+0000] {logging_mixin.py:188} INFO - [2025-08-19T03:31:26.560+0000] {dag.py:3954} INFO - Setting next_dagrun for latest_only to 2025-08-18 20:00:00+00:00, run_after=2025-08-19 00:00:00+00:00
[2025-08-19T03:31:26.595+0000] {processor.py:183} INFO - Processing /home/airflow/.local/lib/python3.12/site-packages/airflow/example_dags/example_latest_only.py took 0.102 seconds
[2025-08-19T03:31:56.901+0000] {processor.py:161} INFO - Started process (PID=24522) to work on /home/airflow/.local/lib/python3.12/site-packages/airflow/example_dags/example_latest_only.py
[2025-08-19T03:31:56.903+0000] {processor.py:830} INFO - Processing file /home/airflow/.local/lib/python3.12/site-packages/airflow/example_dags/example_latest_only.py for tasks to queue
[2025-08-19T03:31:56.905+0000] {logging_mixin.py:188} INFO - [2025-08-19T03:31:56.904+0000] {dagbag.py:545} INFO - Filling up the DagBag from /home/airflow/.local/lib/python3.12/site-packages/airflow/example_dags/example_latest_only.py
[2025-08-19T03:31:56.915+0000] {processor.py:840} INFO - DAG(s) 'latest_only' retrieved from /home/airflow/.local/lib/python3.12/site-packages/airflow/example_dags/example_latest_only.py
[2025-08-19T03:31:56.946+0000] {logging_mixin.py:188} INFO - [2025-08-19T03:31:56.946+0000] {dag.py:3096} INFO - Sync 1 DAGs
[2025-08-19T03:31:56.969+0000] {logging_mixin.py:188} INFO - [2025-08-19T03:31:56.969+0000] {dag.py:3954} INFO - Setting next_dagrun for latest_only to 2025-08-18 20:00:00+00:00, run_after=2025-08-19 00:00:00+00:00
[2025-08-19T03:31:57.002+0000] {processor.py:183} INFO - Processing /home/airflow/.local/lib/python3.12/site-packages/airflow/example_dags/example_latest_only.py took 0.113 seconds
[2025-08-19T03:32:27.329+0000] {processor.py:161} INFO - Started process (PID=24575) to work on /home/airflow/.local/lib/python3.12/site-packages/airflow/example_dags/example_latest_only.py
[2025-08-19T03:32:27.330+0000] {processor.py:830} INFO - Processing file /home/airflow/.local/lib/python3.12/site-packages/airflow/example_dags/example_latest_only.py for tasks to queue
[2025-08-19T03:32:27.334+0000] {logging_mixin.py:188} INFO - [2025-08-19T03:32:27.332+0000] {dagbag.py:545} INFO - Filling up the DagBag from /home/airflow/.local/lib/python3.12/site-packages/airflow/example_dags/example_latest_only.py
[2025-08-19T03:32:27.342+0000] {processor.py:840} INFO - DAG(s) 'latest_only' retrieved from /home/airflow/.local/lib/python3.12/site-packages/airflow/example_dags/example_latest_only.py
[2025-08-19T03:32:27.369+0000] {logging_mixin.py:188} INFO - [2025-08-19T03:32:27.369+0000] {dag.py:3096} INFO - Sync 1 DAGs
[2025-08-19T03:32:27.393+0000] {logging_mixin.py:188} INFO - [2025-08-19T03:32:27.393+0000] {dag.py:3954} INFO - Setting next_dagrun for latest_only to 2025-08-18 20:00:00+00:00, run_after=2025-08-19 00:00:00+00:00
[2025-08-19T03:32:27.419+0000] {processor.py:183} INFO - Processing /home/airflow/.local/lib/python3.12/site-packages/airflow/example_dags/example_latest_only.py took 0.100 seconds
[2025-08-19T03:32:57.918+0000] {processor.py:161} INFO - Started process (PID=24628) to work on /home/airflow/.local/lib/python3.12/site-packages/airflow/example_dags/example_latest_only.py
[2025-08-19T03:32:57.920+0000] {processor.py:830} INFO - Processing file /home/airflow/.local/lib/python3.12/site-packages/airflow/example_dags/example_latest_only.py for tasks to queue
[2025-08-19T03:32:57.923+0000] {logging_mixin.py:188} INFO - [2025-08-19T03:32:57.922+0000] {dagbag.py:545} INFO - Filling up the DagBag from /home/airflow/.local/lib/python3.12/site-packages/airflow/example_dags/example_latest_only.py
[2025-08-19T03:32:57.936+0000] {processor.py:840} INFO - DAG(s) 'latest_only' retrieved from /home/airflow/.local/lib/python3.12/site-packages/airflow/example_dags/example_latest_only.py
[2025-08-19T03:32:57.974+0000] {logging_mixin.py:188} INFO - [2025-08-19T03:32:57.974+0000] {dag.py:3096} INFO - Sync 1 DAGs
[2025-08-19T03:32:58.012+0000] {logging_mixin.py:188} INFO - [2025-08-19T03:32:58.011+0000] {dag.py:3954} INFO - Setting next_dagrun for latest_only to 2025-08-18 20:00:00+00:00, run_after=2025-08-19 00:00:00+00:00
[2025-08-19T03:32:58.067+0000] {processor.py:183} INFO - Processing /home/airflow/.local/lib/python3.12/site-packages/airflow/example_dags/example_latest_only.py took 0.162 seconds
[2025-08-19T03:33:29.904+0000] {processor.py:161} INFO - Started process (PID=24681) to work on /home/airflow/.local/lib/python3.12/site-packages/airflow/example_dags/example_latest_only.py
[2025-08-19T03:33:29.909+0000] {processor.py:830} INFO - Processing file /home/airflow/.local/lib/python3.12/site-packages/airflow/example_dags/example_latest_only.py for tasks to queue
[2025-08-19T03:33:29.920+0000] {logging_mixin.py:188} INFO - [2025-08-19T03:33:29.914+0000] {dagbag.py:545} INFO - Filling up the DagBag from /home/airflow/.local/lib/python3.12/site-packages/airflow/example_dags/example_latest_only.py
[2025-08-19T03:33:29.943+0000] {processor.py:840} INFO - DAG(s) 'latest_only' retrieved from /home/airflow/.local/lib/python3.12/site-packages/airflow/example_dags/example_latest_only.py
[2025-08-19T03:33:30.044+0000] {logging_mixin.py:188} INFO - [2025-08-19T03:33:30.043+0000] {dag.py:3096} INFO - Sync 1 DAGs
[2025-08-19T03:33:30.168+0000] {logging_mixin.py:188} INFO - [2025-08-19T03:33:30.167+0000] {dag.py:3954} INFO - Setting next_dagrun for latest_only to 2025-08-18 20:00:00+00:00, run_after=2025-08-19 00:00:00+00:00
[2025-08-19T03:33:30.264+0000] {processor.py:183} INFO - Processing /home/airflow/.local/lib/python3.12/site-packages/airflow/example_dags/example_latest_only.py took 0.397 seconds
[2025-08-19T03:34:00.984+0000] {processor.py:161} INFO - Started process (PID=24732) to work on /home/airflow/.local/lib/python3.12/site-packages/airflow/example_dags/example_latest_only.py
[2025-08-19T03:34:00.986+0000] {processor.py:830} INFO - Processing file /home/airflow/.local/lib/python3.12/site-packages/airflow/example_dags/example_latest_only.py for tasks to queue
[2025-08-19T03:34:00.987+0000] {logging_mixin.py:188} INFO - [2025-08-19T03:34:00.987+0000] {dagbag.py:545} INFO - Filling up the DagBag from /home/airflow/.local/lib/python3.12/site-packages/airflow/example_dags/example_latest_only.py
[2025-08-19T03:34:00.994+0000] {processor.py:840} INFO - DAG(s) 'latest_only' retrieved from /home/airflow/.local/lib/python3.12/site-packages/airflow/example_dags/example_latest_only.py
[2025-08-19T03:34:01.020+0000] {logging_mixin.py:188} INFO - [2025-08-19T03:34:01.019+0000] {dag.py:3096} INFO - Sync 1 DAGs
[2025-08-19T03:34:01.047+0000] {logging_mixin.py:188} INFO - [2025-08-19T03:34:01.046+0000] {dag.py:3954} INFO - Setting next_dagrun for latest_only to 2025-08-18 20:00:00+00:00, run_after=2025-08-19 00:00:00+00:00
[2025-08-19T03:34:01.078+0000] {processor.py:183} INFO - Processing /home/airflow/.local/lib/python3.12/site-packages/airflow/example_dags/example_latest_only.py took 0.100 seconds
[2025-08-19T03:34:31.304+0000] {processor.py:161} INFO - Started process (PID=24785) to work on /home/airflow/.local/lib/python3.12/site-packages/airflow/example_dags/example_latest_only.py
[2025-08-19T03:34:31.305+0000] {processor.py:830} INFO - Processing file /home/airflow/.local/lib/python3.12/site-packages/airflow/example_dags/example_latest_only.py for tasks to queue
[2025-08-19T03:34:31.307+0000] {logging_mixin.py:188} INFO - [2025-08-19T03:34:31.307+0000] {dagbag.py:545} INFO - Filling up the DagBag from /home/airflow/.local/lib/python3.12/site-packages/airflow/example_dags/example_latest_only.py
[2025-08-19T03:34:31.318+0000] {processor.py:840} INFO - DAG(s) 'latest_only' retrieved from /home/airflow/.local/lib/python3.12/site-packages/airflow/example_dags/example_latest_only.py
[2025-08-19T03:34:31.348+0000] {logging_mixin.py:188} INFO - [2025-08-19T03:34:31.347+0000] {dag.py:3096} INFO - Sync 1 DAGs
[2025-08-19T03:34:31.375+0000] {logging_mixin.py:188} INFO - [2025-08-19T03:34:31.375+0000] {dag.py:3954} INFO - Setting next_dagrun for latest_only to 2025-08-18 20:00:00+00:00, run_after=2025-08-19 00:00:00+00:00
[2025-08-19T03:34:31.415+0000] {processor.py:183} INFO - Processing /home/airflow/.local/lib/python3.12/site-packages/airflow/example_dags/example_latest_only.py took 0.119 seconds
[2025-08-19T03:35:01.642+0000] {processor.py:161} INFO - Started process (PID=24838) to work on /home/airflow/.local/lib/python3.12/site-packages/airflow/example_dags/example_latest_only.py
[2025-08-19T03:35:01.644+0000] {processor.py:830} INFO - Processing file /home/airflow/.local/lib/python3.12/site-packages/airflow/example_dags/example_latest_only.py for tasks to queue
[2025-08-19T03:35:01.647+0000] {logging_mixin.py:188} INFO - [2025-08-19T03:35:01.646+0000] {dagbag.py:545} INFO - Filling up the DagBag from /home/airflow/.local/lib/python3.12/site-packages/airflow/example_dags/example_latest_only.py
[2025-08-19T03:35:01.656+0000] {processor.py:840} INFO - DAG(s) 'latest_only' retrieved from /home/airflow/.local/lib/python3.12/site-packages/airflow/example_dags/example_latest_only.py
[2025-08-19T03:35:01.682+0000] {logging_mixin.py:188} INFO - [2025-08-19T03:35:01.682+0000] {dag.py:3096} INFO - Sync 1 DAGs
[2025-08-19T03:35:01.707+0000] {logging_mixin.py:188} INFO - [2025-08-19T03:35:01.706+0000] {dag.py:3954} INFO - Setting next_dagrun for latest_only to 2025-08-18 20:00:00+00:00, run_after=2025-08-19 00:00:00+00:00
[2025-08-19T03:35:01.733+0000] {processor.py:183} INFO - Processing /home/airflow/.local/lib/python3.12/site-packages/airflow/example_dags/example_latest_only.py took 0.099 seconds
[2025-08-19T03:35:31.945+0000] {processor.py:161} INFO - Started process (PID=24891) to work on /home/airflow/.local/lib/python3.12/site-packages/airflow/example_dags/example_latest_only.py
[2025-08-19T03:35:31.947+0000] {processor.py:830} INFO - Processing file /home/airflow/.local/lib/python3.12/site-packages/airflow/example_dags/example_latest_only.py for tasks to queue
[2025-08-19T03:35:31.948+0000] {logging_mixin.py:188} INFO - [2025-08-19T03:35:31.948+0000] {dagbag.py:545} INFO - Filling up the DagBag from /home/airflow/.local/lib/python3.12/site-packages/airflow/example_dags/example_latest_only.py
[2025-08-19T03:35:31.953+0000] {processor.py:840} INFO - DAG(s) 'latest_only' retrieved from /home/airflow/.local/lib/python3.12/site-packages/airflow/example_dags/example_latest_only.py
[2025-08-19T03:35:31.980+0000] {logging_mixin.py:188} INFO - [2025-08-19T03:35:31.980+0000] {dag.py:3096} INFO - Sync 1 DAGs
[2025-08-19T03:35:32.012+0000] {logging_mixin.py:188} INFO - [2025-08-19T03:35:32.012+0000] {dag.py:3954} INFO - Setting next_dagrun for latest_only to 2025-08-18 20:00:00+00:00, run_after=2025-08-19 00:00:00+00:00
[2025-08-19T03:35:32.049+0000] {processor.py:183} INFO - Processing /home/airflow/.local/lib/python3.12/site-packages/airflow/example_dags/example_latest_only.py took 0.112 seconds
[2025-08-19T03:36:02.401+0000] {processor.py:161} INFO - Started process (PID=24944) to work on /home/airflow/.local/lib/python3.12/site-packages/airflow/example_dags/example_latest_only.py
[2025-08-19T03:36:02.403+0000] {processor.py:830} INFO - Processing file /home/airflow/.local/lib/python3.12/site-packages/airflow/example_dags/example_latest_only.py for tasks to queue
[2025-08-19T03:36:02.404+0000] {logging_mixin.py:188} INFO - [2025-08-19T03:36:02.404+0000] {dagbag.py:545} INFO - Filling up the DagBag from /home/airflow/.local/lib/python3.12/site-packages/airflow/example_dags/example_latest_only.py
[2025-08-19T03:36:02.410+0000] {processor.py:840} INFO - DAG(s) 'latest_only' retrieved from /home/airflow/.local/lib/python3.12/site-packages/airflow/example_dags/example_latest_only.py
[2025-08-19T03:36:02.434+0000] {logging_mixin.py:188} INFO - [2025-08-19T03:36:02.433+0000] {dag.py:3096} INFO - Sync 1 DAGs
[2025-08-19T03:36:02.468+0000] {logging_mixin.py:188} INFO - [2025-08-19T03:36:02.468+0000] {dag.py:3954} INFO - Setting next_dagrun for latest_only to 2025-08-18 20:00:00+00:00, run_after=2025-08-19 00:00:00+00:00
[2025-08-19T03:36:02.497+0000] {processor.py:183} INFO - Processing /home/airflow/.local/lib/python3.12/site-packages/airflow/example_dags/example_latest_only.py took 0.106 seconds
[2025-08-19T03:36:33.081+0000] {processor.py:161} INFO - Started process (PID=24997) to work on /home/airflow/.local/lib/python3.12/site-packages/airflow/example_dags/example_latest_only.py
[2025-08-19T03:36:33.083+0000] {processor.py:830} INFO - Processing file /home/airflow/.local/lib/python3.12/site-packages/airflow/example_dags/example_latest_only.py for tasks to queue
[2025-08-19T03:36:33.085+0000] {logging_mixin.py:188} INFO - [2025-08-19T03:36:33.085+0000] {dagbag.py:545} INFO - Filling up the DagBag from /home/airflow/.local/lib/python3.12/site-packages/airflow/example_dags/example_latest_only.py
[2025-08-19T03:36:33.095+0000] {processor.py:840} INFO - DAG(s) 'latest_only' retrieved from /home/airflow/.local/lib/python3.12/site-packages/airflow/example_dags/example_latest_only.py
[2025-08-19T03:36:33.129+0000] {logging_mixin.py:188} INFO - [2025-08-19T03:36:33.128+0000] {dag.py:3096} INFO - Sync 1 DAGs
[2025-08-19T03:36:33.162+0000] {logging_mixin.py:188} INFO - [2025-08-19T03:36:33.162+0000] {dag.py:3954} INFO - Setting next_dagrun for latest_only to 2025-08-18 20:00:00+00:00, run_after=2025-08-19 00:00:00+00:00
[2025-08-19T03:36:33.199+0000] {processor.py:183} INFO - Processing /home/airflow/.local/lib/python3.12/site-packages/airflow/example_dags/example_latest_only.py took 0.126 seconds
[2025-08-19T03:37:04.059+0000] {processor.py:161} INFO - Started process (PID=25050) to work on /home/airflow/.local/lib/python3.12/site-packages/airflow/example_dags/example_latest_only.py
[2025-08-19T03:37:04.061+0000] {processor.py:830} INFO - Processing file /home/airflow/.local/lib/python3.12/site-packages/airflow/example_dags/example_latest_only.py for tasks to queue
[2025-08-19T03:37:04.062+0000] {logging_mixin.py:188} INFO - [2025-08-19T03:37:04.062+0000] {dagbag.py:545} INFO - Filling up the DagBag from /home/airflow/.local/lib/python3.12/site-packages/airflow/example_dags/example_latest_only.py
[2025-08-19T03:37:04.070+0000] {processor.py:840} INFO - DAG(s) 'latest_only' retrieved from /home/airflow/.local/lib/python3.12/site-packages/airflow/example_dags/example_latest_only.py
[2025-08-19T03:37:04.096+0000] {logging_mixin.py:188} INFO - [2025-08-19T03:37:04.095+0000] {dag.py:3096} INFO - Sync 1 DAGs
[2025-08-19T03:37:04.122+0000] {logging_mixin.py:188} INFO - [2025-08-19T03:37:04.122+0000] {dag.py:3954} INFO - Setting next_dagrun for latest_only to 2025-08-18 20:00:00+00:00, run_after=2025-08-19 00:00:00+00:00
[2025-08-19T03:37:04.157+0000] {processor.py:183} INFO - Processing /home/airflow/.local/lib/python3.12/site-packages/airflow/example_dags/example_latest_only.py took 0.104 seconds
