[2025-08-19T03:10:06.739+0000] {processor.py:161} INFO - Started process (PID=22261) to work on /home/airflow/.local/lib/python3.12/site-packages/airflow/example_dags/example_latest_only_with_trigger.py
[2025-08-19T03:10:06.742+0000] {processor.py:830} INFO - Processing file /home/airflow/.local/lib/python3.12/site-packages/airflow/example_dags/example_latest_only_with_trigger.py for tasks to queue
[2025-08-19T03:10:06.744+0000] {logging_mixin.py:188} INFO - [2025-08-19T03:10:06.743+0000] {dagbag.py:545} INFO - Filling up the DagBag from /home/airflow/.local/lib/python3.12/site-packages/airflow/example_dags/example_latest_only_with_trigger.py
[2025-08-19T03:10:06.762+0000] {processor.py:840} INFO - DAG(s) 'latest_only_with_trigger' retrieved from /home/airflow/.local/lib/python3.12/site-packages/airflow/example_dags/example_latest_only_with_trigger.py
[2025-08-19T03:10:06.828+0000] {logging_mixin.py:188} INFO - [2025-08-19T03:10:06.827+0000] {dag.py:3096} INFO - Sync 1 DAGs
[2025-08-19T03:10:06.905+0000] {logging_mixin.py:188} INFO - [2025-08-19T03:10:06.904+0000] {dag.py:3954} INFO - Setting next_dagrun for latest_only_with_trigger to 2025-08-18 20:00:00+00:00, run_after=2025-08-19 00:00:00+00:00
[2025-08-19T03:10:07.000+0000] {processor.py:183} INFO - Processing /home/airflow/.local/lib/python3.12/site-packages/airflow/example_dags/example_latest_only_with_trigger.py took 0.273 seconds
[2025-08-19T03:10:37.171+0000] {processor.py:161} INFO - Started process (PID=22314) to work on /home/airflow/.local/lib/python3.12/site-packages/airflow/example_dags/example_latest_only_with_trigger.py
[2025-08-19T03:10:37.173+0000] {processor.py:830} INFO - Processing file /home/airflow/.local/lib/python3.12/site-packages/airflow/example_dags/example_latest_only_with_trigger.py for tasks to queue
[2025-08-19T03:10:37.175+0000] {logging_mixin.py:188} INFO - [2025-08-19T03:10:37.174+0000] {dagbag.py:545} INFO - Filling up the DagBag from /home/airflow/.local/lib/python3.12/site-packages/airflow/example_dags/example_latest_only_with_trigger.py
[2025-08-19T03:10:37.186+0000] {processor.py:840} INFO - DAG(s) 'latest_only_with_trigger' retrieved from /home/airflow/.local/lib/python3.12/site-packages/airflow/example_dags/example_latest_only_with_trigger.py
[2025-08-19T03:10:37.215+0000] {logging_mixin.py:188} INFO - [2025-08-19T03:10:37.215+0000] {dag.py:3096} INFO - Sync 1 DAGs
[2025-08-19T03:10:37.238+0000] {logging_mixin.py:188} INFO - [2025-08-19T03:10:37.238+0000] {dag.py:3954} INFO - Setting next_dagrun for latest_only_with_trigger to 2025-08-18 20:00:00+00:00, run_after=2025-08-19 00:00:00+00:00
[2025-08-19T03:10:37.267+0000] {processor.py:183} INFO - Processing /home/airflow/.local/lib/python3.12/site-packages/airflow/example_dags/example_latest_only_with_trigger.py took 0.106 seconds
[2025-08-19T03:11:07.826+0000] {processor.py:161} INFO - Started process (PID=22367) to work on /home/airflow/.local/lib/python3.12/site-packages/airflow/example_dags/example_latest_only_with_trigger.py
[2025-08-19T03:11:07.828+0000] {processor.py:830} INFO - Processing file /home/airflow/.local/lib/python3.12/site-packages/airflow/example_dags/example_latest_only_with_trigger.py for tasks to queue
[2025-08-19T03:11:07.830+0000] {logging_mixin.py:188} INFO - [2025-08-19T03:11:07.830+0000] {dagbag.py:545} INFO - Filling up the DagBag from /home/airflow/.local/lib/python3.12/site-packages/airflow/example_dags/example_latest_only_with_trigger.py
[2025-08-19T03:11:07.841+0000] {processor.py:840} INFO - DAG(s) 'latest_only_with_trigger' retrieved from /home/airflow/.local/lib/python3.12/site-packages/airflow/example_dags/example_latest_only_with_trigger.py
[2025-08-19T03:11:07.877+0000] {logging_mixin.py:188} INFO - [2025-08-19T03:11:07.877+0000] {dag.py:3096} INFO - Sync 1 DAGs
[2025-08-19T03:11:07.900+0000] {logging_mixin.py:188} INFO - [2025-08-19T03:11:07.900+0000] {dag.py:3954} INFO - Setting next_dagrun for latest_only_with_trigger to 2025-08-18 20:00:00+00:00, run_after=2025-08-19 00:00:00+00:00
[2025-08-19T03:11:07.932+0000] {processor.py:183} INFO - Processing /home/airflow/.local/lib/python3.12/site-packages/airflow/example_dags/example_latest_only_with_trigger.py took 0.119 seconds
[2025-08-19T03:11:38.765+0000] {processor.py:161} INFO - Started process (PID=22420) to work on /home/airflow/.local/lib/python3.12/site-packages/airflow/example_dags/example_latest_only_with_trigger.py
[2025-08-19T03:11:38.767+0000] {processor.py:830} INFO - Processing file /home/airflow/.local/lib/python3.12/site-packages/airflow/example_dags/example_latest_only_with_trigger.py for tasks to queue
[2025-08-19T03:11:38.769+0000] {logging_mixin.py:188} INFO - [2025-08-19T03:11:38.768+0000] {dagbag.py:545} INFO - Filling up the DagBag from /home/airflow/.local/lib/python3.12/site-packages/airflow/example_dags/example_latest_only_with_trigger.py
[2025-08-19T03:11:38.775+0000] {processor.py:840} INFO - DAG(s) 'latest_only_with_trigger' retrieved from /home/airflow/.local/lib/python3.12/site-packages/airflow/example_dags/example_latest_only_with_trigger.py
[2025-08-19T03:11:38.801+0000] {logging_mixin.py:188} INFO - [2025-08-19T03:11:38.801+0000] {dag.py:3096} INFO - Sync 1 DAGs
[2025-08-19T03:11:38.827+0000] {logging_mixin.py:188} INFO - [2025-08-19T03:11:38.827+0000] {dag.py:3954} INFO - Setting next_dagrun for latest_only_with_trigger to 2025-08-18 20:00:00+00:00, run_after=2025-08-19 00:00:00+00:00
[2025-08-19T03:11:38.856+0000] {processor.py:183} INFO - Processing /home/airflow/.local/lib/python3.12/site-packages/airflow/example_dags/example_latest_only_with_trigger.py took 0.097 seconds
[2025-08-19T03:12:09.243+0000] {processor.py:161} INFO - Started process (PID=22473) to work on /home/airflow/.local/lib/python3.12/site-packages/airflow/example_dags/example_latest_only_with_trigger.py
[2025-08-19T03:12:09.244+0000] {processor.py:830} INFO - Processing file /home/airflow/.local/lib/python3.12/site-packages/airflow/example_dags/example_latest_only_with_trigger.py for tasks to queue
[2025-08-19T03:12:09.246+0000] {logging_mixin.py:188} INFO - [2025-08-19T03:12:09.246+0000] {dagbag.py:545} INFO - Filling up the DagBag from /home/airflow/.local/lib/python3.12/site-packages/airflow/example_dags/example_latest_only_with_trigger.py
[2025-08-19T03:12:09.256+0000] {processor.py:840} INFO - DAG(s) 'latest_only_with_trigger' retrieved from /home/airflow/.local/lib/python3.12/site-packages/airflow/example_dags/example_latest_only_with_trigger.py
[2025-08-19T03:12:09.281+0000] {logging_mixin.py:188} INFO - [2025-08-19T03:12:09.280+0000] {dag.py:3096} INFO - Sync 1 DAGs
[2025-08-19T03:12:09.306+0000] {logging_mixin.py:188} INFO - [2025-08-19T03:12:09.305+0000] {dag.py:3954} INFO - Setting next_dagrun for latest_only_with_trigger to 2025-08-18 20:00:00+00:00, run_after=2025-08-19 00:00:00+00:00
[2025-08-19T03:12:09.336+0000] {processor.py:183} INFO - Processing /home/airflow/.local/lib/python3.12/site-packages/airflow/example_dags/example_latest_only_with_trigger.py took 0.101 seconds
[2025-08-19T03:12:39.864+0000] {processor.py:161} INFO - Started process (PID=22526) to work on /home/airflow/.local/lib/python3.12/site-packages/airflow/example_dags/example_latest_only_with_trigger.py
[2025-08-19T03:12:39.866+0000] {processor.py:830} INFO - Processing file /home/airflow/.local/lib/python3.12/site-packages/airflow/example_dags/example_latest_only_with_trigger.py for tasks to queue
[2025-08-19T03:12:39.867+0000] {logging_mixin.py:188} INFO - [2025-08-19T03:12:39.867+0000] {dagbag.py:545} INFO - Filling up the DagBag from /home/airflow/.local/lib/python3.12/site-packages/airflow/example_dags/example_latest_only_with_trigger.py
[2025-08-19T03:12:39.874+0000] {processor.py:840} INFO - DAG(s) 'latest_only_with_trigger' retrieved from /home/airflow/.local/lib/python3.12/site-packages/airflow/example_dags/example_latest_only_with_trigger.py
[2025-08-19T03:12:39.901+0000] {logging_mixin.py:188} INFO - [2025-08-19T03:12:39.901+0000] {dag.py:3096} INFO - Sync 1 DAGs
[2025-08-19T03:12:39.932+0000] {logging_mixin.py:188} INFO - [2025-08-19T03:12:39.932+0000] {dag.py:3954} INFO - Setting next_dagrun for latest_only_with_trigger to 2025-08-18 20:00:00+00:00, run_after=2025-08-19 00:00:00+00:00
[2025-08-19T03:12:39.957+0000] {processor.py:183} INFO - Processing /home/airflow/.local/lib/python3.12/site-packages/airflow/example_dags/example_latest_only_with_trigger.py took 0.098 seconds
[2025-08-19T03:13:10.548+0000] {processor.py:161} INFO - Started process (PID=22579) to work on /home/airflow/.local/lib/python3.12/site-packages/airflow/example_dags/example_latest_only_with_trigger.py
[2025-08-19T03:13:10.550+0000] {processor.py:830} INFO - Processing file /home/airflow/.local/lib/python3.12/site-packages/airflow/example_dags/example_latest_only_with_trigger.py for tasks to queue
[2025-08-19T03:13:10.551+0000] {logging_mixin.py:188} INFO - [2025-08-19T03:13:10.551+0000] {dagbag.py:545} INFO - Filling up the DagBag from /home/airflow/.local/lib/python3.12/site-packages/airflow/example_dags/example_latest_only_with_trigger.py
[2025-08-19T03:13:10.558+0000] {processor.py:840} INFO - DAG(s) 'latest_only_with_trigger' retrieved from /home/airflow/.local/lib/python3.12/site-packages/airflow/example_dags/example_latest_only_with_trigger.py
[2025-08-19T03:13:10.585+0000] {logging_mixin.py:188} INFO - [2025-08-19T03:13:10.584+0000] {dag.py:3096} INFO - Sync 1 DAGs
[2025-08-19T03:13:10.612+0000] {logging_mixin.py:188} INFO - [2025-08-19T03:13:10.612+0000] {dag.py:3954} INFO - Setting next_dagrun for latest_only_with_trigger to 2025-08-18 20:00:00+00:00, run_after=2025-08-19 00:00:00+00:00
[2025-08-19T03:13:10.640+0000] {processor.py:183} INFO - Processing /home/airflow/.local/lib/python3.12/site-packages/airflow/example_dags/example_latest_only_with_trigger.py took 0.100 seconds
[2025-08-19T03:13:41.403+0000] {processor.py:161} INFO - Started process (PID=22632) to work on /home/airflow/.local/lib/python3.12/site-packages/airflow/example_dags/example_latest_only_with_trigger.py
[2025-08-19T03:13:41.405+0000] {processor.py:830} INFO - Processing file /home/airflow/.local/lib/python3.12/site-packages/airflow/example_dags/example_latest_only_with_trigger.py for tasks to queue
[2025-08-19T03:13:41.409+0000] {logging_mixin.py:188} INFO - [2025-08-19T03:13:41.409+0000] {dagbag.py:545} INFO - Filling up the DagBag from /home/airflow/.local/lib/python3.12/site-packages/airflow/example_dags/example_latest_only_with_trigger.py
[2025-08-19T03:13:41.420+0000] {processor.py:840} INFO - DAG(s) 'latest_only_with_trigger' retrieved from /home/airflow/.local/lib/python3.12/site-packages/airflow/example_dags/example_latest_only_with_trigger.py
[2025-08-19T03:13:41.449+0000] {logging_mixin.py:188} INFO - [2025-08-19T03:13:41.449+0000] {dag.py:3096} INFO - Sync 1 DAGs
[2025-08-19T03:13:41.474+0000] {logging_mixin.py:188} INFO - [2025-08-19T03:13:41.474+0000] {dag.py:3954} INFO - Setting next_dagrun for latest_only_with_trigger to 2025-08-18 20:00:00+00:00, run_after=2025-08-19 00:00:00+00:00
[2025-08-19T03:13:41.503+0000] {processor.py:183} INFO - Processing /home/airflow/.local/lib/python3.12/site-packages/airflow/example_dags/example_latest_only_with_trigger.py took 0.108 seconds
[2025-08-19T03:14:12.246+0000] {processor.py:161} INFO - Started process (PID=22685) to work on /home/airflow/.local/lib/python3.12/site-packages/airflow/example_dags/example_latest_only_with_trigger.py
[2025-08-19T03:14:12.248+0000] {processor.py:830} INFO - Processing file /home/airflow/.local/lib/python3.12/site-packages/airflow/example_dags/example_latest_only_with_trigger.py for tasks to queue
[2025-08-19T03:14:12.249+0000] {logging_mixin.py:188} INFO - [2025-08-19T03:14:12.249+0000] {dagbag.py:545} INFO - Filling up the DagBag from /home/airflow/.local/lib/python3.12/site-packages/airflow/example_dags/example_latest_only_with_trigger.py
[2025-08-19T03:14:12.256+0000] {processor.py:840} INFO - DAG(s) 'latest_only_with_trigger' retrieved from /home/airflow/.local/lib/python3.12/site-packages/airflow/example_dags/example_latest_only_with_trigger.py
[2025-08-19T03:14:12.282+0000] {logging_mixin.py:188} INFO - [2025-08-19T03:14:12.282+0000] {dag.py:3096} INFO - Sync 1 DAGs
[2025-08-19T03:14:12.307+0000] {logging_mixin.py:188} INFO - [2025-08-19T03:14:12.307+0000] {dag.py:3954} INFO - Setting next_dagrun for latest_only_with_trigger to 2025-08-18 20:00:00+00:00, run_after=2025-08-19 00:00:00+00:00
[2025-08-19T03:14:12.335+0000] {processor.py:183} INFO - Processing /home/airflow/.local/lib/python3.12/site-packages/airflow/example_dags/example_latest_only_with_trigger.py took 0.096 seconds
[2025-08-19T03:14:43.028+0000] {processor.py:161} INFO - Started process (PID=22738) to work on /home/airflow/.local/lib/python3.12/site-packages/airflow/example_dags/example_latest_only_with_trigger.py
[2025-08-19T03:14:43.029+0000] {processor.py:830} INFO - Processing file /home/airflow/.local/lib/python3.12/site-packages/airflow/example_dags/example_latest_only_with_trigger.py for tasks to queue
[2025-08-19T03:14:43.031+0000] {logging_mixin.py:188} INFO - [2025-08-19T03:14:43.030+0000] {dagbag.py:545} INFO - Filling up the DagBag from /home/airflow/.local/lib/python3.12/site-packages/airflow/example_dags/example_latest_only_with_trigger.py
[2025-08-19T03:14:43.037+0000] {processor.py:840} INFO - DAG(s) 'latest_only_with_trigger' retrieved from /home/airflow/.local/lib/python3.12/site-packages/airflow/example_dags/example_latest_only_with_trigger.py
[2025-08-19T03:14:43.063+0000] {logging_mixin.py:188} INFO - [2025-08-19T03:14:43.063+0000] {dag.py:3096} INFO - Sync 1 DAGs
[2025-08-19T03:14:43.089+0000] {logging_mixin.py:188} INFO - [2025-08-19T03:14:43.089+0000] {dag.py:3954} INFO - Setting next_dagrun for latest_only_with_trigger to 2025-08-18 20:00:00+00:00, run_after=2025-08-19 00:00:00+00:00
[2025-08-19T03:14:43.123+0000] {processor.py:183} INFO - Processing /home/airflow/.local/lib/python3.12/site-packages/airflow/example_dags/example_latest_only_with_trigger.py took 0.101 seconds
[2025-08-19T03:15:13.788+0000] {processor.py:161} INFO - Started process (PID=22791) to work on /home/airflow/.local/lib/python3.12/site-packages/airflow/example_dags/example_latest_only_with_trigger.py
[2025-08-19T03:15:13.789+0000] {processor.py:830} INFO - Processing file /home/airflow/.local/lib/python3.12/site-packages/airflow/example_dags/example_latest_only_with_trigger.py for tasks to queue
[2025-08-19T03:15:13.791+0000] {logging_mixin.py:188} INFO - [2025-08-19T03:15:13.791+0000] {dagbag.py:545} INFO - Filling up the DagBag from /home/airflow/.local/lib/python3.12/site-packages/airflow/example_dags/example_latest_only_with_trigger.py
[2025-08-19T03:15:13.798+0000] {processor.py:840} INFO - DAG(s) 'latest_only_with_trigger' retrieved from /home/airflow/.local/lib/python3.12/site-packages/airflow/example_dags/example_latest_only_with_trigger.py
[2025-08-19T03:15:13.823+0000] {logging_mixin.py:188} INFO - [2025-08-19T03:15:13.822+0000] {dag.py:3096} INFO - Sync 1 DAGs
[2025-08-19T03:15:13.847+0000] {logging_mixin.py:188} INFO - [2025-08-19T03:15:13.846+0000] {dag.py:3954} INFO - Setting next_dagrun for latest_only_with_trigger to 2025-08-18 20:00:00+00:00, run_after=2025-08-19 00:00:00+00:00
[2025-08-19T03:15:13.884+0000] {processor.py:183} INFO - Processing /home/airflow/.local/lib/python3.12/site-packages/airflow/example_dags/example_latest_only_with_trigger.py took 0.102 seconds
[2025-08-19T03:15:44.660+0000] {processor.py:161} INFO - Started process (PID=22844) to work on /home/airflow/.local/lib/python3.12/site-packages/airflow/example_dags/example_latest_only_with_trigger.py
[2025-08-19T03:15:44.662+0000] {processor.py:830} INFO - Processing file /home/airflow/.local/lib/python3.12/site-packages/airflow/example_dags/example_latest_only_with_trigger.py for tasks to queue
[2025-08-19T03:15:44.663+0000] {logging_mixin.py:188} INFO - [2025-08-19T03:15:44.663+0000] {dagbag.py:545} INFO - Filling up the DagBag from /home/airflow/.local/lib/python3.12/site-packages/airflow/example_dags/example_latest_only_with_trigger.py
[2025-08-19T03:15:44.670+0000] {processor.py:840} INFO - DAG(s) 'latest_only_with_trigger' retrieved from /home/airflow/.local/lib/python3.12/site-packages/airflow/example_dags/example_latest_only_with_trigger.py
[2025-08-19T03:15:44.696+0000] {logging_mixin.py:188} INFO - [2025-08-19T03:15:44.695+0000] {dag.py:3096} INFO - Sync 1 DAGs
[2025-08-19T03:15:44.719+0000] {logging_mixin.py:188} INFO - [2025-08-19T03:15:44.719+0000] {dag.py:3954} INFO - Setting next_dagrun for latest_only_with_trigger to 2025-08-18 20:00:00+00:00, run_after=2025-08-19 00:00:00+00:00
[2025-08-19T03:15:44.747+0000] {processor.py:183} INFO - Processing /home/airflow/.local/lib/python3.12/site-packages/airflow/example_dags/example_latest_only_with_trigger.py took 0.093 seconds
[2025-08-19T03:16:15.299+0000] {processor.py:161} INFO - Started process (PID=22897) to work on /home/airflow/.local/lib/python3.12/site-packages/airflow/example_dags/example_latest_only_with_trigger.py
[2025-08-19T03:16:15.300+0000] {processor.py:830} INFO - Processing file /home/airflow/.local/lib/python3.12/site-packages/airflow/example_dags/example_latest_only_with_trigger.py for tasks to queue
[2025-08-19T03:16:15.302+0000] {logging_mixin.py:188} INFO - [2025-08-19T03:16:15.302+0000] {dagbag.py:545} INFO - Filling up the DagBag from /home/airflow/.local/lib/python3.12/site-packages/airflow/example_dags/example_latest_only_with_trigger.py
[2025-08-19T03:16:15.309+0000] {processor.py:840} INFO - DAG(s) 'latest_only_with_trigger' retrieved from /home/airflow/.local/lib/python3.12/site-packages/airflow/example_dags/example_latest_only_with_trigger.py
[2025-08-19T03:16:15.333+0000] {logging_mixin.py:188} INFO - [2025-08-19T03:16:15.332+0000] {dag.py:3096} INFO - Sync 1 DAGs
[2025-08-19T03:16:15.355+0000] {logging_mixin.py:188} INFO - [2025-08-19T03:16:15.355+0000] {dag.py:3954} INFO - Setting next_dagrun for latest_only_with_trigger to 2025-08-18 20:00:00+00:00, run_after=2025-08-19 00:00:00+00:00
[2025-08-19T03:16:15.385+0000] {processor.py:183} INFO - Processing /home/airflow/.local/lib/python3.12/site-packages/airflow/example_dags/example_latest_only_with_trigger.py took 0.093 seconds
[2025-08-19T03:16:45.659+0000] {processor.py:161} INFO - Started process (PID=22950) to work on /home/airflow/.local/lib/python3.12/site-packages/airflow/example_dags/example_latest_only_with_trigger.py
[2025-08-19T03:16:45.661+0000] {processor.py:830} INFO - Processing file /home/airflow/.local/lib/python3.12/site-packages/airflow/example_dags/example_latest_only_with_trigger.py for tasks to queue
[2025-08-19T03:16:45.662+0000] {logging_mixin.py:188} INFO - [2025-08-19T03:16:45.661+0000] {dagbag.py:545} INFO - Filling up the DagBag from /home/airflow/.local/lib/python3.12/site-packages/airflow/example_dags/example_latest_only_with_trigger.py
[2025-08-19T03:16:45.668+0000] {processor.py:840} INFO - DAG(s) 'latest_only_with_trigger' retrieved from /home/airflow/.local/lib/python3.12/site-packages/airflow/example_dags/example_latest_only_with_trigger.py
[2025-08-19T03:16:45.693+0000] {logging_mixin.py:188} INFO - [2025-08-19T03:16:45.693+0000] {dag.py:3096} INFO - Sync 1 DAGs
[2025-08-19T03:16:45.717+0000] {logging_mixin.py:188} INFO - [2025-08-19T03:16:45.717+0000] {dag.py:3954} INFO - Setting next_dagrun for latest_only_with_trigger to 2025-08-18 20:00:00+00:00, run_after=2025-08-19 00:00:00+00:00
[2025-08-19T03:16:45.742+0000] {processor.py:183} INFO - Processing /home/airflow/.local/lib/python3.12/site-packages/airflow/example_dags/example_latest_only_with_trigger.py took 0.089 seconds
[2025-08-19T03:17:16.040+0000] {processor.py:161} INFO - Started process (PID=23003) to work on /home/airflow/.local/lib/python3.12/site-packages/airflow/example_dags/example_latest_only_with_trigger.py
[2025-08-19T03:17:16.042+0000] {processor.py:830} INFO - Processing file /home/airflow/.local/lib/python3.12/site-packages/airflow/example_dags/example_latest_only_with_trigger.py for tasks to queue
[2025-08-19T03:17:16.043+0000] {logging_mixin.py:188} INFO - [2025-08-19T03:17:16.043+0000] {dagbag.py:545} INFO - Filling up the DagBag from /home/airflow/.local/lib/python3.12/site-packages/airflow/example_dags/example_latest_only_with_trigger.py
[2025-08-19T03:17:16.049+0000] {processor.py:840} INFO - DAG(s) 'latest_only_with_trigger' retrieved from /home/airflow/.local/lib/python3.12/site-packages/airflow/example_dags/example_latest_only_with_trigger.py
[2025-08-19T03:17:16.073+0000] {logging_mixin.py:188} INFO - [2025-08-19T03:17:16.073+0000] {dag.py:3096} INFO - Sync 1 DAGs
[2025-08-19T03:17:16.095+0000] {logging_mixin.py:188} INFO - [2025-08-19T03:17:16.095+0000] {dag.py:3954} INFO - Setting next_dagrun for latest_only_with_trigger to 2025-08-18 20:00:00+00:00, run_after=2025-08-19 00:00:00+00:00
[2025-08-19T03:17:16.122+0000] {processor.py:183} INFO - Processing /home/airflow/.local/lib/python3.12/site-packages/airflow/example_dags/example_latest_only_with_trigger.py took 0.089 seconds
[2025-08-19T03:17:46.933+0000] {processor.py:161} INFO - Started process (PID=23056) to work on /home/airflow/.local/lib/python3.12/site-packages/airflow/example_dags/example_latest_only_with_trigger.py
[2025-08-19T03:17:46.935+0000] {processor.py:830} INFO - Processing file /home/airflow/.local/lib/python3.12/site-packages/airflow/example_dags/example_latest_only_with_trigger.py for tasks to queue
[2025-08-19T03:17:46.936+0000] {logging_mixin.py:188} INFO - [2025-08-19T03:17:46.936+0000] {dagbag.py:545} INFO - Filling up the DagBag from /home/airflow/.local/lib/python3.12/site-packages/airflow/example_dags/example_latest_only_with_trigger.py
[2025-08-19T03:17:46.944+0000] {processor.py:840} INFO - DAG(s) 'latest_only_with_trigger' retrieved from /home/airflow/.local/lib/python3.12/site-packages/airflow/example_dags/example_latest_only_with_trigger.py
[2025-08-19T03:17:46.967+0000] {logging_mixin.py:188} INFO - [2025-08-19T03:17:46.966+0000] {dag.py:3096} INFO - Sync 1 DAGs
[2025-08-19T03:17:46.989+0000] {logging_mixin.py:188} INFO - [2025-08-19T03:17:46.989+0000] {dag.py:3954} INFO - Setting next_dagrun for latest_only_with_trigger to 2025-08-18 20:00:00+00:00, run_after=2025-08-19 00:00:00+00:00
[2025-08-19T03:17:47.015+0000] {processor.py:183} INFO - Processing /home/airflow/.local/lib/python3.12/site-packages/airflow/example_dags/example_latest_only_with_trigger.py took 0.088 seconds
[2025-08-19T03:18:17.226+0000] {processor.py:161} INFO - Started process (PID=23109) to work on /home/airflow/.local/lib/python3.12/site-packages/airflow/example_dags/example_latest_only_with_trigger.py
[2025-08-19T03:18:17.227+0000] {processor.py:830} INFO - Processing file /home/airflow/.local/lib/python3.12/site-packages/airflow/example_dags/example_latest_only_with_trigger.py for tasks to queue
[2025-08-19T03:18:17.228+0000] {logging_mixin.py:188} INFO - [2025-08-19T03:18:17.228+0000] {dagbag.py:545} INFO - Filling up the DagBag from /home/airflow/.local/lib/python3.12/site-packages/airflow/example_dags/example_latest_only_with_trigger.py
[2025-08-19T03:18:17.235+0000] {processor.py:840} INFO - DAG(s) 'latest_only_with_trigger' retrieved from /home/airflow/.local/lib/python3.12/site-packages/airflow/example_dags/example_latest_only_with_trigger.py
[2025-08-19T03:18:17.263+0000] {logging_mixin.py:188} INFO - [2025-08-19T03:18:17.263+0000] {dag.py:3096} INFO - Sync 1 DAGs
[2025-08-19T03:18:17.290+0000] {logging_mixin.py:188} INFO - [2025-08-19T03:18:17.289+0000] {dag.py:3954} INFO - Setting next_dagrun for latest_only_with_trigger to 2025-08-18 20:00:00+00:00, run_after=2025-08-19 00:00:00+00:00
[2025-08-19T03:18:17.319+0000] {processor.py:183} INFO - Processing /home/airflow/.local/lib/python3.12/site-packages/airflow/example_dags/example_latest_only_with_trigger.py took 0.099 seconds
[2025-08-19T03:18:47.476+0000] {processor.py:161} INFO - Started process (PID=23162) to work on /home/airflow/.local/lib/python3.12/site-packages/airflow/example_dags/example_latest_only_with_trigger.py
[2025-08-19T03:18:47.477+0000] {processor.py:830} INFO - Processing file /home/airflow/.local/lib/python3.12/site-packages/airflow/example_dags/example_latest_only_with_trigger.py for tasks to queue
[2025-08-19T03:18:47.478+0000] {logging_mixin.py:188} INFO - [2025-08-19T03:18:47.478+0000] {dagbag.py:545} INFO - Filling up the DagBag from /home/airflow/.local/lib/python3.12/site-packages/airflow/example_dags/example_latest_only_with_trigger.py
[2025-08-19T03:18:47.485+0000] {processor.py:840} INFO - DAG(s) 'latest_only_with_trigger' retrieved from /home/airflow/.local/lib/python3.12/site-packages/airflow/example_dags/example_latest_only_with_trigger.py
[2025-08-19T03:18:47.509+0000] {logging_mixin.py:188} INFO - [2025-08-19T03:18:47.509+0000] {dag.py:3096} INFO - Sync 1 DAGs
[2025-08-19T03:18:47.535+0000] {logging_mixin.py:188} INFO - [2025-08-19T03:18:47.534+0000] {dag.py:3954} INFO - Setting next_dagrun for latest_only_with_trigger to 2025-08-18 20:00:00+00:00, run_after=2025-08-19 00:00:00+00:00
[2025-08-19T03:18:47.560+0000] {processor.py:183} INFO - Processing /home/airflow/.local/lib/python3.12/site-packages/airflow/example_dags/example_latest_only_with_trigger.py took 0.090 seconds
[2025-08-19T03:19:17.677+0000] {processor.py:161} INFO - Started process (PID=23215) to work on /home/airflow/.local/lib/python3.12/site-packages/airflow/example_dags/example_latest_only_with_trigger.py
[2025-08-19T03:19:17.678+0000] {processor.py:830} INFO - Processing file /home/airflow/.local/lib/python3.12/site-packages/airflow/example_dags/example_latest_only_with_trigger.py for tasks to queue
[2025-08-19T03:19:17.680+0000] {logging_mixin.py:188} INFO - [2025-08-19T03:19:17.679+0000] {dagbag.py:545} INFO - Filling up the DagBag from /home/airflow/.local/lib/python3.12/site-packages/airflow/example_dags/example_latest_only_with_trigger.py
[2025-08-19T03:19:17.688+0000] {processor.py:840} INFO - DAG(s) 'latest_only_with_trigger' retrieved from /home/airflow/.local/lib/python3.12/site-packages/airflow/example_dags/example_latest_only_with_trigger.py
[2025-08-19T03:19:17.712+0000] {logging_mixin.py:188} INFO - [2025-08-19T03:19:17.712+0000] {dag.py:3096} INFO - Sync 1 DAGs
[2025-08-19T03:19:17.736+0000] {logging_mixin.py:188} INFO - [2025-08-19T03:19:17.736+0000] {dag.py:3954} INFO - Setting next_dagrun for latest_only_with_trigger to 2025-08-18 20:00:00+00:00, run_after=2025-08-19 00:00:00+00:00
[2025-08-19T03:19:17.769+0000] {processor.py:183} INFO - Processing /home/airflow/.local/lib/python3.12/site-packages/airflow/example_dags/example_latest_only_with_trigger.py took 0.097 seconds
[2025-08-19T03:19:48.691+0000] {processor.py:161} INFO - Started process (PID=23268) to work on /home/airflow/.local/lib/python3.12/site-packages/airflow/example_dags/example_latest_only_with_trigger.py
[2025-08-19T03:19:48.693+0000] {processor.py:830} INFO - Processing file /home/airflow/.local/lib/python3.12/site-packages/airflow/example_dags/example_latest_only_with_trigger.py for tasks to queue
[2025-08-19T03:19:48.696+0000] {logging_mixin.py:188} INFO - [2025-08-19T03:19:48.695+0000] {dagbag.py:545} INFO - Filling up the DagBag from /home/airflow/.local/lib/python3.12/site-packages/airflow/example_dags/example_latest_only_with_trigger.py
[2025-08-19T03:19:48.706+0000] {processor.py:840} INFO - DAG(s) 'latest_only_with_trigger' retrieved from /home/airflow/.local/lib/python3.12/site-packages/airflow/example_dags/example_latest_only_with_trigger.py
[2025-08-19T03:19:48.735+0000] {logging_mixin.py:188} INFO - [2025-08-19T03:19:48.735+0000] {dag.py:3096} INFO - Sync 1 DAGs
[2025-08-19T03:19:48.761+0000] {logging_mixin.py:188} INFO - [2025-08-19T03:19:48.761+0000] {dag.py:3954} INFO - Setting next_dagrun for latest_only_with_trigger to 2025-08-18 20:00:00+00:00, run_after=2025-08-19 00:00:00+00:00
[2025-08-19T03:19:48.788+0000] {processor.py:183} INFO - Processing /home/airflow/.local/lib/python3.12/site-packages/airflow/example_dags/example_latest_only_with_trigger.py took 0.109 seconds
[2025-08-19T03:20:19.019+0000] {processor.py:161} INFO - Started process (PID=23321) to work on /home/airflow/.local/lib/python3.12/site-packages/airflow/example_dags/example_latest_only_with_trigger.py
[2025-08-19T03:20:19.020+0000] {processor.py:830} INFO - Processing file /home/airflow/.local/lib/python3.12/site-packages/airflow/example_dags/example_latest_only_with_trigger.py for tasks to queue
[2025-08-19T03:20:19.022+0000] {logging_mixin.py:188} INFO - [2025-08-19T03:20:19.021+0000] {dagbag.py:545} INFO - Filling up the DagBag from /home/airflow/.local/lib/python3.12/site-packages/airflow/example_dags/example_latest_only_with_trigger.py
[2025-08-19T03:20:19.029+0000] {processor.py:840} INFO - DAG(s) 'latest_only_with_trigger' retrieved from /home/airflow/.local/lib/python3.12/site-packages/airflow/example_dags/example_latest_only_with_trigger.py
[2025-08-19T03:20:19.055+0000] {logging_mixin.py:188} INFO - [2025-08-19T03:20:19.055+0000] {dag.py:3096} INFO - Sync 1 DAGs
[2025-08-19T03:20:19.081+0000] {logging_mixin.py:188} INFO - [2025-08-19T03:20:19.081+0000] {dag.py:3954} INFO - Setting next_dagrun for latest_only_with_trigger to 2025-08-18 20:00:00+00:00, run_after=2025-08-19 00:00:00+00:00
[2025-08-19T03:20:19.115+0000] {processor.py:183} INFO - Processing /home/airflow/.local/lib/python3.12/site-packages/airflow/example_dags/example_latest_only_with_trigger.py took 0.103 seconds
[2025-08-19T03:20:49.414+0000] {processor.py:161} INFO - Started process (PID=23374) to work on /home/airflow/.local/lib/python3.12/site-packages/airflow/example_dags/example_latest_only_with_trigger.py
[2025-08-19T03:20:49.415+0000] {processor.py:830} INFO - Processing file /home/airflow/.local/lib/python3.12/site-packages/airflow/example_dags/example_latest_only_with_trigger.py for tasks to queue
[2025-08-19T03:20:49.417+0000] {logging_mixin.py:188} INFO - [2025-08-19T03:20:49.416+0000] {dagbag.py:545} INFO - Filling up the DagBag from /home/airflow/.local/lib/python3.12/site-packages/airflow/example_dags/example_latest_only_with_trigger.py
[2025-08-19T03:20:49.423+0000] {processor.py:840} INFO - DAG(s) 'latest_only_with_trigger' retrieved from /home/airflow/.local/lib/python3.12/site-packages/airflow/example_dags/example_latest_only_with_trigger.py
[2025-08-19T03:20:49.448+0000] {logging_mixin.py:188} INFO - [2025-08-19T03:20:49.447+0000] {dag.py:3096} INFO - Sync 1 DAGs
[2025-08-19T03:20:49.471+0000] {logging_mixin.py:188} INFO - [2025-08-19T03:20:49.471+0000] {dag.py:3954} INFO - Setting next_dagrun for latest_only_with_trigger to 2025-08-18 20:00:00+00:00, run_after=2025-08-19 00:00:00+00:00
[2025-08-19T03:20:49.501+0000] {processor.py:183} INFO - Processing /home/airflow/.local/lib/python3.12/site-packages/airflow/example_dags/example_latest_only_with_trigger.py took 0.093 seconds
[2025-08-19T03:21:20.345+0000] {processor.py:161} INFO - Started process (PID=23427) to work on /home/airflow/.local/lib/python3.12/site-packages/airflow/example_dags/example_latest_only_with_trigger.py
[2025-08-19T03:21:20.348+0000] {processor.py:830} INFO - Processing file /home/airflow/.local/lib/python3.12/site-packages/airflow/example_dags/example_latest_only_with_trigger.py for tasks to queue
[2025-08-19T03:21:20.349+0000] {logging_mixin.py:188} INFO - [2025-08-19T03:21:20.349+0000] {dagbag.py:545} INFO - Filling up the DagBag from /home/airflow/.local/lib/python3.12/site-packages/airflow/example_dags/example_latest_only_with_trigger.py
[2025-08-19T03:21:20.355+0000] {processor.py:840} INFO - DAG(s) 'latest_only_with_trigger' retrieved from /home/airflow/.local/lib/python3.12/site-packages/airflow/example_dags/example_latest_only_with_trigger.py
[2025-08-19T03:21:20.379+0000] {logging_mixin.py:188} INFO - [2025-08-19T03:21:20.379+0000] {dag.py:3096} INFO - Sync 1 DAGs
[2025-08-19T03:21:20.402+0000] {logging_mixin.py:188} INFO - [2025-08-19T03:21:20.401+0000] {dag.py:3954} INFO - Setting next_dagrun for latest_only_with_trigger to 2025-08-18 20:00:00+00:00, run_after=2025-08-19 00:00:00+00:00
[2025-08-19T03:21:20.432+0000] {processor.py:183} INFO - Processing /home/airflow/.local/lib/python3.12/site-packages/airflow/example_dags/example_latest_only_with_trigger.py took 0.094 seconds
[2025-08-19T03:21:50.907+0000] {processor.py:161} INFO - Started process (PID=23480) to work on /home/airflow/.local/lib/python3.12/site-packages/airflow/example_dags/example_latest_only_with_trigger.py
[2025-08-19T03:21:50.908+0000] {processor.py:830} INFO - Processing file /home/airflow/.local/lib/python3.12/site-packages/airflow/example_dags/example_latest_only_with_trigger.py for tasks to queue
[2025-08-19T03:21:50.910+0000] {logging_mixin.py:188} INFO - [2025-08-19T03:21:50.909+0000] {dagbag.py:545} INFO - Filling up the DagBag from /home/airflow/.local/lib/python3.12/site-packages/airflow/example_dags/example_latest_only_with_trigger.py
[2025-08-19T03:21:50.916+0000] {processor.py:840} INFO - DAG(s) 'latest_only_with_trigger' retrieved from /home/airflow/.local/lib/python3.12/site-packages/airflow/example_dags/example_latest_only_with_trigger.py
[2025-08-19T03:21:50.941+0000] {logging_mixin.py:188} INFO - [2025-08-19T03:21:50.941+0000] {dag.py:3096} INFO - Sync 1 DAGs
[2025-08-19T03:21:50.966+0000] {logging_mixin.py:188} INFO - [2025-08-19T03:21:50.966+0000] {dag.py:3954} INFO - Setting next_dagrun for latest_only_with_trigger to 2025-08-18 20:00:00+00:00, run_after=2025-08-19 00:00:00+00:00
[2025-08-19T03:21:50.994+0000] {processor.py:183} INFO - Processing /home/airflow/.local/lib/python3.12/site-packages/airflow/example_dags/example_latest_only_with_trigger.py took 0.093 seconds
[2025-08-19T03:22:21.482+0000] {processor.py:161} INFO - Started process (PID=23533) to work on /home/airflow/.local/lib/python3.12/site-packages/airflow/example_dags/example_latest_only_with_trigger.py
[2025-08-19T03:22:21.483+0000] {processor.py:830} INFO - Processing file /home/airflow/.local/lib/python3.12/site-packages/airflow/example_dags/example_latest_only_with_trigger.py for tasks to queue
[2025-08-19T03:22:21.485+0000] {logging_mixin.py:188} INFO - [2025-08-19T03:22:21.485+0000] {dagbag.py:545} INFO - Filling up the DagBag from /home/airflow/.local/lib/python3.12/site-packages/airflow/example_dags/example_latest_only_with_trigger.py
[2025-08-19T03:22:21.493+0000] {processor.py:840} INFO - DAG(s) 'latest_only_with_trigger' retrieved from /home/airflow/.local/lib/python3.12/site-packages/airflow/example_dags/example_latest_only_with_trigger.py
[2025-08-19T03:22:21.517+0000] {logging_mixin.py:188} INFO - [2025-08-19T03:22:21.517+0000] {dag.py:3096} INFO - Sync 1 DAGs
[2025-08-19T03:22:21.541+0000] {logging_mixin.py:188} INFO - [2025-08-19T03:22:21.541+0000] {dag.py:3954} INFO - Setting next_dagrun for latest_only_with_trigger to 2025-08-18 20:00:00+00:00, run_after=2025-08-19 00:00:00+00:00
[2025-08-19T03:22:21.569+0000] {processor.py:183} INFO - Processing /home/airflow/.local/lib/python3.12/site-packages/airflow/example_dags/example_latest_only_with_trigger.py took 0.095 seconds
[2025-08-19T03:22:51.980+0000] {processor.py:161} INFO - Started process (PID=23586) to work on /home/airflow/.local/lib/python3.12/site-packages/airflow/example_dags/example_latest_only_with_trigger.py
[2025-08-19T03:22:51.981+0000] {processor.py:830} INFO - Processing file /home/airflow/.local/lib/python3.12/site-packages/airflow/example_dags/example_latest_only_with_trigger.py for tasks to queue
[2025-08-19T03:22:51.983+0000] {logging_mixin.py:188} INFO - [2025-08-19T03:22:51.982+0000] {dagbag.py:545} INFO - Filling up the DagBag from /home/airflow/.local/lib/python3.12/site-packages/airflow/example_dags/example_latest_only_with_trigger.py
[2025-08-19T03:22:51.992+0000] {processor.py:840} INFO - DAG(s) 'latest_only_with_trigger' retrieved from /home/airflow/.local/lib/python3.12/site-packages/airflow/example_dags/example_latest_only_with_trigger.py
[2025-08-19T03:22:52.019+0000] {logging_mixin.py:188} INFO - [2025-08-19T03:22:52.018+0000] {dag.py:3096} INFO - Sync 1 DAGs
[2025-08-19T03:22:52.046+0000] {logging_mixin.py:188} INFO - [2025-08-19T03:22:52.045+0000] {dag.py:3954} INFO - Setting next_dagrun for latest_only_with_trigger to 2025-08-18 20:00:00+00:00, run_after=2025-08-19 00:00:00+00:00
[2025-08-19T03:22:52.075+0000] {processor.py:183} INFO - Processing /home/airflow/.local/lib/python3.12/site-packages/airflow/example_dags/example_latest_only_with_trigger.py took 0.101 seconds
[2025-08-19T03:23:22.353+0000] {processor.py:161} INFO - Started process (PID=23639) to work on /home/airflow/.local/lib/python3.12/site-packages/airflow/example_dags/example_latest_only_with_trigger.py
[2025-08-19T03:23:22.354+0000] {processor.py:830} INFO - Processing file /home/airflow/.local/lib/python3.12/site-packages/airflow/example_dags/example_latest_only_with_trigger.py for tasks to queue
[2025-08-19T03:23:22.356+0000] {logging_mixin.py:188} INFO - [2025-08-19T03:23:22.355+0000] {dagbag.py:545} INFO - Filling up the DagBag from /home/airflow/.local/lib/python3.12/site-packages/airflow/example_dags/example_latest_only_with_trigger.py
[2025-08-19T03:23:22.364+0000] {processor.py:840} INFO - DAG(s) 'latest_only_with_trigger' retrieved from /home/airflow/.local/lib/python3.12/site-packages/airflow/example_dags/example_latest_only_with_trigger.py
[2025-08-19T03:23:22.386+0000] {logging_mixin.py:188} INFO - [2025-08-19T03:23:22.386+0000] {dag.py:3096} INFO - Sync 1 DAGs
[2025-08-19T03:23:22.412+0000] {logging_mixin.py:188} INFO - [2025-08-19T03:23:22.412+0000] {dag.py:3954} INFO - Setting next_dagrun for latest_only_with_trigger to 2025-08-18 20:00:00+00:00, run_after=2025-08-19 00:00:00+00:00
[2025-08-19T03:23:22.442+0000] {processor.py:183} INFO - Processing /home/airflow/.local/lib/python3.12/site-packages/airflow/example_dags/example_latest_only_with_trigger.py took 0.096 seconds
[2025-08-19T03:23:52.833+0000] {processor.py:161} INFO - Started process (PID=23692) to work on /home/airflow/.local/lib/python3.12/site-packages/airflow/example_dags/example_latest_only_with_trigger.py
[2025-08-19T03:23:52.834+0000] {processor.py:830} INFO - Processing file /home/airflow/.local/lib/python3.12/site-packages/airflow/example_dags/example_latest_only_with_trigger.py for tasks to queue
[2025-08-19T03:23:52.836+0000] {logging_mixin.py:188} INFO - [2025-08-19T03:23:52.835+0000] {dagbag.py:545} INFO - Filling up the DagBag from /home/airflow/.local/lib/python3.12/site-packages/airflow/example_dags/example_latest_only_with_trigger.py
[2025-08-19T03:23:52.845+0000] {processor.py:840} INFO - DAG(s) 'latest_only_with_trigger' retrieved from /home/airflow/.local/lib/python3.12/site-packages/airflow/example_dags/example_latest_only_with_trigger.py
[2025-08-19T03:23:52.870+0000] {logging_mixin.py:188} INFO - [2025-08-19T03:23:52.870+0000] {dag.py:3096} INFO - Sync 1 DAGs
[2025-08-19T03:23:52.895+0000] {logging_mixin.py:188} INFO - [2025-08-19T03:23:52.895+0000] {dag.py:3954} INFO - Setting next_dagrun for latest_only_with_trigger to 2025-08-18 20:00:00+00:00, run_after=2025-08-19 00:00:00+00:00
[2025-08-19T03:23:52.922+0000] {processor.py:183} INFO - Processing /home/airflow/.local/lib/python3.12/site-packages/airflow/example_dags/example_latest_only_with_trigger.py took 0.095 seconds
[2025-08-19T03:24:23.498+0000] {processor.py:161} INFO - Started process (PID=23745) to work on /home/airflow/.local/lib/python3.12/site-packages/airflow/example_dags/example_latest_only_with_trigger.py
[2025-08-19T03:24:23.500+0000] {processor.py:830} INFO - Processing file /home/airflow/.local/lib/python3.12/site-packages/airflow/example_dags/example_latest_only_with_trigger.py for tasks to queue
[2025-08-19T03:24:23.502+0000] {logging_mixin.py:188} INFO - [2025-08-19T03:24:23.501+0000] {dagbag.py:545} INFO - Filling up the DagBag from /home/airflow/.local/lib/python3.12/site-packages/airflow/example_dags/example_latest_only_with_trigger.py
[2025-08-19T03:24:23.508+0000] {processor.py:840} INFO - DAG(s) 'latest_only_with_trigger' retrieved from /home/airflow/.local/lib/python3.12/site-packages/airflow/example_dags/example_latest_only_with_trigger.py
[2025-08-19T03:24:23.532+0000] {logging_mixin.py:188} INFO - [2025-08-19T03:24:23.532+0000] {dag.py:3096} INFO - Sync 1 DAGs
[2025-08-19T03:24:23.556+0000] {logging_mixin.py:188} INFO - [2025-08-19T03:24:23.556+0000] {dag.py:3954} INFO - Setting next_dagrun for latest_only_with_trigger to 2025-08-18 20:00:00+00:00, run_after=2025-08-19 00:00:00+00:00
[2025-08-19T03:24:23.583+0000] {processor.py:183} INFO - Processing /home/airflow/.local/lib/python3.12/site-packages/airflow/example_dags/example_latest_only_with_trigger.py took 0.090 seconds
[2025-08-19T03:24:54.107+0000] {processor.py:161} INFO - Started process (PID=23798) to work on /home/airflow/.local/lib/python3.12/site-packages/airflow/example_dags/example_latest_only_with_trigger.py
[2025-08-19T03:24:54.109+0000] {processor.py:830} INFO - Processing file /home/airflow/.local/lib/python3.12/site-packages/airflow/example_dags/example_latest_only_with_trigger.py for tasks to queue
[2025-08-19T03:24:54.110+0000] {logging_mixin.py:188} INFO - [2025-08-19T03:24:54.110+0000] {dagbag.py:545} INFO - Filling up the DagBag from /home/airflow/.local/lib/python3.12/site-packages/airflow/example_dags/example_latest_only_with_trigger.py
[2025-08-19T03:24:54.117+0000] {processor.py:840} INFO - DAG(s) 'latest_only_with_trigger' retrieved from /home/airflow/.local/lib/python3.12/site-packages/airflow/example_dags/example_latest_only_with_trigger.py
[2025-08-19T03:24:54.144+0000] {logging_mixin.py:188} INFO - [2025-08-19T03:24:54.144+0000] {dag.py:3096} INFO - Sync 1 DAGs
[2025-08-19T03:24:54.170+0000] {logging_mixin.py:188} INFO - [2025-08-19T03:24:54.170+0000] {dag.py:3954} INFO - Setting next_dagrun for latest_only_with_trigger to 2025-08-18 20:00:00+00:00, run_after=2025-08-19 00:00:00+00:00
[2025-08-19T03:24:54.196+0000] {processor.py:183} INFO - Processing /home/airflow/.local/lib/python3.12/site-packages/airflow/example_dags/example_latest_only_with_trigger.py took 0.095 seconds
[2025-08-19T03:25:24.704+0000] {processor.py:161} INFO - Started process (PID=23851) to work on /home/airflow/.local/lib/python3.12/site-packages/airflow/example_dags/example_latest_only_with_trigger.py
[2025-08-19T03:25:24.706+0000] {processor.py:830} INFO - Processing file /home/airflow/.local/lib/python3.12/site-packages/airflow/example_dags/example_latest_only_with_trigger.py for tasks to queue
[2025-08-19T03:25:24.708+0000] {logging_mixin.py:188} INFO - [2025-08-19T03:25:24.707+0000] {dagbag.py:545} INFO - Filling up the DagBag from /home/airflow/.local/lib/python3.12/site-packages/airflow/example_dags/example_latest_only_with_trigger.py
[2025-08-19T03:25:24.714+0000] {processor.py:840} INFO - DAG(s) 'latest_only_with_trigger' retrieved from /home/airflow/.local/lib/python3.12/site-packages/airflow/example_dags/example_latest_only_with_trigger.py
[2025-08-19T03:25:24.741+0000] {logging_mixin.py:188} INFO - [2025-08-19T03:25:24.741+0000] {dag.py:3096} INFO - Sync 1 DAGs
[2025-08-19T03:25:24.765+0000] {logging_mixin.py:188} INFO - [2025-08-19T03:25:24.765+0000] {dag.py:3954} INFO - Setting next_dagrun for latest_only_with_trigger to 2025-08-18 20:00:00+00:00, run_after=2025-08-19 00:00:00+00:00
[2025-08-19T03:25:24.798+0000] {processor.py:183} INFO - Processing /home/airflow/.local/lib/python3.12/site-packages/airflow/example_dags/example_latest_only_with_trigger.py took 0.100 seconds
[2025-08-19T03:25:55.105+0000] {processor.py:161} INFO - Started process (PID=23904) to work on /home/airflow/.local/lib/python3.12/site-packages/airflow/example_dags/example_latest_only_with_trigger.py
[2025-08-19T03:25:55.106+0000] {processor.py:830} INFO - Processing file /home/airflow/.local/lib/python3.12/site-packages/airflow/example_dags/example_latest_only_with_trigger.py for tasks to queue
[2025-08-19T03:25:55.108+0000] {logging_mixin.py:188} INFO - [2025-08-19T03:25:55.107+0000] {dagbag.py:545} INFO - Filling up the DagBag from /home/airflow/.local/lib/python3.12/site-packages/airflow/example_dags/example_latest_only_with_trigger.py
[2025-08-19T03:25:55.114+0000] {processor.py:840} INFO - DAG(s) 'latest_only_with_trigger' retrieved from /home/airflow/.local/lib/python3.12/site-packages/airflow/example_dags/example_latest_only_with_trigger.py
[2025-08-19T03:25:55.139+0000] {logging_mixin.py:188} INFO - [2025-08-19T03:25:55.139+0000] {dag.py:3096} INFO - Sync 1 DAGs
[2025-08-19T03:25:55.162+0000] {logging_mixin.py:188} INFO - [2025-08-19T03:25:55.161+0000] {dag.py:3954} INFO - Setting next_dagrun for latest_only_with_trigger to 2025-08-18 20:00:00+00:00, run_after=2025-08-19 00:00:00+00:00
[2025-08-19T03:25:55.195+0000] {processor.py:183} INFO - Processing /home/airflow/.local/lib/python3.12/site-packages/airflow/example_dags/example_latest_only_with_trigger.py took 0.096 seconds
[2025-08-19T03:26:25.483+0000] {processor.py:161} INFO - Started process (PID=23957) to work on /home/airflow/.local/lib/python3.12/site-packages/airflow/example_dags/example_latest_only_with_trigger.py
[2025-08-19T03:26:25.484+0000] {processor.py:830} INFO - Processing file /home/airflow/.local/lib/python3.12/site-packages/airflow/example_dags/example_latest_only_with_trigger.py for tasks to queue
[2025-08-19T03:26:25.486+0000] {logging_mixin.py:188} INFO - [2025-08-19T03:26:25.486+0000] {dagbag.py:545} INFO - Filling up the DagBag from /home/airflow/.local/lib/python3.12/site-packages/airflow/example_dags/example_latest_only_with_trigger.py
[2025-08-19T03:26:25.494+0000] {processor.py:840} INFO - DAG(s) 'latest_only_with_trigger' retrieved from /home/airflow/.local/lib/python3.12/site-packages/airflow/example_dags/example_latest_only_with_trigger.py
[2025-08-19T03:26:25.520+0000] {logging_mixin.py:188} INFO - [2025-08-19T03:26:25.519+0000] {dag.py:3096} INFO - Sync 1 DAGs
[2025-08-19T03:26:25.545+0000] {logging_mixin.py:188} INFO - [2025-08-19T03:26:25.545+0000] {dag.py:3954} INFO - Setting next_dagrun for latest_only_with_trigger to 2025-08-18 20:00:00+00:00, run_after=2025-08-19 00:00:00+00:00
[2025-08-19T03:26:25.579+0000] {processor.py:183} INFO - Processing /home/airflow/.local/lib/python3.12/site-packages/airflow/example_dags/example_latest_only_with_trigger.py took 0.105 seconds
[2025-08-19T03:26:55.963+0000] {processor.py:161} INFO - Started process (PID=24010) to work on /home/airflow/.local/lib/python3.12/site-packages/airflow/example_dags/example_latest_only_with_trigger.py
[2025-08-19T03:26:55.964+0000] {processor.py:830} INFO - Processing file /home/airflow/.local/lib/python3.12/site-packages/airflow/example_dags/example_latest_only_with_trigger.py for tasks to queue
[2025-08-19T03:26:55.966+0000] {logging_mixin.py:188} INFO - [2025-08-19T03:26:55.966+0000] {dagbag.py:545} INFO - Filling up the DagBag from /home/airflow/.local/lib/python3.12/site-packages/airflow/example_dags/example_latest_only_with_trigger.py
[2025-08-19T03:26:55.973+0000] {processor.py:840} INFO - DAG(s) 'latest_only_with_trigger' retrieved from /home/airflow/.local/lib/python3.12/site-packages/airflow/example_dags/example_latest_only_with_trigger.py
[2025-08-19T03:26:56.000+0000] {logging_mixin.py:188} INFO - [2025-08-19T03:26:56.000+0000] {dag.py:3096} INFO - Sync 1 DAGs
[2025-08-19T03:26:56.024+0000] {logging_mixin.py:188} INFO - [2025-08-19T03:26:56.024+0000] {dag.py:3954} INFO - Setting next_dagrun for latest_only_with_trigger to 2025-08-18 20:00:00+00:00, run_after=2025-08-19 00:00:00+00:00
[2025-08-19T03:26:56.054+0000] {processor.py:183} INFO - Processing /home/airflow/.local/lib/python3.12/site-packages/airflow/example_dags/example_latest_only_with_trigger.py took 0.097 seconds
[2025-08-19T03:27:26.408+0000] {processor.py:161} INFO - Started process (PID=24063) to work on /home/airflow/.local/lib/python3.12/site-packages/airflow/example_dags/example_latest_only_with_trigger.py
[2025-08-19T03:27:26.411+0000] {processor.py:830} INFO - Processing file /home/airflow/.local/lib/python3.12/site-packages/airflow/example_dags/example_latest_only_with_trigger.py for tasks to queue
[2025-08-19T03:27:26.412+0000] {logging_mixin.py:188} INFO - [2025-08-19T03:27:26.412+0000] {dagbag.py:545} INFO - Filling up the DagBag from /home/airflow/.local/lib/python3.12/site-packages/airflow/example_dags/example_latest_only_with_trigger.py
[2025-08-19T03:27:26.418+0000] {processor.py:840} INFO - DAG(s) 'latest_only_with_trigger' retrieved from /home/airflow/.local/lib/python3.12/site-packages/airflow/example_dags/example_latest_only_with_trigger.py
[2025-08-19T03:27:26.444+0000] {logging_mixin.py:188} INFO - [2025-08-19T03:27:26.444+0000] {dag.py:3096} INFO - Sync 1 DAGs
[2025-08-19T03:27:26.468+0000] {logging_mixin.py:188} INFO - [2025-08-19T03:27:26.467+0000] {dag.py:3954} INFO - Setting next_dagrun for latest_only_with_trigger to 2025-08-18 20:00:00+00:00, run_after=2025-08-19 00:00:00+00:00
[2025-08-19T03:27:26.490+0000] {processor.py:183} INFO - Processing /home/airflow/.local/lib/python3.12/site-packages/airflow/example_dags/example_latest_only_with_trigger.py took 0.092 seconds
[2025-08-19T03:27:56.929+0000] {processor.py:161} INFO - Started process (PID=24116) to work on /home/airflow/.local/lib/python3.12/site-packages/airflow/example_dags/example_latest_only_with_trigger.py
[2025-08-19T03:27:56.931+0000] {processor.py:830} INFO - Processing file /home/airflow/.local/lib/python3.12/site-packages/airflow/example_dags/example_latest_only_with_trigger.py for tasks to queue
[2025-08-19T03:27:56.932+0000] {logging_mixin.py:188} INFO - [2025-08-19T03:27:56.932+0000] {dagbag.py:545} INFO - Filling up the DagBag from /home/airflow/.local/lib/python3.12/site-packages/airflow/example_dags/example_latest_only_with_trigger.py
[2025-08-19T03:27:56.939+0000] {processor.py:840} INFO - DAG(s) 'latest_only_with_trigger' retrieved from /home/airflow/.local/lib/python3.12/site-packages/airflow/example_dags/example_latest_only_with_trigger.py
[2025-08-19T03:27:56.966+0000] {logging_mixin.py:188} INFO - [2025-08-19T03:27:56.965+0000] {dag.py:3096} INFO - Sync 1 DAGs
[2025-08-19T03:27:56.988+0000] {logging_mixin.py:188} INFO - [2025-08-19T03:27:56.988+0000] {dag.py:3954} INFO - Setting next_dagrun for latest_only_with_trigger to 2025-08-18 20:00:00+00:00, run_after=2025-08-19 00:00:00+00:00
[2025-08-19T03:27:57.013+0000] {processor.py:183} INFO - Processing /home/airflow/.local/lib/python3.12/site-packages/airflow/example_dags/example_latest_only_with_trigger.py took 0.090 seconds
[2025-08-19T03:28:27.339+0000] {processor.py:161} INFO - Started process (PID=24169) to work on /home/airflow/.local/lib/python3.12/site-packages/airflow/example_dags/example_latest_only_with_trigger.py
[2025-08-19T03:28:27.341+0000] {processor.py:830} INFO - Processing file /home/airflow/.local/lib/python3.12/site-packages/airflow/example_dags/example_latest_only_with_trigger.py for tasks to queue
[2025-08-19T03:28:27.343+0000] {logging_mixin.py:188} INFO - [2025-08-19T03:28:27.342+0000] {dagbag.py:545} INFO - Filling up the DagBag from /home/airflow/.local/lib/python3.12/site-packages/airflow/example_dags/example_latest_only_with_trigger.py
[2025-08-19T03:28:27.349+0000] {processor.py:840} INFO - DAG(s) 'latest_only_with_trigger' retrieved from /home/airflow/.local/lib/python3.12/site-packages/airflow/example_dags/example_latest_only_with_trigger.py
[2025-08-19T03:28:27.374+0000] {logging_mixin.py:188} INFO - [2025-08-19T03:28:27.374+0000] {dag.py:3096} INFO - Sync 1 DAGs
[2025-08-19T03:28:27.396+0000] {logging_mixin.py:188} INFO - [2025-08-19T03:28:27.396+0000] {dag.py:3954} INFO - Setting next_dagrun for latest_only_with_trigger to 2025-08-18 20:00:00+00:00, run_after=2025-08-19 00:00:00+00:00
[2025-08-19T03:28:27.427+0000] {processor.py:183} INFO - Processing /home/airflow/.local/lib/python3.12/site-packages/airflow/example_dags/example_latest_only_with_trigger.py took 0.094 seconds
[2025-08-19T03:28:57.818+0000] {processor.py:161} INFO - Started process (PID=24222) to work on /home/airflow/.local/lib/python3.12/site-packages/airflow/example_dags/example_latest_only_with_trigger.py
[2025-08-19T03:28:57.820+0000] {processor.py:830} INFO - Processing file /home/airflow/.local/lib/python3.12/site-packages/airflow/example_dags/example_latest_only_with_trigger.py for tasks to queue
[2025-08-19T03:28:57.821+0000] {logging_mixin.py:188} INFO - [2025-08-19T03:28:57.821+0000] {dagbag.py:545} INFO - Filling up the DagBag from /home/airflow/.local/lib/python3.12/site-packages/airflow/example_dags/example_latest_only_with_trigger.py
[2025-08-19T03:28:57.828+0000] {processor.py:840} INFO - DAG(s) 'latest_only_with_trigger' retrieved from /home/airflow/.local/lib/python3.12/site-packages/airflow/example_dags/example_latest_only_with_trigger.py
[2025-08-19T03:28:57.852+0000] {logging_mixin.py:188} INFO - [2025-08-19T03:28:57.852+0000] {dag.py:3096} INFO - Sync 1 DAGs
[2025-08-19T03:28:57.877+0000] {logging_mixin.py:188} INFO - [2025-08-19T03:28:57.877+0000] {dag.py:3954} INFO - Setting next_dagrun for latest_only_with_trigger to 2025-08-18 20:00:00+00:00, run_after=2025-08-19 00:00:00+00:00
[2025-08-19T03:28:57.908+0000] {processor.py:183} INFO - Processing /home/airflow/.local/lib/python3.12/site-packages/airflow/example_dags/example_latest_only_with_trigger.py took 0.095 seconds
[2025-08-19T03:29:28.166+0000] {processor.py:161} INFO - Started process (PID=24275) to work on /home/airflow/.local/lib/python3.12/site-packages/airflow/example_dags/example_latest_only_with_trigger.py
[2025-08-19T03:29:28.168+0000] {processor.py:830} INFO - Processing file /home/airflow/.local/lib/python3.12/site-packages/airflow/example_dags/example_latest_only_with_trigger.py for tasks to queue
[2025-08-19T03:29:28.169+0000] {logging_mixin.py:188} INFO - [2025-08-19T03:29:28.169+0000] {dagbag.py:545} INFO - Filling up the DagBag from /home/airflow/.local/lib/python3.12/site-packages/airflow/example_dags/example_latest_only_with_trigger.py
[2025-08-19T03:29:28.176+0000] {processor.py:840} INFO - DAG(s) 'latest_only_with_trigger' retrieved from /home/airflow/.local/lib/python3.12/site-packages/airflow/example_dags/example_latest_only_with_trigger.py
[2025-08-19T03:29:28.201+0000] {logging_mixin.py:188} INFO - [2025-08-19T03:29:28.201+0000] {dag.py:3096} INFO - Sync 1 DAGs
[2025-08-19T03:29:28.226+0000] {logging_mixin.py:188} INFO - [2025-08-19T03:29:28.226+0000] {dag.py:3954} INFO - Setting next_dagrun for latest_only_with_trigger to 2025-08-18 20:00:00+00:00, run_after=2025-08-19 00:00:00+00:00
[2025-08-19T03:29:28.257+0000] {processor.py:183} INFO - Processing /home/airflow/.local/lib/python3.12/site-packages/airflow/example_dags/example_latest_only_with_trigger.py took 0.098 seconds
[2025-08-19T03:29:58.531+0000] {processor.py:161} INFO - Started process (PID=24328) to work on /home/airflow/.local/lib/python3.12/site-packages/airflow/example_dags/example_latest_only_with_trigger.py
[2025-08-19T03:29:58.532+0000] {processor.py:830} INFO - Processing file /home/airflow/.local/lib/python3.12/site-packages/airflow/example_dags/example_latest_only_with_trigger.py for tasks to queue
[2025-08-19T03:29:58.533+0000] {logging_mixin.py:188} INFO - [2025-08-19T03:29:58.533+0000] {dagbag.py:545} INFO - Filling up the DagBag from /home/airflow/.local/lib/python3.12/site-packages/airflow/example_dags/example_latest_only_with_trigger.py
[2025-08-19T03:29:58.540+0000] {processor.py:840} INFO - DAG(s) 'latest_only_with_trigger' retrieved from /home/airflow/.local/lib/python3.12/site-packages/airflow/example_dags/example_latest_only_with_trigger.py
[2025-08-19T03:29:58.563+0000] {logging_mixin.py:188} INFO - [2025-08-19T03:29:58.563+0000] {dag.py:3096} INFO - Sync 1 DAGs
[2025-08-19T03:29:58.586+0000] {logging_mixin.py:188} INFO - [2025-08-19T03:29:58.586+0000] {dag.py:3954} INFO - Setting next_dagrun for latest_only_with_trigger to 2025-08-18 20:00:00+00:00, run_after=2025-08-19 00:00:00+00:00
[2025-08-19T03:29:58.619+0000] {processor.py:183} INFO - Processing /home/airflow/.local/lib/python3.12/site-packages/airflow/example_dags/example_latest_only_with_trigger.py took 0.094 seconds
[2025-08-19T03:30:29.027+0000] {processor.py:161} INFO - Started process (PID=24381) to work on /home/airflow/.local/lib/python3.12/site-packages/airflow/example_dags/example_latest_only_with_trigger.py
[2025-08-19T03:30:29.029+0000] {processor.py:830} INFO - Processing file /home/airflow/.local/lib/python3.12/site-packages/airflow/example_dags/example_latest_only_with_trigger.py for tasks to queue
[2025-08-19T03:30:29.031+0000] {logging_mixin.py:188} INFO - [2025-08-19T03:30:29.030+0000] {dagbag.py:545} INFO - Filling up the DagBag from /home/airflow/.local/lib/python3.12/site-packages/airflow/example_dags/example_latest_only_with_trigger.py
[2025-08-19T03:30:29.038+0000] {processor.py:840} INFO - DAG(s) 'latest_only_with_trigger' retrieved from /home/airflow/.local/lib/python3.12/site-packages/airflow/example_dags/example_latest_only_with_trigger.py
[2025-08-19T03:30:29.063+0000] {logging_mixin.py:188} INFO - [2025-08-19T03:30:29.063+0000] {dag.py:3096} INFO - Sync 1 DAGs
[2025-08-19T03:30:29.087+0000] {logging_mixin.py:188} INFO - [2025-08-19T03:30:29.086+0000] {dag.py:3954} INFO - Setting next_dagrun for latest_only_with_trigger to 2025-08-18 20:00:00+00:00, run_after=2025-08-19 00:00:00+00:00
[2025-08-19T03:30:29.113+0000] {processor.py:183} INFO - Processing /home/airflow/.local/lib/python3.12/site-packages/airflow/example_dags/example_latest_only_with_trigger.py took 0.095 seconds
[2025-08-19T03:30:59.677+0000] {processor.py:161} INFO - Started process (PID=24434) to work on /home/airflow/.local/lib/python3.12/site-packages/airflow/example_dags/example_latest_only_with_trigger.py
[2025-08-19T03:30:59.679+0000] {processor.py:830} INFO - Processing file /home/airflow/.local/lib/python3.12/site-packages/airflow/example_dags/example_latest_only_with_trigger.py for tasks to queue
[2025-08-19T03:30:59.681+0000] {logging_mixin.py:188} INFO - [2025-08-19T03:30:59.680+0000] {dagbag.py:545} INFO - Filling up the DagBag from /home/airflow/.local/lib/python3.12/site-packages/airflow/example_dags/example_latest_only_with_trigger.py
[2025-08-19T03:30:59.688+0000] {processor.py:840} INFO - DAG(s) 'latest_only_with_trigger' retrieved from /home/airflow/.local/lib/python3.12/site-packages/airflow/example_dags/example_latest_only_with_trigger.py
[2025-08-19T03:30:59.714+0000] {logging_mixin.py:188} INFO - [2025-08-19T03:30:59.714+0000] {dag.py:3096} INFO - Sync 1 DAGs
[2025-08-19T03:30:59.741+0000] {logging_mixin.py:188} INFO - [2025-08-19T03:30:59.741+0000] {dag.py:3954} INFO - Setting next_dagrun for latest_only_with_trigger to 2025-08-18 20:00:00+00:00, run_after=2025-08-19 00:00:00+00:00
[2025-08-19T03:30:59.774+0000] {processor.py:183} INFO - Processing /home/airflow/.local/lib/python3.12/site-packages/airflow/example_dags/example_latest_only_with_trigger.py took 0.104 seconds
[2025-08-19T03:31:29.994+0000] {processor.py:161} INFO - Started process (PID=24487) to work on /home/airflow/.local/lib/python3.12/site-packages/airflow/example_dags/example_latest_only_with_trigger.py
[2025-08-19T03:31:29.996+0000] {processor.py:830} INFO - Processing file /home/airflow/.local/lib/python3.12/site-packages/airflow/example_dags/example_latest_only_with_trigger.py for tasks to queue
[2025-08-19T03:31:29.998+0000] {logging_mixin.py:188} INFO - [2025-08-19T03:31:29.997+0000] {dagbag.py:545} INFO - Filling up the DagBag from /home/airflow/.local/lib/python3.12/site-packages/airflow/example_dags/example_latest_only_with_trigger.py
[2025-08-19T03:31:30.006+0000] {processor.py:840} INFO - DAG(s) 'latest_only_with_trigger' retrieved from /home/airflow/.local/lib/python3.12/site-packages/airflow/example_dags/example_latest_only_with_trigger.py
[2025-08-19T03:31:30.031+0000] {logging_mixin.py:188} INFO - [2025-08-19T03:31:30.031+0000] {dag.py:3096} INFO - Sync 1 DAGs
[2025-08-19T03:31:30.057+0000] {logging_mixin.py:188} INFO - [2025-08-19T03:31:30.057+0000] {dag.py:3954} INFO - Setting next_dagrun for latest_only_with_trigger to 2025-08-18 20:00:00+00:00, run_after=2025-08-19 00:00:00+00:00
[2025-08-19T03:31:30.090+0000] {processor.py:183} INFO - Processing /home/airflow/.local/lib/python3.12/site-packages/airflow/example_dags/example_latest_only_with_trigger.py took 0.101 seconds
[2025-08-19T03:32:00.275+0000] {processor.py:161} INFO - Started process (PID=24540) to work on /home/airflow/.local/lib/python3.12/site-packages/airflow/example_dags/example_latest_only_with_trigger.py
[2025-08-19T03:32:00.277+0000] {processor.py:830} INFO - Processing file /home/airflow/.local/lib/python3.12/site-packages/airflow/example_dags/example_latest_only_with_trigger.py for tasks to queue
[2025-08-19T03:32:00.279+0000] {logging_mixin.py:188} INFO - [2025-08-19T03:32:00.278+0000] {dagbag.py:545} INFO - Filling up the DagBag from /home/airflow/.local/lib/python3.12/site-packages/airflow/example_dags/example_latest_only_with_trigger.py
[2025-08-19T03:32:00.287+0000] {processor.py:840} INFO - DAG(s) 'latest_only_with_trigger' retrieved from /home/airflow/.local/lib/python3.12/site-packages/airflow/example_dags/example_latest_only_with_trigger.py
[2025-08-19T03:32:00.313+0000] {logging_mixin.py:188} INFO - [2025-08-19T03:32:00.312+0000] {dag.py:3096} INFO - Sync 1 DAGs
[2025-08-19T03:32:00.338+0000] {logging_mixin.py:188} INFO - [2025-08-19T03:32:00.338+0000] {dag.py:3954} INFO - Setting next_dagrun for latest_only_with_trigger to 2025-08-18 20:00:00+00:00, run_after=2025-08-19 00:00:00+00:00
[2025-08-19T03:32:00.366+0000] {processor.py:183} INFO - Processing /home/airflow/.local/lib/python3.12/site-packages/airflow/example_dags/example_latest_only_with_trigger.py took 0.097 seconds
[2025-08-19T03:32:30.996+0000] {processor.py:161} INFO - Started process (PID=24593) to work on /home/airflow/.local/lib/python3.12/site-packages/airflow/example_dags/example_latest_only_with_trigger.py
[2025-08-19T03:32:31.291+0000] {processor.py:830} INFO - Processing file /home/airflow/.local/lib/python3.12/site-packages/airflow/example_dags/example_latest_only_with_trigger.py for tasks to queue
[2025-08-19T03:32:31.293+0000] {logging_mixin.py:188} INFO - [2025-08-19T03:32:31.293+0000] {dagbag.py:545} INFO - Filling up the DagBag from /home/airflow/.local/lib/python3.12/site-packages/airflow/example_dags/example_latest_only_with_trigger.py
[2025-08-19T03:32:31.303+0000] {processor.py:840} INFO - DAG(s) 'latest_only_with_trigger' retrieved from /home/airflow/.local/lib/python3.12/site-packages/airflow/example_dags/example_latest_only_with_trigger.py
[2025-08-19T03:32:31.348+0000] {logging_mixin.py:188} INFO - [2025-08-19T03:32:31.347+0000] {dag.py:3096} INFO - Sync 1 DAGs
[2025-08-19T03:32:31.383+0000] {logging_mixin.py:188} INFO - [2025-08-19T03:32:31.382+0000] {dag.py:3954} INFO - Setting next_dagrun for latest_only_with_trigger to 2025-08-18 20:00:00+00:00, run_after=2025-08-19 00:00:00+00:00
[2025-08-19T03:32:31.411+0000] {processor.py:183} INFO - Processing /home/airflow/.local/lib/python3.12/site-packages/airflow/example_dags/example_latest_only_with_trigger.py took 0.421 seconds
[2025-08-19T03:33:01.913+0000] {processor.py:161} INFO - Started process (PID=24646) to work on /home/airflow/.local/lib/python3.12/site-packages/airflow/example_dags/example_latest_only_with_trigger.py
[2025-08-19T03:33:01.916+0000] {processor.py:830} INFO - Processing file /home/airflow/.local/lib/python3.12/site-packages/airflow/example_dags/example_latest_only_with_trigger.py for tasks to queue
[2025-08-19T03:33:01.919+0000] {logging_mixin.py:188} INFO - [2025-08-19T03:33:01.919+0000] {dagbag.py:545} INFO - Filling up the DagBag from /home/airflow/.local/lib/python3.12/site-packages/airflow/example_dags/example_latest_only_with_trigger.py
[2025-08-19T03:33:01.935+0000] {processor.py:840} INFO - DAG(s) 'latest_only_with_trigger' retrieved from /home/airflow/.local/lib/python3.12/site-packages/airflow/example_dags/example_latest_only_with_trigger.py
[2025-08-19T03:33:01.993+0000] {logging_mixin.py:188} INFO - [2025-08-19T03:33:01.992+0000] {dag.py:3096} INFO - Sync 1 DAGs
[2025-08-19T03:33:02.059+0000] {logging_mixin.py:188} INFO - [2025-08-19T03:33:02.058+0000] {dag.py:3954} INFO - Setting next_dagrun for latest_only_with_trigger to 2025-08-18 20:00:00+00:00, run_after=2025-08-19 00:00:00+00:00
[2025-08-19T03:33:02.121+0000] {processor.py:183} INFO - Processing /home/airflow/.local/lib/python3.12/site-packages/airflow/example_dags/example_latest_only_with_trigger.py took 0.221 seconds
[2025-08-19T03:33:35.421+0000] {processor.py:161} INFO - Started process (PID=24699) to work on /home/airflow/.local/lib/python3.12/site-packages/airflow/example_dags/example_latest_only_with_trigger.py
[2025-08-19T03:33:35.425+0000] {processor.py:830} INFO - Processing file /home/airflow/.local/lib/python3.12/site-packages/airflow/example_dags/example_latest_only_with_trigger.py for tasks to queue
[2025-08-19T03:33:35.429+0000] {logging_mixin.py:188} INFO - [2025-08-19T03:33:35.428+0000] {dagbag.py:545} INFO - Filling up the DagBag from /home/airflow/.local/lib/python3.12/site-packages/airflow/example_dags/example_latest_only_with_trigger.py
[2025-08-19T03:33:35.458+0000] {processor.py:840} INFO - DAG(s) 'latest_only_with_trigger' retrieved from /home/airflow/.local/lib/python3.12/site-packages/airflow/example_dags/example_latest_only_with_trigger.py
[2025-08-19T03:33:35.562+0000] {logging_mixin.py:188} INFO - [2025-08-19T03:33:35.558+0000] {dag.py:3096} INFO - Sync 1 DAGs
[2025-08-19T03:33:35.667+0000] {logging_mixin.py:188} INFO - [2025-08-19T03:33:35.666+0000] {dag.py:3954} INFO - Setting next_dagrun for latest_only_with_trigger to 2025-08-18 20:00:00+00:00, run_after=2025-08-19 00:00:00+00:00
[2025-08-19T03:33:35.813+0000] {processor.py:183} INFO - Processing /home/airflow/.local/lib/python3.12/site-packages/airflow/example_dags/example_latest_only_with_trigger.py took 0.412 seconds
[2025-08-19T03:34:06.558+0000] {processor.py:161} INFO - Started process (PID=24752) to work on /home/airflow/.local/lib/python3.12/site-packages/airflow/example_dags/example_latest_only_with_trigger.py
[2025-08-19T03:34:06.560+0000] {processor.py:830} INFO - Processing file /home/airflow/.local/lib/python3.12/site-packages/airflow/example_dags/example_latest_only_with_trigger.py for tasks to queue
[2025-08-19T03:34:06.562+0000] {logging_mixin.py:188} INFO - [2025-08-19T03:34:06.561+0000] {dagbag.py:545} INFO - Filling up the DagBag from /home/airflow/.local/lib/python3.12/site-packages/airflow/example_dags/example_latest_only_with_trigger.py
[2025-08-19T03:34:06.572+0000] {processor.py:840} INFO - DAG(s) 'latest_only_with_trigger' retrieved from /home/airflow/.local/lib/python3.12/site-packages/airflow/example_dags/example_latest_only_with_trigger.py
[2025-08-19T03:34:06.606+0000] {logging_mixin.py:188} INFO - [2025-08-19T03:34:06.606+0000] {dag.py:3096} INFO - Sync 1 DAGs
[2025-08-19T03:34:06.631+0000] {logging_mixin.py:188} INFO - [2025-08-19T03:34:06.631+0000] {dag.py:3954} INFO - Setting next_dagrun for latest_only_with_trigger to 2025-08-18 20:00:00+00:00, run_after=2025-08-19 00:00:00+00:00
[2025-08-19T03:34:06.657+0000] {processor.py:183} INFO - Processing /home/airflow/.local/lib/python3.12/site-packages/airflow/example_dags/example_latest_only_with_trigger.py took 0.109 seconds
[2025-08-19T03:34:37.147+0000] {processor.py:161} INFO - Started process (PID=24805) to work on /home/airflow/.local/lib/python3.12/site-packages/airflow/example_dags/example_latest_only_with_trigger.py
[2025-08-19T03:34:37.150+0000] {processor.py:830} INFO - Processing file /home/airflow/.local/lib/python3.12/site-packages/airflow/example_dags/example_latest_only_with_trigger.py for tasks to queue
[2025-08-19T03:34:37.151+0000] {logging_mixin.py:188} INFO - [2025-08-19T03:34:37.151+0000] {dagbag.py:545} INFO - Filling up the DagBag from /home/airflow/.local/lib/python3.12/site-packages/airflow/example_dags/example_latest_only_with_trigger.py
[2025-08-19T03:34:37.161+0000] {processor.py:840} INFO - DAG(s) 'latest_only_with_trigger' retrieved from /home/airflow/.local/lib/python3.12/site-packages/airflow/example_dags/example_latest_only_with_trigger.py
[2025-08-19T03:34:37.191+0000] {logging_mixin.py:188} INFO - [2025-08-19T03:34:37.191+0000] {dag.py:3096} INFO - Sync 1 DAGs
[2025-08-19T03:34:37.225+0000] {logging_mixin.py:188} INFO - [2025-08-19T03:34:37.224+0000] {dag.py:3954} INFO - Setting next_dagrun for latest_only_with_trigger to 2025-08-18 20:00:00+00:00, run_after=2025-08-19 00:00:00+00:00
[2025-08-19T03:34:37.260+0000] {processor.py:183} INFO - Processing /home/airflow/.local/lib/python3.12/site-packages/airflow/example_dags/example_latest_only_with_trigger.py took 0.122 seconds
[2025-08-19T03:35:07.383+0000] {processor.py:161} INFO - Started process (PID=24858) to work on /home/airflow/.local/lib/python3.12/site-packages/airflow/example_dags/example_latest_only_with_trigger.py
[2025-08-19T03:35:07.385+0000] {processor.py:830} INFO - Processing file /home/airflow/.local/lib/python3.12/site-packages/airflow/example_dags/example_latest_only_with_trigger.py for tasks to queue
[2025-08-19T03:35:07.388+0000] {logging_mixin.py:188} INFO - [2025-08-19T03:35:07.387+0000] {dagbag.py:545} INFO - Filling up the DagBag from /home/airflow/.local/lib/python3.12/site-packages/airflow/example_dags/example_latest_only_with_trigger.py
[2025-08-19T03:35:07.398+0000] {processor.py:840} INFO - DAG(s) 'latest_only_with_trigger' retrieved from /home/airflow/.local/lib/python3.12/site-packages/airflow/example_dags/example_latest_only_with_trigger.py
[2025-08-19T03:35:07.427+0000] {logging_mixin.py:188} INFO - [2025-08-19T03:35:07.427+0000] {dag.py:3096} INFO - Sync 1 DAGs
[2025-08-19T03:35:07.458+0000] {logging_mixin.py:188} INFO - [2025-08-19T03:35:07.458+0000] {dag.py:3954} INFO - Setting next_dagrun for latest_only_with_trigger to 2025-08-18 20:00:00+00:00, run_after=2025-08-19 00:00:00+00:00
[2025-08-19T03:35:07.490+0000] {processor.py:183} INFO - Processing /home/airflow/.local/lib/python3.12/site-packages/airflow/example_dags/example_latest_only_with_trigger.py took 0.118 seconds
[2025-08-19T03:35:38.045+0000] {processor.py:161} INFO - Started process (PID=24911) to work on /home/airflow/.local/lib/python3.12/site-packages/airflow/example_dags/example_latest_only_with_trigger.py
[2025-08-19T03:35:38.047+0000] {processor.py:830} INFO - Processing file /home/airflow/.local/lib/python3.12/site-packages/airflow/example_dags/example_latest_only_with_trigger.py for tasks to queue
[2025-08-19T03:35:38.048+0000] {logging_mixin.py:188} INFO - [2025-08-19T03:35:38.048+0000] {dagbag.py:545} INFO - Filling up the DagBag from /home/airflow/.local/lib/python3.12/site-packages/airflow/example_dags/example_latest_only_with_trigger.py
[2025-08-19T03:35:38.059+0000] {processor.py:840} INFO - DAG(s) 'latest_only_with_trigger' retrieved from /home/airflow/.local/lib/python3.12/site-packages/airflow/example_dags/example_latest_only_with_trigger.py
[2025-08-19T03:35:38.093+0000] {logging_mixin.py:188} INFO - [2025-08-19T03:35:38.093+0000] {dag.py:3096} INFO - Sync 1 DAGs
[2025-08-19T03:35:38.126+0000] {logging_mixin.py:188} INFO - [2025-08-19T03:35:38.125+0000] {dag.py:3954} INFO - Setting next_dagrun for latest_only_with_trigger to 2025-08-18 20:00:00+00:00, run_after=2025-08-19 00:00:00+00:00
[2025-08-19T03:35:38.155+0000] {processor.py:183} INFO - Processing /home/airflow/.local/lib/python3.12/site-packages/airflow/example_dags/example_latest_only_with_trigger.py took 0.122 seconds
[2025-08-19T03:36:08.536+0000] {processor.py:161} INFO - Started process (PID=24964) to work on /home/airflow/.local/lib/python3.12/site-packages/airflow/example_dags/example_latest_only_with_trigger.py
[2025-08-19T03:36:08.538+0000] {processor.py:830} INFO - Processing file /home/airflow/.local/lib/python3.12/site-packages/airflow/example_dags/example_latest_only_with_trigger.py for tasks to queue
[2025-08-19T03:36:08.539+0000] {logging_mixin.py:188} INFO - [2025-08-19T03:36:08.538+0000] {dagbag.py:545} INFO - Filling up the DagBag from /home/airflow/.local/lib/python3.12/site-packages/airflow/example_dags/example_latest_only_with_trigger.py
[2025-08-19T03:36:08.545+0000] {processor.py:840} INFO - DAG(s) 'latest_only_with_trigger' retrieved from /home/airflow/.local/lib/python3.12/site-packages/airflow/example_dags/example_latest_only_with_trigger.py
[2025-08-19T03:36:08.569+0000] {logging_mixin.py:188} INFO - [2025-08-19T03:36:08.569+0000] {dag.py:3096} INFO - Sync 1 DAGs
[2025-08-19T03:36:08.593+0000] {logging_mixin.py:188} INFO - [2025-08-19T03:36:08.593+0000] {dag.py:3954} INFO - Setting next_dagrun for latest_only_with_trigger to 2025-08-18 20:00:00+00:00, run_after=2025-08-19 00:00:00+00:00
[2025-08-19T03:36:08.620+0000] {processor.py:183} INFO - Processing /home/airflow/.local/lib/python3.12/site-packages/airflow/example_dags/example_latest_only_with_trigger.py took 0.090 seconds
[2025-08-19T03:36:38.795+0000] {processor.py:161} INFO - Started process (PID=25017) to work on /home/airflow/.local/lib/python3.12/site-packages/airflow/example_dags/example_latest_only_with_trigger.py
[2025-08-19T03:36:38.797+0000] {processor.py:830} INFO - Processing file /home/airflow/.local/lib/python3.12/site-packages/airflow/example_dags/example_latest_only_with_trigger.py for tasks to queue
[2025-08-19T03:36:38.799+0000] {logging_mixin.py:188} INFO - [2025-08-19T03:36:38.799+0000] {dagbag.py:545} INFO - Filling up the DagBag from /home/airflow/.local/lib/python3.12/site-packages/airflow/example_dags/example_latest_only_with_trigger.py
[2025-08-19T03:36:38.813+0000] {processor.py:840} INFO - DAG(s) 'latest_only_with_trigger' retrieved from /home/airflow/.local/lib/python3.12/site-packages/airflow/example_dags/example_latest_only_with_trigger.py
[2025-08-19T03:36:38.847+0000] {logging_mixin.py:188} INFO - [2025-08-19T03:36:38.847+0000] {dag.py:3096} INFO - Sync 1 DAGs
[2025-08-19T03:36:38.876+0000] {logging_mixin.py:188} INFO - [2025-08-19T03:36:38.876+0000] {dag.py:3954} INFO - Setting next_dagrun for latest_only_with_trigger to 2025-08-18 20:00:00+00:00, run_after=2025-08-19 00:00:00+00:00
[2025-08-19T03:36:38.912+0000] {processor.py:183} INFO - Processing /home/airflow/.local/lib/python3.12/site-packages/airflow/example_dags/example_latest_only_with_trigger.py took 0.123 seconds
[2025-08-19T03:37:09.610+0000] {processor.py:161} INFO - Started process (PID=25070) to work on /home/airflow/.local/lib/python3.12/site-packages/airflow/example_dags/example_latest_only_with_trigger.py
[2025-08-19T03:37:09.612+0000] {processor.py:830} INFO - Processing file /home/airflow/.local/lib/python3.12/site-packages/airflow/example_dags/example_latest_only_with_trigger.py for tasks to queue
[2025-08-19T03:37:09.613+0000] {logging_mixin.py:188} INFO - [2025-08-19T03:37:09.613+0000] {dagbag.py:545} INFO - Filling up the DagBag from /home/airflow/.local/lib/python3.12/site-packages/airflow/example_dags/example_latest_only_with_trigger.py
[2025-08-19T03:37:09.623+0000] {processor.py:840} INFO - DAG(s) 'latest_only_with_trigger' retrieved from /home/airflow/.local/lib/python3.12/site-packages/airflow/example_dags/example_latest_only_with_trigger.py
[2025-08-19T03:37:09.649+0000] {logging_mixin.py:188} INFO - [2025-08-19T03:37:09.649+0000] {dag.py:3096} INFO - Sync 1 DAGs
[2025-08-19T03:37:09.673+0000] {logging_mixin.py:188} INFO - [2025-08-19T03:37:09.672+0000] {dag.py:3954} INFO - Setting next_dagrun for latest_only_with_trigger to 2025-08-18 20:00:00+00:00, run_after=2025-08-19 00:00:00+00:00
[2025-08-19T03:37:09.718+0000] {processor.py:183} INFO - Processing /home/airflow/.local/lib/python3.12/site-packages/airflow/example_dags/example_latest_only_with_trigger.py took 0.117 seconds
