[2025-08-19T03:10:07.081+0000] {processor.py:161} INFO - Started process (PID=22263) to work on /home/airflow/.local/lib/python3.12/site-packages/airflow/example_dags/example_python_decorator.py
[2025-08-19T03:10:07.083+0000] {processor.py:830} INFO - Processing file /home/airflow/.local/lib/python3.12/site-packages/airflow/example_dags/example_python_decorator.py for tasks to queue
[2025-08-19T03:10:07.086+0000] {logging_mixin.py:188} INFO - [2025-08-19T03:10:07.085+0000] {dagbag.py:545} INFO - Filling up the DagBag from /home/airflow/.local/lib/python3.12/site-packages/airflow/example_dags/example_python_decorator.py
[2025-08-19T03:10:07.117+0000] {processor.py:840} INFO - DAG(s) 'example_python_decorator' retrieved from /home/airflow/.local/lib/python3.12/site-packages/airflow/example_dags/example_python_decorator.py
[2025-08-19T03:10:07.172+0000] {logging_mixin.py:188} INFO - [2025-08-19T03:10:07.171+0000] {dag.py:3096} INFO - Sync 1 DAGs
[2025-08-19T03:10:07.198+0000] {logging_mixin.py:188} INFO - [2025-08-19T03:10:07.198+0000] {dag.py:3954} INFO - Setting next_dagrun for example_python_decorator to None, run_after=None
[2025-08-19T03:10:07.250+0000] {processor.py:183} INFO - Processing /home/airflow/.local/lib/python3.12/site-packages/airflow/example_dags/example_python_decorator.py took 0.180 seconds
[2025-08-19T03:10:37.319+0000] {processor.py:161} INFO - Started process (PID=22316) to work on /home/airflow/.local/lib/python3.12/site-packages/airflow/example_dags/example_python_decorator.py
[2025-08-19T03:10:37.321+0000] {processor.py:830} INFO - Processing file /home/airflow/.local/lib/python3.12/site-packages/airflow/example_dags/example_python_decorator.py for tasks to queue
[2025-08-19T03:10:37.322+0000] {logging_mixin.py:188} INFO - [2025-08-19T03:10:37.322+0000] {dagbag.py:545} INFO - Filling up the DagBag from /home/airflow/.local/lib/python3.12/site-packages/airflow/example_dags/example_python_decorator.py
[2025-08-19T03:10:37.335+0000] {processor.py:840} INFO - DAG(s) 'example_python_decorator' retrieved from /home/airflow/.local/lib/python3.12/site-packages/airflow/example_dags/example_python_decorator.py
[2025-08-19T03:10:37.361+0000] {logging_mixin.py:188} INFO - [2025-08-19T03:10:37.361+0000] {dag.py:3096} INFO - Sync 1 DAGs
[2025-08-19T03:10:37.374+0000] {logging_mixin.py:188} INFO - [2025-08-19T03:10:37.374+0000] {dag.py:3954} INFO - Setting next_dagrun for example_python_decorator to None, run_after=None
[2025-08-19T03:10:37.404+0000] {processor.py:183} INFO - Processing /home/airflow/.local/lib/python3.12/site-packages/airflow/example_dags/example_python_decorator.py took 0.090 seconds
[2025-08-19T03:11:07.984+0000] {processor.py:161} INFO - Started process (PID=22369) to work on /home/airflow/.local/lib/python3.12/site-packages/airflow/example_dags/example_python_decorator.py
[2025-08-19T03:11:07.986+0000] {processor.py:830} INFO - Processing file /home/airflow/.local/lib/python3.12/site-packages/airflow/example_dags/example_python_decorator.py for tasks to queue
[2025-08-19T03:11:07.987+0000] {logging_mixin.py:188} INFO - [2025-08-19T03:11:07.987+0000] {dagbag.py:545} INFO - Filling up the DagBag from /home/airflow/.local/lib/python3.12/site-packages/airflow/example_dags/example_python_decorator.py
[2025-08-19T03:11:08.002+0000] {processor.py:840} INFO - DAG(s) 'example_python_decorator' retrieved from /home/airflow/.local/lib/python3.12/site-packages/airflow/example_dags/example_python_decorator.py
[2025-08-19T03:11:08.029+0000] {logging_mixin.py:188} INFO - [2025-08-19T03:11:08.029+0000] {dag.py:3096} INFO - Sync 1 DAGs
[2025-08-19T03:11:08.043+0000] {logging_mixin.py:188} INFO - [2025-08-19T03:11:08.043+0000] {dag.py:3954} INFO - Setting next_dagrun for example_python_decorator to None, run_after=None
[2025-08-19T03:11:08.068+0000] {processor.py:183} INFO - Processing /home/airflow/.local/lib/python3.12/site-packages/airflow/example_dags/example_python_decorator.py took 0.091 seconds
[2025-08-19T03:11:38.909+0000] {processor.py:161} INFO - Started process (PID=22422) to work on /home/airflow/.local/lib/python3.12/site-packages/airflow/example_dags/example_python_decorator.py
[2025-08-19T03:11:38.910+0000] {processor.py:830} INFO - Processing file /home/airflow/.local/lib/python3.12/site-packages/airflow/example_dags/example_python_decorator.py for tasks to queue
[2025-08-19T03:11:38.912+0000] {logging_mixin.py:188} INFO - [2025-08-19T03:11:38.911+0000] {dagbag.py:545} INFO - Filling up the DagBag from /home/airflow/.local/lib/python3.12/site-packages/airflow/example_dags/example_python_decorator.py
[2025-08-19T03:11:38.928+0000] {processor.py:840} INFO - DAG(s) 'example_python_decorator' retrieved from /home/airflow/.local/lib/python3.12/site-packages/airflow/example_dags/example_python_decorator.py
[2025-08-19T03:11:38.955+0000] {logging_mixin.py:188} INFO - [2025-08-19T03:11:38.955+0000] {dag.py:3096} INFO - Sync 1 DAGs
[2025-08-19T03:11:38.967+0000] {logging_mixin.py:188} INFO - [2025-08-19T03:11:38.967+0000] {dag.py:3954} INFO - Setting next_dagrun for example_python_decorator to None, run_after=None
[2025-08-19T03:11:38.991+0000] {processor.py:183} INFO - Processing /home/airflow/.local/lib/python3.12/site-packages/airflow/example_dags/example_python_decorator.py took 0.088 seconds
[2025-08-19T03:12:09.387+0000] {processor.py:161} INFO - Started process (PID=22475) to work on /home/airflow/.local/lib/python3.12/site-packages/airflow/example_dags/example_python_decorator.py
[2025-08-19T03:12:09.388+0000] {processor.py:830} INFO - Processing file /home/airflow/.local/lib/python3.12/site-packages/airflow/example_dags/example_python_decorator.py for tasks to queue
[2025-08-19T03:12:09.389+0000] {logging_mixin.py:188} INFO - [2025-08-19T03:12:09.389+0000] {dagbag.py:545} INFO - Filling up the DagBag from /home/airflow/.local/lib/python3.12/site-packages/airflow/example_dags/example_python_decorator.py
[2025-08-19T03:12:09.403+0000] {processor.py:840} INFO - DAG(s) 'example_python_decorator' retrieved from /home/airflow/.local/lib/python3.12/site-packages/airflow/example_dags/example_python_decorator.py
[2025-08-19T03:12:09.428+0000] {logging_mixin.py:188} INFO - [2025-08-19T03:12:09.427+0000] {dag.py:3096} INFO - Sync 1 DAGs
[2025-08-19T03:12:09.441+0000] {logging_mixin.py:188} INFO - [2025-08-19T03:12:09.441+0000] {dag.py:3954} INFO - Setting next_dagrun for example_python_decorator to None, run_after=None
[2025-08-19T03:12:09.464+0000] {processor.py:183} INFO - Processing /home/airflow/.local/lib/python3.12/site-packages/airflow/example_dags/example_python_decorator.py took 0.083 seconds
[2025-08-19T03:12:40.002+0000] {processor.py:161} INFO - Started process (PID=22528) to work on /home/airflow/.local/lib/python3.12/site-packages/airflow/example_dags/example_python_decorator.py
[2025-08-19T03:12:40.004+0000] {processor.py:830} INFO - Processing file /home/airflow/.local/lib/python3.12/site-packages/airflow/example_dags/example_python_decorator.py for tasks to queue
[2025-08-19T03:12:40.005+0000] {logging_mixin.py:188} INFO - [2025-08-19T03:12:40.004+0000] {dagbag.py:545} INFO - Filling up the DagBag from /home/airflow/.local/lib/python3.12/site-packages/airflow/example_dags/example_python_decorator.py
[2025-08-19T03:12:40.019+0000] {processor.py:840} INFO - DAG(s) 'example_python_decorator' retrieved from /home/airflow/.local/lib/python3.12/site-packages/airflow/example_dags/example_python_decorator.py
[2025-08-19T03:12:40.042+0000] {logging_mixin.py:188} INFO - [2025-08-19T03:12:40.042+0000] {dag.py:3096} INFO - Sync 1 DAGs
[2025-08-19T03:12:40.054+0000] {logging_mixin.py:188} INFO - [2025-08-19T03:12:40.054+0000] {dag.py:3954} INFO - Setting next_dagrun for example_python_decorator to None, run_after=None
[2025-08-19T03:12:40.081+0000] {processor.py:183} INFO - Processing /home/airflow/.local/lib/python3.12/site-packages/airflow/example_dags/example_python_decorator.py took 0.085 seconds
[2025-08-19T03:13:10.695+0000] {processor.py:161} INFO - Started process (PID=22581) to work on /home/airflow/.local/lib/python3.12/site-packages/airflow/example_dags/example_python_decorator.py
[2025-08-19T03:13:10.696+0000] {processor.py:830} INFO - Processing file /home/airflow/.local/lib/python3.12/site-packages/airflow/example_dags/example_python_decorator.py for tasks to queue
[2025-08-19T03:13:10.698+0000] {logging_mixin.py:188} INFO - [2025-08-19T03:13:10.697+0000] {dagbag.py:545} INFO - Filling up the DagBag from /home/airflow/.local/lib/python3.12/site-packages/airflow/example_dags/example_python_decorator.py
[2025-08-19T03:13:10.711+0000] {processor.py:840} INFO - DAG(s) 'example_python_decorator' retrieved from /home/airflow/.local/lib/python3.12/site-packages/airflow/example_dags/example_python_decorator.py
[2025-08-19T03:13:10.742+0000] {logging_mixin.py:188} INFO - [2025-08-19T03:13:10.742+0000] {dag.py:3096} INFO - Sync 1 DAGs
[2025-08-19T03:13:10.758+0000] {logging_mixin.py:188} INFO - [2025-08-19T03:13:10.757+0000] {dag.py:3954} INFO - Setting next_dagrun for example_python_decorator to None, run_after=None
[2025-08-19T03:13:10.782+0000] {processor.py:183} INFO - Processing /home/airflow/.local/lib/python3.12/site-packages/airflow/example_dags/example_python_decorator.py took 0.093 seconds
[2025-08-19T03:13:41.560+0000] {processor.py:161} INFO - Started process (PID=22634) to work on /home/airflow/.local/lib/python3.12/site-packages/airflow/example_dags/example_python_decorator.py
[2025-08-19T03:13:41.562+0000] {processor.py:830} INFO - Processing file /home/airflow/.local/lib/python3.12/site-packages/airflow/example_dags/example_python_decorator.py for tasks to queue
[2025-08-19T03:13:41.564+0000] {logging_mixin.py:188} INFO - [2025-08-19T03:13:41.563+0000] {dagbag.py:545} INFO - Filling up the DagBag from /home/airflow/.local/lib/python3.12/site-packages/airflow/example_dags/example_python_decorator.py
[2025-08-19T03:13:41.577+0000] {processor.py:840} INFO - DAG(s) 'example_python_decorator' retrieved from /home/airflow/.local/lib/python3.12/site-packages/airflow/example_dags/example_python_decorator.py
[2025-08-19T03:13:41.604+0000] {logging_mixin.py:188} INFO - [2025-08-19T03:13:41.604+0000] {dag.py:3096} INFO - Sync 1 DAGs
[2025-08-19T03:13:41.619+0000] {logging_mixin.py:188} INFO - [2025-08-19T03:13:41.619+0000] {dag.py:3954} INFO - Setting next_dagrun for example_python_decorator to None, run_after=None
[2025-08-19T03:13:41.641+0000] {processor.py:183} INFO - Processing /home/airflow/.local/lib/python3.12/site-packages/airflow/example_dags/example_python_decorator.py took 0.088 seconds
[2025-08-19T03:14:12.388+0000] {processor.py:161} INFO - Started process (PID=22687) to work on /home/airflow/.local/lib/python3.12/site-packages/airflow/example_dags/example_python_decorator.py
[2025-08-19T03:14:12.390+0000] {processor.py:830} INFO - Processing file /home/airflow/.local/lib/python3.12/site-packages/airflow/example_dags/example_python_decorator.py for tasks to queue
[2025-08-19T03:14:12.391+0000] {logging_mixin.py:188} INFO - [2025-08-19T03:14:12.391+0000] {dagbag.py:545} INFO - Filling up the DagBag from /home/airflow/.local/lib/python3.12/site-packages/airflow/example_dags/example_python_decorator.py
[2025-08-19T03:14:12.405+0000] {processor.py:840} INFO - DAG(s) 'example_python_decorator' retrieved from /home/airflow/.local/lib/python3.12/site-packages/airflow/example_dags/example_python_decorator.py
[2025-08-19T03:14:12.430+0000] {logging_mixin.py:188} INFO - [2025-08-19T03:14:12.430+0000] {dag.py:3096} INFO - Sync 1 DAGs
[2025-08-19T03:14:12.443+0000] {logging_mixin.py:188} INFO - [2025-08-19T03:14:12.442+0000] {dag.py:3954} INFO - Setting next_dagrun for example_python_decorator to None, run_after=None
[2025-08-19T03:14:12.465+0000] {processor.py:183} INFO - Processing /home/airflow/.local/lib/python3.12/site-packages/airflow/example_dags/example_python_decorator.py took 0.083 seconds
[2025-08-19T03:14:43.300+0000] {processor.py:161} INFO - Started process (PID=22740) to work on /home/airflow/.local/lib/python3.12/site-packages/airflow/example_dags/example_python_decorator.py
[2025-08-19T03:14:43.303+0000] {processor.py:830} INFO - Processing file /home/airflow/.local/lib/python3.12/site-packages/airflow/example_dags/example_python_decorator.py for tasks to queue
[2025-08-19T03:14:43.305+0000] {logging_mixin.py:188} INFO - [2025-08-19T03:14:43.304+0000] {dagbag.py:545} INFO - Filling up the DagBag from /home/airflow/.local/lib/python3.12/site-packages/airflow/example_dags/example_python_decorator.py
[2025-08-19T03:14:43.322+0000] {processor.py:840} INFO - DAG(s) 'example_python_decorator' retrieved from /home/airflow/.local/lib/python3.12/site-packages/airflow/example_dags/example_python_decorator.py
[2025-08-19T03:14:43.350+0000] {logging_mixin.py:188} INFO - [2025-08-19T03:14:43.350+0000] {dag.py:3096} INFO - Sync 1 DAGs
[2025-08-19T03:14:43.363+0000] {logging_mixin.py:188} INFO - [2025-08-19T03:14:43.363+0000] {dag.py:3954} INFO - Setting next_dagrun for example_python_decorator to None, run_after=None
[2025-08-19T03:14:43.388+0000] {processor.py:183} INFO - Processing /home/airflow/.local/lib/python3.12/site-packages/airflow/example_dags/example_python_decorator.py took 0.097 seconds
[2025-08-19T03:15:14.057+0000] {processor.py:161} INFO - Started process (PID=22793) to work on /home/airflow/.local/lib/python3.12/site-packages/airflow/example_dags/example_python_decorator.py
[2025-08-19T03:15:14.059+0000] {processor.py:830} INFO - Processing file /home/airflow/.local/lib/python3.12/site-packages/airflow/example_dags/example_python_decorator.py for tasks to queue
[2025-08-19T03:15:14.060+0000] {logging_mixin.py:188} INFO - [2025-08-19T03:15:14.060+0000] {dagbag.py:545} INFO - Filling up the DagBag from /home/airflow/.local/lib/python3.12/site-packages/airflow/example_dags/example_python_decorator.py
[2025-08-19T03:15:14.074+0000] {processor.py:840} INFO - DAG(s) 'example_python_decorator' retrieved from /home/airflow/.local/lib/python3.12/site-packages/airflow/example_dags/example_python_decorator.py
[2025-08-19T03:15:14.098+0000] {logging_mixin.py:188} INFO - [2025-08-19T03:15:14.098+0000] {dag.py:3096} INFO - Sync 1 DAGs
[2025-08-19T03:15:14.111+0000] {logging_mixin.py:188} INFO - [2025-08-19T03:15:14.111+0000] {dag.py:3954} INFO - Setting next_dagrun for example_python_decorator to None, run_after=None
[2025-08-19T03:15:14.135+0000] {processor.py:183} INFO - Processing /home/airflow/.local/lib/python3.12/site-packages/airflow/example_dags/example_python_decorator.py took 0.087 seconds
[2025-08-19T03:15:44.800+0000] {processor.py:161} INFO - Started process (PID=22846) to work on /home/airflow/.local/lib/python3.12/site-packages/airflow/example_dags/example_python_decorator.py
[2025-08-19T03:15:44.801+0000] {processor.py:830} INFO - Processing file /home/airflow/.local/lib/python3.12/site-packages/airflow/example_dags/example_python_decorator.py for tasks to queue
[2025-08-19T03:15:44.803+0000] {logging_mixin.py:188} INFO - [2025-08-19T03:15:44.802+0000] {dagbag.py:545} INFO - Filling up the DagBag from /home/airflow/.local/lib/python3.12/site-packages/airflow/example_dags/example_python_decorator.py
[2025-08-19T03:15:44.817+0000] {processor.py:840} INFO - DAG(s) 'example_python_decorator' retrieved from /home/airflow/.local/lib/python3.12/site-packages/airflow/example_dags/example_python_decorator.py
[2025-08-19T03:15:44.843+0000] {logging_mixin.py:188} INFO - [2025-08-19T03:15:44.843+0000] {dag.py:3096} INFO - Sync 1 DAGs
[2025-08-19T03:15:44.855+0000] {logging_mixin.py:188} INFO - [2025-08-19T03:15:44.854+0000] {dag.py:3954} INFO - Setting next_dagrun for example_python_decorator to None, run_after=None
[2025-08-19T03:15:44.877+0000] {processor.py:183} INFO - Processing /home/airflow/.local/lib/python3.12/site-packages/airflow/example_dags/example_python_decorator.py took 0.083 seconds
[2025-08-19T03:16:15.432+0000] {processor.py:161} INFO - Started process (PID=22899) to work on /home/airflow/.local/lib/python3.12/site-packages/airflow/example_dags/example_python_decorator.py
[2025-08-19T03:16:15.434+0000] {processor.py:830} INFO - Processing file /home/airflow/.local/lib/python3.12/site-packages/airflow/example_dags/example_python_decorator.py for tasks to queue
[2025-08-19T03:16:15.435+0000] {logging_mixin.py:188} INFO - [2025-08-19T03:16:15.435+0000] {dagbag.py:545} INFO - Filling up the DagBag from /home/airflow/.local/lib/python3.12/site-packages/airflow/example_dags/example_python_decorator.py
[2025-08-19T03:16:15.449+0000] {processor.py:840} INFO - DAG(s) 'example_python_decorator' retrieved from /home/airflow/.local/lib/python3.12/site-packages/airflow/example_dags/example_python_decorator.py
[2025-08-19T03:16:15.472+0000] {logging_mixin.py:188} INFO - [2025-08-19T03:16:15.472+0000] {dag.py:3096} INFO - Sync 1 DAGs
[2025-08-19T03:16:15.484+0000] {logging_mixin.py:188} INFO - [2025-08-19T03:16:15.484+0000] {dag.py:3954} INFO - Setting next_dagrun for example_python_decorator to None, run_after=None
[2025-08-19T03:16:15.512+0000] {processor.py:183} INFO - Processing /home/airflow/.local/lib/python3.12/site-packages/airflow/example_dags/example_python_decorator.py took 0.086 seconds
[2025-08-19T03:16:45.797+0000] {processor.py:161} INFO - Started process (PID=22952) to work on /home/airflow/.local/lib/python3.12/site-packages/airflow/example_dags/example_python_decorator.py
[2025-08-19T03:16:45.799+0000] {processor.py:830} INFO - Processing file /home/airflow/.local/lib/python3.12/site-packages/airflow/example_dags/example_python_decorator.py for tasks to queue
[2025-08-19T03:16:45.800+0000] {logging_mixin.py:188} INFO - [2025-08-19T03:16:45.800+0000] {dagbag.py:545} INFO - Filling up the DagBag from /home/airflow/.local/lib/python3.12/site-packages/airflow/example_dags/example_python_decorator.py
[2025-08-19T03:16:45.813+0000] {processor.py:840} INFO - DAG(s) 'example_python_decorator' retrieved from /home/airflow/.local/lib/python3.12/site-packages/airflow/example_dags/example_python_decorator.py
[2025-08-19T03:16:45.838+0000] {logging_mixin.py:188} INFO - [2025-08-19T03:16:45.838+0000] {dag.py:3096} INFO - Sync 1 DAGs
[2025-08-19T03:16:45.852+0000] {logging_mixin.py:188} INFO - [2025-08-19T03:16:45.852+0000] {dag.py:3954} INFO - Setting next_dagrun for example_python_decorator to None, run_after=None
[2025-08-19T03:16:45.874+0000] {processor.py:183} INFO - Processing /home/airflow/.local/lib/python3.12/site-packages/airflow/example_dags/example_python_decorator.py took 0.083 seconds
[2025-08-19T03:17:16.177+0000] {processor.py:161} INFO - Started process (PID=23005) to work on /home/airflow/.local/lib/python3.12/site-packages/airflow/example_dags/example_python_decorator.py
[2025-08-19T03:17:16.178+0000] {processor.py:830} INFO - Processing file /home/airflow/.local/lib/python3.12/site-packages/airflow/example_dags/example_python_decorator.py for tasks to queue
[2025-08-19T03:17:16.179+0000] {logging_mixin.py:188} INFO - [2025-08-19T03:17:16.179+0000] {dagbag.py:545} INFO - Filling up the DagBag from /home/airflow/.local/lib/python3.12/site-packages/airflow/example_dags/example_python_decorator.py
[2025-08-19T03:17:16.192+0000] {processor.py:840} INFO - DAG(s) 'example_python_decorator' retrieved from /home/airflow/.local/lib/python3.12/site-packages/airflow/example_dags/example_python_decorator.py
[2025-08-19T03:17:16.217+0000] {logging_mixin.py:188} INFO - [2025-08-19T03:17:16.216+0000] {dag.py:3096} INFO - Sync 1 DAGs
[2025-08-19T03:17:16.229+0000] {logging_mixin.py:188} INFO - [2025-08-19T03:17:16.229+0000] {dag.py:3954} INFO - Setting next_dagrun for example_python_decorator to None, run_after=None
[2025-08-19T03:17:16.250+0000] {processor.py:183} INFO - Processing /home/airflow/.local/lib/python3.12/site-packages/airflow/example_dags/example_python_decorator.py took 0.079 seconds
[2025-08-19T03:17:47.072+0000] {processor.py:161} INFO - Started process (PID=23058) to work on /home/airflow/.local/lib/python3.12/site-packages/airflow/example_dags/example_python_decorator.py
[2025-08-19T03:17:47.074+0000] {processor.py:830} INFO - Processing file /home/airflow/.local/lib/python3.12/site-packages/airflow/example_dags/example_python_decorator.py for tasks to queue
[2025-08-19T03:17:47.075+0000] {logging_mixin.py:188} INFO - [2025-08-19T03:17:47.075+0000] {dagbag.py:545} INFO - Filling up the DagBag from /home/airflow/.local/lib/python3.12/site-packages/airflow/example_dags/example_python_decorator.py
[2025-08-19T03:17:47.089+0000] {processor.py:840} INFO - DAG(s) 'example_python_decorator' retrieved from /home/airflow/.local/lib/python3.12/site-packages/airflow/example_dags/example_python_decorator.py
[2025-08-19T03:17:47.113+0000] {logging_mixin.py:188} INFO - [2025-08-19T03:17:47.113+0000] {dag.py:3096} INFO - Sync 1 DAGs
[2025-08-19T03:17:47.127+0000] {logging_mixin.py:188} INFO - [2025-08-19T03:17:47.126+0000] {dag.py:3954} INFO - Setting next_dagrun for example_python_decorator to None, run_after=None
[2025-08-19T03:17:47.156+0000] {processor.py:183} INFO - Processing /home/airflow/.local/lib/python3.12/site-packages/airflow/example_dags/example_python_decorator.py took 0.090 seconds
[2025-08-19T03:18:17.372+0000] {processor.py:161} INFO - Started process (PID=23111) to work on /home/airflow/.local/lib/python3.12/site-packages/airflow/example_dags/example_python_decorator.py
[2025-08-19T03:18:17.374+0000] {processor.py:830} INFO - Processing file /home/airflow/.local/lib/python3.12/site-packages/airflow/example_dags/example_python_decorator.py for tasks to queue
[2025-08-19T03:18:17.375+0000] {logging_mixin.py:188} INFO - [2025-08-19T03:18:17.375+0000] {dagbag.py:545} INFO - Filling up the DagBag from /home/airflow/.local/lib/python3.12/site-packages/airflow/example_dags/example_python_decorator.py
[2025-08-19T03:18:17.389+0000] {processor.py:840} INFO - DAG(s) 'example_python_decorator' retrieved from /home/airflow/.local/lib/python3.12/site-packages/airflow/example_dags/example_python_decorator.py
[2025-08-19T03:18:17.413+0000] {logging_mixin.py:188} INFO - [2025-08-19T03:18:17.413+0000] {dag.py:3096} INFO - Sync 1 DAGs
[2025-08-19T03:18:17.425+0000] {logging_mixin.py:188} INFO - [2025-08-19T03:18:17.425+0000] {dag.py:3954} INFO - Setting next_dagrun for example_python_decorator to None, run_after=None
[2025-08-19T03:18:17.447+0000] {processor.py:183} INFO - Processing /home/airflow/.local/lib/python3.12/site-packages/airflow/example_dags/example_python_decorator.py took 0.082 seconds
[2025-08-19T03:18:47.619+0000] {processor.py:161} INFO - Started process (PID=23164) to work on /home/airflow/.local/lib/python3.12/site-packages/airflow/example_dags/example_python_decorator.py
[2025-08-19T03:18:47.620+0000] {processor.py:830} INFO - Processing file /home/airflow/.local/lib/python3.12/site-packages/airflow/example_dags/example_python_decorator.py for tasks to queue
[2025-08-19T03:18:47.622+0000] {logging_mixin.py:188} INFO - [2025-08-19T03:18:47.621+0000] {dagbag.py:545} INFO - Filling up the DagBag from /home/airflow/.local/lib/python3.12/site-packages/airflow/example_dags/example_python_decorator.py
[2025-08-19T03:18:47.635+0000] {processor.py:840} INFO - DAG(s) 'example_python_decorator' retrieved from /home/airflow/.local/lib/python3.12/site-packages/airflow/example_dags/example_python_decorator.py
[2025-08-19T03:18:47.661+0000] {logging_mixin.py:188} INFO - [2025-08-19T03:18:47.660+0000] {dag.py:3096} INFO - Sync 1 DAGs
[2025-08-19T03:18:47.674+0000] {logging_mixin.py:188} INFO - [2025-08-19T03:18:47.673+0000] {dag.py:3954} INFO - Setting next_dagrun for example_python_decorator to None, run_after=None
[2025-08-19T03:18:47.696+0000] {processor.py:183} INFO - Processing /home/airflow/.local/lib/python3.12/site-packages/airflow/example_dags/example_python_decorator.py took 0.083 seconds
[2025-08-19T03:19:17.946+0000] {processor.py:161} INFO - Started process (PID=23217) to work on /home/airflow/.local/lib/python3.12/site-packages/airflow/example_dags/example_python_decorator.py
[2025-08-19T03:19:17.948+0000] {processor.py:830} INFO - Processing file /home/airflow/.local/lib/python3.12/site-packages/airflow/example_dags/example_python_decorator.py for tasks to queue
[2025-08-19T03:19:17.950+0000] {logging_mixin.py:188} INFO - [2025-08-19T03:19:17.949+0000] {dagbag.py:545} INFO - Filling up the DagBag from /home/airflow/.local/lib/python3.12/site-packages/airflow/example_dags/example_python_decorator.py
[2025-08-19T03:19:17.966+0000] {processor.py:840} INFO - DAG(s) 'example_python_decorator' retrieved from /home/airflow/.local/lib/python3.12/site-packages/airflow/example_dags/example_python_decorator.py
[2025-08-19T03:19:17.992+0000] {logging_mixin.py:188} INFO - [2025-08-19T03:19:17.991+0000] {dag.py:3096} INFO - Sync 1 DAGs
[2025-08-19T03:19:18.007+0000] {logging_mixin.py:188} INFO - [2025-08-19T03:19:18.007+0000] {dag.py:3954} INFO - Setting next_dagrun for example_python_decorator to None, run_after=None
[2025-08-19T03:19:18.030+0000] {processor.py:183} INFO - Processing /home/airflow/.local/lib/python3.12/site-packages/airflow/example_dags/example_python_decorator.py took 0.092 seconds
[2025-08-19T03:19:48.859+0000] {processor.py:161} INFO - Started process (PID=23270) to work on /home/airflow/.local/lib/python3.12/site-packages/airflow/example_dags/example_python_decorator.py
[2025-08-19T03:19:48.861+0000] {processor.py:830} INFO - Processing file /home/airflow/.local/lib/python3.12/site-packages/airflow/example_dags/example_python_decorator.py for tasks to queue
[2025-08-19T03:19:48.862+0000] {logging_mixin.py:188} INFO - [2025-08-19T03:19:48.862+0000] {dagbag.py:545} INFO - Filling up the DagBag from /home/airflow/.local/lib/python3.12/site-packages/airflow/example_dags/example_python_decorator.py
[2025-08-19T03:19:48.877+0000] {processor.py:840} INFO - DAG(s) 'example_python_decorator' retrieved from /home/airflow/.local/lib/python3.12/site-packages/airflow/example_dags/example_python_decorator.py
[2025-08-19T03:19:48.904+0000] {logging_mixin.py:188} INFO - [2025-08-19T03:19:48.904+0000] {dag.py:3096} INFO - Sync 1 DAGs
[2025-08-19T03:19:48.917+0000] {logging_mixin.py:188} INFO - [2025-08-19T03:19:48.917+0000] {dag.py:3954} INFO - Setting next_dagrun for example_python_decorator to None, run_after=None
[2025-08-19T03:19:48.940+0000] {processor.py:183} INFO - Processing /home/airflow/.local/lib/python3.12/site-packages/airflow/example_dags/example_python_decorator.py took 0.088 seconds
[2025-08-19T03:20:19.166+0000] {processor.py:161} INFO - Started process (PID=23323) to work on /home/airflow/.local/lib/python3.12/site-packages/airflow/example_dags/example_python_decorator.py
[2025-08-19T03:20:19.168+0000] {processor.py:830} INFO - Processing file /home/airflow/.local/lib/python3.12/site-packages/airflow/example_dags/example_python_decorator.py for tasks to queue
[2025-08-19T03:20:19.169+0000] {logging_mixin.py:188} INFO - [2025-08-19T03:20:19.169+0000] {dagbag.py:545} INFO - Filling up the DagBag from /home/airflow/.local/lib/python3.12/site-packages/airflow/example_dags/example_python_decorator.py
[2025-08-19T03:20:19.184+0000] {processor.py:840} INFO - DAG(s) 'example_python_decorator' retrieved from /home/airflow/.local/lib/python3.12/site-packages/airflow/example_dags/example_python_decorator.py
[2025-08-19T03:20:19.208+0000] {logging_mixin.py:188} INFO - [2025-08-19T03:20:19.207+0000] {dag.py:3096} INFO - Sync 1 DAGs
[2025-08-19T03:20:19.221+0000] {logging_mixin.py:188} INFO - [2025-08-19T03:20:19.221+0000] {dag.py:3954} INFO - Setting next_dagrun for example_python_decorator to None, run_after=None
[2025-08-19T03:20:19.246+0000] {processor.py:183} INFO - Processing /home/airflow/.local/lib/python3.12/site-packages/airflow/example_dags/example_python_decorator.py took 0.087 seconds
[2025-08-19T03:20:49.553+0000] {processor.py:161} INFO - Started process (PID=23376) to work on /home/airflow/.local/lib/python3.12/site-packages/airflow/example_dags/example_python_decorator.py
[2025-08-19T03:20:49.554+0000] {processor.py:830} INFO - Processing file /home/airflow/.local/lib/python3.12/site-packages/airflow/example_dags/example_python_decorator.py for tasks to queue
[2025-08-19T03:20:49.556+0000] {logging_mixin.py:188} INFO - [2025-08-19T03:20:49.555+0000] {dagbag.py:545} INFO - Filling up the DagBag from /home/airflow/.local/lib/python3.12/site-packages/airflow/example_dags/example_python_decorator.py
[2025-08-19T03:20:49.569+0000] {processor.py:840} INFO - DAG(s) 'example_python_decorator' retrieved from /home/airflow/.local/lib/python3.12/site-packages/airflow/example_dags/example_python_decorator.py
[2025-08-19T03:20:49.595+0000] {logging_mixin.py:188} INFO - [2025-08-19T03:20:49.594+0000] {dag.py:3096} INFO - Sync 1 DAGs
[2025-08-19T03:20:49.607+0000] {logging_mixin.py:188} INFO - [2025-08-19T03:20:49.607+0000] {dag.py:3954} INFO - Setting next_dagrun for example_python_decorator to None, run_after=None
[2025-08-19T03:20:49.631+0000] {processor.py:183} INFO - Processing /home/airflow/.local/lib/python3.12/site-packages/airflow/example_dags/example_python_decorator.py took 0.084 seconds
[2025-08-19T03:21:20.485+0000] {processor.py:161} INFO - Started process (PID=23429) to work on /home/airflow/.local/lib/python3.12/site-packages/airflow/example_dags/example_python_decorator.py
[2025-08-19T03:21:20.486+0000] {processor.py:830} INFO - Processing file /home/airflow/.local/lib/python3.12/site-packages/airflow/example_dags/example_python_decorator.py for tasks to queue
[2025-08-19T03:21:20.488+0000] {logging_mixin.py:188} INFO - [2025-08-19T03:21:20.487+0000] {dagbag.py:545} INFO - Filling up the DagBag from /home/airflow/.local/lib/python3.12/site-packages/airflow/example_dags/example_python_decorator.py
[2025-08-19T03:21:20.504+0000] {processor.py:840} INFO - DAG(s) 'example_python_decorator' retrieved from /home/airflow/.local/lib/python3.12/site-packages/airflow/example_dags/example_python_decorator.py
[2025-08-19T03:21:20.529+0000] {logging_mixin.py:188} INFO - [2025-08-19T03:21:20.529+0000] {dag.py:3096} INFO - Sync 1 DAGs
[2025-08-19T03:21:20.542+0000] {logging_mixin.py:188} INFO - [2025-08-19T03:21:20.542+0000] {dag.py:3954} INFO - Setting next_dagrun for example_python_decorator to None, run_after=None
[2025-08-19T03:21:20.565+0000] {processor.py:183} INFO - Processing /home/airflow/.local/lib/python3.12/site-packages/airflow/example_dags/example_python_decorator.py took 0.087 seconds
[2025-08-19T03:21:51.165+0000] {processor.py:161} INFO - Started process (PID=23482) to work on /home/airflow/.local/lib/python3.12/site-packages/airflow/example_dags/example_python_decorator.py
[2025-08-19T03:21:51.166+0000] {processor.py:830} INFO - Processing file /home/airflow/.local/lib/python3.12/site-packages/airflow/example_dags/example_python_decorator.py for tasks to queue
[2025-08-19T03:21:51.168+0000] {logging_mixin.py:188} INFO - [2025-08-19T03:21:51.168+0000] {dagbag.py:545} INFO - Filling up the DagBag from /home/airflow/.local/lib/python3.12/site-packages/airflow/example_dags/example_python_decorator.py
[2025-08-19T03:21:51.183+0000] {processor.py:840} INFO - DAG(s) 'example_python_decorator' retrieved from /home/airflow/.local/lib/python3.12/site-packages/airflow/example_dags/example_python_decorator.py
[2025-08-19T03:21:51.206+0000] {logging_mixin.py:188} INFO - [2025-08-19T03:21:51.205+0000] {dag.py:3096} INFO - Sync 1 DAGs
[2025-08-19T03:21:51.218+0000] {logging_mixin.py:188} INFO - [2025-08-19T03:21:51.218+0000] {dag.py:3954} INFO - Setting next_dagrun for example_python_decorator to None, run_after=None
[2025-08-19T03:21:51.240+0000] {processor.py:183} INFO - Processing /home/airflow/.local/lib/python3.12/site-packages/airflow/example_dags/example_python_decorator.py took 0.083 seconds
[2025-08-19T03:22:21.620+0000] {processor.py:161} INFO - Started process (PID=23535) to work on /home/airflow/.local/lib/python3.12/site-packages/airflow/example_dags/example_python_decorator.py
[2025-08-19T03:22:21.621+0000] {processor.py:830} INFO - Processing file /home/airflow/.local/lib/python3.12/site-packages/airflow/example_dags/example_python_decorator.py for tasks to queue
[2025-08-19T03:22:21.622+0000] {logging_mixin.py:188} INFO - [2025-08-19T03:22:21.622+0000] {dagbag.py:545} INFO - Filling up the DagBag from /home/airflow/.local/lib/python3.12/site-packages/airflow/example_dags/example_python_decorator.py
[2025-08-19T03:22:21.636+0000] {processor.py:840} INFO - DAG(s) 'example_python_decorator' retrieved from /home/airflow/.local/lib/python3.12/site-packages/airflow/example_dags/example_python_decorator.py
[2025-08-19T03:22:21.660+0000] {logging_mixin.py:188} INFO - [2025-08-19T03:22:21.660+0000] {dag.py:3096} INFO - Sync 1 DAGs
[2025-08-19T03:22:21.672+0000] {logging_mixin.py:188} INFO - [2025-08-19T03:22:21.672+0000] {dag.py:3954} INFO - Setting next_dagrun for example_python_decorator to None, run_after=None
[2025-08-19T03:22:21.696+0000] {processor.py:183} INFO - Processing /home/airflow/.local/lib/python3.12/site-packages/airflow/example_dags/example_python_decorator.py took 0.083 seconds
[2025-08-19T03:22:52.126+0000] {processor.py:161} INFO - Started process (PID=23588) to work on /home/airflow/.local/lib/python3.12/site-packages/airflow/example_dags/example_python_decorator.py
[2025-08-19T03:22:52.127+0000] {processor.py:830} INFO - Processing file /home/airflow/.local/lib/python3.12/site-packages/airflow/example_dags/example_python_decorator.py for tasks to queue
[2025-08-19T03:22:52.128+0000] {logging_mixin.py:188} INFO - [2025-08-19T03:22:52.128+0000] {dagbag.py:545} INFO - Filling up the DagBag from /home/airflow/.local/lib/python3.12/site-packages/airflow/example_dags/example_python_decorator.py
[2025-08-19T03:22:52.144+0000] {processor.py:840} INFO - DAG(s) 'example_python_decorator' retrieved from /home/airflow/.local/lib/python3.12/site-packages/airflow/example_dags/example_python_decorator.py
[2025-08-19T03:22:52.182+0000] {logging_mixin.py:188} INFO - [2025-08-19T03:22:52.182+0000] {dag.py:3096} INFO - Sync 1 DAGs
[2025-08-19T03:22:52.197+0000] {logging_mixin.py:188} INFO - [2025-08-19T03:22:52.196+0000] {dag.py:3954} INFO - Setting next_dagrun for example_python_decorator to None, run_after=None
[2025-08-19T03:22:52.222+0000] {processor.py:183} INFO - Processing /home/airflow/.local/lib/python3.12/site-packages/airflow/example_dags/example_python_decorator.py took 0.103 seconds
[2025-08-19T03:23:22.490+0000] {processor.py:161} INFO - Started process (PID=23641) to work on /home/airflow/.local/lib/python3.12/site-packages/airflow/example_dags/example_python_decorator.py
[2025-08-19T03:23:22.491+0000] {processor.py:830} INFO - Processing file /home/airflow/.local/lib/python3.12/site-packages/airflow/example_dags/example_python_decorator.py for tasks to queue
[2025-08-19T03:23:22.492+0000] {logging_mixin.py:188} INFO - [2025-08-19T03:23:22.492+0000] {dagbag.py:545} INFO - Filling up the DagBag from /home/airflow/.local/lib/python3.12/site-packages/airflow/example_dags/example_python_decorator.py
[2025-08-19T03:23:22.505+0000] {processor.py:840} INFO - DAG(s) 'example_python_decorator' retrieved from /home/airflow/.local/lib/python3.12/site-packages/airflow/example_dags/example_python_decorator.py
[2025-08-19T03:23:22.527+0000] {logging_mixin.py:188} INFO - [2025-08-19T03:23:22.527+0000] {dag.py:3096} INFO - Sync 1 DAGs
[2025-08-19T03:23:22.541+0000] {logging_mixin.py:188} INFO - [2025-08-19T03:23:22.541+0000] {dag.py:3954} INFO - Setting next_dagrun for example_python_decorator to None, run_after=None
[2025-08-19T03:23:22.564+0000] {processor.py:183} INFO - Processing /home/airflow/.local/lib/python3.12/site-packages/airflow/example_dags/example_python_decorator.py took 0.080 seconds
[2025-08-19T03:23:52.970+0000] {processor.py:161} INFO - Started process (PID=23694) to work on /home/airflow/.local/lib/python3.12/site-packages/airflow/example_dags/example_python_decorator.py
[2025-08-19T03:23:52.972+0000] {processor.py:830} INFO - Processing file /home/airflow/.local/lib/python3.12/site-packages/airflow/example_dags/example_python_decorator.py for tasks to queue
[2025-08-19T03:23:52.973+0000] {logging_mixin.py:188} INFO - [2025-08-19T03:23:52.973+0000] {dagbag.py:545} INFO - Filling up the DagBag from /home/airflow/.local/lib/python3.12/site-packages/airflow/example_dags/example_python_decorator.py
[2025-08-19T03:23:52.989+0000] {processor.py:840} INFO - DAG(s) 'example_python_decorator' retrieved from /home/airflow/.local/lib/python3.12/site-packages/airflow/example_dags/example_python_decorator.py
[2025-08-19T03:23:53.018+0000] {logging_mixin.py:188} INFO - [2025-08-19T03:23:53.017+0000] {dag.py:3096} INFO - Sync 1 DAGs
[2025-08-19T03:23:53.033+0000] {logging_mixin.py:188} INFO - [2025-08-19T03:23:53.033+0000] {dag.py:3954} INFO - Setting next_dagrun for example_python_decorator to None, run_after=None
[2025-08-19T03:23:53.061+0000] {processor.py:183} INFO - Processing /home/airflow/.local/lib/python3.12/site-packages/airflow/example_dags/example_python_decorator.py took 0.097 seconds
[2025-08-19T03:24:23.633+0000] {processor.py:161} INFO - Started process (PID=23747) to work on /home/airflow/.local/lib/python3.12/site-packages/airflow/example_dags/example_python_decorator.py
[2025-08-19T03:24:23.635+0000] {processor.py:830} INFO - Processing file /home/airflow/.local/lib/python3.12/site-packages/airflow/example_dags/example_python_decorator.py for tasks to queue
[2025-08-19T03:24:23.636+0000] {logging_mixin.py:188} INFO - [2025-08-19T03:24:23.636+0000] {dagbag.py:545} INFO - Filling up the DagBag from /home/airflow/.local/lib/python3.12/site-packages/airflow/example_dags/example_python_decorator.py
[2025-08-19T03:24:23.650+0000] {processor.py:840} INFO - DAG(s) 'example_python_decorator' retrieved from /home/airflow/.local/lib/python3.12/site-packages/airflow/example_dags/example_python_decorator.py
[2025-08-19T03:24:23.676+0000] {logging_mixin.py:188} INFO - [2025-08-19T03:24:23.675+0000] {dag.py:3096} INFO - Sync 1 DAGs
[2025-08-19T03:24:23.689+0000] {logging_mixin.py:188} INFO - [2025-08-19T03:24:23.689+0000] {dag.py:3954} INFO - Setting next_dagrun for example_python_decorator to None, run_after=None
[2025-08-19T03:24:23.712+0000] {processor.py:183} INFO - Processing /home/airflow/.local/lib/python3.12/site-packages/airflow/example_dags/example_python_decorator.py took 0.085 seconds
[2025-08-19T03:24:54.254+0000] {processor.py:161} INFO - Started process (PID=23800) to work on /home/airflow/.local/lib/python3.12/site-packages/airflow/example_dags/example_python_decorator.py
[2025-08-19T03:24:54.255+0000] {processor.py:830} INFO - Processing file /home/airflow/.local/lib/python3.12/site-packages/airflow/example_dags/example_python_decorator.py for tasks to queue
[2025-08-19T03:24:54.256+0000] {logging_mixin.py:188} INFO - [2025-08-19T03:24:54.256+0000] {dagbag.py:545} INFO - Filling up the DagBag from /home/airflow/.local/lib/python3.12/site-packages/airflow/example_dags/example_python_decorator.py
[2025-08-19T03:24:54.270+0000] {processor.py:840} INFO - DAG(s) 'example_python_decorator' retrieved from /home/airflow/.local/lib/python3.12/site-packages/airflow/example_dags/example_python_decorator.py
[2025-08-19T03:24:54.302+0000] {logging_mixin.py:188} INFO - [2025-08-19T03:24:54.302+0000] {dag.py:3096} INFO - Sync 1 DAGs
[2025-08-19T03:24:54.316+0000] {logging_mixin.py:188} INFO - [2025-08-19T03:24:54.316+0000] {dag.py:3954} INFO - Setting next_dagrun for example_python_decorator to None, run_after=None
[2025-08-19T03:24:54.340+0000] {processor.py:183} INFO - Processing /home/airflow/.local/lib/python3.12/site-packages/airflow/example_dags/example_python_decorator.py took 0.094 seconds
[2025-08-19T03:25:24.976+0000] {processor.py:161} INFO - Started process (PID=23853) to work on /home/airflow/.local/lib/python3.12/site-packages/airflow/example_dags/example_python_decorator.py
[2025-08-19T03:25:24.978+0000] {processor.py:830} INFO - Processing file /home/airflow/.local/lib/python3.12/site-packages/airflow/example_dags/example_python_decorator.py for tasks to queue
[2025-08-19T03:25:24.979+0000] {logging_mixin.py:188} INFO - [2025-08-19T03:25:24.979+0000] {dagbag.py:545} INFO - Filling up the DagBag from /home/airflow/.local/lib/python3.12/site-packages/airflow/example_dags/example_python_decorator.py
[2025-08-19T03:25:24.994+0000] {processor.py:840} INFO - DAG(s) 'example_python_decorator' retrieved from /home/airflow/.local/lib/python3.12/site-packages/airflow/example_dags/example_python_decorator.py
[2025-08-19T03:25:25.020+0000] {logging_mixin.py:188} INFO - [2025-08-19T03:25:25.020+0000] {dag.py:3096} INFO - Sync 1 DAGs
[2025-08-19T03:25:25.033+0000] {logging_mixin.py:188} INFO - [2025-08-19T03:25:25.033+0000] {dag.py:3954} INFO - Setting next_dagrun for example_python_decorator to None, run_after=None
[2025-08-19T03:25:25.056+0000] {processor.py:183} INFO - Processing /home/airflow/.local/lib/python3.12/site-packages/airflow/example_dags/example_python_decorator.py took 0.086 seconds
[2025-08-19T03:25:55.395+0000] {processor.py:161} INFO - Started process (PID=23906) to work on /home/airflow/.local/lib/python3.12/site-packages/airflow/example_dags/example_python_decorator.py
[2025-08-19T03:25:55.397+0000] {processor.py:830} INFO - Processing file /home/airflow/.local/lib/python3.12/site-packages/airflow/example_dags/example_python_decorator.py for tasks to queue
[2025-08-19T03:25:55.399+0000] {logging_mixin.py:188} INFO - [2025-08-19T03:25:55.398+0000] {dagbag.py:545} INFO - Filling up the DagBag from /home/airflow/.local/lib/python3.12/site-packages/airflow/example_dags/example_python_decorator.py
[2025-08-19T03:25:55.415+0000] {processor.py:840} INFO - DAG(s) 'example_python_decorator' retrieved from /home/airflow/.local/lib/python3.12/site-packages/airflow/example_dags/example_python_decorator.py
[2025-08-19T03:25:55.438+0000] {logging_mixin.py:188} INFO - [2025-08-19T03:25:55.438+0000] {dag.py:3096} INFO - Sync 1 DAGs
[2025-08-19T03:25:55.451+0000] {logging_mixin.py:188} INFO - [2025-08-19T03:25:55.451+0000] {dag.py:3954} INFO - Setting next_dagrun for example_python_decorator to None, run_after=None
[2025-08-19T03:25:55.474+0000] {processor.py:183} INFO - Processing /home/airflow/.local/lib/python3.12/site-packages/airflow/example_dags/example_python_decorator.py took 0.088 seconds
[2025-08-19T03:26:25.806+0000] {processor.py:161} INFO - Started process (PID=23959) to work on /home/airflow/.local/lib/python3.12/site-packages/airflow/example_dags/example_python_decorator.py
[2025-08-19T03:26:25.808+0000] {processor.py:830} INFO - Processing file /home/airflow/.local/lib/python3.12/site-packages/airflow/example_dags/example_python_decorator.py for tasks to queue
[2025-08-19T03:26:25.810+0000] {logging_mixin.py:188} INFO - [2025-08-19T03:26:25.809+0000] {dagbag.py:545} INFO - Filling up the DagBag from /home/airflow/.local/lib/python3.12/site-packages/airflow/example_dags/example_python_decorator.py
[2025-08-19T03:26:25.829+0000] {processor.py:840} INFO - DAG(s) 'example_python_decorator' retrieved from /home/airflow/.local/lib/python3.12/site-packages/airflow/example_dags/example_python_decorator.py
[2025-08-19T03:26:25.856+0000] {logging_mixin.py:188} INFO - [2025-08-19T03:26:25.856+0000] {dag.py:3096} INFO - Sync 1 DAGs
[2025-08-19T03:26:25.870+0000] {logging_mixin.py:188} INFO - [2025-08-19T03:26:25.870+0000] {dag.py:3954} INFO - Setting next_dagrun for example_python_decorator to None, run_after=None
[2025-08-19T03:26:25.893+0000] {processor.py:183} INFO - Processing /home/airflow/.local/lib/python3.12/site-packages/airflow/example_dags/example_python_decorator.py took 0.095 seconds
[2025-08-19T03:26:56.105+0000] {processor.py:161} INFO - Started process (PID=24012) to work on /home/airflow/.local/lib/python3.12/site-packages/airflow/example_dags/example_python_decorator.py
[2025-08-19T03:26:56.106+0000] {processor.py:830} INFO - Processing file /home/airflow/.local/lib/python3.12/site-packages/airflow/example_dags/example_python_decorator.py for tasks to queue
[2025-08-19T03:26:56.108+0000] {logging_mixin.py:188} INFO - [2025-08-19T03:26:56.107+0000] {dagbag.py:545} INFO - Filling up the DagBag from /home/airflow/.local/lib/python3.12/site-packages/airflow/example_dags/example_python_decorator.py
[2025-08-19T03:26:56.122+0000] {processor.py:840} INFO - DAG(s) 'example_python_decorator' retrieved from /home/airflow/.local/lib/python3.12/site-packages/airflow/example_dags/example_python_decorator.py
[2025-08-19T03:26:56.145+0000] {logging_mixin.py:188} INFO - [2025-08-19T03:26:56.145+0000] {dag.py:3096} INFO - Sync 1 DAGs
[2025-08-19T03:26:56.158+0000] {logging_mixin.py:188} INFO - [2025-08-19T03:26:56.158+0000] {dag.py:3954} INFO - Setting next_dagrun for example_python_decorator to None, run_after=None
[2025-08-19T03:26:56.182+0000] {processor.py:183} INFO - Processing /home/airflow/.local/lib/python3.12/site-packages/airflow/example_dags/example_python_decorator.py took 0.084 seconds
[2025-08-19T03:27:26.542+0000] {processor.py:161} INFO - Started process (PID=24065) to work on /home/airflow/.local/lib/python3.12/site-packages/airflow/example_dags/example_python_decorator.py
[2025-08-19T03:27:26.544+0000] {processor.py:830} INFO - Processing file /home/airflow/.local/lib/python3.12/site-packages/airflow/example_dags/example_python_decorator.py for tasks to queue
[2025-08-19T03:27:26.545+0000] {logging_mixin.py:188} INFO - [2025-08-19T03:27:26.544+0000] {dagbag.py:545} INFO - Filling up the DagBag from /home/airflow/.local/lib/python3.12/site-packages/airflow/example_dags/example_python_decorator.py
[2025-08-19T03:27:26.558+0000] {processor.py:840} INFO - DAG(s) 'example_python_decorator' retrieved from /home/airflow/.local/lib/python3.12/site-packages/airflow/example_dags/example_python_decorator.py
[2025-08-19T03:27:26.582+0000] {logging_mixin.py:188} INFO - [2025-08-19T03:27:26.582+0000] {dag.py:3096} INFO - Sync 1 DAGs
[2025-08-19T03:27:26.594+0000] {logging_mixin.py:188} INFO - [2025-08-19T03:27:26.594+0000] {dag.py:3954} INFO - Setting next_dagrun for example_python_decorator to None, run_after=None
[2025-08-19T03:27:26.617+0000] {processor.py:183} INFO - Processing /home/airflow/.local/lib/python3.12/site-packages/airflow/example_dags/example_python_decorator.py took 0.081 seconds
[2025-08-19T03:27:57.067+0000] {processor.py:161} INFO - Started process (PID=24118) to work on /home/airflow/.local/lib/python3.12/site-packages/airflow/example_dags/example_python_decorator.py
[2025-08-19T03:27:57.068+0000] {processor.py:830} INFO - Processing file /home/airflow/.local/lib/python3.12/site-packages/airflow/example_dags/example_python_decorator.py for tasks to queue
[2025-08-19T03:27:57.070+0000] {logging_mixin.py:188} INFO - [2025-08-19T03:27:57.069+0000] {dagbag.py:545} INFO - Filling up the DagBag from /home/airflow/.local/lib/python3.12/site-packages/airflow/example_dags/example_python_decorator.py
[2025-08-19T03:27:57.084+0000] {processor.py:840} INFO - DAG(s) 'example_python_decorator' retrieved from /home/airflow/.local/lib/python3.12/site-packages/airflow/example_dags/example_python_decorator.py
[2025-08-19T03:27:57.108+0000] {logging_mixin.py:188} INFO - [2025-08-19T03:27:57.108+0000] {dag.py:3096} INFO - Sync 1 DAGs
[2025-08-19T03:27:57.121+0000] {logging_mixin.py:188} INFO - [2025-08-19T03:27:57.120+0000] {dag.py:3954} INFO - Setting next_dagrun for example_python_decorator to None, run_after=None
[2025-08-19T03:27:57.145+0000] {processor.py:183} INFO - Processing /home/airflow/.local/lib/python3.12/site-packages/airflow/example_dags/example_python_decorator.py took 0.084 seconds
[2025-08-19T03:28:27.593+0000] {processor.py:161} INFO - Started process (PID=24171) to work on /home/airflow/.local/lib/python3.12/site-packages/airflow/example_dags/example_python_decorator.py
[2025-08-19T03:28:27.594+0000] {processor.py:830} INFO - Processing file /home/airflow/.local/lib/python3.12/site-packages/airflow/example_dags/example_python_decorator.py for tasks to queue
[2025-08-19T03:28:27.595+0000] {logging_mixin.py:188} INFO - [2025-08-19T03:28:27.595+0000] {dagbag.py:545} INFO - Filling up the DagBag from /home/airflow/.local/lib/python3.12/site-packages/airflow/example_dags/example_python_decorator.py
[2025-08-19T03:28:27.610+0000] {processor.py:840} INFO - DAG(s) 'example_python_decorator' retrieved from /home/airflow/.local/lib/python3.12/site-packages/airflow/example_dags/example_python_decorator.py
[2025-08-19T03:28:27.634+0000] {logging_mixin.py:188} INFO - [2025-08-19T03:28:27.634+0000] {dag.py:3096} INFO - Sync 1 DAGs
[2025-08-19T03:28:27.647+0000] {logging_mixin.py:188} INFO - [2025-08-19T03:28:27.647+0000] {dag.py:3954} INFO - Setting next_dagrun for example_python_decorator to None, run_after=None
[2025-08-19T03:28:27.669+0000] {processor.py:183} INFO - Processing /home/airflow/.local/lib/python3.12/site-packages/airflow/example_dags/example_python_decorator.py took 0.084 seconds
[2025-08-19T03:28:57.955+0000] {processor.py:161} INFO - Started process (PID=24224) to work on /home/airflow/.local/lib/python3.12/site-packages/airflow/example_dags/example_python_decorator.py
[2025-08-19T03:28:57.956+0000] {processor.py:830} INFO - Processing file /home/airflow/.local/lib/python3.12/site-packages/airflow/example_dags/example_python_decorator.py for tasks to queue
[2025-08-19T03:28:57.958+0000] {logging_mixin.py:188} INFO - [2025-08-19T03:28:57.957+0000] {dagbag.py:545} INFO - Filling up the DagBag from /home/airflow/.local/lib/python3.12/site-packages/airflow/example_dags/example_python_decorator.py
[2025-08-19T03:28:57.971+0000] {processor.py:840} INFO - DAG(s) 'example_python_decorator' retrieved from /home/airflow/.local/lib/python3.12/site-packages/airflow/example_dags/example_python_decorator.py
[2025-08-19T03:28:57.996+0000] {logging_mixin.py:188} INFO - [2025-08-19T03:28:57.995+0000] {dag.py:3096} INFO - Sync 1 DAGs
[2025-08-19T03:28:58.009+0000] {logging_mixin.py:188} INFO - [2025-08-19T03:28:58.008+0000] {dag.py:3954} INFO - Setting next_dagrun for example_python_decorator to None, run_after=None
[2025-08-19T03:28:58.032+0000] {processor.py:183} INFO - Processing /home/airflow/.local/lib/python3.12/site-packages/airflow/example_dags/example_python_decorator.py took 0.084 seconds
[2025-08-19T03:29:28.303+0000] {processor.py:161} INFO - Started process (PID=24277) to work on /home/airflow/.local/lib/python3.12/site-packages/airflow/example_dags/example_python_decorator.py
[2025-08-19T03:29:28.304+0000] {processor.py:830} INFO - Processing file /home/airflow/.local/lib/python3.12/site-packages/airflow/example_dags/example_python_decorator.py for tasks to queue
[2025-08-19T03:29:28.306+0000] {logging_mixin.py:188} INFO - [2025-08-19T03:29:28.305+0000] {dagbag.py:545} INFO - Filling up the DagBag from /home/airflow/.local/lib/python3.12/site-packages/airflow/example_dags/example_python_decorator.py
[2025-08-19T03:29:28.319+0000] {processor.py:840} INFO - DAG(s) 'example_python_decorator' retrieved from /home/airflow/.local/lib/python3.12/site-packages/airflow/example_dags/example_python_decorator.py
[2025-08-19T03:29:28.343+0000] {logging_mixin.py:188} INFO - [2025-08-19T03:29:28.343+0000] {dag.py:3096} INFO - Sync 1 DAGs
[2025-08-19T03:29:28.356+0000] {logging_mixin.py:188} INFO - [2025-08-19T03:29:28.356+0000] {dag.py:3954} INFO - Setting next_dagrun for example_python_decorator to None, run_after=None
[2025-08-19T03:29:28.387+0000] {processor.py:183} INFO - Processing /home/airflow/.local/lib/python3.12/site-packages/airflow/example_dags/example_python_decorator.py took 0.090 seconds
[2025-08-19T03:29:58.781+0000] {processor.py:161} INFO - Started process (PID=24330) to work on /home/airflow/.local/lib/python3.12/site-packages/airflow/example_dags/example_python_decorator.py
[2025-08-19T03:29:58.782+0000] {processor.py:830} INFO - Processing file /home/airflow/.local/lib/python3.12/site-packages/airflow/example_dags/example_python_decorator.py for tasks to queue
[2025-08-19T03:29:58.783+0000] {logging_mixin.py:188} INFO - [2025-08-19T03:29:58.783+0000] {dagbag.py:545} INFO - Filling up the DagBag from /home/airflow/.local/lib/python3.12/site-packages/airflow/example_dags/example_python_decorator.py
[2025-08-19T03:29:58.798+0000] {processor.py:840} INFO - DAG(s) 'example_python_decorator' retrieved from /home/airflow/.local/lib/python3.12/site-packages/airflow/example_dags/example_python_decorator.py
[2025-08-19T03:29:58.824+0000] {logging_mixin.py:188} INFO - [2025-08-19T03:29:58.824+0000] {dag.py:3096} INFO - Sync 1 DAGs
[2025-08-19T03:29:58.836+0000] {logging_mixin.py:188} INFO - [2025-08-19T03:29:58.836+0000] {dag.py:3954} INFO - Setting next_dagrun for example_python_decorator to None, run_after=None
[2025-08-19T03:29:58.861+0000] {processor.py:183} INFO - Processing /home/airflow/.local/lib/python3.12/site-packages/airflow/example_dags/example_python_decorator.py took 0.087 seconds
[2025-08-19T03:30:29.165+0000] {processor.py:161} INFO - Started process (PID=24383) to work on /home/airflow/.local/lib/python3.12/site-packages/airflow/example_dags/example_python_decorator.py
[2025-08-19T03:30:29.167+0000] {processor.py:830} INFO - Processing file /home/airflow/.local/lib/python3.12/site-packages/airflow/example_dags/example_python_decorator.py for tasks to queue
[2025-08-19T03:30:29.168+0000] {logging_mixin.py:188} INFO - [2025-08-19T03:30:29.168+0000] {dagbag.py:545} INFO - Filling up the DagBag from /home/airflow/.local/lib/python3.12/site-packages/airflow/example_dags/example_python_decorator.py
[2025-08-19T03:30:29.182+0000] {processor.py:840} INFO - DAG(s) 'example_python_decorator' retrieved from /home/airflow/.local/lib/python3.12/site-packages/airflow/example_dags/example_python_decorator.py
[2025-08-19T03:30:29.209+0000] {logging_mixin.py:188} INFO - [2025-08-19T03:30:29.209+0000] {dag.py:3096} INFO - Sync 1 DAGs
[2025-08-19T03:30:29.222+0000] {logging_mixin.py:188} INFO - [2025-08-19T03:30:29.222+0000] {dag.py:3954} INFO - Setting next_dagrun for example_python_decorator to None, run_after=None
[2025-08-19T03:30:29.244+0000] {processor.py:183} INFO - Processing /home/airflow/.local/lib/python3.12/site-packages/airflow/example_dags/example_python_decorator.py took 0.088 seconds
[2025-08-19T03:30:59.960+0000] {processor.py:161} INFO - Started process (PID=24436) to work on /home/airflow/.local/lib/python3.12/site-packages/airflow/example_dags/example_python_decorator.py
[2025-08-19T03:30:59.962+0000] {processor.py:830} INFO - Processing file /home/airflow/.local/lib/python3.12/site-packages/airflow/example_dags/example_python_decorator.py for tasks to queue
[2025-08-19T03:30:59.963+0000] {logging_mixin.py:188} INFO - [2025-08-19T03:30:59.963+0000] {dagbag.py:545} INFO - Filling up the DagBag from /home/airflow/.local/lib/python3.12/site-packages/airflow/example_dags/example_python_decorator.py
[2025-08-19T03:30:59.977+0000] {processor.py:840} INFO - DAG(s) 'example_python_decorator' retrieved from /home/airflow/.local/lib/python3.12/site-packages/airflow/example_dags/example_python_decorator.py
[2025-08-19T03:31:00.003+0000] {logging_mixin.py:188} INFO - [2025-08-19T03:31:00.003+0000] {dag.py:3096} INFO - Sync 1 DAGs
[2025-08-19T03:31:00.020+0000] {logging_mixin.py:188} INFO - [2025-08-19T03:31:00.020+0000] {dag.py:3954} INFO - Setting next_dagrun for example_python_decorator to None, run_after=None
[2025-08-19T03:31:00.049+0000] {processor.py:183} INFO - Processing /home/airflow/.local/lib/python3.12/site-packages/airflow/example_dags/example_python_decorator.py took 0.096 seconds
[2025-08-19T03:31:30.274+0000] {processor.py:161} INFO - Started process (PID=24489) to work on /home/airflow/.local/lib/python3.12/site-packages/airflow/example_dags/example_python_decorator.py
[2025-08-19T03:31:30.276+0000] {processor.py:830} INFO - Processing file /home/airflow/.local/lib/python3.12/site-packages/airflow/example_dags/example_python_decorator.py for tasks to queue
[2025-08-19T03:31:30.277+0000] {logging_mixin.py:188} INFO - [2025-08-19T03:31:30.276+0000] {dagbag.py:545} INFO - Filling up the DagBag from /home/airflow/.local/lib/python3.12/site-packages/airflow/example_dags/example_python_decorator.py
[2025-08-19T03:31:30.292+0000] {processor.py:840} INFO - DAG(s) 'example_python_decorator' retrieved from /home/airflow/.local/lib/python3.12/site-packages/airflow/example_dags/example_python_decorator.py
[2025-08-19T03:31:30.317+0000] {logging_mixin.py:188} INFO - [2025-08-19T03:31:30.317+0000] {dag.py:3096} INFO - Sync 1 DAGs
[2025-08-19T03:31:30.330+0000] {logging_mixin.py:188} INFO - [2025-08-19T03:31:30.330+0000] {dag.py:3954} INFO - Setting next_dagrun for example_python_decorator to None, run_after=None
[2025-08-19T03:31:30.350+0000] {processor.py:183} INFO - Processing /home/airflow/.local/lib/python3.12/site-packages/airflow/example_dags/example_python_decorator.py took 0.083 seconds
[2025-08-19T03:32:00.423+0000] {processor.py:161} INFO - Started process (PID=24542) to work on /home/airflow/.local/lib/python3.12/site-packages/airflow/example_dags/example_python_decorator.py
[2025-08-19T03:32:00.425+0000] {processor.py:830} INFO - Processing file /home/airflow/.local/lib/python3.12/site-packages/airflow/example_dags/example_python_decorator.py for tasks to queue
[2025-08-19T03:32:00.426+0000] {logging_mixin.py:188} INFO - [2025-08-19T03:32:00.426+0000] {dagbag.py:545} INFO - Filling up the DagBag from /home/airflow/.local/lib/python3.12/site-packages/airflow/example_dags/example_python_decorator.py
[2025-08-19T03:32:00.440+0000] {processor.py:840} INFO - DAG(s) 'example_python_decorator' retrieved from /home/airflow/.local/lib/python3.12/site-packages/airflow/example_dags/example_python_decorator.py
[2025-08-19T03:32:00.467+0000] {logging_mixin.py:188} INFO - [2025-08-19T03:32:00.467+0000] {dag.py:3096} INFO - Sync 1 DAGs
[2025-08-19T03:32:00.480+0000] {logging_mixin.py:188} INFO - [2025-08-19T03:32:00.480+0000] {dag.py:3954} INFO - Setting next_dagrun for example_python_decorator to None, run_after=None
[2025-08-19T03:32:00.505+0000] {processor.py:183} INFO - Processing /home/airflow/.local/lib/python3.12/site-packages/airflow/example_dags/example_python_decorator.py took 0.088 seconds
[2025-08-19T03:32:31.481+0000] {processor.py:161} INFO - Started process (PID=24595) to work on /home/airflow/.local/lib/python3.12/site-packages/airflow/example_dags/example_python_decorator.py
[2025-08-19T03:32:31.482+0000] {processor.py:830} INFO - Processing file /home/airflow/.local/lib/python3.12/site-packages/airflow/example_dags/example_python_decorator.py for tasks to queue
[2025-08-19T03:32:31.484+0000] {logging_mixin.py:188} INFO - [2025-08-19T03:32:31.484+0000] {dagbag.py:545} INFO - Filling up the DagBag from /home/airflow/.local/lib/python3.12/site-packages/airflow/example_dags/example_python_decorator.py
[2025-08-19T03:32:31.498+0000] {processor.py:840} INFO - DAG(s) 'example_python_decorator' retrieved from /home/airflow/.local/lib/python3.12/site-packages/airflow/example_dags/example_python_decorator.py
[2025-08-19T03:32:31.522+0000] {logging_mixin.py:188} INFO - [2025-08-19T03:32:31.522+0000] {dag.py:3096} INFO - Sync 1 DAGs
[2025-08-19T03:32:31.536+0000] {logging_mixin.py:188} INFO - [2025-08-19T03:32:31.535+0000] {dag.py:3954} INFO - Setting next_dagrun for example_python_decorator to None, run_after=None
[2025-08-19T03:32:31.560+0000] {processor.py:183} INFO - Processing /home/airflow/.local/lib/python3.12/site-packages/airflow/example_dags/example_python_decorator.py took 0.086 seconds
[2025-08-19T03:33:02.274+0000] {processor.py:161} INFO - Started process (PID=24648) to work on /home/airflow/.local/lib/python3.12/site-packages/airflow/example_dags/example_python_decorator.py
[2025-08-19T03:33:02.276+0000] {processor.py:830} INFO - Processing file /home/airflow/.local/lib/python3.12/site-packages/airflow/example_dags/example_python_decorator.py for tasks to queue
[2025-08-19T03:33:02.279+0000] {logging_mixin.py:188} INFO - [2025-08-19T03:33:02.278+0000] {dagbag.py:545} INFO - Filling up the DagBag from /home/airflow/.local/lib/python3.12/site-packages/airflow/example_dags/example_python_decorator.py
[2025-08-19T03:33:02.307+0000] {processor.py:840} INFO - DAG(s) 'example_python_decorator' retrieved from /home/airflow/.local/lib/python3.12/site-packages/airflow/example_dags/example_python_decorator.py
[2025-08-19T03:33:02.369+0000] {logging_mixin.py:188} INFO - [2025-08-19T03:33:02.368+0000] {dag.py:3096} INFO - Sync 1 DAGs
[2025-08-19T03:33:02.411+0000] {logging_mixin.py:188} INFO - [2025-08-19T03:33:02.411+0000] {dag.py:3954} INFO - Setting next_dagrun for example_python_decorator to None, run_after=None
[2025-08-19T03:33:02.475+0000] {processor.py:183} INFO - Processing /home/airflow/.local/lib/python3.12/site-packages/airflow/example_dags/example_python_decorator.py took 0.219 seconds
[2025-08-19T03:33:36.503+0000] {processor.py:161} INFO - Started process (PID=24701) to work on /home/airflow/.local/lib/python3.12/site-packages/airflow/example_dags/example_python_decorator.py
[2025-08-19T03:33:36.508+0000] {processor.py:830} INFO - Processing file /home/airflow/.local/lib/python3.12/site-packages/airflow/example_dags/example_python_decorator.py for tasks to queue
[2025-08-19T03:33:36.513+0000] {logging_mixin.py:188} INFO - [2025-08-19T03:33:36.512+0000] {dagbag.py:545} INFO - Filling up the DagBag from /home/airflow/.local/lib/python3.12/site-packages/airflow/example_dags/example_python_decorator.py
[2025-08-19T03:33:36.591+0000] {processor.py:840} INFO - DAG(s) 'example_python_decorator' retrieved from /home/airflow/.local/lib/python3.12/site-packages/airflow/example_dags/example_python_decorator.py
[2025-08-19T03:33:36.770+0000] {logging_mixin.py:188} INFO - [2025-08-19T03:33:36.769+0000] {dag.py:3096} INFO - Sync 1 DAGs
[2025-08-19T03:33:36.894+0000] {logging_mixin.py:188} INFO - [2025-08-19T03:33:36.893+0000] {dag.py:3954} INFO - Setting next_dagrun for example_python_decorator to None, run_after=None
[2025-08-19T03:33:37.089+0000] {processor.py:183} INFO - Processing /home/airflow/.local/lib/python3.12/site-packages/airflow/example_dags/example_python_decorator.py took 0.624 seconds
[2025-08-19T03:34:07.759+0000] {processor.py:161} INFO - Started process (PID=24754) to work on /home/airflow/.local/lib/python3.12/site-packages/airflow/example_dags/example_python_decorator.py
[2025-08-19T03:34:07.761+0000] {processor.py:830} INFO - Processing file /home/airflow/.local/lib/python3.12/site-packages/airflow/example_dags/example_python_decorator.py for tasks to queue
[2025-08-19T03:34:07.762+0000] {logging_mixin.py:188} INFO - [2025-08-19T03:34:07.762+0000] {dagbag.py:545} INFO - Filling up the DagBag from /home/airflow/.local/lib/python3.12/site-packages/airflow/example_dags/example_python_decorator.py
[2025-08-19T03:34:07.778+0000] {processor.py:840} INFO - DAG(s) 'example_python_decorator' retrieved from /home/airflow/.local/lib/python3.12/site-packages/airflow/example_dags/example_python_decorator.py
[2025-08-19T03:34:07.804+0000] {logging_mixin.py:188} INFO - [2025-08-19T03:34:07.804+0000] {dag.py:3096} INFO - Sync 1 DAGs
[2025-08-19T03:34:07.822+0000] {logging_mixin.py:188} INFO - [2025-08-19T03:34:07.821+0000] {dag.py:3954} INFO - Setting next_dagrun for example_python_decorator to None, run_after=None
[2025-08-19T03:34:07.849+0000] {processor.py:183} INFO - Processing /home/airflow/.local/lib/python3.12/site-packages/airflow/example_dags/example_python_decorator.py took 0.097 seconds
[2025-08-19T03:34:38.384+0000] {processor.py:161} INFO - Started process (PID=24807) to work on /home/airflow/.local/lib/python3.12/site-packages/airflow/example_dags/example_python_decorator.py
[2025-08-19T03:34:38.386+0000] {processor.py:830} INFO - Processing file /home/airflow/.local/lib/python3.12/site-packages/airflow/example_dags/example_python_decorator.py for tasks to queue
[2025-08-19T03:34:38.387+0000] {logging_mixin.py:188} INFO - [2025-08-19T03:34:38.387+0000] {dagbag.py:545} INFO - Filling up the DagBag from /home/airflow/.local/lib/python3.12/site-packages/airflow/example_dags/example_python_decorator.py
[2025-08-19T03:34:38.403+0000] {processor.py:840} INFO - DAG(s) 'example_python_decorator' retrieved from /home/airflow/.local/lib/python3.12/site-packages/airflow/example_dags/example_python_decorator.py
[2025-08-19T03:34:38.429+0000] {logging_mixin.py:188} INFO - [2025-08-19T03:34:38.429+0000] {dag.py:3096} INFO - Sync 1 DAGs
[2025-08-19T03:34:38.442+0000] {logging_mixin.py:188} INFO - [2025-08-19T03:34:38.441+0000] {dag.py:3954} INFO - Setting next_dagrun for example_python_decorator to None, run_after=None
[2025-08-19T03:34:38.496+0000] {processor.py:183} INFO - Processing /home/airflow/.local/lib/python3.12/site-packages/airflow/example_dags/example_python_decorator.py took 0.123 seconds
[2025-08-19T03:35:08.585+0000] {processor.py:161} INFO - Started process (PID=24860) to work on /home/airflow/.local/lib/python3.12/site-packages/airflow/example_dags/example_python_decorator.py
[2025-08-19T03:35:08.587+0000] {processor.py:830} INFO - Processing file /home/airflow/.local/lib/python3.12/site-packages/airflow/example_dags/example_python_decorator.py for tasks to queue
[2025-08-19T03:35:08.589+0000] {logging_mixin.py:188} INFO - [2025-08-19T03:35:08.589+0000] {dagbag.py:545} INFO - Filling up the DagBag from /home/airflow/.local/lib/python3.12/site-packages/airflow/example_dags/example_python_decorator.py
[2025-08-19T03:35:08.606+0000] {processor.py:840} INFO - DAG(s) 'example_python_decorator' retrieved from /home/airflow/.local/lib/python3.12/site-packages/airflow/example_dags/example_python_decorator.py
[2025-08-19T03:35:08.637+0000] {logging_mixin.py:188} INFO - [2025-08-19T03:35:08.637+0000] {dag.py:3096} INFO - Sync 1 DAGs
[2025-08-19T03:35:08.652+0000] {logging_mixin.py:188} INFO - [2025-08-19T03:35:08.652+0000] {dag.py:3954} INFO - Setting next_dagrun for example_python_decorator to None, run_after=None
[2025-08-19T03:35:08.681+0000] {processor.py:183} INFO - Processing /home/airflow/.local/lib/python3.12/site-packages/airflow/example_dags/example_python_decorator.py took 0.103 seconds
[2025-08-19T03:35:39.245+0000] {processor.py:161} INFO - Started process (PID=24913) to work on /home/airflow/.local/lib/python3.12/site-packages/airflow/example_dags/example_python_decorator.py
[2025-08-19T03:35:39.246+0000] {processor.py:830} INFO - Processing file /home/airflow/.local/lib/python3.12/site-packages/airflow/example_dags/example_python_decorator.py for tasks to queue
[2025-08-19T03:35:39.248+0000] {logging_mixin.py:188} INFO - [2025-08-19T03:35:39.247+0000] {dagbag.py:545} INFO - Filling up the DagBag from /home/airflow/.local/lib/python3.12/site-packages/airflow/example_dags/example_python_decorator.py
[2025-08-19T03:35:39.262+0000] {processor.py:840} INFO - DAG(s) 'example_python_decorator' retrieved from /home/airflow/.local/lib/python3.12/site-packages/airflow/example_dags/example_python_decorator.py
[2025-08-19T03:35:39.291+0000] {logging_mixin.py:188} INFO - [2025-08-19T03:35:39.291+0000] {dag.py:3096} INFO - Sync 1 DAGs
[2025-08-19T03:35:39.316+0000] {logging_mixin.py:188} INFO - [2025-08-19T03:35:39.314+0000] {dag.py:3954} INFO - Setting next_dagrun for example_python_decorator to None, run_after=None
[2025-08-19T03:35:39.358+0000] {processor.py:183} INFO - Processing /home/airflow/.local/lib/python3.12/site-packages/airflow/example_dags/example_python_decorator.py took 0.120 seconds
[2025-08-19T03:36:09.734+0000] {processor.py:161} INFO - Started process (PID=24966) to work on /home/airflow/.local/lib/python3.12/site-packages/airflow/example_dags/example_python_decorator.py
[2025-08-19T03:36:09.736+0000] {processor.py:830} INFO - Processing file /home/airflow/.local/lib/python3.12/site-packages/airflow/example_dags/example_python_decorator.py for tasks to queue
[2025-08-19T03:36:09.738+0000] {logging_mixin.py:188} INFO - [2025-08-19T03:36:09.738+0000] {dagbag.py:545} INFO - Filling up the DagBag from /home/airflow/.local/lib/python3.12/site-packages/airflow/example_dags/example_python_decorator.py
[2025-08-19T03:36:09.755+0000] {processor.py:840} INFO - DAG(s) 'example_python_decorator' retrieved from /home/airflow/.local/lib/python3.12/site-packages/airflow/example_dags/example_python_decorator.py
[2025-08-19T03:36:09.781+0000] {logging_mixin.py:188} INFO - [2025-08-19T03:36:09.781+0000] {dag.py:3096} INFO - Sync 1 DAGs
[2025-08-19T03:36:09.798+0000] {logging_mixin.py:188} INFO - [2025-08-19T03:36:09.797+0000] {dag.py:3954} INFO - Setting next_dagrun for example_python_decorator to None, run_after=None
[2025-08-19T03:36:09.828+0000] {processor.py:183} INFO - Processing /home/airflow/.local/lib/python3.12/site-packages/airflow/example_dags/example_python_decorator.py took 0.102 seconds
[2025-08-19T03:36:40.029+0000] {processor.py:161} INFO - Started process (PID=25019) to work on /home/airflow/.local/lib/python3.12/site-packages/airflow/example_dags/example_python_decorator.py
[2025-08-19T03:36:40.030+0000] {processor.py:830} INFO - Processing file /home/airflow/.local/lib/python3.12/site-packages/airflow/example_dags/example_python_decorator.py for tasks to queue
[2025-08-19T03:36:40.032+0000] {logging_mixin.py:188} INFO - [2025-08-19T03:36:40.032+0000] {dagbag.py:545} INFO - Filling up the DagBag from /home/airflow/.local/lib/python3.12/site-packages/airflow/example_dags/example_python_decorator.py
[2025-08-19T03:36:40.049+0000] {processor.py:840} INFO - DAG(s) 'example_python_decorator' retrieved from /home/airflow/.local/lib/python3.12/site-packages/airflow/example_dags/example_python_decorator.py
[2025-08-19T03:36:40.078+0000] {logging_mixin.py:188} INFO - [2025-08-19T03:36:40.078+0000] {dag.py:3096} INFO - Sync 1 DAGs
[2025-08-19T03:36:40.094+0000] {logging_mixin.py:188} INFO - [2025-08-19T03:36:40.094+0000] {dag.py:3954} INFO - Setting next_dagrun for example_python_decorator to None, run_after=None
[2025-08-19T03:36:40.124+0000] {processor.py:183} INFO - Processing /home/airflow/.local/lib/python3.12/site-packages/airflow/example_dags/example_python_decorator.py took 0.105 seconds
[2025-08-19T03:37:10.821+0000] {processor.py:161} INFO - Started process (PID=25072) to work on /home/airflow/.local/lib/python3.12/site-packages/airflow/example_dags/example_python_decorator.py
[2025-08-19T03:37:10.822+0000] {processor.py:830} INFO - Processing file /home/airflow/.local/lib/python3.12/site-packages/airflow/example_dags/example_python_decorator.py for tasks to queue
[2025-08-19T03:37:10.824+0000] {logging_mixin.py:188} INFO - [2025-08-19T03:37:10.823+0000] {dagbag.py:545} INFO - Filling up the DagBag from /home/airflow/.local/lib/python3.12/site-packages/airflow/example_dags/example_python_decorator.py
[2025-08-19T03:37:10.840+0000] {processor.py:840} INFO - DAG(s) 'example_python_decorator' retrieved from /home/airflow/.local/lib/python3.12/site-packages/airflow/example_dags/example_python_decorator.py
[2025-08-19T03:37:10.866+0000] {logging_mixin.py:188} INFO - [2025-08-19T03:37:10.866+0000] {dag.py:3096} INFO - Sync 1 DAGs
[2025-08-19T03:37:10.880+0000] {logging_mixin.py:188} INFO - [2025-08-19T03:37:10.880+0000] {dag.py:3954} INFO - Setting next_dagrun for example_python_decorator to None, run_after=None
[2025-08-19T03:37:10.908+0000] {processor.py:183} INFO - Processing /home/airflow/.local/lib/python3.12/site-packages/airflow/example_dags/example_python_decorator.py took 0.094 seconds
