[2025-08-19T03:10:04.899+0000] {processor.py:161} INFO - Started process (PID=22250) to work on /home/airflow/.local/lib/python3.12/site-packages/airflow/example_dags/example_branch_labels.py
[2025-08-19T03:10:04.901+0000] {processor.py:830} INFO - Processing file /home/airflow/.local/lib/python3.12/site-packages/airflow/example_dags/example_branch_labels.py for tasks to queue
[2025-08-19T03:10:04.903+0000] {logging_mixin.py:188} INFO - [2025-08-19T03:10:04.903+0000] {dagbag.py:545} INFO - Filling up the DagBag from /home/airflow/.local/lib/python3.12/site-packages/airflow/example_dags/example_branch_labels.py
[2025-08-19T03:10:04.922+0000] {processor.py:840} INFO - DAG(s) 'example_branch_labels' retrieved from /home/airflow/.local/lib/python3.12/site-packages/airflow/example_dags/example_branch_labels.py
[2025-08-19T03:10:04.978+0000] {logging_mixin.py:188} INFO - [2025-08-19T03:10:04.977+0000] {dag.py:3096} INFO - Sync 1 DAGs
[2025-08-19T03:10:05.037+0000] {logging_mixin.py:188} INFO - [2025-08-19T03:10:05.037+0000] {dag.py:3954} INFO - Setting next_dagrun for example_branch_labels to 2025-08-18 00:00:00+00:00, run_after=2025-08-19 00:00:00+00:00
[2025-08-19T03:10:05.077+0000] {processor.py:183} INFO - Processing /home/airflow/.local/lib/python3.12/site-packages/airflow/example_dags/example_branch_labels.py took 0.186 seconds
[2025-08-19T03:10:35.213+0000] {processor.py:161} INFO - Started process (PID=22303) to work on /home/airflow/.local/lib/python3.12/site-packages/airflow/example_dags/example_branch_labels.py
[2025-08-19T03:10:35.214+0000] {processor.py:830} INFO - Processing file /home/airflow/.local/lib/python3.12/site-packages/airflow/example_dags/example_branch_labels.py for tasks to queue
[2025-08-19T03:10:35.216+0000] {logging_mixin.py:188} INFO - [2025-08-19T03:10:35.216+0000] {dagbag.py:545} INFO - Filling up the DagBag from /home/airflow/.local/lib/python3.12/site-packages/airflow/example_dags/example_branch_labels.py
[2025-08-19T03:10:35.228+0000] {processor.py:840} INFO - DAG(s) 'example_branch_labels' retrieved from /home/airflow/.local/lib/python3.12/site-packages/airflow/example_dags/example_branch_labels.py
[2025-08-19T03:10:35.264+0000] {logging_mixin.py:188} INFO - [2025-08-19T03:10:35.263+0000] {dag.py:3096} INFO - Sync 1 DAGs
[2025-08-19T03:10:35.296+0000] {logging_mixin.py:188} INFO - [2025-08-19T03:10:35.296+0000] {dag.py:3954} INFO - Setting next_dagrun for example_branch_labels to 2025-08-18 00:00:00+00:00, run_after=2025-08-19 00:00:00+00:00
[2025-08-19T03:10:35.326+0000] {processor.py:183} INFO - Processing /home/airflow/.local/lib/python3.12/site-packages/airflow/example_dags/example_branch_labels.py took 0.123 seconds
[2025-08-19T03:11:05.700+0000] {processor.py:161} INFO - Started process (PID=22356) to work on /home/airflow/.local/lib/python3.12/site-packages/airflow/example_dags/example_branch_labels.py
[2025-08-19T03:11:05.702+0000] {processor.py:830} INFO - Processing file /home/airflow/.local/lib/python3.12/site-packages/airflow/example_dags/example_branch_labels.py for tasks to queue
[2025-08-19T03:11:05.703+0000] {logging_mixin.py:188} INFO - [2025-08-19T03:11:05.703+0000] {dagbag.py:545} INFO - Filling up the DagBag from /home/airflow/.local/lib/python3.12/site-packages/airflow/example_dags/example_branch_labels.py
[2025-08-19T03:11:05.712+0000] {processor.py:840} INFO - DAG(s) 'example_branch_labels' retrieved from /home/airflow/.local/lib/python3.12/site-packages/airflow/example_dags/example_branch_labels.py
[2025-08-19T03:11:05.736+0000] {logging_mixin.py:188} INFO - [2025-08-19T03:11:05.736+0000] {dag.py:3096} INFO - Sync 1 DAGs
[2025-08-19T03:11:05.761+0000] {logging_mixin.py:188} INFO - [2025-08-19T03:11:05.760+0000] {dag.py:3954} INFO - Setting next_dagrun for example_branch_labels to 2025-08-18 00:00:00+00:00, run_after=2025-08-19 00:00:00+00:00
[2025-08-19T03:11:05.784+0000] {processor.py:183} INFO - Processing /home/airflow/.local/lib/python3.12/site-packages/airflow/example_dags/example_branch_labels.py took 0.090 seconds
[2025-08-19T03:11:36.120+0000] {processor.py:161} INFO - Started process (PID=22409) to work on /home/airflow/.local/lib/python3.12/site-packages/airflow/example_dags/example_branch_labels.py
[2025-08-19T03:11:36.121+0000] {processor.py:830} INFO - Processing file /home/airflow/.local/lib/python3.12/site-packages/airflow/example_dags/example_branch_labels.py for tasks to queue
[2025-08-19T03:11:36.123+0000] {logging_mixin.py:188} INFO - [2025-08-19T03:11:36.122+0000] {dagbag.py:545} INFO - Filling up the DagBag from /home/airflow/.local/lib/python3.12/site-packages/airflow/example_dags/example_branch_labels.py
[2025-08-19T03:11:36.131+0000] {processor.py:840} INFO - DAG(s) 'example_branch_labels' retrieved from /home/airflow/.local/lib/python3.12/site-packages/airflow/example_dags/example_branch_labels.py
[2025-08-19T03:11:36.156+0000] {logging_mixin.py:188} INFO - [2025-08-19T03:11:36.155+0000] {dag.py:3096} INFO - Sync 1 DAGs
[2025-08-19T03:11:36.178+0000] {logging_mixin.py:188} INFO - [2025-08-19T03:11:36.178+0000] {dag.py:3954} INFO - Setting next_dagrun for example_branch_labels to 2025-08-18 00:00:00+00:00, run_after=2025-08-19 00:00:00+00:00
[2025-08-19T03:11:36.201+0000] {processor.py:183} INFO - Processing /home/airflow/.local/lib/python3.12/site-packages/airflow/example_dags/example_branch_labels.py took 0.088 seconds
[2025-08-19T03:12:06.599+0000] {processor.py:161} INFO - Started process (PID=22462) to work on /home/airflow/.local/lib/python3.12/site-packages/airflow/example_dags/example_branch_labels.py
[2025-08-19T03:12:06.601+0000] {processor.py:830} INFO - Processing file /home/airflow/.local/lib/python3.12/site-packages/airflow/example_dags/example_branch_labels.py for tasks to queue
[2025-08-19T03:12:06.602+0000] {logging_mixin.py:188} INFO - [2025-08-19T03:12:06.602+0000] {dagbag.py:545} INFO - Filling up the DagBag from /home/airflow/.local/lib/python3.12/site-packages/airflow/example_dags/example_branch_labels.py
[2025-08-19T03:12:06.612+0000] {processor.py:840} INFO - DAG(s) 'example_branch_labels' retrieved from /home/airflow/.local/lib/python3.12/site-packages/airflow/example_dags/example_branch_labels.py
[2025-08-19T03:12:06.639+0000] {logging_mixin.py:188} INFO - [2025-08-19T03:12:06.639+0000] {dag.py:3096} INFO - Sync 1 DAGs
[2025-08-19T03:12:06.666+0000] {logging_mixin.py:188} INFO - [2025-08-19T03:12:06.665+0000] {dag.py:3954} INFO - Setting next_dagrun for example_branch_labels to 2025-08-18 00:00:00+00:00, run_after=2025-08-19 00:00:00+00:00
[2025-08-19T03:12:06.692+0000] {processor.py:183} INFO - Processing /home/airflow/.local/lib/python3.12/site-packages/airflow/example_dags/example_branch_labels.py took 0.100 seconds
[2025-08-19T03:12:37.195+0000] {processor.py:161} INFO - Started process (PID=22515) to work on /home/airflow/.local/lib/python3.12/site-packages/airflow/example_dags/example_branch_labels.py
[2025-08-19T03:12:37.197+0000] {processor.py:830} INFO - Processing file /home/airflow/.local/lib/python3.12/site-packages/airflow/example_dags/example_branch_labels.py for tasks to queue
[2025-08-19T03:12:37.198+0000] {logging_mixin.py:188} INFO - [2025-08-19T03:12:37.197+0000] {dagbag.py:545} INFO - Filling up the DagBag from /home/airflow/.local/lib/python3.12/site-packages/airflow/example_dags/example_branch_labels.py
[2025-08-19T03:12:37.207+0000] {processor.py:840} INFO - DAG(s) 'example_branch_labels' retrieved from /home/airflow/.local/lib/python3.12/site-packages/airflow/example_dags/example_branch_labels.py
[2025-08-19T03:12:37.231+0000] {logging_mixin.py:188} INFO - [2025-08-19T03:12:37.230+0000] {dag.py:3096} INFO - Sync 1 DAGs
[2025-08-19T03:12:37.254+0000] {logging_mixin.py:188} INFO - [2025-08-19T03:12:37.254+0000] {dag.py:3954} INFO - Setting next_dagrun for example_branch_labels to 2025-08-18 00:00:00+00:00, run_after=2025-08-19 00:00:00+00:00
[2025-08-19T03:12:37.276+0000] {processor.py:183} INFO - Processing /home/airflow/.local/lib/python3.12/site-packages/airflow/example_dags/example_branch_labels.py took 0.087 seconds
[2025-08-19T03:13:07.832+0000] {processor.py:161} INFO - Started process (PID=22568) to work on /home/airflow/.local/lib/python3.12/site-packages/airflow/example_dags/example_branch_labels.py
[2025-08-19T03:13:07.834+0000] {processor.py:830} INFO - Processing file /home/airflow/.local/lib/python3.12/site-packages/airflow/example_dags/example_branch_labels.py for tasks to queue
[2025-08-19T03:13:07.835+0000] {logging_mixin.py:188} INFO - [2025-08-19T03:13:07.835+0000] {dagbag.py:545} INFO - Filling up the DagBag from /home/airflow/.local/lib/python3.12/site-packages/airflow/example_dags/example_branch_labels.py
[2025-08-19T03:13:07.843+0000] {processor.py:840} INFO - DAG(s) 'example_branch_labels' retrieved from /home/airflow/.local/lib/python3.12/site-packages/airflow/example_dags/example_branch_labels.py
[2025-08-19T03:13:07.867+0000] {logging_mixin.py:188} INFO - [2025-08-19T03:13:07.867+0000] {dag.py:3096} INFO - Sync 1 DAGs
[2025-08-19T03:13:07.890+0000] {logging_mixin.py:188} INFO - [2025-08-19T03:13:07.889+0000] {dag.py:3954} INFO - Setting next_dagrun for example_branch_labels to 2025-08-18 00:00:00+00:00, run_after=2025-08-19 00:00:00+00:00
[2025-08-19T03:13:07.910+0000] {processor.py:183} INFO - Processing /home/airflow/.local/lib/python3.12/site-packages/airflow/example_dags/example_branch_labels.py took 0.084 seconds
[2025-08-19T03:13:38.688+0000] {processor.py:161} INFO - Started process (PID=22621) to work on /home/airflow/.local/lib/python3.12/site-packages/airflow/example_dags/example_branch_labels.py
[2025-08-19T03:13:38.690+0000] {processor.py:830} INFO - Processing file /home/airflow/.local/lib/python3.12/site-packages/airflow/example_dags/example_branch_labels.py for tasks to queue
[2025-08-19T03:13:38.691+0000] {logging_mixin.py:188} INFO - [2025-08-19T03:13:38.690+0000] {dagbag.py:545} INFO - Filling up the DagBag from /home/airflow/.local/lib/python3.12/site-packages/airflow/example_dags/example_branch_labels.py
[2025-08-19T03:13:38.699+0000] {processor.py:840} INFO - DAG(s) 'example_branch_labels' retrieved from /home/airflow/.local/lib/python3.12/site-packages/airflow/example_dags/example_branch_labels.py
[2025-08-19T03:13:38.723+0000] {logging_mixin.py:188} INFO - [2025-08-19T03:13:38.722+0000] {dag.py:3096} INFO - Sync 1 DAGs
[2025-08-19T03:13:38.743+0000] {logging_mixin.py:188} INFO - [2025-08-19T03:13:38.743+0000] {dag.py:3954} INFO - Setting next_dagrun for example_branch_labels to 2025-08-18 00:00:00+00:00, run_after=2025-08-19 00:00:00+00:00
[2025-08-19T03:13:38.764+0000] {processor.py:183} INFO - Processing /home/airflow/.local/lib/python3.12/site-packages/airflow/example_dags/example_branch_labels.py took 0.082 seconds
[2025-08-19T03:14:09.484+0000] {processor.py:161} INFO - Started process (PID=22674) to work on /home/airflow/.local/lib/python3.12/site-packages/airflow/example_dags/example_branch_labels.py
[2025-08-19T03:14:09.486+0000] {processor.py:830} INFO - Processing file /home/airflow/.local/lib/python3.12/site-packages/airflow/example_dags/example_branch_labels.py for tasks to queue
[2025-08-19T03:14:09.487+0000] {logging_mixin.py:188} INFO - [2025-08-19T03:14:09.487+0000] {dagbag.py:545} INFO - Filling up the DagBag from /home/airflow/.local/lib/python3.12/site-packages/airflow/example_dags/example_branch_labels.py
[2025-08-19T03:14:09.495+0000] {processor.py:840} INFO - DAG(s) 'example_branch_labels' retrieved from /home/airflow/.local/lib/python3.12/site-packages/airflow/example_dags/example_branch_labels.py
[2025-08-19T03:14:09.519+0000] {logging_mixin.py:188} INFO - [2025-08-19T03:14:09.519+0000] {dag.py:3096} INFO - Sync 1 DAGs
[2025-08-19T03:14:09.542+0000] {logging_mixin.py:188} INFO - [2025-08-19T03:14:09.542+0000] {dag.py:3954} INFO - Setting next_dagrun for example_branch_labels to 2025-08-18 00:00:00+00:00, run_after=2025-08-19 00:00:00+00:00
[2025-08-19T03:14:09.564+0000] {processor.py:183} INFO - Processing /home/airflow/.local/lib/python3.12/site-packages/airflow/example_dags/example_branch_labels.py took 0.086 seconds
[2025-08-19T03:14:40.311+0000] {processor.py:161} INFO - Started process (PID=22727) to work on /home/airflow/.local/lib/python3.12/site-packages/airflow/example_dags/example_branch_labels.py
[2025-08-19T03:14:40.312+0000] {processor.py:830} INFO - Processing file /home/airflow/.local/lib/python3.12/site-packages/airflow/example_dags/example_branch_labels.py for tasks to queue
[2025-08-19T03:14:40.314+0000] {logging_mixin.py:188} INFO - [2025-08-19T03:14:40.313+0000] {dagbag.py:545} INFO - Filling up the DagBag from /home/airflow/.local/lib/python3.12/site-packages/airflow/example_dags/example_branch_labels.py
[2025-08-19T03:14:40.321+0000] {processor.py:840} INFO - DAG(s) 'example_branch_labels' retrieved from /home/airflow/.local/lib/python3.12/site-packages/airflow/example_dags/example_branch_labels.py
[2025-08-19T03:14:40.345+0000] {logging_mixin.py:188} INFO - [2025-08-19T03:14:40.344+0000] {dag.py:3096} INFO - Sync 1 DAGs
[2025-08-19T03:14:40.368+0000] {logging_mixin.py:188} INFO - [2025-08-19T03:14:40.367+0000] {dag.py:3954} INFO - Setting next_dagrun for example_branch_labels to 2025-08-18 00:00:00+00:00, run_after=2025-08-19 00:00:00+00:00
[2025-08-19T03:14:40.390+0000] {processor.py:183} INFO - Processing /home/airflow/.local/lib/python3.12/site-packages/airflow/example_dags/example_branch_labels.py took 0.085 seconds
[2025-08-19T03:15:11.066+0000] {processor.py:161} INFO - Started process (PID=22780) to work on /home/airflow/.local/lib/python3.12/site-packages/airflow/example_dags/example_branch_labels.py
[2025-08-19T03:15:11.067+0000] {processor.py:830} INFO - Processing file /home/airflow/.local/lib/python3.12/site-packages/airflow/example_dags/example_branch_labels.py for tasks to queue
[2025-08-19T03:15:11.068+0000] {logging_mixin.py:188} INFO - [2025-08-19T03:15:11.068+0000] {dagbag.py:545} INFO - Filling up the DagBag from /home/airflow/.local/lib/python3.12/site-packages/airflow/example_dags/example_branch_labels.py
[2025-08-19T03:15:11.076+0000] {processor.py:840} INFO - DAG(s) 'example_branch_labels' retrieved from /home/airflow/.local/lib/python3.12/site-packages/airflow/example_dags/example_branch_labels.py
[2025-08-19T03:15:11.100+0000] {logging_mixin.py:188} INFO - [2025-08-19T03:15:11.099+0000] {dag.py:3096} INFO - Sync 1 DAGs
[2025-08-19T03:15:11.122+0000] {logging_mixin.py:188} INFO - [2025-08-19T03:15:11.122+0000] {dag.py:3954} INFO - Setting next_dagrun for example_branch_labels to 2025-08-18 00:00:00+00:00, run_after=2025-08-19 00:00:00+00:00
[2025-08-19T03:15:11.143+0000] {processor.py:183} INFO - Processing /home/airflow/.local/lib/python3.12/site-packages/airflow/example_dags/example_branch_labels.py took 0.083 seconds
[2025-08-19T03:15:41.954+0000] {processor.py:161} INFO - Started process (PID=22833) to work on /home/airflow/.local/lib/python3.12/site-packages/airflow/example_dags/example_branch_labels.py
[2025-08-19T03:15:41.956+0000] {processor.py:830} INFO - Processing file /home/airflow/.local/lib/python3.12/site-packages/airflow/example_dags/example_branch_labels.py for tasks to queue
[2025-08-19T03:15:41.957+0000] {logging_mixin.py:188} INFO - [2025-08-19T03:15:41.957+0000] {dagbag.py:545} INFO - Filling up the DagBag from /home/airflow/.local/lib/python3.12/site-packages/airflow/example_dags/example_branch_labels.py
[2025-08-19T03:15:41.966+0000] {processor.py:840} INFO - DAG(s) 'example_branch_labels' retrieved from /home/airflow/.local/lib/python3.12/site-packages/airflow/example_dags/example_branch_labels.py
[2025-08-19T03:15:41.989+0000] {logging_mixin.py:188} INFO - [2025-08-19T03:15:41.989+0000] {dag.py:3096} INFO - Sync 1 DAGs
[2025-08-19T03:15:42.015+0000] {logging_mixin.py:188} INFO - [2025-08-19T03:15:42.015+0000] {dag.py:3954} INFO - Setting next_dagrun for example_branch_labels to 2025-08-18 00:00:00+00:00, run_after=2025-08-19 00:00:00+00:00
[2025-08-19T03:15:42.034+0000] {processor.py:183} INFO - Processing /home/airflow/.local/lib/python3.12/site-packages/airflow/example_dags/example_branch_labels.py took 0.087 seconds
[2025-08-19T03:16:12.535+0000] {processor.py:161} INFO - Started process (PID=22886) to work on /home/airflow/.local/lib/python3.12/site-packages/airflow/example_dags/example_branch_labels.py
[2025-08-19T03:16:12.537+0000] {processor.py:830} INFO - Processing file /home/airflow/.local/lib/python3.12/site-packages/airflow/example_dags/example_branch_labels.py for tasks to queue
[2025-08-19T03:16:12.538+0000] {logging_mixin.py:188} INFO - [2025-08-19T03:16:12.538+0000] {dagbag.py:545} INFO - Filling up the DagBag from /home/airflow/.local/lib/python3.12/site-packages/airflow/example_dags/example_branch_labels.py
[2025-08-19T03:16:12.547+0000] {processor.py:840} INFO - DAG(s) 'example_branch_labels' retrieved from /home/airflow/.local/lib/python3.12/site-packages/airflow/example_dags/example_branch_labels.py
[2025-08-19T03:16:12.575+0000] {logging_mixin.py:188} INFO - [2025-08-19T03:16:12.575+0000] {dag.py:3096} INFO - Sync 1 DAGs
[2025-08-19T03:16:12.598+0000] {logging_mixin.py:188} INFO - [2025-08-19T03:16:12.598+0000] {dag.py:3954} INFO - Setting next_dagrun for example_branch_labels to 2025-08-18 00:00:00+00:00, run_after=2025-08-19 00:00:00+00:00
[2025-08-19T03:16:12.620+0000] {processor.py:183} INFO - Processing /home/airflow/.local/lib/python3.12/site-packages/airflow/example_dags/example_branch_labels.py took 0.091 seconds
[2025-08-19T03:16:43.037+0000] {processor.py:161} INFO - Started process (PID=22939) to work on /home/airflow/.local/lib/python3.12/site-packages/airflow/example_dags/example_branch_labels.py
[2025-08-19T03:16:43.039+0000] {processor.py:830} INFO - Processing file /home/airflow/.local/lib/python3.12/site-packages/airflow/example_dags/example_branch_labels.py for tasks to queue
[2025-08-19T03:16:43.040+0000] {logging_mixin.py:188} INFO - [2025-08-19T03:16:43.040+0000] {dagbag.py:545} INFO - Filling up the DagBag from /home/airflow/.local/lib/python3.12/site-packages/airflow/example_dags/example_branch_labels.py
[2025-08-19T03:16:43.048+0000] {processor.py:840} INFO - DAG(s) 'example_branch_labels' retrieved from /home/airflow/.local/lib/python3.12/site-packages/airflow/example_dags/example_branch_labels.py
[2025-08-19T03:16:43.071+0000] {logging_mixin.py:188} INFO - [2025-08-19T03:16:43.071+0000] {dag.py:3096} INFO - Sync 1 DAGs
[2025-08-19T03:16:43.093+0000] {logging_mixin.py:188} INFO - [2025-08-19T03:16:43.093+0000] {dag.py:3954} INFO - Setting next_dagrun for example_branch_labels to 2025-08-18 00:00:00+00:00, run_after=2025-08-19 00:00:00+00:00
[2025-08-19T03:16:43.117+0000] {processor.py:183} INFO - Processing /home/airflow/.local/lib/python3.12/site-packages/airflow/example_dags/example_branch_labels.py took 0.085 seconds
[2025-08-19T03:17:13.391+0000] {processor.py:161} INFO - Started process (PID=22992) to work on /home/airflow/.local/lib/python3.12/site-packages/airflow/example_dags/example_branch_labels.py
[2025-08-19T03:17:13.392+0000] {processor.py:830} INFO - Processing file /home/airflow/.local/lib/python3.12/site-packages/airflow/example_dags/example_branch_labels.py for tasks to queue
[2025-08-19T03:17:13.393+0000] {logging_mixin.py:188} INFO - [2025-08-19T03:17:13.393+0000] {dagbag.py:545} INFO - Filling up the DagBag from /home/airflow/.local/lib/python3.12/site-packages/airflow/example_dags/example_branch_labels.py
[2025-08-19T03:17:13.401+0000] {processor.py:840} INFO - DAG(s) 'example_branch_labels' retrieved from /home/airflow/.local/lib/python3.12/site-packages/airflow/example_dags/example_branch_labels.py
[2025-08-19T03:17:13.424+0000] {logging_mixin.py:188} INFO - [2025-08-19T03:17:13.424+0000] {dag.py:3096} INFO - Sync 1 DAGs
[2025-08-19T03:17:13.444+0000] {logging_mixin.py:188} INFO - [2025-08-19T03:17:13.444+0000] {dag.py:3954} INFO - Setting next_dagrun for example_branch_labels to 2025-08-18 00:00:00+00:00, run_after=2025-08-19 00:00:00+00:00
[2025-08-19T03:17:13.462+0000] {processor.py:183} INFO - Processing /home/airflow/.local/lib/python3.12/site-packages/airflow/example_dags/example_branch_labels.py took 0.078 seconds
[2025-08-19T03:17:44.300+0000] {processor.py:161} INFO - Started process (PID=23045) to work on /home/airflow/.local/lib/python3.12/site-packages/airflow/example_dags/example_branch_labels.py
[2025-08-19T03:17:44.302+0000] {processor.py:830} INFO - Processing file /home/airflow/.local/lib/python3.12/site-packages/airflow/example_dags/example_branch_labels.py for tasks to queue
[2025-08-19T03:17:44.303+0000] {logging_mixin.py:188} INFO - [2025-08-19T03:17:44.303+0000] {dagbag.py:545} INFO - Filling up the DagBag from /home/airflow/.local/lib/python3.12/site-packages/airflow/example_dags/example_branch_labels.py
[2025-08-19T03:17:44.311+0000] {processor.py:840} INFO - DAG(s) 'example_branch_labels' retrieved from /home/airflow/.local/lib/python3.12/site-packages/airflow/example_dags/example_branch_labels.py
[2025-08-19T03:17:44.333+0000] {logging_mixin.py:188} INFO - [2025-08-19T03:17:44.333+0000] {dag.py:3096} INFO - Sync 1 DAGs
[2025-08-19T03:17:44.354+0000] {logging_mixin.py:188} INFO - [2025-08-19T03:17:44.354+0000] {dag.py:3954} INFO - Setting next_dagrun for example_branch_labels to 2025-08-18 00:00:00+00:00, run_after=2025-08-19 00:00:00+00:00
[2025-08-19T03:17:44.373+0000] {processor.py:183} INFO - Processing /home/airflow/.local/lib/python3.12/site-packages/airflow/example_dags/example_branch_labels.py took 0.078 seconds
[2025-08-19T03:18:14.602+0000] {processor.py:161} INFO - Started process (PID=23098) to work on /home/airflow/.local/lib/python3.12/site-packages/airflow/example_dags/example_branch_labels.py
[2025-08-19T03:18:14.604+0000] {processor.py:830} INFO - Processing file /home/airflow/.local/lib/python3.12/site-packages/airflow/example_dags/example_branch_labels.py for tasks to queue
[2025-08-19T03:18:14.605+0000] {logging_mixin.py:188} INFO - [2025-08-19T03:18:14.605+0000] {dagbag.py:545} INFO - Filling up the DagBag from /home/airflow/.local/lib/python3.12/site-packages/airflow/example_dags/example_branch_labels.py
[2025-08-19T03:18:14.614+0000] {processor.py:840} INFO - DAG(s) 'example_branch_labels' retrieved from /home/airflow/.local/lib/python3.12/site-packages/airflow/example_dags/example_branch_labels.py
[2025-08-19T03:18:14.638+0000] {logging_mixin.py:188} INFO - [2025-08-19T03:18:14.638+0000] {dag.py:3096} INFO - Sync 1 DAGs
[2025-08-19T03:18:14.664+0000] {logging_mixin.py:188} INFO - [2025-08-19T03:18:14.664+0000] {dag.py:3954} INFO - Setting next_dagrun for example_branch_labels to 2025-08-18 00:00:00+00:00, run_after=2025-08-19 00:00:00+00:00
[2025-08-19T03:18:14.690+0000] {processor.py:183} INFO - Processing /home/airflow/.local/lib/python3.12/site-packages/airflow/example_dags/example_branch_labels.py took 0.098 seconds
[2025-08-19T03:18:44.836+0000] {processor.py:161} INFO - Started process (PID=23151) to work on /home/airflow/.local/lib/python3.12/site-packages/airflow/example_dags/example_branch_labels.py
[2025-08-19T03:18:44.838+0000] {processor.py:830} INFO - Processing file /home/airflow/.local/lib/python3.12/site-packages/airflow/example_dags/example_branch_labels.py for tasks to queue
[2025-08-19T03:18:44.839+0000] {logging_mixin.py:188} INFO - [2025-08-19T03:18:44.838+0000] {dagbag.py:545} INFO - Filling up the DagBag from /home/airflow/.local/lib/python3.12/site-packages/airflow/example_dags/example_branch_labels.py
[2025-08-19T03:18:44.847+0000] {processor.py:840} INFO - DAG(s) 'example_branch_labels' retrieved from /home/airflow/.local/lib/python3.12/site-packages/airflow/example_dags/example_branch_labels.py
[2025-08-19T03:18:44.874+0000] {logging_mixin.py:188} INFO - [2025-08-19T03:18:44.874+0000] {dag.py:3096} INFO - Sync 1 DAGs
[2025-08-19T03:18:44.902+0000] {logging_mixin.py:188} INFO - [2025-08-19T03:18:44.902+0000] {dag.py:3954} INFO - Setting next_dagrun for example_branch_labels to 2025-08-18 00:00:00+00:00, run_after=2025-08-19 00:00:00+00:00
[2025-08-19T03:18:44.937+0000] {processor.py:183} INFO - Processing /home/airflow/.local/lib/python3.12/site-packages/airflow/example_dags/example_branch_labels.py took 0.109 seconds
[2025-08-19T03:19:15.878+0000] {processor.py:161} INFO - Started process (PID=23204) to work on /home/airflow/.local/lib/python3.12/site-packages/airflow/example_dags/example_branch_labels.py
[2025-08-19T03:19:15.880+0000] {processor.py:830} INFO - Processing file /home/airflow/.local/lib/python3.12/site-packages/airflow/example_dags/example_branch_labels.py for tasks to queue
[2025-08-19T03:19:15.881+0000] {logging_mixin.py:188} INFO - [2025-08-19T03:19:15.881+0000] {dagbag.py:545} INFO - Filling up the DagBag from /home/airflow/.local/lib/python3.12/site-packages/airflow/example_dags/example_branch_labels.py
[2025-08-19T03:19:15.890+0000] {processor.py:840} INFO - DAG(s) 'example_branch_labels' retrieved from /home/airflow/.local/lib/python3.12/site-packages/airflow/example_dags/example_branch_labels.py
[2025-08-19T03:19:15.914+0000] {logging_mixin.py:188} INFO - [2025-08-19T03:19:15.914+0000] {dag.py:3096} INFO - Sync 1 DAGs
[2025-08-19T03:19:15.937+0000] {logging_mixin.py:188} INFO - [2025-08-19T03:19:15.937+0000] {dag.py:3954} INFO - Setting next_dagrun for example_branch_labels to 2025-08-18 00:00:00+00:00, run_after=2025-08-19 00:00:00+00:00
[2025-08-19T03:19:15.965+0000] {processor.py:183} INFO - Processing /home/airflow/.local/lib/python3.12/site-packages/airflow/example_dags/example_branch_labels.py took 0.092 seconds
[2025-08-19T03:19:46.582+0000] {processor.py:161} INFO - Started process (PID=23257) to work on /home/airflow/.local/lib/python3.12/site-packages/airflow/example_dags/example_branch_labels.py
[2025-08-19T03:19:46.584+0000] {processor.py:830} INFO - Processing file /home/airflow/.local/lib/python3.12/site-packages/airflow/example_dags/example_branch_labels.py for tasks to queue
[2025-08-19T03:19:46.585+0000] {logging_mixin.py:188} INFO - [2025-08-19T03:19:46.585+0000] {dagbag.py:545} INFO - Filling up the DagBag from /home/airflow/.local/lib/python3.12/site-packages/airflow/example_dags/example_branch_labels.py
[2025-08-19T03:19:46.596+0000] {processor.py:840} INFO - DAG(s) 'example_branch_labels' retrieved from /home/airflow/.local/lib/python3.12/site-packages/airflow/example_dags/example_branch_labels.py
[2025-08-19T03:19:46.640+0000] {logging_mixin.py:188} INFO - [2025-08-19T03:19:46.640+0000] {dag.py:3096} INFO - Sync 1 DAGs
[2025-08-19T03:19:46.683+0000] {logging_mixin.py:188} INFO - [2025-08-19T03:19:46.682+0000] {dag.py:3954} INFO - Setting next_dagrun for example_branch_labels to 2025-08-18 00:00:00+00:00, run_after=2025-08-19 00:00:00+00:00
[2025-08-19T03:19:46.723+0000] {processor.py:183} INFO - Processing /home/airflow/.local/lib/python3.12/site-packages/airflow/example_dags/example_branch_labels.py took 0.148 seconds
[2025-08-19T03:20:17.257+0000] {processor.py:161} INFO - Started process (PID=23310) to work on /home/airflow/.local/lib/python3.12/site-packages/airflow/example_dags/example_branch_labels.py
[2025-08-19T03:20:17.258+0000] {processor.py:830} INFO - Processing file /home/airflow/.local/lib/python3.12/site-packages/airflow/example_dags/example_branch_labels.py for tasks to queue
[2025-08-19T03:20:17.260+0000] {logging_mixin.py:188} INFO - [2025-08-19T03:20:17.259+0000] {dagbag.py:545} INFO - Filling up the DagBag from /home/airflow/.local/lib/python3.12/site-packages/airflow/example_dags/example_branch_labels.py
[2025-08-19T03:20:17.278+0000] {processor.py:840} INFO - DAG(s) 'example_branch_labels' retrieved from /home/airflow/.local/lib/python3.12/site-packages/airflow/example_dags/example_branch_labels.py
[2025-08-19T03:20:17.307+0000] {logging_mixin.py:188} INFO - [2025-08-19T03:20:17.307+0000] {dag.py:3096} INFO - Sync 1 DAGs
[2025-08-19T03:20:17.331+0000] {logging_mixin.py:188} INFO - [2025-08-19T03:20:17.331+0000] {dag.py:3954} INFO - Setting next_dagrun for example_branch_labels to 2025-08-18 00:00:00+00:00, run_after=2025-08-19 00:00:00+00:00
[2025-08-19T03:20:17.355+0000] {processor.py:183} INFO - Processing /home/airflow/.local/lib/python3.12/site-packages/airflow/example_dags/example_branch_labels.py took 0.105 seconds
[2025-08-19T03:20:47.396+0000] {processor.py:161} INFO - Started process (PID=23363) to work on /home/airflow/.local/lib/python3.12/site-packages/airflow/example_dags/example_branch_labels.py
[2025-08-19T03:20:47.398+0000] {processor.py:830} INFO - Processing file /home/airflow/.local/lib/python3.12/site-packages/airflow/example_dags/example_branch_labels.py for tasks to queue
[2025-08-19T03:20:47.399+0000] {logging_mixin.py:188} INFO - [2025-08-19T03:20:47.399+0000] {dagbag.py:545} INFO - Filling up the DagBag from /home/airflow/.local/lib/python3.12/site-packages/airflow/example_dags/example_branch_labels.py
[2025-08-19T03:20:47.409+0000] {processor.py:840} INFO - DAG(s) 'example_branch_labels' retrieved from /home/airflow/.local/lib/python3.12/site-packages/airflow/example_dags/example_branch_labels.py
[2025-08-19T03:20:47.434+0000] {logging_mixin.py:188} INFO - [2025-08-19T03:20:47.434+0000] {dag.py:3096} INFO - Sync 1 DAGs
[2025-08-19T03:20:47.455+0000] {logging_mixin.py:188} INFO - [2025-08-19T03:20:47.455+0000] {dag.py:3954} INFO - Setting next_dagrun for example_branch_labels to 2025-08-18 00:00:00+00:00, run_after=2025-08-19 00:00:00+00:00
[2025-08-19T03:20:47.482+0000] {processor.py:183} INFO - Processing /home/airflow/.local/lib/python3.12/site-packages/airflow/example_dags/example_branch_labels.py took 0.093 seconds
[2025-08-19T03:21:17.562+0000] {processor.py:161} INFO - Started process (PID=23416) to work on /home/airflow/.local/lib/python3.12/site-packages/airflow/example_dags/example_branch_labels.py
[2025-08-19T03:21:17.563+0000] {processor.py:830} INFO - Processing file /home/airflow/.local/lib/python3.12/site-packages/airflow/example_dags/example_branch_labels.py for tasks to queue
[2025-08-19T03:21:17.564+0000] {logging_mixin.py:188} INFO - [2025-08-19T03:21:17.564+0000] {dagbag.py:545} INFO - Filling up the DagBag from /home/airflow/.local/lib/python3.12/site-packages/airflow/example_dags/example_branch_labels.py
[2025-08-19T03:21:17.572+0000] {processor.py:840} INFO - DAG(s) 'example_branch_labels' retrieved from /home/airflow/.local/lib/python3.12/site-packages/airflow/example_dags/example_branch_labels.py
[2025-08-19T03:21:17.596+0000] {logging_mixin.py:188} INFO - [2025-08-19T03:21:17.596+0000] {dag.py:3096} INFO - Sync 1 DAGs
[2025-08-19T03:21:17.620+0000] {logging_mixin.py:188} INFO - [2025-08-19T03:21:17.620+0000] {dag.py:3954} INFO - Setting next_dagrun for example_branch_labels to 2025-08-18 00:00:00+00:00, run_after=2025-08-19 00:00:00+00:00
[2025-08-19T03:21:17.643+0000] {processor.py:183} INFO - Processing /home/airflow/.local/lib/python3.12/site-packages/airflow/example_dags/example_branch_labels.py took 0.087 seconds
[2025-08-19T03:21:48.205+0000] {processor.py:161} INFO - Started process (PID=23469) to work on /home/airflow/.local/lib/python3.12/site-packages/airflow/example_dags/example_branch_labels.py
[2025-08-19T03:21:48.207+0000] {processor.py:830} INFO - Processing file /home/airflow/.local/lib/python3.12/site-packages/airflow/example_dags/example_branch_labels.py for tasks to queue
[2025-08-19T03:21:48.209+0000] {logging_mixin.py:188} INFO - [2025-08-19T03:21:48.209+0000] {dagbag.py:545} INFO - Filling up the DagBag from /home/airflow/.local/lib/python3.12/site-packages/airflow/example_dags/example_branch_labels.py
[2025-08-19T03:21:48.218+0000] {processor.py:840} INFO - DAG(s) 'example_branch_labels' retrieved from /home/airflow/.local/lib/python3.12/site-packages/airflow/example_dags/example_branch_labels.py
[2025-08-19T03:21:48.244+0000] {logging_mixin.py:188} INFO - [2025-08-19T03:21:48.244+0000] {dag.py:3096} INFO - Sync 1 DAGs
[2025-08-19T03:21:48.268+0000] {logging_mixin.py:188} INFO - [2025-08-19T03:21:48.268+0000] {dag.py:3954} INFO - Setting next_dagrun for example_branch_labels to 2025-08-18 00:00:00+00:00, run_after=2025-08-19 00:00:00+00:00
[2025-08-19T03:21:48.294+0000] {processor.py:183} INFO - Processing /home/airflow/.local/lib/python3.12/site-packages/airflow/example_dags/example_branch_labels.py took 0.095 seconds
[2025-08-19T03:22:18.750+0000] {processor.py:161} INFO - Started process (PID=23522) to work on /home/airflow/.local/lib/python3.12/site-packages/airflow/example_dags/example_branch_labels.py
[2025-08-19T03:22:18.752+0000] {processor.py:830} INFO - Processing file /home/airflow/.local/lib/python3.12/site-packages/airflow/example_dags/example_branch_labels.py for tasks to queue
[2025-08-19T03:22:18.754+0000] {logging_mixin.py:188} INFO - [2025-08-19T03:22:18.753+0000] {dagbag.py:545} INFO - Filling up the DagBag from /home/airflow/.local/lib/python3.12/site-packages/airflow/example_dags/example_branch_labels.py
[2025-08-19T03:22:18.762+0000] {processor.py:840} INFO - DAG(s) 'example_branch_labels' retrieved from /home/airflow/.local/lib/python3.12/site-packages/airflow/example_dags/example_branch_labels.py
[2025-08-19T03:22:18.786+0000] {logging_mixin.py:188} INFO - [2025-08-19T03:22:18.786+0000] {dag.py:3096} INFO - Sync 1 DAGs
[2025-08-19T03:22:18.811+0000] {logging_mixin.py:188} INFO - [2025-08-19T03:22:18.811+0000] {dag.py:3954} INFO - Setting next_dagrun for example_branch_labels to 2025-08-18 00:00:00+00:00, run_after=2025-08-19 00:00:00+00:00
[2025-08-19T03:22:18.833+0000] {processor.py:183} INFO - Processing /home/airflow/.local/lib/python3.12/site-packages/airflow/example_dags/example_branch_labels.py took 0.090 seconds
[2025-08-19T03:22:49.230+0000] {processor.py:161} INFO - Started process (PID=23575) to work on /home/airflow/.local/lib/python3.12/site-packages/airflow/example_dags/example_branch_labels.py
[2025-08-19T03:22:49.232+0000] {processor.py:830} INFO - Processing file /home/airflow/.local/lib/python3.12/site-packages/airflow/example_dags/example_branch_labels.py for tasks to queue
[2025-08-19T03:22:49.233+0000] {logging_mixin.py:188} INFO - [2025-08-19T03:22:49.232+0000] {dagbag.py:545} INFO - Filling up the DagBag from /home/airflow/.local/lib/python3.12/site-packages/airflow/example_dags/example_branch_labels.py
[2025-08-19T03:22:49.241+0000] {processor.py:840} INFO - DAG(s) 'example_branch_labels' retrieved from /home/airflow/.local/lib/python3.12/site-packages/airflow/example_dags/example_branch_labels.py
[2025-08-19T03:22:49.264+0000] {logging_mixin.py:188} INFO - [2025-08-19T03:22:49.264+0000] {dag.py:3096} INFO - Sync 1 DAGs
[2025-08-19T03:22:49.287+0000] {logging_mixin.py:188} INFO - [2025-08-19T03:22:49.287+0000] {dag.py:3954} INFO - Setting next_dagrun for example_branch_labels to 2025-08-18 00:00:00+00:00, run_after=2025-08-19 00:00:00+00:00
[2025-08-19T03:22:49.311+0000] {processor.py:183} INFO - Processing /home/airflow/.local/lib/python3.12/site-packages/airflow/example_dags/example_branch_labels.py took 0.087 seconds
[2025-08-19T03:23:19.792+0000] {processor.py:161} INFO - Started process (PID=23628) to work on /home/airflow/.local/lib/python3.12/site-packages/airflow/example_dags/example_branch_labels.py
[2025-08-19T03:23:19.794+0000] {processor.py:830} INFO - Processing file /home/airflow/.local/lib/python3.12/site-packages/airflow/example_dags/example_branch_labels.py for tasks to queue
[2025-08-19T03:23:19.795+0000] {logging_mixin.py:188} INFO - [2025-08-19T03:23:19.795+0000] {dagbag.py:545} INFO - Filling up the DagBag from /home/airflow/.local/lib/python3.12/site-packages/airflow/example_dags/example_branch_labels.py
[2025-08-19T03:23:19.802+0000] {processor.py:840} INFO - DAG(s) 'example_branch_labels' retrieved from /home/airflow/.local/lib/python3.12/site-packages/airflow/example_dags/example_branch_labels.py
[2025-08-19T03:23:19.827+0000] {logging_mixin.py:188} INFO - [2025-08-19T03:23:19.826+0000] {dag.py:3096} INFO - Sync 1 DAGs
[2025-08-19T03:23:19.849+0000] {logging_mixin.py:188} INFO - [2025-08-19T03:23:19.849+0000] {dag.py:3954} INFO - Setting next_dagrun for example_branch_labels to 2025-08-18 00:00:00+00:00, run_after=2025-08-19 00:00:00+00:00
[2025-08-19T03:23:19.871+0000] {processor.py:183} INFO - Processing /home/airflow/.local/lib/python3.12/site-packages/airflow/example_dags/example_branch_labels.py took 0.085 seconds
[2025-08-19T03:23:50.253+0000] {processor.py:161} INFO - Started process (PID=23681) to work on /home/airflow/.local/lib/python3.12/site-packages/airflow/example_dags/example_branch_labels.py
[2025-08-19T03:23:50.255+0000] {processor.py:830} INFO - Processing file /home/airflow/.local/lib/python3.12/site-packages/airflow/example_dags/example_branch_labels.py for tasks to queue
[2025-08-19T03:23:50.256+0000] {logging_mixin.py:188} INFO - [2025-08-19T03:23:50.255+0000] {dagbag.py:545} INFO - Filling up the DagBag from /home/airflow/.local/lib/python3.12/site-packages/airflow/example_dags/example_branch_labels.py
[2025-08-19T03:23:50.263+0000] {processor.py:840} INFO - DAG(s) 'example_branch_labels' retrieved from /home/airflow/.local/lib/python3.12/site-packages/airflow/example_dags/example_branch_labels.py
[2025-08-19T03:23:50.287+0000] {logging_mixin.py:188} INFO - [2025-08-19T03:23:50.287+0000] {dag.py:3096} INFO - Sync 1 DAGs
[2025-08-19T03:23:50.311+0000] {logging_mixin.py:188} INFO - [2025-08-19T03:23:50.311+0000] {dag.py:3954} INFO - Setting next_dagrun for example_branch_labels to 2025-08-18 00:00:00+00:00, run_after=2025-08-19 00:00:00+00:00
[2025-08-19T03:23:50.338+0000] {processor.py:183} INFO - Processing /home/airflow/.local/lib/python3.12/site-packages/airflow/example_dags/example_branch_labels.py took 0.091 seconds
[2025-08-19T03:24:20.800+0000] {processor.py:161} INFO - Started process (PID=23734) to work on /home/airflow/.local/lib/python3.12/site-packages/airflow/example_dags/example_branch_labels.py
[2025-08-19T03:24:20.801+0000] {processor.py:830} INFO - Processing file /home/airflow/.local/lib/python3.12/site-packages/airflow/example_dags/example_branch_labels.py for tasks to queue
[2025-08-19T03:24:20.803+0000] {logging_mixin.py:188} INFO - [2025-08-19T03:24:20.802+0000] {dagbag.py:545} INFO - Filling up the DagBag from /home/airflow/.local/lib/python3.12/site-packages/airflow/example_dags/example_branch_labels.py
[2025-08-19T03:24:20.810+0000] {processor.py:840} INFO - DAG(s) 'example_branch_labels' retrieved from /home/airflow/.local/lib/python3.12/site-packages/airflow/example_dags/example_branch_labels.py
[2025-08-19T03:24:20.836+0000] {logging_mixin.py:188} INFO - [2025-08-19T03:24:20.835+0000] {dag.py:3096} INFO - Sync 1 DAGs
[2025-08-19T03:24:20.859+0000] {logging_mixin.py:188} INFO - [2025-08-19T03:24:20.859+0000] {dag.py:3954} INFO - Setting next_dagrun for example_branch_labels to 2025-08-18 00:00:00+00:00, run_after=2025-08-19 00:00:00+00:00
[2025-08-19T03:24:20.883+0000] {processor.py:183} INFO - Processing /home/airflow/.local/lib/python3.12/site-packages/airflow/example_dags/example_branch_labels.py took 0.089 seconds
[2025-08-19T03:24:51.408+0000] {processor.py:161} INFO - Started process (PID=23787) to work on /home/airflow/.local/lib/python3.12/site-packages/airflow/example_dags/example_branch_labels.py
[2025-08-19T03:24:51.410+0000] {processor.py:830} INFO - Processing file /home/airflow/.local/lib/python3.12/site-packages/airflow/example_dags/example_branch_labels.py for tasks to queue
[2025-08-19T03:24:51.411+0000] {logging_mixin.py:188} INFO - [2025-08-19T03:24:51.411+0000] {dagbag.py:545} INFO - Filling up the DagBag from /home/airflow/.local/lib/python3.12/site-packages/airflow/example_dags/example_branch_labels.py
[2025-08-19T03:24:51.421+0000] {processor.py:840} INFO - DAG(s) 'example_branch_labels' retrieved from /home/airflow/.local/lib/python3.12/site-packages/airflow/example_dags/example_branch_labels.py
[2025-08-19T03:24:51.452+0000] {logging_mixin.py:188} INFO - [2025-08-19T03:24:51.451+0000] {dag.py:3096} INFO - Sync 1 DAGs
[2025-08-19T03:24:51.479+0000] {logging_mixin.py:188} INFO - [2025-08-19T03:24:51.478+0000] {dag.py:3954} INFO - Setting next_dagrun for example_branch_labels to 2025-08-18 00:00:00+00:00, run_after=2025-08-19 00:00:00+00:00
[2025-08-19T03:24:51.504+0000] {processor.py:183} INFO - Processing /home/airflow/.local/lib/python3.12/site-packages/airflow/example_dags/example_branch_labels.py took 0.103 seconds
[2025-08-19T03:25:22.027+0000] {processor.py:161} INFO - Started process (PID=23840) to work on /home/airflow/.local/lib/python3.12/site-packages/airflow/example_dags/example_branch_labels.py
[2025-08-19T03:25:22.029+0000] {processor.py:830} INFO - Processing file /home/airflow/.local/lib/python3.12/site-packages/airflow/example_dags/example_branch_labels.py for tasks to queue
[2025-08-19T03:25:22.030+0000] {logging_mixin.py:188} INFO - [2025-08-19T03:25:22.029+0000] {dagbag.py:545} INFO - Filling up the DagBag from /home/airflow/.local/lib/python3.12/site-packages/airflow/example_dags/example_branch_labels.py
[2025-08-19T03:25:22.038+0000] {processor.py:840} INFO - DAG(s) 'example_branch_labels' retrieved from /home/airflow/.local/lib/python3.12/site-packages/airflow/example_dags/example_branch_labels.py
[2025-08-19T03:25:22.063+0000] {logging_mixin.py:188} INFO - [2025-08-19T03:25:22.063+0000] {dag.py:3096} INFO - Sync 1 DAGs
[2025-08-19T03:25:22.087+0000] {logging_mixin.py:188} INFO - [2025-08-19T03:25:22.086+0000] {dag.py:3954} INFO - Setting next_dagrun for example_branch_labels to 2025-08-18 00:00:00+00:00, run_after=2025-08-19 00:00:00+00:00
[2025-08-19T03:25:22.110+0000] {processor.py:183} INFO - Processing /home/airflow/.local/lib/python3.12/site-packages/airflow/example_dags/example_branch_labels.py took 0.088 seconds
[2025-08-19T03:25:52.415+0000] {processor.py:161} INFO - Started process (PID=23893) to work on /home/airflow/.local/lib/python3.12/site-packages/airflow/example_dags/example_branch_labels.py
[2025-08-19T03:25:52.416+0000] {processor.py:830} INFO - Processing file /home/airflow/.local/lib/python3.12/site-packages/airflow/example_dags/example_branch_labels.py for tasks to queue
[2025-08-19T03:25:52.418+0000] {logging_mixin.py:188} INFO - [2025-08-19T03:25:52.418+0000] {dagbag.py:545} INFO - Filling up the DagBag from /home/airflow/.local/lib/python3.12/site-packages/airflow/example_dags/example_branch_labels.py
[2025-08-19T03:25:52.426+0000] {processor.py:840} INFO - DAG(s) 'example_branch_labels' retrieved from /home/airflow/.local/lib/python3.12/site-packages/airflow/example_dags/example_branch_labels.py
[2025-08-19T03:25:52.450+0000] {logging_mixin.py:188} INFO - [2025-08-19T03:25:52.450+0000] {dag.py:3096} INFO - Sync 1 DAGs
[2025-08-19T03:25:52.477+0000] {logging_mixin.py:188} INFO - [2025-08-19T03:25:52.477+0000] {dag.py:3954} INFO - Setting next_dagrun for example_branch_labels to 2025-08-18 00:00:00+00:00, run_after=2025-08-19 00:00:00+00:00
[2025-08-19T03:25:52.500+0000] {processor.py:183} INFO - Processing /home/airflow/.local/lib/python3.12/site-packages/airflow/example_dags/example_branch_labels.py took 0.092 seconds
[2025-08-19T03:26:22.722+0000] {processor.py:161} INFO - Started process (PID=23946) to work on /home/airflow/.local/lib/python3.12/site-packages/airflow/example_dags/example_branch_labels.py
[2025-08-19T03:26:22.723+0000] {processor.py:830} INFO - Processing file /home/airflow/.local/lib/python3.12/site-packages/airflow/example_dags/example_branch_labels.py for tasks to queue
[2025-08-19T03:26:22.725+0000] {logging_mixin.py:188} INFO - [2025-08-19T03:26:22.725+0000] {dagbag.py:545} INFO - Filling up the DagBag from /home/airflow/.local/lib/python3.12/site-packages/airflow/example_dags/example_branch_labels.py
[2025-08-19T03:26:22.734+0000] {processor.py:840} INFO - DAG(s) 'example_branch_labels' retrieved from /home/airflow/.local/lib/python3.12/site-packages/airflow/example_dags/example_branch_labels.py
[2025-08-19T03:26:22.757+0000] {logging_mixin.py:188} INFO - [2025-08-19T03:26:22.757+0000] {dag.py:3096} INFO - Sync 1 DAGs
[2025-08-19T03:26:22.780+0000] {logging_mixin.py:188} INFO - [2025-08-19T03:26:22.779+0000] {dag.py:3954} INFO - Setting next_dagrun for example_branch_labels to 2025-08-18 00:00:00+00:00, run_after=2025-08-19 00:00:00+00:00
[2025-08-19T03:26:22.803+0000] {processor.py:183} INFO - Processing /home/airflow/.local/lib/python3.12/site-packages/airflow/example_dags/example_branch_labels.py took 0.088 seconds
[2025-08-19T03:26:53.274+0000] {processor.py:161} INFO - Started process (PID=23999) to work on /home/airflow/.local/lib/python3.12/site-packages/airflow/example_dags/example_branch_labels.py
[2025-08-19T03:26:53.275+0000] {processor.py:830} INFO - Processing file /home/airflow/.local/lib/python3.12/site-packages/airflow/example_dags/example_branch_labels.py for tasks to queue
[2025-08-19T03:26:53.276+0000] {logging_mixin.py:188} INFO - [2025-08-19T03:26:53.275+0000] {dagbag.py:545} INFO - Filling up the DagBag from /home/airflow/.local/lib/python3.12/site-packages/airflow/example_dags/example_branch_labels.py
[2025-08-19T03:26:53.286+0000] {processor.py:840} INFO - DAG(s) 'example_branch_labels' retrieved from /home/airflow/.local/lib/python3.12/site-packages/airflow/example_dags/example_branch_labels.py
[2025-08-19T03:26:53.310+0000] {logging_mixin.py:188} INFO - [2025-08-19T03:26:53.310+0000] {dag.py:3096} INFO - Sync 1 DAGs
[2025-08-19T03:26:53.334+0000] {logging_mixin.py:188} INFO - [2025-08-19T03:26:53.334+0000] {dag.py:3954} INFO - Setting next_dagrun for example_branch_labels to 2025-08-18 00:00:00+00:00, run_after=2025-08-19 00:00:00+00:00
[2025-08-19T03:26:53.356+0000] {processor.py:183} INFO - Processing /home/airflow/.local/lib/python3.12/site-packages/airflow/example_dags/example_branch_labels.py took 0.088 seconds
[2025-08-19T03:27:23.724+0000] {processor.py:161} INFO - Started process (PID=24052) to work on /home/airflow/.local/lib/python3.12/site-packages/airflow/example_dags/example_branch_labels.py
[2025-08-19T03:27:23.725+0000] {processor.py:830} INFO - Processing file /home/airflow/.local/lib/python3.12/site-packages/airflow/example_dags/example_branch_labels.py for tasks to queue
[2025-08-19T03:27:23.727+0000] {logging_mixin.py:188} INFO - [2025-08-19T03:27:23.727+0000] {dagbag.py:545} INFO - Filling up the DagBag from /home/airflow/.local/lib/python3.12/site-packages/airflow/example_dags/example_branch_labels.py
[2025-08-19T03:27:23.735+0000] {processor.py:840} INFO - DAG(s) 'example_branch_labels' retrieved from /home/airflow/.local/lib/python3.12/site-packages/airflow/example_dags/example_branch_labels.py
[2025-08-19T03:27:23.757+0000] {logging_mixin.py:188} INFO - [2025-08-19T03:27:23.757+0000] {dag.py:3096} INFO - Sync 1 DAGs
[2025-08-19T03:27:23.783+0000] {logging_mixin.py:188} INFO - [2025-08-19T03:27:23.783+0000] {dag.py:3954} INFO - Setting next_dagrun for example_branch_labels to 2025-08-18 00:00:00+00:00, run_after=2025-08-19 00:00:00+00:00
[2025-08-19T03:27:23.804+0000] {processor.py:183} INFO - Processing /home/airflow/.local/lib/python3.12/site-packages/airflow/example_dags/example_branch_labels.py took 0.086 seconds
[2025-08-19T03:27:54.254+0000] {processor.py:161} INFO - Started process (PID=24105) to work on /home/airflow/.local/lib/python3.12/site-packages/airflow/example_dags/example_branch_labels.py
[2025-08-19T03:27:54.256+0000] {processor.py:830} INFO - Processing file /home/airflow/.local/lib/python3.12/site-packages/airflow/example_dags/example_branch_labels.py for tasks to queue
[2025-08-19T03:27:54.257+0000] {logging_mixin.py:188} INFO - [2025-08-19T03:27:54.257+0000] {dagbag.py:545} INFO - Filling up the DagBag from /home/airflow/.local/lib/python3.12/site-packages/airflow/example_dags/example_branch_labels.py
[2025-08-19T03:27:54.266+0000] {processor.py:840} INFO - DAG(s) 'example_branch_labels' retrieved from /home/airflow/.local/lib/python3.12/site-packages/airflow/example_dags/example_branch_labels.py
[2025-08-19T03:27:54.290+0000] {logging_mixin.py:188} INFO - [2025-08-19T03:27:54.289+0000] {dag.py:3096} INFO - Sync 1 DAGs
[2025-08-19T03:27:54.312+0000] {logging_mixin.py:188} INFO - [2025-08-19T03:27:54.312+0000] {dag.py:3954} INFO - Setting next_dagrun for example_branch_labels to 2025-08-18 00:00:00+00:00, run_after=2025-08-19 00:00:00+00:00
[2025-08-19T03:27:54.335+0000] {processor.py:183} INFO - Processing /home/airflow/.local/lib/python3.12/site-packages/airflow/example_dags/example_branch_labels.py took 0.087 seconds
[2025-08-19T03:28:24.676+0000] {processor.py:161} INFO - Started process (PID=24158) to work on /home/airflow/.local/lib/python3.12/site-packages/airflow/example_dags/example_branch_labels.py
[2025-08-19T03:28:24.677+0000] {processor.py:830} INFO - Processing file /home/airflow/.local/lib/python3.12/site-packages/airflow/example_dags/example_branch_labels.py for tasks to queue
[2025-08-19T03:28:24.679+0000] {logging_mixin.py:188} INFO - [2025-08-19T03:28:24.678+0000] {dagbag.py:545} INFO - Filling up the DagBag from /home/airflow/.local/lib/python3.12/site-packages/airflow/example_dags/example_branch_labels.py
[2025-08-19T03:28:24.687+0000] {processor.py:840} INFO - DAG(s) 'example_branch_labels' retrieved from /home/airflow/.local/lib/python3.12/site-packages/airflow/example_dags/example_branch_labels.py
[2025-08-19T03:28:24.711+0000] {logging_mixin.py:188} INFO - [2025-08-19T03:28:24.711+0000] {dag.py:3096} INFO - Sync 1 DAGs
[2025-08-19T03:28:24.733+0000] {logging_mixin.py:188} INFO - [2025-08-19T03:28:24.732+0000] {dag.py:3954} INFO - Setting next_dagrun for example_branch_labels to 2025-08-18 00:00:00+00:00, run_after=2025-08-19 00:00:00+00:00
[2025-08-19T03:28:24.758+0000] {processor.py:183} INFO - Processing /home/airflow/.local/lib/python3.12/site-packages/airflow/example_dags/example_branch_labels.py took 0.088 seconds
[2025-08-19T03:28:55.117+0000] {processor.py:161} INFO - Started process (PID=24211) to work on /home/airflow/.local/lib/python3.12/site-packages/airflow/example_dags/example_branch_labels.py
[2025-08-19T03:28:55.118+0000] {processor.py:830} INFO - Processing file /home/airflow/.local/lib/python3.12/site-packages/airflow/example_dags/example_branch_labels.py for tasks to queue
[2025-08-19T03:28:55.119+0000] {logging_mixin.py:188} INFO - [2025-08-19T03:28:55.119+0000] {dagbag.py:545} INFO - Filling up the DagBag from /home/airflow/.local/lib/python3.12/site-packages/airflow/example_dags/example_branch_labels.py
[2025-08-19T03:28:55.128+0000] {processor.py:840} INFO - DAG(s) 'example_branch_labels' retrieved from /home/airflow/.local/lib/python3.12/site-packages/airflow/example_dags/example_branch_labels.py
[2025-08-19T03:28:55.152+0000] {logging_mixin.py:188} INFO - [2025-08-19T03:28:55.152+0000] {dag.py:3096} INFO - Sync 1 DAGs
[2025-08-19T03:28:55.177+0000] {logging_mixin.py:188} INFO - [2025-08-19T03:28:55.176+0000] {dag.py:3954} INFO - Setting next_dagrun for example_branch_labels to 2025-08-18 00:00:00+00:00, run_after=2025-08-19 00:00:00+00:00
[2025-08-19T03:28:55.199+0000] {processor.py:183} INFO - Processing /home/airflow/.local/lib/python3.12/site-packages/airflow/example_dags/example_branch_labels.py took 0.089 seconds
[2025-08-19T03:29:25.498+0000] {processor.py:161} INFO - Started process (PID=24264) to work on /home/airflow/.local/lib/python3.12/site-packages/airflow/example_dags/example_branch_labels.py
[2025-08-19T03:29:25.500+0000] {processor.py:830} INFO - Processing file /home/airflow/.local/lib/python3.12/site-packages/airflow/example_dags/example_branch_labels.py for tasks to queue
[2025-08-19T03:29:25.501+0000] {logging_mixin.py:188} INFO - [2025-08-19T03:29:25.500+0000] {dagbag.py:545} INFO - Filling up the DagBag from /home/airflow/.local/lib/python3.12/site-packages/airflow/example_dags/example_branch_labels.py
[2025-08-19T03:29:25.509+0000] {processor.py:840} INFO - DAG(s) 'example_branch_labels' retrieved from /home/airflow/.local/lib/python3.12/site-packages/airflow/example_dags/example_branch_labels.py
[2025-08-19T03:29:25.532+0000] {logging_mixin.py:188} INFO - [2025-08-19T03:29:25.532+0000] {dag.py:3096} INFO - Sync 1 DAGs
[2025-08-19T03:29:25.558+0000] {logging_mixin.py:188} INFO - [2025-08-19T03:29:25.557+0000] {dag.py:3954} INFO - Setting next_dagrun for example_branch_labels to 2025-08-18 00:00:00+00:00, run_after=2025-08-19 00:00:00+00:00
[2025-08-19T03:29:25.582+0000] {processor.py:183} INFO - Processing /home/airflow/.local/lib/python3.12/site-packages/airflow/example_dags/example_branch_labels.py took 0.090 seconds
[2025-08-19T03:29:55.968+0000] {processor.py:161} INFO - Started process (PID=24317) to work on /home/airflow/.local/lib/python3.12/site-packages/airflow/example_dags/example_branch_labels.py
[2025-08-19T03:29:55.969+0000] {processor.py:830} INFO - Processing file /home/airflow/.local/lib/python3.12/site-packages/airflow/example_dags/example_branch_labels.py for tasks to queue
[2025-08-19T03:29:55.971+0000] {logging_mixin.py:188} INFO - [2025-08-19T03:29:55.970+0000] {dagbag.py:545} INFO - Filling up the DagBag from /home/airflow/.local/lib/python3.12/site-packages/airflow/example_dags/example_branch_labels.py
[2025-08-19T03:29:55.981+0000] {processor.py:840} INFO - DAG(s) 'example_branch_labels' retrieved from /home/airflow/.local/lib/python3.12/site-packages/airflow/example_dags/example_branch_labels.py
[2025-08-19T03:29:56.009+0000] {logging_mixin.py:188} INFO - [2025-08-19T03:29:56.009+0000] {dag.py:3096} INFO - Sync 1 DAGs
[2025-08-19T03:29:56.034+0000] {logging_mixin.py:188} INFO - [2025-08-19T03:29:56.034+0000] {dag.py:3954} INFO - Setting next_dagrun for example_branch_labels to 2025-08-18 00:00:00+00:00, run_after=2025-08-19 00:00:00+00:00
[2025-08-19T03:29:56.058+0000] {processor.py:183} INFO - Processing /home/airflow/.local/lib/python3.12/site-packages/airflow/example_dags/example_branch_labels.py took 0.098 seconds
[2025-08-19T03:30:26.354+0000] {processor.py:161} INFO - Started process (PID=24370) to work on /home/airflow/.local/lib/python3.12/site-packages/airflow/example_dags/example_branch_labels.py
[2025-08-19T03:30:26.355+0000] {processor.py:830} INFO - Processing file /home/airflow/.local/lib/python3.12/site-packages/airflow/example_dags/example_branch_labels.py for tasks to queue
[2025-08-19T03:30:26.357+0000] {logging_mixin.py:188} INFO - [2025-08-19T03:30:26.356+0000] {dagbag.py:545} INFO - Filling up the DagBag from /home/airflow/.local/lib/python3.12/site-packages/airflow/example_dags/example_branch_labels.py
[2025-08-19T03:30:26.364+0000] {processor.py:840} INFO - DAG(s) 'example_branch_labels' retrieved from /home/airflow/.local/lib/python3.12/site-packages/airflow/example_dags/example_branch_labels.py
[2025-08-19T03:30:26.388+0000] {logging_mixin.py:188} INFO - [2025-08-19T03:30:26.387+0000] {dag.py:3096} INFO - Sync 1 DAGs
[2025-08-19T03:30:26.414+0000] {logging_mixin.py:188} INFO - [2025-08-19T03:30:26.414+0000] {dag.py:3954} INFO - Setting next_dagrun for example_branch_labels to 2025-08-18 00:00:00+00:00, run_after=2025-08-19 00:00:00+00:00
[2025-08-19T03:30:26.437+0000] {processor.py:183} INFO - Processing /home/airflow/.local/lib/python3.12/site-packages/airflow/example_dags/example_branch_labels.py took 0.089 seconds
[2025-08-19T03:30:56.966+0000] {processor.py:161} INFO - Started process (PID=24423) to work on /home/airflow/.local/lib/python3.12/site-packages/airflow/example_dags/example_branch_labels.py
[2025-08-19T03:30:56.967+0000] {processor.py:830} INFO - Processing file /home/airflow/.local/lib/python3.12/site-packages/airflow/example_dags/example_branch_labels.py for tasks to queue
[2025-08-19T03:30:56.969+0000] {logging_mixin.py:188} INFO - [2025-08-19T03:30:56.968+0000] {dagbag.py:545} INFO - Filling up the DagBag from /home/airflow/.local/lib/python3.12/site-packages/airflow/example_dags/example_branch_labels.py
[2025-08-19T03:30:56.977+0000] {processor.py:840} INFO - DAG(s) 'example_branch_labels' retrieved from /home/airflow/.local/lib/python3.12/site-packages/airflow/example_dags/example_branch_labels.py
[2025-08-19T03:30:57.000+0000] {logging_mixin.py:188} INFO - [2025-08-19T03:30:57.000+0000] {dag.py:3096} INFO - Sync 1 DAGs
[2025-08-19T03:30:57.025+0000] {logging_mixin.py:188} INFO - [2025-08-19T03:30:57.025+0000] {dag.py:3954} INFO - Setting next_dagrun for example_branch_labels to 2025-08-18 00:00:00+00:00, run_after=2025-08-19 00:00:00+00:00
[2025-08-19T03:30:57.047+0000] {processor.py:183} INFO - Processing /home/airflow/.local/lib/python3.12/site-packages/airflow/example_dags/example_branch_labels.py took 0.088 seconds
[2025-08-19T03:31:27.160+0000] {processor.py:161} INFO - Started process (PID=24476) to work on /home/airflow/.local/lib/python3.12/site-packages/airflow/example_dags/example_branch_labels.py
[2025-08-19T03:31:27.161+0000] {processor.py:830} INFO - Processing file /home/airflow/.local/lib/python3.12/site-packages/airflow/example_dags/example_branch_labels.py for tasks to queue
[2025-08-19T03:31:27.163+0000] {logging_mixin.py:188} INFO - [2025-08-19T03:31:27.162+0000] {dagbag.py:545} INFO - Filling up the DagBag from /home/airflow/.local/lib/python3.12/site-packages/airflow/example_dags/example_branch_labels.py
[2025-08-19T03:31:27.171+0000] {processor.py:840} INFO - DAG(s) 'example_branch_labels' retrieved from /home/airflow/.local/lib/python3.12/site-packages/airflow/example_dags/example_branch_labels.py
[2025-08-19T03:31:27.195+0000] {logging_mixin.py:188} INFO - [2025-08-19T03:31:27.194+0000] {dag.py:3096} INFO - Sync 1 DAGs
[2025-08-19T03:31:27.220+0000] {logging_mixin.py:188} INFO - [2025-08-19T03:31:27.220+0000] {dag.py:3954} INFO - Setting next_dagrun for example_branch_labels to 2025-08-18 00:00:00+00:00, run_after=2025-08-19 00:00:00+00:00
[2025-08-19T03:31:27.244+0000] {processor.py:183} INFO - Processing /home/airflow/.local/lib/python3.12/site-packages/airflow/example_dags/example_branch_labels.py took 0.090 seconds
[2025-08-19T03:31:57.598+0000] {processor.py:161} INFO - Started process (PID=24529) to work on /home/airflow/.local/lib/python3.12/site-packages/airflow/example_dags/example_branch_labels.py
[2025-08-19T03:31:57.600+0000] {processor.py:830} INFO - Processing file /home/airflow/.local/lib/python3.12/site-packages/airflow/example_dags/example_branch_labels.py for tasks to queue
[2025-08-19T03:31:57.601+0000] {logging_mixin.py:188} INFO - [2025-08-19T03:31:57.601+0000] {dagbag.py:545} INFO - Filling up the DagBag from /home/airflow/.local/lib/python3.12/site-packages/airflow/example_dags/example_branch_labels.py
[2025-08-19T03:31:57.609+0000] {processor.py:840} INFO - DAG(s) 'example_branch_labels' retrieved from /home/airflow/.local/lib/python3.12/site-packages/airflow/example_dags/example_branch_labels.py
[2025-08-19T03:31:57.637+0000] {logging_mixin.py:188} INFO - [2025-08-19T03:31:57.636+0000] {dag.py:3096} INFO - Sync 1 DAGs
[2025-08-19T03:31:57.660+0000] {logging_mixin.py:188} INFO - [2025-08-19T03:31:57.660+0000] {dag.py:3954} INFO - Setting next_dagrun for example_branch_labels to 2025-08-18 00:00:00+00:00, run_after=2025-08-19 00:00:00+00:00
[2025-08-19T03:31:57.686+0000] {processor.py:183} INFO - Processing /home/airflow/.local/lib/python3.12/site-packages/airflow/example_dags/example_branch_labels.py took 0.094 seconds
[2025-08-19T03:32:28.046+0000] {processor.py:161} INFO - Started process (PID=24581) to work on /home/airflow/.local/lib/python3.12/site-packages/airflow/example_dags/example_branch_labels.py
[2025-08-19T03:32:28.048+0000] {processor.py:830} INFO - Processing file /home/airflow/.local/lib/python3.12/site-packages/airflow/example_dags/example_branch_labels.py for tasks to queue
[2025-08-19T03:32:28.050+0000] {logging_mixin.py:188} INFO - [2025-08-19T03:32:28.049+0000] {dagbag.py:545} INFO - Filling up the DagBag from /home/airflow/.local/lib/python3.12/site-packages/airflow/example_dags/example_branch_labels.py
[2025-08-19T03:32:28.058+0000] {processor.py:840} INFO - DAG(s) 'example_branch_labels' retrieved from /home/airflow/.local/lib/python3.12/site-packages/airflow/example_dags/example_branch_labels.py
[2025-08-19T03:32:28.084+0000] {logging_mixin.py:188} INFO - [2025-08-19T03:32:28.084+0000] {dag.py:3096} INFO - Sync 1 DAGs
[2025-08-19T03:32:28.111+0000] {logging_mixin.py:188} INFO - [2025-08-19T03:32:28.111+0000] {dag.py:3954} INFO - Setting next_dagrun for example_branch_labels to 2025-08-18 00:00:00+00:00, run_after=2025-08-19 00:00:00+00:00
[2025-08-19T03:32:28.139+0000] {processor.py:183} INFO - Processing /home/airflow/.local/lib/python3.12/site-packages/airflow/example_dags/example_branch_labels.py took 0.099 seconds
[2025-08-19T03:32:59.274+0000] {processor.py:161} INFO - Started process (PID=24635) to work on /home/airflow/.local/lib/python3.12/site-packages/airflow/example_dags/example_branch_labels.py
[2025-08-19T03:32:59.277+0000] {processor.py:830} INFO - Processing file /home/airflow/.local/lib/python3.12/site-packages/airflow/example_dags/example_branch_labels.py for tasks to queue
[2025-08-19T03:32:59.280+0000] {logging_mixin.py:188} INFO - [2025-08-19T03:32:59.279+0000] {dagbag.py:545} INFO - Filling up the DagBag from /home/airflow/.local/lib/python3.12/site-packages/airflow/example_dags/example_branch_labels.py
[2025-08-19T03:32:59.301+0000] {processor.py:840} INFO - DAG(s) 'example_branch_labels' retrieved from /home/airflow/.local/lib/python3.12/site-packages/airflow/example_dags/example_branch_labels.py
[2025-08-19T03:32:59.344+0000] {logging_mixin.py:188} INFO - [2025-08-19T03:32:59.343+0000] {dag.py:3096} INFO - Sync 1 DAGs
[2025-08-19T03:32:59.389+0000] {logging_mixin.py:188} INFO - [2025-08-19T03:32:59.388+0000] {dag.py:3954} INFO - Setting next_dagrun for example_branch_labels to 2025-08-18 00:00:00+00:00, run_after=2025-08-19 00:00:00+00:00
[2025-08-19T03:32:59.430+0000] {processor.py:183} INFO - Processing /home/airflow/.local/lib/python3.12/site-packages/airflow/example_dags/example_branch_labels.py took 0.168 seconds
[2025-08-19T03:33:32.286+0000] {processor.py:161} INFO - Started process (PID=24688) to work on /home/airflow/.local/lib/python3.12/site-packages/airflow/example_dags/example_branch_labels.py
[2025-08-19T03:33:32.289+0000] {processor.py:830} INFO - Processing file /home/airflow/.local/lib/python3.12/site-packages/airflow/example_dags/example_branch_labels.py for tasks to queue
[2025-08-19T03:33:32.295+0000] {logging_mixin.py:188} INFO - [2025-08-19T03:33:32.292+0000] {dagbag.py:545} INFO - Filling up the DagBag from /home/airflow/.local/lib/python3.12/site-packages/airflow/example_dags/example_branch_labels.py
[2025-08-19T03:33:32.328+0000] {processor.py:840} INFO - DAG(s) 'example_branch_labels' retrieved from /home/airflow/.local/lib/python3.12/site-packages/airflow/example_dags/example_branch_labels.py
[2025-08-19T03:33:32.427+0000] {logging_mixin.py:188} INFO - [2025-08-19T03:33:32.426+0000] {dag.py:3096} INFO - Sync 1 DAGs
[2025-08-19T03:33:32.526+0000] {logging_mixin.py:188} INFO - [2025-08-19T03:33:32.525+0000] {dag.py:3954} INFO - Setting next_dagrun for example_branch_labels to 2025-08-18 00:00:00+00:00, run_after=2025-08-19 00:00:00+00:00
[2025-08-19T03:33:32.611+0000] {processor.py:183} INFO - Processing /home/airflow/.local/lib/python3.12/site-packages/airflow/example_dags/example_branch_labels.py took 0.356 seconds
[2025-08-19T03:34:03.585+0000] {processor.py:161} INFO - Started process (PID=24741) to work on /home/airflow/.local/lib/python3.12/site-packages/airflow/example_dags/example_branch_labels.py
[2025-08-19T03:34:03.587+0000] {processor.py:830} INFO - Processing file /home/airflow/.local/lib/python3.12/site-packages/airflow/example_dags/example_branch_labels.py for tasks to queue
[2025-08-19T03:34:03.588+0000] {logging_mixin.py:188} INFO - [2025-08-19T03:34:03.588+0000] {dagbag.py:545} INFO - Filling up the DagBag from /home/airflow/.local/lib/python3.12/site-packages/airflow/example_dags/example_branch_labels.py
[2025-08-19T03:34:03.597+0000] {processor.py:840} INFO - DAG(s) 'example_branch_labels' retrieved from /home/airflow/.local/lib/python3.12/site-packages/airflow/example_dags/example_branch_labels.py
[2025-08-19T03:34:03.623+0000] {logging_mixin.py:188} INFO - [2025-08-19T03:34:03.622+0000] {dag.py:3096} INFO - Sync 1 DAGs
[2025-08-19T03:34:03.650+0000] {logging_mixin.py:188} INFO - [2025-08-19T03:34:03.650+0000] {dag.py:3954} INFO - Setting next_dagrun for example_branch_labels to 2025-08-18 00:00:00+00:00, run_after=2025-08-19 00:00:00+00:00
[2025-08-19T03:34:03.677+0000] {processor.py:183} INFO - Processing /home/airflow/.local/lib/python3.12/site-packages/airflow/example_dags/example_branch_labels.py took 0.098 seconds
[2025-08-19T03:34:33.879+0000] {processor.py:161} INFO - Started process (PID=24794) to work on /home/airflow/.local/lib/python3.12/site-packages/airflow/example_dags/example_branch_labels.py
[2025-08-19T03:34:33.880+0000] {processor.py:830} INFO - Processing file /home/airflow/.local/lib/python3.12/site-packages/airflow/example_dags/example_branch_labels.py for tasks to queue
[2025-08-19T03:34:33.883+0000] {logging_mixin.py:188} INFO - [2025-08-19T03:34:33.882+0000] {dagbag.py:545} INFO - Filling up the DagBag from /home/airflow/.local/lib/python3.12/site-packages/airflow/example_dags/example_branch_labels.py
[2025-08-19T03:34:33.893+0000] {processor.py:840} INFO - DAG(s) 'example_branch_labels' retrieved from /home/airflow/.local/lib/python3.12/site-packages/airflow/example_dags/example_branch_labels.py
[2025-08-19T03:34:33.922+0000] {logging_mixin.py:188} INFO - [2025-08-19T03:34:33.922+0000] {dag.py:3096} INFO - Sync 1 DAGs
[2025-08-19T03:34:33.948+0000] {logging_mixin.py:188} INFO - [2025-08-19T03:34:33.948+0000] {dag.py:3954} INFO - Setting next_dagrun for example_branch_labels to 2025-08-18 00:00:00+00:00, run_after=2025-08-19 00:00:00+00:00
[2025-08-19T03:34:34.010+0000] {processor.py:183} INFO - Processing /home/airflow/.local/lib/python3.12/site-packages/airflow/example_dags/example_branch_labels.py took 0.139 seconds
[2025-08-19T03:35:04.419+0000] {processor.py:161} INFO - Started process (PID=24847) to work on /home/airflow/.local/lib/python3.12/site-packages/airflow/example_dags/example_branch_labels.py
[2025-08-19T03:35:04.421+0000] {processor.py:830} INFO - Processing file /home/airflow/.local/lib/python3.12/site-packages/airflow/example_dags/example_branch_labels.py for tasks to queue
[2025-08-19T03:35:04.423+0000] {logging_mixin.py:188} INFO - [2025-08-19T03:35:04.422+0000] {dagbag.py:545} INFO - Filling up the DagBag from /home/airflow/.local/lib/python3.12/site-packages/airflow/example_dags/example_branch_labels.py
[2025-08-19T03:35:04.432+0000] {processor.py:840} INFO - DAG(s) 'example_branch_labels' retrieved from /home/airflow/.local/lib/python3.12/site-packages/airflow/example_dags/example_branch_labels.py
[2025-08-19T03:35:04.458+0000] {logging_mixin.py:188} INFO - [2025-08-19T03:35:04.457+0000] {dag.py:3096} INFO - Sync 1 DAGs
[2025-08-19T03:35:04.484+0000] {logging_mixin.py:188} INFO - [2025-08-19T03:35:04.484+0000] {dag.py:3954} INFO - Setting next_dagrun for example_branch_labels to 2025-08-18 00:00:00+00:00, run_after=2025-08-19 00:00:00+00:00
[2025-08-19T03:35:04.517+0000] {processor.py:183} INFO - Processing /home/airflow/.local/lib/python3.12/site-packages/airflow/example_dags/example_branch_labels.py took 0.105 seconds
[2025-08-19T03:35:35.095+0000] {processor.py:161} INFO - Started process (PID=24900) to work on /home/airflow/.local/lib/python3.12/site-packages/airflow/example_dags/example_branch_labels.py
[2025-08-19T03:35:35.097+0000] {processor.py:830} INFO - Processing file /home/airflow/.local/lib/python3.12/site-packages/airflow/example_dags/example_branch_labels.py for tasks to queue
[2025-08-19T03:35:35.098+0000] {logging_mixin.py:188} INFO - [2025-08-19T03:35:35.098+0000] {dagbag.py:545} INFO - Filling up the DagBag from /home/airflow/.local/lib/python3.12/site-packages/airflow/example_dags/example_branch_labels.py
[2025-08-19T03:35:35.106+0000] {processor.py:840} INFO - DAG(s) 'example_branch_labels' retrieved from /home/airflow/.local/lib/python3.12/site-packages/airflow/example_dags/example_branch_labels.py
[2025-08-19T03:35:35.131+0000] {logging_mixin.py:188} INFO - [2025-08-19T03:35:35.131+0000] {dag.py:3096} INFO - Sync 1 DAGs
[2025-08-19T03:35:35.159+0000] {logging_mixin.py:188} INFO - [2025-08-19T03:35:35.159+0000] {dag.py:3954} INFO - Setting next_dagrun for example_branch_labels to 2025-08-18 00:00:00+00:00, run_after=2025-08-19 00:00:00+00:00
[2025-08-19T03:35:35.192+0000] {processor.py:183} INFO - Processing /home/airflow/.local/lib/python3.12/site-packages/airflow/example_dags/example_branch_labels.py took 0.103 seconds
[2025-08-19T03:36:05.414+0000] {processor.py:161} INFO - Started process (PID=24953) to work on /home/airflow/.local/lib/python3.12/site-packages/airflow/example_dags/example_branch_labels.py
[2025-08-19T03:36:05.415+0000] {processor.py:830} INFO - Processing file /home/airflow/.local/lib/python3.12/site-packages/airflow/example_dags/example_branch_labels.py for tasks to queue
[2025-08-19T03:36:05.417+0000] {logging_mixin.py:188} INFO - [2025-08-19T03:36:05.416+0000] {dagbag.py:545} INFO - Filling up the DagBag from /home/airflow/.local/lib/python3.12/site-packages/airflow/example_dags/example_branch_labels.py
[2025-08-19T03:36:05.427+0000] {processor.py:840} INFO - DAG(s) 'example_branch_labels' retrieved from /home/airflow/.local/lib/python3.12/site-packages/airflow/example_dags/example_branch_labels.py
[2025-08-19T03:36:05.453+0000] {logging_mixin.py:188} INFO - [2025-08-19T03:36:05.452+0000] {dag.py:3096} INFO - Sync 1 DAGs
[2025-08-19T03:36:05.478+0000] {logging_mixin.py:188} INFO - [2025-08-19T03:36:05.478+0000] {dag.py:3954} INFO - Setting next_dagrun for example_branch_labels to 2025-08-18 00:00:00+00:00, run_after=2025-08-19 00:00:00+00:00
[2025-08-19T03:36:05.506+0000] {processor.py:183} INFO - Processing /home/airflow/.local/lib/python3.12/site-packages/airflow/example_dags/example_branch_labels.py took 0.099 seconds
[2025-08-19T03:36:36.010+0000] {processor.py:161} INFO - Started process (PID=25006) to work on /home/airflow/.local/lib/python3.12/site-packages/airflow/example_dags/example_branch_labels.py
[2025-08-19T03:36:36.011+0000] {processor.py:830} INFO - Processing file /home/airflow/.local/lib/python3.12/site-packages/airflow/example_dags/example_branch_labels.py for tasks to queue
[2025-08-19T03:36:36.013+0000] {logging_mixin.py:188} INFO - [2025-08-19T03:36:36.012+0000] {dagbag.py:545} INFO - Filling up the DagBag from /home/airflow/.local/lib/python3.12/site-packages/airflow/example_dags/example_branch_labels.py
[2025-08-19T03:36:36.022+0000] {processor.py:840} INFO - DAG(s) 'example_branch_labels' retrieved from /home/airflow/.local/lib/python3.12/site-packages/airflow/example_dags/example_branch_labels.py
[2025-08-19T03:36:36.047+0000] {logging_mixin.py:188} INFO - [2025-08-19T03:36:36.046+0000] {dag.py:3096} INFO - Sync 1 DAGs
[2025-08-19T03:36:36.071+0000] {logging_mixin.py:188} INFO - [2025-08-19T03:36:36.071+0000] {dag.py:3954} INFO - Setting next_dagrun for example_branch_labels to 2025-08-18 00:00:00+00:00, run_after=2025-08-19 00:00:00+00:00
[2025-08-19T03:36:36.094+0000] {processor.py:183} INFO - Processing /home/airflow/.local/lib/python3.12/site-packages/airflow/example_dags/example_branch_labels.py took 0.091 seconds
[2025-08-19T03:37:06.528+0000] {processor.py:161} INFO - Started process (PID=25057) to work on /home/airflow/.local/lib/python3.12/site-packages/airflow/example_dags/example_branch_labels.py
[2025-08-19T03:37:06.529+0000] {processor.py:830} INFO - Processing file /home/airflow/.local/lib/python3.12/site-packages/airflow/example_dags/example_branch_labels.py for tasks to queue
[2025-08-19T03:37:06.531+0000] {logging_mixin.py:188} INFO - [2025-08-19T03:37:06.530+0000] {dagbag.py:545} INFO - Filling up the DagBag from /home/airflow/.local/lib/python3.12/site-packages/airflow/example_dags/example_branch_labels.py
[2025-08-19T03:37:06.541+0000] {processor.py:840} INFO - DAG(s) 'example_branch_labels' retrieved from /home/airflow/.local/lib/python3.12/site-packages/airflow/example_dags/example_branch_labels.py
[2025-08-19T03:37:06.569+0000] {logging_mixin.py:188} INFO - [2025-08-19T03:37:06.568+0000] {dag.py:3096} INFO - Sync 1 DAGs
[2025-08-19T03:37:06.597+0000] {logging_mixin.py:188} INFO - [2025-08-19T03:37:06.597+0000] {dag.py:3954} INFO - Setting next_dagrun for example_branch_labels to 2025-08-18 00:00:00+00:00, run_after=2025-08-19 00:00:00+00:00
[2025-08-19T03:37:06.627+0000] {processor.py:183} INFO - Processing /home/airflow/.local/lib/python3.12/site-packages/airflow/example_dags/example_branch_labels.py took 0.106 seconds
