[2025-08-19T03:09:52.337+0000] {processor.py:161} INFO - Started process (PID=22228) to work on /home/airflow/.local/lib/python3.12/site-packages/airflow/example_dags/example_params_ui_tutorial.py
[2025-08-19T03:09:52.351+0000] {processor.py:830} INFO - Processing file /home/airflow/.local/lib/python3.12/site-packages/airflow/example_dags/example_params_ui_tutorial.py for tasks to queue
[2025-08-19T03:09:52.364+0000] {logging_mixin.py:188} INFO - [2025-08-19T03:09:52.363+0000] {dagbag.py:545} INFO - Filling up the DagBag from /home/airflow/.local/lib/python3.12/site-packages/airflow/example_dags/example_params_ui_tutorial.py
[2025-08-19T03:09:52.477+0000] {processor.py:840} INFO - DAG(s) 'example_params_ui_tutorial' retrieved from /home/airflow/.local/lib/python3.12/site-packages/airflow/example_dags/example_params_ui_tutorial.py
[2025-08-19T03:09:54.000+0000] {logging_mixin.py:188} INFO - [2025-08-19T03:09:53.989+0000] {dag.py:3096} INFO - Sync 1 DAGs
[2025-08-19T03:09:54.118+0000] {logging_mixin.py:188} INFO - [2025-08-19T03:09:54.107+0000] {dag.py:3954} INFO - Setting next_dagrun for example_params_ui_tutorial to None, run_after=None
[2025-08-19T03:09:54.571+0000] {processor.py:183} INFO - Processing /home/airflow/.local/lib/python3.12/site-packages/airflow/example_dags/example_params_ui_tutorial.py took 2.273 seconds
[2025-08-19T03:10:25.380+0000] {processor.py:161} INFO - Started process (PID=22282) to work on /home/airflow/.local/lib/python3.12/site-packages/airflow/example_dags/example_params_ui_tutorial.py
[2025-08-19T03:10:25.382+0000] {processor.py:830} INFO - Processing file /home/airflow/.local/lib/python3.12/site-packages/airflow/example_dags/example_params_ui_tutorial.py for tasks to queue
[2025-08-19T03:10:25.384+0000] {logging_mixin.py:188} INFO - [2025-08-19T03:10:25.384+0000] {dagbag.py:545} INFO - Filling up the DagBag from /home/airflow/.local/lib/python3.12/site-packages/airflow/example_dags/example_params_ui_tutorial.py
[2025-08-19T03:10:25.399+0000] {processor.py:840} INFO - DAG(s) 'example_params_ui_tutorial' retrieved from /home/airflow/.local/lib/python3.12/site-packages/airflow/example_dags/example_params_ui_tutorial.py
[2025-08-19T03:10:25.452+0000] {logging_mixin.py:188} INFO - [2025-08-19T03:10:25.452+0000] {dag.py:3096} INFO - Sync 1 DAGs
[2025-08-19T03:10:25.467+0000] {logging_mixin.py:188} INFO - [2025-08-19T03:10:25.467+0000] {dag.py:3954} INFO - Setting next_dagrun for example_params_ui_tutorial to None, run_after=None
[2025-08-19T03:10:25.494+0000] {processor.py:183} INFO - Processing /home/airflow/.local/lib/python3.12/site-packages/airflow/example_dags/example_params_ui_tutorial.py took 0.121 seconds
[2025-08-19T03:10:56.100+0000] {processor.py:161} INFO - Started process (PID=22335) to work on /home/airflow/.local/lib/python3.12/site-packages/airflow/example_dags/example_params_ui_tutorial.py
[2025-08-19T03:10:56.101+0000] {processor.py:830} INFO - Processing file /home/airflow/.local/lib/python3.12/site-packages/airflow/example_dags/example_params_ui_tutorial.py for tasks to queue
[2025-08-19T03:10:56.103+0000] {logging_mixin.py:188} INFO - [2025-08-19T03:10:56.102+0000] {dagbag.py:545} INFO - Filling up the DagBag from /home/airflow/.local/lib/python3.12/site-packages/airflow/example_dags/example_params_ui_tutorial.py
[2025-08-19T03:10:56.116+0000] {processor.py:840} INFO - DAG(s) 'example_params_ui_tutorial' retrieved from /home/airflow/.local/lib/python3.12/site-packages/airflow/example_dags/example_params_ui_tutorial.py
[2025-08-19T03:10:56.170+0000] {logging_mixin.py:188} INFO - [2025-08-19T03:10:56.170+0000] {dag.py:3096} INFO - Sync 1 DAGs
[2025-08-19T03:10:56.184+0000] {logging_mixin.py:188} INFO - [2025-08-19T03:10:56.183+0000] {dag.py:3954} INFO - Setting next_dagrun for example_params_ui_tutorial to None, run_after=None
[2025-08-19T03:10:56.212+0000] {processor.py:183} INFO - Processing /home/airflow/.local/lib/python3.12/site-packages/airflow/example_dags/example_params_ui_tutorial.py took 0.119 seconds
[2025-08-19T03:11:26.663+0000] {processor.py:161} INFO - Started process (PID=22388) to work on /home/airflow/.local/lib/python3.12/site-packages/airflow/example_dags/example_params_ui_tutorial.py
[2025-08-19T03:11:26.664+0000] {processor.py:830} INFO - Processing file /home/airflow/.local/lib/python3.12/site-packages/airflow/example_dags/example_params_ui_tutorial.py for tasks to queue
[2025-08-19T03:11:26.666+0000] {logging_mixin.py:188} INFO - [2025-08-19T03:11:26.665+0000] {dagbag.py:545} INFO - Filling up the DagBag from /home/airflow/.local/lib/python3.12/site-packages/airflow/example_dags/example_params_ui_tutorial.py
[2025-08-19T03:11:26.679+0000] {processor.py:840} INFO - DAG(s) 'example_params_ui_tutorial' retrieved from /home/airflow/.local/lib/python3.12/site-packages/airflow/example_dags/example_params_ui_tutorial.py
[2025-08-19T03:11:26.730+0000] {logging_mixin.py:188} INFO - [2025-08-19T03:11:26.730+0000] {dag.py:3096} INFO - Sync 1 DAGs
[2025-08-19T03:11:26.743+0000] {logging_mixin.py:188} INFO - [2025-08-19T03:11:26.743+0000] {dag.py:3954} INFO - Setting next_dagrun for example_params_ui_tutorial to None, run_after=None
[2025-08-19T03:11:26.765+0000] {processor.py:183} INFO - Processing /home/airflow/.local/lib/python3.12/site-packages/airflow/example_dags/example_params_ui_tutorial.py took 0.108 seconds
[2025-08-19T03:11:57.236+0000] {processor.py:161} INFO - Started process (PID=22441) to work on /home/airflow/.local/lib/python3.12/site-packages/airflow/example_dags/example_params_ui_tutorial.py
[2025-08-19T03:11:57.238+0000] {processor.py:830} INFO - Processing file /home/airflow/.local/lib/python3.12/site-packages/airflow/example_dags/example_params_ui_tutorial.py for tasks to queue
[2025-08-19T03:11:57.240+0000] {logging_mixin.py:188} INFO - [2025-08-19T03:11:57.239+0000] {dagbag.py:545} INFO - Filling up the DagBag from /home/airflow/.local/lib/python3.12/site-packages/airflow/example_dags/example_params_ui_tutorial.py
[2025-08-19T03:11:57.252+0000] {processor.py:840} INFO - DAG(s) 'example_params_ui_tutorial' retrieved from /home/airflow/.local/lib/python3.12/site-packages/airflow/example_dags/example_params_ui_tutorial.py
[2025-08-19T03:11:57.302+0000] {logging_mixin.py:188} INFO - [2025-08-19T03:11:57.301+0000] {dag.py:3096} INFO - Sync 1 DAGs
[2025-08-19T03:11:57.315+0000] {logging_mixin.py:188} INFO - [2025-08-19T03:11:57.314+0000] {dag.py:3954} INFO - Setting next_dagrun for example_params_ui_tutorial to None, run_after=None
[2025-08-19T03:11:57.339+0000] {processor.py:183} INFO - Processing /home/airflow/.local/lib/python3.12/site-packages/airflow/example_dags/example_params_ui_tutorial.py took 0.110 seconds
[2025-08-19T03:12:27.747+0000] {processor.py:161} INFO - Started process (PID=22494) to work on /home/airflow/.local/lib/python3.12/site-packages/airflow/example_dags/example_params_ui_tutorial.py
[2025-08-19T03:12:27.749+0000] {processor.py:830} INFO - Processing file /home/airflow/.local/lib/python3.12/site-packages/airflow/example_dags/example_params_ui_tutorial.py for tasks to queue
[2025-08-19T03:12:27.751+0000] {logging_mixin.py:188} INFO - [2025-08-19T03:12:27.750+0000] {dagbag.py:545} INFO - Filling up the DagBag from /home/airflow/.local/lib/python3.12/site-packages/airflow/example_dags/example_params_ui_tutorial.py
[2025-08-19T03:12:27.764+0000] {processor.py:840} INFO - DAG(s) 'example_params_ui_tutorial' retrieved from /home/airflow/.local/lib/python3.12/site-packages/airflow/example_dags/example_params_ui_tutorial.py
[2025-08-19T03:12:27.817+0000] {logging_mixin.py:188} INFO - [2025-08-19T03:12:27.817+0000] {dag.py:3096} INFO - Sync 1 DAGs
[2025-08-19T03:12:27.831+0000] {logging_mixin.py:188} INFO - [2025-08-19T03:12:27.830+0000] {dag.py:3954} INFO - Setting next_dagrun for example_params_ui_tutorial to None, run_after=None
[2025-08-19T03:12:27.855+0000] {processor.py:183} INFO - Processing /home/airflow/.local/lib/python3.12/site-packages/airflow/example_dags/example_params_ui_tutorial.py took 0.116 seconds
[2025-08-19T03:12:58.407+0000] {processor.py:161} INFO - Started process (PID=22547) to work on /home/airflow/.local/lib/python3.12/site-packages/airflow/example_dags/example_params_ui_tutorial.py
[2025-08-19T03:12:58.409+0000] {processor.py:830} INFO - Processing file /home/airflow/.local/lib/python3.12/site-packages/airflow/example_dags/example_params_ui_tutorial.py for tasks to queue
[2025-08-19T03:12:58.410+0000] {logging_mixin.py:188} INFO - [2025-08-19T03:12:58.410+0000] {dagbag.py:545} INFO - Filling up the DagBag from /home/airflow/.local/lib/python3.12/site-packages/airflow/example_dags/example_params_ui_tutorial.py
[2025-08-19T03:12:58.424+0000] {processor.py:840} INFO - DAG(s) 'example_params_ui_tutorial' retrieved from /home/airflow/.local/lib/python3.12/site-packages/airflow/example_dags/example_params_ui_tutorial.py
[2025-08-19T03:12:58.474+0000] {logging_mixin.py:188} INFO - [2025-08-19T03:12:58.474+0000] {dag.py:3096} INFO - Sync 1 DAGs
[2025-08-19T03:12:58.487+0000] {logging_mixin.py:188} INFO - [2025-08-19T03:12:58.487+0000] {dag.py:3954} INFO - Setting next_dagrun for example_params_ui_tutorial to None, run_after=None
[2025-08-19T03:12:58.508+0000] {processor.py:183} INFO - Processing /home/airflow/.local/lib/python3.12/site-packages/airflow/example_dags/example_params_ui_tutorial.py took 0.109 seconds
[2025-08-19T03:13:29.188+0000] {processor.py:161} INFO - Started process (PID=22600) to work on /home/airflow/.local/lib/python3.12/site-packages/airflow/example_dags/example_params_ui_tutorial.py
[2025-08-19T03:13:29.196+0000] {processor.py:830} INFO - Processing file /home/airflow/.local/lib/python3.12/site-packages/airflow/example_dags/example_params_ui_tutorial.py for tasks to queue
[2025-08-19T03:13:29.203+0000] {logging_mixin.py:188} INFO - [2025-08-19T03:13:29.202+0000] {dagbag.py:545} INFO - Filling up the DagBag from /home/airflow/.local/lib/python3.12/site-packages/airflow/example_dags/example_params_ui_tutorial.py
[2025-08-19T03:13:29.220+0000] {processor.py:840} INFO - DAG(s) 'example_params_ui_tutorial' retrieved from /home/airflow/.local/lib/python3.12/site-packages/airflow/example_dags/example_params_ui_tutorial.py
[2025-08-19T03:13:29.274+0000] {logging_mixin.py:188} INFO - [2025-08-19T03:13:29.273+0000] {dag.py:3096} INFO - Sync 1 DAGs
[2025-08-19T03:13:29.287+0000] {logging_mixin.py:188} INFO - [2025-08-19T03:13:29.286+0000] {dag.py:3954} INFO - Setting next_dagrun for example_params_ui_tutorial to None, run_after=None
[2025-08-19T03:13:29.310+0000] {processor.py:183} INFO - Processing /home/airflow/.local/lib/python3.12/site-packages/airflow/example_dags/example_params_ui_tutorial.py took 0.129 seconds
[2025-08-19T03:13:59.944+0000] {processor.py:161} INFO - Started process (PID=22653) to work on /home/airflow/.local/lib/python3.12/site-packages/airflow/example_dags/example_params_ui_tutorial.py
[2025-08-19T03:13:59.945+0000] {processor.py:830} INFO - Processing file /home/airflow/.local/lib/python3.12/site-packages/airflow/example_dags/example_params_ui_tutorial.py for tasks to queue
[2025-08-19T03:13:59.946+0000] {logging_mixin.py:188} INFO - [2025-08-19T03:13:59.946+0000] {dagbag.py:545} INFO - Filling up the DagBag from /home/airflow/.local/lib/python3.12/site-packages/airflow/example_dags/example_params_ui_tutorial.py
[2025-08-19T03:13:59.960+0000] {processor.py:840} INFO - DAG(s) 'example_params_ui_tutorial' retrieved from /home/airflow/.local/lib/python3.12/site-packages/airflow/example_dags/example_params_ui_tutorial.py
[2025-08-19T03:14:00.010+0000] {logging_mixin.py:188} INFO - [2025-08-19T03:14:00.010+0000] {dag.py:3096} INFO - Sync 1 DAGs
[2025-08-19T03:14:00.025+0000] {logging_mixin.py:188} INFO - [2025-08-19T03:14:00.025+0000] {dag.py:3954} INFO - Setting next_dagrun for example_params_ui_tutorial to None, run_after=None
[2025-08-19T03:14:00.051+0000] {processor.py:183} INFO - Processing /home/airflow/.local/lib/python3.12/site-packages/airflow/example_dags/example_params_ui_tutorial.py took 0.115 seconds
[2025-08-19T03:14:30.751+0000] {processor.py:161} INFO - Started process (PID=22706) to work on /home/airflow/.local/lib/python3.12/site-packages/airflow/example_dags/example_params_ui_tutorial.py
[2025-08-19T03:14:30.752+0000] {processor.py:830} INFO - Processing file /home/airflow/.local/lib/python3.12/site-packages/airflow/example_dags/example_params_ui_tutorial.py for tasks to queue
[2025-08-19T03:14:30.754+0000] {logging_mixin.py:188} INFO - [2025-08-19T03:14:30.754+0000] {dagbag.py:545} INFO - Filling up the DagBag from /home/airflow/.local/lib/python3.12/site-packages/airflow/example_dags/example_params_ui_tutorial.py
[2025-08-19T03:14:30.766+0000] {processor.py:840} INFO - DAG(s) 'example_params_ui_tutorial' retrieved from /home/airflow/.local/lib/python3.12/site-packages/airflow/example_dags/example_params_ui_tutorial.py
[2025-08-19T03:14:30.819+0000] {logging_mixin.py:188} INFO - [2025-08-19T03:14:30.819+0000] {dag.py:3096} INFO - Sync 1 DAGs
[2025-08-19T03:14:30.833+0000] {logging_mixin.py:188} INFO - [2025-08-19T03:14:30.833+0000] {dag.py:3954} INFO - Setting next_dagrun for example_params_ui_tutorial to None, run_after=None
[2025-08-19T03:14:30.857+0000] {processor.py:183} INFO - Processing /home/airflow/.local/lib/python3.12/site-packages/airflow/example_dags/example_params_ui_tutorial.py took 0.115 seconds
[2025-08-19T03:15:01.611+0000] {processor.py:161} INFO - Started process (PID=22759) to work on /home/airflow/.local/lib/python3.12/site-packages/airflow/example_dags/example_params_ui_tutorial.py
[2025-08-19T03:15:01.614+0000] {processor.py:830} INFO - Processing file /home/airflow/.local/lib/python3.12/site-packages/airflow/example_dags/example_params_ui_tutorial.py for tasks to queue
[2025-08-19T03:15:01.616+0000] {logging_mixin.py:188} INFO - [2025-08-19T03:15:01.616+0000] {dagbag.py:545} INFO - Filling up the DagBag from /home/airflow/.local/lib/python3.12/site-packages/airflow/example_dags/example_params_ui_tutorial.py
[2025-08-19T03:15:01.634+0000] {processor.py:840} INFO - DAG(s) 'example_params_ui_tutorial' retrieved from /home/airflow/.local/lib/python3.12/site-packages/airflow/example_dags/example_params_ui_tutorial.py
[2025-08-19T03:15:01.687+0000] {logging_mixin.py:188} INFO - [2025-08-19T03:15:01.687+0000] {dag.py:3096} INFO - Sync 1 DAGs
[2025-08-19T03:15:01.701+0000] {logging_mixin.py:188} INFO - [2025-08-19T03:15:01.701+0000] {dag.py:3954} INFO - Setting next_dagrun for example_params_ui_tutorial to None, run_after=None
[2025-08-19T03:15:01.734+0000] {processor.py:183} INFO - Processing /home/airflow/.local/lib/python3.12/site-packages/airflow/example_dags/example_params_ui_tutorial.py took 0.134 seconds
[2025-08-19T03:15:32.401+0000] {processor.py:161} INFO - Started process (PID=22812) to work on /home/airflow/.local/lib/python3.12/site-packages/airflow/example_dags/example_params_ui_tutorial.py
[2025-08-19T03:15:32.403+0000] {processor.py:830} INFO - Processing file /home/airflow/.local/lib/python3.12/site-packages/airflow/example_dags/example_params_ui_tutorial.py for tasks to queue
[2025-08-19T03:15:32.405+0000] {logging_mixin.py:188} INFO - [2025-08-19T03:15:32.404+0000] {dagbag.py:545} INFO - Filling up the DagBag from /home/airflow/.local/lib/python3.12/site-packages/airflow/example_dags/example_params_ui_tutorial.py
[2025-08-19T03:15:32.421+0000] {processor.py:840} INFO - DAG(s) 'example_params_ui_tutorial' retrieved from /home/airflow/.local/lib/python3.12/site-packages/airflow/example_dags/example_params_ui_tutorial.py
[2025-08-19T03:15:32.472+0000] {logging_mixin.py:188} INFO - [2025-08-19T03:15:32.472+0000] {dag.py:3096} INFO - Sync 1 DAGs
[2025-08-19T03:15:32.485+0000] {logging_mixin.py:188} INFO - [2025-08-19T03:15:32.485+0000] {dag.py:3954} INFO - Setting next_dagrun for example_params_ui_tutorial to None, run_after=None
[2025-08-19T03:15:32.514+0000] {processor.py:183} INFO - Processing /home/airflow/.local/lib/python3.12/site-packages/airflow/example_dags/example_params_ui_tutorial.py took 0.124 seconds
[2025-08-19T03:16:03.428+0000] {processor.py:161} INFO - Started process (PID=22865) to work on /home/airflow/.local/lib/python3.12/site-packages/airflow/example_dags/example_params_ui_tutorial.py
[2025-08-19T03:16:03.430+0000] {processor.py:830} INFO - Processing file /home/airflow/.local/lib/python3.12/site-packages/airflow/example_dags/example_params_ui_tutorial.py for tasks to queue
[2025-08-19T03:16:03.432+0000] {logging_mixin.py:188} INFO - [2025-08-19T03:16:03.432+0000] {dagbag.py:545} INFO - Filling up the DagBag from /home/airflow/.local/lib/python3.12/site-packages/airflow/example_dags/example_params_ui_tutorial.py
[2025-08-19T03:16:03.448+0000] {processor.py:840} INFO - DAG(s) 'example_params_ui_tutorial' retrieved from /home/airflow/.local/lib/python3.12/site-packages/airflow/example_dags/example_params_ui_tutorial.py
[2025-08-19T03:16:03.505+0000] {logging_mixin.py:188} INFO - [2025-08-19T03:16:03.505+0000] {dag.py:3096} INFO - Sync 1 DAGs
[2025-08-19T03:16:03.519+0000] {logging_mixin.py:188} INFO - [2025-08-19T03:16:03.518+0000] {dag.py:3954} INFO - Setting next_dagrun for example_params_ui_tutorial to None, run_after=None
[2025-08-19T03:16:03.544+0000] {processor.py:183} INFO - Processing /home/airflow/.local/lib/python3.12/site-packages/airflow/example_dags/example_params_ui_tutorial.py took 0.123 seconds
[2025-08-19T03:16:33.648+0000] {processor.py:161} INFO - Started process (PID=22918) to work on /home/airflow/.local/lib/python3.12/site-packages/airflow/example_dags/example_params_ui_tutorial.py
[2025-08-19T03:16:33.650+0000] {processor.py:830} INFO - Processing file /home/airflow/.local/lib/python3.12/site-packages/airflow/example_dags/example_params_ui_tutorial.py for tasks to queue
[2025-08-19T03:16:33.651+0000] {logging_mixin.py:188} INFO - [2025-08-19T03:16:33.651+0000] {dagbag.py:545} INFO - Filling up the DagBag from /home/airflow/.local/lib/python3.12/site-packages/airflow/example_dags/example_params_ui_tutorial.py
[2025-08-19T03:16:33.663+0000] {processor.py:840} INFO - DAG(s) 'example_params_ui_tutorial' retrieved from /home/airflow/.local/lib/python3.12/site-packages/airflow/example_dags/example_params_ui_tutorial.py
[2025-08-19T03:16:33.715+0000] {logging_mixin.py:188} INFO - [2025-08-19T03:16:33.715+0000] {dag.py:3096} INFO - Sync 1 DAGs
[2025-08-19T03:16:33.727+0000] {logging_mixin.py:188} INFO - [2025-08-19T03:16:33.727+0000] {dag.py:3954} INFO - Setting next_dagrun for example_params_ui_tutorial to None, run_after=None
[2025-08-19T03:16:33.758+0000] {processor.py:183} INFO - Processing /home/airflow/.local/lib/python3.12/site-packages/airflow/example_dags/example_params_ui_tutorial.py took 0.116 seconds
[2025-08-19T03:17:04.167+0000] {processor.py:161} INFO - Started process (PID=22971) to work on /home/airflow/.local/lib/python3.12/site-packages/airflow/example_dags/example_params_ui_tutorial.py
[2025-08-19T03:17:04.169+0000] {processor.py:830} INFO - Processing file /home/airflow/.local/lib/python3.12/site-packages/airflow/example_dags/example_params_ui_tutorial.py for tasks to queue
[2025-08-19T03:17:04.172+0000] {logging_mixin.py:188} INFO - [2025-08-19T03:17:04.171+0000] {dagbag.py:545} INFO - Filling up the DagBag from /home/airflow/.local/lib/python3.12/site-packages/airflow/example_dags/example_params_ui_tutorial.py
[2025-08-19T03:17:04.187+0000] {processor.py:840} INFO - DAG(s) 'example_params_ui_tutorial' retrieved from /home/airflow/.local/lib/python3.12/site-packages/airflow/example_dags/example_params_ui_tutorial.py
[2025-08-19T03:17:04.243+0000] {logging_mixin.py:188} INFO - [2025-08-19T03:17:04.243+0000] {dag.py:3096} INFO - Sync 1 DAGs
[2025-08-19T03:17:04.258+0000] {logging_mixin.py:188} INFO - [2025-08-19T03:17:04.257+0000] {dag.py:3954} INFO - Setting next_dagrun for example_params_ui_tutorial to None, run_after=None
[2025-08-19T03:17:04.283+0000] {processor.py:183} INFO - Processing /home/airflow/.local/lib/python3.12/site-packages/airflow/example_dags/example_params_ui_tutorial.py took 0.125 seconds
[2025-08-19T03:17:34.577+0000] {processor.py:161} INFO - Started process (PID=23024) to work on /home/airflow/.local/lib/python3.12/site-packages/airflow/example_dags/example_params_ui_tutorial.py
[2025-08-19T03:17:34.580+0000] {processor.py:830} INFO - Processing file /home/airflow/.local/lib/python3.12/site-packages/airflow/example_dags/example_params_ui_tutorial.py for tasks to queue
[2025-08-19T03:17:34.582+0000] {logging_mixin.py:188} INFO - [2025-08-19T03:17:34.581+0000] {dagbag.py:545} INFO - Filling up the DagBag from /home/airflow/.local/lib/python3.12/site-packages/airflow/example_dags/example_params_ui_tutorial.py
[2025-08-19T03:17:34.600+0000] {processor.py:840} INFO - DAG(s) 'example_params_ui_tutorial' retrieved from /home/airflow/.local/lib/python3.12/site-packages/airflow/example_dags/example_params_ui_tutorial.py
[2025-08-19T03:17:34.666+0000] {logging_mixin.py:188} INFO - [2025-08-19T03:17:34.666+0000] {dag.py:3096} INFO - Sync 1 DAGs
[2025-08-19T03:17:34.681+0000] {logging_mixin.py:188} INFO - [2025-08-19T03:17:34.681+0000] {dag.py:3954} INFO - Setting next_dagrun for example_params_ui_tutorial to None, run_after=None
[2025-08-19T03:17:34.706+0000] {processor.py:183} INFO - Processing /home/airflow/.local/lib/python3.12/site-packages/airflow/example_dags/example_params_ui_tutorial.py took 0.139 seconds
[2025-08-19T03:18:04.778+0000] {processor.py:161} INFO - Started process (PID=23077) to work on /home/airflow/.local/lib/python3.12/site-packages/airflow/example_dags/example_params_ui_tutorial.py
[2025-08-19T03:18:04.781+0000] {processor.py:830} INFO - Processing file /home/airflow/.local/lib/python3.12/site-packages/airflow/example_dags/example_params_ui_tutorial.py for tasks to queue
[2025-08-19T03:18:04.784+0000] {logging_mixin.py:188} INFO - [2025-08-19T03:18:04.782+0000] {dagbag.py:545} INFO - Filling up the DagBag from /home/airflow/.local/lib/python3.12/site-packages/airflow/example_dags/example_params_ui_tutorial.py
[2025-08-19T03:18:04.803+0000] {processor.py:840} INFO - DAG(s) 'example_params_ui_tutorial' retrieved from /home/airflow/.local/lib/python3.12/site-packages/airflow/example_dags/example_params_ui_tutorial.py
[2025-08-19T03:18:04.859+0000] {logging_mixin.py:188} INFO - [2025-08-19T03:18:04.858+0000] {dag.py:3096} INFO - Sync 1 DAGs
[2025-08-19T03:18:04.879+0000] {logging_mixin.py:188} INFO - [2025-08-19T03:18:04.878+0000] {dag.py:3954} INFO - Setting next_dagrun for example_params_ui_tutorial to None, run_after=None
[2025-08-19T03:18:04.915+0000] {processor.py:183} INFO - Processing /home/airflow/.local/lib/python3.12/site-packages/airflow/example_dags/example_params_ui_tutorial.py took 0.145 seconds
[2025-08-19T03:18:35.079+0000] {processor.py:161} INFO - Started process (PID=23130) to work on /home/airflow/.local/lib/python3.12/site-packages/airflow/example_dags/example_params_ui_tutorial.py
[2025-08-19T03:18:35.081+0000] {processor.py:830} INFO - Processing file /home/airflow/.local/lib/python3.12/site-packages/airflow/example_dags/example_params_ui_tutorial.py for tasks to queue
[2025-08-19T03:18:35.084+0000] {logging_mixin.py:188} INFO - [2025-08-19T03:18:35.083+0000] {dagbag.py:545} INFO - Filling up the DagBag from /home/airflow/.local/lib/python3.12/site-packages/airflow/example_dags/example_params_ui_tutorial.py
[2025-08-19T03:18:35.104+0000] {processor.py:840} INFO - DAG(s) 'example_params_ui_tutorial' retrieved from /home/airflow/.local/lib/python3.12/site-packages/airflow/example_dags/example_params_ui_tutorial.py
[2025-08-19T03:18:35.159+0000] {logging_mixin.py:188} INFO - [2025-08-19T03:18:35.159+0000] {dag.py:3096} INFO - Sync 1 DAGs
[2025-08-19T03:18:35.173+0000] {logging_mixin.py:188} INFO - [2025-08-19T03:18:35.173+0000] {dag.py:3954} INFO - Setting next_dagrun for example_params_ui_tutorial to None, run_after=None
[2025-08-19T03:18:35.203+0000] {processor.py:183} INFO - Processing /home/airflow/.local/lib/python3.12/site-packages/airflow/example_dags/example_params_ui_tutorial.py took 0.132 seconds
[2025-08-19T03:19:05.336+0000] {processor.py:161} INFO - Started process (PID=23183) to work on /home/airflow/.local/lib/python3.12/site-packages/airflow/example_dags/example_params_ui_tutorial.py
[2025-08-19T03:19:05.337+0000] {processor.py:830} INFO - Processing file /home/airflow/.local/lib/python3.12/site-packages/airflow/example_dags/example_params_ui_tutorial.py for tasks to queue
[2025-08-19T03:19:05.339+0000] {logging_mixin.py:188} INFO - [2025-08-19T03:19:05.338+0000] {dagbag.py:545} INFO - Filling up the DagBag from /home/airflow/.local/lib/python3.12/site-packages/airflow/example_dags/example_params_ui_tutorial.py
[2025-08-19T03:19:05.353+0000] {processor.py:840} INFO - DAG(s) 'example_params_ui_tutorial' retrieved from /home/airflow/.local/lib/python3.12/site-packages/airflow/example_dags/example_params_ui_tutorial.py
[2025-08-19T03:19:05.400+0000] {logging_mixin.py:188} INFO - [2025-08-19T03:19:05.400+0000] {dag.py:3096} INFO - Sync 1 DAGs
[2025-08-19T03:19:05.412+0000] {logging_mixin.py:188} INFO - [2025-08-19T03:19:05.412+0000] {dag.py:3954} INFO - Setting next_dagrun for example_params_ui_tutorial to None, run_after=None
[2025-08-19T03:19:05.438+0000] {processor.py:183} INFO - Processing /home/airflow/.local/lib/python3.12/site-packages/airflow/example_dags/example_params_ui_tutorial.py took 0.110 seconds
[2025-08-19T03:19:36.231+0000] {processor.py:161} INFO - Started process (PID=23234) to work on /home/airflow/.local/lib/python3.12/site-packages/airflow/example_dags/example_params_ui_tutorial.py
[2025-08-19T03:19:36.234+0000] {processor.py:830} INFO - Processing file /home/airflow/.local/lib/python3.12/site-packages/airflow/example_dags/example_params_ui_tutorial.py for tasks to queue
[2025-08-19T03:19:36.235+0000] {logging_mixin.py:188} INFO - [2025-08-19T03:19:36.235+0000] {dagbag.py:545} INFO - Filling up the DagBag from /home/airflow/.local/lib/python3.12/site-packages/airflow/example_dags/example_params_ui_tutorial.py
[2025-08-19T03:19:36.248+0000] {processor.py:840} INFO - DAG(s) 'example_params_ui_tutorial' retrieved from /home/airflow/.local/lib/python3.12/site-packages/airflow/example_dags/example_params_ui_tutorial.py
[2025-08-19T03:19:36.307+0000] {logging_mixin.py:188} INFO - [2025-08-19T03:19:36.307+0000] {dag.py:3096} INFO - Sync 1 DAGs
[2025-08-19T03:19:36.326+0000] {logging_mixin.py:188} INFO - [2025-08-19T03:19:36.326+0000] {dag.py:3954} INFO - Setting next_dagrun for example_params_ui_tutorial to None, run_after=None
[2025-08-19T03:19:36.359+0000] {processor.py:183} INFO - Processing /home/airflow/.local/lib/python3.12/site-packages/airflow/example_dags/example_params_ui_tutorial.py took 0.134 seconds
[2025-08-19T03:20:06.495+0000] {processor.py:161} INFO - Started process (PID=23287) to work on /home/airflow/.local/lib/python3.12/site-packages/airflow/example_dags/example_params_ui_tutorial.py
[2025-08-19T03:20:06.498+0000] {processor.py:830} INFO - Processing file /home/airflow/.local/lib/python3.12/site-packages/airflow/example_dags/example_params_ui_tutorial.py for tasks to queue
[2025-08-19T03:20:06.500+0000] {logging_mixin.py:188} INFO - [2025-08-19T03:20:06.499+0000] {dagbag.py:545} INFO - Filling up the DagBag from /home/airflow/.local/lib/python3.12/site-packages/airflow/example_dags/example_params_ui_tutorial.py
[2025-08-19T03:20:06.514+0000] {processor.py:840} INFO - DAG(s) 'example_params_ui_tutorial' retrieved from /home/airflow/.local/lib/python3.12/site-packages/airflow/example_dags/example_params_ui_tutorial.py
[2025-08-19T03:20:06.565+0000] {logging_mixin.py:188} INFO - [2025-08-19T03:20:06.565+0000] {dag.py:3096} INFO - Sync 1 DAGs
[2025-08-19T03:20:06.579+0000] {logging_mixin.py:188} INFO - [2025-08-19T03:20:06.579+0000] {dag.py:3954} INFO - Setting next_dagrun for example_params_ui_tutorial to None, run_after=None
[2025-08-19T03:20:06.605+0000] {processor.py:183} INFO - Processing /home/airflow/.local/lib/python3.12/site-packages/airflow/example_dags/example_params_ui_tutorial.py took 0.121 seconds
[2025-08-19T03:20:37.496+0000] {processor.py:161} INFO - Started process (PID=23340) to work on /home/airflow/.local/lib/python3.12/site-packages/airflow/example_dags/example_params_ui_tutorial.py
[2025-08-19T03:20:37.497+0000] {processor.py:830} INFO - Processing file /home/airflow/.local/lib/python3.12/site-packages/airflow/example_dags/example_params_ui_tutorial.py for tasks to queue
[2025-08-19T03:20:37.499+0000] {logging_mixin.py:188} INFO - [2025-08-19T03:20:37.499+0000] {dagbag.py:545} INFO - Filling up the DagBag from /home/airflow/.local/lib/python3.12/site-packages/airflow/example_dags/example_params_ui_tutorial.py
[2025-08-19T03:20:37.512+0000] {processor.py:840} INFO - DAG(s) 'example_params_ui_tutorial' retrieved from /home/airflow/.local/lib/python3.12/site-packages/airflow/example_dags/example_params_ui_tutorial.py
[2025-08-19T03:20:37.565+0000] {logging_mixin.py:188} INFO - [2025-08-19T03:20:37.565+0000] {dag.py:3096} INFO - Sync 1 DAGs
[2025-08-19T03:20:37.581+0000] {logging_mixin.py:188} INFO - [2025-08-19T03:20:37.580+0000] {dag.py:3954} INFO - Setting next_dagrun for example_params_ui_tutorial to None, run_after=None
[2025-08-19T03:20:37.615+0000] {processor.py:183} INFO - Processing /home/airflow/.local/lib/python3.12/site-packages/airflow/example_dags/example_params_ui_tutorial.py took 0.126 seconds
[2025-08-19T03:21:07.771+0000] {processor.py:161} INFO - Started process (PID=23393) to work on /home/airflow/.local/lib/python3.12/site-packages/airflow/example_dags/example_params_ui_tutorial.py
[2025-08-19T03:21:07.773+0000] {processor.py:830} INFO - Processing file /home/airflow/.local/lib/python3.12/site-packages/airflow/example_dags/example_params_ui_tutorial.py for tasks to queue
[2025-08-19T03:21:07.774+0000] {logging_mixin.py:188} INFO - [2025-08-19T03:21:07.774+0000] {dagbag.py:545} INFO - Filling up the DagBag from /home/airflow/.local/lib/python3.12/site-packages/airflow/example_dags/example_params_ui_tutorial.py
[2025-08-19T03:21:07.789+0000] {processor.py:840} INFO - DAG(s) 'example_params_ui_tutorial' retrieved from /home/airflow/.local/lib/python3.12/site-packages/airflow/example_dags/example_params_ui_tutorial.py
[2025-08-19T03:21:07.846+0000] {logging_mixin.py:188} INFO - [2025-08-19T03:21:07.845+0000] {dag.py:3096} INFO - Sync 1 DAGs
[2025-08-19T03:21:07.859+0000] {logging_mixin.py:188} INFO - [2025-08-19T03:21:07.859+0000] {dag.py:3954} INFO - Setting next_dagrun for example_params_ui_tutorial to None, run_after=None
[2025-08-19T03:21:07.885+0000] {processor.py:183} INFO - Processing /home/airflow/.local/lib/python3.12/site-packages/airflow/example_dags/example_params_ui_tutorial.py took 0.125 seconds
[2025-08-19T03:21:38.752+0000] {processor.py:161} INFO - Started process (PID=23446) to work on /home/airflow/.local/lib/python3.12/site-packages/airflow/example_dags/example_params_ui_tutorial.py
[2025-08-19T03:21:38.754+0000] {processor.py:830} INFO - Processing file /home/airflow/.local/lib/python3.12/site-packages/airflow/example_dags/example_params_ui_tutorial.py for tasks to queue
[2025-08-19T03:21:38.755+0000] {logging_mixin.py:188} INFO - [2025-08-19T03:21:38.755+0000] {dagbag.py:545} INFO - Filling up the DagBag from /home/airflow/.local/lib/python3.12/site-packages/airflow/example_dags/example_params_ui_tutorial.py
[2025-08-19T03:21:38.767+0000] {processor.py:840} INFO - DAG(s) 'example_params_ui_tutorial' retrieved from /home/airflow/.local/lib/python3.12/site-packages/airflow/example_dags/example_params_ui_tutorial.py
[2025-08-19T03:21:38.824+0000] {logging_mixin.py:188} INFO - [2025-08-19T03:21:38.823+0000] {dag.py:3096} INFO - Sync 1 DAGs
[2025-08-19T03:21:38.839+0000] {logging_mixin.py:188} INFO - [2025-08-19T03:21:38.838+0000] {dag.py:3954} INFO - Setting next_dagrun for example_params_ui_tutorial to None, run_after=None
[2025-08-19T03:21:38.869+0000] {processor.py:183} INFO - Processing /home/airflow/.local/lib/python3.12/site-packages/airflow/example_dags/example_params_ui_tutorial.py took 0.123 seconds
[2025-08-19T03:22:09.393+0000] {processor.py:161} INFO - Started process (PID=23499) to work on /home/airflow/.local/lib/python3.12/site-packages/airflow/example_dags/example_params_ui_tutorial.py
[2025-08-19T03:22:09.395+0000] {processor.py:830} INFO - Processing file /home/airflow/.local/lib/python3.12/site-packages/airflow/example_dags/example_params_ui_tutorial.py for tasks to queue
[2025-08-19T03:22:09.396+0000] {logging_mixin.py:188} INFO - [2025-08-19T03:22:09.396+0000] {dagbag.py:545} INFO - Filling up the DagBag from /home/airflow/.local/lib/python3.12/site-packages/airflow/example_dags/example_params_ui_tutorial.py
[2025-08-19T03:22:09.409+0000] {processor.py:840} INFO - DAG(s) 'example_params_ui_tutorial' retrieved from /home/airflow/.local/lib/python3.12/site-packages/airflow/example_dags/example_params_ui_tutorial.py
[2025-08-19T03:22:09.464+0000] {logging_mixin.py:188} INFO - [2025-08-19T03:22:09.464+0000] {dag.py:3096} INFO - Sync 1 DAGs
[2025-08-19T03:22:09.480+0000] {logging_mixin.py:188} INFO - [2025-08-19T03:22:09.480+0000] {dag.py:3954} INFO - Setting next_dagrun for example_params_ui_tutorial to None, run_after=None
[2025-08-19T03:22:09.508+0000] {processor.py:183} INFO - Processing /home/airflow/.local/lib/python3.12/site-packages/airflow/example_dags/example_params_ui_tutorial.py took 0.121 seconds
[2025-08-19T03:22:39.914+0000] {processor.py:161} INFO - Started process (PID=23552) to work on /home/airflow/.local/lib/python3.12/site-packages/airflow/example_dags/example_params_ui_tutorial.py
[2025-08-19T03:22:39.916+0000] {processor.py:830} INFO - Processing file /home/airflow/.local/lib/python3.12/site-packages/airflow/example_dags/example_params_ui_tutorial.py for tasks to queue
[2025-08-19T03:22:39.918+0000] {logging_mixin.py:188} INFO - [2025-08-19T03:22:39.918+0000] {dagbag.py:545} INFO - Filling up the DagBag from /home/airflow/.local/lib/python3.12/site-packages/airflow/example_dags/example_params_ui_tutorial.py
[2025-08-19T03:22:39.930+0000] {processor.py:840} INFO - DAG(s) 'example_params_ui_tutorial' retrieved from /home/airflow/.local/lib/python3.12/site-packages/airflow/example_dags/example_params_ui_tutorial.py
[2025-08-19T03:22:39.985+0000] {logging_mixin.py:188} INFO - [2025-08-19T03:22:39.985+0000] {dag.py:3096} INFO - Sync 1 DAGs
[2025-08-19T03:22:40.001+0000] {logging_mixin.py:188} INFO - [2025-08-19T03:22:40.001+0000] {dag.py:3954} INFO - Setting next_dagrun for example_params_ui_tutorial to None, run_after=None
[2025-08-19T03:22:40.027+0000] {processor.py:183} INFO - Processing /home/airflow/.local/lib/python3.12/site-packages/airflow/example_dags/example_params_ui_tutorial.py took 0.120 seconds
[2025-08-19T03:23:10.386+0000] {processor.py:161} INFO - Started process (PID=23605) to work on /home/airflow/.local/lib/python3.12/site-packages/airflow/example_dags/example_params_ui_tutorial.py
[2025-08-19T03:23:10.388+0000] {processor.py:830} INFO - Processing file /home/airflow/.local/lib/python3.12/site-packages/airflow/example_dags/example_params_ui_tutorial.py for tasks to queue
[2025-08-19T03:23:10.390+0000] {logging_mixin.py:188} INFO - [2025-08-19T03:23:10.389+0000] {dagbag.py:545} INFO - Filling up the DagBag from /home/airflow/.local/lib/python3.12/site-packages/airflow/example_dags/example_params_ui_tutorial.py
[2025-08-19T03:23:10.403+0000] {processor.py:840} INFO - DAG(s) 'example_params_ui_tutorial' retrieved from /home/airflow/.local/lib/python3.12/site-packages/airflow/example_dags/example_params_ui_tutorial.py
[2025-08-19T03:23:10.461+0000] {logging_mixin.py:188} INFO - [2025-08-19T03:23:10.460+0000] {dag.py:3096} INFO - Sync 1 DAGs
[2025-08-19T03:23:10.475+0000] {logging_mixin.py:188} INFO - [2025-08-19T03:23:10.475+0000] {dag.py:3954} INFO - Setting next_dagrun for example_params_ui_tutorial to None, run_after=None
[2025-08-19T03:23:10.501+0000] {processor.py:183} INFO - Processing /home/airflow/.local/lib/python3.12/site-packages/airflow/example_dags/example_params_ui_tutorial.py took 0.122 seconds
[2025-08-19T03:23:40.665+0000] {processor.py:161} INFO - Started process (PID=23658) to work on /home/airflow/.local/lib/python3.12/site-packages/airflow/example_dags/example_params_ui_tutorial.py
[2025-08-19T03:23:40.667+0000] {processor.py:830} INFO - Processing file /home/airflow/.local/lib/python3.12/site-packages/airflow/example_dags/example_params_ui_tutorial.py for tasks to queue
[2025-08-19T03:23:40.668+0000] {logging_mixin.py:188} INFO - [2025-08-19T03:23:40.668+0000] {dagbag.py:545} INFO - Filling up the DagBag from /home/airflow/.local/lib/python3.12/site-packages/airflow/example_dags/example_params_ui_tutorial.py
[2025-08-19T03:23:40.680+0000] {processor.py:840} INFO - DAG(s) 'example_params_ui_tutorial' retrieved from /home/airflow/.local/lib/python3.12/site-packages/airflow/example_dags/example_params_ui_tutorial.py
[2025-08-19T03:23:40.733+0000] {logging_mixin.py:188} INFO - [2025-08-19T03:23:40.733+0000] {dag.py:3096} INFO - Sync 1 DAGs
[2025-08-19T03:23:40.748+0000] {logging_mixin.py:188} INFO - [2025-08-19T03:23:40.748+0000] {dag.py:3954} INFO - Setting next_dagrun for example_params_ui_tutorial to None, run_after=None
[2025-08-19T03:23:40.775+0000] {processor.py:183} INFO - Processing /home/airflow/.local/lib/python3.12/site-packages/airflow/example_dags/example_params_ui_tutorial.py took 0.116 seconds
[2025-08-19T03:24:11.338+0000] {processor.py:161} INFO - Started process (PID=23711) to work on /home/airflow/.local/lib/python3.12/site-packages/airflow/example_dags/example_params_ui_tutorial.py
[2025-08-19T03:24:11.339+0000] {processor.py:830} INFO - Processing file /home/airflow/.local/lib/python3.12/site-packages/airflow/example_dags/example_params_ui_tutorial.py for tasks to queue
[2025-08-19T03:24:11.341+0000] {logging_mixin.py:188} INFO - [2025-08-19T03:24:11.340+0000] {dagbag.py:545} INFO - Filling up the DagBag from /home/airflow/.local/lib/python3.12/site-packages/airflow/example_dags/example_params_ui_tutorial.py
[2025-08-19T03:24:11.353+0000] {processor.py:840} INFO - DAG(s) 'example_params_ui_tutorial' retrieved from /home/airflow/.local/lib/python3.12/site-packages/airflow/example_dags/example_params_ui_tutorial.py
[2025-08-19T03:24:11.406+0000] {logging_mixin.py:188} INFO - [2025-08-19T03:24:11.406+0000] {dag.py:3096} INFO - Sync 1 DAGs
[2025-08-19T03:24:11.421+0000] {logging_mixin.py:188} INFO - [2025-08-19T03:24:11.421+0000] {dag.py:3954} INFO - Setting next_dagrun for example_params_ui_tutorial to None, run_after=None
[2025-08-19T03:24:11.445+0000] {processor.py:183} INFO - Processing /home/airflow/.local/lib/python3.12/site-packages/airflow/example_dags/example_params_ui_tutorial.py took 0.113 seconds
[2025-08-19T03:24:41.927+0000] {processor.py:161} INFO - Started process (PID=23764) to work on /home/airflow/.local/lib/python3.12/site-packages/airflow/example_dags/example_params_ui_tutorial.py
[2025-08-19T03:24:41.928+0000] {processor.py:830} INFO - Processing file /home/airflow/.local/lib/python3.12/site-packages/airflow/example_dags/example_params_ui_tutorial.py for tasks to queue
[2025-08-19T03:24:41.929+0000] {logging_mixin.py:188} INFO - [2025-08-19T03:24:41.929+0000] {dagbag.py:545} INFO - Filling up the DagBag from /home/airflow/.local/lib/python3.12/site-packages/airflow/example_dags/example_params_ui_tutorial.py
[2025-08-19T03:24:41.942+0000] {processor.py:840} INFO - DAG(s) 'example_params_ui_tutorial' retrieved from /home/airflow/.local/lib/python3.12/site-packages/airflow/example_dags/example_params_ui_tutorial.py
[2025-08-19T03:24:41.997+0000] {logging_mixin.py:188} INFO - [2025-08-19T03:24:41.996+0000] {dag.py:3096} INFO - Sync 1 DAGs
[2025-08-19T03:24:42.012+0000] {logging_mixin.py:188} INFO - [2025-08-19T03:24:42.012+0000] {dag.py:3954} INFO - Setting next_dagrun for example_params_ui_tutorial to None, run_after=None
[2025-08-19T03:24:42.040+0000] {processor.py:183} INFO - Processing /home/airflow/.local/lib/python3.12/site-packages/airflow/example_dags/example_params_ui_tutorial.py took 0.120 seconds
[2025-08-19T03:25:12.530+0000] {processor.py:161} INFO - Started process (PID=23817) to work on /home/airflow/.local/lib/python3.12/site-packages/airflow/example_dags/example_params_ui_tutorial.py
[2025-08-19T03:25:12.531+0000] {processor.py:830} INFO - Processing file /home/airflow/.local/lib/python3.12/site-packages/airflow/example_dags/example_params_ui_tutorial.py for tasks to queue
[2025-08-19T03:25:12.533+0000] {logging_mixin.py:188} INFO - [2025-08-19T03:25:12.533+0000] {dagbag.py:545} INFO - Filling up the DagBag from /home/airflow/.local/lib/python3.12/site-packages/airflow/example_dags/example_params_ui_tutorial.py
[2025-08-19T03:25:12.545+0000] {processor.py:840} INFO - DAG(s) 'example_params_ui_tutorial' retrieved from /home/airflow/.local/lib/python3.12/site-packages/airflow/example_dags/example_params_ui_tutorial.py
[2025-08-19T03:25:12.596+0000] {logging_mixin.py:188} INFO - [2025-08-19T03:25:12.596+0000] {dag.py:3096} INFO - Sync 1 DAGs
[2025-08-19T03:25:12.609+0000] {logging_mixin.py:188} INFO - [2025-08-19T03:25:12.609+0000] {dag.py:3954} INFO - Setting next_dagrun for example_params_ui_tutorial to None, run_after=None
[2025-08-19T03:25:12.643+0000] {processor.py:183} INFO - Processing /home/airflow/.local/lib/python3.12/site-packages/airflow/example_dags/example_params_ui_tutorial.py took 0.121 seconds
[2025-08-19T03:25:43.125+0000] {processor.py:161} INFO - Started process (PID=23870) to work on /home/airflow/.local/lib/python3.12/site-packages/airflow/example_dags/example_params_ui_tutorial.py
[2025-08-19T03:25:43.126+0000] {processor.py:830} INFO - Processing file /home/airflow/.local/lib/python3.12/site-packages/airflow/example_dags/example_params_ui_tutorial.py for tasks to queue
[2025-08-19T03:25:43.128+0000] {logging_mixin.py:188} INFO - [2025-08-19T03:25:43.127+0000] {dagbag.py:545} INFO - Filling up the DagBag from /home/airflow/.local/lib/python3.12/site-packages/airflow/example_dags/example_params_ui_tutorial.py
[2025-08-19T03:25:43.140+0000] {processor.py:840} INFO - DAG(s) 'example_params_ui_tutorial' retrieved from /home/airflow/.local/lib/python3.12/site-packages/airflow/example_dags/example_params_ui_tutorial.py
[2025-08-19T03:25:43.194+0000] {logging_mixin.py:188} INFO - [2025-08-19T03:25:43.194+0000] {dag.py:3096} INFO - Sync 1 DAGs
[2025-08-19T03:25:43.207+0000] {logging_mixin.py:188} INFO - [2025-08-19T03:25:43.207+0000] {dag.py:3954} INFO - Setting next_dagrun for example_params_ui_tutorial to None, run_after=None
[2025-08-19T03:25:43.231+0000] {processor.py:183} INFO - Processing /home/airflow/.local/lib/python3.12/site-packages/airflow/example_dags/example_params_ui_tutorial.py took 0.113 seconds
[2025-08-19T03:26:13.400+0000] {processor.py:161} INFO - Started process (PID=23923) to work on /home/airflow/.local/lib/python3.12/site-packages/airflow/example_dags/example_params_ui_tutorial.py
[2025-08-19T03:26:13.401+0000] {processor.py:830} INFO - Processing file /home/airflow/.local/lib/python3.12/site-packages/airflow/example_dags/example_params_ui_tutorial.py for tasks to queue
[2025-08-19T03:26:13.403+0000] {logging_mixin.py:188} INFO - [2025-08-19T03:26:13.402+0000] {dagbag.py:545} INFO - Filling up the DagBag from /home/airflow/.local/lib/python3.12/site-packages/airflow/example_dags/example_params_ui_tutorial.py
[2025-08-19T03:26:13.415+0000] {processor.py:840} INFO - DAG(s) 'example_params_ui_tutorial' retrieved from /home/airflow/.local/lib/python3.12/site-packages/airflow/example_dags/example_params_ui_tutorial.py
[2025-08-19T03:26:13.469+0000] {logging_mixin.py:188} INFO - [2025-08-19T03:26:13.468+0000] {dag.py:3096} INFO - Sync 1 DAGs
[2025-08-19T03:26:13.485+0000] {logging_mixin.py:188} INFO - [2025-08-19T03:26:13.485+0000] {dag.py:3954} INFO - Setting next_dagrun for example_params_ui_tutorial to None, run_after=None
[2025-08-19T03:26:13.511+0000] {processor.py:183} INFO - Processing /home/airflow/.local/lib/python3.12/site-packages/airflow/example_dags/example_params_ui_tutorial.py took 0.118 seconds
[2025-08-19T03:26:43.796+0000] {processor.py:161} INFO - Started process (PID=23976) to work on /home/airflow/.local/lib/python3.12/site-packages/airflow/example_dags/example_params_ui_tutorial.py
[2025-08-19T03:26:43.797+0000] {processor.py:830} INFO - Processing file /home/airflow/.local/lib/python3.12/site-packages/airflow/example_dags/example_params_ui_tutorial.py for tasks to queue
[2025-08-19T03:26:43.799+0000] {logging_mixin.py:188} INFO - [2025-08-19T03:26:43.799+0000] {dagbag.py:545} INFO - Filling up the DagBag from /home/airflow/.local/lib/python3.12/site-packages/airflow/example_dags/example_params_ui_tutorial.py
[2025-08-19T03:26:43.824+0000] {processor.py:840} INFO - DAG(s) 'example_params_ui_tutorial' retrieved from /home/airflow/.local/lib/python3.12/site-packages/airflow/example_dags/example_params_ui_tutorial.py
[2025-08-19T03:26:43.887+0000] {logging_mixin.py:188} INFO - [2025-08-19T03:26:43.887+0000] {dag.py:3096} INFO - Sync 1 DAGs
[2025-08-19T03:26:43.902+0000] {logging_mixin.py:188} INFO - [2025-08-19T03:26:43.902+0000] {dag.py:3954} INFO - Setting next_dagrun for example_params_ui_tutorial to None, run_after=None
[2025-08-19T03:26:43.929+0000] {processor.py:183} INFO - Processing /home/airflow/.local/lib/python3.12/site-packages/airflow/example_dags/example_params_ui_tutorial.py took 0.141 seconds
[2025-08-19T03:27:14.334+0000] {processor.py:161} INFO - Started process (PID=24029) to work on /home/airflow/.local/lib/python3.12/site-packages/airflow/example_dags/example_params_ui_tutorial.py
[2025-08-19T03:27:14.336+0000] {processor.py:830} INFO - Processing file /home/airflow/.local/lib/python3.12/site-packages/airflow/example_dags/example_params_ui_tutorial.py for tasks to queue
[2025-08-19T03:27:14.337+0000] {logging_mixin.py:188} INFO - [2025-08-19T03:27:14.337+0000] {dagbag.py:545} INFO - Filling up the DagBag from /home/airflow/.local/lib/python3.12/site-packages/airflow/example_dags/example_params_ui_tutorial.py
[2025-08-19T03:27:14.349+0000] {processor.py:840} INFO - DAG(s) 'example_params_ui_tutorial' retrieved from /home/airflow/.local/lib/python3.12/site-packages/airflow/example_dags/example_params_ui_tutorial.py
[2025-08-19T03:27:14.401+0000] {logging_mixin.py:188} INFO - [2025-08-19T03:27:14.401+0000] {dag.py:3096} INFO - Sync 1 DAGs
[2025-08-19T03:27:14.416+0000] {logging_mixin.py:188} INFO - [2025-08-19T03:27:14.416+0000] {dag.py:3954} INFO - Setting next_dagrun for example_params_ui_tutorial to None, run_after=None
[2025-08-19T03:27:14.441+0000] {processor.py:183} INFO - Processing /home/airflow/.local/lib/python3.12/site-packages/airflow/example_dags/example_params_ui_tutorial.py took 0.115 seconds
[2025-08-19T03:27:44.868+0000] {processor.py:161} INFO - Started process (PID=24082) to work on /home/airflow/.local/lib/python3.12/site-packages/airflow/example_dags/example_params_ui_tutorial.py
[2025-08-19T03:27:44.869+0000] {processor.py:830} INFO - Processing file /home/airflow/.local/lib/python3.12/site-packages/airflow/example_dags/example_params_ui_tutorial.py for tasks to queue
[2025-08-19T03:27:44.871+0000] {logging_mixin.py:188} INFO - [2025-08-19T03:27:44.870+0000] {dagbag.py:545} INFO - Filling up the DagBag from /home/airflow/.local/lib/python3.12/site-packages/airflow/example_dags/example_params_ui_tutorial.py
[2025-08-19T03:27:44.885+0000] {processor.py:840} INFO - DAG(s) 'example_params_ui_tutorial' retrieved from /home/airflow/.local/lib/python3.12/site-packages/airflow/example_dags/example_params_ui_tutorial.py
[2025-08-19T03:27:44.938+0000] {logging_mixin.py:188} INFO - [2025-08-19T03:27:44.938+0000] {dag.py:3096} INFO - Sync 1 DAGs
[2025-08-19T03:27:44.952+0000] {logging_mixin.py:188} INFO - [2025-08-19T03:27:44.952+0000] {dag.py:3954} INFO - Setting next_dagrun for example_params_ui_tutorial to None, run_after=None
[2025-08-19T03:27:44.977+0000] {processor.py:183} INFO - Processing /home/airflow/.local/lib/python3.12/site-packages/airflow/example_dags/example_params_ui_tutorial.py took 0.115 seconds
[2025-08-19T03:28:15.304+0000] {processor.py:161} INFO - Started process (PID=24135) to work on /home/airflow/.local/lib/python3.12/site-packages/airflow/example_dags/example_params_ui_tutorial.py
[2025-08-19T03:28:15.305+0000] {processor.py:830} INFO - Processing file /home/airflow/.local/lib/python3.12/site-packages/airflow/example_dags/example_params_ui_tutorial.py for tasks to queue
[2025-08-19T03:28:15.307+0000] {logging_mixin.py:188} INFO - [2025-08-19T03:28:15.306+0000] {dagbag.py:545} INFO - Filling up the DagBag from /home/airflow/.local/lib/python3.12/site-packages/airflow/example_dags/example_params_ui_tutorial.py
[2025-08-19T03:28:15.320+0000] {processor.py:840} INFO - DAG(s) 'example_params_ui_tutorial' retrieved from /home/airflow/.local/lib/python3.12/site-packages/airflow/example_dags/example_params_ui_tutorial.py
[2025-08-19T03:28:15.375+0000] {logging_mixin.py:188} INFO - [2025-08-19T03:28:15.375+0000] {dag.py:3096} INFO - Sync 1 DAGs
[2025-08-19T03:28:15.391+0000] {logging_mixin.py:188} INFO - [2025-08-19T03:28:15.390+0000] {dag.py:3954} INFO - Setting next_dagrun for example_params_ui_tutorial to None, run_after=None
[2025-08-19T03:28:15.420+0000] {processor.py:183} INFO - Processing /home/airflow/.local/lib/python3.12/site-packages/airflow/example_dags/example_params_ui_tutorial.py took 0.124 seconds
[2025-08-19T03:28:45.739+0000] {processor.py:161} INFO - Started process (PID=24188) to work on /home/airflow/.local/lib/python3.12/site-packages/airflow/example_dags/example_params_ui_tutorial.py
[2025-08-19T03:28:45.741+0000] {processor.py:830} INFO - Processing file /home/airflow/.local/lib/python3.12/site-packages/airflow/example_dags/example_params_ui_tutorial.py for tasks to queue
[2025-08-19T03:28:45.743+0000] {logging_mixin.py:188} INFO - [2025-08-19T03:28:45.743+0000] {dagbag.py:545} INFO - Filling up the DagBag from /home/airflow/.local/lib/python3.12/site-packages/airflow/example_dags/example_params_ui_tutorial.py
[2025-08-19T03:28:45.756+0000] {processor.py:840} INFO - DAG(s) 'example_params_ui_tutorial' retrieved from /home/airflow/.local/lib/python3.12/site-packages/airflow/example_dags/example_params_ui_tutorial.py
[2025-08-19T03:28:45.805+0000] {logging_mixin.py:188} INFO - [2025-08-19T03:28:45.805+0000] {dag.py:3096} INFO - Sync 1 DAGs
[2025-08-19T03:28:45.821+0000] {logging_mixin.py:188} INFO - [2025-08-19T03:28:45.821+0000] {dag.py:3954} INFO - Setting next_dagrun for example_params_ui_tutorial to None, run_after=None
[2025-08-19T03:28:45.847+0000] {processor.py:183} INFO - Processing /home/airflow/.local/lib/python3.12/site-packages/airflow/example_dags/example_params_ui_tutorial.py took 0.114 seconds
[2025-08-19T03:29:16.108+0000] {processor.py:161} INFO - Started process (PID=24241) to work on /home/airflow/.local/lib/python3.12/site-packages/airflow/example_dags/example_params_ui_tutorial.py
[2025-08-19T03:29:16.109+0000] {processor.py:830} INFO - Processing file /home/airflow/.local/lib/python3.12/site-packages/airflow/example_dags/example_params_ui_tutorial.py for tasks to queue
[2025-08-19T03:29:16.111+0000] {logging_mixin.py:188} INFO - [2025-08-19T03:29:16.110+0000] {dagbag.py:545} INFO - Filling up the DagBag from /home/airflow/.local/lib/python3.12/site-packages/airflow/example_dags/example_params_ui_tutorial.py
[2025-08-19T03:29:16.123+0000] {processor.py:840} INFO - DAG(s) 'example_params_ui_tutorial' retrieved from /home/airflow/.local/lib/python3.12/site-packages/airflow/example_dags/example_params_ui_tutorial.py
[2025-08-19T03:29:16.175+0000] {logging_mixin.py:188} INFO - [2025-08-19T03:29:16.175+0000] {dag.py:3096} INFO - Sync 1 DAGs
[2025-08-19T03:29:16.189+0000] {logging_mixin.py:188} INFO - [2025-08-19T03:29:16.189+0000] {dag.py:3954} INFO - Setting next_dagrun for example_params_ui_tutorial to None, run_after=None
[2025-08-19T03:29:16.223+0000] {processor.py:183} INFO - Processing /home/airflow/.local/lib/python3.12/site-packages/airflow/example_dags/example_params_ui_tutorial.py took 0.122 seconds
[2025-08-19T03:29:46.450+0000] {processor.py:161} INFO - Started process (PID=24294) to work on /home/airflow/.local/lib/python3.12/site-packages/airflow/example_dags/example_params_ui_tutorial.py
[2025-08-19T03:29:46.451+0000] {processor.py:830} INFO - Processing file /home/airflow/.local/lib/python3.12/site-packages/airflow/example_dags/example_params_ui_tutorial.py for tasks to queue
[2025-08-19T03:29:46.454+0000] {logging_mixin.py:188} INFO - [2025-08-19T03:29:46.454+0000] {dagbag.py:545} INFO - Filling up the DagBag from /home/airflow/.local/lib/python3.12/site-packages/airflow/example_dags/example_params_ui_tutorial.py
[2025-08-19T03:29:46.466+0000] {processor.py:840} INFO - DAG(s) 'example_params_ui_tutorial' retrieved from /home/airflow/.local/lib/python3.12/site-packages/airflow/example_dags/example_params_ui_tutorial.py
[2025-08-19T03:29:46.520+0000] {logging_mixin.py:188} INFO - [2025-08-19T03:29:46.520+0000] {dag.py:3096} INFO - Sync 1 DAGs
[2025-08-19T03:29:46.533+0000] {logging_mixin.py:188} INFO - [2025-08-19T03:29:46.533+0000] {dag.py:3954} INFO - Setting next_dagrun for example_params_ui_tutorial to None, run_after=None
[2025-08-19T03:29:46.561+0000] {processor.py:183} INFO - Processing /home/airflow/.local/lib/python3.12/site-packages/airflow/example_dags/example_params_ui_tutorial.py took 0.117 seconds
[2025-08-19T03:30:16.957+0000] {processor.py:161} INFO - Started process (PID=24347) to work on /home/airflow/.local/lib/python3.12/site-packages/airflow/example_dags/example_params_ui_tutorial.py
[2025-08-19T03:30:16.959+0000] {processor.py:830} INFO - Processing file /home/airflow/.local/lib/python3.12/site-packages/airflow/example_dags/example_params_ui_tutorial.py for tasks to queue
[2025-08-19T03:30:16.961+0000] {logging_mixin.py:188} INFO - [2025-08-19T03:30:16.960+0000] {dagbag.py:545} INFO - Filling up the DagBag from /home/airflow/.local/lib/python3.12/site-packages/airflow/example_dags/example_params_ui_tutorial.py
[2025-08-19T03:30:16.973+0000] {processor.py:840} INFO - DAG(s) 'example_params_ui_tutorial' retrieved from /home/airflow/.local/lib/python3.12/site-packages/airflow/example_dags/example_params_ui_tutorial.py
[2025-08-19T03:30:17.031+0000] {logging_mixin.py:188} INFO - [2025-08-19T03:30:17.030+0000] {dag.py:3096} INFO - Sync 1 DAGs
[2025-08-19T03:30:17.046+0000] {logging_mixin.py:188} INFO - [2025-08-19T03:30:17.046+0000] {dag.py:3954} INFO - Setting next_dagrun for example_params_ui_tutorial to None, run_after=None
[2025-08-19T03:30:17.077+0000] {processor.py:183} INFO - Processing /home/airflow/.local/lib/python3.12/site-packages/airflow/example_dags/example_params_ui_tutorial.py took 0.126 seconds
[2025-08-19T03:30:47.484+0000] {processor.py:161} INFO - Started process (PID=24400) to work on /home/airflow/.local/lib/python3.12/site-packages/airflow/example_dags/example_params_ui_tutorial.py
[2025-08-19T03:30:47.487+0000] {processor.py:830} INFO - Processing file /home/airflow/.local/lib/python3.12/site-packages/airflow/example_dags/example_params_ui_tutorial.py for tasks to queue
[2025-08-19T03:30:47.489+0000] {logging_mixin.py:188} INFO - [2025-08-19T03:30:47.488+0000] {dagbag.py:545} INFO - Filling up the DagBag from /home/airflow/.local/lib/python3.12/site-packages/airflow/example_dags/example_params_ui_tutorial.py
[2025-08-19T03:30:47.510+0000] {processor.py:840} INFO - DAG(s) 'example_params_ui_tutorial' retrieved from /home/airflow/.local/lib/python3.12/site-packages/airflow/example_dags/example_params_ui_tutorial.py
[2025-08-19T03:30:47.563+0000] {logging_mixin.py:188} INFO - [2025-08-19T03:30:47.563+0000] {dag.py:3096} INFO - Sync 1 DAGs
[2025-08-19T03:30:47.577+0000] {logging_mixin.py:188} INFO - [2025-08-19T03:30:47.577+0000] {dag.py:3954} INFO - Setting next_dagrun for example_params_ui_tutorial to None, run_after=None
[2025-08-19T03:30:47.611+0000] {processor.py:183} INFO - Processing /home/airflow/.local/lib/python3.12/site-packages/airflow/example_dags/example_params_ui_tutorial.py took 0.137 seconds
[2025-08-19T03:31:18.120+0000] {processor.py:161} INFO - Started process (PID=24453) to work on /home/airflow/.local/lib/python3.12/site-packages/airflow/example_dags/example_params_ui_tutorial.py
[2025-08-19T03:31:18.122+0000] {processor.py:830} INFO - Processing file /home/airflow/.local/lib/python3.12/site-packages/airflow/example_dags/example_params_ui_tutorial.py for tasks to queue
[2025-08-19T03:31:18.125+0000] {logging_mixin.py:188} INFO - [2025-08-19T03:31:18.124+0000] {dagbag.py:545} INFO - Filling up the DagBag from /home/airflow/.local/lib/python3.12/site-packages/airflow/example_dags/example_params_ui_tutorial.py
[2025-08-19T03:31:18.151+0000] {processor.py:840} INFO - DAG(s) 'example_params_ui_tutorial' retrieved from /home/airflow/.local/lib/python3.12/site-packages/airflow/example_dags/example_params_ui_tutorial.py
[2025-08-19T03:31:18.215+0000] {logging_mixin.py:188} INFO - [2025-08-19T03:31:18.214+0000] {dag.py:3096} INFO - Sync 1 DAGs
[2025-08-19T03:31:18.234+0000] {logging_mixin.py:188} INFO - [2025-08-19T03:31:18.233+0000] {dag.py:3954} INFO - Setting next_dagrun for example_params_ui_tutorial to None, run_after=None
[2025-08-19T03:31:18.264+0000] {processor.py:183} INFO - Processing /home/airflow/.local/lib/python3.12/site-packages/airflow/example_dags/example_params_ui_tutorial.py took 0.154 seconds
[2025-08-19T03:31:48.480+0000] {processor.py:161} INFO - Started process (PID=24506) to work on /home/airflow/.local/lib/python3.12/site-packages/airflow/example_dags/example_params_ui_tutorial.py
[2025-08-19T03:31:48.482+0000] {processor.py:830} INFO - Processing file /home/airflow/.local/lib/python3.12/site-packages/airflow/example_dags/example_params_ui_tutorial.py for tasks to queue
[2025-08-19T03:31:48.484+0000] {logging_mixin.py:188} INFO - [2025-08-19T03:31:48.483+0000] {dagbag.py:545} INFO - Filling up the DagBag from /home/airflow/.local/lib/python3.12/site-packages/airflow/example_dags/example_params_ui_tutorial.py
[2025-08-19T03:31:48.501+0000] {processor.py:840} INFO - DAG(s) 'example_params_ui_tutorial' retrieved from /home/airflow/.local/lib/python3.12/site-packages/airflow/example_dags/example_params_ui_tutorial.py
[2025-08-19T03:31:48.563+0000] {logging_mixin.py:188} INFO - [2025-08-19T03:31:48.563+0000] {dag.py:3096} INFO - Sync 1 DAGs
[2025-08-19T03:31:48.578+0000] {logging_mixin.py:188} INFO - [2025-08-19T03:31:48.578+0000] {dag.py:3954} INFO - Setting next_dagrun for example_params_ui_tutorial to None, run_after=None
[2025-08-19T03:31:48.604+0000] {processor.py:183} INFO - Processing /home/airflow/.local/lib/python3.12/site-packages/airflow/example_dags/example_params_ui_tutorial.py took 0.135 seconds
[2025-08-19T03:32:18.700+0000] {processor.py:161} INFO - Started process (PID=24559) to work on /home/airflow/.local/lib/python3.12/site-packages/airflow/example_dags/example_params_ui_tutorial.py
[2025-08-19T03:32:18.702+0000] {processor.py:830} INFO - Processing file /home/airflow/.local/lib/python3.12/site-packages/airflow/example_dags/example_params_ui_tutorial.py for tasks to queue
[2025-08-19T03:32:18.703+0000] {logging_mixin.py:188} INFO - [2025-08-19T03:32:18.703+0000] {dagbag.py:545} INFO - Filling up the DagBag from /home/airflow/.local/lib/python3.12/site-packages/airflow/example_dags/example_params_ui_tutorial.py
[2025-08-19T03:32:18.718+0000] {processor.py:840} INFO - DAG(s) 'example_params_ui_tutorial' retrieved from /home/airflow/.local/lib/python3.12/site-packages/airflow/example_dags/example_params_ui_tutorial.py
[2025-08-19T03:32:18.778+0000] {logging_mixin.py:188} INFO - [2025-08-19T03:32:18.778+0000] {dag.py:3096} INFO - Sync 1 DAGs
[2025-08-19T03:32:18.795+0000] {logging_mixin.py:188} INFO - [2025-08-19T03:32:18.795+0000] {dag.py:3954} INFO - Setting next_dagrun for example_params_ui_tutorial to None, run_after=None
[2025-08-19T03:32:18.824+0000] {processor.py:183} INFO - Processing /home/airflow/.local/lib/python3.12/site-packages/airflow/example_dags/example_params_ui_tutorial.py took 0.130 seconds
[2025-08-19T03:32:48.891+0000] {processor.py:161} INFO - Started process (PID=24611) to work on /home/airflow/.local/lib/python3.12/site-packages/airflow/example_dags/example_params_ui_tutorial.py
[2025-08-19T03:32:48.894+0000] {processor.py:830} INFO - Processing file /home/airflow/.local/lib/python3.12/site-packages/airflow/example_dags/example_params_ui_tutorial.py for tasks to queue
[2025-08-19T03:32:48.896+0000] {logging_mixin.py:188} INFO - [2025-08-19T03:32:48.896+0000] {dagbag.py:545} INFO - Filling up the DagBag from /home/airflow/.local/lib/python3.12/site-packages/airflow/example_dags/example_params_ui_tutorial.py
[2025-08-19T03:32:48.909+0000] {processor.py:840} INFO - DAG(s) 'example_params_ui_tutorial' retrieved from /home/airflow/.local/lib/python3.12/site-packages/airflow/example_dags/example_params_ui_tutorial.py
[2025-08-19T03:32:48.965+0000] {logging_mixin.py:188} INFO - [2025-08-19T03:32:48.965+0000] {dag.py:3096} INFO - Sync 1 DAGs
[2025-08-19T03:32:48.987+0000] {logging_mixin.py:188} INFO - [2025-08-19T03:32:48.986+0000] {dag.py:3954} INFO - Setting next_dagrun for example_params_ui_tutorial to None, run_after=None
[2025-08-19T03:32:49.026+0000] {processor.py:183} INFO - Processing /home/airflow/.local/lib/python3.12/site-packages/airflow/example_dags/example_params_ui_tutorial.py took 0.143 seconds
[2025-08-19T03:33:19.307+0000] {processor.py:161} INFO - Started process (PID=24664) to work on /home/airflow/.local/lib/python3.12/site-packages/airflow/example_dags/example_params_ui_tutorial.py
[2025-08-19T03:33:19.309+0000] {processor.py:830} INFO - Processing file /home/airflow/.local/lib/python3.12/site-packages/airflow/example_dags/example_params_ui_tutorial.py for tasks to queue
[2025-08-19T03:33:19.311+0000] {logging_mixin.py:188} INFO - [2025-08-19T03:33:19.311+0000] {dagbag.py:545} INFO - Filling up the DagBag from /home/airflow/.local/lib/python3.12/site-packages/airflow/example_dags/example_params_ui_tutorial.py
[2025-08-19T03:33:19.333+0000] {processor.py:840} INFO - DAG(s) 'example_params_ui_tutorial' retrieved from /home/airflow/.local/lib/python3.12/site-packages/airflow/example_dags/example_params_ui_tutorial.py
[2025-08-19T03:33:19.437+0000] {logging_mixin.py:188} INFO - [2025-08-19T03:33:19.437+0000] {dag.py:3096} INFO - Sync 1 DAGs
[2025-08-19T03:33:19.464+0000] {logging_mixin.py:188} INFO - [2025-08-19T03:33:19.463+0000] {dag.py:3954} INFO - Setting next_dagrun for example_params_ui_tutorial to None, run_after=None
[2025-08-19T03:33:19.509+0000] {processor.py:183} INFO - Processing /home/airflow/.local/lib/python3.12/site-packages/airflow/example_dags/example_params_ui_tutorial.py took 0.213 seconds
[2025-08-19T03:33:49.632+0000] {processor.py:161} INFO - Started process (PID=24717) to work on /home/airflow/.local/lib/python3.12/site-packages/airflow/example_dags/example_params_ui_tutorial.py
[2025-08-19T03:33:49.634+0000] {processor.py:830} INFO - Processing file /home/airflow/.local/lib/python3.12/site-packages/airflow/example_dags/example_params_ui_tutorial.py for tasks to queue
[2025-08-19T03:33:49.636+0000] {logging_mixin.py:188} INFO - [2025-08-19T03:33:49.636+0000] {dagbag.py:545} INFO - Filling up the DagBag from /home/airflow/.local/lib/python3.12/site-packages/airflow/example_dags/example_params_ui_tutorial.py
[2025-08-19T03:33:49.652+0000] {processor.py:840} INFO - DAG(s) 'example_params_ui_tutorial' retrieved from /home/airflow/.local/lib/python3.12/site-packages/airflow/example_dags/example_params_ui_tutorial.py
[2025-08-19T03:33:49.721+0000] {logging_mixin.py:188} INFO - [2025-08-19T03:33:49.721+0000] {dag.py:3096} INFO - Sync 1 DAGs
[2025-08-19T03:33:49.735+0000] {logging_mixin.py:188} INFO - [2025-08-19T03:33:49.735+0000] {dag.py:3954} INFO - Setting next_dagrun for example_params_ui_tutorial to None, run_after=None
[2025-08-19T03:33:49.764+0000] {processor.py:183} INFO - Processing /home/airflow/.local/lib/python3.12/site-packages/airflow/example_dags/example_params_ui_tutorial.py took 0.140 seconds
[2025-08-19T03:34:19.911+0000] {processor.py:161} INFO - Started process (PID=24770) to work on /home/airflow/.local/lib/python3.12/site-packages/airflow/example_dags/example_params_ui_tutorial.py
[2025-08-19T03:34:19.913+0000] {processor.py:830} INFO - Processing file /home/airflow/.local/lib/python3.12/site-packages/airflow/example_dags/example_params_ui_tutorial.py for tasks to queue
[2025-08-19T03:34:19.914+0000] {logging_mixin.py:188} INFO - [2025-08-19T03:34:19.914+0000] {dagbag.py:545} INFO - Filling up the DagBag from /home/airflow/.local/lib/python3.12/site-packages/airflow/example_dags/example_params_ui_tutorial.py
[2025-08-19T03:34:19.926+0000] {processor.py:840} INFO - DAG(s) 'example_params_ui_tutorial' retrieved from /home/airflow/.local/lib/python3.12/site-packages/airflow/example_dags/example_params_ui_tutorial.py
[2025-08-19T03:34:19.980+0000] {logging_mixin.py:188} INFO - [2025-08-19T03:34:19.980+0000] {dag.py:3096} INFO - Sync 1 DAGs
[2025-08-19T03:34:19.996+0000] {logging_mixin.py:188} INFO - [2025-08-19T03:34:19.995+0000] {dag.py:3954} INFO - Setting next_dagrun for example_params_ui_tutorial to None, run_after=None
[2025-08-19T03:34:20.024+0000] {processor.py:183} INFO - Processing /home/airflow/.local/lib/python3.12/site-packages/airflow/example_dags/example_params_ui_tutorial.py took 0.119 seconds
[2025-08-19T03:34:50.497+0000] {processor.py:161} INFO - Started process (PID=24823) to work on /home/airflow/.local/lib/python3.12/site-packages/airflow/example_dags/example_params_ui_tutorial.py
[2025-08-19T03:34:50.499+0000] {processor.py:830} INFO - Processing file /home/airflow/.local/lib/python3.12/site-packages/airflow/example_dags/example_params_ui_tutorial.py for tasks to queue
[2025-08-19T03:34:50.500+0000] {logging_mixin.py:188} INFO - [2025-08-19T03:34:50.500+0000] {dagbag.py:545} INFO - Filling up the DagBag from /home/airflow/.local/lib/python3.12/site-packages/airflow/example_dags/example_params_ui_tutorial.py
[2025-08-19T03:34:50.513+0000] {processor.py:840} INFO - DAG(s) 'example_params_ui_tutorial' retrieved from /home/airflow/.local/lib/python3.12/site-packages/airflow/example_dags/example_params_ui_tutorial.py
[2025-08-19T03:34:50.584+0000] {logging_mixin.py:188} INFO - [2025-08-19T03:34:50.583+0000] {dag.py:3096} INFO - Sync 1 DAGs
[2025-08-19T03:34:50.602+0000] {logging_mixin.py:188} INFO - [2025-08-19T03:34:50.602+0000] {dag.py:3954} INFO - Setting next_dagrun for example_params_ui_tutorial to None, run_after=None
[2025-08-19T03:34:50.630+0000] {processor.py:183} INFO - Processing /home/airflow/.local/lib/python3.12/site-packages/airflow/example_dags/example_params_ui_tutorial.py took 0.139 seconds
[2025-08-19T03:35:21.572+0000] {processor.py:161} INFO - Started process (PID=24876) to work on /home/airflow/.local/lib/python3.12/site-packages/airflow/example_dags/example_params_ui_tutorial.py
[2025-08-19T03:35:21.575+0000] {processor.py:830} INFO - Processing file /home/airflow/.local/lib/python3.12/site-packages/airflow/example_dags/example_params_ui_tutorial.py for tasks to queue
[2025-08-19T03:35:21.577+0000] {logging_mixin.py:188} INFO - [2025-08-19T03:35:21.576+0000] {dagbag.py:545} INFO - Filling up the DagBag from /home/airflow/.local/lib/python3.12/site-packages/airflow/example_dags/example_params_ui_tutorial.py
[2025-08-19T03:35:21.614+0000] {processor.py:840} INFO - DAG(s) 'example_params_ui_tutorial' retrieved from /home/airflow/.local/lib/python3.12/site-packages/airflow/example_dags/example_params_ui_tutorial.py
[2025-08-19T03:35:21.698+0000] {logging_mixin.py:188} INFO - [2025-08-19T03:35:21.698+0000] {dag.py:3096} INFO - Sync 1 DAGs
[2025-08-19T03:35:21.727+0000] {logging_mixin.py:188} INFO - [2025-08-19T03:35:21.727+0000] {dag.py:3954} INFO - Setting next_dagrun for example_params_ui_tutorial to None, run_after=None
[2025-08-19T03:35:21.774+0000] {processor.py:183} INFO - Processing /home/airflow/.local/lib/python3.12/site-packages/airflow/example_dags/example_params_ui_tutorial.py took 0.225 seconds
[2025-08-19T03:35:52.248+0000] {processor.py:161} INFO - Started process (PID=24929) to work on /home/airflow/.local/lib/python3.12/site-packages/airflow/example_dags/example_params_ui_tutorial.py
[2025-08-19T03:35:52.250+0000] {processor.py:830} INFO - Processing file /home/airflow/.local/lib/python3.12/site-packages/airflow/example_dags/example_params_ui_tutorial.py for tasks to queue
[2025-08-19T03:35:52.251+0000] {logging_mixin.py:188} INFO - [2025-08-19T03:35:52.251+0000] {dagbag.py:545} INFO - Filling up the DagBag from /home/airflow/.local/lib/python3.12/site-packages/airflow/example_dags/example_params_ui_tutorial.py
[2025-08-19T03:35:52.268+0000] {processor.py:840} INFO - DAG(s) 'example_params_ui_tutorial' retrieved from /home/airflow/.local/lib/python3.12/site-packages/airflow/example_dags/example_params_ui_tutorial.py
[2025-08-19T03:35:52.326+0000] {logging_mixin.py:188} INFO - [2025-08-19T03:35:52.326+0000] {dag.py:3096} INFO - Sync 1 DAGs
[2025-08-19T03:35:52.341+0000] {logging_mixin.py:188} INFO - [2025-08-19T03:35:52.341+0000] {dag.py:3954} INFO - Setting next_dagrun for example_params_ui_tutorial to None, run_after=None
[2025-08-19T03:35:52.369+0000] {processor.py:183} INFO - Processing /home/airflow/.local/lib/python3.12/site-packages/airflow/example_dags/example_params_ui_tutorial.py took 0.130 seconds
[2025-08-19T03:36:22.936+0000] {processor.py:161} INFO - Started process (PID=24982) to work on /home/airflow/.local/lib/python3.12/site-packages/airflow/example_dags/example_params_ui_tutorial.py
[2025-08-19T03:36:22.938+0000] {processor.py:830} INFO - Processing file /home/airflow/.local/lib/python3.12/site-packages/airflow/example_dags/example_params_ui_tutorial.py for tasks to queue
[2025-08-19T03:36:22.939+0000] {logging_mixin.py:188} INFO - [2025-08-19T03:36:22.939+0000] {dagbag.py:545} INFO - Filling up the DagBag from /home/airflow/.local/lib/python3.12/site-packages/airflow/example_dags/example_params_ui_tutorial.py
[2025-08-19T03:36:22.953+0000] {processor.py:840} INFO - DAG(s) 'example_params_ui_tutorial' retrieved from /home/airflow/.local/lib/python3.12/site-packages/airflow/example_dags/example_params_ui_tutorial.py
[2025-08-19T03:36:23.005+0000] {logging_mixin.py:188} INFO - [2025-08-19T03:36:23.005+0000] {dag.py:3096} INFO - Sync 1 DAGs
[2025-08-19T03:36:23.020+0000] {logging_mixin.py:188} INFO - [2025-08-19T03:36:23.020+0000] {dag.py:3954} INFO - Setting next_dagrun for example_params_ui_tutorial to None, run_after=None
[2025-08-19T03:36:23.049+0000] {processor.py:183} INFO - Processing /home/airflow/.local/lib/python3.12/site-packages/airflow/example_dags/example_params_ui_tutorial.py took 0.120 seconds
[2025-08-19T03:36:53.947+0000] {processor.py:161} INFO - Started process (PID=25035) to work on /home/airflow/.local/lib/python3.12/site-packages/airflow/example_dags/example_params_ui_tutorial.py
[2025-08-19T03:36:53.948+0000] {processor.py:830} INFO - Processing file /home/airflow/.local/lib/python3.12/site-packages/airflow/example_dags/example_params_ui_tutorial.py for tasks to queue
[2025-08-19T03:36:53.949+0000] {logging_mixin.py:188} INFO - [2025-08-19T03:36:53.949+0000] {dagbag.py:545} INFO - Filling up the DagBag from /home/airflow/.local/lib/python3.12/site-packages/airflow/example_dags/example_params_ui_tutorial.py
[2025-08-19T03:36:53.964+0000] {processor.py:840} INFO - DAG(s) 'example_params_ui_tutorial' retrieved from /home/airflow/.local/lib/python3.12/site-packages/airflow/example_dags/example_params_ui_tutorial.py
[2025-08-19T03:36:54.021+0000] {logging_mixin.py:188} INFO - [2025-08-19T03:36:54.021+0000] {dag.py:3096} INFO - Sync 1 DAGs
[2025-08-19T03:36:54.039+0000] {logging_mixin.py:188} INFO - [2025-08-19T03:36:54.038+0000] {dag.py:3954} INFO - Setting next_dagrun for example_params_ui_tutorial to None, run_after=None
[2025-08-19T03:36:54.066+0000] {processor.py:183} INFO - Processing /home/airflow/.local/lib/python3.12/site-packages/airflow/example_dags/example_params_ui_tutorial.py took 0.126 seconds
[2025-08-19T03:37:24.928+0000] {processor.py:161} INFO - Started process (PID=25088) to work on /home/airflow/.local/lib/python3.12/site-packages/airflow/example_dags/example_params_ui_tutorial.py
[2025-08-19T03:37:24.929+0000] {processor.py:830} INFO - Processing file /home/airflow/.local/lib/python3.12/site-packages/airflow/example_dags/example_params_ui_tutorial.py for tasks to queue
[2025-08-19T03:37:24.931+0000] {logging_mixin.py:188} INFO - [2025-08-19T03:37:24.930+0000] {dagbag.py:545} INFO - Filling up the DagBag from /home/airflow/.local/lib/python3.12/site-packages/airflow/example_dags/example_params_ui_tutorial.py
[2025-08-19T03:37:24.942+0000] {processor.py:840} INFO - DAG(s) 'example_params_ui_tutorial' retrieved from /home/airflow/.local/lib/python3.12/site-packages/airflow/example_dags/example_params_ui_tutorial.py
[2025-08-19T03:37:25.003+0000] {logging_mixin.py:188} INFO - [2025-08-19T03:37:25.002+0000] {dag.py:3096} INFO - Sync 1 DAGs
[2025-08-19T03:37:25.018+0000] {logging_mixin.py:188} INFO - [2025-08-19T03:37:25.017+0000] {dag.py:3954} INFO - Setting next_dagrun for example_params_ui_tutorial to None, run_after=None
[2025-08-19T03:37:25.046+0000] {processor.py:183} INFO - Processing /home/airflow/.local/lib/python3.12/site-packages/airflow/example_dags/example_params_ui_tutorial.py took 0.125 seconds
