[2025-08-19T03:10:02.930+0000] {processor.py:161} INFO - Started process (PID=22240) to work on /home/airflow/.local/lib/python3.12/site-packages/airflow/example_dags/tutorial.py
[2025-08-19T03:10:02.943+0000] {processor.py:830} INFO - Processing file /home/airflow/.local/lib/python3.12/site-packages/airflow/example_dags/tutorial.py for tasks to queue
[2025-08-19T03:10:02.960+0000] {logging_mixin.py:188} INFO - [2025-08-19T03:10:02.959+0000] {dagbag.py:545} INFO - Filling up the DagBag from /home/airflow/.local/lib/python3.12/site-packages/airflow/example_dags/tutorial.py
[2025-08-19T03:10:02.985+0000] {processor.py:840} INFO - DAG(s) 'tutorial' retrieved from /home/airflow/.local/lib/python3.12/site-packages/airflow/example_dags/tutorial.py
[2025-08-19T03:10:03.037+0000] {logging_mixin.py:188} INFO - [2025-08-19T03:10:03.037+0000] {dag.py:3096} INFO - Sync 1 DAGs
[2025-08-19T03:10:03.112+0000] {logging_mixin.py:188} INFO - [2025-08-19T03:10:03.112+0000] {dag.py:3954} INFO - Setting next_dagrun for tutorial to 2025-08-18 00:00:00+00:00, run_after=2025-08-19 00:00:00+00:00
[2025-08-19T03:10:03.198+0000] {processor.py:183} INFO - Processing /home/airflow/.local/lib/python3.12/site-packages/airflow/example_dags/tutorial.py took 0.291 seconds
[2025-08-19T03:10:34.128+0000] {processor.py:161} INFO - Started process (PID=22293) to work on /home/airflow/.local/lib/python3.12/site-packages/airflow/example_dags/tutorial.py
[2025-08-19T03:10:34.130+0000] {processor.py:830} INFO - Processing file /home/airflow/.local/lib/python3.12/site-packages/airflow/example_dags/tutorial.py for tasks to queue
[2025-08-19T03:10:34.131+0000] {logging_mixin.py:188} INFO - [2025-08-19T03:10:34.131+0000] {dagbag.py:545} INFO - Filling up the DagBag from /home/airflow/.local/lib/python3.12/site-packages/airflow/example_dags/tutorial.py
[2025-08-19T03:10:34.144+0000] {processor.py:840} INFO - DAG(s) 'tutorial' retrieved from /home/airflow/.local/lib/python3.12/site-packages/airflow/example_dags/tutorial.py
[2025-08-19T03:10:34.184+0000] {logging_mixin.py:188} INFO - [2025-08-19T03:10:34.183+0000] {dag.py:3096} INFO - Sync 1 DAGs
[2025-08-19T03:10:34.229+0000] {logging_mixin.py:188} INFO - [2025-08-19T03:10:34.229+0000] {dag.py:3954} INFO - Setting next_dagrun for tutorial to 2025-08-18 00:00:00+00:00, run_after=2025-08-19 00:00:00+00:00
[2025-08-19T03:10:34.299+0000] {processor.py:183} INFO - Processing /home/airflow/.local/lib/python3.12/site-packages/airflow/example_dags/tutorial.py took 0.184 seconds
[2025-08-19T03:11:04.934+0000] {processor.py:161} INFO - Started process (PID=22346) to work on /home/airflow/.local/lib/python3.12/site-packages/airflow/example_dags/tutorial.py
[2025-08-19T03:11:04.937+0000] {processor.py:830} INFO - Processing file /home/airflow/.local/lib/python3.12/site-packages/airflow/example_dags/tutorial.py for tasks to queue
[2025-08-19T03:11:04.939+0000] {logging_mixin.py:188} INFO - [2025-08-19T03:11:04.939+0000] {dagbag.py:545} INFO - Filling up the DagBag from /home/airflow/.local/lib/python3.12/site-packages/airflow/example_dags/tutorial.py
[2025-08-19T03:11:04.951+0000] {processor.py:840} INFO - DAG(s) 'tutorial' retrieved from /home/airflow/.local/lib/python3.12/site-packages/airflow/example_dags/tutorial.py
[2025-08-19T03:11:04.982+0000] {logging_mixin.py:188} INFO - [2025-08-19T03:11:04.982+0000] {dag.py:3096} INFO - Sync 1 DAGs
[2025-08-19T03:11:05.007+0000] {logging_mixin.py:188} INFO - [2025-08-19T03:11:05.007+0000] {dag.py:3954} INFO - Setting next_dagrun for tutorial to 2025-08-18 00:00:00+00:00, run_after=2025-08-19 00:00:00+00:00
[2025-08-19T03:11:05.034+0000] {processor.py:183} INFO - Processing /home/airflow/.local/lib/python3.12/site-packages/airflow/example_dags/tutorial.py took 0.107 seconds
[2025-08-19T03:11:35.362+0000] {processor.py:161} INFO - Started process (PID=22399) to work on /home/airflow/.local/lib/python3.12/site-packages/airflow/example_dags/tutorial.py
[2025-08-19T03:11:35.365+0000] {processor.py:830} INFO - Processing file /home/airflow/.local/lib/python3.12/site-packages/airflow/example_dags/tutorial.py for tasks to queue
[2025-08-19T03:11:35.367+0000] {logging_mixin.py:188} INFO - [2025-08-19T03:11:35.366+0000] {dagbag.py:545} INFO - Filling up the DagBag from /home/airflow/.local/lib/python3.12/site-packages/airflow/example_dags/tutorial.py
[2025-08-19T03:11:35.383+0000] {processor.py:840} INFO - DAG(s) 'tutorial' retrieved from /home/airflow/.local/lib/python3.12/site-packages/airflow/example_dags/tutorial.py
[2025-08-19T03:11:35.407+0000] {logging_mixin.py:188} INFO - [2025-08-19T03:11:35.407+0000] {dag.py:3096} INFO - Sync 1 DAGs
[2025-08-19T03:11:35.429+0000] {logging_mixin.py:188} INFO - [2025-08-19T03:11:35.429+0000] {dag.py:3954} INFO - Setting next_dagrun for tutorial to 2025-08-18 00:00:00+00:00, run_after=2025-08-19 00:00:00+00:00
[2025-08-19T03:11:35.453+0000] {processor.py:183} INFO - Processing /home/airflow/.local/lib/python3.12/site-packages/airflow/example_dags/tutorial.py took 0.102 seconds
[2025-08-19T03:12:05.788+0000] {processor.py:161} INFO - Started process (PID=22452) to work on /home/airflow/.local/lib/python3.12/site-packages/airflow/example_dags/tutorial.py
[2025-08-19T03:12:05.790+0000] {processor.py:830} INFO - Processing file /home/airflow/.local/lib/python3.12/site-packages/airflow/example_dags/tutorial.py for tasks to queue
[2025-08-19T03:12:05.791+0000] {logging_mixin.py:188} INFO - [2025-08-19T03:12:05.791+0000] {dagbag.py:545} INFO - Filling up the DagBag from /home/airflow/.local/lib/python3.12/site-packages/airflow/example_dags/tutorial.py
[2025-08-19T03:12:05.798+0000] {processor.py:840} INFO - DAG(s) 'tutorial' retrieved from /home/airflow/.local/lib/python3.12/site-packages/airflow/example_dags/tutorial.py
[2025-08-19T03:12:05.829+0000] {logging_mixin.py:188} INFO - [2025-08-19T03:12:05.829+0000] {dag.py:3096} INFO - Sync 1 DAGs
[2025-08-19T03:12:05.855+0000] {logging_mixin.py:188} INFO - [2025-08-19T03:12:05.855+0000] {dag.py:3954} INFO - Setting next_dagrun for tutorial to 2025-08-18 00:00:00+00:00, run_after=2025-08-19 00:00:00+00:00
[2025-08-19T03:12:05.880+0000] {processor.py:183} INFO - Processing /home/airflow/.local/lib/python3.12/site-packages/airflow/example_dags/tutorial.py took 0.100 seconds
[2025-08-19T03:12:36.325+0000] {processor.py:161} INFO - Started process (PID=22505) to work on /home/airflow/.local/lib/python3.12/site-packages/airflow/example_dags/tutorial.py
[2025-08-19T03:12:36.326+0000] {processor.py:830} INFO - Processing file /home/airflow/.local/lib/python3.12/site-packages/airflow/example_dags/tutorial.py for tasks to queue
[2025-08-19T03:12:36.328+0000] {logging_mixin.py:188} INFO - [2025-08-19T03:12:36.327+0000] {dagbag.py:545} INFO - Filling up the DagBag from /home/airflow/.local/lib/python3.12/site-packages/airflow/example_dags/tutorial.py
[2025-08-19T03:12:36.336+0000] {processor.py:840} INFO - DAG(s) 'tutorial' retrieved from /home/airflow/.local/lib/python3.12/site-packages/airflow/example_dags/tutorial.py
[2025-08-19T03:12:36.359+0000] {logging_mixin.py:188} INFO - [2025-08-19T03:12:36.358+0000] {dag.py:3096} INFO - Sync 1 DAGs
[2025-08-19T03:12:36.382+0000] {logging_mixin.py:188} INFO - [2025-08-19T03:12:36.382+0000] {dag.py:3954} INFO - Setting next_dagrun for tutorial to 2025-08-18 00:00:00+00:00, run_after=2025-08-19 00:00:00+00:00
[2025-08-19T03:12:36.407+0000] {processor.py:183} INFO - Processing /home/airflow/.local/lib/python3.12/site-packages/airflow/example_dags/tutorial.py took 0.089 seconds
[2025-08-19T03:13:07.111+0000] {processor.py:161} INFO - Started process (PID=22558) to work on /home/airflow/.local/lib/python3.12/site-packages/airflow/example_dags/tutorial.py
[2025-08-19T03:13:07.113+0000] {processor.py:830} INFO - Processing file /home/airflow/.local/lib/python3.12/site-packages/airflow/example_dags/tutorial.py for tasks to queue
[2025-08-19T03:13:07.115+0000] {logging_mixin.py:188} INFO - [2025-08-19T03:13:07.114+0000] {dagbag.py:545} INFO - Filling up the DagBag from /home/airflow/.local/lib/python3.12/site-packages/airflow/example_dags/tutorial.py
[2025-08-19T03:13:07.122+0000] {processor.py:840} INFO - DAG(s) 'tutorial' retrieved from /home/airflow/.local/lib/python3.12/site-packages/airflow/example_dags/tutorial.py
[2025-08-19T03:13:07.145+0000] {logging_mixin.py:188} INFO - [2025-08-19T03:13:07.144+0000] {dag.py:3096} INFO - Sync 1 DAGs
[2025-08-19T03:13:07.167+0000] {logging_mixin.py:188} INFO - [2025-08-19T03:13:07.167+0000] {dag.py:3954} INFO - Setting next_dagrun for tutorial to 2025-08-18 00:00:00+00:00, run_after=2025-08-19 00:00:00+00:00
[2025-08-19T03:13:07.192+0000] {processor.py:183} INFO - Processing /home/airflow/.local/lib/python3.12/site-packages/airflow/example_dags/tutorial.py took 0.088 seconds
[2025-08-19T03:13:37.955+0000] {processor.py:161} INFO - Started process (PID=22611) to work on /home/airflow/.local/lib/python3.12/site-packages/airflow/example_dags/tutorial.py
[2025-08-19T03:13:37.957+0000] {processor.py:830} INFO - Processing file /home/airflow/.local/lib/python3.12/site-packages/airflow/example_dags/tutorial.py for tasks to queue
[2025-08-19T03:13:37.958+0000] {logging_mixin.py:188} INFO - [2025-08-19T03:13:37.958+0000] {dagbag.py:545} INFO - Filling up the DagBag from /home/airflow/.local/lib/python3.12/site-packages/airflow/example_dags/tutorial.py
[2025-08-19T03:13:37.966+0000] {processor.py:840} INFO - DAG(s) 'tutorial' retrieved from /home/airflow/.local/lib/python3.12/site-packages/airflow/example_dags/tutorial.py
[2025-08-19T03:13:37.990+0000] {logging_mixin.py:188} INFO - [2025-08-19T03:13:37.990+0000] {dag.py:3096} INFO - Sync 1 DAGs
[2025-08-19T03:13:38.014+0000] {logging_mixin.py:188} INFO - [2025-08-19T03:13:38.013+0000] {dag.py:3954} INFO - Setting next_dagrun for tutorial to 2025-08-18 00:00:00+00:00, run_after=2025-08-19 00:00:00+00:00
[2025-08-19T03:13:38.038+0000] {processor.py:183} INFO - Processing /home/airflow/.local/lib/python3.12/site-packages/airflow/example_dags/tutorial.py took 0.091 seconds
[2025-08-19T03:14:08.775+0000] {processor.py:161} INFO - Started process (PID=22664) to work on /home/airflow/.local/lib/python3.12/site-packages/airflow/example_dags/tutorial.py
[2025-08-19T03:14:08.777+0000] {processor.py:830} INFO - Processing file /home/airflow/.local/lib/python3.12/site-packages/airflow/example_dags/tutorial.py for tasks to queue
[2025-08-19T03:14:08.779+0000] {logging_mixin.py:188} INFO - [2025-08-19T03:14:08.778+0000] {dagbag.py:545} INFO - Filling up the DagBag from /home/airflow/.local/lib/python3.12/site-packages/airflow/example_dags/tutorial.py
[2025-08-19T03:14:08.788+0000] {processor.py:840} INFO - DAG(s) 'tutorial' retrieved from /home/airflow/.local/lib/python3.12/site-packages/airflow/example_dags/tutorial.py
[2025-08-19T03:14:08.809+0000] {logging_mixin.py:188} INFO - [2025-08-19T03:14:08.809+0000] {dag.py:3096} INFO - Sync 1 DAGs
[2025-08-19T03:14:08.834+0000] {logging_mixin.py:188} INFO - [2025-08-19T03:14:08.834+0000] {dag.py:3954} INFO - Setting next_dagrun for tutorial to 2025-08-18 00:00:00+00:00, run_after=2025-08-19 00:00:00+00:00
[2025-08-19T03:14:08.860+0000] {processor.py:183} INFO - Processing /home/airflow/.local/lib/python3.12/site-packages/airflow/example_dags/tutorial.py took 0.093 seconds
[2025-08-19T03:14:39.581+0000] {processor.py:161} INFO - Started process (PID=22717) to work on /home/airflow/.local/lib/python3.12/site-packages/airflow/example_dags/tutorial.py
[2025-08-19T03:14:39.583+0000] {processor.py:830} INFO - Processing file /home/airflow/.local/lib/python3.12/site-packages/airflow/example_dags/tutorial.py for tasks to queue
[2025-08-19T03:14:39.584+0000] {logging_mixin.py:188} INFO - [2025-08-19T03:14:39.584+0000] {dagbag.py:545} INFO - Filling up the DagBag from /home/airflow/.local/lib/python3.12/site-packages/airflow/example_dags/tutorial.py
[2025-08-19T03:14:39.591+0000] {processor.py:840} INFO - DAG(s) 'tutorial' retrieved from /home/airflow/.local/lib/python3.12/site-packages/airflow/example_dags/tutorial.py
[2025-08-19T03:14:39.614+0000] {logging_mixin.py:188} INFO - [2025-08-19T03:14:39.613+0000] {dag.py:3096} INFO - Sync 1 DAGs
[2025-08-19T03:14:39.637+0000] {logging_mixin.py:188} INFO - [2025-08-19T03:14:39.637+0000] {dag.py:3954} INFO - Setting next_dagrun for tutorial to 2025-08-18 00:00:00+00:00, run_after=2025-08-19 00:00:00+00:00
[2025-08-19T03:14:39.686+0000] {processor.py:183} INFO - Processing /home/airflow/.local/lib/python3.12/site-packages/airflow/example_dags/tutorial.py took 0.112 seconds
[2025-08-19T03:15:10.357+0000] {processor.py:161} INFO - Started process (PID=22770) to work on /home/airflow/.local/lib/python3.12/site-packages/airflow/example_dags/tutorial.py
[2025-08-19T03:15:10.359+0000] {processor.py:830} INFO - Processing file /home/airflow/.local/lib/python3.12/site-packages/airflow/example_dags/tutorial.py for tasks to queue
[2025-08-19T03:15:10.361+0000] {logging_mixin.py:188} INFO - [2025-08-19T03:15:10.360+0000] {dagbag.py:545} INFO - Filling up the DagBag from /home/airflow/.local/lib/python3.12/site-packages/airflow/example_dags/tutorial.py
[2025-08-19T03:15:10.368+0000] {processor.py:840} INFO - DAG(s) 'tutorial' retrieved from /home/airflow/.local/lib/python3.12/site-packages/airflow/example_dags/tutorial.py
[2025-08-19T03:15:10.399+0000] {logging_mixin.py:188} INFO - [2025-08-19T03:15:10.399+0000] {dag.py:3096} INFO - Sync 1 DAGs
[2025-08-19T03:15:10.424+0000] {logging_mixin.py:188} INFO - [2025-08-19T03:15:10.424+0000] {dag.py:3954} INFO - Setting next_dagrun for tutorial to 2025-08-18 00:00:00+00:00, run_after=2025-08-19 00:00:00+00:00
[2025-08-19T03:15:10.455+0000] {processor.py:183} INFO - Processing /home/airflow/.local/lib/python3.12/site-packages/airflow/example_dags/tutorial.py took 0.104 seconds
[2025-08-19T03:15:41.208+0000] {processor.py:161} INFO - Started process (PID=22823) to work on /home/airflow/.local/lib/python3.12/site-packages/airflow/example_dags/tutorial.py
[2025-08-19T03:15:41.210+0000] {processor.py:830} INFO - Processing file /home/airflow/.local/lib/python3.12/site-packages/airflow/example_dags/tutorial.py for tasks to queue
[2025-08-19T03:15:41.211+0000] {logging_mixin.py:188} INFO - [2025-08-19T03:15:41.211+0000] {dagbag.py:545} INFO - Filling up the DagBag from /home/airflow/.local/lib/python3.12/site-packages/airflow/example_dags/tutorial.py
[2025-08-19T03:15:41.218+0000] {processor.py:840} INFO - DAG(s) 'tutorial' retrieved from /home/airflow/.local/lib/python3.12/site-packages/airflow/example_dags/tutorial.py
[2025-08-19T03:15:41.244+0000] {logging_mixin.py:188} INFO - [2025-08-19T03:15:41.244+0000] {dag.py:3096} INFO - Sync 1 DAGs
[2025-08-19T03:15:41.266+0000] {logging_mixin.py:188} INFO - [2025-08-19T03:15:41.266+0000] {dag.py:3954} INFO - Setting next_dagrun for tutorial to 2025-08-18 00:00:00+00:00, run_after=2025-08-19 00:00:00+00:00
[2025-08-19T03:15:41.289+0000] {processor.py:183} INFO - Processing /home/airflow/.local/lib/python3.12/site-packages/airflow/example_dags/tutorial.py took 0.091 seconds
[2025-08-19T03:16:11.828+0000] {processor.py:161} INFO - Started process (PID=22876) to work on /home/airflow/.local/lib/python3.12/site-packages/airflow/example_dags/tutorial.py
[2025-08-19T03:16:11.830+0000] {processor.py:830} INFO - Processing file /home/airflow/.local/lib/python3.12/site-packages/airflow/example_dags/tutorial.py for tasks to queue
[2025-08-19T03:16:11.831+0000] {logging_mixin.py:188} INFO - [2025-08-19T03:16:11.831+0000] {dagbag.py:545} INFO - Filling up the DagBag from /home/airflow/.local/lib/python3.12/site-packages/airflow/example_dags/tutorial.py
[2025-08-19T03:16:11.838+0000] {processor.py:840} INFO - DAG(s) 'tutorial' retrieved from /home/airflow/.local/lib/python3.12/site-packages/airflow/example_dags/tutorial.py
[2025-08-19T03:16:11.860+0000] {logging_mixin.py:188} INFO - [2025-08-19T03:16:11.860+0000] {dag.py:3096} INFO - Sync 1 DAGs
[2025-08-19T03:16:11.883+0000] {logging_mixin.py:188} INFO - [2025-08-19T03:16:11.883+0000] {dag.py:3954} INFO - Setting next_dagrun for tutorial to 2025-08-18 00:00:00+00:00, run_after=2025-08-19 00:00:00+00:00
[2025-08-19T03:16:11.908+0000] {processor.py:183} INFO - Processing /home/airflow/.local/lib/python3.12/site-packages/airflow/example_dags/tutorial.py took 0.085 seconds
[2025-08-19T03:16:42.316+0000] {processor.py:161} INFO - Started process (PID=22929) to work on /home/airflow/.local/lib/python3.12/site-packages/airflow/example_dags/tutorial.py
[2025-08-19T03:16:42.318+0000] {processor.py:830} INFO - Processing file /home/airflow/.local/lib/python3.12/site-packages/airflow/example_dags/tutorial.py for tasks to queue
[2025-08-19T03:16:42.319+0000] {logging_mixin.py:188} INFO - [2025-08-19T03:16:42.319+0000] {dagbag.py:545} INFO - Filling up the DagBag from /home/airflow/.local/lib/python3.12/site-packages/airflow/example_dags/tutorial.py
[2025-08-19T03:16:42.326+0000] {processor.py:840} INFO - DAG(s) 'tutorial' retrieved from /home/airflow/.local/lib/python3.12/site-packages/airflow/example_dags/tutorial.py
[2025-08-19T03:16:42.349+0000] {logging_mixin.py:188} INFO - [2025-08-19T03:16:42.348+0000] {dag.py:3096} INFO - Sync 1 DAGs
[2025-08-19T03:16:42.371+0000] {logging_mixin.py:188} INFO - [2025-08-19T03:16:42.371+0000] {dag.py:3954} INFO - Setting next_dagrun for tutorial to 2025-08-18 00:00:00+00:00, run_after=2025-08-19 00:00:00+00:00
[2025-08-19T03:16:42.396+0000] {processor.py:183} INFO - Processing /home/airflow/.local/lib/python3.12/site-packages/airflow/example_dags/tutorial.py took 0.087 seconds
[2025-08-19T03:17:12.657+0000] {processor.py:161} INFO - Started process (PID=22982) to work on /home/airflow/.local/lib/python3.12/site-packages/airflow/example_dags/tutorial.py
[2025-08-19T03:17:12.659+0000] {processor.py:830} INFO - Processing file /home/airflow/.local/lib/python3.12/site-packages/airflow/example_dags/tutorial.py for tasks to queue
[2025-08-19T03:17:12.660+0000] {logging_mixin.py:188} INFO - [2025-08-19T03:17:12.659+0000] {dagbag.py:545} INFO - Filling up the DagBag from /home/airflow/.local/lib/python3.12/site-packages/airflow/example_dags/tutorial.py
[2025-08-19T03:17:12.667+0000] {processor.py:840} INFO - DAG(s) 'tutorial' retrieved from /home/airflow/.local/lib/python3.12/site-packages/airflow/example_dags/tutorial.py
[2025-08-19T03:17:12.689+0000] {logging_mixin.py:188} INFO - [2025-08-19T03:17:12.689+0000] {dag.py:3096} INFO - Sync 1 DAGs
[2025-08-19T03:17:12.710+0000] {logging_mixin.py:188} INFO - [2025-08-19T03:17:12.710+0000] {dag.py:3954} INFO - Setting next_dagrun for tutorial to 2025-08-18 00:00:00+00:00, run_after=2025-08-19 00:00:00+00:00
[2025-08-19T03:17:12.736+0000] {processor.py:183} INFO - Processing /home/airflow/.local/lib/python3.12/site-packages/airflow/example_dags/tutorial.py took 0.086 seconds
[2025-08-19T03:17:43.406+0000] {processor.py:161} INFO - Started process (PID=23035) to work on /home/airflow/.local/lib/python3.12/site-packages/airflow/example_dags/tutorial.py
[2025-08-19T03:17:43.407+0000] {processor.py:830} INFO - Processing file /home/airflow/.local/lib/python3.12/site-packages/airflow/example_dags/tutorial.py for tasks to queue
[2025-08-19T03:17:43.408+0000] {logging_mixin.py:188} INFO - [2025-08-19T03:17:43.408+0000] {dagbag.py:545} INFO - Filling up the DagBag from /home/airflow/.local/lib/python3.12/site-packages/airflow/example_dags/tutorial.py
[2025-08-19T03:17:43.415+0000] {processor.py:840} INFO - DAG(s) 'tutorial' retrieved from /home/airflow/.local/lib/python3.12/site-packages/airflow/example_dags/tutorial.py
[2025-08-19T03:17:43.438+0000] {logging_mixin.py:188} INFO - [2025-08-19T03:17:43.438+0000] {dag.py:3096} INFO - Sync 1 DAGs
[2025-08-19T03:17:43.461+0000] {logging_mixin.py:188} INFO - [2025-08-19T03:17:43.461+0000] {dag.py:3954} INFO - Setting next_dagrun for tutorial to 2025-08-18 00:00:00+00:00, run_after=2025-08-19 00:00:00+00:00
[2025-08-19T03:17:43.486+0000] {processor.py:183} INFO - Processing /home/airflow/.local/lib/python3.12/site-packages/airflow/example_dags/tutorial.py took 0.089 seconds
[2025-08-19T03:18:13.658+0000] {processor.py:161} INFO - Started process (PID=23088) to work on /home/airflow/.local/lib/python3.12/site-packages/airflow/example_dags/tutorial.py
[2025-08-19T03:18:13.659+0000] {processor.py:830} INFO - Processing file /home/airflow/.local/lib/python3.12/site-packages/airflow/example_dags/tutorial.py for tasks to queue
[2025-08-19T03:18:13.662+0000] {logging_mixin.py:188} INFO - [2025-08-19T03:18:13.661+0000] {dagbag.py:545} INFO - Filling up the DagBag from /home/airflow/.local/lib/python3.12/site-packages/airflow/example_dags/tutorial.py
[2025-08-19T03:18:13.669+0000] {processor.py:840} INFO - DAG(s) 'tutorial' retrieved from /home/airflow/.local/lib/python3.12/site-packages/airflow/example_dags/tutorial.py
[2025-08-19T03:18:13.693+0000] {logging_mixin.py:188} INFO - [2025-08-19T03:18:13.693+0000] {dag.py:3096} INFO - Sync 1 DAGs
[2025-08-19T03:18:13.716+0000] {logging_mixin.py:188} INFO - [2025-08-19T03:18:13.715+0000] {dag.py:3954} INFO - Setting next_dagrun for tutorial to 2025-08-18 00:00:00+00:00, run_after=2025-08-19 00:00:00+00:00
[2025-08-19T03:18:13.740+0000] {processor.py:183} INFO - Processing /home/airflow/.local/lib/python3.12/site-packages/airflow/example_dags/tutorial.py took 0.087 seconds
[2025-08-19T03:18:43.956+0000] {processor.py:161} INFO - Started process (PID=23141) to work on /home/airflow/.local/lib/python3.12/site-packages/airflow/example_dags/tutorial.py
[2025-08-19T03:18:43.958+0000] {processor.py:830} INFO - Processing file /home/airflow/.local/lib/python3.12/site-packages/airflow/example_dags/tutorial.py for tasks to queue
[2025-08-19T03:18:43.960+0000] {logging_mixin.py:188} INFO - [2025-08-19T03:18:43.960+0000] {dagbag.py:545} INFO - Filling up the DagBag from /home/airflow/.local/lib/python3.12/site-packages/airflow/example_dags/tutorial.py
[2025-08-19T03:18:43.971+0000] {processor.py:840} INFO - DAG(s) 'tutorial' retrieved from /home/airflow/.local/lib/python3.12/site-packages/airflow/example_dags/tutorial.py
[2025-08-19T03:18:44.004+0000] {logging_mixin.py:188} INFO - [2025-08-19T03:18:44.003+0000] {dag.py:3096} INFO - Sync 1 DAGs
[2025-08-19T03:18:44.027+0000] {logging_mixin.py:188} INFO - [2025-08-19T03:18:44.026+0000] {dag.py:3954} INFO - Setting next_dagrun for tutorial to 2025-08-18 00:00:00+00:00, run_after=2025-08-19 00:00:00+00:00
[2025-08-19T03:18:44.092+0000] {processor.py:183} INFO - Processing /home/airflow/.local/lib/python3.12/site-packages/airflow/example_dags/tutorial.py took 0.151 seconds
[2025-08-19T03:19:14.175+0000] {processor.py:161} INFO - Started process (PID=23194) to work on /home/airflow/.local/lib/python3.12/site-packages/airflow/example_dags/tutorial.py
[2025-08-19T03:19:14.177+0000] {processor.py:830} INFO - Processing file /home/airflow/.local/lib/python3.12/site-packages/airflow/example_dags/tutorial.py for tasks to queue
[2025-08-19T03:19:14.178+0000] {logging_mixin.py:188} INFO - [2025-08-19T03:19:14.178+0000] {dagbag.py:545} INFO - Filling up the DagBag from /home/airflow/.local/lib/python3.12/site-packages/airflow/example_dags/tutorial.py
[2025-08-19T03:19:14.186+0000] {processor.py:840} INFO - DAG(s) 'tutorial' retrieved from /home/airflow/.local/lib/python3.12/site-packages/airflow/example_dags/tutorial.py
[2025-08-19T03:19:14.208+0000] {logging_mixin.py:188} INFO - [2025-08-19T03:19:14.208+0000] {dag.py:3096} INFO - Sync 1 DAGs
[2025-08-19T03:19:14.232+0000] {logging_mixin.py:188} INFO - [2025-08-19T03:19:14.231+0000] {dag.py:3954} INFO - Setting next_dagrun for tutorial to 2025-08-18 00:00:00+00:00, run_after=2025-08-19 00:00:00+00:00
[2025-08-19T03:19:14.257+0000] {processor.py:183} INFO - Processing /home/airflow/.local/lib/python3.12/site-packages/airflow/example_dags/tutorial.py took 0.089 seconds
[2025-08-19T03:19:44.857+0000] {processor.py:161} INFO - Started process (PID=23247) to work on /home/airflow/.local/lib/python3.12/site-packages/airflow/example_dags/tutorial.py
[2025-08-19T03:19:44.859+0000] {processor.py:830} INFO - Processing file /home/airflow/.local/lib/python3.12/site-packages/airflow/example_dags/tutorial.py for tasks to queue
[2025-08-19T03:19:44.860+0000] {logging_mixin.py:188} INFO - [2025-08-19T03:19:44.860+0000] {dagbag.py:545} INFO - Filling up the DagBag from /home/airflow/.local/lib/python3.12/site-packages/airflow/example_dags/tutorial.py
[2025-08-19T03:19:44.869+0000] {processor.py:840} INFO - DAG(s) 'tutorial' retrieved from /home/airflow/.local/lib/python3.12/site-packages/airflow/example_dags/tutorial.py
[2025-08-19T03:19:44.894+0000] {logging_mixin.py:188} INFO - [2025-08-19T03:19:44.893+0000] {dag.py:3096} INFO - Sync 1 DAGs
[2025-08-19T03:19:44.919+0000] {logging_mixin.py:188} INFO - [2025-08-19T03:19:44.918+0000] {dag.py:3954} INFO - Setting next_dagrun for tutorial to 2025-08-18 00:00:00+00:00, run_after=2025-08-19 00:00:00+00:00
[2025-08-19T03:19:44.952+0000] {processor.py:183} INFO - Processing /home/airflow/.local/lib/python3.12/site-packages/airflow/example_dags/tutorial.py took 0.102 seconds
[2025-08-19T03:20:15.331+0000] {processor.py:161} INFO - Started process (PID=23300) to work on /home/airflow/.local/lib/python3.12/site-packages/airflow/example_dags/tutorial.py
[2025-08-19T03:20:15.333+0000] {processor.py:830} INFO - Processing file /home/airflow/.local/lib/python3.12/site-packages/airflow/example_dags/tutorial.py for tasks to queue
[2025-08-19T03:20:15.335+0000] {logging_mixin.py:188} INFO - [2025-08-19T03:20:15.335+0000] {dagbag.py:545} INFO - Filling up the DagBag from /home/airflow/.local/lib/python3.12/site-packages/airflow/example_dags/tutorial.py
[2025-08-19T03:20:15.343+0000] {processor.py:840} INFO - DAG(s) 'tutorial' retrieved from /home/airflow/.local/lib/python3.12/site-packages/airflow/example_dags/tutorial.py
[2025-08-19T03:20:15.371+0000] {logging_mixin.py:188} INFO - [2025-08-19T03:20:15.371+0000] {dag.py:3096} INFO - Sync 1 DAGs
[2025-08-19T03:20:15.398+0000] {logging_mixin.py:188} INFO - [2025-08-19T03:20:15.398+0000] {dag.py:3954} INFO - Setting next_dagrun for tutorial to 2025-08-18 00:00:00+00:00, run_after=2025-08-19 00:00:00+00:00
[2025-08-19T03:20:15.424+0000] {processor.py:183} INFO - Processing /home/airflow/.local/lib/python3.12/site-packages/airflow/example_dags/tutorial.py took 0.103 seconds
[2025-08-19T03:20:45.527+0000] {processor.py:161} INFO - Started process (PID=23353) to work on /home/airflow/.local/lib/python3.12/site-packages/airflow/example_dags/tutorial.py
[2025-08-19T03:20:45.529+0000] {processor.py:830} INFO - Processing file /home/airflow/.local/lib/python3.12/site-packages/airflow/example_dags/tutorial.py for tasks to queue
[2025-08-19T03:20:45.531+0000] {logging_mixin.py:188} INFO - [2025-08-19T03:20:45.531+0000] {dagbag.py:545} INFO - Filling up the DagBag from /home/airflow/.local/lib/python3.12/site-packages/airflow/example_dags/tutorial.py
[2025-08-19T03:20:45.538+0000] {processor.py:840} INFO - DAG(s) 'tutorial' retrieved from /home/airflow/.local/lib/python3.12/site-packages/airflow/example_dags/tutorial.py
[2025-08-19T03:20:45.565+0000] {logging_mixin.py:188} INFO - [2025-08-19T03:20:45.564+0000] {dag.py:3096} INFO - Sync 1 DAGs
[2025-08-19T03:20:45.590+0000] {logging_mixin.py:188} INFO - [2025-08-19T03:20:45.589+0000] {dag.py:3954} INFO - Setting next_dagrun for tutorial to 2025-08-18 00:00:00+00:00, run_after=2025-08-19 00:00:00+00:00
[2025-08-19T03:20:45.618+0000] {processor.py:183} INFO - Processing /home/airflow/.local/lib/python3.12/site-packages/airflow/example_dags/tutorial.py took 0.100 seconds
[2025-08-19T03:21:15.754+0000] {processor.py:161} INFO - Started process (PID=23406) to work on /home/airflow/.local/lib/python3.12/site-packages/airflow/example_dags/tutorial.py
[2025-08-19T03:21:15.755+0000] {processor.py:830} INFO - Processing file /home/airflow/.local/lib/python3.12/site-packages/airflow/example_dags/tutorial.py for tasks to queue
[2025-08-19T03:21:15.757+0000] {logging_mixin.py:188} INFO - [2025-08-19T03:21:15.756+0000] {dagbag.py:545} INFO - Filling up the DagBag from /home/airflow/.local/lib/python3.12/site-packages/airflow/example_dags/tutorial.py
[2025-08-19T03:21:15.764+0000] {processor.py:840} INFO - DAG(s) 'tutorial' retrieved from /home/airflow/.local/lib/python3.12/site-packages/airflow/example_dags/tutorial.py
[2025-08-19T03:21:15.787+0000] {logging_mixin.py:188} INFO - [2025-08-19T03:21:15.787+0000] {dag.py:3096} INFO - Sync 1 DAGs
[2025-08-19T03:21:15.810+0000] {logging_mixin.py:188} INFO - [2025-08-19T03:21:15.810+0000] {dag.py:3954} INFO - Setting next_dagrun for tutorial to 2025-08-18 00:00:00+00:00, run_after=2025-08-19 00:00:00+00:00
[2025-08-19T03:21:15.834+0000] {processor.py:183} INFO - Processing /home/airflow/.local/lib/python3.12/site-packages/airflow/example_dags/tutorial.py took 0.087 seconds
[2025-08-19T03:21:46.429+0000] {processor.py:161} INFO - Started process (PID=23459) to work on /home/airflow/.local/lib/python3.12/site-packages/airflow/example_dags/tutorial.py
[2025-08-19T03:21:46.431+0000] {processor.py:830} INFO - Processing file /home/airflow/.local/lib/python3.12/site-packages/airflow/example_dags/tutorial.py for tasks to queue
[2025-08-19T03:21:46.433+0000] {logging_mixin.py:188} INFO - [2025-08-19T03:21:46.432+0000] {dagbag.py:545} INFO - Filling up the DagBag from /home/airflow/.local/lib/python3.12/site-packages/airflow/example_dags/tutorial.py
[2025-08-19T03:21:46.439+0000] {processor.py:840} INFO - DAG(s) 'tutorial' retrieved from /home/airflow/.local/lib/python3.12/site-packages/airflow/example_dags/tutorial.py
[2025-08-19T03:21:46.464+0000] {logging_mixin.py:188} INFO - [2025-08-19T03:21:46.464+0000] {dag.py:3096} INFO - Sync 1 DAGs
[2025-08-19T03:21:46.489+0000] {logging_mixin.py:188} INFO - [2025-08-19T03:21:46.489+0000] {dag.py:3954} INFO - Setting next_dagrun for tutorial to 2025-08-18 00:00:00+00:00, run_after=2025-08-19 00:00:00+00:00
[2025-08-19T03:21:46.518+0000] {processor.py:183} INFO - Processing /home/airflow/.local/lib/python3.12/site-packages/airflow/example_dags/tutorial.py took 0.096 seconds
[2025-08-19T03:22:17.060+0000] {processor.py:161} INFO - Started process (PID=23512) to work on /home/airflow/.local/lib/python3.12/site-packages/airflow/example_dags/tutorial.py
[2025-08-19T03:22:17.062+0000] {processor.py:830} INFO - Processing file /home/airflow/.local/lib/python3.12/site-packages/airflow/example_dags/tutorial.py for tasks to queue
[2025-08-19T03:22:17.063+0000] {logging_mixin.py:188} INFO - [2025-08-19T03:22:17.063+0000] {dagbag.py:545} INFO - Filling up the DagBag from /home/airflow/.local/lib/python3.12/site-packages/airflow/example_dags/tutorial.py
[2025-08-19T03:22:17.070+0000] {processor.py:840} INFO - DAG(s) 'tutorial' retrieved from /home/airflow/.local/lib/python3.12/site-packages/airflow/example_dags/tutorial.py
[2025-08-19T03:22:17.098+0000] {logging_mixin.py:188} INFO - [2025-08-19T03:22:17.097+0000] {dag.py:3096} INFO - Sync 1 DAGs
[2025-08-19T03:22:17.120+0000] {logging_mixin.py:188} INFO - [2025-08-19T03:22:17.120+0000] {dag.py:3954} INFO - Setting next_dagrun for tutorial to 2025-08-18 00:00:00+00:00, run_after=2025-08-19 00:00:00+00:00
[2025-08-19T03:22:17.145+0000] {processor.py:183} INFO - Processing /home/airflow/.local/lib/python3.12/site-packages/airflow/example_dags/tutorial.py took 0.091 seconds
[2025-08-19T03:22:47.512+0000] {processor.py:161} INFO - Started process (PID=23565) to work on /home/airflow/.local/lib/python3.12/site-packages/airflow/example_dags/tutorial.py
[2025-08-19T03:22:47.513+0000] {processor.py:830} INFO - Processing file /home/airflow/.local/lib/python3.12/site-packages/airflow/example_dags/tutorial.py for tasks to queue
[2025-08-19T03:22:47.515+0000] {logging_mixin.py:188} INFO - [2025-08-19T03:22:47.515+0000] {dagbag.py:545} INFO - Filling up the DagBag from /home/airflow/.local/lib/python3.12/site-packages/airflow/example_dags/tutorial.py
[2025-08-19T03:22:47.522+0000] {processor.py:840} INFO - DAG(s) 'tutorial' retrieved from /home/airflow/.local/lib/python3.12/site-packages/airflow/example_dags/tutorial.py
[2025-08-19T03:22:47.555+0000] {logging_mixin.py:188} INFO - [2025-08-19T03:22:47.555+0000] {dag.py:3096} INFO - Sync 1 DAGs
[2025-08-19T03:22:47.587+0000] {logging_mixin.py:188} INFO - [2025-08-19T03:22:47.586+0000] {dag.py:3954} INFO - Setting next_dagrun for tutorial to 2025-08-18 00:00:00+00:00, run_after=2025-08-19 00:00:00+00:00
[2025-08-19T03:22:47.618+0000] {processor.py:183} INFO - Processing /home/airflow/.local/lib/python3.12/site-packages/airflow/example_dags/tutorial.py took 0.116 seconds
[2025-08-19T03:23:17.950+0000] {processor.py:161} INFO - Started process (PID=23618) to work on /home/airflow/.local/lib/python3.12/site-packages/airflow/example_dags/tutorial.py
[2025-08-19T03:23:17.951+0000] {processor.py:830} INFO - Processing file /home/airflow/.local/lib/python3.12/site-packages/airflow/example_dags/tutorial.py for tasks to queue
[2025-08-19T03:23:17.952+0000] {logging_mixin.py:188} INFO - [2025-08-19T03:23:17.952+0000] {dagbag.py:545} INFO - Filling up the DagBag from /home/airflow/.local/lib/python3.12/site-packages/airflow/example_dags/tutorial.py
[2025-08-19T03:23:17.960+0000] {processor.py:840} INFO - DAG(s) 'tutorial' retrieved from /home/airflow/.local/lib/python3.12/site-packages/airflow/example_dags/tutorial.py
[2025-08-19T03:23:17.984+0000] {logging_mixin.py:188} INFO - [2025-08-19T03:23:17.984+0000] {dag.py:3096} INFO - Sync 1 DAGs
[2025-08-19T03:23:18.011+0000] {logging_mixin.py:188} INFO - [2025-08-19T03:23:18.010+0000] {dag.py:3954} INFO - Setting next_dagrun for tutorial to 2025-08-18 00:00:00+00:00, run_after=2025-08-19 00:00:00+00:00
[2025-08-19T03:23:18.035+0000] {processor.py:183} INFO - Processing /home/airflow/.local/lib/python3.12/site-packages/airflow/example_dags/tutorial.py took 0.091 seconds
[2025-08-19T03:23:48.403+0000] {processor.py:161} INFO - Started process (PID=23671) to work on /home/airflow/.local/lib/python3.12/site-packages/airflow/example_dags/tutorial.py
[2025-08-19T03:23:48.404+0000] {processor.py:830} INFO - Processing file /home/airflow/.local/lib/python3.12/site-packages/airflow/example_dags/tutorial.py for tasks to queue
[2025-08-19T03:23:48.406+0000] {logging_mixin.py:188} INFO - [2025-08-19T03:23:48.405+0000] {dagbag.py:545} INFO - Filling up the DagBag from /home/airflow/.local/lib/python3.12/site-packages/airflow/example_dags/tutorial.py
[2025-08-19T03:23:48.413+0000] {processor.py:840} INFO - DAG(s) 'tutorial' retrieved from /home/airflow/.local/lib/python3.12/site-packages/airflow/example_dags/tutorial.py
[2025-08-19T03:23:48.434+0000] {logging_mixin.py:188} INFO - [2025-08-19T03:23:48.434+0000] {dag.py:3096} INFO - Sync 1 DAGs
[2025-08-19T03:23:48.457+0000] {logging_mixin.py:188} INFO - [2025-08-19T03:23:48.457+0000] {dag.py:3954} INFO - Setting next_dagrun for tutorial to 2025-08-18 00:00:00+00:00, run_after=2025-08-19 00:00:00+00:00
[2025-08-19T03:23:48.481+0000] {processor.py:183} INFO - Processing /home/airflow/.local/lib/python3.12/site-packages/airflow/example_dags/tutorial.py took 0.086 seconds
[2025-08-19T03:24:19.068+0000] {processor.py:161} INFO - Started process (PID=23724) to work on /home/airflow/.local/lib/python3.12/site-packages/airflow/example_dags/tutorial.py
[2025-08-19T03:24:19.070+0000] {processor.py:830} INFO - Processing file /home/airflow/.local/lib/python3.12/site-packages/airflow/example_dags/tutorial.py for tasks to queue
[2025-08-19T03:24:19.072+0000] {logging_mixin.py:188} INFO - [2025-08-19T03:24:19.071+0000] {dagbag.py:545} INFO - Filling up the DagBag from /home/airflow/.local/lib/python3.12/site-packages/airflow/example_dags/tutorial.py
[2025-08-19T03:24:19.078+0000] {processor.py:840} INFO - DAG(s) 'tutorial' retrieved from /home/airflow/.local/lib/python3.12/site-packages/airflow/example_dags/tutorial.py
[2025-08-19T03:24:19.102+0000] {logging_mixin.py:188} INFO - [2025-08-19T03:24:19.102+0000] {dag.py:3096} INFO - Sync 1 DAGs
[2025-08-19T03:24:19.129+0000] {logging_mixin.py:188} INFO - [2025-08-19T03:24:19.129+0000] {dag.py:3954} INFO - Setting next_dagrun for tutorial to 2025-08-18 00:00:00+00:00, run_after=2025-08-19 00:00:00+00:00
[2025-08-19T03:24:19.155+0000] {processor.py:183} INFO - Processing /home/airflow/.local/lib/python3.12/site-packages/airflow/example_dags/tutorial.py took 0.094 seconds
[2025-08-19T03:24:49.592+0000] {processor.py:161} INFO - Started process (PID=23777) to work on /home/airflow/.local/lib/python3.12/site-packages/airflow/example_dags/tutorial.py
[2025-08-19T03:24:49.594+0000] {processor.py:830} INFO - Processing file /home/airflow/.local/lib/python3.12/site-packages/airflow/example_dags/tutorial.py for tasks to queue
[2025-08-19T03:24:49.595+0000] {logging_mixin.py:188} INFO - [2025-08-19T03:24:49.595+0000] {dagbag.py:545} INFO - Filling up the DagBag from /home/airflow/.local/lib/python3.12/site-packages/airflow/example_dags/tutorial.py
[2025-08-19T03:24:49.608+0000] {processor.py:840} INFO - DAG(s) 'tutorial' retrieved from /home/airflow/.local/lib/python3.12/site-packages/airflow/example_dags/tutorial.py
[2025-08-19T03:24:49.637+0000] {logging_mixin.py:188} INFO - [2025-08-19T03:24:49.637+0000] {dag.py:3096} INFO - Sync 1 DAGs
[2025-08-19T03:24:49.660+0000] {logging_mixin.py:188} INFO - [2025-08-19T03:24:49.660+0000] {dag.py:3954} INFO - Setting next_dagrun for tutorial to 2025-08-18 00:00:00+00:00, run_after=2025-08-19 00:00:00+00:00
[2025-08-19T03:24:49.687+0000] {processor.py:183} INFO - Processing /home/airflow/.local/lib/python3.12/site-packages/airflow/example_dags/tutorial.py took 0.105 seconds
[2025-08-19T03:25:20.246+0000] {processor.py:161} INFO - Started process (PID=23830) to work on /home/airflow/.local/lib/python3.12/site-packages/airflow/example_dags/tutorial.py
[2025-08-19T03:25:20.247+0000] {processor.py:830} INFO - Processing file /home/airflow/.local/lib/python3.12/site-packages/airflow/example_dags/tutorial.py for tasks to queue
[2025-08-19T03:25:20.250+0000] {logging_mixin.py:188} INFO - [2025-08-19T03:25:20.249+0000] {dagbag.py:545} INFO - Filling up the DagBag from /home/airflow/.local/lib/python3.12/site-packages/airflow/example_dags/tutorial.py
[2025-08-19T03:25:20.266+0000] {processor.py:840} INFO - DAG(s) 'tutorial' retrieved from /home/airflow/.local/lib/python3.12/site-packages/airflow/example_dags/tutorial.py
[2025-08-19T03:25:20.304+0000] {logging_mixin.py:188} INFO - [2025-08-19T03:25:20.304+0000] {dag.py:3096} INFO - Sync 1 DAGs
[2025-08-19T03:25:20.337+0000] {logging_mixin.py:188} INFO - [2025-08-19T03:25:20.337+0000] {dag.py:3954} INFO - Setting next_dagrun for tutorial to 2025-08-18 00:00:00+00:00, run_after=2025-08-19 00:00:00+00:00
[2025-08-19T03:25:20.362+0000] {processor.py:183} INFO - Processing /home/airflow/.local/lib/python3.12/site-packages/airflow/example_dags/tutorial.py took 0.122 seconds
[2025-08-19T03:25:50.743+0000] {processor.py:161} INFO - Started process (PID=23883) to work on /home/airflow/.local/lib/python3.12/site-packages/airflow/example_dags/tutorial.py
[2025-08-19T03:25:50.744+0000] {processor.py:830} INFO - Processing file /home/airflow/.local/lib/python3.12/site-packages/airflow/example_dags/tutorial.py for tasks to queue
[2025-08-19T03:25:50.746+0000] {logging_mixin.py:188} INFO - [2025-08-19T03:25:50.746+0000] {dagbag.py:545} INFO - Filling up the DagBag from /home/airflow/.local/lib/python3.12/site-packages/airflow/example_dags/tutorial.py
[2025-08-19T03:25:50.755+0000] {processor.py:840} INFO - DAG(s) 'tutorial' retrieved from /home/airflow/.local/lib/python3.12/site-packages/airflow/example_dags/tutorial.py
[2025-08-19T03:25:50.778+0000] {logging_mixin.py:188} INFO - [2025-08-19T03:25:50.778+0000] {dag.py:3096} INFO - Sync 1 DAGs
[2025-08-19T03:25:50.801+0000] {logging_mixin.py:188} INFO - [2025-08-19T03:25:50.800+0000] {dag.py:3954} INFO - Setting next_dagrun for tutorial to 2025-08-18 00:00:00+00:00, run_after=2025-08-19 00:00:00+00:00
[2025-08-19T03:25:50.830+0000] {processor.py:183} INFO - Processing /home/airflow/.local/lib/python3.12/site-packages/airflow/example_dags/tutorial.py took 0.093 seconds
[2025-08-19T03:26:20.972+0000] {processor.py:161} INFO - Started process (PID=23936) to work on /home/airflow/.local/lib/python3.12/site-packages/airflow/example_dags/tutorial.py
[2025-08-19T03:26:20.974+0000] {processor.py:830} INFO - Processing file /home/airflow/.local/lib/python3.12/site-packages/airflow/example_dags/tutorial.py for tasks to queue
[2025-08-19T03:26:20.977+0000] {logging_mixin.py:188} INFO - [2025-08-19T03:26:20.976+0000] {dagbag.py:545} INFO - Filling up the DagBag from /home/airflow/.local/lib/python3.12/site-packages/airflow/example_dags/tutorial.py
[2025-08-19T03:26:20.990+0000] {processor.py:840} INFO - DAG(s) 'tutorial' retrieved from /home/airflow/.local/lib/python3.12/site-packages/airflow/example_dags/tutorial.py
[2025-08-19T03:26:21.014+0000] {logging_mixin.py:188} INFO - [2025-08-19T03:26:21.014+0000] {dag.py:3096} INFO - Sync 1 DAGs
[2025-08-19T03:26:21.038+0000] {logging_mixin.py:188} INFO - [2025-08-19T03:26:21.038+0000] {dag.py:3954} INFO - Setting next_dagrun for tutorial to 2025-08-18 00:00:00+00:00, run_after=2025-08-19 00:00:00+00:00
[2025-08-19T03:26:21.064+0000] {processor.py:183} INFO - Processing /home/airflow/.local/lib/python3.12/site-packages/airflow/example_dags/tutorial.py took 0.102 seconds
[2025-08-19T03:26:51.599+0000] {processor.py:161} INFO - Started process (PID=23989) to work on /home/airflow/.local/lib/python3.12/site-packages/airflow/example_dags/tutorial.py
[2025-08-19T03:26:51.601+0000] {processor.py:830} INFO - Processing file /home/airflow/.local/lib/python3.12/site-packages/airflow/example_dags/tutorial.py for tasks to queue
[2025-08-19T03:26:51.603+0000] {logging_mixin.py:188} INFO - [2025-08-19T03:26:51.603+0000] {dagbag.py:545} INFO - Filling up the DagBag from /home/airflow/.local/lib/python3.12/site-packages/airflow/example_dags/tutorial.py
[2025-08-19T03:26:51.611+0000] {processor.py:840} INFO - DAG(s) 'tutorial' retrieved from /home/airflow/.local/lib/python3.12/site-packages/airflow/example_dags/tutorial.py
[2025-08-19T03:26:51.634+0000] {logging_mixin.py:188} INFO - [2025-08-19T03:26:51.634+0000] {dag.py:3096} INFO - Sync 1 DAGs
[2025-08-19T03:26:51.657+0000] {logging_mixin.py:188} INFO - [2025-08-19T03:26:51.657+0000] {dag.py:3954} INFO - Setting next_dagrun for tutorial to 2025-08-18 00:00:00+00:00, run_after=2025-08-19 00:00:00+00:00
[2025-08-19T03:26:51.685+0000] {processor.py:183} INFO - Processing /home/airflow/.local/lib/python3.12/site-packages/airflow/example_dags/tutorial.py took 0.096 seconds
[2025-08-19T03:27:22.065+0000] {processor.py:161} INFO - Started process (PID=24042) to work on /home/airflow/.local/lib/python3.12/site-packages/airflow/example_dags/tutorial.py
[2025-08-19T03:27:22.066+0000] {processor.py:830} INFO - Processing file /home/airflow/.local/lib/python3.12/site-packages/airflow/example_dags/tutorial.py for tasks to queue
[2025-08-19T03:27:22.068+0000] {logging_mixin.py:188} INFO - [2025-08-19T03:27:22.067+0000] {dagbag.py:545} INFO - Filling up the DagBag from /home/airflow/.local/lib/python3.12/site-packages/airflow/example_dags/tutorial.py
[2025-08-19T03:27:22.077+0000] {processor.py:840} INFO - DAG(s) 'tutorial' retrieved from /home/airflow/.local/lib/python3.12/site-packages/airflow/example_dags/tutorial.py
[2025-08-19T03:27:22.099+0000] {logging_mixin.py:188} INFO - [2025-08-19T03:27:22.099+0000] {dag.py:3096} INFO - Sync 1 DAGs
[2025-08-19T03:27:22.122+0000] {logging_mixin.py:188} INFO - [2025-08-19T03:27:22.122+0000] {dag.py:3954} INFO - Setting next_dagrun for tutorial to 2025-08-18 00:00:00+00:00, run_after=2025-08-19 00:00:00+00:00
[2025-08-19T03:27:22.148+0000] {processor.py:183} INFO - Processing /home/airflow/.local/lib/python3.12/site-packages/airflow/example_dags/tutorial.py took 0.090 seconds
[2025-08-19T03:27:52.570+0000] {processor.py:161} INFO - Started process (PID=24095) to work on /home/airflow/.local/lib/python3.12/site-packages/airflow/example_dags/tutorial.py
[2025-08-19T03:27:52.572+0000] {processor.py:830} INFO - Processing file /home/airflow/.local/lib/python3.12/site-packages/airflow/example_dags/tutorial.py for tasks to queue
[2025-08-19T03:27:52.573+0000] {logging_mixin.py:188} INFO - [2025-08-19T03:27:52.573+0000] {dagbag.py:545} INFO - Filling up the DagBag from /home/airflow/.local/lib/python3.12/site-packages/airflow/example_dags/tutorial.py
[2025-08-19T03:27:52.585+0000] {processor.py:840} INFO - DAG(s) 'tutorial' retrieved from /home/airflow/.local/lib/python3.12/site-packages/airflow/example_dags/tutorial.py
[2025-08-19T03:27:52.614+0000] {logging_mixin.py:188} INFO - [2025-08-19T03:27:52.613+0000] {dag.py:3096} INFO - Sync 1 DAGs
[2025-08-19T03:27:52.638+0000] {logging_mixin.py:188} INFO - [2025-08-19T03:27:52.637+0000] {dag.py:3954} INFO - Setting next_dagrun for tutorial to 2025-08-18 00:00:00+00:00, run_after=2025-08-19 00:00:00+00:00
[2025-08-19T03:27:52.662+0000] {processor.py:183} INFO - Processing /home/airflow/.local/lib/python3.12/site-packages/airflow/example_dags/tutorial.py took 0.098 seconds
[2025-08-19T03:28:22.989+0000] {processor.py:161} INFO - Started process (PID=24148) to work on /home/airflow/.local/lib/python3.12/site-packages/airflow/example_dags/tutorial.py
[2025-08-19T03:28:22.991+0000] {processor.py:830} INFO - Processing file /home/airflow/.local/lib/python3.12/site-packages/airflow/example_dags/tutorial.py for tasks to queue
[2025-08-19T03:28:22.993+0000] {logging_mixin.py:188} INFO - [2025-08-19T03:28:22.992+0000] {dagbag.py:545} INFO - Filling up the DagBag from /home/airflow/.local/lib/python3.12/site-packages/airflow/example_dags/tutorial.py
[2025-08-19T03:28:23.000+0000] {processor.py:840} INFO - DAG(s) 'tutorial' retrieved from /home/airflow/.local/lib/python3.12/site-packages/airflow/example_dags/tutorial.py
[2025-08-19T03:28:23.024+0000] {logging_mixin.py:188} INFO - [2025-08-19T03:28:23.024+0000] {dag.py:3096} INFO - Sync 1 DAGs
[2025-08-19T03:28:23.044+0000] {logging_mixin.py:188} INFO - [2025-08-19T03:28:23.044+0000] {dag.py:3954} INFO - Setting next_dagrun for tutorial to 2025-08-18 00:00:00+00:00, run_after=2025-08-19 00:00:00+00:00
[2025-08-19T03:28:23.074+0000] {processor.py:183} INFO - Processing /home/airflow/.local/lib/python3.12/site-packages/airflow/example_dags/tutorial.py took 0.091 seconds
[2025-08-19T03:28:53.442+0000] {processor.py:161} INFO - Started process (PID=24201) to work on /home/airflow/.local/lib/python3.12/site-packages/airflow/example_dags/tutorial.py
[2025-08-19T03:28:53.444+0000] {processor.py:830} INFO - Processing file /home/airflow/.local/lib/python3.12/site-packages/airflow/example_dags/tutorial.py for tasks to queue
[2025-08-19T03:28:53.445+0000] {logging_mixin.py:188} INFO - [2025-08-19T03:28:53.445+0000] {dagbag.py:545} INFO - Filling up the DagBag from /home/airflow/.local/lib/python3.12/site-packages/airflow/example_dags/tutorial.py
[2025-08-19T03:28:53.454+0000] {processor.py:840} INFO - DAG(s) 'tutorial' retrieved from /home/airflow/.local/lib/python3.12/site-packages/airflow/example_dags/tutorial.py
[2025-08-19T03:28:53.478+0000] {logging_mixin.py:188} INFO - [2025-08-19T03:28:53.478+0000] {dag.py:3096} INFO - Sync 1 DAGs
[2025-08-19T03:28:53.501+0000] {logging_mixin.py:188} INFO - [2025-08-19T03:28:53.501+0000] {dag.py:3954} INFO - Setting next_dagrun for tutorial to 2025-08-18 00:00:00+00:00, run_after=2025-08-19 00:00:00+00:00
[2025-08-19T03:28:53.526+0000] {processor.py:183} INFO - Processing /home/airflow/.local/lib/python3.12/site-packages/airflow/example_dags/tutorial.py took 0.093 seconds
[2025-08-19T03:29:23.815+0000] {processor.py:161} INFO - Started process (PID=24254) to work on /home/airflow/.local/lib/python3.12/site-packages/airflow/example_dags/tutorial.py
[2025-08-19T03:29:23.817+0000] {processor.py:830} INFO - Processing file /home/airflow/.local/lib/python3.12/site-packages/airflow/example_dags/tutorial.py for tasks to queue
[2025-08-19T03:29:23.818+0000] {logging_mixin.py:188} INFO - [2025-08-19T03:29:23.818+0000] {dagbag.py:545} INFO - Filling up the DagBag from /home/airflow/.local/lib/python3.12/site-packages/airflow/example_dags/tutorial.py
[2025-08-19T03:29:23.827+0000] {processor.py:840} INFO - DAG(s) 'tutorial' retrieved from /home/airflow/.local/lib/python3.12/site-packages/airflow/example_dags/tutorial.py
[2025-08-19T03:29:23.849+0000] {logging_mixin.py:188} INFO - [2025-08-19T03:29:23.849+0000] {dag.py:3096} INFO - Sync 1 DAGs
[2025-08-19T03:29:23.873+0000] {logging_mixin.py:188} INFO - [2025-08-19T03:29:23.873+0000] {dag.py:3954} INFO - Setting next_dagrun for tutorial to 2025-08-18 00:00:00+00:00, run_after=2025-08-19 00:00:00+00:00
[2025-08-19T03:29:23.897+0000] {processor.py:183} INFO - Processing /home/airflow/.local/lib/python3.12/site-packages/airflow/example_dags/tutorial.py took 0.088 seconds
[2025-08-19T03:29:54.159+0000] {processor.py:161} INFO - Started process (PID=24307) to work on /home/airflow/.local/lib/python3.12/site-packages/airflow/example_dags/tutorial.py
[2025-08-19T03:29:54.161+0000] {processor.py:830} INFO - Processing file /home/airflow/.local/lib/python3.12/site-packages/airflow/example_dags/tutorial.py for tasks to queue
[2025-08-19T03:29:54.162+0000] {logging_mixin.py:188} INFO - [2025-08-19T03:29:54.162+0000] {dagbag.py:545} INFO - Filling up the DagBag from /home/airflow/.local/lib/python3.12/site-packages/airflow/example_dags/tutorial.py
[2025-08-19T03:29:54.172+0000] {processor.py:840} INFO - DAG(s) 'tutorial' retrieved from /home/airflow/.local/lib/python3.12/site-packages/airflow/example_dags/tutorial.py
[2025-08-19T03:29:54.193+0000] {logging_mixin.py:188} INFO - [2025-08-19T03:29:54.193+0000] {dag.py:3096} INFO - Sync 1 DAGs
[2025-08-19T03:29:54.220+0000] {logging_mixin.py:188} INFO - [2025-08-19T03:29:54.220+0000] {dag.py:3954} INFO - Setting next_dagrun for tutorial to 2025-08-18 00:00:00+00:00, run_after=2025-08-19 00:00:00+00:00
[2025-08-19T03:29:54.243+0000] {processor.py:183} INFO - Processing /home/airflow/.local/lib/python3.12/site-packages/airflow/example_dags/tutorial.py took 0.090 seconds
[2025-08-19T03:30:24.683+0000] {processor.py:161} INFO - Started process (PID=24360) to work on /home/airflow/.local/lib/python3.12/site-packages/airflow/example_dags/tutorial.py
[2025-08-19T03:30:24.684+0000] {processor.py:830} INFO - Processing file /home/airflow/.local/lib/python3.12/site-packages/airflow/example_dags/tutorial.py for tasks to queue
[2025-08-19T03:30:24.687+0000] {logging_mixin.py:188} INFO - [2025-08-19T03:30:24.686+0000] {dagbag.py:545} INFO - Filling up the DagBag from /home/airflow/.local/lib/python3.12/site-packages/airflow/example_dags/tutorial.py
[2025-08-19T03:30:24.694+0000] {processor.py:840} INFO - DAG(s) 'tutorial' retrieved from /home/airflow/.local/lib/python3.12/site-packages/airflow/example_dags/tutorial.py
[2025-08-19T03:30:24.716+0000] {logging_mixin.py:188} INFO - [2025-08-19T03:30:24.715+0000] {dag.py:3096} INFO - Sync 1 DAGs
[2025-08-19T03:30:24.741+0000] {logging_mixin.py:188} INFO - [2025-08-19T03:30:24.741+0000] {dag.py:3954} INFO - Setting next_dagrun for tutorial to 2025-08-18 00:00:00+00:00, run_after=2025-08-19 00:00:00+00:00
[2025-08-19T03:30:24.765+0000] {processor.py:183} INFO - Processing /home/airflow/.local/lib/python3.12/site-packages/airflow/example_dags/tutorial.py took 0.088 seconds
[2025-08-19T03:30:55.213+0000] {processor.py:161} INFO - Started process (PID=24413) to work on /home/airflow/.local/lib/python3.12/site-packages/airflow/example_dags/tutorial.py
[2025-08-19T03:30:55.215+0000] {processor.py:830} INFO - Processing file /home/airflow/.local/lib/python3.12/site-packages/airflow/example_dags/tutorial.py for tasks to queue
[2025-08-19T03:30:55.218+0000] {logging_mixin.py:188} INFO - [2025-08-19T03:30:55.217+0000] {dagbag.py:545} INFO - Filling up the DagBag from /home/airflow/.local/lib/python3.12/site-packages/airflow/example_dags/tutorial.py
[2025-08-19T03:30:55.226+0000] {processor.py:840} INFO - DAG(s) 'tutorial' retrieved from /home/airflow/.local/lib/python3.12/site-packages/airflow/example_dags/tutorial.py
[2025-08-19T03:30:55.252+0000] {logging_mixin.py:188} INFO - [2025-08-19T03:30:55.252+0000] {dag.py:3096} INFO - Sync 1 DAGs
[2025-08-19T03:30:55.280+0000] {logging_mixin.py:188} INFO - [2025-08-19T03:30:55.280+0000] {dag.py:3954} INFO - Setting next_dagrun for tutorial to 2025-08-18 00:00:00+00:00, run_after=2025-08-19 00:00:00+00:00
[2025-08-19T03:30:55.309+0000] {processor.py:183} INFO - Processing /home/airflow/.local/lib/python3.12/site-packages/airflow/example_dags/tutorial.py took 0.101 seconds
[2025-08-19T03:31:25.380+0000] {processor.py:161} INFO - Started process (PID=24466) to work on /home/airflow/.local/lib/python3.12/site-packages/airflow/example_dags/tutorial.py
[2025-08-19T03:31:25.382+0000] {processor.py:830} INFO - Processing file /home/airflow/.local/lib/python3.12/site-packages/airflow/example_dags/tutorial.py for tasks to queue
[2025-08-19T03:31:25.384+0000] {logging_mixin.py:188} INFO - [2025-08-19T03:31:25.383+0000] {dagbag.py:545} INFO - Filling up the DagBag from /home/airflow/.local/lib/python3.12/site-packages/airflow/example_dags/tutorial.py
[2025-08-19T03:31:25.392+0000] {processor.py:840} INFO - DAG(s) 'tutorial' retrieved from /home/airflow/.local/lib/python3.12/site-packages/airflow/example_dags/tutorial.py
[2025-08-19T03:31:25.416+0000] {logging_mixin.py:188} INFO - [2025-08-19T03:31:25.416+0000] {dag.py:3096} INFO - Sync 1 DAGs
[2025-08-19T03:31:25.439+0000] {logging_mixin.py:188} INFO - [2025-08-19T03:31:25.439+0000] {dag.py:3954} INFO - Setting next_dagrun for tutorial to 2025-08-18 00:00:00+00:00, run_after=2025-08-19 00:00:00+00:00
[2025-08-19T03:31:25.464+0000] {processor.py:183} INFO - Processing /home/airflow/.local/lib/python3.12/site-packages/airflow/example_dags/tutorial.py took 0.090 seconds
[2025-08-19T03:31:55.750+0000] {processor.py:161} INFO - Started process (PID=24519) to work on /home/airflow/.local/lib/python3.12/site-packages/airflow/example_dags/tutorial.py
[2025-08-19T03:31:55.752+0000] {processor.py:830} INFO - Processing file /home/airflow/.local/lib/python3.12/site-packages/airflow/example_dags/tutorial.py for tasks to queue
[2025-08-19T03:31:55.753+0000] {logging_mixin.py:188} INFO - [2025-08-19T03:31:55.753+0000] {dagbag.py:545} INFO - Filling up the DagBag from /home/airflow/.local/lib/python3.12/site-packages/airflow/example_dags/tutorial.py
[2025-08-19T03:31:55.761+0000] {processor.py:840} INFO - DAG(s) 'tutorial' retrieved from /home/airflow/.local/lib/python3.12/site-packages/airflow/example_dags/tutorial.py
[2025-08-19T03:31:55.785+0000] {logging_mixin.py:188} INFO - [2025-08-19T03:31:55.785+0000] {dag.py:3096} INFO - Sync 1 DAGs
[2025-08-19T03:31:55.809+0000] {logging_mixin.py:188} INFO - [2025-08-19T03:31:55.808+0000] {dag.py:3954} INFO - Setting next_dagrun for tutorial to 2025-08-18 00:00:00+00:00, run_after=2025-08-19 00:00:00+00:00
[2025-08-19T03:31:55.833+0000] {processor.py:183} INFO - Processing /home/airflow/.local/lib/python3.12/site-packages/airflow/example_dags/tutorial.py took 0.089 seconds
[2025-08-19T03:32:26.186+0000] {processor.py:161} INFO - Started process (PID=24572) to work on /home/airflow/.local/lib/python3.12/site-packages/airflow/example_dags/tutorial.py
[2025-08-19T03:32:26.188+0000] {processor.py:830} INFO - Processing file /home/airflow/.local/lib/python3.12/site-packages/airflow/example_dags/tutorial.py for tasks to queue
[2025-08-19T03:32:26.189+0000] {logging_mixin.py:188} INFO - [2025-08-19T03:32:26.189+0000] {dagbag.py:545} INFO - Filling up the DagBag from /home/airflow/.local/lib/python3.12/site-packages/airflow/example_dags/tutorial.py
[2025-08-19T03:32:26.197+0000] {processor.py:840} INFO - DAG(s) 'tutorial' retrieved from /home/airflow/.local/lib/python3.12/site-packages/airflow/example_dags/tutorial.py
[2025-08-19T03:32:26.222+0000] {logging_mixin.py:188} INFO - [2025-08-19T03:32:26.222+0000] {dag.py:3096} INFO - Sync 1 DAGs
[2025-08-19T03:32:26.244+0000] {logging_mixin.py:188} INFO - [2025-08-19T03:32:26.243+0000] {dag.py:3954} INFO - Setting next_dagrun for tutorial to 2025-08-18 00:00:00+00:00, run_after=2025-08-19 00:00:00+00:00
[2025-08-19T03:32:26.270+0000] {processor.py:183} INFO - Processing /home/airflow/.local/lib/python3.12/site-packages/airflow/example_dags/tutorial.py took 0.091 seconds
[2025-08-19T03:32:56.650+0000] {processor.py:161} INFO - Started process (PID=24623) to work on /home/airflow/.local/lib/python3.12/site-packages/airflow/example_dags/tutorial.py
[2025-08-19T03:32:56.652+0000] {processor.py:830} INFO - Processing file /home/airflow/.local/lib/python3.12/site-packages/airflow/example_dags/tutorial.py for tasks to queue
[2025-08-19T03:32:56.653+0000] {logging_mixin.py:188} INFO - [2025-08-19T03:32:56.653+0000] {dagbag.py:545} INFO - Filling up the DagBag from /home/airflow/.local/lib/python3.12/site-packages/airflow/example_dags/tutorial.py
[2025-08-19T03:32:56.662+0000] {processor.py:840} INFO - DAG(s) 'tutorial' retrieved from /home/airflow/.local/lib/python3.12/site-packages/airflow/example_dags/tutorial.py
[2025-08-19T03:32:56.692+0000] {logging_mixin.py:188} INFO - [2025-08-19T03:32:56.692+0000] {dag.py:3096} INFO - Sync 1 DAGs
[2025-08-19T03:32:56.719+0000] {logging_mixin.py:188} INFO - [2025-08-19T03:32:56.719+0000] {dag.py:3954} INFO - Setting next_dagrun for tutorial to 2025-08-18 00:00:00+00:00, run_after=2025-08-19 00:00:00+00:00
[2025-08-19T03:32:56.755+0000] {processor.py:183} INFO - Processing /home/airflow/.local/lib/python3.12/site-packages/airflow/example_dags/tutorial.py took 0.113 seconds
[2025-08-19T03:33:27.431+0000] {processor.py:161} INFO - Started process (PID=24676) to work on /home/airflow/.local/lib/python3.12/site-packages/airflow/example_dags/tutorial.py
[2025-08-19T03:33:27.433+0000] {processor.py:830} INFO - Processing file /home/airflow/.local/lib/python3.12/site-packages/airflow/example_dags/tutorial.py for tasks to queue
[2025-08-19T03:33:27.437+0000] {logging_mixin.py:188} INFO - [2025-08-19T03:33:27.435+0000] {dagbag.py:545} INFO - Filling up the DagBag from /home/airflow/.local/lib/python3.12/site-packages/airflow/example_dags/tutorial.py
[2025-08-19T03:33:27.451+0000] {processor.py:840} INFO - DAG(s) 'tutorial' retrieved from /home/airflow/.local/lib/python3.12/site-packages/airflow/example_dags/tutorial.py
[2025-08-19T03:33:27.501+0000] {logging_mixin.py:188} INFO - [2025-08-19T03:33:27.501+0000] {dag.py:3096} INFO - Sync 1 DAGs
[2025-08-19T03:33:27.555+0000] {logging_mixin.py:188} INFO - [2025-08-19T03:33:27.555+0000] {dag.py:3954} INFO - Setting next_dagrun for tutorial to 2025-08-18 00:00:00+00:00, run_after=2025-08-19 00:00:00+00:00
[2025-08-19T03:33:27.616+0000] {processor.py:183} INFO - Processing /home/airflow/.local/lib/python3.12/site-packages/airflow/example_dags/tutorial.py took 0.197 seconds
[2025-08-19T03:33:57.717+0000] {processor.py:161} INFO - Started process (PID=24729) to work on /home/airflow/.local/lib/python3.12/site-packages/airflow/example_dags/tutorial.py
[2025-08-19T03:33:57.719+0000] {processor.py:830} INFO - Processing file /home/airflow/.local/lib/python3.12/site-packages/airflow/example_dags/tutorial.py for tasks to queue
[2025-08-19T03:33:57.720+0000] {logging_mixin.py:188} INFO - [2025-08-19T03:33:57.720+0000] {dagbag.py:545} INFO - Filling up the DagBag from /home/airflow/.local/lib/python3.12/site-packages/airflow/example_dags/tutorial.py
[2025-08-19T03:33:57.727+0000] {processor.py:840} INFO - DAG(s) 'tutorial' retrieved from /home/airflow/.local/lib/python3.12/site-packages/airflow/example_dags/tutorial.py
[2025-08-19T03:33:57.754+0000] {logging_mixin.py:188} INFO - [2025-08-19T03:33:57.753+0000] {dag.py:3096} INFO - Sync 1 DAGs
[2025-08-19T03:33:57.777+0000] {logging_mixin.py:188} INFO - [2025-08-19T03:33:57.777+0000] {dag.py:3954} INFO - Setting next_dagrun for tutorial to 2025-08-18 00:00:00+00:00, run_after=2025-08-19 00:00:00+00:00
[2025-08-19T03:33:57.804+0000] {processor.py:183} INFO - Processing /home/airflow/.local/lib/python3.12/site-packages/airflow/example_dags/tutorial.py took 0.093 seconds
[2025-08-19T03:34:28.004+0000] {processor.py:161} INFO - Started process (PID=24782) to work on /home/airflow/.local/lib/python3.12/site-packages/airflow/example_dags/tutorial.py
[2025-08-19T03:34:28.006+0000] {processor.py:830} INFO - Processing file /home/airflow/.local/lib/python3.12/site-packages/airflow/example_dags/tutorial.py for tasks to queue
[2025-08-19T03:34:28.007+0000] {logging_mixin.py:188} INFO - [2025-08-19T03:34:28.007+0000] {dagbag.py:545} INFO - Filling up the DagBag from /home/airflow/.local/lib/python3.12/site-packages/airflow/example_dags/tutorial.py
[2025-08-19T03:34:28.016+0000] {processor.py:840} INFO - DAG(s) 'tutorial' retrieved from /home/airflow/.local/lib/python3.12/site-packages/airflow/example_dags/tutorial.py
[2025-08-19T03:34:28.039+0000] {logging_mixin.py:188} INFO - [2025-08-19T03:34:28.038+0000] {dag.py:3096} INFO - Sync 1 DAGs
[2025-08-19T03:34:28.063+0000] {logging_mixin.py:188} INFO - [2025-08-19T03:34:28.063+0000] {dag.py:3954} INFO - Setting next_dagrun for tutorial to 2025-08-18 00:00:00+00:00, run_after=2025-08-19 00:00:00+00:00
[2025-08-19T03:34:28.087+0000] {processor.py:183} INFO - Processing /home/airflow/.local/lib/python3.12/site-packages/airflow/example_dags/tutorial.py took 0.090 seconds
[2025-08-19T03:34:58.359+0000] {processor.py:161} INFO - Started process (PID=24835) to work on /home/airflow/.local/lib/python3.12/site-packages/airflow/example_dags/tutorial.py
[2025-08-19T03:34:58.361+0000] {processor.py:830} INFO - Processing file /home/airflow/.local/lib/python3.12/site-packages/airflow/example_dags/tutorial.py for tasks to queue
[2025-08-19T03:34:58.362+0000] {logging_mixin.py:188} INFO - [2025-08-19T03:34:58.362+0000] {dagbag.py:545} INFO - Filling up the DagBag from /home/airflow/.local/lib/python3.12/site-packages/airflow/example_dags/tutorial.py
[2025-08-19T03:34:58.370+0000] {processor.py:840} INFO - DAG(s) 'tutorial' retrieved from /home/airflow/.local/lib/python3.12/site-packages/airflow/example_dags/tutorial.py
[2025-08-19T03:34:58.392+0000] {logging_mixin.py:188} INFO - [2025-08-19T03:34:58.392+0000] {dag.py:3096} INFO - Sync 1 DAGs
[2025-08-19T03:34:58.415+0000] {logging_mixin.py:188} INFO - [2025-08-19T03:34:58.414+0000] {dag.py:3954} INFO - Setting next_dagrun for tutorial to 2025-08-18 00:00:00+00:00, run_after=2025-08-19 00:00:00+00:00
[2025-08-19T03:34:58.436+0000] {processor.py:183} INFO - Processing /home/airflow/.local/lib/python3.12/site-packages/airflow/example_dags/tutorial.py took 0.083 seconds
[2025-08-19T03:35:28.642+0000] {processor.py:161} INFO - Started process (PID=24888) to work on /home/airflow/.local/lib/python3.12/site-packages/airflow/example_dags/tutorial.py
[2025-08-19T03:35:28.644+0000] {processor.py:830} INFO - Processing file /home/airflow/.local/lib/python3.12/site-packages/airflow/example_dags/tutorial.py for tasks to queue
[2025-08-19T03:35:28.647+0000] {logging_mixin.py:188} INFO - [2025-08-19T03:35:28.646+0000] {dagbag.py:545} INFO - Filling up the DagBag from /home/airflow/.local/lib/python3.12/site-packages/airflow/example_dags/tutorial.py
[2025-08-19T03:35:28.654+0000] {processor.py:840} INFO - DAG(s) 'tutorial' retrieved from /home/airflow/.local/lib/python3.12/site-packages/airflow/example_dags/tutorial.py
[2025-08-19T03:35:28.679+0000] {logging_mixin.py:188} INFO - [2025-08-19T03:35:28.679+0000] {dag.py:3096} INFO - Sync 1 DAGs
[2025-08-19T03:35:28.706+0000] {logging_mixin.py:188} INFO - [2025-08-19T03:35:28.706+0000] {dag.py:3954} INFO - Setting next_dagrun for tutorial to 2025-08-18 00:00:00+00:00, run_after=2025-08-19 00:00:00+00:00
[2025-08-19T03:35:28.731+0000] {processor.py:183} INFO - Processing /home/airflow/.local/lib/python3.12/site-packages/airflow/example_dags/tutorial.py took 0.095 seconds
[2025-08-19T03:35:59.037+0000] {processor.py:161} INFO - Started process (PID=24941) to work on /home/airflow/.local/lib/python3.12/site-packages/airflow/example_dags/tutorial.py
[2025-08-19T03:35:59.039+0000] {processor.py:830} INFO - Processing file /home/airflow/.local/lib/python3.12/site-packages/airflow/example_dags/tutorial.py for tasks to queue
[2025-08-19T03:35:59.040+0000] {logging_mixin.py:188} INFO - [2025-08-19T03:35:59.040+0000] {dagbag.py:545} INFO - Filling up the DagBag from /home/airflow/.local/lib/python3.12/site-packages/airflow/example_dags/tutorial.py
[2025-08-19T03:35:59.047+0000] {processor.py:840} INFO - DAG(s) 'tutorial' retrieved from /home/airflow/.local/lib/python3.12/site-packages/airflow/example_dags/tutorial.py
[2025-08-19T03:35:59.071+0000] {logging_mixin.py:188} INFO - [2025-08-19T03:35:59.070+0000] {dag.py:3096} INFO - Sync 1 DAGs
[2025-08-19T03:35:59.093+0000] {logging_mixin.py:188} INFO - [2025-08-19T03:35:59.093+0000] {dag.py:3954} INFO - Setting next_dagrun for tutorial to 2025-08-18 00:00:00+00:00, run_after=2025-08-19 00:00:00+00:00
[2025-08-19T03:35:59.115+0000] {processor.py:183} INFO - Processing /home/airflow/.local/lib/python3.12/site-packages/airflow/example_dags/tutorial.py took 0.085 seconds
[2025-08-19T03:36:29.819+0000] {processor.py:161} INFO - Started process (PID=24994) to work on /home/airflow/.local/lib/python3.12/site-packages/airflow/example_dags/tutorial.py
[2025-08-19T03:36:29.821+0000] {processor.py:830} INFO - Processing file /home/airflow/.local/lib/python3.12/site-packages/airflow/example_dags/tutorial.py for tasks to queue
[2025-08-19T03:36:29.822+0000] {logging_mixin.py:188} INFO - [2025-08-19T03:36:29.822+0000] {dagbag.py:545} INFO - Filling up the DagBag from /home/airflow/.local/lib/python3.12/site-packages/airflow/example_dags/tutorial.py
[2025-08-19T03:36:29.829+0000] {processor.py:840} INFO - DAG(s) 'tutorial' retrieved from /home/airflow/.local/lib/python3.12/site-packages/airflow/example_dags/tutorial.py
[2025-08-19T03:36:29.855+0000] {logging_mixin.py:188} INFO - [2025-08-19T03:36:29.855+0000] {dag.py:3096} INFO - Sync 1 DAGs
[2025-08-19T03:36:29.877+0000] {logging_mixin.py:188} INFO - [2025-08-19T03:36:29.877+0000] {dag.py:3954} INFO - Setting next_dagrun for tutorial to 2025-08-18 00:00:00+00:00, run_after=2025-08-19 00:00:00+00:00
[2025-08-19T03:36:29.898+0000] {processor.py:183} INFO - Processing /home/airflow/.local/lib/python3.12/site-packages/airflow/example_dags/tutorial.py took 0.087 seconds
[2025-08-19T03:37:00.786+0000] {processor.py:161} INFO - Started process (PID=25047) to work on /home/airflow/.local/lib/python3.12/site-packages/airflow/example_dags/tutorial.py
[2025-08-19T03:37:00.788+0000] {processor.py:830} INFO - Processing file /home/airflow/.local/lib/python3.12/site-packages/airflow/example_dags/tutorial.py for tasks to queue
[2025-08-19T03:37:00.790+0000] {logging_mixin.py:188} INFO - [2025-08-19T03:37:00.789+0000] {dagbag.py:545} INFO - Filling up the DagBag from /home/airflow/.local/lib/python3.12/site-packages/airflow/example_dags/tutorial.py
[2025-08-19T03:37:00.797+0000] {processor.py:840} INFO - DAG(s) 'tutorial' retrieved from /home/airflow/.local/lib/python3.12/site-packages/airflow/example_dags/tutorial.py
[2025-08-19T03:37:00.825+0000] {logging_mixin.py:188} INFO - [2025-08-19T03:37:00.824+0000] {dag.py:3096} INFO - Sync 1 DAGs
[2025-08-19T03:37:00.849+0000] {logging_mixin.py:188} INFO - [2025-08-19T03:37:00.849+0000] {dag.py:3954} INFO - Setting next_dagrun for tutorial to 2025-08-18 00:00:00+00:00, run_after=2025-08-19 00:00:00+00:00
[2025-08-19T03:37:00.881+0000] {processor.py:183} INFO - Processing /home/airflow/.local/lib/python3.12/site-packages/airflow/example_dags/tutorial.py took 0.103 seconds
[2025-08-19T03:37:31.651+0000] {processor.py:161} INFO - Started process (PID=25100) to work on /home/airflow/.local/lib/python3.12/site-packages/airflow/example_dags/tutorial.py
[2025-08-19T03:37:31.653+0000] {processor.py:830} INFO - Processing file /home/airflow/.local/lib/python3.12/site-packages/airflow/example_dags/tutorial.py for tasks to queue
[2025-08-19T03:37:31.654+0000] {logging_mixin.py:188} INFO - [2025-08-19T03:37:31.654+0000] {dagbag.py:545} INFO - Filling up the DagBag from /home/airflow/.local/lib/python3.12/site-packages/airflow/example_dags/tutorial.py
[2025-08-19T03:37:31.664+0000] {processor.py:840} INFO - DAG(s) 'tutorial' retrieved from /home/airflow/.local/lib/python3.12/site-packages/airflow/example_dags/tutorial.py
[2025-08-19T03:37:31.689+0000] {logging_mixin.py:188} INFO - [2025-08-19T03:37:31.689+0000] {dag.py:3096} INFO - Sync 1 DAGs
[2025-08-19T03:37:31.718+0000] {logging_mixin.py:188} INFO - [2025-08-19T03:37:31.718+0000] {dag.py:3954} INFO - Setting next_dagrun for tutorial to 2025-08-18 00:00:00+00:00, run_after=2025-08-19 00:00:00+00:00
[2025-08-19T03:37:31.744+0000] {processor.py:183} INFO - Processing /home/airflow/.local/lib/python3.12/site-packages/airflow/example_dags/tutorial.py took 0.100 seconds
