[2025-08-19T03:10:05.806+0000] {processor.py:161} INFO - Started process (PID=22255) to work on /home/airflow/.local/lib/python3.12/site-packages/airflow/example_dags/tutorial_dag.py
[2025-08-19T03:10:05.809+0000] {processor.py:830} INFO - Processing file /home/airflow/.local/lib/python3.12/site-packages/airflow/example_dags/tutorial_dag.py for tasks to queue
[2025-08-19T03:10:05.812+0000] {logging_mixin.py:188} INFO - [2025-08-19T03:10:05.811+0000] {dagbag.py:545} INFO - Filling up the DagBag from /home/airflow/.local/lib/python3.12/site-packages/airflow/example_dags/tutorial_dag.py
[2025-08-19T03:10:05.842+0000] {processor.py:840} INFO - DAG(s) 'tutorial_dag' retrieved from /home/airflow/.local/lib/python3.12/site-packages/airflow/example_dags/tutorial_dag.py
[2025-08-19T03:10:05.919+0000] {logging_mixin.py:188} INFO - [2025-08-19T03:10:05.918+0000] {dag.py:3096} INFO - Sync 1 DAGs
[2025-08-19T03:10:05.963+0000] {logging_mixin.py:188} INFO - [2025-08-19T03:10:05.962+0000] {dag.py:3954} INFO - Setting next_dagrun for tutorial_dag to None, run_after=None
[2025-08-19T03:10:06.027+0000] {processor.py:183} INFO - Processing /home/airflow/.local/lib/python3.12/site-packages/airflow/example_dags/tutorial_dag.py took 0.237 seconds
[2025-08-19T03:10:36.660+0000] {processor.py:161} INFO - Started process (PID=22308) to work on /home/airflow/.local/lib/python3.12/site-packages/airflow/example_dags/tutorial_dag.py
[2025-08-19T03:10:36.661+0000] {processor.py:830} INFO - Processing file /home/airflow/.local/lib/python3.12/site-packages/airflow/example_dags/tutorial_dag.py for tasks to queue
[2025-08-19T03:10:36.663+0000] {logging_mixin.py:188} INFO - [2025-08-19T03:10:36.662+0000] {dagbag.py:545} INFO - Filling up the DagBag from /home/airflow/.local/lib/python3.12/site-packages/airflow/example_dags/tutorial_dag.py
[2025-08-19T03:10:36.669+0000] {processor.py:840} INFO - DAG(s) 'tutorial_dag' retrieved from /home/airflow/.local/lib/python3.12/site-packages/airflow/example_dags/tutorial_dag.py
[2025-08-19T03:10:36.692+0000] {logging_mixin.py:188} INFO - [2025-08-19T03:10:36.692+0000] {dag.py:3096} INFO - Sync 1 DAGs
[2025-08-19T03:10:36.706+0000] {logging_mixin.py:188} INFO - [2025-08-19T03:10:36.705+0000] {dag.py:3954} INFO - Setting next_dagrun for tutorial_dag to None, run_after=None
[2025-08-19T03:10:36.737+0000] {processor.py:183} INFO - Processing /home/airflow/.local/lib/python3.12/site-packages/airflow/example_dags/tutorial_dag.py took 0.083 seconds
[2025-08-19T03:11:07.089+0000] {processor.py:161} INFO - Started process (PID=22361) to work on /home/airflow/.local/lib/python3.12/site-packages/airflow/example_dags/tutorial_dag.py
[2025-08-19T03:11:07.091+0000] {processor.py:830} INFO - Processing file /home/airflow/.local/lib/python3.12/site-packages/airflow/example_dags/tutorial_dag.py for tasks to queue
[2025-08-19T03:11:07.092+0000] {logging_mixin.py:188} INFO - [2025-08-19T03:11:07.092+0000] {dagbag.py:545} INFO - Filling up the DagBag from /home/airflow/.local/lib/python3.12/site-packages/airflow/example_dags/tutorial_dag.py
[2025-08-19T03:11:07.098+0000] {processor.py:840} INFO - DAG(s) 'tutorial_dag' retrieved from /home/airflow/.local/lib/python3.12/site-packages/airflow/example_dags/tutorial_dag.py
[2025-08-19T03:11:07.126+0000] {logging_mixin.py:188} INFO - [2025-08-19T03:11:07.126+0000] {dag.py:3096} INFO - Sync 1 DAGs
[2025-08-19T03:11:07.144+0000] {logging_mixin.py:188} INFO - [2025-08-19T03:11:07.143+0000] {dag.py:3954} INFO - Setting next_dagrun for tutorial_dag to None, run_after=None
[2025-08-19T03:11:07.173+0000] {processor.py:183} INFO - Processing /home/airflow/.local/lib/python3.12/site-packages/airflow/example_dags/tutorial_dag.py took 0.092 seconds
[2025-08-19T03:11:37.404+0000] {processor.py:161} INFO - Started process (PID=22414) to work on /home/airflow/.local/lib/python3.12/site-packages/airflow/example_dags/tutorial_dag.py
[2025-08-19T03:11:37.405+0000] {processor.py:830} INFO - Processing file /home/airflow/.local/lib/python3.12/site-packages/airflow/example_dags/tutorial_dag.py for tasks to queue
[2025-08-19T03:11:37.406+0000] {logging_mixin.py:188} INFO - [2025-08-19T03:11:37.406+0000] {dagbag.py:545} INFO - Filling up the DagBag from /home/airflow/.local/lib/python3.12/site-packages/airflow/example_dags/tutorial_dag.py
[2025-08-19T03:11:37.412+0000] {processor.py:840} INFO - DAG(s) 'tutorial_dag' retrieved from /home/airflow/.local/lib/python3.12/site-packages/airflow/example_dags/tutorial_dag.py
[2025-08-19T03:11:37.436+0000] {logging_mixin.py:188} INFO - [2025-08-19T03:11:37.436+0000] {dag.py:3096} INFO - Sync 1 DAGs
[2025-08-19T03:11:37.448+0000] {logging_mixin.py:188} INFO - [2025-08-19T03:11:37.448+0000] {dag.py:3954} INFO - Setting next_dagrun for tutorial_dag to None, run_after=None
[2025-08-19T03:11:37.475+0000] {processor.py:183} INFO - Processing /home/airflow/.local/lib/python3.12/site-packages/airflow/example_dags/tutorial_dag.py took 0.078 seconds
[2025-08-19T03:12:07.885+0000] {processor.py:161} INFO - Started process (PID=22467) to work on /home/airflow/.local/lib/python3.12/site-packages/airflow/example_dags/tutorial_dag.py
[2025-08-19T03:12:07.886+0000] {processor.py:830} INFO - Processing file /home/airflow/.local/lib/python3.12/site-packages/airflow/example_dags/tutorial_dag.py for tasks to queue
[2025-08-19T03:12:07.889+0000] {logging_mixin.py:188} INFO - [2025-08-19T03:12:07.888+0000] {dagbag.py:545} INFO - Filling up the DagBag from /home/airflow/.local/lib/python3.12/site-packages/airflow/example_dags/tutorial_dag.py
[2025-08-19T03:12:07.895+0000] {processor.py:840} INFO - DAG(s) 'tutorial_dag' retrieved from /home/airflow/.local/lib/python3.12/site-packages/airflow/example_dags/tutorial_dag.py
[2025-08-19T03:12:07.919+0000] {logging_mixin.py:188} INFO - [2025-08-19T03:12:07.919+0000] {dag.py:3096} INFO - Sync 1 DAGs
[2025-08-19T03:12:07.932+0000] {logging_mixin.py:188} INFO - [2025-08-19T03:12:07.932+0000] {dag.py:3954} INFO - Setting next_dagrun for tutorial_dag to None, run_after=None
[2025-08-19T03:12:07.956+0000] {processor.py:183} INFO - Processing /home/airflow/.local/lib/python3.12/site-packages/airflow/example_dags/tutorial_dag.py took 0.078 seconds
[2025-08-19T03:12:38.565+0000] {processor.py:161} INFO - Started process (PID=22520) to work on /home/airflow/.local/lib/python3.12/site-packages/airflow/example_dags/tutorial_dag.py
[2025-08-19T03:12:38.567+0000] {processor.py:830} INFO - Processing file /home/airflow/.local/lib/python3.12/site-packages/airflow/example_dags/tutorial_dag.py for tasks to queue
[2025-08-19T03:12:38.568+0000] {logging_mixin.py:188} INFO - [2025-08-19T03:12:38.568+0000] {dagbag.py:545} INFO - Filling up the DagBag from /home/airflow/.local/lib/python3.12/site-packages/airflow/example_dags/tutorial_dag.py
[2025-08-19T03:12:38.575+0000] {processor.py:840} INFO - DAG(s) 'tutorial_dag' retrieved from /home/airflow/.local/lib/python3.12/site-packages/airflow/example_dags/tutorial_dag.py
[2025-08-19T03:12:38.599+0000] {logging_mixin.py:188} INFO - [2025-08-19T03:12:38.599+0000] {dag.py:3096} INFO - Sync 1 DAGs
[2025-08-19T03:12:38.612+0000] {logging_mixin.py:188} INFO - [2025-08-19T03:12:38.612+0000] {dag.py:3954} INFO - Setting next_dagrun for tutorial_dag to None, run_after=None
[2025-08-19T03:12:38.640+0000] {processor.py:183} INFO - Processing /home/airflow/.local/lib/python3.12/site-packages/airflow/example_dags/tutorial_dag.py took 0.082 seconds
[2025-08-19T03:13:09.202+0000] {processor.py:161} INFO - Started process (PID=22573) to work on /home/airflow/.local/lib/python3.12/site-packages/airflow/example_dags/tutorial_dag.py
[2025-08-19T03:13:09.203+0000] {processor.py:830} INFO - Processing file /home/airflow/.local/lib/python3.12/site-packages/airflow/example_dags/tutorial_dag.py for tasks to queue
[2025-08-19T03:13:09.205+0000] {logging_mixin.py:188} INFO - [2025-08-19T03:13:09.204+0000] {dagbag.py:545} INFO - Filling up the DagBag from /home/airflow/.local/lib/python3.12/site-packages/airflow/example_dags/tutorial_dag.py
[2025-08-19T03:13:09.211+0000] {processor.py:840} INFO - DAG(s) 'tutorial_dag' retrieved from /home/airflow/.local/lib/python3.12/site-packages/airflow/example_dags/tutorial_dag.py
[2025-08-19T03:13:09.235+0000] {logging_mixin.py:188} INFO - [2025-08-19T03:13:09.235+0000] {dag.py:3096} INFO - Sync 1 DAGs
[2025-08-19T03:13:09.249+0000] {logging_mixin.py:188} INFO - [2025-08-19T03:13:09.248+0000] {dag.py:3954} INFO - Setting next_dagrun for tutorial_dag to None, run_after=None
[2025-08-19T03:13:09.273+0000] {processor.py:183} INFO - Processing /home/airflow/.local/lib/python3.12/site-packages/airflow/example_dags/tutorial_dag.py took 0.077 seconds
[2025-08-19T03:13:40.062+0000] {processor.py:161} INFO - Started process (PID=22626) to work on /home/airflow/.local/lib/python3.12/site-packages/airflow/example_dags/tutorial_dag.py
[2025-08-19T03:13:40.063+0000] {processor.py:830} INFO - Processing file /home/airflow/.local/lib/python3.12/site-packages/airflow/example_dags/tutorial_dag.py for tasks to queue
[2025-08-19T03:13:40.065+0000] {logging_mixin.py:188} INFO - [2025-08-19T03:13:40.064+0000] {dagbag.py:545} INFO - Filling up the DagBag from /home/airflow/.local/lib/python3.12/site-packages/airflow/example_dags/tutorial_dag.py
[2025-08-19T03:13:40.070+0000] {processor.py:840} INFO - DAG(s) 'tutorial_dag' retrieved from /home/airflow/.local/lib/python3.12/site-packages/airflow/example_dags/tutorial_dag.py
[2025-08-19T03:13:40.092+0000] {logging_mixin.py:188} INFO - [2025-08-19T03:13:40.092+0000] {dag.py:3096} INFO - Sync 1 DAGs
[2025-08-19T03:13:40.105+0000] {logging_mixin.py:188} INFO - [2025-08-19T03:13:40.105+0000] {dag.py:3954} INFO - Setting next_dagrun for tutorial_dag to None, run_after=None
[2025-08-19T03:13:40.129+0000] {processor.py:183} INFO - Processing /home/airflow/.local/lib/python3.12/site-packages/airflow/example_dags/tutorial_dag.py took 0.073 seconds
[2025-08-19T03:14:10.850+0000] {processor.py:161} INFO - Started process (PID=22679) to work on /home/airflow/.local/lib/python3.12/site-packages/airflow/example_dags/tutorial_dag.py
[2025-08-19T03:14:10.852+0000] {processor.py:830} INFO - Processing file /home/airflow/.local/lib/python3.12/site-packages/airflow/example_dags/tutorial_dag.py for tasks to queue
[2025-08-19T03:14:10.853+0000] {logging_mixin.py:188} INFO - [2025-08-19T03:14:10.853+0000] {dagbag.py:545} INFO - Filling up the DagBag from /home/airflow/.local/lib/python3.12/site-packages/airflow/example_dags/tutorial_dag.py
[2025-08-19T03:14:10.861+0000] {processor.py:840} INFO - DAG(s) 'tutorial_dag' retrieved from /home/airflow/.local/lib/python3.12/site-packages/airflow/example_dags/tutorial_dag.py
[2025-08-19T03:14:10.885+0000] {logging_mixin.py:188} INFO - [2025-08-19T03:14:10.884+0000] {dag.py:3096} INFO - Sync 1 DAGs
[2025-08-19T03:14:10.898+0000] {logging_mixin.py:188} INFO - [2025-08-19T03:14:10.897+0000] {dag.py:3954} INFO - Setting next_dagrun for tutorial_dag to None, run_after=None
[2025-08-19T03:14:10.931+0000] {processor.py:183} INFO - Processing /home/airflow/.local/lib/python3.12/site-packages/airflow/example_dags/tutorial_dag.py took 0.088 seconds
[2025-08-19T03:14:41.685+0000] {processor.py:161} INFO - Started process (PID=22732) to work on /home/airflow/.local/lib/python3.12/site-packages/airflow/example_dags/tutorial_dag.py
[2025-08-19T03:14:41.687+0000] {processor.py:830} INFO - Processing file /home/airflow/.local/lib/python3.12/site-packages/airflow/example_dags/tutorial_dag.py for tasks to queue
[2025-08-19T03:14:41.688+0000] {logging_mixin.py:188} INFO - [2025-08-19T03:14:41.688+0000] {dagbag.py:545} INFO - Filling up the DagBag from /home/airflow/.local/lib/python3.12/site-packages/airflow/example_dags/tutorial_dag.py
[2025-08-19T03:14:41.694+0000] {processor.py:840} INFO - DAG(s) 'tutorial_dag' retrieved from /home/airflow/.local/lib/python3.12/site-packages/airflow/example_dags/tutorial_dag.py
[2025-08-19T03:14:41.717+0000] {logging_mixin.py:188} INFO - [2025-08-19T03:14:41.717+0000] {dag.py:3096} INFO - Sync 1 DAGs
[2025-08-19T03:14:41.730+0000] {logging_mixin.py:188} INFO - [2025-08-19T03:14:41.730+0000] {dag.py:3954} INFO - Setting next_dagrun for tutorial_dag to None, run_after=None
[2025-08-19T03:14:41.753+0000] {processor.py:183} INFO - Processing /home/airflow/.local/lib/python3.12/site-packages/airflow/example_dags/tutorial_dag.py took 0.074 seconds
[2025-08-19T03:15:12.437+0000] {processor.py:161} INFO - Started process (PID=22785) to work on /home/airflow/.local/lib/python3.12/site-packages/airflow/example_dags/tutorial_dag.py
[2025-08-19T03:15:12.439+0000] {processor.py:830} INFO - Processing file /home/airflow/.local/lib/python3.12/site-packages/airflow/example_dags/tutorial_dag.py for tasks to queue
[2025-08-19T03:15:12.441+0000] {logging_mixin.py:188} INFO - [2025-08-19T03:15:12.440+0000] {dagbag.py:545} INFO - Filling up the DagBag from /home/airflow/.local/lib/python3.12/site-packages/airflow/example_dags/tutorial_dag.py
[2025-08-19T03:15:12.447+0000] {processor.py:840} INFO - DAG(s) 'tutorial_dag' retrieved from /home/airflow/.local/lib/python3.12/site-packages/airflow/example_dags/tutorial_dag.py
[2025-08-19T03:15:12.472+0000] {logging_mixin.py:188} INFO - [2025-08-19T03:15:12.472+0000] {dag.py:3096} INFO - Sync 1 DAGs
[2025-08-19T03:15:12.487+0000] {logging_mixin.py:188} INFO - [2025-08-19T03:15:12.487+0000] {dag.py:3954} INFO - Setting next_dagrun for tutorial_dag to None, run_after=None
[2025-08-19T03:15:12.514+0000] {processor.py:183} INFO - Processing /home/airflow/.local/lib/python3.12/site-packages/airflow/example_dags/tutorial_dag.py took 0.084 seconds
[2025-08-19T03:15:43.316+0000] {processor.py:161} INFO - Started process (PID=22838) to work on /home/airflow/.local/lib/python3.12/site-packages/airflow/example_dags/tutorial_dag.py
[2025-08-19T03:15:43.317+0000] {processor.py:830} INFO - Processing file /home/airflow/.local/lib/python3.12/site-packages/airflow/example_dags/tutorial_dag.py for tasks to queue
[2025-08-19T03:15:43.318+0000] {logging_mixin.py:188} INFO - [2025-08-19T03:15:43.318+0000] {dagbag.py:545} INFO - Filling up the DagBag from /home/airflow/.local/lib/python3.12/site-packages/airflow/example_dags/tutorial_dag.py
[2025-08-19T03:15:43.324+0000] {processor.py:840} INFO - DAG(s) 'tutorial_dag' retrieved from /home/airflow/.local/lib/python3.12/site-packages/airflow/example_dags/tutorial_dag.py
[2025-08-19T03:15:43.348+0000] {logging_mixin.py:188} INFO - [2025-08-19T03:15:43.348+0000] {dag.py:3096} INFO - Sync 1 DAGs
[2025-08-19T03:15:43.361+0000] {logging_mixin.py:188} INFO - [2025-08-19T03:15:43.360+0000] {dag.py:3954} INFO - Setting next_dagrun for tutorial_dag to None, run_after=None
[2025-08-19T03:15:43.385+0000] {processor.py:183} INFO - Processing /home/airflow/.local/lib/python3.12/site-packages/airflow/example_dags/tutorial_dag.py took 0.075 seconds
[2025-08-19T03:16:13.938+0000] {processor.py:161} INFO - Started process (PID=22891) to work on /home/airflow/.local/lib/python3.12/site-packages/airflow/example_dags/tutorial_dag.py
[2025-08-19T03:16:13.940+0000] {processor.py:830} INFO - Processing file /home/airflow/.local/lib/python3.12/site-packages/airflow/example_dags/tutorial_dag.py for tasks to queue
[2025-08-19T03:16:13.941+0000] {logging_mixin.py:188} INFO - [2025-08-19T03:16:13.941+0000] {dagbag.py:545} INFO - Filling up the DagBag from /home/airflow/.local/lib/python3.12/site-packages/airflow/example_dags/tutorial_dag.py
[2025-08-19T03:16:13.948+0000] {processor.py:840} INFO - DAG(s) 'tutorial_dag' retrieved from /home/airflow/.local/lib/python3.12/site-packages/airflow/example_dags/tutorial_dag.py
[2025-08-19T03:16:13.974+0000] {logging_mixin.py:188} INFO - [2025-08-19T03:16:13.974+0000] {dag.py:3096} INFO - Sync 1 DAGs
[2025-08-19T03:16:13.988+0000] {logging_mixin.py:188} INFO - [2025-08-19T03:16:13.988+0000] {dag.py:3954} INFO - Setting next_dagrun for tutorial_dag to None, run_after=None
[2025-08-19T03:16:14.016+0000] {processor.py:183} INFO - Processing /home/airflow/.local/lib/python3.12/site-packages/airflow/example_dags/tutorial_dag.py took 0.084 seconds
[2025-08-19T03:16:44.343+0000] {processor.py:161} INFO - Started process (PID=22944) to work on /home/airflow/.local/lib/python3.12/site-packages/airflow/example_dags/tutorial_dag.py
[2025-08-19T03:16:44.344+0000] {processor.py:830} INFO - Processing file /home/airflow/.local/lib/python3.12/site-packages/airflow/example_dags/tutorial_dag.py for tasks to queue
[2025-08-19T03:16:44.346+0000] {logging_mixin.py:188} INFO - [2025-08-19T03:16:44.345+0000] {dagbag.py:545} INFO - Filling up the DagBag from /home/airflow/.local/lib/python3.12/site-packages/airflow/example_dags/tutorial_dag.py
[2025-08-19T03:16:44.352+0000] {processor.py:840} INFO - DAG(s) 'tutorial_dag' retrieved from /home/airflow/.local/lib/python3.12/site-packages/airflow/example_dags/tutorial_dag.py
[2025-08-19T03:16:44.376+0000] {logging_mixin.py:188} INFO - [2025-08-19T03:16:44.376+0000] {dag.py:3096} INFO - Sync 1 DAGs
[2025-08-19T03:16:44.390+0000] {logging_mixin.py:188} INFO - [2025-08-19T03:16:44.389+0000] {dag.py:3954} INFO - Setting next_dagrun for tutorial_dag to None, run_after=None
[2025-08-19T03:16:44.412+0000] {processor.py:183} INFO - Processing /home/airflow/.local/lib/python3.12/site-packages/airflow/example_dags/tutorial_dag.py took 0.076 seconds
[2025-08-19T03:17:14.717+0000] {processor.py:161} INFO - Started process (PID=22997) to work on /home/airflow/.local/lib/python3.12/site-packages/airflow/example_dags/tutorial_dag.py
[2025-08-19T03:17:14.719+0000] {processor.py:830} INFO - Processing file /home/airflow/.local/lib/python3.12/site-packages/airflow/example_dags/tutorial_dag.py for tasks to queue
[2025-08-19T03:17:14.720+0000] {logging_mixin.py:188} INFO - [2025-08-19T03:17:14.720+0000] {dagbag.py:545} INFO - Filling up the DagBag from /home/airflow/.local/lib/python3.12/site-packages/airflow/example_dags/tutorial_dag.py
[2025-08-19T03:17:14.726+0000] {processor.py:840} INFO - DAG(s) 'tutorial_dag' retrieved from /home/airflow/.local/lib/python3.12/site-packages/airflow/example_dags/tutorial_dag.py
[2025-08-19T03:17:14.748+0000] {logging_mixin.py:188} INFO - [2025-08-19T03:17:14.748+0000] {dag.py:3096} INFO - Sync 1 DAGs
[2025-08-19T03:17:14.761+0000] {logging_mixin.py:188} INFO - [2025-08-19T03:17:14.760+0000] {dag.py:3954} INFO - Setting next_dagrun for tutorial_dag to None, run_after=None
[2025-08-19T03:17:14.783+0000] {processor.py:183} INFO - Processing /home/airflow/.local/lib/python3.12/site-packages/airflow/example_dags/tutorial_dag.py took 0.071 seconds
[2025-08-19T03:17:45.591+0000] {processor.py:161} INFO - Started process (PID=23050) to work on /home/airflow/.local/lib/python3.12/site-packages/airflow/example_dags/tutorial_dag.py
[2025-08-19T03:17:45.593+0000] {processor.py:830} INFO - Processing file /home/airflow/.local/lib/python3.12/site-packages/airflow/example_dags/tutorial_dag.py for tasks to queue
[2025-08-19T03:17:45.594+0000] {logging_mixin.py:188} INFO - [2025-08-19T03:17:45.594+0000] {dagbag.py:545} INFO - Filling up the DagBag from /home/airflow/.local/lib/python3.12/site-packages/airflow/example_dags/tutorial_dag.py
[2025-08-19T03:17:45.600+0000] {processor.py:840} INFO - DAG(s) 'tutorial_dag' retrieved from /home/airflow/.local/lib/python3.12/site-packages/airflow/example_dags/tutorial_dag.py
[2025-08-19T03:17:45.622+0000] {logging_mixin.py:188} INFO - [2025-08-19T03:17:45.622+0000] {dag.py:3096} INFO - Sync 1 DAGs
[2025-08-19T03:17:45.636+0000] {logging_mixin.py:188} INFO - [2025-08-19T03:17:45.636+0000] {dag.py:3954} INFO - Setting next_dagrun for tutorial_dag to None, run_after=None
[2025-08-19T03:17:45.661+0000] {processor.py:183} INFO - Processing /home/airflow/.local/lib/python3.12/site-packages/airflow/example_dags/tutorial_dag.py took 0.075 seconds
[2025-08-19T03:18:15.875+0000] {processor.py:161} INFO - Started process (PID=23103) to work on /home/airflow/.local/lib/python3.12/site-packages/airflow/example_dags/tutorial_dag.py
[2025-08-19T03:18:15.876+0000] {processor.py:830} INFO - Processing file /home/airflow/.local/lib/python3.12/site-packages/airflow/example_dags/tutorial_dag.py for tasks to queue
[2025-08-19T03:18:15.878+0000] {logging_mixin.py:188} INFO - [2025-08-19T03:18:15.877+0000] {dagbag.py:545} INFO - Filling up the DagBag from /home/airflow/.local/lib/python3.12/site-packages/airflow/example_dags/tutorial_dag.py
[2025-08-19T03:18:15.885+0000] {processor.py:840} INFO - DAG(s) 'tutorial_dag' retrieved from /home/airflow/.local/lib/python3.12/site-packages/airflow/example_dags/tutorial_dag.py
[2025-08-19T03:18:15.908+0000] {logging_mixin.py:188} INFO - [2025-08-19T03:18:15.908+0000] {dag.py:3096} INFO - Sync 1 DAGs
[2025-08-19T03:18:15.922+0000] {logging_mixin.py:188} INFO - [2025-08-19T03:18:15.922+0000] {dag.py:3954} INFO - Setting next_dagrun for tutorial_dag to None, run_after=None
[2025-08-19T03:18:15.946+0000] {processor.py:183} INFO - Processing /home/airflow/.local/lib/python3.12/site-packages/airflow/example_dags/tutorial_dag.py took 0.078 seconds
[2025-08-19T03:18:46.130+0000] {processor.py:161} INFO - Started process (PID=23156) to work on /home/airflow/.local/lib/python3.12/site-packages/airflow/example_dags/tutorial_dag.py
[2025-08-19T03:18:46.131+0000] {processor.py:830} INFO - Processing file /home/airflow/.local/lib/python3.12/site-packages/airflow/example_dags/tutorial_dag.py for tasks to queue
[2025-08-19T03:18:46.133+0000] {logging_mixin.py:188} INFO - [2025-08-19T03:18:46.132+0000] {dagbag.py:545} INFO - Filling up the DagBag from /home/airflow/.local/lib/python3.12/site-packages/airflow/example_dags/tutorial_dag.py
[2025-08-19T03:18:46.140+0000] {processor.py:840} INFO - DAG(s) 'tutorial_dag' retrieved from /home/airflow/.local/lib/python3.12/site-packages/airflow/example_dags/tutorial_dag.py
[2025-08-19T03:18:46.166+0000] {logging_mixin.py:188} INFO - [2025-08-19T03:18:46.165+0000] {dag.py:3096} INFO - Sync 1 DAGs
[2025-08-19T03:18:46.181+0000] {logging_mixin.py:188} INFO - [2025-08-19T03:18:46.181+0000] {dag.py:3954} INFO - Setting next_dagrun for tutorial_dag to None, run_after=None
[2025-08-19T03:18:46.205+0000] {processor.py:183} INFO - Processing /home/airflow/.local/lib/python3.12/site-packages/airflow/example_dags/tutorial_dag.py took 0.082 seconds
[2025-08-19T03:19:16.344+0000] {processor.py:161} INFO - Started process (PID=23209) to work on /home/airflow/.local/lib/python3.12/site-packages/airflow/example_dags/tutorial_dag.py
[2025-08-19T03:19:16.345+0000] {processor.py:830} INFO - Processing file /home/airflow/.local/lib/python3.12/site-packages/airflow/example_dags/tutorial_dag.py for tasks to queue
[2025-08-19T03:19:16.346+0000] {logging_mixin.py:188} INFO - [2025-08-19T03:19:16.346+0000] {dagbag.py:545} INFO - Filling up the DagBag from /home/airflow/.local/lib/python3.12/site-packages/airflow/example_dags/tutorial_dag.py
[2025-08-19T03:19:16.352+0000] {processor.py:840} INFO - DAG(s) 'tutorial_dag' retrieved from /home/airflow/.local/lib/python3.12/site-packages/airflow/example_dags/tutorial_dag.py
[2025-08-19T03:19:16.374+0000] {logging_mixin.py:188} INFO - [2025-08-19T03:19:16.374+0000] {dag.py:3096} INFO - Sync 1 DAGs
[2025-08-19T03:19:16.388+0000] {logging_mixin.py:188} INFO - [2025-08-19T03:19:16.387+0000] {dag.py:3954} INFO - Setting next_dagrun for tutorial_dag to None, run_after=None
[2025-08-19T03:19:16.411+0000] {processor.py:183} INFO - Processing /home/airflow/.local/lib/python3.12/site-packages/airflow/example_dags/tutorial_dag.py took 0.073 seconds
[2025-08-19T03:19:47.204+0000] {processor.py:161} INFO - Started process (PID=23262) to work on /home/airflow/.local/lib/python3.12/site-packages/airflow/example_dags/tutorial_dag.py
[2025-08-19T03:19:47.206+0000] {processor.py:830} INFO - Processing file /home/airflow/.local/lib/python3.12/site-packages/airflow/example_dags/tutorial_dag.py for tasks to queue
[2025-08-19T03:19:47.207+0000] {logging_mixin.py:188} INFO - [2025-08-19T03:19:47.207+0000] {dagbag.py:545} INFO - Filling up the DagBag from /home/airflow/.local/lib/python3.12/site-packages/airflow/example_dags/tutorial_dag.py
[2025-08-19T03:19:47.213+0000] {processor.py:840} INFO - DAG(s) 'tutorial_dag' retrieved from /home/airflow/.local/lib/python3.12/site-packages/airflow/example_dags/tutorial_dag.py
[2025-08-19T03:19:47.242+0000] {logging_mixin.py:188} INFO - [2025-08-19T03:19:47.241+0000] {dag.py:3096} INFO - Sync 1 DAGs
[2025-08-19T03:19:47.257+0000] {logging_mixin.py:188} INFO - [2025-08-19T03:19:47.257+0000] {dag.py:3954} INFO - Setting next_dagrun for tutorial_dag to None, run_after=None
[2025-08-19T03:19:47.285+0000] {processor.py:183} INFO - Processing /home/airflow/.local/lib/python3.12/site-packages/airflow/example_dags/tutorial_dag.py took 0.087 seconds
[2025-08-19T03:20:17.747+0000] {processor.py:161} INFO - Started process (PID=23315) to work on /home/airflow/.local/lib/python3.12/site-packages/airflow/example_dags/tutorial_dag.py
[2025-08-19T03:20:17.748+0000] {processor.py:830} INFO - Processing file /home/airflow/.local/lib/python3.12/site-packages/airflow/example_dags/tutorial_dag.py for tasks to queue
[2025-08-19T03:20:17.750+0000] {logging_mixin.py:188} INFO - [2025-08-19T03:20:17.749+0000] {dagbag.py:545} INFO - Filling up the DagBag from /home/airflow/.local/lib/python3.12/site-packages/airflow/example_dags/tutorial_dag.py
[2025-08-19T03:20:17.755+0000] {processor.py:840} INFO - DAG(s) 'tutorial_dag' retrieved from /home/airflow/.local/lib/python3.12/site-packages/airflow/example_dags/tutorial_dag.py
[2025-08-19T03:20:17.778+0000] {logging_mixin.py:188} INFO - [2025-08-19T03:20:17.778+0000] {dag.py:3096} INFO - Sync 1 DAGs
[2025-08-19T03:20:17.791+0000] {logging_mixin.py:188} INFO - [2025-08-19T03:20:17.790+0000] {dag.py:3954} INFO - Setting next_dagrun for tutorial_dag to None, run_after=None
[2025-08-19T03:20:17.816+0000] {processor.py:183} INFO - Processing /home/airflow/.local/lib/python3.12/site-packages/airflow/example_dags/tutorial_dag.py took 0.075 seconds
[2025-08-19T03:20:48.004+0000] {processor.py:161} INFO - Started process (PID=23368) to work on /home/airflow/.local/lib/python3.12/site-packages/airflow/example_dags/tutorial_dag.py
[2025-08-19T03:20:48.005+0000] {processor.py:830} INFO - Processing file /home/airflow/.local/lib/python3.12/site-packages/airflow/example_dags/tutorial_dag.py for tasks to queue
[2025-08-19T03:20:48.007+0000] {logging_mixin.py:188} INFO - [2025-08-19T03:20:48.006+0000] {dagbag.py:545} INFO - Filling up the DagBag from /home/airflow/.local/lib/python3.12/site-packages/airflow/example_dags/tutorial_dag.py
[2025-08-19T03:20:48.013+0000] {processor.py:840} INFO - DAG(s) 'tutorial_dag' retrieved from /home/airflow/.local/lib/python3.12/site-packages/airflow/example_dags/tutorial_dag.py
[2025-08-19T03:20:48.035+0000] {logging_mixin.py:188} INFO - [2025-08-19T03:20:48.035+0000] {dag.py:3096} INFO - Sync 1 DAGs
[2025-08-19T03:20:48.049+0000] {logging_mixin.py:188} INFO - [2025-08-19T03:20:48.049+0000] {dag.py:3954} INFO - Setting next_dagrun for tutorial_dag to None, run_after=None
[2025-08-19T03:20:48.074+0000] {processor.py:183} INFO - Processing /home/airflow/.local/lib/python3.12/site-packages/airflow/example_dags/tutorial_dag.py took 0.076 seconds
[2025-08-19T03:21:19.035+0000] {processor.py:161} INFO - Started process (PID=23421) to work on /home/airflow/.local/lib/python3.12/site-packages/airflow/example_dags/tutorial_dag.py
[2025-08-19T03:21:19.036+0000] {processor.py:830} INFO - Processing file /home/airflow/.local/lib/python3.12/site-packages/airflow/example_dags/tutorial_dag.py for tasks to queue
[2025-08-19T03:21:19.038+0000] {logging_mixin.py:188} INFO - [2025-08-19T03:21:19.037+0000] {dagbag.py:545} INFO - Filling up the DagBag from /home/airflow/.local/lib/python3.12/site-packages/airflow/example_dags/tutorial_dag.py
[2025-08-19T03:21:19.044+0000] {processor.py:840} INFO - DAG(s) 'tutorial_dag' retrieved from /home/airflow/.local/lib/python3.12/site-packages/airflow/example_dags/tutorial_dag.py
[2025-08-19T03:21:19.067+0000] {logging_mixin.py:188} INFO - [2025-08-19T03:21:19.066+0000] {dag.py:3096} INFO - Sync 1 DAGs
[2025-08-19T03:21:19.082+0000] {logging_mixin.py:188} INFO - [2025-08-19T03:21:19.081+0000] {dag.py:3954} INFO - Setting next_dagrun for tutorial_dag to None, run_after=None
[2025-08-19T03:21:19.104+0000] {processor.py:183} INFO - Processing /home/airflow/.local/lib/python3.12/site-packages/airflow/example_dags/tutorial_dag.py took 0.075 seconds
[2025-08-19T03:21:49.564+0000] {processor.py:161} INFO - Started process (PID=23474) to work on /home/airflow/.local/lib/python3.12/site-packages/airflow/example_dags/tutorial_dag.py
[2025-08-19T03:21:49.565+0000] {processor.py:830} INFO - Processing file /home/airflow/.local/lib/python3.12/site-packages/airflow/example_dags/tutorial_dag.py for tasks to queue
[2025-08-19T03:21:49.567+0000] {logging_mixin.py:188} INFO - [2025-08-19T03:21:49.566+0000] {dagbag.py:545} INFO - Filling up the DagBag from /home/airflow/.local/lib/python3.12/site-packages/airflow/example_dags/tutorial_dag.py
[2025-08-19T03:21:49.572+0000] {processor.py:840} INFO - DAG(s) 'tutorial_dag' retrieved from /home/airflow/.local/lib/python3.12/site-packages/airflow/example_dags/tutorial_dag.py
[2025-08-19T03:21:49.596+0000] {logging_mixin.py:188} INFO - [2025-08-19T03:21:49.596+0000] {dag.py:3096} INFO - Sync 1 DAGs
[2025-08-19T03:21:49.610+0000] {logging_mixin.py:188} INFO - [2025-08-19T03:21:49.609+0000] {dag.py:3954} INFO - Setting next_dagrun for tutorial_dag to None, run_after=None
[2025-08-19T03:21:49.633+0000] {processor.py:183} INFO - Processing /home/airflow/.local/lib/python3.12/site-packages/airflow/example_dags/tutorial_dag.py took 0.076 seconds
[2025-08-19T03:22:20.134+0000] {processor.py:161} INFO - Started process (PID=23527) to work on /home/airflow/.local/lib/python3.12/site-packages/airflow/example_dags/tutorial_dag.py
[2025-08-19T03:22:20.135+0000] {processor.py:830} INFO - Processing file /home/airflow/.local/lib/python3.12/site-packages/airflow/example_dags/tutorial_dag.py for tasks to queue
[2025-08-19T03:22:20.137+0000] {logging_mixin.py:188} INFO - [2025-08-19T03:22:20.136+0000] {dagbag.py:545} INFO - Filling up the DagBag from /home/airflow/.local/lib/python3.12/site-packages/airflow/example_dags/tutorial_dag.py
[2025-08-19T03:22:20.143+0000] {processor.py:840} INFO - DAG(s) 'tutorial_dag' retrieved from /home/airflow/.local/lib/python3.12/site-packages/airflow/example_dags/tutorial_dag.py
[2025-08-19T03:22:20.167+0000] {logging_mixin.py:188} INFO - [2025-08-19T03:22:20.166+0000] {dag.py:3096} INFO - Sync 1 DAGs
[2025-08-19T03:22:20.185+0000] {logging_mixin.py:188} INFO - [2025-08-19T03:22:20.185+0000] {dag.py:3954} INFO - Setting next_dagrun for tutorial_dag to None, run_after=None
[2025-08-19T03:22:20.213+0000] {processor.py:183} INFO - Processing /home/airflow/.local/lib/python3.12/site-packages/airflow/example_dags/tutorial_dag.py took 0.085 seconds
[2025-08-19T03:22:50.605+0000] {processor.py:161} INFO - Started process (PID=23580) to work on /home/airflow/.local/lib/python3.12/site-packages/airflow/example_dags/tutorial_dag.py
[2025-08-19T03:22:50.608+0000] {processor.py:830} INFO - Processing file /home/airflow/.local/lib/python3.12/site-packages/airflow/example_dags/tutorial_dag.py for tasks to queue
[2025-08-19T03:22:50.609+0000] {logging_mixin.py:188} INFO - [2025-08-19T03:22:50.609+0000] {dagbag.py:545} INFO - Filling up the DagBag from /home/airflow/.local/lib/python3.12/site-packages/airflow/example_dags/tutorial_dag.py
[2025-08-19T03:22:50.616+0000] {processor.py:840} INFO - DAG(s) 'tutorial_dag' retrieved from /home/airflow/.local/lib/python3.12/site-packages/airflow/example_dags/tutorial_dag.py
[2025-08-19T03:22:50.641+0000] {logging_mixin.py:188} INFO - [2025-08-19T03:22:50.641+0000] {dag.py:3096} INFO - Sync 1 DAGs
[2025-08-19T03:22:50.656+0000] {logging_mixin.py:188} INFO - [2025-08-19T03:22:50.655+0000] {dag.py:3954} INFO - Setting next_dagrun for tutorial_dag to None, run_after=None
[2025-08-19T03:22:50.683+0000] {processor.py:183} INFO - Processing /home/airflow/.local/lib/python3.12/site-packages/airflow/example_dags/tutorial_dag.py took 0.085 seconds
[2025-08-19T03:23:21.029+0000] {processor.py:161} INFO - Started process (PID=23633) to work on /home/airflow/.local/lib/python3.12/site-packages/airflow/example_dags/tutorial_dag.py
[2025-08-19T03:23:21.031+0000] {processor.py:830} INFO - Processing file /home/airflow/.local/lib/python3.12/site-packages/airflow/example_dags/tutorial_dag.py for tasks to queue
[2025-08-19T03:23:21.032+0000] {logging_mixin.py:188} INFO - [2025-08-19T03:23:21.031+0000] {dagbag.py:545} INFO - Filling up the DagBag from /home/airflow/.local/lib/python3.12/site-packages/airflow/example_dags/tutorial_dag.py
[2025-08-19T03:23:21.038+0000] {processor.py:840} INFO - DAG(s) 'tutorial_dag' retrieved from /home/airflow/.local/lib/python3.12/site-packages/airflow/example_dags/tutorial_dag.py
[2025-08-19T03:23:21.061+0000] {logging_mixin.py:188} INFO - [2025-08-19T03:23:21.061+0000] {dag.py:3096} INFO - Sync 1 DAGs
[2025-08-19T03:23:21.074+0000] {logging_mixin.py:188} INFO - [2025-08-19T03:23:21.073+0000] {dag.py:3954} INFO - Setting next_dagrun for tutorial_dag to None, run_after=None
[2025-08-19T03:23:21.096+0000] {processor.py:183} INFO - Processing /home/airflow/.local/lib/python3.12/site-packages/airflow/example_dags/tutorial_dag.py took 0.073 seconds
[2025-08-19T03:23:51.506+0000] {processor.py:161} INFO - Started process (PID=23686) to work on /home/airflow/.local/lib/python3.12/site-packages/airflow/example_dags/tutorial_dag.py
[2025-08-19T03:23:51.508+0000] {processor.py:830} INFO - Processing file /home/airflow/.local/lib/python3.12/site-packages/airflow/example_dags/tutorial_dag.py for tasks to queue
[2025-08-19T03:23:51.509+0000] {logging_mixin.py:188} INFO - [2025-08-19T03:23:51.508+0000] {dagbag.py:545} INFO - Filling up the DagBag from /home/airflow/.local/lib/python3.12/site-packages/airflow/example_dags/tutorial_dag.py
[2025-08-19T03:23:51.514+0000] {processor.py:840} INFO - DAG(s) 'tutorial_dag' retrieved from /home/airflow/.local/lib/python3.12/site-packages/airflow/example_dags/tutorial_dag.py
[2025-08-19T03:23:51.537+0000] {logging_mixin.py:188} INFO - [2025-08-19T03:23:51.536+0000] {dag.py:3096} INFO - Sync 1 DAGs
[2025-08-19T03:23:51.550+0000] {logging_mixin.py:188} INFO - [2025-08-19T03:23:51.550+0000] {dag.py:3954} INFO - Setting next_dagrun for tutorial_dag to None, run_after=None
[2025-08-19T03:23:51.581+0000] {processor.py:183} INFO - Processing /home/airflow/.local/lib/python3.12/site-packages/airflow/example_dags/tutorial_dag.py took 0.081 seconds
[2025-08-19T03:24:22.144+0000] {processor.py:161} INFO - Started process (PID=23739) to work on /home/airflow/.local/lib/python3.12/site-packages/airflow/example_dags/tutorial_dag.py
[2025-08-19T03:24:22.146+0000] {processor.py:830} INFO - Processing file /home/airflow/.local/lib/python3.12/site-packages/airflow/example_dags/tutorial_dag.py for tasks to queue
[2025-08-19T03:24:22.147+0000] {logging_mixin.py:188} INFO - [2025-08-19T03:24:22.146+0000] {dagbag.py:545} INFO - Filling up the DagBag from /home/airflow/.local/lib/python3.12/site-packages/airflow/example_dags/tutorial_dag.py
[2025-08-19T03:24:22.153+0000] {processor.py:840} INFO - DAG(s) 'tutorial_dag' retrieved from /home/airflow/.local/lib/python3.12/site-packages/airflow/example_dags/tutorial_dag.py
[2025-08-19T03:24:22.178+0000] {logging_mixin.py:188} INFO - [2025-08-19T03:24:22.178+0000] {dag.py:3096} INFO - Sync 1 DAGs
[2025-08-19T03:24:22.191+0000] {logging_mixin.py:188} INFO - [2025-08-19T03:24:22.190+0000] {dag.py:3954} INFO - Setting next_dagrun for tutorial_dag to None, run_after=None
[2025-08-19T03:24:22.213+0000] {processor.py:183} INFO - Processing /home/airflow/.local/lib/python3.12/site-packages/airflow/example_dags/tutorial_dag.py took 0.075 seconds
[2025-08-19T03:24:52.761+0000] {processor.py:161} INFO - Started process (PID=23792) to work on /home/airflow/.local/lib/python3.12/site-packages/airflow/example_dags/tutorial_dag.py
[2025-08-19T03:24:52.763+0000] {processor.py:830} INFO - Processing file /home/airflow/.local/lib/python3.12/site-packages/airflow/example_dags/tutorial_dag.py for tasks to queue
[2025-08-19T03:24:52.764+0000] {logging_mixin.py:188} INFO - [2025-08-19T03:24:52.764+0000] {dagbag.py:545} INFO - Filling up the DagBag from /home/airflow/.local/lib/python3.12/site-packages/airflow/example_dags/tutorial_dag.py
[2025-08-19T03:24:52.771+0000] {processor.py:840} INFO - DAG(s) 'tutorial_dag' retrieved from /home/airflow/.local/lib/python3.12/site-packages/airflow/example_dags/tutorial_dag.py
[2025-08-19T03:24:52.794+0000] {logging_mixin.py:188} INFO - [2025-08-19T03:24:52.793+0000] {dag.py:3096} INFO - Sync 1 DAGs
[2025-08-19T03:24:52.807+0000] {logging_mixin.py:188} INFO - [2025-08-19T03:24:52.807+0000] {dag.py:3954} INFO - Setting next_dagrun for tutorial_dag to None, run_after=None
[2025-08-19T03:24:52.834+0000] {processor.py:183} INFO - Processing /home/airflow/.local/lib/python3.12/site-packages/airflow/example_dags/tutorial_dag.py took 0.079 seconds
[2025-08-19T03:25:23.371+0000] {processor.py:161} INFO - Started process (PID=23845) to work on /home/airflow/.local/lib/python3.12/site-packages/airflow/example_dags/tutorial_dag.py
[2025-08-19T03:25:23.372+0000] {processor.py:830} INFO - Processing file /home/airflow/.local/lib/python3.12/site-packages/airflow/example_dags/tutorial_dag.py for tasks to queue
[2025-08-19T03:25:23.374+0000] {logging_mixin.py:188} INFO - [2025-08-19T03:25:23.373+0000] {dagbag.py:545} INFO - Filling up the DagBag from /home/airflow/.local/lib/python3.12/site-packages/airflow/example_dags/tutorial_dag.py
[2025-08-19T03:25:23.379+0000] {processor.py:840} INFO - DAG(s) 'tutorial_dag' retrieved from /home/airflow/.local/lib/python3.12/site-packages/airflow/example_dags/tutorial_dag.py
[2025-08-19T03:25:23.404+0000] {logging_mixin.py:188} INFO - [2025-08-19T03:25:23.404+0000] {dag.py:3096} INFO - Sync 1 DAGs
[2025-08-19T03:25:23.418+0000] {logging_mixin.py:188} INFO - [2025-08-19T03:25:23.417+0000] {dag.py:3954} INFO - Setting next_dagrun for tutorial_dag to None, run_after=None
[2025-08-19T03:25:23.443+0000] {processor.py:183} INFO - Processing /home/airflow/.local/lib/python3.12/site-packages/airflow/example_dags/tutorial_dag.py took 0.079 seconds
[2025-08-19T03:25:53.784+0000] {processor.py:161} INFO - Started process (PID=23898) to work on /home/airflow/.local/lib/python3.12/site-packages/airflow/example_dags/tutorial_dag.py
[2025-08-19T03:25:53.786+0000] {processor.py:830} INFO - Processing file /home/airflow/.local/lib/python3.12/site-packages/airflow/example_dags/tutorial_dag.py for tasks to queue
[2025-08-19T03:25:53.787+0000] {logging_mixin.py:188} INFO - [2025-08-19T03:25:53.787+0000] {dagbag.py:545} INFO - Filling up the DagBag from /home/airflow/.local/lib/python3.12/site-packages/airflow/example_dags/tutorial_dag.py
[2025-08-19T03:25:53.793+0000] {processor.py:840} INFO - DAG(s) 'tutorial_dag' retrieved from /home/airflow/.local/lib/python3.12/site-packages/airflow/example_dags/tutorial_dag.py
[2025-08-19T03:25:53.816+0000] {logging_mixin.py:188} INFO - [2025-08-19T03:25:53.816+0000] {dag.py:3096} INFO - Sync 1 DAGs
[2025-08-19T03:25:53.829+0000] {logging_mixin.py:188} INFO - [2025-08-19T03:25:53.828+0000] {dag.py:3954} INFO - Setting next_dagrun for tutorial_dag to None, run_after=None
[2025-08-19T03:25:53.851+0000] {processor.py:183} INFO - Processing /home/airflow/.local/lib/python3.12/site-packages/airflow/example_dags/tutorial_dag.py took 0.074 seconds
[2025-08-19T03:26:24.126+0000] {processor.py:161} INFO - Started process (PID=23951) to work on /home/airflow/.local/lib/python3.12/site-packages/airflow/example_dags/tutorial_dag.py
[2025-08-19T03:26:24.127+0000] {processor.py:830} INFO - Processing file /home/airflow/.local/lib/python3.12/site-packages/airflow/example_dags/tutorial_dag.py for tasks to queue
[2025-08-19T03:26:24.129+0000] {logging_mixin.py:188} INFO - [2025-08-19T03:26:24.129+0000] {dagbag.py:545} INFO - Filling up the DagBag from /home/airflow/.local/lib/python3.12/site-packages/airflow/example_dags/tutorial_dag.py
[2025-08-19T03:26:24.135+0000] {processor.py:840} INFO - DAG(s) 'tutorial_dag' retrieved from /home/airflow/.local/lib/python3.12/site-packages/airflow/example_dags/tutorial_dag.py
[2025-08-19T03:26:24.162+0000] {logging_mixin.py:188} INFO - [2025-08-19T03:26:24.162+0000] {dag.py:3096} INFO - Sync 1 DAGs
[2025-08-19T03:26:24.176+0000] {logging_mixin.py:188} INFO - [2025-08-19T03:26:24.176+0000] {dag.py:3954} INFO - Setting next_dagrun for tutorial_dag to None, run_after=None
[2025-08-19T03:26:24.200+0000] {processor.py:183} INFO - Processing /home/airflow/.local/lib/python3.12/site-packages/airflow/example_dags/tutorial_dag.py took 0.080 seconds
[2025-08-19T03:26:54.641+0000] {processor.py:161} INFO - Started process (PID=24004) to work on /home/airflow/.local/lib/python3.12/site-packages/airflow/example_dags/tutorial_dag.py
[2025-08-19T03:26:54.642+0000] {processor.py:830} INFO - Processing file /home/airflow/.local/lib/python3.12/site-packages/airflow/example_dags/tutorial_dag.py for tasks to queue
[2025-08-19T03:26:54.644+0000] {logging_mixin.py:188} INFO - [2025-08-19T03:26:54.644+0000] {dagbag.py:545} INFO - Filling up the DagBag from /home/airflow/.local/lib/python3.12/site-packages/airflow/example_dags/tutorial_dag.py
[2025-08-19T03:26:54.651+0000] {processor.py:840} INFO - DAG(s) 'tutorial_dag' retrieved from /home/airflow/.local/lib/python3.12/site-packages/airflow/example_dags/tutorial_dag.py
[2025-08-19T03:26:54.674+0000] {logging_mixin.py:188} INFO - [2025-08-19T03:26:54.674+0000] {dag.py:3096} INFO - Sync 1 DAGs
[2025-08-19T03:26:54.689+0000] {logging_mixin.py:188} INFO - [2025-08-19T03:26:54.689+0000] {dag.py:3954} INFO - Setting next_dagrun for tutorial_dag to None, run_after=None
[2025-08-19T03:26:54.713+0000] {processor.py:183} INFO - Processing /home/airflow/.local/lib/python3.12/site-packages/airflow/example_dags/tutorial_dag.py took 0.078 seconds
[2025-08-19T03:27:25.071+0000] {processor.py:161} INFO - Started process (PID=24057) to work on /home/airflow/.local/lib/python3.12/site-packages/airflow/example_dags/tutorial_dag.py
[2025-08-19T03:27:25.073+0000] {processor.py:830} INFO - Processing file /home/airflow/.local/lib/python3.12/site-packages/airflow/example_dags/tutorial_dag.py for tasks to queue
[2025-08-19T03:27:25.075+0000] {logging_mixin.py:188} INFO - [2025-08-19T03:27:25.074+0000] {dagbag.py:545} INFO - Filling up the DagBag from /home/airflow/.local/lib/python3.12/site-packages/airflow/example_dags/tutorial_dag.py
[2025-08-19T03:27:25.080+0000] {processor.py:840} INFO - DAG(s) 'tutorial_dag' retrieved from /home/airflow/.local/lib/python3.12/site-packages/airflow/example_dags/tutorial_dag.py
[2025-08-19T03:27:25.103+0000] {logging_mixin.py:188} INFO - [2025-08-19T03:27:25.103+0000] {dag.py:3096} INFO - Sync 1 DAGs
[2025-08-19T03:27:25.117+0000] {logging_mixin.py:188} INFO - [2025-08-19T03:27:25.116+0000] {dag.py:3954} INFO - Setting next_dagrun for tutorial_dag to None, run_after=None
[2025-08-19T03:27:25.139+0000] {processor.py:183} INFO - Processing /home/airflow/.local/lib/python3.12/site-packages/airflow/example_dags/tutorial_dag.py took 0.073 seconds
[2025-08-19T03:27:55.604+0000] {processor.py:161} INFO - Started process (PID=24110) to work on /home/airflow/.local/lib/python3.12/site-packages/airflow/example_dags/tutorial_dag.py
[2025-08-19T03:27:55.606+0000] {processor.py:830} INFO - Processing file /home/airflow/.local/lib/python3.12/site-packages/airflow/example_dags/tutorial_dag.py for tasks to queue
[2025-08-19T03:27:55.607+0000] {logging_mixin.py:188} INFO - [2025-08-19T03:27:55.607+0000] {dagbag.py:545} INFO - Filling up the DagBag from /home/airflow/.local/lib/python3.12/site-packages/airflow/example_dags/tutorial_dag.py
[2025-08-19T03:27:55.613+0000] {processor.py:840} INFO - DAG(s) 'tutorial_dag' retrieved from /home/airflow/.local/lib/python3.12/site-packages/airflow/example_dags/tutorial_dag.py
[2025-08-19T03:27:55.635+0000] {logging_mixin.py:188} INFO - [2025-08-19T03:27:55.634+0000] {dag.py:3096} INFO - Sync 1 DAGs
[2025-08-19T03:27:55.649+0000] {logging_mixin.py:188} INFO - [2025-08-19T03:27:55.649+0000] {dag.py:3954} INFO - Setting next_dagrun for tutorial_dag to None, run_after=None
[2025-08-19T03:27:55.673+0000] {processor.py:183} INFO - Processing /home/airflow/.local/lib/python3.12/site-packages/airflow/example_dags/tutorial_dag.py took 0.075 seconds
[2025-08-19T03:28:26.028+0000] {processor.py:161} INFO - Started process (PID=24163) to work on /home/airflow/.local/lib/python3.12/site-packages/airflow/example_dags/tutorial_dag.py
[2025-08-19T03:28:26.030+0000] {processor.py:830} INFO - Processing file /home/airflow/.local/lib/python3.12/site-packages/airflow/example_dags/tutorial_dag.py for tasks to queue
[2025-08-19T03:28:26.031+0000] {logging_mixin.py:188} INFO - [2025-08-19T03:28:26.031+0000] {dagbag.py:545} INFO - Filling up the DagBag from /home/airflow/.local/lib/python3.12/site-packages/airflow/example_dags/tutorial_dag.py
[2025-08-19T03:28:26.037+0000] {processor.py:840} INFO - DAG(s) 'tutorial_dag' retrieved from /home/airflow/.local/lib/python3.12/site-packages/airflow/example_dags/tutorial_dag.py
[2025-08-19T03:28:26.060+0000] {logging_mixin.py:188} INFO - [2025-08-19T03:28:26.060+0000] {dag.py:3096} INFO - Sync 1 DAGs
[2025-08-19T03:28:26.074+0000] {logging_mixin.py:188} INFO - [2025-08-19T03:28:26.073+0000] {dag.py:3954} INFO - Setting next_dagrun for tutorial_dag to None, run_after=None
[2025-08-19T03:28:26.097+0000] {processor.py:183} INFO - Processing /home/airflow/.local/lib/python3.12/site-packages/airflow/example_dags/tutorial_dag.py took 0.074 seconds
[2025-08-19T03:28:56.467+0000] {processor.py:161} INFO - Started process (PID=24216) to work on /home/airflow/.local/lib/python3.12/site-packages/airflow/example_dags/tutorial_dag.py
[2025-08-19T03:28:56.469+0000] {processor.py:830} INFO - Processing file /home/airflow/.local/lib/python3.12/site-packages/airflow/example_dags/tutorial_dag.py for tasks to queue
[2025-08-19T03:28:56.470+0000] {logging_mixin.py:188} INFO - [2025-08-19T03:28:56.469+0000] {dagbag.py:545} INFO - Filling up the DagBag from /home/airflow/.local/lib/python3.12/site-packages/airflow/example_dags/tutorial_dag.py
[2025-08-19T03:28:56.475+0000] {processor.py:840} INFO - DAG(s) 'tutorial_dag' retrieved from /home/airflow/.local/lib/python3.12/site-packages/airflow/example_dags/tutorial_dag.py
[2025-08-19T03:28:56.502+0000] {logging_mixin.py:188} INFO - [2025-08-19T03:28:56.502+0000] {dag.py:3096} INFO - Sync 1 DAGs
[2025-08-19T03:28:56.527+0000] {logging_mixin.py:188} INFO - [2025-08-19T03:28:56.527+0000] {dag.py:3954} INFO - Setting next_dagrun for tutorial_dag to None, run_after=None
[2025-08-19T03:28:56.557+0000] {processor.py:183} INFO - Processing /home/airflow/.local/lib/python3.12/site-packages/airflow/example_dags/tutorial_dag.py took 0.096 seconds
[2025-08-19T03:29:26.841+0000] {processor.py:161} INFO - Started process (PID=24269) to work on /home/airflow/.local/lib/python3.12/site-packages/airflow/example_dags/tutorial_dag.py
[2025-08-19T03:29:26.842+0000] {processor.py:830} INFO - Processing file /home/airflow/.local/lib/python3.12/site-packages/airflow/example_dags/tutorial_dag.py for tasks to queue
[2025-08-19T03:29:26.843+0000] {logging_mixin.py:188} INFO - [2025-08-19T03:29:26.843+0000] {dagbag.py:545} INFO - Filling up the DagBag from /home/airflow/.local/lib/python3.12/site-packages/airflow/example_dags/tutorial_dag.py
[2025-08-19T03:29:26.848+0000] {processor.py:840} INFO - DAG(s) 'tutorial_dag' retrieved from /home/airflow/.local/lib/python3.12/site-packages/airflow/example_dags/tutorial_dag.py
[2025-08-19T03:29:26.871+0000] {logging_mixin.py:188} INFO - [2025-08-19T03:29:26.870+0000] {dag.py:3096} INFO - Sync 1 DAGs
[2025-08-19T03:29:26.884+0000] {logging_mixin.py:188} INFO - [2025-08-19T03:29:26.884+0000] {dag.py:3954} INFO - Setting next_dagrun for tutorial_dag to None, run_after=None
[2025-08-19T03:29:26.907+0000] {processor.py:183} INFO - Processing /home/airflow/.local/lib/python3.12/site-packages/airflow/example_dags/tutorial_dag.py took 0.072 seconds
[2025-08-19T03:29:57.206+0000] {processor.py:161} INFO - Started process (PID=24322) to work on /home/airflow/.local/lib/python3.12/site-packages/airflow/example_dags/tutorial_dag.py
[2025-08-19T03:29:57.207+0000] {processor.py:830} INFO - Processing file /home/airflow/.local/lib/python3.12/site-packages/airflow/example_dags/tutorial_dag.py for tasks to queue
[2025-08-19T03:29:57.209+0000] {logging_mixin.py:188} INFO - [2025-08-19T03:29:57.208+0000] {dagbag.py:545} INFO - Filling up the DagBag from /home/airflow/.local/lib/python3.12/site-packages/airflow/example_dags/tutorial_dag.py
[2025-08-19T03:29:57.215+0000] {processor.py:840} INFO - DAG(s) 'tutorial_dag' retrieved from /home/airflow/.local/lib/python3.12/site-packages/airflow/example_dags/tutorial_dag.py
[2025-08-19T03:29:57.239+0000] {logging_mixin.py:188} INFO - [2025-08-19T03:29:57.239+0000] {dag.py:3096} INFO - Sync 1 DAGs
[2025-08-19T03:29:57.252+0000] {logging_mixin.py:188} INFO - [2025-08-19T03:29:57.252+0000] {dag.py:3954} INFO - Setting next_dagrun for tutorial_dag to None, run_after=None
[2025-08-19T03:29:57.274+0000] {processor.py:183} INFO - Processing /home/airflow/.local/lib/python3.12/site-packages/airflow/example_dags/tutorial_dag.py took 0.075 seconds
[2025-08-19T03:30:27.696+0000] {processor.py:161} INFO - Started process (PID=24375) to work on /home/airflow/.local/lib/python3.12/site-packages/airflow/example_dags/tutorial_dag.py
[2025-08-19T03:30:27.697+0000] {processor.py:830} INFO - Processing file /home/airflow/.local/lib/python3.12/site-packages/airflow/example_dags/tutorial_dag.py for tasks to queue
[2025-08-19T03:30:27.699+0000] {logging_mixin.py:188} INFO - [2025-08-19T03:30:27.698+0000] {dagbag.py:545} INFO - Filling up the DagBag from /home/airflow/.local/lib/python3.12/site-packages/airflow/example_dags/tutorial_dag.py
[2025-08-19T03:30:27.705+0000] {processor.py:840} INFO - DAG(s) 'tutorial_dag' retrieved from /home/airflow/.local/lib/python3.12/site-packages/airflow/example_dags/tutorial_dag.py
[2025-08-19T03:30:27.728+0000] {logging_mixin.py:188} INFO - [2025-08-19T03:30:27.728+0000] {dag.py:3096} INFO - Sync 1 DAGs
[2025-08-19T03:30:27.742+0000] {logging_mixin.py:188} INFO - [2025-08-19T03:30:27.742+0000] {dag.py:3954} INFO - Setting next_dagrun for tutorial_dag to None, run_after=None
[2025-08-19T03:30:27.763+0000] {processor.py:183} INFO - Processing /home/airflow/.local/lib/python3.12/site-packages/airflow/example_dags/tutorial_dag.py took 0.073 seconds
[2025-08-19T03:30:58.354+0000] {processor.py:161} INFO - Started process (PID=24428) to work on /home/airflow/.local/lib/python3.12/site-packages/airflow/example_dags/tutorial_dag.py
[2025-08-19T03:30:58.356+0000] {processor.py:830} INFO - Processing file /home/airflow/.local/lib/python3.12/site-packages/airflow/example_dags/tutorial_dag.py for tasks to queue
[2025-08-19T03:30:58.357+0000] {logging_mixin.py:188} INFO - [2025-08-19T03:30:58.356+0000] {dagbag.py:545} INFO - Filling up the DagBag from /home/airflow/.local/lib/python3.12/site-packages/airflow/example_dags/tutorial_dag.py
[2025-08-19T03:30:58.363+0000] {processor.py:840} INFO - DAG(s) 'tutorial_dag' retrieved from /home/airflow/.local/lib/python3.12/site-packages/airflow/example_dags/tutorial_dag.py
[2025-08-19T03:30:58.388+0000] {logging_mixin.py:188} INFO - [2025-08-19T03:30:58.388+0000] {dag.py:3096} INFO - Sync 1 DAGs
[2025-08-19T03:30:58.401+0000] {logging_mixin.py:188} INFO - [2025-08-19T03:30:58.401+0000] {dag.py:3954} INFO - Setting next_dagrun for tutorial_dag to None, run_after=None
[2025-08-19T03:30:58.425+0000] {processor.py:183} INFO - Processing /home/airflow/.local/lib/python3.12/site-packages/airflow/example_dags/tutorial_dag.py took 0.077 seconds
[2025-08-19T03:31:28.604+0000] {processor.py:161} INFO - Started process (PID=24481) to work on /home/airflow/.local/lib/python3.12/site-packages/airflow/example_dags/tutorial_dag.py
[2025-08-19T03:31:28.606+0000] {processor.py:830} INFO - Processing file /home/airflow/.local/lib/python3.12/site-packages/airflow/example_dags/tutorial_dag.py for tasks to queue
[2025-08-19T03:31:28.607+0000] {logging_mixin.py:188} INFO - [2025-08-19T03:31:28.607+0000] {dagbag.py:545} INFO - Filling up the DagBag from /home/airflow/.local/lib/python3.12/site-packages/airflow/example_dags/tutorial_dag.py
[2025-08-19T03:31:28.616+0000] {processor.py:840} INFO - DAG(s) 'tutorial_dag' retrieved from /home/airflow/.local/lib/python3.12/site-packages/airflow/example_dags/tutorial_dag.py
[2025-08-19T03:31:28.640+0000] {logging_mixin.py:188} INFO - [2025-08-19T03:31:28.640+0000] {dag.py:3096} INFO - Sync 1 DAGs
[2025-08-19T03:31:28.657+0000] {logging_mixin.py:188} INFO - [2025-08-19T03:31:28.657+0000] {dag.py:3954} INFO - Setting next_dagrun for tutorial_dag to None, run_after=None
[2025-08-19T03:31:28.687+0000] {processor.py:183} INFO - Processing /home/airflow/.local/lib/python3.12/site-packages/airflow/example_dags/tutorial_dag.py took 0.091 seconds
[2025-08-19T03:31:58.957+0000] {processor.py:161} INFO - Started process (PID=24534) to work on /home/airflow/.local/lib/python3.12/site-packages/airflow/example_dags/tutorial_dag.py
[2025-08-19T03:31:58.958+0000] {processor.py:830} INFO - Processing file /home/airflow/.local/lib/python3.12/site-packages/airflow/example_dags/tutorial_dag.py for tasks to queue
[2025-08-19T03:31:58.959+0000] {logging_mixin.py:188} INFO - [2025-08-19T03:31:58.959+0000] {dagbag.py:545} INFO - Filling up the DagBag from /home/airflow/.local/lib/python3.12/site-packages/airflow/example_dags/tutorial_dag.py
[2025-08-19T03:31:58.965+0000] {processor.py:840} INFO - DAG(s) 'tutorial_dag' retrieved from /home/airflow/.local/lib/python3.12/site-packages/airflow/example_dags/tutorial_dag.py
[2025-08-19T03:31:58.988+0000] {logging_mixin.py:188} INFO - [2025-08-19T03:31:58.987+0000] {dag.py:3096} INFO - Sync 1 DAGs
[2025-08-19T03:31:59.002+0000] {logging_mixin.py:188} INFO - [2025-08-19T03:31:59.001+0000] {dag.py:3954} INFO - Setting next_dagrun for tutorial_dag to None, run_after=None
[2025-08-19T03:31:59.026+0000] {processor.py:183} INFO - Processing /home/airflow/.local/lib/python3.12/site-packages/airflow/example_dags/tutorial_dag.py took 0.075 seconds
[2025-08-19T03:32:29.651+0000] {processor.py:161} INFO - Started process (PID=24587) to work on /home/airflow/.local/lib/python3.12/site-packages/airflow/example_dags/tutorial_dag.py
[2025-08-19T03:32:29.653+0000] {processor.py:830} INFO - Processing file /home/airflow/.local/lib/python3.12/site-packages/airflow/example_dags/tutorial_dag.py for tasks to queue
[2025-08-19T03:32:29.654+0000] {logging_mixin.py:188} INFO - [2025-08-19T03:32:29.654+0000] {dagbag.py:545} INFO - Filling up the DagBag from /home/airflow/.local/lib/python3.12/site-packages/airflow/example_dags/tutorial_dag.py
[2025-08-19T03:32:29.662+0000] {processor.py:840} INFO - DAG(s) 'tutorial_dag' retrieved from /home/airflow/.local/lib/python3.12/site-packages/airflow/example_dags/tutorial_dag.py
[2025-08-19T03:32:29.691+0000] {logging_mixin.py:188} INFO - [2025-08-19T03:32:29.690+0000] {dag.py:3096} INFO - Sync 1 DAGs
[2025-08-19T03:32:29.707+0000] {logging_mixin.py:188} INFO - [2025-08-19T03:32:29.706+0000] {dag.py:3954} INFO - Setting next_dagrun for tutorial_dag to None, run_after=None
[2025-08-19T03:32:29.733+0000] {processor.py:183} INFO - Processing /home/airflow/.local/lib/python3.12/site-packages/airflow/example_dags/tutorial_dag.py took 0.091 seconds
[2025-08-19T03:33:00.181+0000] {processor.py:161} INFO - Started process (PID=24640) to work on /home/airflow/.local/lib/python3.12/site-packages/airflow/example_dags/tutorial_dag.py
[2025-08-19T03:33:00.184+0000] {processor.py:830} INFO - Processing file /home/airflow/.local/lib/python3.12/site-packages/airflow/example_dags/tutorial_dag.py for tasks to queue
[2025-08-19T03:33:00.187+0000] {logging_mixin.py:188} INFO - [2025-08-19T03:33:00.186+0000] {dagbag.py:545} INFO - Filling up the DagBag from /home/airflow/.local/lib/python3.12/site-packages/airflow/example_dags/tutorial_dag.py
[2025-08-19T03:33:00.203+0000] {processor.py:840} INFO - DAG(s) 'tutorial_dag' retrieved from /home/airflow/.local/lib/python3.12/site-packages/airflow/example_dags/tutorial_dag.py
[2025-08-19T03:33:00.258+0000] {logging_mixin.py:188} INFO - [2025-08-19T03:33:00.257+0000] {dag.py:3096} INFO - Sync 1 DAGs
[2025-08-19T03:33:00.296+0000] {logging_mixin.py:188} INFO - [2025-08-19T03:33:00.295+0000] {dag.py:3954} INFO - Setting next_dagrun for tutorial_dag to None, run_after=None
[2025-08-19T03:33:00.370+0000] {processor.py:183} INFO - Processing /home/airflow/.local/lib/python3.12/site-packages/airflow/example_dags/tutorial_dag.py took 0.202 seconds
[2025-08-19T03:33:33.867+0000] {processor.py:161} INFO - Started process (PID=24693) to work on /home/airflow/.local/lib/python3.12/site-packages/airflow/example_dags/tutorial_dag.py
[2025-08-19T03:33:33.879+0000] {processor.py:830} INFO - Processing file /home/airflow/.local/lib/python3.12/site-packages/airflow/example_dags/tutorial_dag.py for tasks to queue
[2025-08-19T03:33:33.884+0000] {logging_mixin.py:188} INFO - [2025-08-19T03:33:33.882+0000] {dagbag.py:545} INFO - Filling up the DagBag from /home/airflow/.local/lib/python3.12/site-packages/airflow/example_dags/tutorial_dag.py
[2025-08-19T03:33:33.913+0000] {processor.py:840} INFO - DAG(s) 'tutorial_dag' retrieved from /home/airflow/.local/lib/python3.12/site-packages/airflow/example_dags/tutorial_dag.py
[2025-08-19T03:33:34.023+0000] {logging_mixin.py:188} INFO - [2025-08-19T03:33:34.022+0000] {dag.py:3096} INFO - Sync 1 DAGs
[2025-08-19T03:33:34.079+0000] {logging_mixin.py:188} INFO - [2025-08-19T03:33:34.078+0000] {dag.py:3954} INFO - Setting next_dagrun for tutorial_dag to None, run_after=None
[2025-08-19T03:33:34.159+0000] {processor.py:183} INFO - Processing /home/airflow/.local/lib/python3.12/site-packages/airflow/example_dags/tutorial_dag.py took 0.323 seconds
[2025-08-19T03:34:04.238+0000] {processor.py:161} INFO - Started process (PID=24746) to work on /home/airflow/.local/lib/python3.12/site-packages/airflow/example_dags/tutorial_dag.py
[2025-08-19T03:34:04.240+0000] {processor.py:830} INFO - Processing file /home/airflow/.local/lib/python3.12/site-packages/airflow/example_dags/tutorial_dag.py for tasks to queue
[2025-08-19T03:34:04.242+0000] {logging_mixin.py:188} INFO - [2025-08-19T03:34:04.242+0000] {dagbag.py:545} INFO - Filling up the DagBag from /home/airflow/.local/lib/python3.12/site-packages/airflow/example_dags/tutorial_dag.py
[2025-08-19T03:34:04.249+0000] {processor.py:840} INFO - DAG(s) 'tutorial_dag' retrieved from /home/airflow/.local/lib/python3.12/site-packages/airflow/example_dags/tutorial_dag.py
[2025-08-19T03:34:04.274+0000] {logging_mixin.py:188} INFO - [2025-08-19T03:34:04.274+0000] {dag.py:3096} INFO - Sync 1 DAGs
[2025-08-19T03:34:04.289+0000] {logging_mixin.py:188} INFO - [2025-08-19T03:34:04.289+0000] {dag.py:3954} INFO - Setting next_dagrun for tutorial_dag to None, run_after=None
[2025-08-19T03:34:04.317+0000] {processor.py:183} INFO - Processing /home/airflow/.local/lib/python3.12/site-packages/airflow/example_dags/tutorial_dag.py took 0.085 seconds
[2025-08-19T03:34:34.742+0000] {processor.py:161} INFO - Started process (PID=24799) to work on /home/airflow/.local/lib/python3.12/site-packages/airflow/example_dags/tutorial_dag.py
[2025-08-19T03:34:34.744+0000] {processor.py:830} INFO - Processing file /home/airflow/.local/lib/python3.12/site-packages/airflow/example_dags/tutorial_dag.py for tasks to queue
[2025-08-19T03:34:34.746+0000] {logging_mixin.py:188} INFO - [2025-08-19T03:34:34.745+0000] {dagbag.py:545} INFO - Filling up the DagBag from /home/airflow/.local/lib/python3.12/site-packages/airflow/example_dags/tutorial_dag.py
[2025-08-19T03:34:34.753+0000] {processor.py:840} INFO - DAG(s) 'tutorial_dag' retrieved from /home/airflow/.local/lib/python3.12/site-packages/airflow/example_dags/tutorial_dag.py
[2025-08-19T03:34:34.780+0000] {logging_mixin.py:188} INFO - [2025-08-19T03:34:34.780+0000] {dag.py:3096} INFO - Sync 1 DAGs
[2025-08-19T03:34:34.796+0000] {logging_mixin.py:188} INFO - [2025-08-19T03:34:34.795+0000] {dag.py:3954} INFO - Setting next_dagrun for tutorial_dag to None, run_after=None
[2025-08-19T03:34:34.834+0000] {processor.py:183} INFO - Processing /home/airflow/.local/lib/python3.12/site-packages/airflow/example_dags/tutorial_dag.py took 0.102 seconds
[2025-08-19T03:35:05.048+0000] {processor.py:161} INFO - Started process (PID=24852) to work on /home/airflow/.local/lib/python3.12/site-packages/airflow/example_dags/tutorial_dag.py
[2025-08-19T03:35:05.050+0000] {processor.py:830} INFO - Processing file /home/airflow/.local/lib/python3.12/site-packages/airflow/example_dags/tutorial_dag.py for tasks to queue
[2025-08-19T03:35:05.051+0000] {logging_mixin.py:188} INFO - [2025-08-19T03:35:05.051+0000] {dagbag.py:545} INFO - Filling up the DagBag from /home/airflow/.local/lib/python3.12/site-packages/airflow/example_dags/tutorial_dag.py
[2025-08-19T03:35:05.057+0000] {processor.py:840} INFO - DAG(s) 'tutorial_dag' retrieved from /home/airflow/.local/lib/python3.12/site-packages/airflow/example_dags/tutorial_dag.py
[2025-08-19T03:35:05.079+0000] {logging_mixin.py:188} INFO - [2025-08-19T03:35:05.079+0000] {dag.py:3096} INFO - Sync 1 DAGs
[2025-08-19T03:35:05.092+0000] {logging_mixin.py:188} INFO - [2025-08-19T03:35:05.091+0000] {dag.py:3954} INFO - Setting next_dagrun for tutorial_dag to None, run_after=None
[2025-08-19T03:35:05.113+0000] {processor.py:183} INFO - Processing /home/airflow/.local/lib/python3.12/site-packages/airflow/example_dags/tutorial_dag.py took 0.072 seconds
[2025-08-19T03:35:35.804+0000] {processor.py:161} INFO - Started process (PID=24905) to work on /home/airflow/.local/lib/python3.12/site-packages/airflow/example_dags/tutorial_dag.py
[2025-08-19T03:35:35.806+0000] {processor.py:830} INFO - Processing file /home/airflow/.local/lib/python3.12/site-packages/airflow/example_dags/tutorial_dag.py for tasks to queue
[2025-08-19T03:35:35.808+0000] {logging_mixin.py:188} INFO - [2025-08-19T03:35:35.807+0000] {dagbag.py:545} INFO - Filling up the DagBag from /home/airflow/.local/lib/python3.12/site-packages/airflow/example_dags/tutorial_dag.py
[2025-08-19T03:35:35.818+0000] {processor.py:840} INFO - DAG(s) 'tutorial_dag' retrieved from /home/airflow/.local/lib/python3.12/site-packages/airflow/example_dags/tutorial_dag.py
[2025-08-19T03:35:35.854+0000] {logging_mixin.py:188} INFO - [2025-08-19T03:35:35.854+0000] {dag.py:3096} INFO - Sync 1 DAGs
[2025-08-19T03:35:35.874+0000] {logging_mixin.py:188} INFO - [2025-08-19T03:35:35.873+0000] {dag.py:3954} INFO - Setting next_dagrun for tutorial_dag to None, run_after=None
[2025-08-19T03:35:35.908+0000] {processor.py:183} INFO - Processing /home/airflow/.local/lib/python3.12/site-packages/airflow/example_dags/tutorial_dag.py took 0.111 seconds
[2025-08-19T03:36:06.161+0000] {processor.py:161} INFO - Started process (PID=24958) to work on /home/airflow/.local/lib/python3.12/site-packages/airflow/example_dags/tutorial_dag.py
[2025-08-19T03:36:06.163+0000] {processor.py:830} INFO - Processing file /home/airflow/.local/lib/python3.12/site-packages/airflow/example_dags/tutorial_dag.py for tasks to queue
[2025-08-19T03:36:06.164+0000] {logging_mixin.py:188} INFO - [2025-08-19T03:36:06.164+0000] {dagbag.py:545} INFO - Filling up the DagBag from /home/airflow/.local/lib/python3.12/site-packages/airflow/example_dags/tutorial_dag.py
[2025-08-19T03:36:06.171+0000] {processor.py:840} INFO - DAG(s) 'tutorial_dag' retrieved from /home/airflow/.local/lib/python3.12/site-packages/airflow/example_dags/tutorial_dag.py
[2025-08-19T03:36:06.195+0000] {logging_mixin.py:188} INFO - [2025-08-19T03:36:06.195+0000] {dag.py:3096} INFO - Sync 1 DAGs
[2025-08-19T03:36:06.209+0000] {logging_mixin.py:188} INFO - [2025-08-19T03:36:06.209+0000] {dag.py:3954} INFO - Setting next_dagrun for tutorial_dag to None, run_after=None
[2025-08-19T03:36:06.234+0000] {processor.py:183} INFO - Processing /home/airflow/.local/lib/python3.12/site-packages/airflow/example_dags/tutorial_dag.py took 0.080 seconds
[2025-08-19T03:36:36.384+0000] {processor.py:161} INFO - Started process (PID=25011) to work on /home/airflow/.local/lib/python3.12/site-packages/airflow/example_dags/tutorial_dag.py
[2025-08-19T03:36:36.386+0000] {processor.py:830} INFO - Processing file /home/airflow/.local/lib/python3.12/site-packages/airflow/example_dags/tutorial_dag.py for tasks to queue
[2025-08-19T03:36:36.387+0000] {logging_mixin.py:188} INFO - [2025-08-19T03:36:36.387+0000] {dagbag.py:545} INFO - Filling up the DagBag from /home/airflow/.local/lib/python3.12/site-packages/airflow/example_dags/tutorial_dag.py
[2025-08-19T03:36:36.393+0000] {processor.py:840} INFO - DAG(s) 'tutorial_dag' retrieved from /home/airflow/.local/lib/python3.12/site-packages/airflow/example_dags/tutorial_dag.py
[2025-08-19T03:36:36.420+0000] {logging_mixin.py:188} INFO - [2025-08-19T03:36:36.420+0000] {dag.py:3096} INFO - Sync 1 DAGs
[2025-08-19T03:36:36.435+0000] {logging_mixin.py:188} INFO - [2025-08-19T03:36:36.435+0000] {dag.py:3954} INFO - Setting next_dagrun for tutorial_dag to None, run_after=None
[2025-08-19T03:36:36.457+0000] {processor.py:183} INFO - Processing /home/airflow/.local/lib/python3.12/site-packages/airflow/example_dags/tutorial_dag.py took 0.079 seconds
[2025-08-19T03:37:07.267+0000] {processor.py:161} INFO - Started process (PID=25064) to work on /home/airflow/.local/lib/python3.12/site-packages/airflow/example_dags/tutorial_dag.py
[2025-08-19T03:37:07.269+0000] {processor.py:830} INFO - Processing file /home/airflow/.local/lib/python3.12/site-packages/airflow/example_dags/tutorial_dag.py for tasks to queue
[2025-08-19T03:37:07.271+0000] {logging_mixin.py:188} INFO - [2025-08-19T03:37:07.270+0000] {dagbag.py:545} INFO - Filling up the DagBag from /home/airflow/.local/lib/python3.12/site-packages/airflow/example_dags/tutorial_dag.py
[2025-08-19T03:37:07.280+0000] {processor.py:840} INFO - DAG(s) 'tutorial_dag' retrieved from /home/airflow/.local/lib/python3.12/site-packages/airflow/example_dags/tutorial_dag.py
[2025-08-19T03:37:07.315+0000] {logging_mixin.py:188} INFO - [2025-08-19T03:37:07.314+0000] {dag.py:3096} INFO - Sync 1 DAGs
[2025-08-19T03:37:07.334+0000] {logging_mixin.py:188} INFO - [2025-08-19T03:37:07.334+0000] {dag.py:3954} INFO - Setting next_dagrun for tutorial_dag to None, run_after=None
[2025-08-19T03:37:07.372+0000] {processor.py:183} INFO - Processing /home/airflow/.local/lib/python3.12/site-packages/airflow/example_dags/tutorial_dag.py took 0.113 seconds
