[2025-08-19T03:10:03.140+0000] {processor.py:161} INFO - Started process (PID=22241) to work on /home/airflow/.local/lib/python3.12/site-packages/airflow/example_dags/tutorial_taskflow_api.py
[2025-08-19T03:10:03.147+0000] {processor.py:830} INFO - Processing file /home/airflow/.local/lib/python3.12/site-packages/airflow/example_dags/tutorial_taskflow_api.py for tasks to queue
[2025-08-19T03:10:03.152+0000] {logging_mixin.py:188} INFO - [2025-08-19T03:10:03.151+0000] {dagbag.py:545} INFO - Filling up the DagBag from /home/airflow/.local/lib/python3.12/site-packages/airflow/example_dags/tutorial_taskflow_api.py
[2025-08-19T03:10:03.183+0000] {processor.py:840} INFO - DAG(s) 'tutorial_taskflow_api' retrieved from /home/airflow/.local/lib/python3.12/site-packages/airflow/example_dags/tutorial_taskflow_api.py
[2025-08-19T03:10:03.269+0000] {logging_mixin.py:188} INFO - [2025-08-19T03:10:03.268+0000] {dag.py:3096} INFO - Sync 1 DAGs
[2025-08-19T03:10:03.315+0000] {logging_mixin.py:188} INFO - [2025-08-19T03:10:03.315+0000] {dag.py:3954} INFO - Setting next_dagrun for tutorial_taskflow_api to None, run_after=None
[2025-08-19T03:10:03.409+0000] {processor.py:183} INFO - Processing /home/airflow/.local/lib/python3.12/site-packages/airflow/example_dags/tutorial_taskflow_api.py took 0.292 seconds
[2025-08-19T03:10:34.130+0000] {processor.py:161} INFO - Started process (PID=22294) to work on /home/airflow/.local/lib/python3.12/site-packages/airflow/example_dags/tutorial_taskflow_api.py
[2025-08-19T03:10:34.131+0000] {processor.py:830} INFO - Processing file /home/airflow/.local/lib/python3.12/site-packages/airflow/example_dags/tutorial_taskflow_api.py for tasks to queue
[2025-08-19T03:10:34.134+0000] {logging_mixin.py:188} INFO - [2025-08-19T03:10:34.133+0000] {dagbag.py:545} INFO - Filling up the DagBag from /home/airflow/.local/lib/python3.12/site-packages/airflow/example_dags/tutorial_taskflow_api.py
[2025-08-19T03:10:34.147+0000] {processor.py:840} INFO - DAG(s) 'tutorial_taskflow_api' retrieved from /home/airflow/.local/lib/python3.12/site-packages/airflow/example_dags/tutorial_taskflow_api.py
[2025-08-19T03:10:34.190+0000] {logging_mixin.py:188} INFO - [2025-08-19T03:10:34.189+0000] {dag.py:3096} INFO - Sync 1 DAGs
[2025-08-19T03:10:34.215+0000] {logging_mixin.py:188} INFO - [2025-08-19T03:10:34.214+0000] {dag.py:3954} INFO - Setting next_dagrun for tutorial_taskflow_api to None, run_after=None
[2025-08-19T03:10:34.272+0000] {processor.py:183} INFO - Processing /home/airflow/.local/lib/python3.12/site-packages/airflow/example_dags/tutorial_taskflow_api.py took 0.157 seconds
[2025-08-19T03:11:04.935+0000] {processor.py:161} INFO - Started process (PID=22347) to work on /home/airflow/.local/lib/python3.12/site-packages/airflow/example_dags/tutorial_taskflow_api.py
[2025-08-19T03:11:04.937+0000] {processor.py:830} INFO - Processing file /home/airflow/.local/lib/python3.12/site-packages/airflow/example_dags/tutorial_taskflow_api.py for tasks to queue
[2025-08-19T03:11:04.939+0000] {logging_mixin.py:188} INFO - [2025-08-19T03:11:04.939+0000] {dagbag.py:545} INFO - Filling up the DagBag from /home/airflow/.local/lib/python3.12/site-packages/airflow/example_dags/tutorial_taskflow_api.py
[2025-08-19T03:11:04.950+0000] {processor.py:840} INFO - DAG(s) 'tutorial_taskflow_api' retrieved from /home/airflow/.local/lib/python3.12/site-packages/airflow/example_dags/tutorial_taskflow_api.py
[2025-08-19T03:11:04.983+0000] {logging_mixin.py:188} INFO - [2025-08-19T03:11:04.983+0000] {dag.py:3096} INFO - Sync 1 DAGs
[2025-08-19T03:11:04.997+0000] {logging_mixin.py:188} INFO - [2025-08-19T03:11:04.997+0000] {dag.py:3954} INFO - Setting next_dagrun for tutorial_taskflow_api to None, run_after=None
[2025-08-19T03:11:05.029+0000] {processor.py:183} INFO - Processing /home/airflow/.local/lib/python3.12/site-packages/airflow/example_dags/tutorial_taskflow_api.py took 0.103 seconds
[2025-08-19T03:11:35.363+0000] {processor.py:161} INFO - Started process (PID=22400) to work on /home/airflow/.local/lib/python3.12/site-packages/airflow/example_dags/tutorial_taskflow_api.py
[2025-08-19T03:11:35.365+0000] {processor.py:830} INFO - Processing file /home/airflow/.local/lib/python3.12/site-packages/airflow/example_dags/tutorial_taskflow_api.py for tasks to queue
[2025-08-19T03:11:35.368+0000] {logging_mixin.py:188} INFO - [2025-08-19T03:11:35.367+0000] {dagbag.py:545} INFO - Filling up the DagBag from /home/airflow/.local/lib/python3.12/site-packages/airflow/example_dags/tutorial_taskflow_api.py
[2025-08-19T03:11:35.383+0000] {processor.py:840} INFO - DAG(s) 'tutorial_taskflow_api' retrieved from /home/airflow/.local/lib/python3.12/site-packages/airflow/example_dags/tutorial_taskflow_api.py
[2025-08-19T03:11:35.408+0000] {logging_mixin.py:188} INFO - [2025-08-19T03:11:35.408+0000] {dag.py:3096} INFO - Sync 1 DAGs
[2025-08-19T03:11:35.421+0000] {logging_mixin.py:188} INFO - [2025-08-19T03:11:35.421+0000] {dag.py:3954} INFO - Setting next_dagrun for tutorial_taskflow_api to None, run_after=None
[2025-08-19T03:11:35.444+0000] {processor.py:183} INFO - Processing /home/airflow/.local/lib/python3.12/site-packages/airflow/example_dags/tutorial_taskflow_api.py took 0.092 seconds
[2025-08-19T03:12:05.788+0000] {processor.py:161} INFO - Started process (PID=22453) to work on /home/airflow/.local/lib/python3.12/site-packages/airflow/example_dags/tutorial_taskflow_api.py
[2025-08-19T03:12:05.791+0000] {processor.py:830} INFO - Processing file /home/airflow/.local/lib/python3.12/site-packages/airflow/example_dags/tutorial_taskflow_api.py for tasks to queue
[2025-08-19T03:12:05.792+0000] {logging_mixin.py:188} INFO - [2025-08-19T03:12:05.791+0000] {dagbag.py:545} INFO - Filling up the DagBag from /home/airflow/.local/lib/python3.12/site-packages/airflow/example_dags/tutorial_taskflow_api.py
[2025-08-19T03:12:05.798+0000] {processor.py:840} INFO - DAG(s) 'tutorial_taskflow_api' retrieved from /home/airflow/.local/lib/python3.12/site-packages/airflow/example_dags/tutorial_taskflow_api.py
[2025-08-19T03:12:05.830+0000] {logging_mixin.py:188} INFO - [2025-08-19T03:12:05.829+0000] {dag.py:3096} INFO - Sync 1 DAGs
[2025-08-19T03:12:05.845+0000] {logging_mixin.py:188} INFO - [2025-08-19T03:12:05.844+0000] {dag.py:3954} INFO - Setting next_dagrun for tutorial_taskflow_api to None, run_after=None
[2025-08-19T03:12:05.871+0000] {processor.py:183} INFO - Processing /home/airflow/.local/lib/python3.12/site-packages/airflow/example_dags/tutorial_taskflow_api.py took 0.091 seconds
[2025-08-19T03:12:36.326+0000] {processor.py:161} INFO - Started process (PID=22506) to work on /home/airflow/.local/lib/python3.12/site-packages/airflow/example_dags/tutorial_taskflow_api.py
[2025-08-19T03:12:36.328+0000] {processor.py:830} INFO - Processing file /home/airflow/.local/lib/python3.12/site-packages/airflow/example_dags/tutorial_taskflow_api.py for tasks to queue
[2025-08-19T03:12:36.329+0000] {logging_mixin.py:188} INFO - [2025-08-19T03:12:36.329+0000] {dagbag.py:545} INFO - Filling up the DagBag from /home/airflow/.local/lib/python3.12/site-packages/airflow/example_dags/tutorial_taskflow_api.py
[2025-08-19T03:12:36.338+0000] {processor.py:840} INFO - DAG(s) 'tutorial_taskflow_api' retrieved from /home/airflow/.local/lib/python3.12/site-packages/airflow/example_dags/tutorial_taskflow_api.py
[2025-08-19T03:12:36.361+0000] {logging_mixin.py:188} INFO - [2025-08-19T03:12:36.361+0000] {dag.py:3096} INFO - Sync 1 DAGs
[2025-08-19T03:12:36.375+0000] {logging_mixin.py:188} INFO - [2025-08-19T03:12:36.375+0000] {dag.py:3954} INFO - Setting next_dagrun for tutorial_taskflow_api to None, run_after=None
[2025-08-19T03:12:36.402+0000] {processor.py:183} INFO - Processing /home/airflow/.local/lib/python3.12/site-packages/airflow/example_dags/tutorial_taskflow_api.py took 0.083 seconds
[2025-08-19T03:13:07.111+0000] {processor.py:161} INFO - Started process (PID=22559) to work on /home/airflow/.local/lib/python3.12/site-packages/airflow/example_dags/tutorial_taskflow_api.py
[2025-08-19T03:13:07.113+0000] {processor.py:830} INFO - Processing file /home/airflow/.local/lib/python3.12/site-packages/airflow/example_dags/tutorial_taskflow_api.py for tasks to queue
[2025-08-19T03:13:07.115+0000] {logging_mixin.py:188} INFO - [2025-08-19T03:13:07.114+0000] {dagbag.py:545} INFO - Filling up the DagBag from /home/airflow/.local/lib/python3.12/site-packages/airflow/example_dags/tutorial_taskflow_api.py
[2025-08-19T03:13:07.122+0000] {processor.py:840} INFO - DAG(s) 'tutorial_taskflow_api' retrieved from /home/airflow/.local/lib/python3.12/site-packages/airflow/example_dags/tutorial_taskflow_api.py
[2025-08-19T03:13:07.145+0000] {logging_mixin.py:188} INFO - [2025-08-19T03:13:07.145+0000] {dag.py:3096} INFO - Sync 1 DAGs
[2025-08-19T03:13:07.157+0000] {logging_mixin.py:188} INFO - [2025-08-19T03:13:07.157+0000] {dag.py:3954} INFO - Setting next_dagrun for tutorial_taskflow_api to None, run_after=None
[2025-08-19T03:13:07.184+0000] {processor.py:183} INFO - Processing /home/airflow/.local/lib/python3.12/site-packages/airflow/example_dags/tutorial_taskflow_api.py took 0.080 seconds
[2025-08-19T03:13:37.955+0000] {processor.py:161} INFO - Started process (PID=22612) to work on /home/airflow/.local/lib/python3.12/site-packages/airflow/example_dags/tutorial_taskflow_api.py
[2025-08-19T03:13:37.957+0000] {processor.py:830} INFO - Processing file /home/airflow/.local/lib/python3.12/site-packages/airflow/example_dags/tutorial_taskflow_api.py for tasks to queue
[2025-08-19T03:13:37.958+0000] {logging_mixin.py:188} INFO - [2025-08-19T03:13:37.958+0000] {dagbag.py:545} INFO - Filling up the DagBag from /home/airflow/.local/lib/python3.12/site-packages/airflow/example_dags/tutorial_taskflow_api.py
[2025-08-19T03:13:37.967+0000] {processor.py:840} INFO - DAG(s) 'tutorial_taskflow_api' retrieved from /home/airflow/.local/lib/python3.12/site-packages/airflow/example_dags/tutorial_taskflow_api.py
[2025-08-19T03:13:37.991+0000] {logging_mixin.py:188} INFO - [2025-08-19T03:13:37.991+0000] {dag.py:3096} INFO - Sync 1 DAGs
[2025-08-19T03:13:38.005+0000] {logging_mixin.py:188} INFO - [2025-08-19T03:13:38.005+0000] {dag.py:3954} INFO - Setting next_dagrun for tutorial_taskflow_api to None, run_after=None
[2025-08-19T03:13:38.032+0000] {processor.py:183} INFO - Processing /home/airflow/.local/lib/python3.12/site-packages/airflow/example_dags/tutorial_taskflow_api.py took 0.084 seconds
[2025-08-19T03:14:08.779+0000] {processor.py:161} INFO - Started process (PID=22665) to work on /home/airflow/.local/lib/python3.12/site-packages/airflow/example_dags/tutorial_taskflow_api.py
[2025-08-19T03:14:08.780+0000] {processor.py:830} INFO - Processing file /home/airflow/.local/lib/python3.12/site-packages/airflow/example_dags/tutorial_taskflow_api.py for tasks to queue
[2025-08-19T03:14:08.782+0000] {logging_mixin.py:188} INFO - [2025-08-19T03:14:08.782+0000] {dagbag.py:545} INFO - Filling up the DagBag from /home/airflow/.local/lib/python3.12/site-packages/airflow/example_dags/tutorial_taskflow_api.py
[2025-08-19T03:14:08.789+0000] {processor.py:840} INFO - DAG(s) 'tutorial_taskflow_api' retrieved from /home/airflow/.local/lib/python3.12/site-packages/airflow/example_dags/tutorial_taskflow_api.py
[2025-08-19T03:14:08.813+0000] {logging_mixin.py:188} INFO - [2025-08-19T03:14:08.813+0000] {dag.py:3096} INFO - Sync 1 DAGs
[2025-08-19T03:14:08.827+0000] {logging_mixin.py:188} INFO - [2025-08-19T03:14:08.826+0000] {dag.py:3954} INFO - Setting next_dagrun for tutorial_taskflow_api to None, run_after=None
[2025-08-19T03:14:08.853+0000] {processor.py:183} INFO - Processing /home/airflow/.local/lib/python3.12/site-packages/airflow/example_dags/tutorial_taskflow_api.py took 0.082 seconds
[2025-08-19T03:14:39.581+0000] {processor.py:161} INFO - Started process (PID=22718) to work on /home/airflow/.local/lib/python3.12/site-packages/airflow/example_dags/tutorial_taskflow_api.py
[2025-08-19T03:14:39.583+0000] {processor.py:830} INFO - Processing file /home/airflow/.local/lib/python3.12/site-packages/airflow/example_dags/tutorial_taskflow_api.py for tasks to queue
[2025-08-19T03:14:39.585+0000] {logging_mixin.py:188} INFO - [2025-08-19T03:14:39.584+0000] {dagbag.py:545} INFO - Filling up the DagBag from /home/airflow/.local/lib/python3.12/site-packages/airflow/example_dags/tutorial_taskflow_api.py
[2025-08-19T03:14:39.591+0000] {processor.py:840} INFO - DAG(s) 'tutorial_taskflow_api' retrieved from /home/airflow/.local/lib/python3.12/site-packages/airflow/example_dags/tutorial_taskflow_api.py
[2025-08-19T03:14:39.616+0000] {logging_mixin.py:188} INFO - [2025-08-19T03:14:39.616+0000] {dag.py:3096} INFO - Sync 1 DAGs
[2025-08-19T03:14:39.629+0000] {logging_mixin.py:188} INFO - [2025-08-19T03:14:39.629+0000] {dag.py:3954} INFO - Setting next_dagrun for tutorial_taskflow_api to None, run_after=None
[2025-08-19T03:14:39.685+0000] {processor.py:183} INFO - Processing /home/airflow/.local/lib/python3.12/site-packages/airflow/example_dags/tutorial_taskflow_api.py took 0.111 seconds
[2025-08-19T03:15:10.357+0000] {processor.py:161} INFO - Started process (PID=22771) to work on /home/airflow/.local/lib/python3.12/site-packages/airflow/example_dags/tutorial_taskflow_api.py
[2025-08-19T03:15:10.359+0000] {processor.py:830} INFO - Processing file /home/airflow/.local/lib/python3.12/site-packages/airflow/example_dags/tutorial_taskflow_api.py for tasks to queue
[2025-08-19T03:15:10.361+0000] {logging_mixin.py:188} INFO - [2025-08-19T03:15:10.360+0000] {dagbag.py:545} INFO - Filling up the DagBag from /home/airflow/.local/lib/python3.12/site-packages/airflow/example_dags/tutorial_taskflow_api.py
[2025-08-19T03:15:10.368+0000] {processor.py:840} INFO - DAG(s) 'tutorial_taskflow_api' retrieved from /home/airflow/.local/lib/python3.12/site-packages/airflow/example_dags/tutorial_taskflow_api.py
[2025-08-19T03:15:10.398+0000] {logging_mixin.py:188} INFO - [2025-08-19T03:15:10.397+0000] {dag.py:3096} INFO - Sync 1 DAGs
[2025-08-19T03:15:10.411+0000] {logging_mixin.py:188} INFO - [2025-08-19T03:15:10.411+0000] {dag.py:3954} INFO - Setting next_dagrun for tutorial_taskflow_api to None, run_after=None
[2025-08-19T03:15:10.447+0000] {processor.py:183} INFO - Processing /home/airflow/.local/lib/python3.12/site-packages/airflow/example_dags/tutorial_taskflow_api.py took 0.096 seconds
[2025-08-19T03:15:41.207+0000] {processor.py:161} INFO - Started process (PID=22824) to work on /home/airflow/.local/lib/python3.12/site-packages/airflow/example_dags/tutorial_taskflow_api.py
[2025-08-19T03:15:41.208+0000] {processor.py:830} INFO - Processing file /home/airflow/.local/lib/python3.12/site-packages/airflow/example_dags/tutorial_taskflow_api.py for tasks to queue
[2025-08-19T03:15:41.210+0000] {logging_mixin.py:188} INFO - [2025-08-19T03:15:41.210+0000] {dagbag.py:545} INFO - Filling up the DagBag from /home/airflow/.local/lib/python3.12/site-packages/airflow/example_dags/tutorial_taskflow_api.py
[2025-08-19T03:15:41.217+0000] {processor.py:840} INFO - DAG(s) 'tutorial_taskflow_api' retrieved from /home/airflow/.local/lib/python3.12/site-packages/airflow/example_dags/tutorial_taskflow_api.py
[2025-08-19T03:15:41.244+0000] {logging_mixin.py:188} INFO - [2025-08-19T03:15:41.243+0000] {dag.py:3096} INFO - Sync 1 DAGs
[2025-08-19T03:15:41.257+0000] {logging_mixin.py:188} INFO - [2025-08-19T03:15:41.257+0000] {dag.py:3954} INFO - Setting next_dagrun for tutorial_taskflow_api to None, run_after=None
[2025-08-19T03:15:41.281+0000] {processor.py:183} INFO - Processing /home/airflow/.local/lib/python3.12/site-packages/airflow/example_dags/tutorial_taskflow_api.py took 0.082 seconds
[2025-08-19T03:16:11.829+0000] {processor.py:161} INFO - Started process (PID=22877) to work on /home/airflow/.local/lib/python3.12/site-packages/airflow/example_dags/tutorial_taskflow_api.py
[2025-08-19T03:16:11.830+0000] {processor.py:830} INFO - Processing file /home/airflow/.local/lib/python3.12/site-packages/airflow/example_dags/tutorial_taskflow_api.py for tasks to queue
[2025-08-19T03:16:11.831+0000] {logging_mixin.py:188} INFO - [2025-08-19T03:16:11.831+0000] {dagbag.py:545} INFO - Filling up the DagBag from /home/airflow/.local/lib/python3.12/site-packages/airflow/example_dags/tutorial_taskflow_api.py
[2025-08-19T03:16:11.838+0000] {processor.py:840} INFO - DAG(s) 'tutorial_taskflow_api' retrieved from /home/airflow/.local/lib/python3.12/site-packages/airflow/example_dags/tutorial_taskflow_api.py
[2025-08-19T03:16:11.860+0000] {logging_mixin.py:188} INFO - [2025-08-19T03:16:11.860+0000] {dag.py:3096} INFO - Sync 1 DAGs
[2025-08-19T03:16:11.875+0000] {logging_mixin.py:188} INFO - [2025-08-19T03:16:11.875+0000] {dag.py:3954} INFO - Setting next_dagrun for tutorial_taskflow_api to None, run_after=None
[2025-08-19T03:16:11.901+0000] {processor.py:183} INFO - Processing /home/airflow/.local/lib/python3.12/site-packages/airflow/example_dags/tutorial_taskflow_api.py took 0.078 seconds
[2025-08-19T03:16:42.318+0000] {processor.py:161} INFO - Started process (PID=22930) to work on /home/airflow/.local/lib/python3.12/site-packages/airflow/example_dags/tutorial_taskflow_api.py
[2025-08-19T03:16:42.319+0000] {processor.py:830} INFO - Processing file /home/airflow/.local/lib/python3.12/site-packages/airflow/example_dags/tutorial_taskflow_api.py for tasks to queue
[2025-08-19T03:16:42.321+0000] {logging_mixin.py:188} INFO - [2025-08-19T03:16:42.320+0000] {dagbag.py:545} INFO - Filling up the DagBag from /home/airflow/.local/lib/python3.12/site-packages/airflow/example_dags/tutorial_taskflow_api.py
[2025-08-19T03:16:42.329+0000] {processor.py:840} INFO - DAG(s) 'tutorial_taskflow_api' retrieved from /home/airflow/.local/lib/python3.12/site-packages/airflow/example_dags/tutorial_taskflow_api.py
[2025-08-19T03:16:42.351+0000] {logging_mixin.py:188} INFO - [2025-08-19T03:16:42.351+0000] {dag.py:3096} INFO - Sync 1 DAGs
[2025-08-19T03:16:42.364+0000] {logging_mixin.py:188} INFO - [2025-08-19T03:16:42.364+0000] {dag.py:3954} INFO - Setting next_dagrun for tutorial_taskflow_api to None, run_after=None
[2025-08-19T03:16:42.388+0000] {processor.py:183} INFO - Processing /home/airflow/.local/lib/python3.12/site-packages/airflow/example_dags/tutorial_taskflow_api.py took 0.079 seconds
[2025-08-19T03:17:12.657+0000] {processor.py:161} INFO - Started process (PID=22983) to work on /home/airflow/.local/lib/python3.12/site-packages/airflow/example_dags/tutorial_taskflow_api.py
[2025-08-19T03:17:12.659+0000] {processor.py:830} INFO - Processing file /home/airflow/.local/lib/python3.12/site-packages/airflow/example_dags/tutorial_taskflow_api.py for tasks to queue
[2025-08-19T03:17:12.660+0000] {logging_mixin.py:188} INFO - [2025-08-19T03:17:12.660+0000] {dagbag.py:545} INFO - Filling up the DagBag from /home/airflow/.local/lib/python3.12/site-packages/airflow/example_dags/tutorial_taskflow_api.py
[2025-08-19T03:17:12.667+0000] {processor.py:840} INFO - DAG(s) 'tutorial_taskflow_api' retrieved from /home/airflow/.local/lib/python3.12/site-packages/airflow/example_dags/tutorial_taskflow_api.py
[2025-08-19T03:17:12.689+0000] {logging_mixin.py:188} INFO - [2025-08-19T03:17:12.689+0000] {dag.py:3096} INFO - Sync 1 DAGs
[2025-08-19T03:17:12.702+0000] {logging_mixin.py:188} INFO - [2025-08-19T03:17:12.702+0000] {dag.py:3954} INFO - Setting next_dagrun for tutorial_taskflow_api to None, run_after=None
[2025-08-19T03:17:12.726+0000] {processor.py:183} INFO - Processing /home/airflow/.local/lib/python3.12/site-packages/airflow/example_dags/tutorial_taskflow_api.py took 0.075 seconds
[2025-08-19T03:17:43.399+0000] {processor.py:161} INFO - Started process (PID=23036) to work on /home/airflow/.local/lib/python3.12/site-packages/airflow/example_dags/tutorial_taskflow_api.py
[2025-08-19T03:17:43.401+0000] {processor.py:830} INFO - Processing file /home/airflow/.local/lib/python3.12/site-packages/airflow/example_dags/tutorial_taskflow_api.py for tasks to queue
[2025-08-19T03:17:43.403+0000] {logging_mixin.py:188} INFO - [2025-08-19T03:17:43.402+0000] {dagbag.py:545} INFO - Filling up the DagBag from /home/airflow/.local/lib/python3.12/site-packages/airflow/example_dags/tutorial_taskflow_api.py
[2025-08-19T03:17:43.411+0000] {processor.py:840} INFO - DAG(s) 'tutorial_taskflow_api' retrieved from /home/airflow/.local/lib/python3.12/site-packages/airflow/example_dags/tutorial_taskflow_api.py
[2025-08-19T03:17:43.434+0000] {logging_mixin.py:188} INFO - [2025-08-19T03:17:43.433+0000] {dag.py:3096} INFO - Sync 1 DAGs
[2025-08-19T03:17:43.448+0000] {logging_mixin.py:188} INFO - [2025-08-19T03:17:43.448+0000] {dag.py:3954} INFO - Setting next_dagrun for tutorial_taskflow_api to None, run_after=None
[2025-08-19T03:17:43.476+0000] {processor.py:183} INFO - Processing /home/airflow/.local/lib/python3.12/site-packages/airflow/example_dags/tutorial_taskflow_api.py took 0.084 seconds
[2025-08-19T03:18:13.659+0000] {processor.py:161} INFO - Started process (PID=23089) to work on /home/airflow/.local/lib/python3.12/site-packages/airflow/example_dags/tutorial_taskflow_api.py
[2025-08-19T03:18:13.660+0000] {processor.py:830} INFO - Processing file /home/airflow/.local/lib/python3.12/site-packages/airflow/example_dags/tutorial_taskflow_api.py for tasks to queue
[2025-08-19T03:18:13.662+0000] {logging_mixin.py:188} INFO - [2025-08-19T03:18:13.661+0000] {dagbag.py:545} INFO - Filling up the DagBag from /home/airflow/.local/lib/python3.12/site-packages/airflow/example_dags/tutorial_taskflow_api.py
[2025-08-19T03:18:13.669+0000] {processor.py:840} INFO - DAG(s) 'tutorial_taskflow_api' retrieved from /home/airflow/.local/lib/python3.12/site-packages/airflow/example_dags/tutorial_taskflow_api.py
[2025-08-19T03:18:13.694+0000] {logging_mixin.py:188} INFO - [2025-08-19T03:18:13.694+0000] {dag.py:3096} INFO - Sync 1 DAGs
[2025-08-19T03:18:13.707+0000] {logging_mixin.py:188} INFO - [2025-08-19T03:18:13.707+0000] {dag.py:3954} INFO - Setting next_dagrun for tutorial_taskflow_api to None, run_after=None
[2025-08-19T03:18:13.732+0000] {processor.py:183} INFO - Processing /home/airflow/.local/lib/python3.12/site-packages/airflow/example_dags/tutorial_taskflow_api.py took 0.080 seconds
[2025-08-19T03:18:43.955+0000] {processor.py:161} INFO - Started process (PID=23142) to work on /home/airflow/.local/lib/python3.12/site-packages/airflow/example_dags/tutorial_taskflow_api.py
[2025-08-19T03:18:43.957+0000] {processor.py:830} INFO - Processing file /home/airflow/.local/lib/python3.12/site-packages/airflow/example_dags/tutorial_taskflow_api.py for tasks to queue
[2025-08-19T03:18:43.959+0000] {logging_mixin.py:188} INFO - [2025-08-19T03:18:43.959+0000] {dagbag.py:545} INFO - Filling up the DagBag from /home/airflow/.local/lib/python3.12/site-packages/airflow/example_dags/tutorial_taskflow_api.py
[2025-08-19T03:18:43.971+0000] {processor.py:840} INFO - DAG(s) 'tutorial_taskflow_api' retrieved from /home/airflow/.local/lib/python3.12/site-packages/airflow/example_dags/tutorial_taskflow_api.py
[2025-08-19T03:18:44.004+0000] {logging_mixin.py:188} INFO - [2025-08-19T03:18:44.003+0000] {dag.py:3096} INFO - Sync 1 DAGs
[2025-08-19T03:18:44.017+0000] {logging_mixin.py:188} INFO - [2025-08-19T03:18:44.017+0000] {dag.py:3954} INFO - Setting next_dagrun for tutorial_taskflow_api to None, run_after=None
[2025-08-19T03:18:44.076+0000] {processor.py:183} INFO - Processing /home/airflow/.local/lib/python3.12/site-packages/airflow/example_dags/tutorial_taskflow_api.py took 0.135 seconds
[2025-08-19T03:19:14.175+0000] {processor.py:161} INFO - Started process (PID=23195) to work on /home/airflow/.local/lib/python3.12/site-packages/airflow/example_dags/tutorial_taskflow_api.py
[2025-08-19T03:19:14.176+0000] {processor.py:830} INFO - Processing file /home/airflow/.local/lib/python3.12/site-packages/airflow/example_dags/tutorial_taskflow_api.py for tasks to queue
[2025-08-19T03:19:14.178+0000] {logging_mixin.py:188} INFO - [2025-08-19T03:19:14.177+0000] {dagbag.py:545} INFO - Filling up the DagBag from /home/airflow/.local/lib/python3.12/site-packages/airflow/example_dags/tutorial_taskflow_api.py
[2025-08-19T03:19:14.186+0000] {processor.py:840} INFO - DAG(s) 'tutorial_taskflow_api' retrieved from /home/airflow/.local/lib/python3.12/site-packages/airflow/example_dags/tutorial_taskflow_api.py
[2025-08-19T03:19:14.209+0000] {logging_mixin.py:188} INFO - [2025-08-19T03:19:14.208+0000] {dag.py:3096} INFO - Sync 1 DAGs
[2025-08-19T03:19:14.222+0000] {logging_mixin.py:188} INFO - [2025-08-19T03:19:14.222+0000] {dag.py:3954} INFO - Setting next_dagrun for tutorial_taskflow_api to None, run_after=None
[2025-08-19T03:19:14.254+0000] {processor.py:183} INFO - Processing /home/airflow/.local/lib/python3.12/site-packages/airflow/example_dags/tutorial_taskflow_api.py took 0.085 seconds
[2025-08-19T03:19:44.857+0000] {processor.py:161} INFO - Started process (PID=23248) to work on /home/airflow/.local/lib/python3.12/site-packages/airflow/example_dags/tutorial_taskflow_api.py
[2025-08-19T03:19:44.859+0000] {processor.py:830} INFO - Processing file /home/airflow/.local/lib/python3.12/site-packages/airflow/example_dags/tutorial_taskflow_api.py for tasks to queue
[2025-08-19T03:19:44.860+0000] {logging_mixin.py:188} INFO - [2025-08-19T03:19:44.860+0000] {dagbag.py:545} INFO - Filling up the DagBag from /home/airflow/.local/lib/python3.12/site-packages/airflow/example_dags/tutorial_taskflow_api.py
[2025-08-19T03:19:44.868+0000] {processor.py:840} INFO - DAG(s) 'tutorial_taskflow_api' retrieved from /home/airflow/.local/lib/python3.12/site-packages/airflow/example_dags/tutorial_taskflow_api.py
[2025-08-19T03:19:44.895+0000] {logging_mixin.py:188} INFO - [2025-08-19T03:19:44.894+0000] {dag.py:3096} INFO - Sync 1 DAGs
[2025-08-19T03:19:44.907+0000] {logging_mixin.py:188} INFO - [2025-08-19T03:19:44.906+0000] {dag.py:3954} INFO - Setting next_dagrun for tutorial_taskflow_api to None, run_after=None
[2025-08-19T03:19:44.938+0000] {processor.py:183} INFO - Processing /home/airflow/.local/lib/python3.12/site-packages/airflow/example_dags/tutorial_taskflow_api.py took 0.088 seconds
[2025-08-19T03:20:15.332+0000] {processor.py:161} INFO - Started process (PID=23301) to work on /home/airflow/.local/lib/python3.12/site-packages/airflow/example_dags/tutorial_taskflow_api.py
[2025-08-19T03:20:15.334+0000] {processor.py:830} INFO - Processing file /home/airflow/.local/lib/python3.12/site-packages/airflow/example_dags/tutorial_taskflow_api.py for tasks to queue
[2025-08-19T03:20:15.336+0000] {logging_mixin.py:188} INFO - [2025-08-19T03:20:15.336+0000] {dagbag.py:545} INFO - Filling up the DagBag from /home/airflow/.local/lib/python3.12/site-packages/airflow/example_dags/tutorial_taskflow_api.py
[2025-08-19T03:20:15.344+0000] {processor.py:840} INFO - DAG(s) 'tutorial_taskflow_api' retrieved from /home/airflow/.local/lib/python3.12/site-packages/airflow/example_dags/tutorial_taskflow_api.py
[2025-08-19T03:20:15.372+0000] {logging_mixin.py:188} INFO - [2025-08-19T03:20:15.371+0000] {dag.py:3096} INFO - Sync 1 DAGs
[2025-08-19T03:20:15.386+0000] {logging_mixin.py:188} INFO - [2025-08-19T03:20:15.386+0000] {dag.py:3954} INFO - Setting next_dagrun for tutorial_taskflow_api to None, run_after=None
[2025-08-19T03:20:15.413+0000] {processor.py:183} INFO - Processing /home/airflow/.local/lib/python3.12/site-packages/airflow/example_dags/tutorial_taskflow_api.py took 0.093 seconds
[2025-08-19T03:20:45.527+0000] {processor.py:161} INFO - Started process (PID=23354) to work on /home/airflow/.local/lib/python3.12/site-packages/airflow/example_dags/tutorial_taskflow_api.py
[2025-08-19T03:20:45.529+0000] {processor.py:830} INFO - Processing file /home/airflow/.local/lib/python3.12/site-packages/airflow/example_dags/tutorial_taskflow_api.py for tasks to queue
[2025-08-19T03:20:45.531+0000] {logging_mixin.py:188} INFO - [2025-08-19T03:20:45.531+0000] {dagbag.py:545} INFO - Filling up the DagBag from /home/airflow/.local/lib/python3.12/site-packages/airflow/example_dags/tutorial_taskflow_api.py
[2025-08-19T03:20:45.538+0000] {processor.py:840} INFO - DAG(s) 'tutorial_taskflow_api' retrieved from /home/airflow/.local/lib/python3.12/site-packages/airflow/example_dags/tutorial_taskflow_api.py
[2025-08-19T03:20:45.565+0000] {logging_mixin.py:188} INFO - [2025-08-19T03:20:45.564+0000] {dag.py:3096} INFO - Sync 1 DAGs
[2025-08-19T03:20:45.579+0000] {logging_mixin.py:188} INFO - [2025-08-19T03:20:45.579+0000] {dag.py:3954} INFO - Setting next_dagrun for tutorial_taskflow_api to None, run_after=None
[2025-08-19T03:20:45.608+0000] {processor.py:183} INFO - Processing /home/airflow/.local/lib/python3.12/site-packages/airflow/example_dags/tutorial_taskflow_api.py took 0.091 seconds
[2025-08-19T03:21:15.754+0000] {processor.py:161} INFO - Started process (PID=23407) to work on /home/airflow/.local/lib/python3.12/site-packages/airflow/example_dags/tutorial_taskflow_api.py
[2025-08-19T03:21:15.755+0000] {processor.py:830} INFO - Processing file /home/airflow/.local/lib/python3.12/site-packages/airflow/example_dags/tutorial_taskflow_api.py for tasks to queue
[2025-08-19T03:21:15.757+0000] {logging_mixin.py:188} INFO - [2025-08-19T03:21:15.757+0000] {dagbag.py:545} INFO - Filling up the DagBag from /home/airflow/.local/lib/python3.12/site-packages/airflow/example_dags/tutorial_taskflow_api.py
[2025-08-19T03:21:15.764+0000] {processor.py:840} INFO - DAG(s) 'tutorial_taskflow_api' retrieved from /home/airflow/.local/lib/python3.12/site-packages/airflow/example_dags/tutorial_taskflow_api.py
[2025-08-19T03:21:15.787+0000] {logging_mixin.py:188} INFO - [2025-08-19T03:21:15.786+0000] {dag.py:3096} INFO - Sync 1 DAGs
[2025-08-19T03:21:15.801+0000] {logging_mixin.py:188} INFO - [2025-08-19T03:21:15.800+0000] {dag.py:3954} INFO - Setting next_dagrun for tutorial_taskflow_api to None, run_after=None
[2025-08-19T03:21:15.826+0000] {processor.py:183} INFO - Processing /home/airflow/.local/lib/python3.12/site-packages/airflow/example_dags/tutorial_taskflow_api.py took 0.079 seconds
[2025-08-19T03:21:46.429+0000] {processor.py:161} INFO - Started process (PID=23460) to work on /home/airflow/.local/lib/python3.12/site-packages/airflow/example_dags/tutorial_taskflow_api.py
[2025-08-19T03:21:46.431+0000] {processor.py:830} INFO - Processing file /home/airflow/.local/lib/python3.12/site-packages/airflow/example_dags/tutorial_taskflow_api.py for tasks to queue
[2025-08-19T03:21:46.433+0000] {logging_mixin.py:188} INFO - [2025-08-19T03:21:46.432+0000] {dagbag.py:545} INFO - Filling up the DagBag from /home/airflow/.local/lib/python3.12/site-packages/airflow/example_dags/tutorial_taskflow_api.py
[2025-08-19T03:21:46.439+0000] {processor.py:840} INFO - DAG(s) 'tutorial_taskflow_api' retrieved from /home/airflow/.local/lib/python3.12/site-packages/airflow/example_dags/tutorial_taskflow_api.py
[2025-08-19T03:21:46.465+0000] {logging_mixin.py:188} INFO - [2025-08-19T03:21:46.465+0000] {dag.py:3096} INFO - Sync 1 DAGs
[2025-08-19T03:21:46.479+0000] {logging_mixin.py:188} INFO - [2025-08-19T03:21:46.479+0000] {dag.py:3954} INFO - Setting next_dagrun for tutorial_taskflow_api to None, run_after=None
[2025-08-19T03:21:46.509+0000] {processor.py:183} INFO - Processing /home/airflow/.local/lib/python3.12/site-packages/airflow/example_dags/tutorial_taskflow_api.py took 0.087 seconds
[2025-08-19T03:22:17.066+0000] {processor.py:161} INFO - Started process (PID=23513) to work on /home/airflow/.local/lib/python3.12/site-packages/airflow/example_dags/tutorial_taskflow_api.py
[2025-08-19T03:22:17.067+0000] {processor.py:830} INFO - Processing file /home/airflow/.local/lib/python3.12/site-packages/airflow/example_dags/tutorial_taskflow_api.py for tasks to queue
[2025-08-19T03:22:17.069+0000] {logging_mixin.py:188} INFO - [2025-08-19T03:22:17.069+0000] {dagbag.py:545} INFO - Filling up the DagBag from /home/airflow/.local/lib/python3.12/site-packages/airflow/example_dags/tutorial_taskflow_api.py
[2025-08-19T03:22:17.077+0000] {processor.py:840} INFO - DAG(s) 'tutorial_taskflow_api' retrieved from /home/airflow/.local/lib/python3.12/site-packages/airflow/example_dags/tutorial_taskflow_api.py
[2025-08-19T03:22:17.101+0000] {logging_mixin.py:188} INFO - [2025-08-19T03:22:17.101+0000] {dag.py:3096} INFO - Sync 1 DAGs
[2025-08-19T03:22:17.115+0000] {logging_mixin.py:188} INFO - [2025-08-19T03:22:17.115+0000] {dag.py:3954} INFO - Setting next_dagrun for tutorial_taskflow_api to None, run_after=None
[2025-08-19T03:22:17.141+0000] {processor.py:183} INFO - Processing /home/airflow/.local/lib/python3.12/site-packages/airflow/example_dags/tutorial_taskflow_api.py took 0.081 seconds
[2025-08-19T03:22:47.514+0000] {processor.py:161} INFO - Started process (PID=23566) to work on /home/airflow/.local/lib/python3.12/site-packages/airflow/example_dags/tutorial_taskflow_api.py
[2025-08-19T03:22:47.516+0000] {processor.py:830} INFO - Processing file /home/airflow/.local/lib/python3.12/site-packages/airflow/example_dags/tutorial_taskflow_api.py for tasks to queue
[2025-08-19T03:22:47.517+0000] {logging_mixin.py:188} INFO - [2025-08-19T03:22:47.517+0000] {dagbag.py:545} INFO - Filling up the DagBag from /home/airflow/.local/lib/python3.12/site-packages/airflow/example_dags/tutorial_taskflow_api.py
[2025-08-19T03:22:47.526+0000] {processor.py:840} INFO - DAG(s) 'tutorial_taskflow_api' retrieved from /home/airflow/.local/lib/python3.12/site-packages/airflow/example_dags/tutorial_taskflow_api.py
[2025-08-19T03:22:47.558+0000] {logging_mixin.py:188} INFO - [2025-08-19T03:22:47.558+0000] {dag.py:3096} INFO - Sync 1 DAGs
[2025-08-19T03:22:47.579+0000] {logging_mixin.py:188} INFO - [2025-08-19T03:22:47.579+0000] {dag.py:3954} INFO - Setting next_dagrun for tutorial_taskflow_api to None, run_after=None
[2025-08-19T03:22:47.608+0000] {processor.py:183} INFO - Processing /home/airflow/.local/lib/python3.12/site-packages/airflow/example_dags/tutorial_taskflow_api.py took 0.103 seconds
[2025-08-19T03:23:17.950+0000] {processor.py:161} INFO - Started process (PID=23619) to work on /home/airflow/.local/lib/python3.12/site-packages/airflow/example_dags/tutorial_taskflow_api.py
[2025-08-19T03:23:17.952+0000] {processor.py:830} INFO - Processing file /home/airflow/.local/lib/python3.12/site-packages/airflow/example_dags/tutorial_taskflow_api.py for tasks to queue
[2025-08-19T03:23:17.953+0000] {logging_mixin.py:188} INFO - [2025-08-19T03:23:17.953+0000] {dagbag.py:545} INFO - Filling up the DagBag from /home/airflow/.local/lib/python3.12/site-packages/airflow/example_dags/tutorial_taskflow_api.py
[2025-08-19T03:23:17.960+0000] {processor.py:840} INFO - DAG(s) 'tutorial_taskflow_api' retrieved from /home/airflow/.local/lib/python3.12/site-packages/airflow/example_dags/tutorial_taskflow_api.py
[2025-08-19T03:23:17.988+0000] {logging_mixin.py:188} INFO - [2025-08-19T03:23:17.987+0000] {dag.py:3096} INFO - Sync 1 DAGs
[2025-08-19T03:23:18.003+0000] {logging_mixin.py:188} INFO - [2025-08-19T03:23:18.003+0000] {dag.py:3954} INFO - Setting next_dagrun for tutorial_taskflow_api to None, run_after=None
[2025-08-19T03:23:18.029+0000] {processor.py:183} INFO - Processing /home/airflow/.local/lib/python3.12/site-packages/airflow/example_dags/tutorial_taskflow_api.py took 0.085 seconds
[2025-08-19T03:23:48.403+0000] {processor.py:161} INFO - Started process (PID=23672) to work on /home/airflow/.local/lib/python3.12/site-packages/airflow/example_dags/tutorial_taskflow_api.py
[2025-08-19T03:23:48.405+0000] {processor.py:830} INFO - Processing file /home/airflow/.local/lib/python3.12/site-packages/airflow/example_dags/tutorial_taskflow_api.py for tasks to queue
[2025-08-19T03:23:48.406+0000] {logging_mixin.py:188} INFO - [2025-08-19T03:23:48.406+0000] {dagbag.py:545} INFO - Filling up the DagBag from /home/airflow/.local/lib/python3.12/site-packages/airflow/example_dags/tutorial_taskflow_api.py
[2025-08-19T03:23:48.412+0000] {processor.py:840} INFO - DAG(s) 'tutorial_taskflow_api' retrieved from /home/airflow/.local/lib/python3.12/site-packages/airflow/example_dags/tutorial_taskflow_api.py
[2025-08-19T03:23:48.434+0000] {logging_mixin.py:188} INFO - [2025-08-19T03:23:48.434+0000] {dag.py:3096} INFO - Sync 1 DAGs
[2025-08-19T03:23:48.447+0000] {logging_mixin.py:188} INFO - [2025-08-19T03:23:48.446+0000] {dag.py:3954} INFO - Setting next_dagrun for tutorial_taskflow_api to None, run_after=None
[2025-08-19T03:23:48.474+0000] {processor.py:183} INFO - Processing /home/airflow/.local/lib/python3.12/site-packages/airflow/example_dags/tutorial_taskflow_api.py took 0.079 seconds
[2025-08-19T03:24:19.069+0000] {processor.py:161} INFO - Started process (PID=23725) to work on /home/airflow/.local/lib/python3.12/site-packages/airflow/example_dags/tutorial_taskflow_api.py
[2025-08-19T03:24:19.070+0000] {processor.py:830} INFO - Processing file /home/airflow/.local/lib/python3.12/site-packages/airflow/example_dags/tutorial_taskflow_api.py for tasks to queue
[2025-08-19T03:24:19.072+0000] {logging_mixin.py:188} INFO - [2025-08-19T03:24:19.071+0000] {dagbag.py:545} INFO - Filling up the DagBag from /home/airflow/.local/lib/python3.12/site-packages/airflow/example_dags/tutorial_taskflow_api.py
[2025-08-19T03:24:19.078+0000] {processor.py:840} INFO - DAG(s) 'tutorial_taskflow_api' retrieved from /home/airflow/.local/lib/python3.12/site-packages/airflow/example_dags/tutorial_taskflow_api.py
[2025-08-19T03:24:19.101+0000] {logging_mixin.py:188} INFO - [2025-08-19T03:24:19.100+0000] {dag.py:3096} INFO - Sync 1 DAGs
[2025-08-19T03:24:19.115+0000] {logging_mixin.py:188} INFO - [2025-08-19T03:24:19.114+0000] {dag.py:3954} INFO - Setting next_dagrun for tutorial_taskflow_api to None, run_after=None
[2025-08-19T03:24:19.145+0000] {processor.py:183} INFO - Processing /home/airflow/.local/lib/python3.12/site-packages/airflow/example_dags/tutorial_taskflow_api.py took 0.084 seconds
[2025-08-19T03:24:49.591+0000] {processor.py:161} INFO - Started process (PID=23778) to work on /home/airflow/.local/lib/python3.12/site-packages/airflow/example_dags/tutorial_taskflow_api.py
[2025-08-19T03:24:49.593+0000] {processor.py:830} INFO - Processing file /home/airflow/.local/lib/python3.12/site-packages/airflow/example_dags/tutorial_taskflow_api.py for tasks to queue
[2025-08-19T03:24:49.595+0000] {logging_mixin.py:188} INFO - [2025-08-19T03:24:49.594+0000] {dagbag.py:545} INFO - Filling up the DagBag from /home/airflow/.local/lib/python3.12/site-packages/airflow/example_dags/tutorial_taskflow_api.py
[2025-08-19T03:24:49.605+0000] {processor.py:840} INFO - DAG(s) 'tutorial_taskflow_api' retrieved from /home/airflow/.local/lib/python3.12/site-packages/airflow/example_dags/tutorial_taskflow_api.py
[2025-08-19T03:24:49.634+0000] {logging_mixin.py:188} INFO - [2025-08-19T03:24:49.634+0000] {dag.py:3096} INFO - Sync 1 DAGs
[2025-08-19T03:24:49.649+0000] {logging_mixin.py:188} INFO - [2025-08-19T03:24:49.648+0000] {dag.py:3954} INFO - Setting next_dagrun for tutorial_taskflow_api to None, run_after=None
[2025-08-19T03:24:49.677+0000] {processor.py:183} INFO - Processing /home/airflow/.local/lib/python3.12/site-packages/airflow/example_dags/tutorial_taskflow_api.py took 0.095 seconds
[2025-08-19T03:25:20.242+0000] {processor.py:161} INFO - Started process (PID=23831) to work on /home/airflow/.local/lib/python3.12/site-packages/airflow/example_dags/tutorial_taskflow_api.py
[2025-08-19T03:25:20.244+0000] {processor.py:830} INFO - Processing file /home/airflow/.local/lib/python3.12/site-packages/airflow/example_dags/tutorial_taskflow_api.py for tasks to queue
[2025-08-19T03:25:20.245+0000] {logging_mixin.py:188} INFO - [2025-08-19T03:25:20.245+0000] {dagbag.py:545} INFO - Filling up the DagBag from /home/airflow/.local/lib/python3.12/site-packages/airflow/example_dags/tutorial_taskflow_api.py
[2025-08-19T03:25:20.256+0000] {processor.py:840} INFO - DAG(s) 'tutorial_taskflow_api' retrieved from /home/airflow/.local/lib/python3.12/site-packages/airflow/example_dags/tutorial_taskflow_api.py
[2025-08-19T03:25:20.296+0000] {logging_mixin.py:188} INFO - [2025-08-19T03:25:20.295+0000] {dag.py:3096} INFO - Sync 1 DAGs
[2025-08-19T03:25:20.313+0000] {logging_mixin.py:188} INFO - [2025-08-19T03:25:20.312+0000] {dag.py:3954} INFO - Setting next_dagrun for tutorial_taskflow_api to None, run_after=None
[2025-08-19T03:25:20.343+0000] {processor.py:183} INFO - Processing /home/airflow/.local/lib/python3.12/site-packages/airflow/example_dags/tutorial_taskflow_api.py took 0.109 seconds
[2025-08-19T03:25:50.744+0000] {processor.py:161} INFO - Started process (PID=23884) to work on /home/airflow/.local/lib/python3.12/site-packages/airflow/example_dags/tutorial_taskflow_api.py
[2025-08-19T03:25:50.745+0000] {processor.py:830} INFO - Processing file /home/airflow/.local/lib/python3.12/site-packages/airflow/example_dags/tutorial_taskflow_api.py for tasks to queue
[2025-08-19T03:25:50.746+0000] {logging_mixin.py:188} INFO - [2025-08-19T03:25:50.746+0000] {dagbag.py:545} INFO - Filling up the DagBag from /home/airflow/.local/lib/python3.12/site-packages/airflow/example_dags/tutorial_taskflow_api.py
[2025-08-19T03:25:50.754+0000] {processor.py:840} INFO - DAG(s) 'tutorial_taskflow_api' retrieved from /home/airflow/.local/lib/python3.12/site-packages/airflow/example_dags/tutorial_taskflow_api.py
[2025-08-19T03:25:50.778+0000] {logging_mixin.py:188} INFO - [2025-08-19T03:25:50.778+0000] {dag.py:3096} INFO - Sync 1 DAGs
[2025-08-19T03:25:50.791+0000] {logging_mixin.py:188} INFO - [2025-08-19T03:25:50.791+0000] {dag.py:3954} INFO - Setting next_dagrun for tutorial_taskflow_api to None, run_after=None
[2025-08-19T03:25:50.818+0000] {processor.py:183} INFO - Processing /home/airflow/.local/lib/python3.12/site-packages/airflow/example_dags/tutorial_taskflow_api.py took 0.082 seconds
[2025-08-19T03:26:20.963+0000] {processor.py:161} INFO - Started process (PID=23937) to work on /home/airflow/.local/lib/python3.12/site-packages/airflow/example_dags/tutorial_taskflow_api.py
[2025-08-19T03:26:20.966+0000] {processor.py:830} INFO - Processing file /home/airflow/.local/lib/python3.12/site-packages/airflow/example_dags/tutorial_taskflow_api.py for tasks to queue
[2025-08-19T03:26:20.968+0000] {logging_mixin.py:188} INFO - [2025-08-19T03:26:20.967+0000] {dagbag.py:545} INFO - Filling up the DagBag from /home/airflow/.local/lib/python3.12/site-packages/airflow/example_dags/tutorial_taskflow_api.py
[2025-08-19T03:26:20.980+0000] {processor.py:840} INFO - DAG(s) 'tutorial_taskflow_api' retrieved from /home/airflow/.local/lib/python3.12/site-packages/airflow/example_dags/tutorial_taskflow_api.py
[2025-08-19T03:26:21.012+0000] {logging_mixin.py:188} INFO - [2025-08-19T03:26:21.011+0000] {dag.py:3096} INFO - Sync 1 DAGs
[2025-08-19T03:26:21.028+0000] {logging_mixin.py:188} INFO - [2025-08-19T03:26:21.028+0000] {dag.py:3954} INFO - Setting next_dagrun for tutorial_taskflow_api to None, run_after=None
[2025-08-19T03:26:21.054+0000] {processor.py:183} INFO - Processing /home/airflow/.local/lib/python3.12/site-packages/airflow/example_dags/tutorial_taskflow_api.py took 0.102 seconds
[2025-08-19T03:26:51.600+0000] {processor.py:161} INFO - Started process (PID=23990) to work on /home/airflow/.local/lib/python3.12/site-packages/airflow/example_dags/tutorial_taskflow_api.py
[2025-08-19T03:26:51.602+0000] {processor.py:830} INFO - Processing file /home/airflow/.local/lib/python3.12/site-packages/airflow/example_dags/tutorial_taskflow_api.py for tasks to queue
[2025-08-19T03:26:51.604+0000] {logging_mixin.py:188} INFO - [2025-08-19T03:26:51.604+0000] {dagbag.py:545} INFO - Filling up the DagBag from /home/airflow/.local/lib/python3.12/site-packages/airflow/example_dags/tutorial_taskflow_api.py
[2025-08-19T03:26:51.612+0000] {processor.py:840} INFO - DAG(s) 'tutorial_taskflow_api' retrieved from /home/airflow/.local/lib/python3.12/site-packages/airflow/example_dags/tutorial_taskflow_api.py
[2025-08-19T03:26:51.634+0000] {logging_mixin.py:188} INFO - [2025-08-19T03:26:51.634+0000] {dag.py:3096} INFO - Sync 1 DAGs
[2025-08-19T03:26:51.649+0000] {logging_mixin.py:188} INFO - [2025-08-19T03:26:51.648+0000] {dag.py:3954} INFO - Setting next_dagrun for tutorial_taskflow_api to None, run_after=None
[2025-08-19T03:26:51.682+0000] {processor.py:183} INFO - Processing /home/airflow/.local/lib/python3.12/site-packages/airflow/example_dags/tutorial_taskflow_api.py took 0.092 seconds
[2025-08-19T03:27:22.065+0000] {processor.py:161} INFO - Started process (PID=24043) to work on /home/airflow/.local/lib/python3.12/site-packages/airflow/example_dags/tutorial_taskflow_api.py
[2025-08-19T03:27:22.066+0000] {processor.py:830} INFO - Processing file /home/airflow/.local/lib/python3.12/site-packages/airflow/example_dags/tutorial_taskflow_api.py for tasks to queue
[2025-08-19T03:27:22.068+0000] {logging_mixin.py:188} INFO - [2025-08-19T03:27:22.067+0000] {dagbag.py:545} INFO - Filling up the DagBag from /home/airflow/.local/lib/python3.12/site-packages/airflow/example_dags/tutorial_taskflow_api.py
[2025-08-19T03:27:22.077+0000] {processor.py:840} INFO - DAG(s) 'tutorial_taskflow_api' retrieved from /home/airflow/.local/lib/python3.12/site-packages/airflow/example_dags/tutorial_taskflow_api.py
[2025-08-19T03:27:22.101+0000] {logging_mixin.py:188} INFO - [2025-08-19T03:27:22.100+0000] {dag.py:3096} INFO - Sync 1 DAGs
[2025-08-19T03:27:22.114+0000] {logging_mixin.py:188} INFO - [2025-08-19T03:27:22.114+0000] {dag.py:3954} INFO - Setting next_dagrun for tutorial_taskflow_api to None, run_after=None
[2025-08-19T03:27:22.138+0000] {processor.py:183} INFO - Processing /home/airflow/.local/lib/python3.12/site-packages/airflow/example_dags/tutorial_taskflow_api.py took 0.080 seconds
[2025-08-19T03:27:52.570+0000] {processor.py:161} INFO - Started process (PID=24096) to work on /home/airflow/.local/lib/python3.12/site-packages/airflow/example_dags/tutorial_taskflow_api.py
[2025-08-19T03:27:52.572+0000] {processor.py:830} INFO - Processing file /home/airflow/.local/lib/python3.12/site-packages/airflow/example_dags/tutorial_taskflow_api.py for tasks to queue
[2025-08-19T03:27:52.574+0000] {logging_mixin.py:188} INFO - [2025-08-19T03:27:52.573+0000] {dagbag.py:545} INFO - Filling up the DagBag from /home/airflow/.local/lib/python3.12/site-packages/airflow/example_dags/tutorial_taskflow_api.py
[2025-08-19T03:27:52.585+0000] {processor.py:840} INFO - DAG(s) 'tutorial_taskflow_api' retrieved from /home/airflow/.local/lib/python3.12/site-packages/airflow/example_dags/tutorial_taskflow_api.py
[2025-08-19T03:27:52.615+0000] {logging_mixin.py:188} INFO - [2025-08-19T03:27:52.615+0000] {dag.py:3096} INFO - Sync 1 DAGs
[2025-08-19T03:27:52.629+0000] {logging_mixin.py:188} INFO - [2025-08-19T03:27:52.628+0000] {dag.py:3954} INFO - Setting next_dagrun for tutorial_taskflow_api to None, run_after=None
[2025-08-19T03:27:52.654+0000] {processor.py:183} INFO - Processing /home/airflow/.local/lib/python3.12/site-packages/airflow/example_dags/tutorial_taskflow_api.py took 0.089 seconds
[2025-08-19T03:28:22.991+0000] {processor.py:161} INFO - Started process (PID=24149) to work on /home/airflow/.local/lib/python3.12/site-packages/airflow/example_dags/tutorial_taskflow_api.py
[2025-08-19T03:28:22.993+0000] {processor.py:830} INFO - Processing file /home/airflow/.local/lib/python3.12/site-packages/airflow/example_dags/tutorial_taskflow_api.py for tasks to queue
[2025-08-19T03:28:22.994+0000] {logging_mixin.py:188} INFO - [2025-08-19T03:28:22.994+0000] {dagbag.py:545} INFO - Filling up the DagBag from /home/airflow/.local/lib/python3.12/site-packages/airflow/example_dags/tutorial_taskflow_api.py
[2025-08-19T03:28:23.003+0000] {processor.py:840} INFO - DAG(s) 'tutorial_taskflow_api' retrieved from /home/airflow/.local/lib/python3.12/site-packages/airflow/example_dags/tutorial_taskflow_api.py
[2025-08-19T03:28:23.026+0000] {logging_mixin.py:188} INFO - [2025-08-19T03:28:23.026+0000] {dag.py:3096} INFO - Sync 1 DAGs
[2025-08-19T03:28:23.040+0000] {logging_mixin.py:188} INFO - [2025-08-19T03:28:23.039+0000] {dag.py:3954} INFO - Setting next_dagrun for tutorial_taskflow_api to None, run_after=None
[2025-08-19T03:28:23.071+0000] {processor.py:183} INFO - Processing /home/airflow/.local/lib/python3.12/site-packages/airflow/example_dags/tutorial_taskflow_api.py took 0.088 seconds
[2025-08-19T03:28:53.440+0000] {processor.py:161} INFO - Started process (PID=24202) to work on /home/airflow/.local/lib/python3.12/site-packages/airflow/example_dags/tutorial_taskflow_api.py
[2025-08-19T03:28:53.442+0000] {processor.py:830} INFO - Processing file /home/airflow/.local/lib/python3.12/site-packages/airflow/example_dags/tutorial_taskflow_api.py for tasks to queue
[2025-08-19T03:28:53.443+0000] {logging_mixin.py:188} INFO - [2025-08-19T03:28:53.443+0000] {dagbag.py:545} INFO - Filling up the DagBag from /home/airflow/.local/lib/python3.12/site-packages/airflow/example_dags/tutorial_taskflow_api.py
[2025-08-19T03:28:53.451+0000] {processor.py:840} INFO - DAG(s) 'tutorial_taskflow_api' retrieved from /home/airflow/.local/lib/python3.12/site-packages/airflow/example_dags/tutorial_taskflow_api.py
[2025-08-19T03:28:53.475+0000] {logging_mixin.py:188} INFO - [2025-08-19T03:28:53.474+0000] {dag.py:3096} INFO - Sync 1 DAGs
[2025-08-19T03:28:53.489+0000] {logging_mixin.py:188} INFO - [2025-08-19T03:28:53.489+0000] {dag.py:3954} INFO - Setting next_dagrun for tutorial_taskflow_api to None, run_after=None
[2025-08-19T03:28:53.517+0000] {processor.py:183} INFO - Processing /home/airflow/.local/lib/python3.12/site-packages/airflow/example_dags/tutorial_taskflow_api.py took 0.083 seconds
[2025-08-19T03:29:23.816+0000] {processor.py:161} INFO - Started process (PID=24255) to work on /home/airflow/.local/lib/python3.12/site-packages/airflow/example_dags/tutorial_taskflow_api.py
[2025-08-19T03:29:23.818+0000] {processor.py:830} INFO - Processing file /home/airflow/.local/lib/python3.12/site-packages/airflow/example_dags/tutorial_taskflow_api.py for tasks to queue
[2025-08-19T03:29:23.819+0000] {logging_mixin.py:188} INFO - [2025-08-19T03:29:23.818+0000] {dagbag.py:545} INFO - Filling up the DagBag from /home/airflow/.local/lib/python3.12/site-packages/airflow/example_dags/tutorial_taskflow_api.py
[2025-08-19T03:29:23.827+0000] {processor.py:840} INFO - DAG(s) 'tutorial_taskflow_api' retrieved from /home/airflow/.local/lib/python3.12/site-packages/airflow/example_dags/tutorial_taskflow_api.py
[2025-08-19T03:29:23.853+0000] {logging_mixin.py:188} INFO - [2025-08-19T03:29:23.853+0000] {dag.py:3096} INFO - Sync 1 DAGs
[2025-08-19T03:29:23.867+0000] {logging_mixin.py:188} INFO - [2025-08-19T03:29:23.867+0000] {dag.py:3954} INFO - Setting next_dagrun for tutorial_taskflow_api to None, run_after=None
[2025-08-19T03:29:23.893+0000] {processor.py:183} INFO - Processing /home/airflow/.local/lib/python3.12/site-packages/airflow/example_dags/tutorial_taskflow_api.py took 0.083 seconds
[2025-08-19T03:29:54.159+0000] {processor.py:161} INFO - Started process (PID=24308) to work on /home/airflow/.local/lib/python3.12/site-packages/airflow/example_dags/tutorial_taskflow_api.py
[2025-08-19T03:29:54.161+0000] {processor.py:830} INFO - Processing file /home/airflow/.local/lib/python3.12/site-packages/airflow/example_dags/tutorial_taskflow_api.py for tasks to queue
[2025-08-19T03:29:54.162+0000] {logging_mixin.py:188} INFO - [2025-08-19T03:29:54.162+0000] {dagbag.py:545} INFO - Filling up the DagBag from /home/airflow/.local/lib/python3.12/site-packages/airflow/example_dags/tutorial_taskflow_api.py
[2025-08-19T03:29:54.169+0000] {processor.py:840} INFO - DAG(s) 'tutorial_taskflow_api' retrieved from /home/airflow/.local/lib/python3.12/site-packages/airflow/example_dags/tutorial_taskflow_api.py
[2025-08-19T03:29:54.193+0000] {logging_mixin.py:188} INFO - [2025-08-19T03:29:54.193+0000] {dag.py:3096} INFO - Sync 1 DAGs
[2025-08-19T03:29:54.206+0000] {logging_mixin.py:188} INFO - [2025-08-19T03:29:54.205+0000] {dag.py:3954} INFO - Setting next_dagrun for tutorial_taskflow_api to None, run_after=None
[2025-08-19T03:29:54.233+0000] {processor.py:183} INFO - Processing /home/airflow/.local/lib/python3.12/site-packages/airflow/example_dags/tutorial_taskflow_api.py took 0.079 seconds
[2025-08-19T03:30:24.683+0000] {processor.py:161} INFO - Started process (PID=24361) to work on /home/airflow/.local/lib/python3.12/site-packages/airflow/example_dags/tutorial_taskflow_api.py
[2025-08-19T03:30:24.684+0000] {processor.py:830} INFO - Processing file /home/airflow/.local/lib/python3.12/site-packages/airflow/example_dags/tutorial_taskflow_api.py for tasks to queue
[2025-08-19T03:30:24.686+0000] {logging_mixin.py:188} INFO - [2025-08-19T03:30:24.686+0000] {dagbag.py:545} INFO - Filling up the DagBag from /home/airflow/.local/lib/python3.12/site-packages/airflow/example_dags/tutorial_taskflow_api.py
[2025-08-19T03:30:24.694+0000] {processor.py:840} INFO - DAG(s) 'tutorial_taskflow_api' retrieved from /home/airflow/.local/lib/python3.12/site-packages/airflow/example_dags/tutorial_taskflow_api.py
[2025-08-19T03:30:24.716+0000] {logging_mixin.py:188} INFO - [2025-08-19T03:30:24.715+0000] {dag.py:3096} INFO - Sync 1 DAGs
[2025-08-19T03:30:24.730+0000] {logging_mixin.py:188} INFO - [2025-08-19T03:30:24.730+0000] {dag.py:3954} INFO - Setting next_dagrun for tutorial_taskflow_api to None, run_after=None
[2025-08-19T03:30:24.757+0000] {processor.py:183} INFO - Processing /home/airflow/.local/lib/python3.12/site-packages/airflow/example_dags/tutorial_taskflow_api.py took 0.079 seconds
[2025-08-19T03:30:55.216+0000] {processor.py:161} INFO - Started process (PID=24414) to work on /home/airflow/.local/lib/python3.12/site-packages/airflow/example_dags/tutorial_taskflow_api.py
[2025-08-19T03:30:55.218+0000] {processor.py:830} INFO - Processing file /home/airflow/.local/lib/python3.12/site-packages/airflow/example_dags/tutorial_taskflow_api.py for tasks to queue
[2025-08-19T03:30:55.219+0000] {logging_mixin.py:188} INFO - [2025-08-19T03:30:55.219+0000] {dagbag.py:545} INFO - Filling up the DagBag from /home/airflow/.local/lib/python3.12/site-packages/airflow/example_dags/tutorial_taskflow_api.py
[2025-08-19T03:30:55.227+0000] {processor.py:840} INFO - DAG(s) 'tutorial_taskflow_api' retrieved from /home/airflow/.local/lib/python3.12/site-packages/airflow/example_dags/tutorial_taskflow_api.py
[2025-08-19T03:30:55.252+0000] {logging_mixin.py:188} INFO - [2025-08-19T03:30:55.252+0000] {dag.py:3096} INFO - Sync 1 DAGs
[2025-08-19T03:30:55.268+0000] {logging_mixin.py:188} INFO - [2025-08-19T03:30:55.268+0000] {dag.py:3954} INFO - Setting next_dagrun for tutorial_taskflow_api to None, run_after=None
[2025-08-19T03:30:55.296+0000] {processor.py:183} INFO - Processing /home/airflow/.local/lib/python3.12/site-packages/airflow/example_dags/tutorial_taskflow_api.py took 0.085 seconds
[2025-08-19T03:31:25.381+0000] {processor.py:161} INFO - Started process (PID=24467) to work on /home/airflow/.local/lib/python3.12/site-packages/airflow/example_dags/tutorial_taskflow_api.py
[2025-08-19T03:31:25.382+0000] {processor.py:830} INFO - Processing file /home/airflow/.local/lib/python3.12/site-packages/airflow/example_dags/tutorial_taskflow_api.py for tasks to queue
[2025-08-19T03:31:25.384+0000] {logging_mixin.py:188} INFO - [2025-08-19T03:31:25.383+0000] {dagbag.py:545} INFO - Filling up the DagBag from /home/airflow/.local/lib/python3.12/site-packages/airflow/example_dags/tutorial_taskflow_api.py
[2025-08-19T03:31:25.392+0000] {processor.py:840} INFO - DAG(s) 'tutorial_taskflow_api' retrieved from /home/airflow/.local/lib/python3.12/site-packages/airflow/example_dags/tutorial_taskflow_api.py
[2025-08-19T03:31:25.417+0000] {logging_mixin.py:188} INFO - [2025-08-19T03:31:25.417+0000] {dag.py:3096} INFO - Sync 1 DAGs
[2025-08-19T03:31:25.430+0000] {logging_mixin.py:188} INFO - [2025-08-19T03:31:25.429+0000] {dag.py:3954} INFO - Setting next_dagrun for tutorial_taskflow_api to None, run_after=None
[2025-08-19T03:31:25.458+0000] {processor.py:183} INFO - Processing /home/airflow/.local/lib/python3.12/site-packages/airflow/example_dags/tutorial_taskflow_api.py took 0.083 seconds
[2025-08-19T03:31:55.750+0000] {processor.py:161} INFO - Started process (PID=24520) to work on /home/airflow/.local/lib/python3.12/site-packages/airflow/example_dags/tutorial_taskflow_api.py
[2025-08-19T03:31:55.752+0000] {processor.py:830} INFO - Processing file /home/airflow/.local/lib/python3.12/site-packages/airflow/example_dags/tutorial_taskflow_api.py for tasks to queue
[2025-08-19T03:31:55.753+0000] {logging_mixin.py:188} INFO - [2025-08-19T03:31:55.753+0000] {dagbag.py:545} INFO - Filling up the DagBag from /home/airflow/.local/lib/python3.12/site-packages/airflow/example_dags/tutorial_taskflow_api.py
[2025-08-19T03:31:55.760+0000] {processor.py:840} INFO - DAG(s) 'tutorial_taskflow_api' retrieved from /home/airflow/.local/lib/python3.12/site-packages/airflow/example_dags/tutorial_taskflow_api.py
[2025-08-19T03:31:55.785+0000] {logging_mixin.py:188} INFO - [2025-08-19T03:31:55.785+0000] {dag.py:3096} INFO - Sync 1 DAGs
[2025-08-19T03:31:55.797+0000] {logging_mixin.py:188} INFO - [2025-08-19T03:31:55.797+0000] {dag.py:3954} INFO - Setting next_dagrun for tutorial_taskflow_api to None, run_after=None
[2025-08-19T03:31:55.823+0000] {processor.py:183} INFO - Processing /home/airflow/.local/lib/python3.12/site-packages/airflow/example_dags/tutorial_taskflow_api.py took 0.079 seconds
[2025-08-19T03:32:26.186+0000] {processor.py:161} INFO - Started process (PID=24573) to work on /home/airflow/.local/lib/python3.12/site-packages/airflow/example_dags/tutorial_taskflow_api.py
[2025-08-19T03:32:26.188+0000] {processor.py:830} INFO - Processing file /home/airflow/.local/lib/python3.12/site-packages/airflow/example_dags/tutorial_taskflow_api.py for tasks to queue
[2025-08-19T03:32:26.189+0000] {logging_mixin.py:188} INFO - [2025-08-19T03:32:26.189+0000] {dagbag.py:545} INFO - Filling up the DagBag from /home/airflow/.local/lib/python3.12/site-packages/airflow/example_dags/tutorial_taskflow_api.py
[2025-08-19T03:32:26.196+0000] {processor.py:840} INFO - DAG(s) 'tutorial_taskflow_api' retrieved from /home/airflow/.local/lib/python3.12/site-packages/airflow/example_dags/tutorial_taskflow_api.py
[2025-08-19T03:32:26.222+0000] {logging_mixin.py:188} INFO - [2025-08-19T03:32:26.221+0000] {dag.py:3096} INFO - Sync 1 DAGs
[2025-08-19T03:32:26.235+0000] {logging_mixin.py:188} INFO - [2025-08-19T03:32:26.235+0000] {dag.py:3954} INFO - Setting next_dagrun for tutorial_taskflow_api to None, run_after=None
[2025-08-19T03:32:26.259+0000] {processor.py:183} INFO - Processing /home/airflow/.local/lib/python3.12/site-packages/airflow/example_dags/tutorial_taskflow_api.py took 0.081 seconds
[2025-08-19T03:32:56.743+0000] {processor.py:161} INFO - Started process (PID=24624) to work on /home/airflow/.local/lib/python3.12/site-packages/airflow/example_dags/tutorial_taskflow_api.py
[2025-08-19T03:32:56.745+0000] {processor.py:830} INFO - Processing file /home/airflow/.local/lib/python3.12/site-packages/airflow/example_dags/tutorial_taskflow_api.py for tasks to queue
[2025-08-19T03:32:56.746+0000] {logging_mixin.py:188} INFO - [2025-08-19T03:32:56.746+0000] {dagbag.py:545} INFO - Filling up the DagBag from /home/airflow/.local/lib/python3.12/site-packages/airflow/example_dags/tutorial_taskflow_api.py
[2025-08-19T03:32:56.754+0000] {processor.py:840} INFO - DAG(s) 'tutorial_taskflow_api' retrieved from /home/airflow/.local/lib/python3.12/site-packages/airflow/example_dags/tutorial_taskflow_api.py
[2025-08-19T03:32:56.785+0000] {logging_mixin.py:188} INFO - [2025-08-19T03:32:56.785+0000] {dag.py:3096} INFO - Sync 1 DAGs
[2025-08-19T03:32:56.806+0000] {logging_mixin.py:188} INFO - [2025-08-19T03:32:56.806+0000] {dag.py:3954} INFO - Setting next_dagrun for tutorial_taskflow_api to None, run_after=None
[2025-08-19T03:32:56.838+0000] {processor.py:183} INFO - Processing /home/airflow/.local/lib/python3.12/site-packages/airflow/example_dags/tutorial_taskflow_api.py took 0.103 seconds
[2025-08-19T03:33:27.609+0000] {processor.py:161} INFO - Started process (PID=24677) to work on /home/airflow/.local/lib/python3.12/site-packages/airflow/example_dags/tutorial_taskflow_api.py
[2025-08-19T03:33:27.612+0000] {processor.py:830} INFO - Processing file /home/airflow/.local/lib/python3.12/site-packages/airflow/example_dags/tutorial_taskflow_api.py for tasks to queue
[2025-08-19T03:33:27.615+0000] {logging_mixin.py:188} INFO - [2025-08-19T03:33:27.614+0000] {dagbag.py:545} INFO - Filling up the DagBag from /home/airflow/.local/lib/python3.12/site-packages/airflow/example_dags/tutorial_taskflow_api.py
[2025-08-19T03:33:27.639+0000] {processor.py:840} INFO - DAG(s) 'tutorial_taskflow_api' retrieved from /home/airflow/.local/lib/python3.12/site-packages/airflow/example_dags/tutorial_taskflow_api.py
[2025-08-19T03:33:27.708+0000] {logging_mixin.py:188} INFO - [2025-08-19T03:33:27.708+0000] {dag.py:3096} INFO - Sync 1 DAGs
[2025-08-19T03:33:27.748+0000] {logging_mixin.py:188} INFO - [2025-08-19T03:33:27.748+0000] {dag.py:3954} INFO - Setting next_dagrun for tutorial_taskflow_api to None, run_after=None
[2025-08-19T03:33:27.824+0000] {processor.py:183} INFO - Processing /home/airflow/.local/lib/python3.12/site-packages/airflow/example_dags/tutorial_taskflow_api.py took 0.234 seconds
[2025-08-19T03:33:58.827+0000] {processor.py:161} INFO - Started process (PID=24730) to work on /home/airflow/.local/lib/python3.12/site-packages/airflow/example_dags/tutorial_taskflow_api.py
[2025-08-19T03:33:58.828+0000] {processor.py:830} INFO - Processing file /home/airflow/.local/lib/python3.12/site-packages/airflow/example_dags/tutorial_taskflow_api.py for tasks to queue
[2025-08-19T03:33:58.830+0000] {logging_mixin.py:188} INFO - [2025-08-19T03:33:58.829+0000] {dagbag.py:545} INFO - Filling up the DagBag from /home/airflow/.local/lib/python3.12/site-packages/airflow/example_dags/tutorial_taskflow_api.py
[2025-08-19T03:33:58.837+0000] {processor.py:840} INFO - DAG(s) 'tutorial_taskflow_api' retrieved from /home/airflow/.local/lib/python3.12/site-packages/airflow/example_dags/tutorial_taskflow_api.py
[2025-08-19T03:33:58.861+0000] {logging_mixin.py:188} INFO - [2025-08-19T03:33:58.860+0000] {dag.py:3096} INFO - Sync 1 DAGs
[2025-08-19T03:33:58.876+0000] {logging_mixin.py:188} INFO - [2025-08-19T03:33:58.876+0000] {dag.py:3954} INFO - Setting next_dagrun for tutorial_taskflow_api to None, run_after=None
[2025-08-19T03:33:58.914+0000] {processor.py:183} INFO - Processing /home/airflow/.local/lib/python3.12/site-packages/airflow/example_dags/tutorial_taskflow_api.py took 0.096 seconds
[2025-08-19T03:34:29.126+0000] {processor.py:161} INFO - Started process (PID=24783) to work on /home/airflow/.local/lib/python3.12/site-packages/airflow/example_dags/tutorial_taskflow_api.py
[2025-08-19T03:34:29.129+0000] {processor.py:830} INFO - Processing file /home/airflow/.local/lib/python3.12/site-packages/airflow/example_dags/tutorial_taskflow_api.py for tasks to queue
[2025-08-19T03:34:29.131+0000] {logging_mixin.py:188} INFO - [2025-08-19T03:34:29.130+0000] {dagbag.py:545} INFO - Filling up the DagBag from /home/airflow/.local/lib/python3.12/site-packages/airflow/example_dags/tutorial_taskflow_api.py
[2025-08-19T03:34:29.138+0000] {processor.py:840} INFO - DAG(s) 'tutorial_taskflow_api' retrieved from /home/airflow/.local/lib/python3.12/site-packages/airflow/example_dags/tutorial_taskflow_api.py
[2025-08-19T03:34:29.167+0000] {logging_mixin.py:188} INFO - [2025-08-19T03:34:29.166+0000] {dag.py:3096} INFO - Sync 1 DAGs
[2025-08-19T03:34:29.180+0000] {logging_mixin.py:188} INFO - [2025-08-19T03:34:29.180+0000] {dag.py:3954} INFO - Setting next_dagrun for tutorial_taskflow_api to None, run_after=None
[2025-08-19T03:34:29.229+0000] {processor.py:183} INFO - Processing /home/airflow/.local/lib/python3.12/site-packages/airflow/example_dags/tutorial_taskflow_api.py took 0.110 seconds
[2025-08-19T03:34:59.483+0000] {processor.py:161} INFO - Started process (PID=24836) to work on /home/airflow/.local/lib/python3.12/site-packages/airflow/example_dags/tutorial_taskflow_api.py
[2025-08-19T03:34:59.484+0000] {processor.py:830} INFO - Processing file /home/airflow/.local/lib/python3.12/site-packages/airflow/example_dags/tutorial_taskflow_api.py for tasks to queue
[2025-08-19T03:34:59.486+0000] {logging_mixin.py:188} INFO - [2025-08-19T03:34:59.485+0000] {dagbag.py:545} INFO - Filling up the DagBag from /home/airflow/.local/lib/python3.12/site-packages/airflow/example_dags/tutorial_taskflow_api.py
[2025-08-19T03:34:59.493+0000] {processor.py:840} INFO - DAG(s) 'tutorial_taskflow_api' retrieved from /home/airflow/.local/lib/python3.12/site-packages/airflow/example_dags/tutorial_taskflow_api.py
[2025-08-19T03:34:59.516+0000] {logging_mixin.py:188} INFO - [2025-08-19T03:34:59.515+0000] {dag.py:3096} INFO - Sync 1 DAGs
[2025-08-19T03:34:59.530+0000] {logging_mixin.py:188} INFO - [2025-08-19T03:34:59.530+0000] {dag.py:3954} INFO - Setting next_dagrun for tutorial_taskflow_api to None, run_after=None
[2025-08-19T03:34:59.554+0000] {processor.py:183} INFO - Processing /home/airflow/.local/lib/python3.12/site-packages/airflow/example_dags/tutorial_taskflow_api.py took 0.078 seconds
[2025-08-19T03:35:29.766+0000] {processor.py:161} INFO - Started process (PID=24889) to work on /home/airflow/.local/lib/python3.12/site-packages/airflow/example_dags/tutorial_taskflow_api.py
[2025-08-19T03:35:29.767+0000] {processor.py:830} INFO - Processing file /home/airflow/.local/lib/python3.12/site-packages/airflow/example_dags/tutorial_taskflow_api.py for tasks to queue
[2025-08-19T03:35:29.769+0000] {logging_mixin.py:188} INFO - [2025-08-19T03:35:29.769+0000] {dagbag.py:545} INFO - Filling up the DagBag from /home/airflow/.local/lib/python3.12/site-packages/airflow/example_dags/tutorial_taskflow_api.py
[2025-08-19T03:35:29.776+0000] {processor.py:840} INFO - DAG(s) 'tutorial_taskflow_api' retrieved from /home/airflow/.local/lib/python3.12/site-packages/airflow/example_dags/tutorial_taskflow_api.py
[2025-08-19T03:35:29.801+0000] {logging_mixin.py:188} INFO - [2025-08-19T03:35:29.801+0000] {dag.py:3096} INFO - Sync 1 DAGs
[2025-08-19T03:35:29.817+0000] {logging_mixin.py:188} INFO - [2025-08-19T03:35:29.817+0000] {dag.py:3954} INFO - Setting next_dagrun for tutorial_taskflow_api to None, run_after=None
[2025-08-19T03:35:29.864+0000] {processor.py:183} INFO - Processing /home/airflow/.local/lib/python3.12/site-packages/airflow/example_dags/tutorial_taskflow_api.py took 0.105 seconds
[2025-08-19T03:36:00.182+0000] {processor.py:161} INFO - Started process (PID=24942) to work on /home/airflow/.local/lib/python3.12/site-packages/airflow/example_dags/tutorial_taskflow_api.py
[2025-08-19T03:36:00.184+0000] {processor.py:830} INFO - Processing file /home/airflow/.local/lib/python3.12/site-packages/airflow/example_dags/tutorial_taskflow_api.py for tasks to queue
[2025-08-19T03:36:00.185+0000] {logging_mixin.py:188} INFO - [2025-08-19T03:36:00.185+0000] {dagbag.py:545} INFO - Filling up the DagBag from /home/airflow/.local/lib/python3.12/site-packages/airflow/example_dags/tutorial_taskflow_api.py
[2025-08-19T03:36:00.201+0000] {processor.py:840} INFO - DAG(s) 'tutorial_taskflow_api' retrieved from /home/airflow/.local/lib/python3.12/site-packages/airflow/example_dags/tutorial_taskflow_api.py
[2025-08-19T03:36:00.233+0000] {logging_mixin.py:188} INFO - [2025-08-19T03:36:00.233+0000] {dag.py:3096} INFO - Sync 1 DAGs
[2025-08-19T03:36:00.248+0000] {logging_mixin.py:188} INFO - [2025-08-19T03:36:00.247+0000] {dag.py:3954} INFO - Setting next_dagrun for tutorial_taskflow_api to None, run_after=None
[2025-08-19T03:36:00.275+0000] {processor.py:183} INFO - Processing /home/airflow/.local/lib/python3.12/site-packages/airflow/example_dags/tutorial_taskflow_api.py took 0.104 seconds
[2025-08-19T03:36:30.932+0000] {processor.py:161} INFO - Started process (PID=24995) to work on /home/airflow/.local/lib/python3.12/site-packages/airflow/example_dags/tutorial_taskflow_api.py
[2025-08-19T03:36:30.934+0000] {processor.py:830} INFO - Processing file /home/airflow/.local/lib/python3.12/site-packages/airflow/example_dags/tutorial_taskflow_api.py for tasks to queue
[2025-08-19T03:36:30.935+0000] {logging_mixin.py:188} INFO - [2025-08-19T03:36:30.935+0000] {dagbag.py:545} INFO - Filling up the DagBag from /home/airflow/.local/lib/python3.12/site-packages/airflow/example_dags/tutorial_taskflow_api.py
[2025-08-19T03:36:30.943+0000] {processor.py:840} INFO - DAG(s) 'tutorial_taskflow_api' retrieved from /home/airflow/.local/lib/python3.12/site-packages/airflow/example_dags/tutorial_taskflow_api.py
[2025-08-19T03:36:30.969+0000] {logging_mixin.py:188} INFO - [2025-08-19T03:36:30.969+0000] {dag.py:3096} INFO - Sync 1 DAGs
[2025-08-19T03:36:30.984+0000] {logging_mixin.py:188} INFO - [2025-08-19T03:36:30.984+0000] {dag.py:3954} INFO - Setting next_dagrun for tutorial_taskflow_api to None, run_after=None
[2025-08-19T03:36:31.011+0000] {processor.py:183} INFO - Processing /home/airflow/.local/lib/python3.12/site-packages/airflow/example_dags/tutorial_taskflow_api.py took 0.085 seconds
[2025-08-19T03:37:01.917+0000] {processor.py:161} INFO - Started process (PID=25048) to work on /home/airflow/.local/lib/python3.12/site-packages/airflow/example_dags/tutorial_taskflow_api.py
[2025-08-19T03:37:01.919+0000] {processor.py:830} INFO - Processing file /home/airflow/.local/lib/python3.12/site-packages/airflow/example_dags/tutorial_taskflow_api.py for tasks to queue
[2025-08-19T03:37:01.920+0000] {logging_mixin.py:188} INFO - [2025-08-19T03:37:01.920+0000] {dagbag.py:545} INFO - Filling up the DagBag from /home/airflow/.local/lib/python3.12/site-packages/airflow/example_dags/tutorial_taskflow_api.py
[2025-08-19T03:37:01.927+0000] {processor.py:840} INFO - DAG(s) 'tutorial_taskflow_api' retrieved from /home/airflow/.local/lib/python3.12/site-packages/airflow/example_dags/tutorial_taskflow_api.py
[2025-08-19T03:37:01.949+0000] {logging_mixin.py:188} INFO - [2025-08-19T03:37:01.949+0000] {dag.py:3096} INFO - Sync 1 DAGs
[2025-08-19T03:37:01.963+0000] {logging_mixin.py:188} INFO - [2025-08-19T03:37:01.963+0000] {dag.py:3954} INFO - Setting next_dagrun for tutorial_taskflow_api to None, run_after=None
[2025-08-19T03:37:01.993+0000] {processor.py:183} INFO - Processing /home/airflow/.local/lib/python3.12/site-packages/airflow/example_dags/tutorial_taskflow_api.py took 0.082 seconds
[2025-08-19T03:37:32.755+0000] {processor.py:161} INFO - Started process (PID=25101) to work on /home/airflow/.local/lib/python3.12/site-packages/airflow/example_dags/tutorial_taskflow_api.py
[2025-08-19T03:37:32.757+0000] {processor.py:830} INFO - Processing file /home/airflow/.local/lib/python3.12/site-packages/airflow/example_dags/tutorial_taskflow_api.py for tasks to queue
[2025-08-19T03:37:32.758+0000] {logging_mixin.py:188} INFO - [2025-08-19T03:37:32.758+0000] {dagbag.py:545} INFO - Filling up the DagBag from /home/airflow/.local/lib/python3.12/site-packages/airflow/example_dags/tutorial_taskflow_api.py
[2025-08-19T03:37:32.767+0000] {processor.py:840} INFO - DAG(s) 'tutorial_taskflow_api' retrieved from /home/airflow/.local/lib/python3.12/site-packages/airflow/example_dags/tutorial_taskflow_api.py
[2025-08-19T03:37:32.794+0000] {logging_mixin.py:188} INFO - [2025-08-19T03:37:32.793+0000] {dag.py:3096} INFO - Sync 1 DAGs
[2025-08-19T03:37:32.810+0000] {logging_mixin.py:188} INFO - [2025-08-19T03:37:32.810+0000] {dag.py:3954} INFO - Setting next_dagrun for tutorial_taskflow_api to None, run_after=None
[2025-08-19T03:37:32.851+0000] {processor.py:183} INFO - Processing /home/airflow/.local/lib/python3.12/site-packages/airflow/example_dags/tutorial_taskflow_api.py took 0.105 seconds
