[2025-08-19T03:10:05.995+0000] {processor.py:161} INFO - Started process (PID=22256) to work on /home/airflow/.local/lib/python3.12/site-packages/airflow/example_dags/tutorial_objectstorage.py
[2025-08-19T03:10:06.001+0000] {processor.py:830} INFO - Processing file /home/airflow/.local/lib/python3.12/site-packages/airflow/example_dags/tutorial_objectstorage.py for tasks to queue
[2025-08-19T03:10:06.005+0000] {logging_mixin.py:188} INFO - [2025-08-19T03:10:06.004+0000] {dagbag.py:545} INFO - Filling up the DagBag from /home/airflow/.local/lib/python3.12/site-packages/airflow/example_dags/tutorial_objectstorage.py
[2025-08-19T03:10:06.029+0000] {processor.py:840} INFO - DAG(s) 'tutorial_objectstorage' retrieved from /home/airflow/.local/lib/python3.12/site-packages/airflow/example_dags/tutorial_objectstorage.py
[2025-08-19T03:10:06.088+0000] {logging_mixin.py:188} INFO - [2025-08-19T03:10:06.087+0000] {dag.py:3096} INFO - Sync 1 DAGs
[2025-08-19T03:10:06.126+0000] {logging_mixin.py:188} INFO - [2025-08-19T03:10:06.126+0000] {dag.py:3954} INFO - Setting next_dagrun for tutorial_objectstorage to None, run_after=None
[2025-08-19T03:10:06.188+0000] {processor.py:183} INFO - Processing /home/airflow/.local/lib/python3.12/site-packages/airflow/example_dags/tutorial_objectstorage.py took 0.204 seconds
[2025-08-19T03:10:36.743+0000] {processor.py:161} INFO - Started process (PID=22309) to work on /home/airflow/.local/lib/python3.12/site-packages/airflow/example_dags/tutorial_objectstorage.py
[2025-08-19T03:10:36.745+0000] {processor.py:830} INFO - Processing file /home/airflow/.local/lib/python3.12/site-packages/airflow/example_dags/tutorial_objectstorage.py for tasks to queue
[2025-08-19T03:10:36.746+0000] {logging_mixin.py:188} INFO - [2025-08-19T03:10:36.746+0000] {dagbag.py:545} INFO - Filling up the DagBag from /home/airflow/.local/lib/python3.12/site-packages/airflow/example_dags/tutorial_objectstorage.py
[2025-08-19T03:10:36.755+0000] {processor.py:840} INFO - DAG(s) 'tutorial_objectstorage' retrieved from /home/airflow/.local/lib/python3.12/site-packages/airflow/example_dags/tutorial_objectstorage.py
[2025-08-19T03:10:36.776+0000] {logging_mixin.py:188} INFO - [2025-08-19T03:10:36.775+0000] {dag.py:3096} INFO - Sync 1 DAGs
[2025-08-19T03:10:36.789+0000] {logging_mixin.py:188} INFO - [2025-08-19T03:10:36.789+0000] {dag.py:3954} INFO - Setting next_dagrun for tutorial_objectstorage to None, run_after=None
[2025-08-19T03:10:36.813+0000] {processor.py:183} INFO - Processing /home/airflow/.local/lib/python3.12/site-packages/airflow/example_dags/tutorial_objectstorage.py took 0.077 seconds
[2025-08-19T03:11:07.221+0000] {processor.py:161} INFO - Started process (PID=22362) to work on /home/airflow/.local/lib/python3.12/site-packages/airflow/example_dags/tutorial_objectstorage.py
[2025-08-19T03:11:07.223+0000] {processor.py:830} INFO - Processing file /home/airflow/.local/lib/python3.12/site-packages/airflow/example_dags/tutorial_objectstorage.py for tasks to queue
[2025-08-19T03:11:07.224+0000] {logging_mixin.py:188} INFO - [2025-08-19T03:11:07.224+0000] {dagbag.py:545} INFO - Filling up the DagBag from /home/airflow/.local/lib/python3.12/site-packages/airflow/example_dags/tutorial_objectstorage.py
[2025-08-19T03:11:07.234+0000] {processor.py:840} INFO - DAG(s) 'tutorial_objectstorage' retrieved from /home/airflow/.local/lib/python3.12/site-packages/airflow/example_dags/tutorial_objectstorage.py
[2025-08-19T03:11:07.257+0000] {logging_mixin.py:188} INFO - [2025-08-19T03:11:07.257+0000] {dag.py:3096} INFO - Sync 1 DAGs
[2025-08-19T03:11:07.271+0000] {logging_mixin.py:188} INFO - [2025-08-19T03:11:07.271+0000] {dag.py:3954} INFO - Setting next_dagrun for tutorial_objectstorage to None, run_after=None
[2025-08-19T03:11:07.297+0000] {processor.py:183} INFO - Processing /home/airflow/.local/lib/python3.12/site-packages/airflow/example_dags/tutorial_objectstorage.py took 0.085 seconds
[2025-08-19T03:11:37.493+0000] {processor.py:161} INFO - Started process (PID=22415) to work on /home/airflow/.local/lib/python3.12/site-packages/airflow/example_dags/tutorial_objectstorage.py
[2025-08-19T03:11:37.495+0000] {processor.py:830} INFO - Processing file /home/airflow/.local/lib/python3.12/site-packages/airflow/example_dags/tutorial_objectstorage.py for tasks to queue
[2025-08-19T03:11:37.496+0000] {logging_mixin.py:188} INFO - [2025-08-19T03:11:37.496+0000] {dagbag.py:545} INFO - Filling up the DagBag from /home/airflow/.local/lib/python3.12/site-packages/airflow/example_dags/tutorial_objectstorage.py
[2025-08-19T03:11:37.507+0000] {processor.py:840} INFO - DAG(s) 'tutorial_objectstorage' retrieved from /home/airflow/.local/lib/python3.12/site-packages/airflow/example_dags/tutorial_objectstorage.py
[2025-08-19T03:11:37.528+0000] {logging_mixin.py:188} INFO - [2025-08-19T03:11:37.528+0000] {dag.py:3096} INFO - Sync 1 DAGs
[2025-08-19T03:11:37.542+0000] {logging_mixin.py:188} INFO - [2025-08-19T03:11:37.541+0000] {dag.py:3954} INFO - Setting next_dagrun for tutorial_objectstorage to None, run_after=None
[2025-08-19T03:11:37.565+0000] {processor.py:183} INFO - Processing /home/airflow/.local/lib/python3.12/site-packages/airflow/example_dags/tutorial_objectstorage.py took 0.078 seconds
[2025-08-19T03:12:07.965+0000] {processor.py:161} INFO - Started process (PID=22468) to work on /home/airflow/.local/lib/python3.12/site-packages/airflow/example_dags/tutorial_objectstorage.py
[2025-08-19T03:12:07.967+0000] {processor.py:830} INFO - Processing file /home/airflow/.local/lib/python3.12/site-packages/airflow/example_dags/tutorial_objectstorage.py for tasks to queue
[2025-08-19T03:12:07.969+0000] {logging_mixin.py:188} INFO - [2025-08-19T03:12:07.968+0000] {dagbag.py:545} INFO - Filling up the DagBag from /home/airflow/.local/lib/python3.12/site-packages/airflow/example_dags/tutorial_objectstorage.py
[2025-08-19T03:12:07.978+0000] {processor.py:840} INFO - DAG(s) 'tutorial_objectstorage' retrieved from /home/airflow/.local/lib/python3.12/site-packages/airflow/example_dags/tutorial_objectstorage.py
[2025-08-19T03:12:07.998+0000] {logging_mixin.py:188} INFO - [2025-08-19T03:12:07.998+0000] {dag.py:3096} INFO - Sync 1 DAGs
[2025-08-19T03:12:08.013+0000] {logging_mixin.py:188} INFO - [2025-08-19T03:12:08.013+0000] {dag.py:3954} INFO - Setting next_dagrun for tutorial_objectstorage to None, run_after=None
[2025-08-19T03:12:08.037+0000] {processor.py:183} INFO - Processing /home/airflow/.local/lib/python3.12/site-packages/airflow/example_dags/tutorial_objectstorage.py took 0.078 seconds
[2025-08-19T03:12:38.620+0000] {processor.py:161} INFO - Started process (PID=22521) to work on /home/airflow/.local/lib/python3.12/site-packages/airflow/example_dags/tutorial_objectstorage.py
[2025-08-19T03:12:38.621+0000] {processor.py:830} INFO - Processing file /home/airflow/.local/lib/python3.12/site-packages/airflow/example_dags/tutorial_objectstorage.py for tasks to queue
[2025-08-19T03:12:38.622+0000] {logging_mixin.py:188} INFO - [2025-08-19T03:12:38.622+0000] {dagbag.py:545} INFO - Filling up the DagBag from /home/airflow/.local/lib/python3.12/site-packages/airflow/example_dags/tutorial_objectstorage.py
[2025-08-19T03:12:38.630+0000] {processor.py:840} INFO - DAG(s) 'tutorial_objectstorage' retrieved from /home/airflow/.local/lib/python3.12/site-packages/airflow/example_dags/tutorial_objectstorage.py
[2025-08-19T03:12:38.655+0000] {logging_mixin.py:188} INFO - [2025-08-19T03:12:38.654+0000] {dag.py:3096} INFO - Sync 1 DAGs
[2025-08-19T03:12:38.669+0000] {logging_mixin.py:188} INFO - [2025-08-19T03:12:38.669+0000] {dag.py:3954} INFO - Setting next_dagrun for tutorial_objectstorage to None, run_after=None
[2025-08-19T03:12:38.693+0000] {processor.py:183} INFO - Processing /home/airflow/.local/lib/python3.12/site-packages/airflow/example_dags/tutorial_objectstorage.py took 0.081 seconds
[2025-08-19T03:13:09.291+0000] {processor.py:161} INFO - Started process (PID=22574) to work on /home/airflow/.local/lib/python3.12/site-packages/airflow/example_dags/tutorial_objectstorage.py
[2025-08-19T03:13:09.292+0000] {processor.py:830} INFO - Processing file /home/airflow/.local/lib/python3.12/site-packages/airflow/example_dags/tutorial_objectstorage.py for tasks to queue
[2025-08-19T03:13:09.293+0000] {logging_mixin.py:188} INFO - [2025-08-19T03:13:09.293+0000] {dagbag.py:545} INFO - Filling up the DagBag from /home/airflow/.local/lib/python3.12/site-packages/airflow/example_dags/tutorial_objectstorage.py
[2025-08-19T03:13:09.302+0000] {processor.py:840} INFO - DAG(s) 'tutorial_objectstorage' retrieved from /home/airflow/.local/lib/python3.12/site-packages/airflow/example_dags/tutorial_objectstorage.py
[2025-08-19T03:13:09.322+0000] {logging_mixin.py:188} INFO - [2025-08-19T03:13:09.322+0000] {dag.py:3096} INFO - Sync 1 DAGs
[2025-08-19T03:13:09.335+0000] {logging_mixin.py:188} INFO - [2025-08-19T03:13:09.335+0000] {dag.py:3954} INFO - Setting next_dagrun for tutorial_objectstorage to None, run_after=None
[2025-08-19T03:13:09.360+0000] {processor.py:183} INFO - Processing /home/airflow/.local/lib/python3.12/site-packages/airflow/example_dags/tutorial_objectstorage.py took 0.075 seconds
[2025-08-19T03:13:40.147+0000] {processor.py:161} INFO - Started process (PID=22627) to work on /home/airflow/.local/lib/python3.12/site-packages/airflow/example_dags/tutorial_objectstorage.py
[2025-08-19T03:13:40.149+0000] {processor.py:830} INFO - Processing file /home/airflow/.local/lib/python3.12/site-packages/airflow/example_dags/tutorial_objectstorage.py for tasks to queue
[2025-08-19T03:13:40.150+0000] {logging_mixin.py:188} INFO - [2025-08-19T03:13:40.150+0000] {dagbag.py:545} INFO - Filling up the DagBag from /home/airflow/.local/lib/python3.12/site-packages/airflow/example_dags/tutorial_objectstorage.py
[2025-08-19T03:13:40.159+0000] {processor.py:840} INFO - DAG(s) 'tutorial_objectstorage' retrieved from /home/airflow/.local/lib/python3.12/site-packages/airflow/example_dags/tutorial_objectstorage.py
[2025-08-19T03:13:40.182+0000] {logging_mixin.py:188} INFO - [2025-08-19T03:13:40.181+0000] {dag.py:3096} INFO - Sync 1 DAGs
[2025-08-19T03:13:40.194+0000] {logging_mixin.py:188} INFO - [2025-08-19T03:13:40.194+0000] {dag.py:3954} INFO - Setting next_dagrun for tutorial_objectstorage to None, run_after=None
[2025-08-19T03:13:40.219+0000] {processor.py:183} INFO - Processing /home/airflow/.local/lib/python3.12/site-packages/airflow/example_dags/tutorial_objectstorage.py took 0.079 seconds
[2025-08-19T03:14:10.970+0000] {processor.py:161} INFO - Started process (PID=22680) to work on /home/airflow/.local/lib/python3.12/site-packages/airflow/example_dags/tutorial_objectstorage.py
[2025-08-19T03:14:10.971+0000] {processor.py:830} INFO - Processing file /home/airflow/.local/lib/python3.12/site-packages/airflow/example_dags/tutorial_objectstorage.py for tasks to queue
[2025-08-19T03:14:10.972+0000] {logging_mixin.py:188} INFO - [2025-08-19T03:14:10.972+0000] {dagbag.py:545} INFO - Filling up the DagBag from /home/airflow/.local/lib/python3.12/site-packages/airflow/example_dags/tutorial_objectstorage.py
[2025-08-19T03:14:10.982+0000] {processor.py:840} INFO - DAG(s) 'tutorial_objectstorage' retrieved from /home/airflow/.local/lib/python3.12/site-packages/airflow/example_dags/tutorial_objectstorage.py
[2025-08-19T03:14:11.002+0000] {logging_mixin.py:188} INFO - [2025-08-19T03:14:11.002+0000] {dag.py:3096} INFO - Sync 1 DAGs
[2025-08-19T03:14:11.016+0000] {logging_mixin.py:188} INFO - [2025-08-19T03:14:11.016+0000] {dag.py:3954} INFO - Setting next_dagrun for tutorial_objectstorage to None, run_after=None
[2025-08-19T03:14:11.047+0000] {processor.py:183} INFO - Processing /home/airflow/.local/lib/python3.12/site-packages/airflow/example_dags/tutorial_objectstorage.py took 0.084 seconds
[2025-08-19T03:14:41.772+0000] {processor.py:161} INFO - Started process (PID=22733) to work on /home/airflow/.local/lib/python3.12/site-packages/airflow/example_dags/tutorial_objectstorage.py
[2025-08-19T03:14:41.774+0000] {processor.py:830} INFO - Processing file /home/airflow/.local/lib/python3.12/site-packages/airflow/example_dags/tutorial_objectstorage.py for tasks to queue
[2025-08-19T03:14:41.775+0000] {logging_mixin.py:188} INFO - [2025-08-19T03:14:41.774+0000] {dagbag.py:545} INFO - Filling up the DagBag from /home/airflow/.local/lib/python3.12/site-packages/airflow/example_dags/tutorial_objectstorage.py
[2025-08-19T03:14:41.785+0000] {processor.py:840} INFO - DAG(s) 'tutorial_objectstorage' retrieved from /home/airflow/.local/lib/python3.12/site-packages/airflow/example_dags/tutorial_objectstorage.py
[2025-08-19T03:14:41.806+0000] {logging_mixin.py:188} INFO - [2025-08-19T03:14:41.805+0000] {dag.py:3096} INFO - Sync 1 DAGs
[2025-08-19T03:14:41.819+0000] {logging_mixin.py:188} INFO - [2025-08-19T03:14:41.819+0000] {dag.py:3954} INFO - Setting next_dagrun for tutorial_objectstorage to None, run_after=None
[2025-08-19T03:14:41.841+0000] {processor.py:183} INFO - Processing /home/airflow/.local/lib/python3.12/site-packages/airflow/example_dags/tutorial_objectstorage.py took 0.075 seconds
[2025-08-19T03:15:12.525+0000] {processor.py:161} INFO - Started process (PID=22786) to work on /home/airflow/.local/lib/python3.12/site-packages/airflow/example_dags/tutorial_objectstorage.py
[2025-08-19T03:15:12.527+0000] {processor.py:830} INFO - Processing file /home/airflow/.local/lib/python3.12/site-packages/airflow/example_dags/tutorial_objectstorage.py for tasks to queue
[2025-08-19T03:15:12.529+0000] {logging_mixin.py:188} INFO - [2025-08-19T03:15:12.528+0000] {dagbag.py:545} INFO - Filling up the DagBag from /home/airflow/.local/lib/python3.12/site-packages/airflow/example_dags/tutorial_objectstorage.py
[2025-08-19T03:15:12.539+0000] {processor.py:840} INFO - DAG(s) 'tutorial_objectstorage' retrieved from /home/airflow/.local/lib/python3.12/site-packages/airflow/example_dags/tutorial_objectstorage.py
[2025-08-19T03:15:12.560+0000] {logging_mixin.py:188} INFO - [2025-08-19T03:15:12.560+0000] {dag.py:3096} INFO - Sync 1 DAGs
[2025-08-19T03:15:12.573+0000] {logging_mixin.py:188} INFO - [2025-08-19T03:15:12.573+0000] {dag.py:3954} INFO - Setting next_dagrun for tutorial_objectstorage to None, run_after=None
[2025-08-19T03:15:12.598+0000] {processor.py:183} INFO - Processing /home/airflow/.local/lib/python3.12/site-packages/airflow/example_dags/tutorial_objectstorage.py took 0.079 seconds
[2025-08-19T03:15:43.406+0000] {processor.py:161} INFO - Started process (PID=22839) to work on /home/airflow/.local/lib/python3.12/site-packages/airflow/example_dags/tutorial_objectstorage.py
[2025-08-19T03:15:43.408+0000] {processor.py:830} INFO - Processing file /home/airflow/.local/lib/python3.12/site-packages/airflow/example_dags/tutorial_objectstorage.py for tasks to queue
[2025-08-19T03:15:43.409+0000] {logging_mixin.py:188} INFO - [2025-08-19T03:15:43.409+0000] {dagbag.py:545} INFO - Filling up the DagBag from /home/airflow/.local/lib/python3.12/site-packages/airflow/example_dags/tutorial_objectstorage.py
[2025-08-19T03:15:43.419+0000] {processor.py:840} INFO - DAG(s) 'tutorial_objectstorage' retrieved from /home/airflow/.local/lib/python3.12/site-packages/airflow/example_dags/tutorial_objectstorage.py
[2025-08-19T03:15:43.440+0000] {logging_mixin.py:188} INFO - [2025-08-19T03:15:43.440+0000] {dag.py:3096} INFO - Sync 1 DAGs
[2025-08-19T03:15:43.452+0000] {logging_mixin.py:188} INFO - [2025-08-19T03:15:43.452+0000] {dag.py:3954} INFO - Setting next_dagrun for tutorial_objectstorage to None, run_after=None
[2025-08-19T03:15:43.478+0000] {processor.py:183} INFO - Processing /home/airflow/.local/lib/python3.12/site-packages/airflow/example_dags/tutorial_objectstorage.py took 0.078 seconds
[2025-08-19T03:16:14.033+0000] {processor.py:161} INFO - Started process (PID=22892) to work on /home/airflow/.local/lib/python3.12/site-packages/airflow/example_dags/tutorial_objectstorage.py
[2025-08-19T03:16:14.034+0000] {processor.py:830} INFO - Processing file /home/airflow/.local/lib/python3.12/site-packages/airflow/example_dags/tutorial_objectstorage.py for tasks to queue
[2025-08-19T03:16:14.035+0000] {logging_mixin.py:188} INFO - [2025-08-19T03:16:14.035+0000] {dagbag.py:545} INFO - Filling up the DagBag from /home/airflow/.local/lib/python3.12/site-packages/airflow/example_dags/tutorial_objectstorage.py
[2025-08-19T03:16:14.045+0000] {processor.py:840} INFO - DAG(s) 'tutorial_objectstorage' retrieved from /home/airflow/.local/lib/python3.12/site-packages/airflow/example_dags/tutorial_objectstorage.py
[2025-08-19T03:16:14.066+0000] {logging_mixin.py:188} INFO - [2025-08-19T03:16:14.066+0000] {dag.py:3096} INFO - Sync 1 DAGs
[2025-08-19T03:16:14.080+0000] {logging_mixin.py:188} INFO - [2025-08-19T03:16:14.080+0000] {dag.py:3954} INFO - Setting next_dagrun for tutorial_objectstorage to None, run_after=None
[2025-08-19T03:16:14.104+0000] {processor.py:183} INFO - Processing /home/airflow/.local/lib/python3.12/site-packages/airflow/example_dags/tutorial_objectstorage.py took 0.077 seconds
[2025-08-19T03:16:44.419+0000] {processor.py:161} INFO - Started process (PID=22945) to work on /home/airflow/.local/lib/python3.12/site-packages/airflow/example_dags/tutorial_objectstorage.py
[2025-08-19T03:16:44.420+0000] {processor.py:830} INFO - Processing file /home/airflow/.local/lib/python3.12/site-packages/airflow/example_dags/tutorial_objectstorage.py for tasks to queue
[2025-08-19T03:16:44.422+0000] {logging_mixin.py:188} INFO - [2025-08-19T03:16:44.421+0000] {dagbag.py:545} INFO - Filling up the DagBag from /home/airflow/.local/lib/python3.12/site-packages/airflow/example_dags/tutorial_objectstorage.py
[2025-08-19T03:16:44.430+0000] {processor.py:840} INFO - DAG(s) 'tutorial_objectstorage' retrieved from /home/airflow/.local/lib/python3.12/site-packages/airflow/example_dags/tutorial_objectstorage.py
[2025-08-19T03:16:44.450+0000] {logging_mixin.py:188} INFO - [2025-08-19T03:16:44.449+0000] {dag.py:3096} INFO - Sync 1 DAGs
[2025-08-19T03:16:44.463+0000] {logging_mixin.py:188} INFO - [2025-08-19T03:16:44.463+0000] {dag.py:3954} INFO - Setting next_dagrun for tutorial_objectstorage to None, run_after=None
[2025-08-19T03:16:44.485+0000] {processor.py:183} INFO - Processing /home/airflow/.local/lib/python3.12/site-packages/airflow/example_dags/tutorial_objectstorage.py took 0.072 seconds
[2025-08-19T03:17:14.795+0000] {processor.py:161} INFO - Started process (PID=22998) to work on /home/airflow/.local/lib/python3.12/site-packages/airflow/example_dags/tutorial_objectstorage.py
[2025-08-19T03:17:14.797+0000] {processor.py:830} INFO - Processing file /home/airflow/.local/lib/python3.12/site-packages/airflow/example_dags/tutorial_objectstorage.py for tasks to queue
[2025-08-19T03:17:14.798+0000] {logging_mixin.py:188} INFO - [2025-08-19T03:17:14.798+0000] {dagbag.py:545} INFO - Filling up the DagBag from /home/airflow/.local/lib/python3.12/site-packages/airflow/example_dags/tutorial_objectstorage.py
[2025-08-19T03:17:14.806+0000] {processor.py:840} INFO - DAG(s) 'tutorial_objectstorage' retrieved from /home/airflow/.local/lib/python3.12/site-packages/airflow/example_dags/tutorial_objectstorage.py
[2025-08-19T03:17:14.827+0000] {logging_mixin.py:188} INFO - [2025-08-19T03:17:14.827+0000] {dag.py:3096} INFO - Sync 1 DAGs
[2025-08-19T03:17:14.840+0000] {logging_mixin.py:188} INFO - [2025-08-19T03:17:14.840+0000] {dag.py:3954} INFO - Setting next_dagrun for tutorial_objectstorage to None, run_after=None
[2025-08-19T03:17:14.863+0000] {processor.py:183} INFO - Processing /home/airflow/.local/lib/python3.12/site-packages/airflow/example_dags/tutorial_objectstorage.py took 0.074 seconds
[2025-08-19T03:17:45.682+0000] {processor.py:161} INFO - Started process (PID=23051) to work on /home/airflow/.local/lib/python3.12/site-packages/airflow/example_dags/tutorial_objectstorage.py
[2025-08-19T03:17:45.684+0000] {processor.py:830} INFO - Processing file /home/airflow/.local/lib/python3.12/site-packages/airflow/example_dags/tutorial_objectstorage.py for tasks to queue
[2025-08-19T03:17:45.685+0000] {logging_mixin.py:188} INFO - [2025-08-19T03:17:45.684+0000] {dagbag.py:545} INFO - Filling up the DagBag from /home/airflow/.local/lib/python3.12/site-packages/airflow/example_dags/tutorial_objectstorage.py
[2025-08-19T03:17:45.693+0000] {processor.py:840} INFO - DAG(s) 'tutorial_objectstorage' retrieved from /home/airflow/.local/lib/python3.12/site-packages/airflow/example_dags/tutorial_objectstorage.py
[2025-08-19T03:17:45.713+0000] {logging_mixin.py:188} INFO - [2025-08-19T03:17:45.713+0000] {dag.py:3096} INFO - Sync 1 DAGs
[2025-08-19T03:17:45.727+0000] {logging_mixin.py:188} INFO - [2025-08-19T03:17:45.727+0000] {dag.py:3954} INFO - Setting next_dagrun for tutorial_objectstorage to None, run_after=None
[2025-08-19T03:17:45.758+0000] {processor.py:183} INFO - Processing /home/airflow/.local/lib/python3.12/site-packages/airflow/example_dags/tutorial_objectstorage.py took 0.082 seconds
[2025-08-19T03:18:15.962+0000] {processor.py:161} INFO - Started process (PID=23104) to work on /home/airflow/.local/lib/python3.12/site-packages/airflow/example_dags/tutorial_objectstorage.py
[2025-08-19T03:18:15.964+0000] {processor.py:830} INFO - Processing file /home/airflow/.local/lib/python3.12/site-packages/airflow/example_dags/tutorial_objectstorage.py for tasks to queue
[2025-08-19T03:18:15.966+0000] {logging_mixin.py:188} INFO - [2025-08-19T03:18:15.965+0000] {dagbag.py:545} INFO - Filling up the DagBag from /home/airflow/.local/lib/python3.12/site-packages/airflow/example_dags/tutorial_objectstorage.py
[2025-08-19T03:18:15.976+0000] {processor.py:840} INFO - DAG(s) 'tutorial_objectstorage' retrieved from /home/airflow/.local/lib/python3.12/site-packages/airflow/example_dags/tutorial_objectstorage.py
[2025-08-19T03:18:15.996+0000] {logging_mixin.py:188} INFO - [2025-08-19T03:18:15.996+0000] {dag.py:3096} INFO - Sync 1 DAGs
[2025-08-19T03:18:16.010+0000] {logging_mixin.py:188} INFO - [2025-08-19T03:18:16.010+0000] {dag.py:3954} INFO - Setting next_dagrun for tutorial_objectstorage to None, run_after=None
[2025-08-19T03:18:16.035+0000] {processor.py:183} INFO - Processing /home/airflow/.local/lib/python3.12/site-packages/airflow/example_dags/tutorial_objectstorage.py took 0.079 seconds
[2025-08-19T03:18:46.210+0000] {processor.py:161} INFO - Started process (PID=23157) to work on /home/airflow/.local/lib/python3.12/site-packages/airflow/example_dags/tutorial_objectstorage.py
[2025-08-19T03:18:46.212+0000] {processor.py:830} INFO - Processing file /home/airflow/.local/lib/python3.12/site-packages/airflow/example_dags/tutorial_objectstorage.py for tasks to queue
[2025-08-19T03:18:46.214+0000] {logging_mixin.py:188} INFO - [2025-08-19T03:18:46.213+0000] {dagbag.py:545} INFO - Filling up the DagBag from /home/airflow/.local/lib/python3.12/site-packages/airflow/example_dags/tutorial_objectstorage.py
[2025-08-19T03:18:46.224+0000] {processor.py:840} INFO - DAG(s) 'tutorial_objectstorage' retrieved from /home/airflow/.local/lib/python3.12/site-packages/airflow/example_dags/tutorial_objectstorage.py
[2025-08-19T03:18:46.245+0000] {logging_mixin.py:188} INFO - [2025-08-19T03:18:46.244+0000] {dag.py:3096} INFO - Sync 1 DAGs
[2025-08-19T03:18:46.258+0000] {logging_mixin.py:188} INFO - [2025-08-19T03:18:46.258+0000] {dag.py:3954} INFO - Setting next_dagrun for tutorial_objectstorage to None, run_after=None
[2025-08-19T03:18:46.285+0000] {processor.py:183} INFO - Processing /home/airflow/.local/lib/python3.12/site-packages/airflow/example_dags/tutorial_objectstorage.py took 0.081 seconds
[2025-08-19T03:19:16.415+0000] {processor.py:161} INFO - Started process (PID=23210) to work on /home/airflow/.local/lib/python3.12/site-packages/airflow/example_dags/tutorial_objectstorage.py
[2025-08-19T03:19:16.416+0000] {processor.py:830} INFO - Processing file /home/airflow/.local/lib/python3.12/site-packages/airflow/example_dags/tutorial_objectstorage.py for tasks to queue
[2025-08-19T03:19:16.418+0000] {logging_mixin.py:188} INFO - [2025-08-19T03:19:16.417+0000] {dagbag.py:545} INFO - Filling up the DagBag from /home/airflow/.local/lib/python3.12/site-packages/airflow/example_dags/tutorial_objectstorage.py
[2025-08-19T03:19:16.426+0000] {processor.py:840} INFO - DAG(s) 'tutorial_objectstorage' retrieved from /home/airflow/.local/lib/python3.12/site-packages/airflow/example_dags/tutorial_objectstorage.py
[2025-08-19T03:19:16.446+0000] {logging_mixin.py:188} INFO - [2025-08-19T03:19:16.446+0000] {dag.py:3096} INFO - Sync 1 DAGs
[2025-08-19T03:19:16.460+0000] {logging_mixin.py:188} INFO - [2025-08-19T03:19:16.460+0000] {dag.py:3954} INFO - Setting next_dagrun for tutorial_objectstorage to None, run_after=None
[2025-08-19T03:19:16.486+0000] {processor.py:183} INFO - Processing /home/airflow/.local/lib/python3.12/site-packages/airflow/example_dags/tutorial_objectstorage.py took 0.078 seconds
[2025-08-19T03:19:47.265+0000] {processor.py:161} INFO - Started process (PID=23263) to work on /home/airflow/.local/lib/python3.12/site-packages/airflow/example_dags/tutorial_objectstorage.py
[2025-08-19T03:19:47.266+0000] {processor.py:830} INFO - Processing file /home/airflow/.local/lib/python3.12/site-packages/airflow/example_dags/tutorial_objectstorage.py for tasks to queue
[2025-08-19T03:19:47.268+0000] {logging_mixin.py:188} INFO - [2025-08-19T03:19:47.268+0000] {dagbag.py:545} INFO - Filling up the DagBag from /home/airflow/.local/lib/python3.12/site-packages/airflow/example_dags/tutorial_objectstorage.py
[2025-08-19T03:19:47.278+0000] {processor.py:840} INFO - DAG(s) 'tutorial_objectstorage' retrieved from /home/airflow/.local/lib/python3.12/site-packages/airflow/example_dags/tutorial_objectstorage.py
[2025-08-19T03:19:47.304+0000] {logging_mixin.py:188} INFO - [2025-08-19T03:19:47.304+0000] {dag.py:3096} INFO - Sync 1 DAGs
[2025-08-19T03:19:47.319+0000] {logging_mixin.py:188} INFO - [2025-08-19T03:19:47.319+0000] {dag.py:3954} INFO - Setting next_dagrun for tutorial_objectstorage to None, run_after=None
[2025-08-19T03:19:47.384+0000] {processor.py:183} INFO - Processing /home/airflow/.local/lib/python3.12/site-packages/airflow/example_dags/tutorial_objectstorage.py took 0.126 seconds
[2025-08-19T03:20:17.756+0000] {processor.py:161} INFO - Started process (PID=23316) to work on /home/airflow/.local/lib/python3.12/site-packages/airflow/example_dags/tutorial_objectstorage.py
[2025-08-19T03:20:17.758+0000] {processor.py:830} INFO - Processing file /home/airflow/.local/lib/python3.12/site-packages/airflow/example_dags/tutorial_objectstorage.py for tasks to queue
[2025-08-19T03:20:17.759+0000] {logging_mixin.py:188} INFO - [2025-08-19T03:20:17.758+0000] {dagbag.py:545} INFO - Filling up the DagBag from /home/airflow/.local/lib/python3.12/site-packages/airflow/example_dags/tutorial_objectstorage.py
[2025-08-19T03:20:17.767+0000] {processor.py:840} INFO - DAG(s) 'tutorial_objectstorage' retrieved from /home/airflow/.local/lib/python3.12/site-packages/airflow/example_dags/tutorial_objectstorage.py
[2025-08-19T03:20:17.789+0000] {logging_mixin.py:188} INFO - [2025-08-19T03:20:17.788+0000] {dag.py:3096} INFO - Sync 1 DAGs
[2025-08-19T03:20:17.802+0000] {logging_mixin.py:188} INFO - [2025-08-19T03:20:17.802+0000] {dag.py:3954} INFO - Setting next_dagrun for tutorial_objectstorage to None, run_after=None
[2025-08-19T03:20:17.826+0000] {processor.py:183} INFO - Processing /home/airflow/.local/lib/python3.12/site-packages/airflow/example_dags/tutorial_objectstorage.py took 0.075 seconds
[2025-08-19T03:20:48.007+0000] {processor.py:161} INFO - Started process (PID=23369) to work on /home/airflow/.local/lib/python3.12/site-packages/airflow/example_dags/tutorial_objectstorage.py
[2025-08-19T03:20:48.009+0000] {processor.py:830} INFO - Processing file /home/airflow/.local/lib/python3.12/site-packages/airflow/example_dags/tutorial_objectstorage.py for tasks to queue
[2025-08-19T03:20:48.010+0000] {logging_mixin.py:188} INFO - [2025-08-19T03:20:48.010+0000] {dagbag.py:545} INFO - Filling up the DagBag from /home/airflow/.local/lib/python3.12/site-packages/airflow/example_dags/tutorial_objectstorage.py
[2025-08-19T03:20:48.019+0000] {processor.py:840} INFO - DAG(s) 'tutorial_objectstorage' retrieved from /home/airflow/.local/lib/python3.12/site-packages/airflow/example_dags/tutorial_objectstorage.py
[2025-08-19T03:20:48.040+0000] {logging_mixin.py:188} INFO - [2025-08-19T03:20:48.040+0000] {dag.py:3096} INFO - Sync 1 DAGs
[2025-08-19T03:20:48.054+0000] {logging_mixin.py:188} INFO - [2025-08-19T03:20:48.054+0000] {dag.py:3954} INFO - Setting next_dagrun for tutorial_objectstorage to None, run_after=None
[2025-08-19T03:20:48.078+0000] {processor.py:183} INFO - Processing /home/airflow/.local/lib/python3.12/site-packages/airflow/example_dags/tutorial_objectstorage.py took 0.076 seconds
[2025-08-19T03:21:19.100+0000] {processor.py:161} INFO - Started process (PID=23422) to work on /home/airflow/.local/lib/python3.12/site-packages/airflow/example_dags/tutorial_objectstorage.py
[2025-08-19T03:21:19.101+0000] {processor.py:830} INFO - Processing file /home/airflow/.local/lib/python3.12/site-packages/airflow/example_dags/tutorial_objectstorage.py for tasks to queue
[2025-08-19T03:21:19.103+0000] {logging_mixin.py:188} INFO - [2025-08-19T03:21:19.102+0000] {dagbag.py:545} INFO - Filling up the DagBag from /home/airflow/.local/lib/python3.12/site-packages/airflow/example_dags/tutorial_objectstorage.py
[2025-08-19T03:21:19.112+0000] {processor.py:840} INFO - DAG(s) 'tutorial_objectstorage' retrieved from /home/airflow/.local/lib/python3.12/site-packages/airflow/example_dags/tutorial_objectstorage.py
[2025-08-19T03:21:19.133+0000] {logging_mixin.py:188} INFO - [2025-08-19T03:21:19.132+0000] {dag.py:3096} INFO - Sync 1 DAGs
[2025-08-19T03:21:19.145+0000] {logging_mixin.py:188} INFO - [2025-08-19T03:21:19.145+0000] {dag.py:3954} INFO - Setting next_dagrun for tutorial_objectstorage to None, run_after=None
[2025-08-19T03:21:19.168+0000] {processor.py:183} INFO - Processing /home/airflow/.local/lib/python3.12/site-packages/airflow/example_dags/tutorial_objectstorage.py took 0.075 seconds
[2025-08-19T03:21:49.625+0000] {processor.py:161} INFO - Started process (PID=23475) to work on /home/airflow/.local/lib/python3.12/site-packages/airflow/example_dags/tutorial_objectstorage.py
[2025-08-19T03:21:49.627+0000] {processor.py:830} INFO - Processing file /home/airflow/.local/lib/python3.12/site-packages/airflow/example_dags/tutorial_objectstorage.py for tasks to queue
[2025-08-19T03:21:49.628+0000] {logging_mixin.py:188} INFO - [2025-08-19T03:21:49.628+0000] {dagbag.py:545} INFO - Filling up the DagBag from /home/airflow/.local/lib/python3.12/site-packages/airflow/example_dags/tutorial_objectstorage.py
[2025-08-19T03:21:49.637+0000] {processor.py:840} INFO - DAG(s) 'tutorial_objectstorage' retrieved from /home/airflow/.local/lib/python3.12/site-packages/airflow/example_dags/tutorial_objectstorage.py
[2025-08-19T03:21:49.658+0000] {logging_mixin.py:188} INFO - [2025-08-19T03:21:49.658+0000] {dag.py:3096} INFO - Sync 1 DAGs
[2025-08-19T03:21:49.673+0000] {logging_mixin.py:188} INFO - [2025-08-19T03:21:49.673+0000] {dag.py:3954} INFO - Setting next_dagrun for tutorial_objectstorage to None, run_after=None
[2025-08-19T03:21:49.701+0000] {processor.py:183} INFO - Processing /home/airflow/.local/lib/python3.12/site-packages/airflow/example_dags/tutorial_objectstorage.py took 0.082 seconds
[2025-08-19T03:22:20.198+0000] {processor.py:161} INFO - Started process (PID=23528) to work on /home/airflow/.local/lib/python3.12/site-packages/airflow/example_dags/tutorial_objectstorage.py
[2025-08-19T03:22:20.200+0000] {processor.py:830} INFO - Processing file /home/airflow/.local/lib/python3.12/site-packages/airflow/example_dags/tutorial_objectstorage.py for tasks to queue
[2025-08-19T03:22:20.201+0000] {logging_mixin.py:188} INFO - [2025-08-19T03:22:20.200+0000] {dagbag.py:545} INFO - Filling up the DagBag from /home/airflow/.local/lib/python3.12/site-packages/airflow/example_dags/tutorial_objectstorage.py
[2025-08-19T03:22:20.212+0000] {processor.py:840} INFO - DAG(s) 'tutorial_objectstorage' retrieved from /home/airflow/.local/lib/python3.12/site-packages/airflow/example_dags/tutorial_objectstorage.py
[2025-08-19T03:22:20.239+0000] {logging_mixin.py:188} INFO - [2025-08-19T03:22:20.239+0000] {dag.py:3096} INFO - Sync 1 DAGs
[2025-08-19T03:22:20.254+0000] {logging_mixin.py:188} INFO - [2025-08-19T03:22:20.254+0000] {dag.py:3954} INFO - Setting next_dagrun for tutorial_objectstorage to None, run_after=None
[2025-08-19T03:22:20.278+0000] {processor.py:183} INFO - Processing /home/airflow/.local/lib/python3.12/site-packages/airflow/example_dags/tutorial_objectstorage.py took 0.088 seconds
[2025-08-19T03:22:50.688+0000] {processor.py:161} INFO - Started process (PID=23581) to work on /home/airflow/.local/lib/python3.12/site-packages/airflow/example_dags/tutorial_objectstorage.py
[2025-08-19T03:22:50.691+0000] {processor.py:830} INFO - Processing file /home/airflow/.local/lib/python3.12/site-packages/airflow/example_dags/tutorial_objectstorage.py for tasks to queue
[2025-08-19T03:22:50.692+0000] {logging_mixin.py:188} INFO - [2025-08-19T03:22:50.692+0000] {dagbag.py:545} INFO - Filling up the DagBag from /home/airflow/.local/lib/python3.12/site-packages/airflow/example_dags/tutorial_objectstorage.py
[2025-08-19T03:22:50.702+0000] {processor.py:840} INFO - DAG(s) 'tutorial_objectstorage' retrieved from /home/airflow/.local/lib/python3.12/site-packages/airflow/example_dags/tutorial_objectstorage.py
[2025-08-19T03:22:50.727+0000] {logging_mixin.py:188} INFO - [2025-08-19T03:22:50.726+0000] {dag.py:3096} INFO - Sync 1 DAGs
[2025-08-19T03:22:50.740+0000] {logging_mixin.py:188} INFO - [2025-08-19T03:22:50.740+0000] {dag.py:3954} INFO - Setting next_dagrun for tutorial_objectstorage to None, run_after=None
[2025-08-19T03:22:50.766+0000] {processor.py:183} INFO - Processing /home/airflow/.local/lib/python3.12/site-packages/airflow/example_dags/tutorial_objectstorage.py took 0.085 seconds
[2025-08-19T03:23:21.091+0000] {processor.py:161} INFO - Started process (PID=23634) to work on /home/airflow/.local/lib/python3.12/site-packages/airflow/example_dags/tutorial_objectstorage.py
[2025-08-19T03:23:21.092+0000] {processor.py:830} INFO - Processing file /home/airflow/.local/lib/python3.12/site-packages/airflow/example_dags/tutorial_objectstorage.py for tasks to queue
[2025-08-19T03:23:21.093+0000] {logging_mixin.py:188} INFO - [2025-08-19T03:23:21.093+0000] {dagbag.py:545} INFO - Filling up the DagBag from /home/airflow/.local/lib/python3.12/site-packages/airflow/example_dags/tutorial_objectstorage.py
[2025-08-19T03:23:21.103+0000] {processor.py:840} INFO - DAG(s) 'tutorial_objectstorage' retrieved from /home/airflow/.local/lib/python3.12/site-packages/airflow/example_dags/tutorial_objectstorage.py
[2025-08-19T03:23:21.124+0000] {logging_mixin.py:188} INFO - [2025-08-19T03:23:21.124+0000] {dag.py:3096} INFO - Sync 1 DAGs
[2025-08-19T03:23:21.138+0000] {logging_mixin.py:188} INFO - [2025-08-19T03:23:21.137+0000] {dag.py:3954} INFO - Setting next_dagrun for tutorial_objectstorage to None, run_after=None
[2025-08-19T03:23:21.163+0000] {processor.py:183} INFO - Processing /home/airflow/.local/lib/python3.12/site-packages/airflow/example_dags/tutorial_objectstorage.py took 0.079 seconds
[2025-08-19T03:23:51.567+0000] {processor.py:161} INFO - Started process (PID=23687) to work on /home/airflow/.local/lib/python3.12/site-packages/airflow/example_dags/tutorial_objectstorage.py
[2025-08-19T03:23:51.568+0000] {processor.py:830} INFO - Processing file /home/airflow/.local/lib/python3.12/site-packages/airflow/example_dags/tutorial_objectstorage.py for tasks to queue
[2025-08-19T03:23:51.572+0000] {logging_mixin.py:188} INFO - [2025-08-19T03:23:51.571+0000] {dagbag.py:545} INFO - Filling up the DagBag from /home/airflow/.local/lib/python3.12/site-packages/airflow/example_dags/tutorial_objectstorage.py
[2025-08-19T03:23:51.580+0000] {processor.py:840} INFO - DAG(s) 'tutorial_objectstorage' retrieved from /home/airflow/.local/lib/python3.12/site-packages/airflow/example_dags/tutorial_objectstorage.py
[2025-08-19T03:23:51.602+0000] {logging_mixin.py:188} INFO - [2025-08-19T03:23:51.602+0000] {dag.py:3096} INFO - Sync 1 DAGs
[2025-08-19T03:23:51.616+0000] {logging_mixin.py:188} INFO - [2025-08-19T03:23:51.615+0000] {dag.py:3954} INFO - Setting next_dagrun for tutorial_objectstorage to None, run_after=None
[2025-08-19T03:23:51.643+0000] {processor.py:183} INFO - Processing /home/airflow/.local/lib/python3.12/site-packages/airflow/example_dags/tutorial_objectstorage.py took 0.085 seconds
[2025-08-19T03:24:22.236+0000] {processor.py:161} INFO - Started process (PID=23740) to work on /home/airflow/.local/lib/python3.12/site-packages/airflow/example_dags/tutorial_objectstorage.py
[2025-08-19T03:24:22.237+0000] {processor.py:830} INFO - Processing file /home/airflow/.local/lib/python3.12/site-packages/airflow/example_dags/tutorial_objectstorage.py for tasks to queue
[2025-08-19T03:24:22.238+0000] {logging_mixin.py:188} INFO - [2025-08-19T03:24:22.238+0000] {dagbag.py:545} INFO - Filling up the DagBag from /home/airflow/.local/lib/python3.12/site-packages/airflow/example_dags/tutorial_objectstorage.py
[2025-08-19T03:24:22.247+0000] {processor.py:840} INFO - DAG(s) 'tutorial_objectstorage' retrieved from /home/airflow/.local/lib/python3.12/site-packages/airflow/example_dags/tutorial_objectstorage.py
[2025-08-19T03:24:22.267+0000] {logging_mixin.py:188} INFO - [2025-08-19T03:24:22.266+0000] {dag.py:3096} INFO - Sync 1 DAGs
[2025-08-19T03:24:22.281+0000] {logging_mixin.py:188} INFO - [2025-08-19T03:24:22.280+0000] {dag.py:3954} INFO - Setting next_dagrun for tutorial_objectstorage to None, run_after=None
[2025-08-19T03:24:22.303+0000] {processor.py:183} INFO - Processing /home/airflow/.local/lib/python3.12/site-packages/airflow/example_dags/tutorial_objectstorage.py took 0.074 seconds
[2025-08-19T03:24:52.834+0000] {processor.py:161} INFO - Started process (PID=23793) to work on /home/airflow/.local/lib/python3.12/site-packages/airflow/example_dags/tutorial_objectstorage.py
[2025-08-19T03:24:52.836+0000] {processor.py:830} INFO - Processing file /home/airflow/.local/lib/python3.12/site-packages/airflow/example_dags/tutorial_objectstorage.py for tasks to queue
[2025-08-19T03:24:52.838+0000] {logging_mixin.py:188} INFO - [2025-08-19T03:24:52.838+0000] {dagbag.py:545} INFO - Filling up the DagBag from /home/airflow/.local/lib/python3.12/site-packages/airflow/example_dags/tutorial_objectstorage.py
[2025-08-19T03:24:52.849+0000] {processor.py:840} INFO - DAG(s) 'tutorial_objectstorage' retrieved from /home/airflow/.local/lib/python3.12/site-packages/airflow/example_dags/tutorial_objectstorage.py
[2025-08-19T03:24:52.873+0000] {logging_mixin.py:188} INFO - [2025-08-19T03:24:52.873+0000] {dag.py:3096} INFO - Sync 1 DAGs
[2025-08-19T03:24:52.888+0000] {logging_mixin.py:188} INFO - [2025-08-19T03:24:52.888+0000] {dag.py:3954} INFO - Setting next_dagrun for tutorial_objectstorage to None, run_after=None
[2025-08-19T03:24:52.918+0000] {processor.py:183} INFO - Processing /home/airflow/.local/lib/python3.12/site-packages/airflow/example_dags/tutorial_objectstorage.py took 0.092 seconds
[2025-08-19T03:25:23.453+0000] {processor.py:161} INFO - Started process (PID=23846) to work on /home/airflow/.local/lib/python3.12/site-packages/airflow/example_dags/tutorial_objectstorage.py
[2025-08-19T03:25:23.454+0000] {processor.py:830} INFO - Processing file /home/airflow/.local/lib/python3.12/site-packages/airflow/example_dags/tutorial_objectstorage.py for tasks to queue
[2025-08-19T03:25:23.455+0000] {logging_mixin.py:188} INFO - [2025-08-19T03:25:23.455+0000] {dagbag.py:545} INFO - Filling up the DagBag from /home/airflow/.local/lib/python3.12/site-packages/airflow/example_dags/tutorial_objectstorage.py
[2025-08-19T03:25:23.464+0000] {processor.py:840} INFO - DAG(s) 'tutorial_objectstorage' retrieved from /home/airflow/.local/lib/python3.12/site-packages/airflow/example_dags/tutorial_objectstorage.py
[2025-08-19T03:25:23.485+0000] {logging_mixin.py:188} INFO - [2025-08-19T03:25:23.485+0000] {dag.py:3096} INFO - Sync 1 DAGs
[2025-08-19T03:25:23.498+0000] {logging_mixin.py:188} INFO - [2025-08-19T03:25:23.498+0000] {dag.py:3954} INFO - Setting next_dagrun for tutorial_objectstorage to None, run_after=None
[2025-08-19T03:25:23.523+0000] {processor.py:183} INFO - Processing /home/airflow/.local/lib/python3.12/site-packages/airflow/example_dags/tutorial_objectstorage.py took 0.078 seconds
[2025-08-19T03:25:53.841+0000] {processor.py:161} INFO - Started process (PID=23899) to work on /home/airflow/.local/lib/python3.12/site-packages/airflow/example_dags/tutorial_objectstorage.py
[2025-08-19T03:25:53.843+0000] {processor.py:830} INFO - Processing file /home/airflow/.local/lib/python3.12/site-packages/airflow/example_dags/tutorial_objectstorage.py for tasks to queue
[2025-08-19T03:25:53.844+0000] {logging_mixin.py:188} INFO - [2025-08-19T03:25:53.844+0000] {dagbag.py:545} INFO - Filling up the DagBag from /home/airflow/.local/lib/python3.12/site-packages/airflow/example_dags/tutorial_objectstorage.py
[2025-08-19T03:25:53.854+0000] {processor.py:840} INFO - DAG(s) 'tutorial_objectstorage' retrieved from /home/airflow/.local/lib/python3.12/site-packages/airflow/example_dags/tutorial_objectstorage.py
[2025-08-19T03:25:53.875+0000] {logging_mixin.py:188} INFO - [2025-08-19T03:25:53.875+0000] {dag.py:3096} INFO - Sync 1 DAGs
[2025-08-19T03:25:53.888+0000] {logging_mixin.py:188} INFO - [2025-08-19T03:25:53.888+0000] {dag.py:3954} INFO - Setting next_dagrun for tutorial_objectstorage to None, run_after=None
[2025-08-19T03:25:53.913+0000] {processor.py:183} INFO - Processing /home/airflow/.local/lib/python3.12/site-packages/airflow/example_dags/tutorial_objectstorage.py took 0.078 seconds
[2025-08-19T03:26:24.202+0000] {processor.py:161} INFO - Started process (PID=23952) to work on /home/airflow/.local/lib/python3.12/site-packages/airflow/example_dags/tutorial_objectstorage.py
[2025-08-19T03:26:24.204+0000] {processor.py:830} INFO - Processing file /home/airflow/.local/lib/python3.12/site-packages/airflow/example_dags/tutorial_objectstorage.py for tasks to queue
[2025-08-19T03:26:24.206+0000] {logging_mixin.py:188} INFO - [2025-08-19T03:26:24.205+0000] {dagbag.py:545} INFO - Filling up the DagBag from /home/airflow/.local/lib/python3.12/site-packages/airflow/example_dags/tutorial_objectstorage.py
[2025-08-19T03:26:24.215+0000] {processor.py:840} INFO - DAG(s) 'tutorial_objectstorage' retrieved from /home/airflow/.local/lib/python3.12/site-packages/airflow/example_dags/tutorial_objectstorage.py
[2025-08-19T03:26:24.237+0000] {logging_mixin.py:188} INFO - [2025-08-19T03:26:24.237+0000] {dag.py:3096} INFO - Sync 1 DAGs
[2025-08-19T03:26:24.252+0000] {logging_mixin.py:188} INFO - [2025-08-19T03:26:24.252+0000] {dag.py:3954} INFO - Setting next_dagrun for tutorial_objectstorage to None, run_after=None
[2025-08-19T03:26:24.278+0000] {processor.py:183} INFO - Processing /home/airflow/.local/lib/python3.12/site-packages/airflow/example_dags/tutorial_objectstorage.py took 0.083 seconds
[2025-08-19T03:26:54.701+0000] {processor.py:161} INFO - Started process (PID=24005) to work on /home/airflow/.local/lib/python3.12/site-packages/airflow/example_dags/tutorial_objectstorage.py
[2025-08-19T03:26:54.703+0000] {processor.py:830} INFO - Processing file /home/airflow/.local/lib/python3.12/site-packages/airflow/example_dags/tutorial_objectstorage.py for tasks to queue
[2025-08-19T03:26:54.704+0000] {logging_mixin.py:188} INFO - [2025-08-19T03:26:54.703+0000] {dagbag.py:545} INFO - Filling up the DagBag from /home/airflow/.local/lib/python3.12/site-packages/airflow/example_dags/tutorial_objectstorage.py
[2025-08-19T03:26:54.713+0000] {processor.py:840} INFO - DAG(s) 'tutorial_objectstorage' retrieved from /home/airflow/.local/lib/python3.12/site-packages/airflow/example_dags/tutorial_objectstorage.py
[2025-08-19T03:26:54.735+0000] {logging_mixin.py:188} INFO - [2025-08-19T03:26:54.734+0000] {dag.py:3096} INFO - Sync 1 DAGs
[2025-08-19T03:26:54.749+0000] {logging_mixin.py:188} INFO - [2025-08-19T03:26:54.749+0000] {dag.py:3954} INFO - Setting next_dagrun for tutorial_objectstorage to None, run_after=None
[2025-08-19T03:26:54.772+0000] {processor.py:183} INFO - Processing /home/airflow/.local/lib/python3.12/site-packages/airflow/example_dags/tutorial_objectstorage.py took 0.077 seconds
[2025-08-19T03:27:25.141+0000] {processor.py:161} INFO - Started process (PID=24058) to work on /home/airflow/.local/lib/python3.12/site-packages/airflow/example_dags/tutorial_objectstorage.py
[2025-08-19T03:27:25.143+0000] {processor.py:830} INFO - Processing file /home/airflow/.local/lib/python3.12/site-packages/airflow/example_dags/tutorial_objectstorage.py for tasks to queue
[2025-08-19T03:27:25.144+0000] {logging_mixin.py:188} INFO - [2025-08-19T03:27:25.144+0000] {dagbag.py:545} INFO - Filling up the DagBag from /home/airflow/.local/lib/python3.12/site-packages/airflow/example_dags/tutorial_objectstorage.py
[2025-08-19T03:27:25.152+0000] {processor.py:840} INFO - DAG(s) 'tutorial_objectstorage' retrieved from /home/airflow/.local/lib/python3.12/site-packages/airflow/example_dags/tutorial_objectstorage.py
[2025-08-19T03:27:25.173+0000] {logging_mixin.py:188} INFO - [2025-08-19T03:27:25.173+0000] {dag.py:3096} INFO - Sync 1 DAGs
[2025-08-19T03:27:25.187+0000] {logging_mixin.py:188} INFO - [2025-08-19T03:27:25.187+0000] {dag.py:3954} INFO - Setting next_dagrun for tutorial_objectstorage to None, run_after=None
[2025-08-19T03:27:25.212+0000] {processor.py:183} INFO - Processing /home/airflow/.local/lib/python3.12/site-packages/airflow/example_dags/tutorial_objectstorage.py took 0.077 seconds
[2025-08-19T03:27:55.667+0000] {processor.py:161} INFO - Started process (PID=24111) to work on /home/airflow/.local/lib/python3.12/site-packages/airflow/example_dags/tutorial_objectstorage.py
[2025-08-19T03:27:55.668+0000] {processor.py:830} INFO - Processing file /home/airflow/.local/lib/python3.12/site-packages/airflow/example_dags/tutorial_objectstorage.py for tasks to queue
[2025-08-19T03:27:55.669+0000] {logging_mixin.py:188} INFO - [2025-08-19T03:27:55.669+0000] {dagbag.py:545} INFO - Filling up the DagBag from /home/airflow/.local/lib/python3.12/site-packages/airflow/example_dags/tutorial_objectstorage.py
[2025-08-19T03:27:55.680+0000] {processor.py:840} INFO - DAG(s) 'tutorial_objectstorage' retrieved from /home/airflow/.local/lib/python3.12/site-packages/airflow/example_dags/tutorial_objectstorage.py
[2025-08-19T03:27:55.701+0000] {logging_mixin.py:188} INFO - [2025-08-19T03:27:55.701+0000] {dag.py:3096} INFO - Sync 1 DAGs
[2025-08-19T03:27:55.715+0000] {logging_mixin.py:188} INFO - [2025-08-19T03:27:55.715+0000] {dag.py:3954} INFO - Setting next_dagrun for tutorial_objectstorage to None, run_after=None
[2025-08-19T03:27:55.740+0000] {processor.py:183} INFO - Processing /home/airflow/.local/lib/python3.12/site-packages/airflow/example_dags/tutorial_objectstorage.py took 0.080 seconds
[2025-08-19T03:28:26.087+0000] {processor.py:161} INFO - Started process (PID=24164) to work on /home/airflow/.local/lib/python3.12/site-packages/airflow/example_dags/tutorial_objectstorage.py
[2025-08-19T03:28:26.088+0000] {processor.py:830} INFO - Processing file /home/airflow/.local/lib/python3.12/site-packages/airflow/example_dags/tutorial_objectstorage.py for tasks to queue
[2025-08-19T03:28:26.090+0000] {logging_mixin.py:188} INFO - [2025-08-19T03:28:26.090+0000] {dagbag.py:545} INFO - Filling up the DagBag from /home/airflow/.local/lib/python3.12/site-packages/airflow/example_dags/tutorial_objectstorage.py
[2025-08-19T03:28:26.098+0000] {processor.py:840} INFO - DAG(s) 'tutorial_objectstorage' retrieved from /home/airflow/.local/lib/python3.12/site-packages/airflow/example_dags/tutorial_objectstorage.py
[2025-08-19T03:28:26.121+0000] {logging_mixin.py:188} INFO - [2025-08-19T03:28:26.121+0000] {dag.py:3096} INFO - Sync 1 DAGs
[2025-08-19T03:28:26.134+0000] {logging_mixin.py:188} INFO - [2025-08-19T03:28:26.134+0000] {dag.py:3954} INFO - Setting next_dagrun for tutorial_objectstorage to None, run_after=None
[2025-08-19T03:28:26.157+0000] {processor.py:183} INFO - Processing /home/airflow/.local/lib/python3.12/site-packages/airflow/example_dags/tutorial_objectstorage.py took 0.078 seconds
[2025-08-19T03:28:56.551+0000] {processor.py:161} INFO - Started process (PID=24217) to work on /home/airflow/.local/lib/python3.12/site-packages/airflow/example_dags/tutorial_objectstorage.py
[2025-08-19T03:28:56.553+0000] {processor.py:830} INFO - Processing file /home/airflow/.local/lib/python3.12/site-packages/airflow/example_dags/tutorial_objectstorage.py for tasks to queue
[2025-08-19T03:28:56.554+0000] {logging_mixin.py:188} INFO - [2025-08-19T03:28:56.554+0000] {dagbag.py:545} INFO - Filling up the DagBag from /home/airflow/.local/lib/python3.12/site-packages/airflow/example_dags/tutorial_objectstorage.py
[2025-08-19T03:28:56.563+0000] {processor.py:840} INFO - DAG(s) 'tutorial_objectstorage' retrieved from /home/airflow/.local/lib/python3.12/site-packages/airflow/example_dags/tutorial_objectstorage.py
[2025-08-19T03:28:56.583+0000] {logging_mixin.py:188} INFO - [2025-08-19T03:28:56.583+0000] {dag.py:3096} INFO - Sync 1 DAGs
[2025-08-19T03:28:56.597+0000] {logging_mixin.py:188} INFO - [2025-08-19T03:28:56.597+0000] {dag.py:3954} INFO - Setting next_dagrun for tutorial_objectstorage to None, run_after=None
[2025-08-19T03:28:56.623+0000] {processor.py:183} INFO - Processing /home/airflow/.local/lib/python3.12/site-packages/airflow/example_dags/tutorial_objectstorage.py took 0.078 seconds
[2025-08-19T03:29:26.912+0000] {processor.py:161} INFO - Started process (PID=24270) to work on /home/airflow/.local/lib/python3.12/site-packages/airflow/example_dags/tutorial_objectstorage.py
[2025-08-19T03:29:26.914+0000] {processor.py:830} INFO - Processing file /home/airflow/.local/lib/python3.12/site-packages/airflow/example_dags/tutorial_objectstorage.py for tasks to queue
[2025-08-19T03:29:26.915+0000] {logging_mixin.py:188} INFO - [2025-08-19T03:29:26.915+0000] {dagbag.py:545} INFO - Filling up the DagBag from /home/airflow/.local/lib/python3.12/site-packages/airflow/example_dags/tutorial_objectstorage.py
[2025-08-19T03:29:26.924+0000] {processor.py:840} INFO - DAG(s) 'tutorial_objectstorage' retrieved from /home/airflow/.local/lib/python3.12/site-packages/airflow/example_dags/tutorial_objectstorage.py
[2025-08-19T03:29:26.944+0000] {logging_mixin.py:188} INFO - [2025-08-19T03:29:26.944+0000] {dag.py:3096} INFO - Sync 1 DAGs
[2025-08-19T03:29:26.957+0000] {logging_mixin.py:188} INFO - [2025-08-19T03:29:26.957+0000] {dag.py:3954} INFO - Setting next_dagrun for tutorial_objectstorage to None, run_after=None
[2025-08-19T03:29:26.979+0000] {processor.py:183} INFO - Processing /home/airflow/.local/lib/python3.12/site-packages/airflow/example_dags/tutorial_objectstorage.py took 0.074 seconds
[2025-08-19T03:29:57.270+0000] {processor.py:161} INFO - Started process (PID=24323) to work on /home/airflow/.local/lib/python3.12/site-packages/airflow/example_dags/tutorial_objectstorage.py
[2025-08-19T03:29:57.271+0000] {processor.py:830} INFO - Processing file /home/airflow/.local/lib/python3.12/site-packages/airflow/example_dags/tutorial_objectstorage.py for tasks to queue
[2025-08-19T03:29:57.272+0000] {logging_mixin.py:188} INFO - [2025-08-19T03:29:57.272+0000] {dagbag.py:545} INFO - Filling up the DagBag from /home/airflow/.local/lib/python3.12/site-packages/airflow/example_dags/tutorial_objectstorage.py
[2025-08-19T03:29:57.281+0000] {processor.py:840} INFO - DAG(s) 'tutorial_objectstorage' retrieved from /home/airflow/.local/lib/python3.12/site-packages/airflow/example_dags/tutorial_objectstorage.py
[2025-08-19T03:29:57.302+0000] {logging_mixin.py:188} INFO - [2025-08-19T03:29:57.302+0000] {dag.py:3096} INFO - Sync 1 DAGs
[2025-08-19T03:29:57.316+0000] {logging_mixin.py:188} INFO - [2025-08-19T03:29:57.316+0000] {dag.py:3954} INFO - Setting next_dagrun for tutorial_objectstorage to None, run_after=None
[2025-08-19T03:29:57.339+0000] {processor.py:183} INFO - Processing /home/airflow/.local/lib/python3.12/site-packages/airflow/example_dags/tutorial_objectstorage.py took 0.076 seconds
[2025-08-19T03:30:27.771+0000] {processor.py:161} INFO - Started process (PID=24376) to work on /home/airflow/.local/lib/python3.12/site-packages/airflow/example_dags/tutorial_objectstorage.py
[2025-08-19T03:30:27.773+0000] {processor.py:830} INFO - Processing file /home/airflow/.local/lib/python3.12/site-packages/airflow/example_dags/tutorial_objectstorage.py for tasks to queue
[2025-08-19T03:30:27.774+0000] {logging_mixin.py:188} INFO - [2025-08-19T03:30:27.774+0000] {dagbag.py:545} INFO - Filling up the DagBag from /home/airflow/.local/lib/python3.12/site-packages/airflow/example_dags/tutorial_objectstorage.py
[2025-08-19T03:30:27.783+0000] {processor.py:840} INFO - DAG(s) 'tutorial_objectstorage' retrieved from /home/airflow/.local/lib/python3.12/site-packages/airflow/example_dags/tutorial_objectstorage.py
[2025-08-19T03:30:27.802+0000] {logging_mixin.py:188} INFO - [2025-08-19T03:30:27.802+0000] {dag.py:3096} INFO - Sync 1 DAGs
[2025-08-19T03:30:27.815+0000] {logging_mixin.py:188} INFO - [2025-08-19T03:30:27.814+0000] {dag.py:3954} INFO - Setting next_dagrun for tutorial_objectstorage to None, run_after=None
[2025-08-19T03:30:27.839+0000] {processor.py:183} INFO - Processing /home/airflow/.local/lib/python3.12/site-packages/airflow/example_dags/tutorial_objectstorage.py took 0.074 seconds
[2025-08-19T03:30:58.412+0000] {processor.py:161} INFO - Started process (PID=24429) to work on /home/airflow/.local/lib/python3.12/site-packages/airflow/example_dags/tutorial_objectstorage.py
[2025-08-19T03:30:58.413+0000] {processor.py:830} INFO - Processing file /home/airflow/.local/lib/python3.12/site-packages/airflow/example_dags/tutorial_objectstorage.py for tasks to queue
[2025-08-19T03:30:58.414+0000] {logging_mixin.py:188} INFO - [2025-08-19T03:30:58.414+0000] {dagbag.py:545} INFO - Filling up the DagBag from /home/airflow/.local/lib/python3.12/site-packages/airflow/example_dags/tutorial_objectstorage.py
[2025-08-19T03:30:58.425+0000] {processor.py:840} INFO - DAG(s) 'tutorial_objectstorage' retrieved from /home/airflow/.local/lib/python3.12/site-packages/airflow/example_dags/tutorial_objectstorage.py
[2025-08-19T03:30:58.448+0000] {logging_mixin.py:188} INFO - [2025-08-19T03:30:58.448+0000] {dag.py:3096} INFO - Sync 1 DAGs
[2025-08-19T03:30:58.463+0000] {logging_mixin.py:188} INFO - [2025-08-19T03:30:58.463+0000] {dag.py:3954} INFO - Setting next_dagrun for tutorial_objectstorage to None, run_after=None
[2025-08-19T03:30:58.495+0000] {processor.py:183} INFO - Processing /home/airflow/.local/lib/python3.12/site-packages/airflow/example_dags/tutorial_objectstorage.py took 0.089 seconds
[2025-08-19T03:31:28.727+0000] {processor.py:161} INFO - Started process (PID=24482) to work on /home/airflow/.local/lib/python3.12/site-packages/airflow/example_dags/tutorial_objectstorage.py
[2025-08-19T03:31:28.729+0000] {processor.py:830} INFO - Processing file /home/airflow/.local/lib/python3.12/site-packages/airflow/example_dags/tutorial_objectstorage.py for tasks to queue
[2025-08-19T03:31:28.730+0000] {logging_mixin.py:188} INFO - [2025-08-19T03:31:28.730+0000] {dagbag.py:545} INFO - Filling up the DagBag from /home/airflow/.local/lib/python3.12/site-packages/airflow/example_dags/tutorial_objectstorage.py
[2025-08-19T03:31:28.739+0000] {processor.py:840} INFO - DAG(s) 'tutorial_objectstorage' retrieved from /home/airflow/.local/lib/python3.12/site-packages/airflow/example_dags/tutorial_objectstorage.py
[2025-08-19T03:31:28.760+0000] {logging_mixin.py:188} INFO - [2025-08-19T03:31:28.759+0000] {dag.py:3096} INFO - Sync 1 DAGs
[2025-08-19T03:31:28.774+0000] {logging_mixin.py:188} INFO - [2025-08-19T03:31:28.774+0000] {dag.py:3954} INFO - Setting next_dagrun for tutorial_objectstorage to None, run_after=None
[2025-08-19T03:31:28.800+0000] {processor.py:183} INFO - Processing /home/airflow/.local/lib/python3.12/site-packages/airflow/example_dags/tutorial_objectstorage.py took 0.079 seconds
[2025-08-19T03:31:59.025+0000] {processor.py:161} INFO - Started process (PID=24535) to work on /home/airflow/.local/lib/python3.12/site-packages/airflow/example_dags/tutorial_objectstorage.py
[2025-08-19T03:31:59.026+0000] {processor.py:830} INFO - Processing file /home/airflow/.local/lib/python3.12/site-packages/airflow/example_dags/tutorial_objectstorage.py for tasks to queue
[2025-08-19T03:31:59.028+0000] {logging_mixin.py:188} INFO - [2025-08-19T03:31:59.027+0000] {dagbag.py:545} INFO - Filling up the DagBag from /home/airflow/.local/lib/python3.12/site-packages/airflow/example_dags/tutorial_objectstorage.py
[2025-08-19T03:31:59.038+0000] {processor.py:840} INFO - DAG(s) 'tutorial_objectstorage' retrieved from /home/airflow/.local/lib/python3.12/site-packages/airflow/example_dags/tutorial_objectstorage.py
[2025-08-19T03:31:59.059+0000] {logging_mixin.py:188} INFO - [2025-08-19T03:31:59.059+0000] {dag.py:3096} INFO - Sync 1 DAGs
[2025-08-19T03:31:59.073+0000] {logging_mixin.py:188} INFO - [2025-08-19T03:31:59.073+0000] {dag.py:3954} INFO - Setting next_dagrun for tutorial_objectstorage to None, run_after=None
[2025-08-19T03:31:59.097+0000] {processor.py:183} INFO - Processing /home/airflow/.local/lib/python3.12/site-packages/airflow/example_dags/tutorial_objectstorage.py took 0.078 seconds
[2025-08-19T03:32:29.708+0000] {processor.py:161} INFO - Started process (PID=24588) to work on /home/airflow/.local/lib/python3.12/site-packages/airflow/example_dags/tutorial_objectstorage.py
[2025-08-19T03:32:29.710+0000] {processor.py:830} INFO - Processing file /home/airflow/.local/lib/python3.12/site-packages/airflow/example_dags/tutorial_objectstorage.py for tasks to queue
[2025-08-19T03:32:29.711+0000] {logging_mixin.py:188} INFO - [2025-08-19T03:32:29.711+0000] {dagbag.py:545} INFO - Filling up the DagBag from /home/airflow/.local/lib/python3.12/site-packages/airflow/example_dags/tutorial_objectstorage.py
[2025-08-19T03:32:29.721+0000] {processor.py:840} INFO - DAG(s) 'tutorial_objectstorage' retrieved from /home/airflow/.local/lib/python3.12/site-packages/airflow/example_dags/tutorial_objectstorage.py
[2025-08-19T03:32:29.745+0000] {logging_mixin.py:188} INFO - [2025-08-19T03:32:29.745+0000] {dag.py:3096} INFO - Sync 1 DAGs
[2025-08-19T03:32:29.759+0000] {logging_mixin.py:188} INFO - [2025-08-19T03:32:29.759+0000] {dag.py:3954} INFO - Setting next_dagrun for tutorial_objectstorage to None, run_after=None
[2025-08-19T03:32:29.787+0000] {processor.py:183} INFO - Processing /home/airflow/.local/lib/python3.12/site-packages/airflow/example_dags/tutorial_objectstorage.py took 0.085 seconds
[2025-08-19T03:33:00.321+0000] {processor.py:161} INFO - Started process (PID=24641) to work on /home/airflow/.local/lib/python3.12/site-packages/airflow/example_dags/tutorial_objectstorage.py
[2025-08-19T03:33:00.324+0000] {processor.py:830} INFO - Processing file /home/airflow/.local/lib/python3.12/site-packages/airflow/example_dags/tutorial_objectstorage.py for tasks to queue
[2025-08-19T03:33:00.328+0000] {logging_mixin.py:188} INFO - [2025-08-19T03:33:00.327+0000] {dagbag.py:545} INFO - Filling up the DagBag from /home/airflow/.local/lib/python3.12/site-packages/airflow/example_dags/tutorial_objectstorage.py
[2025-08-19T03:33:00.357+0000] {processor.py:840} INFO - DAG(s) 'tutorial_objectstorage' retrieved from /home/airflow/.local/lib/python3.12/site-packages/airflow/example_dags/tutorial_objectstorage.py
[2025-08-19T03:33:00.416+0000] {logging_mixin.py:188} INFO - [2025-08-19T03:33:00.415+0000] {dag.py:3096} INFO - Sync 1 DAGs
[2025-08-19T03:33:00.444+0000] {logging_mixin.py:188} INFO - [2025-08-19T03:33:00.444+0000] {dag.py:3954} INFO - Setting next_dagrun for tutorial_objectstorage to None, run_after=None
[2025-08-19T03:33:00.522+0000] {processor.py:183} INFO - Processing /home/airflow/.local/lib/python3.12/site-packages/airflow/example_dags/tutorial_objectstorage.py took 0.220 seconds
[2025-08-19T03:33:34.209+0000] {processor.py:161} INFO - Started process (PID=24694) to work on /home/airflow/.local/lib/python3.12/site-packages/airflow/example_dags/tutorial_objectstorage.py
[2025-08-19T03:33:34.213+0000] {processor.py:830} INFO - Processing file /home/airflow/.local/lib/python3.12/site-packages/airflow/example_dags/tutorial_objectstorage.py for tasks to queue
[2025-08-19T03:33:34.217+0000] {logging_mixin.py:188} INFO - [2025-08-19T03:33:34.215+0000] {dagbag.py:545} INFO - Filling up the DagBag from /home/airflow/.local/lib/python3.12/site-packages/airflow/example_dags/tutorial_objectstorage.py
[2025-08-19T03:33:34.250+0000] {processor.py:840} INFO - DAG(s) 'tutorial_objectstorage' retrieved from /home/airflow/.local/lib/python3.12/site-packages/airflow/example_dags/tutorial_objectstorage.py
[2025-08-19T03:33:34.311+0000] {logging_mixin.py:188} INFO - [2025-08-19T03:33:34.311+0000] {dag.py:3096} INFO - Sync 1 DAGs
[2025-08-19T03:33:34.350+0000] {logging_mixin.py:188} INFO - [2025-08-19T03:33:34.349+0000] {dag.py:3954} INFO - Setting next_dagrun for tutorial_objectstorage to None, run_after=None
[2025-08-19T03:33:34.437+0000] {processor.py:183} INFO - Processing /home/airflow/.local/lib/python3.12/site-packages/airflow/example_dags/tutorial_objectstorage.py took 0.250 seconds
[2025-08-19T03:34:05.383+0000] {processor.py:161} INFO - Started process (PID=24747) to work on /home/airflow/.local/lib/python3.12/site-packages/airflow/example_dags/tutorial_objectstorage.py
[2025-08-19T03:34:05.385+0000] {processor.py:830} INFO - Processing file /home/airflow/.local/lib/python3.12/site-packages/airflow/example_dags/tutorial_objectstorage.py for tasks to queue
[2025-08-19T03:34:05.387+0000] {logging_mixin.py:188} INFO - [2025-08-19T03:34:05.386+0000] {dagbag.py:545} INFO - Filling up the DagBag from /home/airflow/.local/lib/python3.12/site-packages/airflow/example_dags/tutorial_objectstorage.py
[2025-08-19T03:34:05.397+0000] {processor.py:840} INFO - DAG(s) 'tutorial_objectstorage' retrieved from /home/airflow/.local/lib/python3.12/site-packages/airflow/example_dags/tutorial_objectstorage.py
[2025-08-19T03:34:05.423+0000] {logging_mixin.py:188} INFO - [2025-08-19T03:34:05.423+0000] {dag.py:3096} INFO - Sync 1 DAGs
[2025-08-19T03:34:05.437+0000] {logging_mixin.py:188} INFO - [2025-08-19T03:34:05.437+0000] {dag.py:3954} INFO - Setting next_dagrun for tutorial_objectstorage to None, run_after=None
[2025-08-19T03:34:05.466+0000] {processor.py:183} INFO - Processing /home/airflow/.local/lib/python3.12/site-packages/airflow/example_dags/tutorial_objectstorage.py took 0.090 seconds
[2025-08-19T03:34:35.776+0000] {processor.py:161} INFO - Started process (PID=24800) to work on /home/airflow/.local/lib/python3.12/site-packages/airflow/example_dags/tutorial_objectstorage.py
[2025-08-19T03:34:35.782+0000] {processor.py:830} INFO - Processing file /home/airflow/.local/lib/python3.12/site-packages/airflow/example_dags/tutorial_objectstorage.py for tasks to queue
[2025-08-19T03:34:35.785+0000] {logging_mixin.py:188} INFO - [2025-08-19T03:34:35.783+0000] {dagbag.py:545} INFO - Filling up the DagBag from /home/airflow/.local/lib/python3.12/site-packages/airflow/example_dags/tutorial_objectstorage.py
[2025-08-19T03:34:35.808+0000] {processor.py:840} INFO - DAG(s) 'tutorial_objectstorage' retrieved from /home/airflow/.local/lib/python3.12/site-packages/airflow/example_dags/tutorial_objectstorage.py
[2025-08-19T03:34:35.845+0000] {logging_mixin.py:188} INFO - [2025-08-19T03:34:35.844+0000] {dag.py:3096} INFO - Sync 1 DAGs
[2025-08-19T03:34:35.869+0000] {logging_mixin.py:188} INFO - [2025-08-19T03:34:35.868+0000] {dag.py:3954} INFO - Setting next_dagrun for tutorial_objectstorage to None, run_after=None
[2025-08-19T03:34:35.917+0000] {processor.py:183} INFO - Processing /home/airflow/.local/lib/python3.12/site-packages/airflow/example_dags/tutorial_objectstorage.py took 0.154 seconds
[2025-08-19T03:35:06.065+0000] {processor.py:161} INFO - Started process (PID=24853) to work on /home/airflow/.local/lib/python3.12/site-packages/airflow/example_dags/tutorial_objectstorage.py
[2025-08-19T03:35:06.067+0000] {processor.py:830} INFO - Processing file /home/airflow/.local/lib/python3.12/site-packages/airflow/example_dags/tutorial_objectstorage.py for tasks to queue
[2025-08-19T03:35:06.069+0000] {logging_mixin.py:188} INFO - [2025-08-19T03:35:06.068+0000] {dagbag.py:545} INFO - Filling up the DagBag from /home/airflow/.local/lib/python3.12/site-packages/airflow/example_dags/tutorial_objectstorage.py
[2025-08-19T03:35:06.084+0000] {processor.py:840} INFO - DAG(s) 'tutorial_objectstorage' retrieved from /home/airflow/.local/lib/python3.12/site-packages/airflow/example_dags/tutorial_objectstorage.py
[2025-08-19T03:35:06.110+0000] {logging_mixin.py:188} INFO - [2025-08-19T03:35:06.110+0000] {dag.py:3096} INFO - Sync 1 DAGs
[2025-08-19T03:35:06.124+0000] {logging_mixin.py:188} INFO - [2025-08-19T03:35:06.123+0000] {dag.py:3954} INFO - Setting next_dagrun for tutorial_objectstorage to None, run_after=None
[2025-08-19T03:35:06.148+0000] {processor.py:183} INFO - Processing /home/airflow/.local/lib/python3.12/site-packages/airflow/example_dags/tutorial_objectstorage.py took 0.091 seconds
[2025-08-19T03:35:36.830+0000] {processor.py:161} INFO - Started process (PID=24906) to work on /home/airflow/.local/lib/python3.12/site-packages/airflow/example_dags/tutorial_objectstorage.py
[2025-08-19T03:35:36.832+0000] {processor.py:830} INFO - Processing file /home/airflow/.local/lib/python3.12/site-packages/airflow/example_dags/tutorial_objectstorage.py for tasks to queue
[2025-08-19T03:35:36.834+0000] {logging_mixin.py:188} INFO - [2025-08-19T03:35:36.833+0000] {dagbag.py:545} INFO - Filling up the DagBag from /home/airflow/.local/lib/python3.12/site-packages/airflow/example_dags/tutorial_objectstorage.py
[2025-08-19T03:35:36.851+0000] {processor.py:840} INFO - DAG(s) 'tutorial_objectstorage' retrieved from /home/airflow/.local/lib/python3.12/site-packages/airflow/example_dags/tutorial_objectstorage.py
[2025-08-19T03:35:36.887+0000] {logging_mixin.py:188} INFO - [2025-08-19T03:35:36.885+0000] {dag.py:3096} INFO - Sync 1 DAGs
[2025-08-19T03:35:36.905+0000] {logging_mixin.py:188} INFO - [2025-08-19T03:35:36.904+0000] {dag.py:3954} INFO - Setting next_dagrun for tutorial_objectstorage to None, run_after=None
[2025-08-19T03:35:36.951+0000] {processor.py:183} INFO - Processing /home/airflow/.local/lib/python3.12/site-packages/airflow/example_dags/tutorial_objectstorage.py took 0.132 seconds
[2025-08-19T03:36:07.211+0000] {processor.py:161} INFO - Started process (PID=24959) to work on /home/airflow/.local/lib/python3.12/site-packages/airflow/example_dags/tutorial_objectstorage.py
[2025-08-19T03:36:07.213+0000] {processor.py:830} INFO - Processing file /home/airflow/.local/lib/python3.12/site-packages/airflow/example_dags/tutorial_objectstorage.py for tasks to queue
[2025-08-19T03:36:07.216+0000] {logging_mixin.py:188} INFO - [2025-08-19T03:36:07.215+0000] {dagbag.py:545} INFO - Filling up the DagBag from /home/airflow/.local/lib/python3.12/site-packages/airflow/example_dags/tutorial_objectstorage.py
[2025-08-19T03:36:07.231+0000] {processor.py:840} INFO - DAG(s) 'tutorial_objectstorage' retrieved from /home/airflow/.local/lib/python3.12/site-packages/airflow/example_dags/tutorial_objectstorage.py
[2025-08-19T03:36:07.258+0000] {logging_mixin.py:188} INFO - [2025-08-19T03:36:07.257+0000] {dag.py:3096} INFO - Sync 1 DAGs
[2025-08-19T03:36:07.273+0000] {logging_mixin.py:188} INFO - [2025-08-19T03:36:07.272+0000] {dag.py:3954} INFO - Setting next_dagrun for tutorial_objectstorage to None, run_after=None
[2025-08-19T03:36:07.308+0000] {processor.py:183} INFO - Processing /home/airflow/.local/lib/python3.12/site-packages/airflow/example_dags/tutorial_objectstorage.py took 0.114 seconds
[2025-08-19T03:36:37.494+0000] {processor.py:161} INFO - Started process (PID=25012) to work on /home/airflow/.local/lib/python3.12/site-packages/airflow/example_dags/tutorial_objectstorage.py
[2025-08-19T03:36:37.495+0000] {processor.py:830} INFO - Processing file /home/airflow/.local/lib/python3.12/site-packages/airflow/example_dags/tutorial_objectstorage.py for tasks to queue
[2025-08-19T03:36:37.497+0000] {logging_mixin.py:188} INFO - [2025-08-19T03:36:37.496+0000] {dagbag.py:545} INFO - Filling up the DagBag from /home/airflow/.local/lib/python3.12/site-packages/airflow/example_dags/tutorial_objectstorage.py
[2025-08-19T03:36:37.507+0000] {processor.py:840} INFO - DAG(s) 'tutorial_objectstorage' retrieved from /home/airflow/.local/lib/python3.12/site-packages/airflow/example_dags/tutorial_objectstorage.py
[2025-08-19T03:36:37.531+0000] {logging_mixin.py:188} INFO - [2025-08-19T03:36:37.530+0000] {dag.py:3096} INFO - Sync 1 DAGs
[2025-08-19T03:36:37.547+0000] {logging_mixin.py:188} INFO - [2025-08-19T03:36:37.546+0000] {dag.py:3954} INFO - Setting next_dagrun for tutorial_objectstorage to None, run_after=None
[2025-08-19T03:36:37.573+0000] {processor.py:183} INFO - Processing /home/airflow/.local/lib/python3.12/site-packages/airflow/example_dags/tutorial_objectstorage.py took 0.086 seconds
[2025-08-19T03:37:08.440+0000] {processor.py:161} INFO - Started process (PID=25065) to work on /home/airflow/.local/lib/python3.12/site-packages/airflow/example_dags/tutorial_objectstorage.py
[2025-08-19T03:37:08.442+0000] {processor.py:830} INFO - Processing file /home/airflow/.local/lib/python3.12/site-packages/airflow/example_dags/tutorial_objectstorage.py for tasks to queue
[2025-08-19T03:37:08.444+0000] {logging_mixin.py:188} INFO - [2025-08-19T03:37:08.443+0000] {dagbag.py:545} INFO - Filling up the DagBag from /home/airflow/.local/lib/python3.12/site-packages/airflow/example_dags/tutorial_objectstorage.py
[2025-08-19T03:37:08.456+0000] {processor.py:840} INFO - DAG(s) 'tutorial_objectstorage' retrieved from /home/airflow/.local/lib/python3.12/site-packages/airflow/example_dags/tutorial_objectstorage.py
[2025-08-19T03:37:08.480+0000] {logging_mixin.py:188} INFO - [2025-08-19T03:37:08.480+0000] {dag.py:3096} INFO - Sync 1 DAGs
[2025-08-19T03:37:08.495+0000] {logging_mixin.py:188} INFO - [2025-08-19T03:37:08.495+0000] {dag.py:3954} INFO - Setting next_dagrun for tutorial_objectstorage to None, run_after=None
[2025-08-19T03:37:08.522+0000] {processor.py:183} INFO - Processing /home/airflow/.local/lib/python3.12/site-packages/airflow/example_dags/tutorial_objectstorage.py took 0.091 seconds
