[2025-08-19T03:10:07.323+0000] {processor.py:161} INFO - Started process (PID=22265) to work on /home/airflow/.local/lib/python3.12/site-packages/airflow/example_dags/tutorial_taskflow_api_virtualenv.py
[2025-08-19T03:10:07.326+0000] {processor.py:830} INFO - Processing file /home/airflow/.local/lib/python3.12/site-packages/airflow/example_dags/tutorial_taskflow_api_virtualenv.py for tasks to queue
[2025-08-19T03:10:07.328+0000] {logging_mixin.py:188} INFO - [2025-08-19T03:10:07.328+0000] {dagbag.py:545} INFO - Filling up the DagBag from /home/airflow/.local/lib/python3.12/site-packages/airflow/example_dags/tutorial_taskflow_api_virtualenv.py
[2025-08-19T03:10:07.360+0000] {processor.py:840} INFO - DAG(s) 'tutorial_taskflow_api_virtualenv' retrieved from /home/airflow/.local/lib/python3.12/site-packages/airflow/example_dags/tutorial_taskflow_api_virtualenv.py
[2025-08-19T03:10:07.411+0000] {logging_mixin.py:188} INFO - [2025-08-19T03:10:07.410+0000] {dag.py:3096} INFO - Sync 1 DAGs
[2025-08-19T03:10:07.453+0000] {logging_mixin.py:188} INFO - [2025-08-19T03:10:07.452+0000] {dag.py:3954} INFO - Setting next_dagrun for tutorial_taskflow_api_virtualenv to None, run_after=None
[2025-08-19T03:10:07.516+0000] {processor.py:183} INFO - Processing /home/airflow/.local/lib/python3.12/site-packages/airflow/example_dags/tutorial_taskflow_api_virtualenv.py took 0.208 seconds
[2025-08-19T03:10:38.342+0000] {processor.py:161} INFO - Started process (PID=22318) to work on /home/airflow/.local/lib/python3.12/site-packages/airflow/example_dags/tutorial_taskflow_api_virtualenv.py
[2025-08-19T03:10:38.344+0000] {processor.py:830} INFO - Processing file /home/airflow/.local/lib/python3.12/site-packages/airflow/example_dags/tutorial_taskflow_api_virtualenv.py for tasks to queue
[2025-08-19T03:10:38.345+0000] {logging_mixin.py:188} INFO - [2025-08-19T03:10:38.344+0000] {dagbag.py:545} INFO - Filling up the DagBag from /home/airflow/.local/lib/python3.12/site-packages/airflow/example_dags/tutorial_taskflow_api_virtualenv.py
[2025-08-19T03:10:38.355+0000] {processor.py:840} INFO - DAG(s) 'tutorial_taskflow_api_virtualenv' retrieved from /home/airflow/.local/lib/python3.12/site-packages/airflow/example_dags/tutorial_taskflow_api_virtualenv.py
[2025-08-19T03:10:38.379+0000] {logging_mixin.py:188} INFO - [2025-08-19T03:10:38.379+0000] {dag.py:3096} INFO - Sync 1 DAGs
[2025-08-19T03:10:38.393+0000] {logging_mixin.py:188} INFO - [2025-08-19T03:10:38.393+0000] {dag.py:3954} INFO - Setting next_dagrun for tutorial_taskflow_api_virtualenv to None, run_after=None
[2025-08-19T03:10:38.418+0000] {processor.py:183} INFO - Processing /home/airflow/.local/lib/python3.12/site-packages/airflow/example_dags/tutorial_taskflow_api_virtualenv.py took 0.082 seconds
[2025-08-19T03:11:09.005+0000] {processor.py:161} INFO - Started process (PID=22371) to work on /home/airflow/.local/lib/python3.12/site-packages/airflow/example_dags/tutorial_taskflow_api_virtualenv.py
[2025-08-19T03:11:09.009+0000] {processor.py:830} INFO - Processing file /home/airflow/.local/lib/python3.12/site-packages/airflow/example_dags/tutorial_taskflow_api_virtualenv.py for tasks to queue
[2025-08-19T03:11:09.012+0000] {logging_mixin.py:188} INFO - [2025-08-19T03:11:09.011+0000] {dagbag.py:545} INFO - Filling up the DagBag from /home/airflow/.local/lib/python3.12/site-packages/airflow/example_dags/tutorial_taskflow_api_virtualenv.py
[2025-08-19T03:11:09.037+0000] {processor.py:840} INFO - DAG(s) 'tutorial_taskflow_api_virtualenv' retrieved from /home/airflow/.local/lib/python3.12/site-packages/airflow/example_dags/tutorial_taskflow_api_virtualenv.py
[2025-08-19T03:11:09.068+0000] {logging_mixin.py:188} INFO - [2025-08-19T03:11:09.068+0000] {dag.py:3096} INFO - Sync 1 DAGs
[2025-08-19T03:11:09.085+0000] {logging_mixin.py:188} INFO - [2025-08-19T03:11:09.085+0000] {dag.py:3954} INFO - Setting next_dagrun for tutorial_taskflow_api_virtualenv to None, run_after=None
[2025-08-19T03:11:09.114+0000] {processor.py:183} INFO - Processing /home/airflow/.local/lib/python3.12/site-packages/airflow/example_dags/tutorial_taskflow_api_virtualenv.py took 0.121 seconds
[2025-08-19T03:11:40.025+0000] {processor.py:161} INFO - Started process (PID=22424) to work on /home/airflow/.local/lib/python3.12/site-packages/airflow/example_dags/tutorial_taskflow_api_virtualenv.py
[2025-08-19T03:11:40.026+0000] {processor.py:830} INFO - Processing file /home/airflow/.local/lib/python3.12/site-packages/airflow/example_dags/tutorial_taskflow_api_virtualenv.py for tasks to queue
[2025-08-19T03:11:40.027+0000] {logging_mixin.py:188} INFO - [2025-08-19T03:11:40.027+0000] {dagbag.py:545} INFO - Filling up the DagBag from /home/airflow/.local/lib/python3.12/site-packages/airflow/example_dags/tutorial_taskflow_api_virtualenv.py
[2025-08-19T03:11:40.040+0000] {processor.py:840} INFO - DAG(s) 'tutorial_taskflow_api_virtualenv' retrieved from /home/airflow/.local/lib/python3.12/site-packages/airflow/example_dags/tutorial_taskflow_api_virtualenv.py
[2025-08-19T03:11:40.064+0000] {logging_mixin.py:188} INFO - [2025-08-19T03:11:40.064+0000] {dag.py:3096} INFO - Sync 1 DAGs
[2025-08-19T03:11:40.079+0000] {logging_mixin.py:188} INFO - [2025-08-19T03:11:40.079+0000] {dag.py:3954} INFO - Setting next_dagrun for tutorial_taskflow_api_virtualenv to None, run_after=None
[2025-08-19T03:11:40.104+0000] {processor.py:183} INFO - Processing /home/airflow/.local/lib/python3.12/site-packages/airflow/example_dags/tutorial_taskflow_api_virtualenv.py took 0.088 seconds
[2025-08-19T03:12:10.402+0000] {processor.py:161} INFO - Started process (PID=22477) to work on /home/airflow/.local/lib/python3.12/site-packages/airflow/example_dags/tutorial_taskflow_api_virtualenv.py
[2025-08-19T03:12:10.404+0000] {processor.py:830} INFO - Processing file /home/airflow/.local/lib/python3.12/site-packages/airflow/example_dags/tutorial_taskflow_api_virtualenv.py for tasks to queue
[2025-08-19T03:12:10.405+0000] {logging_mixin.py:188} INFO - [2025-08-19T03:12:10.405+0000] {dagbag.py:545} INFO - Filling up the DagBag from /home/airflow/.local/lib/python3.12/site-packages/airflow/example_dags/tutorial_taskflow_api_virtualenv.py
[2025-08-19T03:12:10.421+0000] {processor.py:840} INFO - DAG(s) 'tutorial_taskflow_api_virtualenv' retrieved from /home/airflow/.local/lib/python3.12/site-packages/airflow/example_dags/tutorial_taskflow_api_virtualenv.py
[2025-08-19T03:12:10.447+0000] {logging_mixin.py:188} INFO - [2025-08-19T03:12:10.446+0000] {dag.py:3096} INFO - Sync 1 DAGs
[2025-08-19T03:12:10.465+0000] {logging_mixin.py:188} INFO - [2025-08-19T03:12:10.465+0000] {dag.py:3954} INFO - Setting next_dagrun for tutorial_taskflow_api_virtualenv to None, run_after=None
[2025-08-19T03:12:10.493+0000] {processor.py:183} INFO - Processing /home/airflow/.local/lib/python3.12/site-packages/airflow/example_dags/tutorial_taskflow_api_virtualenv.py took 0.097 seconds
[2025-08-19T03:12:41.029+0000] {processor.py:161} INFO - Started process (PID=22530) to work on /home/airflow/.local/lib/python3.12/site-packages/airflow/example_dags/tutorial_taskflow_api_virtualenv.py
[2025-08-19T03:12:41.031+0000] {processor.py:830} INFO - Processing file /home/airflow/.local/lib/python3.12/site-packages/airflow/example_dags/tutorial_taskflow_api_virtualenv.py for tasks to queue
[2025-08-19T03:12:41.033+0000] {logging_mixin.py:188} INFO - [2025-08-19T03:12:41.032+0000] {dagbag.py:545} INFO - Filling up the DagBag from /home/airflow/.local/lib/python3.12/site-packages/airflow/example_dags/tutorial_taskflow_api_virtualenv.py
[2025-08-19T03:12:41.047+0000] {processor.py:840} INFO - DAG(s) 'tutorial_taskflow_api_virtualenv' retrieved from /home/airflow/.local/lib/python3.12/site-packages/airflow/example_dags/tutorial_taskflow_api_virtualenv.py
[2025-08-19T03:12:41.071+0000] {logging_mixin.py:188} INFO - [2025-08-19T03:12:41.071+0000] {dag.py:3096} INFO - Sync 1 DAGs
[2025-08-19T03:12:41.088+0000] {logging_mixin.py:188} INFO - [2025-08-19T03:12:41.088+0000] {dag.py:3954} INFO - Setting next_dagrun for tutorial_taskflow_api_virtualenv to None, run_after=None
[2025-08-19T03:12:41.113+0000] {processor.py:183} INFO - Processing /home/airflow/.local/lib/python3.12/site-packages/airflow/example_dags/tutorial_taskflow_api_virtualenv.py took 0.091 seconds
[2025-08-19T03:13:11.836+0000] {processor.py:161} INFO - Started process (PID=22583) to work on /home/airflow/.local/lib/python3.12/site-packages/airflow/example_dags/tutorial_taskflow_api_virtualenv.py
[2025-08-19T03:13:11.837+0000] {processor.py:830} INFO - Processing file /home/airflow/.local/lib/python3.12/site-packages/airflow/example_dags/tutorial_taskflow_api_virtualenv.py for tasks to queue
[2025-08-19T03:13:11.839+0000] {logging_mixin.py:188} INFO - [2025-08-19T03:13:11.839+0000] {dagbag.py:545} INFO - Filling up the DagBag from /home/airflow/.local/lib/python3.12/site-packages/airflow/example_dags/tutorial_taskflow_api_virtualenv.py
[2025-08-19T03:13:11.851+0000] {processor.py:840} INFO - DAG(s) 'tutorial_taskflow_api_virtualenv' retrieved from /home/airflow/.local/lib/python3.12/site-packages/airflow/example_dags/tutorial_taskflow_api_virtualenv.py
[2025-08-19T03:13:11.873+0000] {logging_mixin.py:188} INFO - [2025-08-19T03:13:11.873+0000] {dag.py:3096} INFO - Sync 1 DAGs
[2025-08-19T03:13:11.887+0000] {logging_mixin.py:188} INFO - [2025-08-19T03:13:11.886+0000] {dag.py:3954} INFO - Setting next_dagrun for tutorial_taskflow_api_virtualenv to None, run_after=None
[2025-08-19T03:13:11.912+0000] {processor.py:183} INFO - Processing /home/airflow/.local/lib/python3.12/site-packages/airflow/example_dags/tutorial_taskflow_api_virtualenv.py took 0.085 seconds
[2025-08-19T03:13:42.680+0000] {processor.py:161} INFO - Started process (PID=22636) to work on /home/airflow/.local/lib/python3.12/site-packages/airflow/example_dags/tutorial_taskflow_api_virtualenv.py
[2025-08-19T03:13:42.682+0000] {processor.py:830} INFO - Processing file /home/airflow/.local/lib/python3.12/site-packages/airflow/example_dags/tutorial_taskflow_api_virtualenv.py for tasks to queue
[2025-08-19T03:13:42.683+0000] {logging_mixin.py:188} INFO - [2025-08-19T03:13:42.683+0000] {dagbag.py:545} INFO - Filling up the DagBag from /home/airflow/.local/lib/python3.12/site-packages/airflow/example_dags/tutorial_taskflow_api_virtualenv.py
[2025-08-19T03:13:42.694+0000] {processor.py:840} INFO - DAG(s) 'tutorial_taskflow_api_virtualenv' retrieved from /home/airflow/.local/lib/python3.12/site-packages/airflow/example_dags/tutorial_taskflow_api_virtualenv.py
[2025-08-19T03:13:42.718+0000] {logging_mixin.py:188} INFO - [2025-08-19T03:13:42.718+0000] {dag.py:3096} INFO - Sync 1 DAGs
[2025-08-19T03:13:42.731+0000] {logging_mixin.py:188} INFO - [2025-08-19T03:13:42.731+0000] {dag.py:3954} INFO - Setting next_dagrun for tutorial_taskflow_api_virtualenv to None, run_after=None
[2025-08-19T03:13:42.760+0000] {processor.py:183} INFO - Processing /home/airflow/.local/lib/python3.12/site-packages/airflow/example_dags/tutorial_taskflow_api_virtualenv.py took 0.086 seconds
[2025-08-19T03:14:13.516+0000] {processor.py:161} INFO - Started process (PID=22689) to work on /home/airflow/.local/lib/python3.12/site-packages/airflow/example_dags/tutorial_taskflow_api_virtualenv.py
[2025-08-19T03:14:13.517+0000] {processor.py:830} INFO - Processing file /home/airflow/.local/lib/python3.12/site-packages/airflow/example_dags/tutorial_taskflow_api_virtualenv.py for tasks to queue
[2025-08-19T03:14:13.519+0000] {logging_mixin.py:188} INFO - [2025-08-19T03:14:13.519+0000] {dagbag.py:545} INFO - Filling up the DagBag from /home/airflow/.local/lib/python3.12/site-packages/airflow/example_dags/tutorial_taskflow_api_virtualenv.py
[2025-08-19T03:14:13.530+0000] {processor.py:840} INFO - DAG(s) 'tutorial_taskflow_api_virtualenv' retrieved from /home/airflow/.local/lib/python3.12/site-packages/airflow/example_dags/tutorial_taskflow_api_virtualenv.py
[2025-08-19T03:14:13.554+0000] {logging_mixin.py:188} INFO - [2025-08-19T03:14:13.554+0000] {dag.py:3096} INFO - Sync 1 DAGs
[2025-08-19T03:14:13.567+0000] {logging_mixin.py:188} INFO - [2025-08-19T03:14:13.567+0000] {dag.py:3954} INFO - Setting next_dagrun for tutorial_taskflow_api_virtualenv to None, run_after=None
[2025-08-19T03:14:13.596+0000] {processor.py:183} INFO - Processing /home/airflow/.local/lib/python3.12/site-packages/airflow/example_dags/tutorial_taskflow_api_virtualenv.py took 0.086 seconds
[2025-08-19T03:14:44.304+0000] {processor.py:161} INFO - Started process (PID=22742) to work on /home/airflow/.local/lib/python3.12/site-packages/airflow/example_dags/tutorial_taskflow_api_virtualenv.py
[2025-08-19T03:14:44.306+0000] {processor.py:830} INFO - Processing file /home/airflow/.local/lib/python3.12/site-packages/airflow/example_dags/tutorial_taskflow_api_virtualenv.py for tasks to queue
[2025-08-19T03:14:44.308+0000] {logging_mixin.py:188} INFO - [2025-08-19T03:14:44.308+0000] {dagbag.py:545} INFO - Filling up the DagBag from /home/airflow/.local/lib/python3.12/site-packages/airflow/example_dags/tutorial_taskflow_api_virtualenv.py
[2025-08-19T03:14:44.321+0000] {processor.py:840} INFO - DAG(s) 'tutorial_taskflow_api_virtualenv' retrieved from /home/airflow/.local/lib/python3.12/site-packages/airflow/example_dags/tutorial_taskflow_api_virtualenv.py
[2025-08-19T03:14:44.346+0000] {logging_mixin.py:188} INFO - [2025-08-19T03:14:44.345+0000] {dag.py:3096} INFO - Sync 1 DAGs
[2025-08-19T03:14:44.360+0000] {logging_mixin.py:188} INFO - [2025-08-19T03:14:44.360+0000] {dag.py:3954} INFO - Setting next_dagrun for tutorial_taskflow_api_virtualenv to None, run_after=None
[2025-08-19T03:14:44.385+0000] {processor.py:183} INFO - Processing /home/airflow/.local/lib/python3.12/site-packages/airflow/example_dags/tutorial_taskflow_api_virtualenv.py took 0.086 seconds
[2025-08-19T03:15:15.084+0000] {processor.py:161} INFO - Started process (PID=22795) to work on /home/airflow/.local/lib/python3.12/site-packages/airflow/example_dags/tutorial_taskflow_api_virtualenv.py
[2025-08-19T03:15:15.086+0000] {processor.py:830} INFO - Processing file /home/airflow/.local/lib/python3.12/site-packages/airflow/example_dags/tutorial_taskflow_api_virtualenv.py for tasks to queue
[2025-08-19T03:15:15.087+0000] {logging_mixin.py:188} INFO - [2025-08-19T03:15:15.087+0000] {dagbag.py:545} INFO - Filling up the DagBag from /home/airflow/.local/lib/python3.12/site-packages/airflow/example_dags/tutorial_taskflow_api_virtualenv.py
[2025-08-19T03:15:15.099+0000] {processor.py:840} INFO - DAG(s) 'tutorial_taskflow_api_virtualenv' retrieved from /home/airflow/.local/lib/python3.12/site-packages/airflow/example_dags/tutorial_taskflow_api_virtualenv.py
[2025-08-19T03:15:15.121+0000] {logging_mixin.py:188} INFO - [2025-08-19T03:15:15.121+0000] {dag.py:3096} INFO - Sync 1 DAGs
[2025-08-19T03:15:15.134+0000] {logging_mixin.py:188} INFO - [2025-08-19T03:15:15.134+0000] {dag.py:3954} INFO - Setting next_dagrun for tutorial_taskflow_api_virtualenv to None, run_after=None
[2025-08-19T03:15:15.161+0000] {processor.py:183} INFO - Processing /home/airflow/.local/lib/python3.12/site-packages/airflow/example_dags/tutorial_taskflow_api_virtualenv.py took 0.083 seconds
[2025-08-19T03:15:45.927+0000] {processor.py:161} INFO - Started process (PID=22848) to work on /home/airflow/.local/lib/python3.12/site-packages/airflow/example_dags/tutorial_taskflow_api_virtualenv.py
[2025-08-19T03:15:45.929+0000] {processor.py:830} INFO - Processing file /home/airflow/.local/lib/python3.12/site-packages/airflow/example_dags/tutorial_taskflow_api_virtualenv.py for tasks to queue
[2025-08-19T03:15:45.931+0000] {logging_mixin.py:188} INFO - [2025-08-19T03:15:45.930+0000] {dagbag.py:545} INFO - Filling up the DagBag from /home/airflow/.local/lib/python3.12/site-packages/airflow/example_dags/tutorial_taskflow_api_virtualenv.py
[2025-08-19T03:15:45.942+0000] {processor.py:840} INFO - DAG(s) 'tutorial_taskflow_api_virtualenv' retrieved from /home/airflow/.local/lib/python3.12/site-packages/airflow/example_dags/tutorial_taskflow_api_virtualenv.py
[2025-08-19T03:15:45.964+0000] {logging_mixin.py:188} INFO - [2025-08-19T03:15:45.964+0000] {dag.py:3096} INFO - Sync 1 DAGs
[2025-08-19T03:15:45.976+0000] {logging_mixin.py:188} INFO - [2025-08-19T03:15:45.976+0000] {dag.py:3954} INFO - Setting next_dagrun for tutorial_taskflow_api_virtualenv to None, run_after=None
[2025-08-19T03:15:46.001+0000] {processor.py:183} INFO - Processing /home/airflow/.local/lib/python3.12/site-packages/airflow/example_dags/tutorial_taskflow_api_virtualenv.py took 0.079 seconds
[2025-08-19T03:16:16.472+0000] {processor.py:161} INFO - Started process (PID=22901) to work on /home/airflow/.local/lib/python3.12/site-packages/airflow/example_dags/tutorial_taskflow_api_virtualenv.py
[2025-08-19T03:16:16.474+0000] {processor.py:830} INFO - Processing file /home/airflow/.local/lib/python3.12/site-packages/airflow/example_dags/tutorial_taskflow_api_virtualenv.py for tasks to queue
[2025-08-19T03:16:16.476+0000] {logging_mixin.py:188} INFO - [2025-08-19T03:16:16.476+0000] {dagbag.py:545} INFO - Filling up the DagBag from /home/airflow/.local/lib/python3.12/site-packages/airflow/example_dags/tutorial_taskflow_api_virtualenv.py
[2025-08-19T03:16:16.488+0000] {processor.py:840} INFO - DAG(s) 'tutorial_taskflow_api_virtualenv' retrieved from /home/airflow/.local/lib/python3.12/site-packages/airflow/example_dags/tutorial_taskflow_api_virtualenv.py
[2025-08-19T03:16:16.512+0000] {logging_mixin.py:188} INFO - [2025-08-19T03:16:16.512+0000] {dag.py:3096} INFO - Sync 1 DAGs
[2025-08-19T03:16:16.525+0000] {logging_mixin.py:188} INFO - [2025-08-19T03:16:16.525+0000] {dag.py:3954} INFO - Setting next_dagrun for tutorial_taskflow_api_virtualenv to None, run_after=None
[2025-08-19T03:16:16.554+0000] {processor.py:183} INFO - Processing /home/airflow/.local/lib/python3.12/site-packages/airflow/example_dags/tutorial_taskflow_api_virtualenv.py took 0.089 seconds
[2025-08-19T03:16:46.916+0000] {processor.py:161} INFO - Started process (PID=22954) to work on /home/airflow/.local/lib/python3.12/site-packages/airflow/example_dags/tutorial_taskflow_api_virtualenv.py
[2025-08-19T03:16:46.918+0000] {processor.py:830} INFO - Processing file /home/airflow/.local/lib/python3.12/site-packages/airflow/example_dags/tutorial_taskflow_api_virtualenv.py for tasks to queue
[2025-08-19T03:16:46.919+0000] {logging_mixin.py:188} INFO - [2025-08-19T03:16:46.919+0000] {dagbag.py:545} INFO - Filling up the DagBag from /home/airflow/.local/lib/python3.12/site-packages/airflow/example_dags/tutorial_taskflow_api_virtualenv.py
[2025-08-19T03:16:46.930+0000] {processor.py:840} INFO - DAG(s) 'tutorial_taskflow_api_virtualenv' retrieved from /home/airflow/.local/lib/python3.12/site-packages/airflow/example_dags/tutorial_taskflow_api_virtualenv.py
[2025-08-19T03:16:46.951+0000] {logging_mixin.py:188} INFO - [2025-08-19T03:16:46.950+0000] {dag.py:3096} INFO - Sync 1 DAGs
[2025-08-19T03:16:46.964+0000] {logging_mixin.py:188} INFO - [2025-08-19T03:16:46.963+0000] {dag.py:3954} INFO - Setting next_dagrun for tutorial_taskflow_api_virtualenv to None, run_after=None
[2025-08-19T03:16:46.986+0000] {processor.py:183} INFO - Processing /home/airflow/.local/lib/python3.12/site-packages/airflow/example_dags/tutorial_taskflow_api_virtualenv.py took 0.076 seconds
[2025-08-19T03:17:17.299+0000] {processor.py:161} INFO - Started process (PID=23007) to work on /home/airflow/.local/lib/python3.12/site-packages/airflow/example_dags/tutorial_taskflow_api_virtualenv.py
[2025-08-19T03:17:17.301+0000] {processor.py:830} INFO - Processing file /home/airflow/.local/lib/python3.12/site-packages/airflow/example_dags/tutorial_taskflow_api_virtualenv.py for tasks to queue
[2025-08-19T03:17:17.302+0000] {logging_mixin.py:188} INFO - [2025-08-19T03:17:17.302+0000] {dagbag.py:545} INFO - Filling up the DagBag from /home/airflow/.local/lib/python3.12/site-packages/airflow/example_dags/tutorial_taskflow_api_virtualenv.py
[2025-08-19T03:17:17.314+0000] {processor.py:840} INFO - DAG(s) 'tutorial_taskflow_api_virtualenv' retrieved from /home/airflow/.local/lib/python3.12/site-packages/airflow/example_dags/tutorial_taskflow_api_virtualenv.py
[2025-08-19T03:17:17.336+0000] {logging_mixin.py:188} INFO - [2025-08-19T03:17:17.336+0000] {dag.py:3096} INFO - Sync 1 DAGs
[2025-08-19T03:17:17.350+0000] {logging_mixin.py:188} INFO - [2025-08-19T03:17:17.350+0000] {dag.py:3954} INFO - Setting next_dagrun for tutorial_taskflow_api_virtualenv to None, run_after=None
[2025-08-19T03:17:17.375+0000] {processor.py:183} INFO - Processing /home/airflow/.local/lib/python3.12/site-packages/airflow/example_dags/tutorial_taskflow_api_virtualenv.py took 0.084 seconds
[2025-08-19T03:17:48.200+0000] {processor.py:161} INFO - Started process (PID=23060) to work on /home/airflow/.local/lib/python3.12/site-packages/airflow/example_dags/tutorial_taskflow_api_virtualenv.py
[2025-08-19T03:17:48.201+0000] {processor.py:830} INFO - Processing file /home/airflow/.local/lib/python3.12/site-packages/airflow/example_dags/tutorial_taskflow_api_virtualenv.py for tasks to queue
[2025-08-19T03:17:48.203+0000] {logging_mixin.py:188} INFO - [2025-08-19T03:17:48.202+0000] {dagbag.py:545} INFO - Filling up the DagBag from /home/airflow/.local/lib/python3.12/site-packages/airflow/example_dags/tutorial_taskflow_api_virtualenv.py
[2025-08-19T03:17:48.214+0000] {processor.py:840} INFO - DAG(s) 'tutorial_taskflow_api_virtualenv' retrieved from /home/airflow/.local/lib/python3.12/site-packages/airflow/example_dags/tutorial_taskflow_api_virtualenv.py
[2025-08-19T03:17:48.237+0000] {logging_mixin.py:188} INFO - [2025-08-19T03:17:48.237+0000] {dag.py:3096} INFO - Sync 1 DAGs
[2025-08-19T03:17:48.250+0000] {logging_mixin.py:188} INFO - [2025-08-19T03:17:48.250+0000] {dag.py:3954} INFO - Setting next_dagrun for tutorial_taskflow_api_virtualenv to None, run_after=None
[2025-08-19T03:17:48.275+0000] {processor.py:183} INFO - Processing /home/airflow/.local/lib/python3.12/site-packages/airflow/example_dags/tutorial_taskflow_api_virtualenv.py took 0.081 seconds
[2025-08-19T03:18:18.495+0000] {processor.py:161} INFO - Started process (PID=23113) to work on /home/airflow/.local/lib/python3.12/site-packages/airflow/example_dags/tutorial_taskflow_api_virtualenv.py
[2025-08-19T03:18:18.497+0000] {processor.py:830} INFO - Processing file /home/airflow/.local/lib/python3.12/site-packages/airflow/example_dags/tutorial_taskflow_api_virtualenv.py for tasks to queue
[2025-08-19T03:18:18.499+0000] {logging_mixin.py:188} INFO - [2025-08-19T03:18:18.498+0000] {dagbag.py:545} INFO - Filling up the DagBag from /home/airflow/.local/lib/python3.12/site-packages/airflow/example_dags/tutorial_taskflow_api_virtualenv.py
[2025-08-19T03:18:18.510+0000] {processor.py:840} INFO - DAG(s) 'tutorial_taskflow_api_virtualenv' retrieved from /home/airflow/.local/lib/python3.12/site-packages/airflow/example_dags/tutorial_taskflow_api_virtualenv.py
[2025-08-19T03:18:18.532+0000] {logging_mixin.py:188} INFO - [2025-08-19T03:18:18.532+0000] {dag.py:3096} INFO - Sync 1 DAGs
[2025-08-19T03:18:18.546+0000] {logging_mixin.py:188} INFO - [2025-08-19T03:18:18.546+0000] {dag.py:3954} INFO - Setting next_dagrun for tutorial_taskflow_api_virtualenv to None, run_after=None
[2025-08-19T03:18:18.579+0000] {processor.py:183} INFO - Processing /home/airflow/.local/lib/python3.12/site-packages/airflow/example_dags/tutorial_taskflow_api_virtualenv.py took 0.091 seconds
[2025-08-19T03:18:48.741+0000] {processor.py:161} INFO - Started process (PID=23166) to work on /home/airflow/.local/lib/python3.12/site-packages/airflow/example_dags/tutorial_taskflow_api_virtualenv.py
[2025-08-19T03:18:48.742+0000] {processor.py:830} INFO - Processing file /home/airflow/.local/lib/python3.12/site-packages/airflow/example_dags/tutorial_taskflow_api_virtualenv.py for tasks to queue
[2025-08-19T03:18:48.743+0000] {logging_mixin.py:188} INFO - [2025-08-19T03:18:48.743+0000] {dagbag.py:545} INFO - Filling up the DagBag from /home/airflow/.local/lib/python3.12/site-packages/airflow/example_dags/tutorial_taskflow_api_virtualenv.py
[2025-08-19T03:18:48.757+0000] {processor.py:840} INFO - DAG(s) 'tutorial_taskflow_api_virtualenv' retrieved from /home/airflow/.local/lib/python3.12/site-packages/airflow/example_dags/tutorial_taskflow_api_virtualenv.py
[2025-08-19T03:18:48.780+0000] {logging_mixin.py:188} INFO - [2025-08-19T03:18:48.779+0000] {dag.py:3096} INFO - Sync 1 DAGs
[2025-08-19T03:18:48.794+0000] {logging_mixin.py:188} INFO - [2025-08-19T03:18:48.794+0000] {dag.py:3954} INFO - Setting next_dagrun for tutorial_taskflow_api_virtualenv to None, run_after=None
[2025-08-19T03:18:48.872+0000] {processor.py:183} INFO - Processing /home/airflow/.local/lib/python3.12/site-packages/airflow/example_dags/tutorial_taskflow_api_virtualenv.py took 0.138 seconds
[2025-08-19T03:19:18.957+0000] {processor.py:161} INFO - Started process (PID=23219) to work on /home/airflow/.local/lib/python3.12/site-packages/airflow/example_dags/tutorial_taskflow_api_virtualenv.py
[2025-08-19T03:19:18.958+0000] {processor.py:830} INFO - Processing file /home/airflow/.local/lib/python3.12/site-packages/airflow/example_dags/tutorial_taskflow_api_virtualenv.py for tasks to queue
[2025-08-19T03:19:18.960+0000] {logging_mixin.py:188} INFO - [2025-08-19T03:19:18.959+0000] {dagbag.py:545} INFO - Filling up the DagBag from /home/airflow/.local/lib/python3.12/site-packages/airflow/example_dags/tutorial_taskflow_api_virtualenv.py
[2025-08-19T03:19:18.971+0000] {processor.py:840} INFO - DAG(s) 'tutorial_taskflow_api_virtualenv' retrieved from /home/airflow/.local/lib/python3.12/site-packages/airflow/example_dags/tutorial_taskflow_api_virtualenv.py
[2025-08-19T03:19:18.994+0000] {logging_mixin.py:188} INFO - [2025-08-19T03:19:18.994+0000] {dag.py:3096} INFO - Sync 1 DAGs
[2025-08-19T03:19:19.009+0000] {logging_mixin.py:188} INFO - [2025-08-19T03:19:19.008+0000] {dag.py:3954} INFO - Setting next_dagrun for tutorial_taskflow_api_virtualenv to None, run_after=None
[2025-08-19T03:19:19.042+0000] {processor.py:183} INFO - Processing /home/airflow/.local/lib/python3.12/site-packages/airflow/example_dags/tutorial_taskflow_api_virtualenv.py took 0.091 seconds
[2025-08-19T03:19:49.974+0000] {processor.py:161} INFO - Started process (PID=23272) to work on /home/airflow/.local/lib/python3.12/site-packages/airflow/example_dags/tutorial_taskflow_api_virtualenv.py
[2025-08-19T03:19:49.975+0000] {processor.py:830} INFO - Processing file /home/airflow/.local/lib/python3.12/site-packages/airflow/example_dags/tutorial_taskflow_api_virtualenv.py for tasks to queue
[2025-08-19T03:19:49.977+0000] {logging_mixin.py:188} INFO - [2025-08-19T03:19:49.976+0000] {dagbag.py:545} INFO - Filling up the DagBag from /home/airflow/.local/lib/python3.12/site-packages/airflow/example_dags/tutorial_taskflow_api_virtualenv.py
[2025-08-19T03:19:49.991+0000] {processor.py:840} INFO - DAG(s) 'tutorial_taskflow_api_virtualenv' retrieved from /home/airflow/.local/lib/python3.12/site-packages/airflow/example_dags/tutorial_taskflow_api_virtualenv.py
[2025-08-19T03:19:50.017+0000] {logging_mixin.py:188} INFO - [2025-08-19T03:19:50.017+0000] {dag.py:3096} INFO - Sync 1 DAGs
[2025-08-19T03:19:50.032+0000] {logging_mixin.py:188} INFO - [2025-08-19T03:19:50.032+0000] {dag.py:3954} INFO - Setting next_dagrun for tutorial_taskflow_api_virtualenv to None, run_after=None
[2025-08-19T03:19:50.160+0000] {processor.py:183} INFO - Processing /home/airflow/.local/lib/python3.12/site-packages/airflow/example_dags/tutorial_taskflow_api_virtualenv.py took 0.193 seconds
[2025-08-19T03:20:20.293+0000] {processor.py:161} INFO - Started process (PID=23325) to work on /home/airflow/.local/lib/python3.12/site-packages/airflow/example_dags/tutorial_taskflow_api_virtualenv.py
[2025-08-19T03:20:20.295+0000] {processor.py:830} INFO - Processing file /home/airflow/.local/lib/python3.12/site-packages/airflow/example_dags/tutorial_taskflow_api_virtualenv.py for tasks to queue
[2025-08-19T03:20:20.296+0000] {logging_mixin.py:188} INFO - [2025-08-19T03:20:20.296+0000] {dagbag.py:545} INFO - Filling up the DagBag from /home/airflow/.local/lib/python3.12/site-packages/airflow/example_dags/tutorial_taskflow_api_virtualenv.py
[2025-08-19T03:20:20.308+0000] {processor.py:840} INFO - DAG(s) 'tutorial_taskflow_api_virtualenv' retrieved from /home/airflow/.local/lib/python3.12/site-packages/airflow/example_dags/tutorial_taskflow_api_virtualenv.py
[2025-08-19T03:20:20.332+0000] {logging_mixin.py:188} INFO - [2025-08-19T03:20:20.332+0000] {dag.py:3096} INFO - Sync 1 DAGs
[2025-08-19T03:20:20.345+0000] {logging_mixin.py:188} INFO - [2025-08-19T03:20:20.345+0000] {dag.py:3954} INFO - Setting next_dagrun for tutorial_taskflow_api_virtualenv to None, run_after=None
[2025-08-19T03:20:20.371+0000] {processor.py:183} INFO - Processing /home/airflow/.local/lib/python3.12/site-packages/airflow/example_dags/tutorial_taskflow_api_virtualenv.py took 0.084 seconds
[2025-08-19T03:20:50.678+0000] {processor.py:161} INFO - Started process (PID=23378) to work on /home/airflow/.local/lib/python3.12/site-packages/airflow/example_dags/tutorial_taskflow_api_virtualenv.py
[2025-08-19T03:20:50.680+0000] {processor.py:830} INFO - Processing file /home/airflow/.local/lib/python3.12/site-packages/airflow/example_dags/tutorial_taskflow_api_virtualenv.py for tasks to queue
[2025-08-19T03:20:50.681+0000] {logging_mixin.py:188} INFO - [2025-08-19T03:20:50.680+0000] {dagbag.py:545} INFO - Filling up the DagBag from /home/airflow/.local/lib/python3.12/site-packages/airflow/example_dags/tutorial_taskflow_api_virtualenv.py
[2025-08-19T03:20:50.692+0000] {processor.py:840} INFO - DAG(s) 'tutorial_taskflow_api_virtualenv' retrieved from /home/airflow/.local/lib/python3.12/site-packages/airflow/example_dags/tutorial_taskflow_api_virtualenv.py
[2025-08-19T03:20:50.717+0000] {logging_mixin.py:188} INFO - [2025-08-19T03:20:50.716+0000] {dag.py:3096} INFO - Sync 1 DAGs
[2025-08-19T03:20:50.733+0000] {logging_mixin.py:188} INFO - [2025-08-19T03:20:50.733+0000] {dag.py:3954} INFO - Setting next_dagrun for tutorial_taskflow_api_virtualenv to None, run_after=None
[2025-08-19T03:20:50.761+0000] {processor.py:183} INFO - Processing /home/airflow/.local/lib/python3.12/site-packages/airflow/example_dags/tutorial_taskflow_api_virtualenv.py took 0.090 seconds
[2025-08-19T03:21:21.608+0000] {processor.py:161} INFO - Started process (PID=23431) to work on /home/airflow/.local/lib/python3.12/site-packages/airflow/example_dags/tutorial_taskflow_api_virtualenv.py
[2025-08-19T03:21:21.610+0000] {processor.py:830} INFO - Processing file /home/airflow/.local/lib/python3.12/site-packages/airflow/example_dags/tutorial_taskflow_api_virtualenv.py for tasks to queue
[2025-08-19T03:21:21.611+0000] {logging_mixin.py:188} INFO - [2025-08-19T03:21:21.611+0000] {dagbag.py:545} INFO - Filling up the DagBag from /home/airflow/.local/lib/python3.12/site-packages/airflow/example_dags/tutorial_taskflow_api_virtualenv.py
[2025-08-19T03:21:21.624+0000] {processor.py:840} INFO - DAG(s) 'tutorial_taskflow_api_virtualenv' retrieved from /home/airflow/.local/lib/python3.12/site-packages/airflow/example_dags/tutorial_taskflow_api_virtualenv.py
[2025-08-19T03:21:21.647+0000] {logging_mixin.py:188} INFO - [2025-08-19T03:21:21.646+0000] {dag.py:3096} INFO - Sync 1 DAGs
[2025-08-19T03:21:21.661+0000] {logging_mixin.py:188} INFO - [2025-08-19T03:21:21.661+0000] {dag.py:3954} INFO - Setting next_dagrun for tutorial_taskflow_api_virtualenv to None, run_after=None
[2025-08-19T03:21:21.690+0000] {processor.py:183} INFO - Processing /home/airflow/.local/lib/python3.12/site-packages/airflow/example_dags/tutorial_taskflow_api_virtualenv.py took 0.087 seconds
[2025-08-19T03:21:52.185+0000] {processor.py:161} INFO - Started process (PID=23484) to work on /home/airflow/.local/lib/python3.12/site-packages/airflow/example_dags/tutorial_taskflow_api_virtualenv.py
[2025-08-19T03:21:52.187+0000] {processor.py:830} INFO - Processing file /home/airflow/.local/lib/python3.12/site-packages/airflow/example_dags/tutorial_taskflow_api_virtualenv.py for tasks to queue
[2025-08-19T03:21:52.188+0000] {logging_mixin.py:188} INFO - [2025-08-19T03:21:52.188+0000] {dagbag.py:545} INFO - Filling up the DagBag from /home/airflow/.local/lib/python3.12/site-packages/airflow/example_dags/tutorial_taskflow_api_virtualenv.py
[2025-08-19T03:21:52.199+0000] {processor.py:840} INFO - DAG(s) 'tutorial_taskflow_api_virtualenv' retrieved from /home/airflow/.local/lib/python3.12/site-packages/airflow/example_dags/tutorial_taskflow_api_virtualenv.py
[2025-08-19T03:21:52.223+0000] {logging_mixin.py:188} INFO - [2025-08-19T03:21:52.223+0000] {dag.py:3096} INFO - Sync 1 DAGs
[2025-08-19T03:21:52.238+0000] {logging_mixin.py:188} INFO - [2025-08-19T03:21:52.238+0000] {dag.py:3954} INFO - Setting next_dagrun for tutorial_taskflow_api_virtualenv to None, run_after=None
[2025-08-19T03:21:52.277+0000] {processor.py:183} INFO - Processing /home/airflow/.local/lib/python3.12/site-packages/airflow/example_dags/tutorial_taskflow_api_virtualenv.py took 0.099 seconds
[2025-08-19T03:22:22.744+0000] {processor.py:161} INFO - Started process (PID=23537) to work on /home/airflow/.local/lib/python3.12/site-packages/airflow/example_dags/tutorial_taskflow_api_virtualenv.py
[2025-08-19T03:22:22.746+0000] {processor.py:830} INFO - Processing file /home/airflow/.local/lib/python3.12/site-packages/airflow/example_dags/tutorial_taskflow_api_virtualenv.py for tasks to queue
[2025-08-19T03:22:22.747+0000] {logging_mixin.py:188} INFO - [2025-08-19T03:22:22.747+0000] {dagbag.py:545} INFO - Filling up the DagBag from /home/airflow/.local/lib/python3.12/site-packages/airflow/example_dags/tutorial_taskflow_api_virtualenv.py
[2025-08-19T03:22:22.759+0000] {processor.py:840} INFO - DAG(s) 'tutorial_taskflow_api_virtualenv' retrieved from /home/airflow/.local/lib/python3.12/site-packages/airflow/example_dags/tutorial_taskflow_api_virtualenv.py
[2025-08-19T03:22:22.783+0000] {logging_mixin.py:188} INFO - [2025-08-19T03:22:22.782+0000] {dag.py:3096} INFO - Sync 1 DAGs
[2025-08-19T03:22:22.798+0000] {logging_mixin.py:188} INFO - [2025-08-19T03:22:22.798+0000] {dag.py:3954} INFO - Setting next_dagrun for tutorial_taskflow_api_virtualenv to None, run_after=None
[2025-08-19T03:22:22.825+0000] {processor.py:183} INFO - Processing /home/airflow/.local/lib/python3.12/site-packages/airflow/example_dags/tutorial_taskflow_api_virtualenv.py took 0.086 seconds
[2025-08-19T03:22:53.167+0000] {processor.py:161} INFO - Started process (PID=23590) to work on /home/airflow/.local/lib/python3.12/site-packages/airflow/example_dags/tutorial_taskflow_api_virtualenv.py
[2025-08-19T03:22:53.169+0000] {processor.py:830} INFO - Processing file /home/airflow/.local/lib/python3.12/site-packages/airflow/example_dags/tutorial_taskflow_api_virtualenv.py for tasks to queue
[2025-08-19T03:22:53.170+0000] {logging_mixin.py:188} INFO - [2025-08-19T03:22:53.169+0000] {dagbag.py:545} INFO - Filling up the DagBag from /home/airflow/.local/lib/python3.12/site-packages/airflow/example_dags/tutorial_taskflow_api_virtualenv.py
[2025-08-19T03:22:53.183+0000] {processor.py:840} INFO - DAG(s) 'tutorial_taskflow_api_virtualenv' retrieved from /home/airflow/.local/lib/python3.12/site-packages/airflow/example_dags/tutorial_taskflow_api_virtualenv.py
[2025-08-19T03:22:53.207+0000] {logging_mixin.py:188} INFO - [2025-08-19T03:22:53.206+0000] {dag.py:3096} INFO - Sync 1 DAGs
[2025-08-19T03:22:53.220+0000] {logging_mixin.py:188} INFO - [2025-08-19T03:22:53.220+0000] {dag.py:3954} INFO - Setting next_dagrun for tutorial_taskflow_api_virtualenv to None, run_after=None
[2025-08-19T03:22:53.249+0000] {processor.py:183} INFO - Processing /home/airflow/.local/lib/python3.12/site-packages/airflow/example_dags/tutorial_taskflow_api_virtualenv.py took 0.089 seconds
[2025-08-19T03:23:23.529+0000] {processor.py:161} INFO - Started process (PID=23643) to work on /home/airflow/.local/lib/python3.12/site-packages/airflow/example_dags/tutorial_taskflow_api_virtualenv.py
[2025-08-19T03:23:23.530+0000] {processor.py:830} INFO - Processing file /home/airflow/.local/lib/python3.12/site-packages/airflow/example_dags/tutorial_taskflow_api_virtualenv.py for tasks to queue
[2025-08-19T03:23:23.531+0000] {logging_mixin.py:188} INFO - [2025-08-19T03:23:23.531+0000] {dagbag.py:545} INFO - Filling up the DagBag from /home/airflow/.local/lib/python3.12/site-packages/airflow/example_dags/tutorial_taskflow_api_virtualenv.py
[2025-08-19T03:23:23.545+0000] {processor.py:840} INFO - DAG(s) 'tutorial_taskflow_api_virtualenv' retrieved from /home/airflow/.local/lib/python3.12/site-packages/airflow/example_dags/tutorial_taskflow_api_virtualenv.py
[2025-08-19T03:23:23.570+0000] {logging_mixin.py:188} INFO - [2025-08-19T03:23:23.570+0000] {dag.py:3096} INFO - Sync 1 DAGs
[2025-08-19T03:23:23.585+0000] {logging_mixin.py:188} INFO - [2025-08-19T03:23:23.585+0000] {dag.py:3954} INFO - Setting next_dagrun for tutorial_taskflow_api_virtualenv to None, run_after=None
[2025-08-19T03:23:23.611+0000] {processor.py:183} INFO - Processing /home/airflow/.local/lib/python3.12/site-packages/airflow/example_dags/tutorial_taskflow_api_virtualenv.py took 0.091 seconds
[2025-08-19T03:23:54.143+0000] {processor.py:161} INFO - Started process (PID=23696) to work on /home/airflow/.local/lib/python3.12/site-packages/airflow/example_dags/tutorial_taskflow_api_virtualenv.py
[2025-08-19T03:23:54.144+0000] {processor.py:830} INFO - Processing file /home/airflow/.local/lib/python3.12/site-packages/airflow/example_dags/tutorial_taskflow_api_virtualenv.py for tasks to queue
[2025-08-19T03:23:54.146+0000] {logging_mixin.py:188} INFO - [2025-08-19T03:23:54.145+0000] {dagbag.py:545} INFO - Filling up the DagBag from /home/airflow/.local/lib/python3.12/site-packages/airflow/example_dags/tutorial_taskflow_api_virtualenv.py
[2025-08-19T03:23:54.159+0000] {processor.py:840} INFO - DAG(s) 'tutorial_taskflow_api_virtualenv' retrieved from /home/airflow/.local/lib/python3.12/site-packages/airflow/example_dags/tutorial_taskflow_api_virtualenv.py
[2025-08-19T03:23:54.184+0000] {logging_mixin.py:188} INFO - [2025-08-19T03:23:54.183+0000] {dag.py:3096} INFO - Sync 1 DAGs
[2025-08-19T03:23:54.200+0000] {logging_mixin.py:188} INFO - [2025-08-19T03:23:54.200+0000] {dag.py:3954} INFO - Setting next_dagrun for tutorial_taskflow_api_virtualenv to None, run_after=None
[2025-08-19T03:23:54.229+0000] {processor.py:183} INFO - Processing /home/airflow/.local/lib/python3.12/site-packages/airflow/example_dags/tutorial_taskflow_api_virtualenv.py took 0.092 seconds
[2025-08-19T03:24:24.764+0000] {processor.py:161} INFO - Started process (PID=23749) to work on /home/airflow/.local/lib/python3.12/site-packages/airflow/example_dags/tutorial_taskflow_api_virtualenv.py
[2025-08-19T03:24:24.765+0000] {processor.py:830} INFO - Processing file /home/airflow/.local/lib/python3.12/site-packages/airflow/example_dags/tutorial_taskflow_api_virtualenv.py for tasks to queue
[2025-08-19T03:24:24.766+0000] {logging_mixin.py:188} INFO - [2025-08-19T03:24:24.766+0000] {dagbag.py:545} INFO - Filling up the DagBag from /home/airflow/.local/lib/python3.12/site-packages/airflow/example_dags/tutorial_taskflow_api_virtualenv.py
[2025-08-19T03:24:24.778+0000] {processor.py:840} INFO - DAG(s) 'tutorial_taskflow_api_virtualenv' retrieved from /home/airflow/.local/lib/python3.12/site-packages/airflow/example_dags/tutorial_taskflow_api_virtualenv.py
[2025-08-19T03:24:24.800+0000] {logging_mixin.py:188} INFO - [2025-08-19T03:24:24.799+0000] {dag.py:3096} INFO - Sync 1 DAGs
[2025-08-19T03:24:24.813+0000] {logging_mixin.py:188} INFO - [2025-08-19T03:24:24.813+0000] {dag.py:3954} INFO - Setting next_dagrun for tutorial_taskflow_api_virtualenv to None, run_after=None
[2025-08-19T03:24:24.845+0000] {processor.py:183} INFO - Processing /home/airflow/.local/lib/python3.12/site-packages/airflow/example_dags/tutorial_taskflow_api_virtualenv.py took 0.088 seconds
[2025-08-19T03:24:55.381+0000] {processor.py:161} INFO - Started process (PID=23802) to work on /home/airflow/.local/lib/python3.12/site-packages/airflow/example_dags/tutorial_taskflow_api_virtualenv.py
[2025-08-19T03:24:55.383+0000] {processor.py:830} INFO - Processing file /home/airflow/.local/lib/python3.12/site-packages/airflow/example_dags/tutorial_taskflow_api_virtualenv.py for tasks to queue
[2025-08-19T03:24:55.385+0000] {logging_mixin.py:188} INFO - [2025-08-19T03:24:55.385+0000] {dagbag.py:545} INFO - Filling up the DagBag from /home/airflow/.local/lib/python3.12/site-packages/airflow/example_dags/tutorial_taskflow_api_virtualenv.py
[2025-08-19T03:24:55.402+0000] {processor.py:840} INFO - DAG(s) 'tutorial_taskflow_api_virtualenv' retrieved from /home/airflow/.local/lib/python3.12/site-packages/airflow/example_dags/tutorial_taskflow_api_virtualenv.py
[2025-08-19T03:24:55.427+0000] {logging_mixin.py:188} INFO - [2025-08-19T03:24:55.427+0000] {dag.py:3096} INFO - Sync 1 DAGs
[2025-08-19T03:24:55.446+0000] {logging_mixin.py:188} INFO - [2025-08-19T03:24:55.446+0000] {dag.py:3954} INFO - Setting next_dagrun for tutorial_taskflow_api_virtualenv to None, run_after=None
[2025-08-19T03:24:55.485+0000] {processor.py:183} INFO - Processing /home/airflow/.local/lib/python3.12/site-packages/airflow/example_dags/tutorial_taskflow_api_virtualenv.py took 0.113 seconds
[2025-08-19T03:25:25.985+0000] {processor.py:161} INFO - Started process (PID=23855) to work on /home/airflow/.local/lib/python3.12/site-packages/airflow/example_dags/tutorial_taskflow_api_virtualenv.py
[2025-08-19T03:25:25.987+0000] {processor.py:830} INFO - Processing file /home/airflow/.local/lib/python3.12/site-packages/airflow/example_dags/tutorial_taskflow_api_virtualenv.py for tasks to queue
[2025-08-19T03:25:25.988+0000] {logging_mixin.py:188} INFO - [2025-08-19T03:25:25.988+0000] {dagbag.py:545} INFO - Filling up the DagBag from /home/airflow/.local/lib/python3.12/site-packages/airflow/example_dags/tutorial_taskflow_api_virtualenv.py
[2025-08-19T03:25:25.999+0000] {processor.py:840} INFO - DAG(s) 'tutorial_taskflow_api_virtualenv' retrieved from /home/airflow/.local/lib/python3.12/site-packages/airflow/example_dags/tutorial_taskflow_api_virtualenv.py
[2025-08-19T03:25:26.029+0000] {logging_mixin.py:188} INFO - [2025-08-19T03:25:26.028+0000] {dag.py:3096} INFO - Sync 1 DAGs
[2025-08-19T03:25:26.042+0000] {logging_mixin.py:188} INFO - [2025-08-19T03:25:26.042+0000] {dag.py:3954} INFO - Setting next_dagrun for tutorial_taskflow_api_virtualenv to None, run_after=None
[2025-08-19T03:25:26.067+0000] {processor.py:183} INFO - Processing /home/airflow/.local/lib/python3.12/site-packages/airflow/example_dags/tutorial_taskflow_api_virtualenv.py took 0.088 seconds
[2025-08-19T03:25:56.399+0000] {processor.py:161} INFO - Started process (PID=23908) to work on /home/airflow/.local/lib/python3.12/site-packages/airflow/example_dags/tutorial_taskflow_api_virtualenv.py
[2025-08-19T03:25:56.401+0000] {processor.py:830} INFO - Processing file /home/airflow/.local/lib/python3.12/site-packages/airflow/example_dags/tutorial_taskflow_api_virtualenv.py for tasks to queue
[2025-08-19T03:25:56.402+0000] {logging_mixin.py:188} INFO - [2025-08-19T03:25:56.402+0000] {dagbag.py:545} INFO - Filling up the DagBag from /home/airflow/.local/lib/python3.12/site-packages/airflow/example_dags/tutorial_taskflow_api_virtualenv.py
[2025-08-19T03:25:56.413+0000] {processor.py:840} INFO - DAG(s) 'tutorial_taskflow_api_virtualenv' retrieved from /home/airflow/.local/lib/python3.12/site-packages/airflow/example_dags/tutorial_taskflow_api_virtualenv.py
[2025-08-19T03:25:56.436+0000] {logging_mixin.py:188} INFO - [2025-08-19T03:25:56.436+0000] {dag.py:3096} INFO - Sync 1 DAGs
[2025-08-19T03:25:56.449+0000] {logging_mixin.py:188} INFO - [2025-08-19T03:25:56.449+0000] {dag.py:3954} INFO - Setting next_dagrun for tutorial_taskflow_api_virtualenv to None, run_after=None
[2025-08-19T03:25:56.473+0000] {processor.py:183} INFO - Processing /home/airflow/.local/lib/python3.12/site-packages/airflow/example_dags/tutorial_taskflow_api_virtualenv.py took 0.081 seconds
[2025-08-19T03:26:26.827+0000] {processor.py:161} INFO - Started process (PID=23961) to work on /home/airflow/.local/lib/python3.12/site-packages/airflow/example_dags/tutorial_taskflow_api_virtualenv.py
[2025-08-19T03:26:26.829+0000] {processor.py:830} INFO - Processing file /home/airflow/.local/lib/python3.12/site-packages/airflow/example_dags/tutorial_taskflow_api_virtualenv.py for tasks to queue
[2025-08-19T03:26:26.832+0000] {logging_mixin.py:188} INFO - [2025-08-19T03:26:26.831+0000] {dagbag.py:545} INFO - Filling up the DagBag from /home/airflow/.local/lib/python3.12/site-packages/airflow/example_dags/tutorial_taskflow_api_virtualenv.py
[2025-08-19T03:26:26.850+0000] {processor.py:840} INFO - DAG(s) 'tutorial_taskflow_api_virtualenv' retrieved from /home/airflow/.local/lib/python3.12/site-packages/airflow/example_dags/tutorial_taskflow_api_virtualenv.py
[2025-08-19T03:26:26.882+0000] {logging_mixin.py:188} INFO - [2025-08-19T03:26:26.882+0000] {dag.py:3096} INFO - Sync 1 DAGs
[2025-08-19T03:26:26.901+0000] {logging_mixin.py:188} INFO - [2025-08-19T03:26:26.900+0000] {dag.py:3954} INFO - Setting next_dagrun for tutorial_taskflow_api_virtualenv to None, run_after=None
[2025-08-19T03:26:26.933+0000] {processor.py:183} INFO - Processing /home/airflow/.local/lib/python3.12/site-packages/airflow/example_dags/tutorial_taskflow_api_virtualenv.py took 0.116 seconds
[2025-08-19T03:26:57.221+0000] {processor.py:161} INFO - Started process (PID=24014) to work on /home/airflow/.local/lib/python3.12/site-packages/airflow/example_dags/tutorial_taskflow_api_virtualenv.py
[2025-08-19T03:26:57.223+0000] {processor.py:830} INFO - Processing file /home/airflow/.local/lib/python3.12/site-packages/airflow/example_dags/tutorial_taskflow_api_virtualenv.py for tasks to queue
[2025-08-19T03:26:57.224+0000] {logging_mixin.py:188} INFO - [2025-08-19T03:26:57.224+0000] {dagbag.py:545} INFO - Filling up the DagBag from /home/airflow/.local/lib/python3.12/site-packages/airflow/example_dags/tutorial_taskflow_api_virtualenv.py
[2025-08-19T03:26:57.236+0000] {processor.py:840} INFO - DAG(s) 'tutorial_taskflow_api_virtualenv' retrieved from /home/airflow/.local/lib/python3.12/site-packages/airflow/example_dags/tutorial_taskflow_api_virtualenv.py
[2025-08-19T03:26:57.257+0000] {logging_mixin.py:188} INFO - [2025-08-19T03:26:57.256+0000] {dag.py:3096} INFO - Sync 1 DAGs
[2025-08-19T03:26:57.270+0000] {logging_mixin.py:188} INFO - [2025-08-19T03:26:57.270+0000] {dag.py:3954} INFO - Setting next_dagrun for tutorial_taskflow_api_virtualenv to None, run_after=None
[2025-08-19T03:26:57.298+0000] {processor.py:183} INFO - Processing /home/airflow/.local/lib/python3.12/site-packages/airflow/example_dags/tutorial_taskflow_api_virtualenv.py took 0.083 seconds
[2025-08-19T03:27:27.672+0000] {processor.py:161} INFO - Started process (PID=24067) to work on /home/airflow/.local/lib/python3.12/site-packages/airflow/example_dags/tutorial_taskflow_api_virtualenv.py
[2025-08-19T03:27:27.674+0000] {processor.py:830} INFO - Processing file /home/airflow/.local/lib/python3.12/site-packages/airflow/example_dags/tutorial_taskflow_api_virtualenv.py for tasks to queue
[2025-08-19T03:27:27.676+0000] {logging_mixin.py:188} INFO - [2025-08-19T03:27:27.675+0000] {dagbag.py:545} INFO - Filling up the DagBag from /home/airflow/.local/lib/python3.12/site-packages/airflow/example_dags/tutorial_taskflow_api_virtualenv.py
[2025-08-19T03:27:27.688+0000] {processor.py:840} INFO - DAG(s) 'tutorial_taskflow_api_virtualenv' retrieved from /home/airflow/.local/lib/python3.12/site-packages/airflow/example_dags/tutorial_taskflow_api_virtualenv.py
[2025-08-19T03:27:27.712+0000] {logging_mixin.py:188} INFO - [2025-08-19T03:27:27.712+0000] {dag.py:3096} INFO - Sync 1 DAGs
[2025-08-19T03:27:27.725+0000] {logging_mixin.py:188} INFO - [2025-08-19T03:27:27.724+0000] {dag.py:3954} INFO - Setting next_dagrun for tutorial_taskflow_api_virtualenv to None, run_after=None
[2025-08-19T03:27:27.758+0000] {processor.py:183} INFO - Processing /home/airflow/.local/lib/python3.12/site-packages/airflow/example_dags/tutorial_taskflow_api_virtualenv.py took 0.092 seconds
[2025-08-19T03:27:58.201+0000] {processor.py:161} INFO - Started process (PID=24120) to work on /home/airflow/.local/lib/python3.12/site-packages/airflow/example_dags/tutorial_taskflow_api_virtualenv.py
[2025-08-19T03:27:58.203+0000] {processor.py:830} INFO - Processing file /home/airflow/.local/lib/python3.12/site-packages/airflow/example_dags/tutorial_taskflow_api_virtualenv.py for tasks to queue
[2025-08-19T03:27:58.204+0000] {logging_mixin.py:188} INFO - [2025-08-19T03:27:58.204+0000] {dagbag.py:545} INFO - Filling up the DagBag from /home/airflow/.local/lib/python3.12/site-packages/airflow/example_dags/tutorial_taskflow_api_virtualenv.py
[2025-08-19T03:27:58.216+0000] {processor.py:840} INFO - DAG(s) 'tutorial_taskflow_api_virtualenv' retrieved from /home/airflow/.local/lib/python3.12/site-packages/airflow/example_dags/tutorial_taskflow_api_virtualenv.py
[2025-08-19T03:27:58.238+0000] {logging_mixin.py:188} INFO - [2025-08-19T03:27:58.238+0000] {dag.py:3096} INFO - Sync 1 DAGs
[2025-08-19T03:27:58.251+0000] {logging_mixin.py:188} INFO - [2025-08-19T03:27:58.251+0000] {dag.py:3954} INFO - Setting next_dagrun for tutorial_taskflow_api_virtualenv to None, run_after=None
[2025-08-19T03:27:58.278+0000] {processor.py:183} INFO - Processing /home/airflow/.local/lib/python3.12/site-packages/airflow/example_dags/tutorial_taskflow_api_virtualenv.py took 0.083 seconds
[2025-08-19T03:28:28.611+0000] {processor.py:161} INFO - Started process (PID=24173) to work on /home/airflow/.local/lib/python3.12/site-packages/airflow/example_dags/tutorial_taskflow_api_virtualenv.py
[2025-08-19T03:28:28.612+0000] {processor.py:830} INFO - Processing file /home/airflow/.local/lib/python3.12/site-packages/airflow/example_dags/tutorial_taskflow_api_virtualenv.py for tasks to queue
[2025-08-19T03:28:28.614+0000] {logging_mixin.py:188} INFO - [2025-08-19T03:28:28.613+0000] {dagbag.py:545} INFO - Filling up the DagBag from /home/airflow/.local/lib/python3.12/site-packages/airflow/example_dags/tutorial_taskflow_api_virtualenv.py
[2025-08-19T03:28:28.625+0000] {processor.py:840} INFO - DAG(s) 'tutorial_taskflow_api_virtualenv' retrieved from /home/airflow/.local/lib/python3.12/site-packages/airflow/example_dags/tutorial_taskflow_api_virtualenv.py
[2025-08-19T03:28:28.652+0000] {logging_mixin.py:188} INFO - [2025-08-19T03:28:28.652+0000] {dag.py:3096} INFO - Sync 1 DAGs
[2025-08-19T03:28:28.665+0000] {logging_mixin.py:188} INFO - [2025-08-19T03:28:28.665+0000] {dag.py:3954} INFO - Setting next_dagrun for tutorial_taskflow_api_virtualenv to None, run_after=None
[2025-08-19T03:28:28.695+0000] {processor.py:183} INFO - Processing /home/airflow/.local/lib/python3.12/site-packages/airflow/example_dags/tutorial_taskflow_api_virtualenv.py took 0.091 seconds
[2025-08-19T03:28:58.994+0000] {processor.py:161} INFO - Started process (PID=24226) to work on /home/airflow/.local/lib/python3.12/site-packages/airflow/example_dags/tutorial_taskflow_api_virtualenv.py
[2025-08-19T03:28:58.996+0000] {processor.py:830} INFO - Processing file /home/airflow/.local/lib/python3.12/site-packages/airflow/example_dags/tutorial_taskflow_api_virtualenv.py for tasks to queue
[2025-08-19T03:28:58.997+0000] {logging_mixin.py:188} INFO - [2025-08-19T03:28:58.997+0000] {dagbag.py:545} INFO - Filling up the DagBag from /home/airflow/.local/lib/python3.12/site-packages/airflow/example_dags/tutorial_taskflow_api_virtualenv.py
[2025-08-19T03:28:59.009+0000] {processor.py:840} INFO - DAG(s) 'tutorial_taskflow_api_virtualenv' retrieved from /home/airflow/.local/lib/python3.12/site-packages/airflow/example_dags/tutorial_taskflow_api_virtualenv.py
[2025-08-19T03:28:59.038+0000] {logging_mixin.py:188} INFO - [2025-08-19T03:28:59.037+0000] {dag.py:3096} INFO - Sync 1 DAGs
[2025-08-19T03:28:59.050+0000] {logging_mixin.py:188} INFO - [2025-08-19T03:28:59.050+0000] {dag.py:3954} INFO - Setting next_dagrun for tutorial_taskflow_api_virtualenv to None, run_after=None
[2025-08-19T03:28:59.082+0000] {processor.py:183} INFO - Processing /home/airflow/.local/lib/python3.12/site-packages/airflow/example_dags/tutorial_taskflow_api_virtualenv.py took 0.096 seconds
[2025-08-19T03:29:29.342+0000] {processor.py:161} INFO - Started process (PID=24279) to work on /home/airflow/.local/lib/python3.12/site-packages/airflow/example_dags/tutorial_taskflow_api_virtualenv.py
[2025-08-19T03:29:29.344+0000] {processor.py:830} INFO - Processing file /home/airflow/.local/lib/python3.12/site-packages/airflow/example_dags/tutorial_taskflow_api_virtualenv.py for tasks to queue
[2025-08-19T03:29:29.346+0000] {logging_mixin.py:188} INFO - [2025-08-19T03:29:29.345+0000] {dagbag.py:545} INFO - Filling up the DagBag from /home/airflow/.local/lib/python3.12/site-packages/airflow/example_dags/tutorial_taskflow_api_virtualenv.py
[2025-08-19T03:29:29.358+0000] {processor.py:840} INFO - DAG(s) 'tutorial_taskflow_api_virtualenv' retrieved from /home/airflow/.local/lib/python3.12/site-packages/airflow/example_dags/tutorial_taskflow_api_virtualenv.py
[2025-08-19T03:29:29.382+0000] {logging_mixin.py:188} INFO - [2025-08-19T03:29:29.382+0000] {dag.py:3096} INFO - Sync 1 DAGs
[2025-08-19T03:29:29.396+0000] {logging_mixin.py:188} INFO - [2025-08-19T03:29:29.396+0000] {dag.py:3954} INFO - Setting next_dagrun for tutorial_taskflow_api_virtualenv to None, run_after=None
[2025-08-19T03:29:29.422+0000] {processor.py:183} INFO - Processing /home/airflow/.local/lib/python3.12/site-packages/airflow/example_dags/tutorial_taskflow_api_virtualenv.py took 0.087 seconds
[2025-08-19T03:29:59.809+0000] {processor.py:161} INFO - Started process (PID=24332) to work on /home/airflow/.local/lib/python3.12/site-packages/airflow/example_dags/tutorial_taskflow_api_virtualenv.py
[2025-08-19T03:29:59.810+0000] {processor.py:830} INFO - Processing file /home/airflow/.local/lib/python3.12/site-packages/airflow/example_dags/tutorial_taskflow_api_virtualenv.py for tasks to queue
[2025-08-19T03:29:59.812+0000] {logging_mixin.py:188} INFO - [2025-08-19T03:29:59.811+0000] {dagbag.py:545} INFO - Filling up the DagBag from /home/airflow/.local/lib/python3.12/site-packages/airflow/example_dags/tutorial_taskflow_api_virtualenv.py
[2025-08-19T03:29:59.824+0000] {processor.py:840} INFO - DAG(s) 'tutorial_taskflow_api_virtualenv' retrieved from /home/airflow/.local/lib/python3.12/site-packages/airflow/example_dags/tutorial_taskflow_api_virtualenv.py
[2025-08-19T03:29:59.845+0000] {logging_mixin.py:188} INFO - [2025-08-19T03:29:59.845+0000] {dag.py:3096} INFO - Sync 1 DAGs
[2025-08-19T03:29:59.858+0000] {logging_mixin.py:188} INFO - [2025-08-19T03:29:59.858+0000] {dag.py:3954} INFO - Setting next_dagrun for tutorial_taskflow_api_virtualenv to None, run_after=None
[2025-08-19T03:29:59.890+0000] {processor.py:183} INFO - Processing /home/airflow/.local/lib/python3.12/site-packages/airflow/example_dags/tutorial_taskflow_api_virtualenv.py took 0.089 seconds
[2025-08-19T03:30:30.299+0000] {processor.py:161} INFO - Started process (PID=24385) to work on /home/airflow/.local/lib/python3.12/site-packages/airflow/example_dags/tutorial_taskflow_api_virtualenv.py
[2025-08-19T03:30:30.301+0000] {processor.py:830} INFO - Processing file /home/airflow/.local/lib/python3.12/site-packages/airflow/example_dags/tutorial_taskflow_api_virtualenv.py for tasks to queue
[2025-08-19T03:30:30.302+0000] {logging_mixin.py:188} INFO - [2025-08-19T03:30:30.301+0000] {dagbag.py:545} INFO - Filling up the DagBag from /home/airflow/.local/lib/python3.12/site-packages/airflow/example_dags/tutorial_taskflow_api_virtualenv.py
[2025-08-19T03:30:30.314+0000] {processor.py:840} INFO - DAG(s) 'tutorial_taskflow_api_virtualenv' retrieved from /home/airflow/.local/lib/python3.12/site-packages/airflow/example_dags/tutorial_taskflow_api_virtualenv.py
[2025-08-19T03:30:30.335+0000] {logging_mixin.py:188} INFO - [2025-08-19T03:30:30.334+0000] {dag.py:3096} INFO - Sync 1 DAGs
[2025-08-19T03:30:30.347+0000] {logging_mixin.py:188} INFO - [2025-08-19T03:30:30.347+0000] {dag.py:3954} INFO - Setting next_dagrun for tutorial_taskflow_api_virtualenv to None, run_after=None
[2025-08-19T03:30:30.379+0000] {processor.py:183} INFO - Processing /home/airflow/.local/lib/python3.12/site-packages/airflow/example_dags/tutorial_taskflow_api_virtualenv.py took 0.086 seconds
[2025-08-19T03:31:00.959+0000] {processor.py:161} INFO - Started process (PID=24438) to work on /home/airflow/.local/lib/python3.12/site-packages/airflow/example_dags/tutorial_taskflow_api_virtualenv.py
[2025-08-19T03:31:00.961+0000] {processor.py:830} INFO - Processing file /home/airflow/.local/lib/python3.12/site-packages/airflow/example_dags/tutorial_taskflow_api_virtualenv.py for tasks to queue
[2025-08-19T03:31:00.962+0000] {logging_mixin.py:188} INFO - [2025-08-19T03:31:00.962+0000] {dagbag.py:545} INFO - Filling up the DagBag from /home/airflow/.local/lib/python3.12/site-packages/airflow/example_dags/tutorial_taskflow_api_virtualenv.py
[2025-08-19T03:31:00.975+0000] {processor.py:840} INFO - DAG(s) 'tutorial_taskflow_api_virtualenv' retrieved from /home/airflow/.local/lib/python3.12/site-packages/airflow/example_dags/tutorial_taskflow_api_virtualenv.py
[2025-08-19T03:31:00.998+0000] {logging_mixin.py:188} INFO - [2025-08-19T03:31:00.997+0000] {dag.py:3096} INFO - Sync 1 DAGs
[2025-08-19T03:31:01.011+0000] {logging_mixin.py:188} INFO - [2025-08-19T03:31:01.011+0000] {dag.py:3954} INFO - Setting next_dagrun for tutorial_taskflow_api_virtualenv to None, run_after=None
[2025-08-19T03:31:01.037+0000] {processor.py:183} INFO - Processing /home/airflow/.local/lib/python3.12/site-packages/airflow/example_dags/tutorial_taskflow_api_virtualenv.py took 0.083 seconds
[2025-08-19T03:31:31.295+0000] {processor.py:161} INFO - Started process (PID=24491) to work on /home/airflow/.local/lib/python3.12/site-packages/airflow/example_dags/tutorial_taskflow_api_virtualenv.py
[2025-08-19T03:31:31.296+0000] {processor.py:830} INFO - Processing file /home/airflow/.local/lib/python3.12/site-packages/airflow/example_dags/tutorial_taskflow_api_virtualenv.py for tasks to queue
[2025-08-19T03:31:31.298+0000] {logging_mixin.py:188} INFO - [2025-08-19T03:31:31.297+0000] {dagbag.py:545} INFO - Filling up the DagBag from /home/airflow/.local/lib/python3.12/site-packages/airflow/example_dags/tutorial_taskflow_api_virtualenv.py
[2025-08-19T03:31:31.309+0000] {processor.py:840} INFO - DAG(s) 'tutorial_taskflow_api_virtualenv' retrieved from /home/airflow/.local/lib/python3.12/site-packages/airflow/example_dags/tutorial_taskflow_api_virtualenv.py
[2025-08-19T03:31:31.333+0000] {logging_mixin.py:188} INFO - [2025-08-19T03:31:31.332+0000] {dag.py:3096} INFO - Sync 1 DAGs
[2025-08-19T03:31:31.345+0000] {logging_mixin.py:188} INFO - [2025-08-19T03:31:31.345+0000] {dag.py:3954} INFO - Setting next_dagrun for tutorial_taskflow_api_virtualenv to None, run_after=None
[2025-08-19T03:31:31.372+0000] {processor.py:183} INFO - Processing /home/airflow/.local/lib/python3.12/site-packages/airflow/example_dags/tutorial_taskflow_api_virtualenv.py took 0.083 seconds
[2025-08-19T03:32:01.439+0000] {processor.py:161} INFO - Started process (PID=24544) to work on /home/airflow/.local/lib/python3.12/site-packages/airflow/example_dags/tutorial_taskflow_api_virtualenv.py
[2025-08-19T03:32:01.441+0000] {processor.py:830} INFO - Processing file /home/airflow/.local/lib/python3.12/site-packages/airflow/example_dags/tutorial_taskflow_api_virtualenv.py for tasks to queue
[2025-08-19T03:32:01.442+0000] {logging_mixin.py:188} INFO - [2025-08-19T03:32:01.442+0000] {dagbag.py:545} INFO - Filling up the DagBag from /home/airflow/.local/lib/python3.12/site-packages/airflow/example_dags/tutorial_taskflow_api_virtualenv.py
[2025-08-19T03:32:01.456+0000] {processor.py:840} INFO - DAG(s) 'tutorial_taskflow_api_virtualenv' retrieved from /home/airflow/.local/lib/python3.12/site-packages/airflow/example_dags/tutorial_taskflow_api_virtualenv.py
[2025-08-19T03:32:01.481+0000] {logging_mixin.py:188} INFO - [2025-08-19T03:32:01.481+0000] {dag.py:3096} INFO - Sync 1 DAGs
[2025-08-19T03:32:01.495+0000] {logging_mixin.py:188} INFO - [2025-08-19T03:32:01.495+0000] {dag.py:3954} INFO - Setting next_dagrun for tutorial_taskflow_api_virtualenv to None, run_after=None
[2025-08-19T03:32:01.523+0000] {processor.py:183} INFO - Processing /home/airflow/.local/lib/python3.12/site-packages/airflow/example_dags/tutorial_taskflow_api_virtualenv.py took 0.090 seconds
[2025-08-19T03:32:31.601+0000] {processor.py:161} INFO - Started process (PID=24597) to work on /home/airflow/.local/lib/python3.12/site-packages/airflow/example_dags/tutorial_taskflow_api_virtualenv.py
[2025-08-19T03:32:31.603+0000] {processor.py:830} INFO - Processing file /home/airflow/.local/lib/python3.12/site-packages/airflow/example_dags/tutorial_taskflow_api_virtualenv.py for tasks to queue
[2025-08-19T03:32:31.605+0000] {logging_mixin.py:188} INFO - [2025-08-19T03:32:31.604+0000] {dagbag.py:545} INFO - Filling up the DagBag from /home/airflow/.local/lib/python3.12/site-packages/airflow/example_dags/tutorial_taskflow_api_virtualenv.py
[2025-08-19T03:32:31.617+0000] {processor.py:840} INFO - DAG(s) 'tutorial_taskflow_api_virtualenv' retrieved from /home/airflow/.local/lib/python3.12/site-packages/airflow/example_dags/tutorial_taskflow_api_virtualenv.py
[2025-08-19T03:32:31.640+0000] {logging_mixin.py:188} INFO - [2025-08-19T03:32:31.640+0000] {dag.py:3096} INFO - Sync 1 DAGs
[2025-08-19T03:32:31.653+0000] {logging_mixin.py:188} INFO - [2025-08-19T03:32:31.652+0000] {dag.py:3954} INFO - Setting next_dagrun for tutorial_taskflow_api_virtualenv to None, run_after=None
[2025-08-19T03:32:31.677+0000] {processor.py:183} INFO - Processing /home/airflow/.local/lib/python3.12/site-packages/airflow/example_dags/tutorial_taskflow_api_virtualenv.py took 0.083 seconds
[2025-08-19T03:33:02.573+0000] {processor.py:161} INFO - Started process (PID=24650) to work on /home/airflow/.local/lib/python3.12/site-packages/airflow/example_dags/tutorial_taskflow_api_virtualenv.py
[2025-08-19T03:33:02.577+0000] {processor.py:830} INFO - Processing file /home/airflow/.local/lib/python3.12/site-packages/airflow/example_dags/tutorial_taskflow_api_virtualenv.py for tasks to queue
[2025-08-19T03:33:02.580+0000] {logging_mixin.py:188} INFO - [2025-08-19T03:33:02.580+0000] {dagbag.py:545} INFO - Filling up the DagBag from /home/airflow/.local/lib/python3.12/site-packages/airflow/example_dags/tutorial_taskflow_api_virtualenv.py
[2025-08-19T03:33:02.615+0000] {processor.py:840} INFO - DAG(s) 'tutorial_taskflow_api_virtualenv' retrieved from /home/airflow/.local/lib/python3.12/site-packages/airflow/example_dags/tutorial_taskflow_api_virtualenv.py
[2025-08-19T03:33:02.692+0000] {logging_mixin.py:188} INFO - [2025-08-19T03:33:02.691+0000] {dag.py:3096} INFO - Sync 1 DAGs
[2025-08-19T03:33:02.741+0000] {logging_mixin.py:188} INFO - [2025-08-19T03:33:02.741+0000] {dag.py:3954} INFO - Setting next_dagrun for tutorial_taskflow_api_virtualenv to None, run_after=None
[2025-08-19T03:33:02.811+0000] {processor.py:183} INFO - Processing /home/airflow/.local/lib/python3.12/site-packages/airflow/example_dags/tutorial_taskflow_api_virtualenv.py took 0.255 seconds
[2025-08-19T03:33:37.402+0000] {processor.py:161} INFO - Started process (PID=24703) to work on /home/airflow/.local/lib/python3.12/site-packages/airflow/example_dags/tutorial_taskflow_api_virtualenv.py
[2025-08-19T03:33:37.408+0000] {processor.py:830} INFO - Processing file /home/airflow/.local/lib/python3.12/site-packages/airflow/example_dags/tutorial_taskflow_api_virtualenv.py for tasks to queue
[2025-08-19T03:33:37.418+0000] {logging_mixin.py:188} INFO - [2025-08-19T03:33:37.417+0000] {dagbag.py:545} INFO - Filling up the DagBag from /home/airflow/.local/lib/python3.12/site-packages/airflow/example_dags/tutorial_taskflow_api_virtualenv.py
[2025-08-19T03:33:37.523+0000] {processor.py:840} INFO - DAG(s) 'tutorial_taskflow_api_virtualenv' retrieved from /home/airflow/.local/lib/python3.12/site-packages/airflow/example_dags/tutorial_taskflow_api_virtualenv.py
[2025-08-19T03:33:37.646+0000] {logging_mixin.py:188} INFO - [2025-08-19T03:33:37.645+0000] {dag.py:3096} INFO - Sync 1 DAGs
[2025-08-19T03:33:37.699+0000] {logging_mixin.py:188} INFO - [2025-08-19T03:33:37.698+0000] {dag.py:3954} INFO - Setting next_dagrun for tutorial_taskflow_api_virtualenv to None, run_after=None
[2025-08-19T03:33:37.807+0000] {processor.py:183} INFO - Processing /home/airflow/.local/lib/python3.12/site-packages/airflow/example_dags/tutorial_taskflow_api_virtualenv.py took 0.451 seconds
[2025-08-19T03:34:07.905+0000] {processor.py:161} INFO - Started process (PID=24756) to work on /home/airflow/.local/lib/python3.12/site-packages/airflow/example_dags/tutorial_taskflow_api_virtualenv.py
[2025-08-19T03:34:07.908+0000] {processor.py:830} INFO - Processing file /home/airflow/.local/lib/python3.12/site-packages/airflow/example_dags/tutorial_taskflow_api_virtualenv.py for tasks to queue
[2025-08-19T03:34:07.909+0000] {logging_mixin.py:188} INFO - [2025-08-19T03:34:07.908+0000] {dagbag.py:545} INFO - Filling up the DagBag from /home/airflow/.local/lib/python3.12/site-packages/airflow/example_dags/tutorial_taskflow_api_virtualenv.py
[2025-08-19T03:34:07.920+0000] {processor.py:840} INFO - DAG(s) 'tutorial_taskflow_api_virtualenv' retrieved from /home/airflow/.local/lib/python3.12/site-packages/airflow/example_dags/tutorial_taskflow_api_virtualenv.py
[2025-08-19T03:34:07.945+0000] {logging_mixin.py:188} INFO - [2025-08-19T03:34:07.945+0000] {dag.py:3096} INFO - Sync 1 DAGs
[2025-08-19T03:34:07.960+0000] {logging_mixin.py:188} INFO - [2025-08-19T03:34:07.959+0000] {dag.py:3954} INFO - Setting next_dagrun for tutorial_taskflow_api_virtualenv to None, run_after=None
[2025-08-19T03:34:07.986+0000] {processor.py:183} INFO - Processing /home/airflow/.local/lib/python3.12/site-packages/airflow/example_dags/tutorial_taskflow_api_virtualenv.py took 0.088 seconds
[2025-08-19T03:34:38.549+0000] {processor.py:161} INFO - Started process (PID=24809) to work on /home/airflow/.local/lib/python3.12/site-packages/airflow/example_dags/tutorial_taskflow_api_virtualenv.py
[2025-08-19T03:34:38.550+0000] {processor.py:830} INFO - Processing file /home/airflow/.local/lib/python3.12/site-packages/airflow/example_dags/tutorial_taskflow_api_virtualenv.py for tasks to queue
[2025-08-19T03:34:38.552+0000] {logging_mixin.py:188} INFO - [2025-08-19T03:34:38.551+0000] {dagbag.py:545} INFO - Filling up the DagBag from /home/airflow/.local/lib/python3.12/site-packages/airflow/example_dags/tutorial_taskflow_api_virtualenv.py
[2025-08-19T03:34:38.565+0000] {processor.py:840} INFO - DAG(s) 'tutorial_taskflow_api_virtualenv' retrieved from /home/airflow/.local/lib/python3.12/site-packages/airflow/example_dags/tutorial_taskflow_api_virtualenv.py
[2025-08-19T03:34:38.593+0000] {logging_mixin.py:188} INFO - [2025-08-19T03:34:38.593+0000] {dag.py:3096} INFO - Sync 1 DAGs
[2025-08-19T03:34:38.609+0000] {logging_mixin.py:188} INFO - [2025-08-19T03:34:38.609+0000] {dag.py:3954} INFO - Setting next_dagrun for tutorial_taskflow_api_virtualenv to None, run_after=None
[2025-08-19T03:34:38.637+0000] {processor.py:183} INFO - Processing /home/airflow/.local/lib/python3.12/site-packages/airflow/example_dags/tutorial_taskflow_api_virtualenv.py took 0.095 seconds
[2025-08-19T03:35:08.737+0000] {processor.py:161} INFO - Started process (PID=24862) to work on /home/airflow/.local/lib/python3.12/site-packages/airflow/example_dags/tutorial_taskflow_api_virtualenv.py
[2025-08-19T03:35:08.739+0000] {processor.py:830} INFO - Processing file /home/airflow/.local/lib/python3.12/site-packages/airflow/example_dags/tutorial_taskflow_api_virtualenv.py for tasks to queue
[2025-08-19T03:35:08.741+0000] {logging_mixin.py:188} INFO - [2025-08-19T03:35:08.740+0000] {dagbag.py:545} INFO - Filling up the DagBag from /home/airflow/.local/lib/python3.12/site-packages/airflow/example_dags/tutorial_taskflow_api_virtualenv.py
[2025-08-19T03:35:08.755+0000] {processor.py:840} INFO - DAG(s) 'tutorial_taskflow_api_virtualenv' retrieved from /home/airflow/.local/lib/python3.12/site-packages/airflow/example_dags/tutorial_taskflow_api_virtualenv.py
[2025-08-19T03:35:08.782+0000] {logging_mixin.py:188} INFO - [2025-08-19T03:35:08.782+0000] {dag.py:3096} INFO - Sync 1 DAGs
[2025-08-19T03:35:08.796+0000] {logging_mixin.py:188} INFO - [2025-08-19T03:35:08.796+0000] {dag.py:3954} INFO - Setting next_dagrun for tutorial_taskflow_api_virtualenv to None, run_after=None
[2025-08-19T03:35:08.823+0000] {processor.py:183} INFO - Processing /home/airflow/.local/lib/python3.12/site-packages/airflow/example_dags/tutorial_taskflow_api_virtualenv.py took 0.096 seconds
[2025-08-19T03:35:39.415+0000] {processor.py:161} INFO - Started process (PID=24915) to work on /home/airflow/.local/lib/python3.12/site-packages/airflow/example_dags/tutorial_taskflow_api_virtualenv.py
[2025-08-19T03:35:39.416+0000] {processor.py:830} INFO - Processing file /home/airflow/.local/lib/python3.12/site-packages/airflow/example_dags/tutorial_taskflow_api_virtualenv.py for tasks to queue
[2025-08-19T03:35:39.417+0000] {logging_mixin.py:188} INFO - [2025-08-19T03:35:39.417+0000] {dagbag.py:545} INFO - Filling up the DagBag from /home/airflow/.local/lib/python3.12/site-packages/airflow/example_dags/tutorial_taskflow_api_virtualenv.py
[2025-08-19T03:35:39.432+0000] {processor.py:840} INFO - DAG(s) 'tutorial_taskflow_api_virtualenv' retrieved from /home/airflow/.local/lib/python3.12/site-packages/airflow/example_dags/tutorial_taskflow_api_virtualenv.py
[2025-08-19T03:35:39.463+0000] {logging_mixin.py:188} INFO - [2025-08-19T03:35:39.463+0000] {dag.py:3096} INFO - Sync 1 DAGs
[2025-08-19T03:35:39.480+0000] {logging_mixin.py:188} INFO - [2025-08-19T03:35:39.480+0000] {dag.py:3954} INFO - Setting next_dagrun for tutorial_taskflow_api_virtualenv to None, run_after=None
[2025-08-19T03:35:39.512+0000] {processor.py:183} INFO - Processing /home/airflow/.local/lib/python3.12/site-packages/airflow/example_dags/tutorial_taskflow_api_virtualenv.py took 0.104 seconds
[2025-08-19T03:36:09.887+0000] {processor.py:161} INFO - Started process (PID=24968) to work on /home/airflow/.local/lib/python3.12/site-packages/airflow/example_dags/tutorial_taskflow_api_virtualenv.py
[2025-08-19T03:36:09.889+0000] {processor.py:830} INFO - Processing file /home/airflow/.local/lib/python3.12/site-packages/airflow/example_dags/tutorial_taskflow_api_virtualenv.py for tasks to queue
[2025-08-19T03:36:09.890+0000] {logging_mixin.py:188} INFO - [2025-08-19T03:36:09.890+0000] {dagbag.py:545} INFO - Filling up the DagBag from /home/airflow/.local/lib/python3.12/site-packages/airflow/example_dags/tutorial_taskflow_api_virtualenv.py
[2025-08-19T03:36:09.901+0000] {processor.py:840} INFO - DAG(s) 'tutorial_taskflow_api_virtualenv' retrieved from /home/airflow/.local/lib/python3.12/site-packages/airflow/example_dags/tutorial_taskflow_api_virtualenv.py
[2025-08-19T03:36:09.923+0000] {logging_mixin.py:188} INFO - [2025-08-19T03:36:09.923+0000] {dag.py:3096} INFO - Sync 1 DAGs
[2025-08-19T03:36:09.936+0000] {logging_mixin.py:188} INFO - [2025-08-19T03:36:09.936+0000] {dag.py:3954} INFO - Setting next_dagrun for tutorial_taskflow_api_virtualenv to None, run_after=None
[2025-08-19T03:36:09.958+0000] {processor.py:183} INFO - Processing /home/airflow/.local/lib/python3.12/site-packages/airflow/example_dags/tutorial_taskflow_api_virtualenv.py took 0.078 seconds
[2025-08-19T03:36:40.187+0000] {processor.py:161} INFO - Started process (PID=25021) to work on /home/airflow/.local/lib/python3.12/site-packages/airflow/example_dags/tutorial_taskflow_api_virtualenv.py
[2025-08-19T03:36:40.189+0000] {processor.py:830} INFO - Processing file /home/airflow/.local/lib/python3.12/site-packages/airflow/example_dags/tutorial_taskflow_api_virtualenv.py for tasks to queue
[2025-08-19T03:36:40.191+0000] {logging_mixin.py:188} INFO - [2025-08-19T03:36:40.191+0000] {dagbag.py:545} INFO - Filling up the DagBag from /home/airflow/.local/lib/python3.12/site-packages/airflow/example_dags/tutorial_taskflow_api_virtualenv.py
[2025-08-19T03:36:40.208+0000] {processor.py:840} INFO - DAG(s) 'tutorial_taskflow_api_virtualenv' retrieved from /home/airflow/.local/lib/python3.12/site-packages/airflow/example_dags/tutorial_taskflow_api_virtualenv.py
[2025-08-19T03:36:40.239+0000] {logging_mixin.py:188} INFO - [2025-08-19T03:36:40.238+0000] {dag.py:3096} INFO - Sync 1 DAGs
[2025-08-19T03:36:40.255+0000] {logging_mixin.py:188} INFO - [2025-08-19T03:36:40.254+0000] {dag.py:3954} INFO - Setting next_dagrun for tutorial_taskflow_api_virtualenv to None, run_after=None
[2025-08-19T03:36:40.285+0000] {processor.py:183} INFO - Processing /home/airflow/.local/lib/python3.12/site-packages/airflow/example_dags/tutorial_taskflow_api_virtualenv.py took 0.108 seconds
[2025-08-19T03:37:10.961+0000] {processor.py:161} INFO - Started process (PID=25074) to work on /home/airflow/.local/lib/python3.12/site-packages/airflow/example_dags/tutorial_taskflow_api_virtualenv.py
[2025-08-19T03:37:10.962+0000] {processor.py:830} INFO - Processing file /home/airflow/.local/lib/python3.12/site-packages/airflow/example_dags/tutorial_taskflow_api_virtualenv.py for tasks to queue
[2025-08-19T03:37:10.964+0000] {logging_mixin.py:188} INFO - [2025-08-19T03:37:10.964+0000] {dagbag.py:545} INFO - Filling up the DagBag from /home/airflow/.local/lib/python3.12/site-packages/airflow/example_dags/tutorial_taskflow_api_virtualenv.py
[2025-08-19T03:37:10.976+0000] {processor.py:840} INFO - DAG(s) 'tutorial_taskflow_api_virtualenv' retrieved from /home/airflow/.local/lib/python3.12/site-packages/airflow/example_dags/tutorial_taskflow_api_virtualenv.py
[2025-08-19T03:37:11.001+0000] {logging_mixin.py:188} INFO - [2025-08-19T03:37:11.001+0000] {dag.py:3096} INFO - Sync 1 DAGs
[2025-08-19T03:37:11.017+0000] {logging_mixin.py:188} INFO - [2025-08-19T03:37:11.017+0000] {dag.py:3954} INFO - Setting next_dagrun for tutorial_taskflow_api_virtualenv to None, run_after=None
[2025-08-19T03:37:11.039+0000] {processor.py:183} INFO - Processing /home/airflow/.local/lib/python3.12/site-packages/airflow/example_dags/tutorial_taskflow_api_virtualenv.py took 0.085 seconds
