[2025-08-18T12:28:02.961+0000] {local_task_job_runner.py:120} INFO - ::group::Pre task execution logs
[2025-08-18T12:28:02.987+0000] {taskinstance.py:2076} INFO - Dependencies all met for dep_context=non-requeueable deps ti=<TaskInstance: hello_world_dag.say_hello_task manual__2025-08-18T12:27:57.174016+00:00 [queued]>
[2025-08-18T12:28:02.997+0000] {taskinstance.py:2076} INFO - Dependencies all met for dep_context=requeueable deps ti=<TaskInstance: hello_world_dag.say_hello_task manual__2025-08-18T12:27:57.174016+00:00 [queued]>
[2025-08-18T12:28:02.999+0000] {taskinstance.py:2306} INFO - Starting attempt 1 of 1
[2025-08-18T12:28:03.019+0000] {taskinstance.py:2330} INFO - Executing <Task(PythonOperator): say_hello_task> on 2025-08-18 12:27:57.174016+00:00
[2025-08-18T12:28:03.028+0000] {warnings.py:110} WARNING - /home/***/.local/lib/python3.12/site-packages/***/task/task_runner/standard_task_runner.py:61: DeprecationWarning: This process (pid=53) is multi-threaded, use of fork() may lead to deadlocks in the child.
  pid = os.fork()

[2025-08-18T12:28:03.031+0000] {standard_task_runner.py:63} INFO - Started process 57 to run task
[2025-08-18T12:28:03.032+0000] {standard_task_runner.py:90} INFO - Running: ['***', 'tasks', 'run', 'hello_world_dag', 'say_hello_task', 'manual__2025-08-18T12:27:57.174016+00:00', '--job-id', '2', '--raw', '--subdir', 'DAGS_FOLDER/hello_dag.py', '--cfg-path', '/tmp/tmpgx567yjv']
[2025-08-18T12:28:03.035+0000] {standard_task_runner.py:91} INFO - Job 2: Subtask say_hello_task
[2025-08-18T12:28:03.113+0000] {task_command.py:426} INFO - Running <TaskInstance: hello_world_dag.say_hello_task manual__2025-08-18T12:27:57.174016+00:00 [running]> on host 6cacbbe28f9c
[2025-08-18T12:28:03.218+0000] {taskinstance.py:2648} INFO - Exporting env vars: AIRFLOW_CTX_DAG_OWNER='***' AIRFLOW_CTX_DAG_ID='hello_world_dag' AIRFLOW_CTX_TASK_ID='say_hello_task' AIRFLOW_CTX_EXECUTION_DATE='2025-08-18T12:27:57.174016+00:00' AIRFLOW_CTX_TRY_NUMBER='1' AIRFLOW_CTX_DAG_RUN_ID='manual__2025-08-18T12:27:57.174016+00:00'
[2025-08-18T12:28:03.220+0000] {taskinstance.py:430} INFO - ::endgroup::
[2025-08-18T12:28:03.221+0000] {logging_mixin.py:188} INFO - Hello from Airflow!
[2025-08-18T12:28:03.222+0000] {python.py:237} INFO - Done. Returned value was: None
[2025-08-18T12:28:03.223+0000] {taskinstance.py:441} INFO - ::group::Post task execution logs
[2025-08-18T12:28:03.233+0000] {taskinstance.py:1206} INFO - Marking task as SUCCESS. dag_id=hello_world_dag, task_id=say_hello_task, run_id=manual__2025-08-18T12:27:57.174016+00:00, execution_date=20250818T122757, start_date=20250818T122802, end_date=20250818T122803
[2025-08-18T12:28:03.288+0000] {local_task_job_runner.py:240} INFO - Task exited with return code 0
[2025-08-18T12:28:03.311+0000] {taskinstance.py:3498} INFO - 0 downstream tasks scheduled from follow-on schedule check
[2025-08-18T12:28:03.317+0000] {local_task_job_runner.py:222} INFO - ::endgroup::
