[2025-08-19T09:24:31.942+0000] {local_task_job_runner.py:120} INFO - ::group::Pre task execution logs
[2025-08-19T09:24:31.964+0000] {taskinstance.py:2076} INFO - Dependencies all met for dep_context=non-requeueable deps ti=<TaskInstance: data_audit_dag.bash_notify_task scheduled__2025-08-19T08:00:00+00:00 [queued]>
[2025-08-19T09:24:31.975+0000] {taskinstance.py:2076} INFO - Dependencies all met for dep_context=requeueable deps ti=<TaskInstance: data_audit_dag.bash_notify_task scheduled__2025-08-19T08:00:00+00:00 [queued]>
[2025-08-19T09:24:31.977+0000] {taskinstance.py:2306} INFO - Starting attempt 1 of 2
[2025-08-19T09:24:31.997+0000] {taskinstance.py:2330} INFO - Executing <Task(BashOperator): bash_notify_task> on 2025-08-19 08:00:00+00:00
[2025-08-19T09:24:32.006+0000] {warnings.py:110} WARNING - /home/***/.local/lib/python3.12/site-packages/***/task/task_runner/standard_task_runner.py:61: DeprecationWarning: This process (pid=148) is multi-threaded, use of fork() may lead to deadlocks in the child.
  pid = os.fork()

[2025-08-19T09:24:32.008+0000] {standard_task_runner.py:63} INFO - Started process 150 to run task
[2025-08-19T09:24:32.007+0000] {standard_task_runner.py:90} INFO - Running: ['***', 'tasks', 'run', 'data_audit_dag', 'bash_notify_task', 'scheduled__2025-08-19T08:00:00+00:00', '--job-id', '32', '--raw', '--subdir', 'DAGS_FOLDER/Airflow Coding Assessment 2/data_audit_dag.py', '--cfg-path', '/tmp/tmpyt2259dy']
[2025-08-19T09:24:32.010+0000] {standard_task_runner.py:91} INFO - Job 32: Subtask bash_notify_task
[2025-08-19T09:24:32.073+0000] {task_command.py:426} INFO - Running <TaskInstance: data_audit_dag.bash_notify_task scheduled__2025-08-19T08:00:00+00:00 [running]> on host 6cacbbe28f9c
[2025-08-19T09:24:32.158+0000] {taskinstance.py:2648} INFO - Exporting env vars: AIRFLOW_CTX_DAG_EMAIL='youremail@example.com' AIRFLOW_CTX_DAG_OWNER='Anbu Dharshini' AIRFLOW_CTX_DAG_ID='data_audit_dag' AIRFLOW_CTX_TASK_ID='bash_notify_task' AIRFLOW_CTX_EXECUTION_DATE='2025-08-19T08:00:00+00:00' AIRFLOW_CTX_TRY_NUMBER='1' AIRFLOW_CTX_DAG_RUN_ID='scheduled__2025-08-19T08:00:00+00:00'
[2025-08-19T09:24:32.160+0000] {taskinstance.py:430} INFO - ::endgroup::
[2025-08-19T09:24:32.161+0000] {subprocess.py:63} INFO - Tmp dir root location: /tmp
[2025-08-19T09:24:32.163+0000] {subprocess.py:75} INFO - Running command: ['/usr/bin/bash', '-c', "echo 'Audit DAG run completed!'"]
[2025-08-19T09:24:32.174+0000] {subprocess.py:86} INFO - Output:
[2025-08-19T09:24:32.175+0000] {subprocess.py:93} INFO - Audit DAG run completed!
[2025-08-19T09:24:32.176+0000] {subprocess.py:97} INFO - Command exited with return code 0
[2025-08-19T09:24:32.177+0000] {taskinstance.py:441} INFO - ::group::Post task execution logs
[2025-08-19T09:24:32.202+0000] {taskinstance.py:1206} INFO - Marking task as SUCCESS. dag_id=data_audit_dag, task_id=bash_notify_task, run_id=scheduled__2025-08-19T08:00:00+00:00, execution_date=20250819T080000, start_date=20250819T092431, end_date=20250819T092432
[2025-08-19T09:24:32.223+0000] {local_task_job_runner.py:240} INFO - Task exited with return code 0
[2025-08-19T09:24:32.239+0000] {taskinstance.py:3498} INFO - 0 downstream tasks scheduled from follow-on schedule check
[2025-08-19T09:24:32.244+0000] {local_task_job_runner.py:222} INFO - ::endgroup::
