[2025-08-19T08:55:14.304+0000] {processor.py:161} INFO - Started process (PID=59645) to work on /opt/airflow/dags/Airflow Coding Assessment 1/etl_pipeline_dag.py
[2025-08-19T08:55:14.306+0000] {processor.py:830} INFO - Processing file /opt/airflow/dags/Airflow Coding Assessment 1/etl_pipeline_dag.py for tasks to queue
[2025-08-19T08:55:14.308+0000] {logging_mixin.py:188} INFO - [2025-08-19T08:55:14.307+0000] {dagbag.py:545} INFO - Filling up the DagBag from /opt/airflow/dags/Airflow Coding Assessment 1/etl_pipeline_dag.py
[2025-08-19T08:55:14.375+0000] {processor.py:840} INFO - DAG(s) 'etl_pipeline_dag' retrieved from /opt/airflow/dags/Airflow Coding Assessment 1/etl_pipeline_dag.py
[2025-08-19T08:55:14.612+0000] {logging_mixin.py:188} INFO - [2025-08-19T08:55:14.612+0000] {dag.py:3096} INFO - Sync 1 DAGs
[2025-08-19T08:55:14.631+0000] {logging_mixin.py:188} INFO - [2025-08-19T08:55:14.631+0000] {dag.py:3954} INFO - Setting next_dagrun for etl_pipeline_dag to None, run_after=None
[2025-08-19T08:55:14.682+0000] {processor.py:183} INFO - Processing /opt/airflow/dags/Airflow Coding Assessment 1/etl_pipeline_dag.py took 0.388 seconds
[2025-08-19T08:55:44.844+0000] {processor.py:161} INFO - Started process (PID=59703) to work on /opt/airflow/dags/Airflow Coding Assessment 1/etl_pipeline_dag.py
[2025-08-19T08:55:44.846+0000] {processor.py:830} INFO - Processing file /opt/airflow/dags/Airflow Coding Assessment 1/etl_pipeline_dag.py for tasks to queue
[2025-08-19T08:55:44.848+0000] {logging_mixin.py:188} INFO - [2025-08-19T08:55:44.847+0000] {dagbag.py:545} INFO - Filling up the DagBag from /opt/airflow/dags/Airflow Coding Assessment 1/etl_pipeline_dag.py
[2025-08-19T08:55:44.905+0000] {processor.py:840} INFO - DAG(s) 'etl_pipeline_dag' retrieved from /opt/airflow/dags/Airflow Coding Assessment 1/etl_pipeline_dag.py
[2025-08-19T08:55:44.945+0000] {logging_mixin.py:188} INFO - [2025-08-19T08:55:44.945+0000] {dag.py:3096} INFO - Sync 1 DAGs
[2025-08-19T08:55:44.970+0000] {logging_mixin.py:188} INFO - [2025-08-19T08:55:44.970+0000] {dag.py:3954} INFO - Setting next_dagrun for etl_pipeline_dag to None, run_after=None
[2025-08-19T08:55:45.012+0000] {processor.py:183} INFO - Processing /opt/airflow/dags/Airflow Coding Assessment 1/etl_pipeline_dag.py took 0.177 seconds
[2025-08-19T08:56:15.165+0000] {processor.py:161} INFO - Started process (PID=59760) to work on /opt/airflow/dags/Airflow Coding Assessment 1/etl_pipeline_dag.py
[2025-08-19T08:56:15.168+0000] {processor.py:830} INFO - Processing file /opt/airflow/dags/Airflow Coding Assessment 1/etl_pipeline_dag.py for tasks to queue
[2025-08-19T08:56:15.170+0000] {logging_mixin.py:188} INFO - [2025-08-19T08:56:15.170+0000] {dagbag.py:545} INFO - Filling up the DagBag from /opt/airflow/dags/Airflow Coding Assessment 1/etl_pipeline_dag.py
[2025-08-19T08:56:15.205+0000] {processor.py:840} INFO - DAG(s) 'etl_pipeline_dag' retrieved from /opt/airflow/dags/Airflow Coding Assessment 1/etl_pipeline_dag.py
[2025-08-19T08:56:15.238+0000] {logging_mixin.py:188} INFO - [2025-08-19T08:56:15.238+0000] {dag.py:3096} INFO - Sync 1 DAGs
[2025-08-19T08:56:15.260+0000] {logging_mixin.py:188} INFO - [2025-08-19T08:56:15.260+0000] {dag.py:3954} INFO - Setting next_dagrun for etl_pipeline_dag to None, run_after=None
[2025-08-19T08:56:15.293+0000] {processor.py:183} INFO - Processing /opt/airflow/dags/Airflow Coding Assessment 1/etl_pipeline_dag.py took 0.140 seconds
[2025-08-19T08:56:45.583+0000] {processor.py:161} INFO - Started process (PID=59816) to work on /opt/airflow/dags/Airflow Coding Assessment 1/etl_pipeline_dag.py
[2025-08-19T08:56:45.586+0000] {processor.py:830} INFO - Processing file /opt/airflow/dags/Airflow Coding Assessment 1/etl_pipeline_dag.py for tasks to queue
[2025-08-19T08:56:45.588+0000] {logging_mixin.py:188} INFO - [2025-08-19T08:56:45.588+0000] {dagbag.py:545} INFO - Filling up the DagBag from /opt/airflow/dags/Airflow Coding Assessment 1/etl_pipeline_dag.py
[2025-08-19T08:56:45.646+0000] {processor.py:840} INFO - DAG(s) 'etl_pipeline_dag' retrieved from /opt/airflow/dags/Airflow Coding Assessment 1/etl_pipeline_dag.py
[2025-08-19T08:56:45.679+0000] {logging_mixin.py:188} INFO - [2025-08-19T08:56:45.679+0000] {dag.py:3096} INFO - Sync 1 DAGs
[2025-08-19T08:56:45.699+0000] {logging_mixin.py:188} INFO - [2025-08-19T08:56:45.699+0000] {dag.py:3954} INFO - Setting next_dagrun for etl_pipeline_dag to None, run_after=None
[2025-08-19T08:56:45.739+0000] {processor.py:183} INFO - Processing /opt/airflow/dags/Airflow Coding Assessment 1/etl_pipeline_dag.py took 0.168 seconds
[2025-08-19T08:56:49.711+0000] {processor.py:161} INFO - Started process (PID=59827) to work on /opt/airflow/dags/Airflow Coding Assessment 1/etl_pipeline_dag.py
[2025-08-19T08:56:49.717+0000] {processor.py:830} INFO - Processing file /opt/airflow/dags/Airflow Coding Assessment 1/etl_pipeline_dag.py for tasks to queue
[2025-08-19T08:56:49.719+0000] {logging_mixin.py:188} INFO - [2025-08-19T08:56:49.719+0000] {dagbag.py:545} INFO - Filling up the DagBag from /opt/airflow/dags/Airflow Coding Assessment 1/etl_pipeline_dag.py
[2025-08-19T08:56:49.800+0000] {processor.py:840} INFO - DAG(s) 'etl_pipeline_dag' retrieved from /opt/airflow/dags/Airflow Coding Assessment 1/etl_pipeline_dag.py
[2025-08-19T08:56:49.848+0000] {logging_mixin.py:188} INFO - [2025-08-19T08:56:49.848+0000] {dag.py:3096} INFO - Sync 1 DAGs
[2025-08-19T08:56:49.875+0000] {logging_mixin.py:188} INFO - [2025-08-19T08:56:49.875+0000] {dag.py:3954} INFO - Setting next_dagrun for etl_pipeline_dag to None, run_after=None
[2025-08-19T08:56:49.928+0000] {processor.py:183} INFO - Processing /opt/airflow/dags/Airflow Coding Assessment 1/etl_pipeline_dag.py took 0.239 seconds
[2025-08-19T08:57:20.096+0000] {processor.py:161} INFO - Started process (PID=59884) to work on /opt/airflow/dags/Airflow Coding Assessment 1/etl_pipeline_dag.py
[2025-08-19T08:57:20.101+0000] {processor.py:830} INFO - Processing file /opt/airflow/dags/Airflow Coding Assessment 1/etl_pipeline_dag.py for tasks to queue
[2025-08-19T08:57:20.103+0000] {logging_mixin.py:188} INFO - [2025-08-19T08:57:20.102+0000] {dagbag.py:545} INFO - Filling up the DagBag from /opt/airflow/dags/Airflow Coding Assessment 1/etl_pipeline_dag.py
[2025-08-19T08:57:20.165+0000] {processor.py:840} INFO - DAG(s) 'etl_pipeline_dag' retrieved from /opt/airflow/dags/Airflow Coding Assessment 1/etl_pipeline_dag.py
[2025-08-19T08:57:20.240+0000] {logging_mixin.py:188} INFO - [2025-08-19T08:57:20.239+0000] {dag.py:3096} INFO - Sync 1 DAGs
[2025-08-19T08:57:20.285+0000] {logging_mixin.py:188} INFO - [2025-08-19T08:57:20.284+0000] {dag.py:3954} INFO - Setting next_dagrun for etl_pipeline_dag to None, run_after=None
[2025-08-19T08:57:20.342+0000] {processor.py:183} INFO - Processing /opt/airflow/dags/Airflow Coding Assessment 1/etl_pipeline_dag.py took 0.260 seconds
[2025-08-19T08:57:50.834+0000] {processor.py:161} INFO - Started process (PID=59939) to work on /opt/airflow/dags/Airflow Coding Assessment 1/etl_pipeline_dag.py
[2025-08-19T08:57:50.836+0000] {processor.py:830} INFO - Processing file /opt/airflow/dags/Airflow Coding Assessment 1/etl_pipeline_dag.py for tasks to queue
[2025-08-19T08:57:50.839+0000] {logging_mixin.py:188} INFO - [2025-08-19T08:57:50.838+0000] {dagbag.py:545} INFO - Filling up the DagBag from /opt/airflow/dags/Airflow Coding Assessment 1/etl_pipeline_dag.py
[2025-08-19T08:57:50.897+0000] {processor.py:840} INFO - DAG(s) 'etl_pipeline_dag' retrieved from /opt/airflow/dags/Airflow Coding Assessment 1/etl_pipeline_dag.py
[2025-08-19T08:57:50.930+0000] {logging_mixin.py:188} INFO - [2025-08-19T08:57:50.929+0000] {dag.py:3096} INFO - Sync 1 DAGs
[2025-08-19T08:57:50.952+0000] {logging_mixin.py:188} INFO - [2025-08-19T08:57:50.951+0000] {dag.py:3954} INFO - Setting next_dagrun for etl_pipeline_dag to None, run_after=None
[2025-08-19T08:57:50.989+0000] {processor.py:183} INFO - Processing /opt/airflow/dags/Airflow Coding Assessment 1/etl_pipeline_dag.py took 0.167 seconds
[2025-08-19T08:58:21.770+0000] {processor.py:161} INFO - Started process (PID=59996) to work on /opt/airflow/dags/Airflow Coding Assessment 1/etl_pipeline_dag.py
[2025-08-19T08:58:21.772+0000] {processor.py:830} INFO - Processing file /opt/airflow/dags/Airflow Coding Assessment 1/etl_pipeline_dag.py for tasks to queue
[2025-08-19T08:58:21.774+0000] {logging_mixin.py:188} INFO - [2025-08-19T08:58:21.773+0000] {dagbag.py:545} INFO - Filling up the DagBag from /opt/airflow/dags/Airflow Coding Assessment 1/etl_pipeline_dag.py
[2025-08-19T08:58:21.817+0000] {processor.py:840} INFO - DAG(s) 'etl_pipeline_dag' retrieved from /opt/airflow/dags/Airflow Coding Assessment 1/etl_pipeline_dag.py
[2025-08-19T08:58:21.852+0000] {logging_mixin.py:188} INFO - [2025-08-19T08:58:21.852+0000] {dag.py:3096} INFO - Sync 1 DAGs
[2025-08-19T08:58:21.874+0000] {logging_mixin.py:188} INFO - [2025-08-19T08:58:21.873+0000] {dag.py:3954} INFO - Setting next_dagrun for etl_pipeline_dag to None, run_after=None
[2025-08-19T08:58:21.916+0000] {processor.py:183} INFO - Processing /opt/airflow/dags/Airflow Coding Assessment 1/etl_pipeline_dag.py took 0.157 seconds
[2025-08-19T08:58:52.421+0000] {processor.py:161} INFO - Started process (PID=60053) to work on /opt/airflow/dags/Airflow Coding Assessment 1/etl_pipeline_dag.py
[2025-08-19T08:58:52.425+0000] {processor.py:830} INFO - Processing file /opt/airflow/dags/Airflow Coding Assessment 1/etl_pipeline_dag.py for tasks to queue
[2025-08-19T08:58:52.427+0000] {logging_mixin.py:188} INFO - [2025-08-19T08:58:52.427+0000] {dagbag.py:545} INFO - Filling up the DagBag from /opt/airflow/dags/Airflow Coding Assessment 1/etl_pipeline_dag.py
[2025-08-19T08:58:52.485+0000] {processor.py:840} INFO - DAG(s) 'etl_pipeline_dag' retrieved from /opt/airflow/dags/Airflow Coding Assessment 1/etl_pipeline_dag.py
[2025-08-19T08:58:52.520+0000] {logging_mixin.py:188} INFO - [2025-08-19T08:58:52.520+0000] {dag.py:3096} INFO - Sync 1 DAGs
[2025-08-19T08:58:52.548+0000] {logging_mixin.py:188} INFO - [2025-08-19T08:58:52.547+0000] {dag.py:3954} INFO - Setting next_dagrun for etl_pipeline_dag to None, run_after=None
[2025-08-19T08:58:52.594+0000] {processor.py:183} INFO - Processing /opt/airflow/dags/Airflow Coding Assessment 1/etl_pipeline_dag.py took 0.182 seconds
[2025-08-19T08:59:23.351+0000] {processor.py:161} INFO - Started process (PID=60110) to work on /opt/airflow/dags/Airflow Coding Assessment 1/etl_pipeline_dag.py
[2025-08-19T08:59:23.353+0000] {processor.py:830} INFO - Processing file /opt/airflow/dags/Airflow Coding Assessment 1/etl_pipeline_dag.py for tasks to queue
[2025-08-19T08:59:23.356+0000] {logging_mixin.py:188} INFO - [2025-08-19T08:59:23.355+0000] {dagbag.py:545} INFO - Filling up the DagBag from /opt/airflow/dags/Airflow Coding Assessment 1/etl_pipeline_dag.py
[2025-08-19T08:59:23.408+0000] {processor.py:840} INFO - DAG(s) 'etl_pipeline_dag' retrieved from /opt/airflow/dags/Airflow Coding Assessment 1/etl_pipeline_dag.py
[2025-08-19T08:59:23.443+0000] {logging_mixin.py:188} INFO - [2025-08-19T08:59:23.443+0000] {dag.py:3096} INFO - Sync 1 DAGs
[2025-08-19T08:59:23.467+0000] {logging_mixin.py:188} INFO - [2025-08-19T08:59:23.467+0000] {dag.py:3954} INFO - Setting next_dagrun for etl_pipeline_dag to None, run_after=None
[2025-08-19T08:59:23.517+0000] {processor.py:183} INFO - Processing /opt/airflow/dags/Airflow Coding Assessment 1/etl_pipeline_dag.py took 0.176 seconds
[2025-08-19T08:59:53.653+0000] {processor.py:161} INFO - Started process (PID=60167) to work on /opt/airflow/dags/Airflow Coding Assessment 1/etl_pipeline_dag.py
[2025-08-19T08:59:53.655+0000] {processor.py:830} INFO - Processing file /opt/airflow/dags/Airflow Coding Assessment 1/etl_pipeline_dag.py for tasks to queue
[2025-08-19T08:59:53.657+0000] {logging_mixin.py:188} INFO - [2025-08-19T08:59:53.657+0000] {dagbag.py:545} INFO - Filling up the DagBag from /opt/airflow/dags/Airflow Coding Assessment 1/etl_pipeline_dag.py
[2025-08-19T08:59:53.704+0000] {processor.py:840} INFO - DAG(s) 'etl_pipeline_dag' retrieved from /opt/airflow/dags/Airflow Coding Assessment 1/etl_pipeline_dag.py
[2025-08-19T08:59:53.734+0000] {logging_mixin.py:188} INFO - [2025-08-19T08:59:53.734+0000] {dag.py:3096} INFO - Sync 1 DAGs
[2025-08-19T08:59:53.756+0000] {logging_mixin.py:188} INFO - [2025-08-19T08:59:53.755+0000] {dag.py:3954} INFO - Setting next_dagrun for etl_pipeline_dag to None, run_after=None
[2025-08-19T08:59:53.795+0000] {processor.py:183} INFO - Processing /opt/airflow/dags/Airflow Coding Assessment 1/etl_pipeline_dag.py took 0.154 seconds
[2025-08-19T09:00:24.395+0000] {processor.py:161} INFO - Started process (PID=60224) to work on /opt/airflow/dags/Airflow Coding Assessment 1/etl_pipeline_dag.py
[2025-08-19T09:00:24.397+0000] {processor.py:830} INFO - Processing file /opt/airflow/dags/Airflow Coding Assessment 1/etl_pipeline_dag.py for tasks to queue
[2025-08-19T09:00:24.399+0000] {logging_mixin.py:188} INFO - [2025-08-19T09:00:24.399+0000] {dagbag.py:545} INFO - Filling up the DagBag from /opt/airflow/dags/Airflow Coding Assessment 1/etl_pipeline_dag.py
[2025-08-19T09:00:24.437+0000] {processor.py:840} INFO - DAG(s) 'etl_pipeline_dag' retrieved from /opt/airflow/dags/Airflow Coding Assessment 1/etl_pipeline_dag.py
[2025-08-19T09:00:24.469+0000] {logging_mixin.py:188} INFO - [2025-08-19T09:00:24.468+0000] {dag.py:3096} INFO - Sync 1 DAGs
[2025-08-19T09:00:24.494+0000] {logging_mixin.py:188} INFO - [2025-08-19T09:00:24.493+0000] {dag.py:3954} INFO - Setting next_dagrun for etl_pipeline_dag to None, run_after=None
[2025-08-19T09:00:24.531+0000] {processor.py:183} INFO - Processing /opt/airflow/dags/Airflow Coding Assessment 1/etl_pipeline_dag.py took 0.146 seconds
[2025-08-19T09:00:54.890+0000] {processor.py:161} INFO - Started process (PID=60281) to work on /opt/airflow/dags/Airflow Coding Assessment 1/etl_pipeline_dag.py
[2025-08-19T09:00:54.892+0000] {processor.py:830} INFO - Processing file /opt/airflow/dags/Airflow Coding Assessment 1/etl_pipeline_dag.py for tasks to queue
[2025-08-19T09:00:54.894+0000] {logging_mixin.py:188} INFO - [2025-08-19T09:00:54.893+0000] {dagbag.py:545} INFO - Filling up the DagBag from /opt/airflow/dags/Airflow Coding Assessment 1/etl_pipeline_dag.py
[2025-08-19T09:00:54.948+0000] {processor.py:840} INFO - DAG(s) 'etl_pipeline_dag' retrieved from /opt/airflow/dags/Airflow Coding Assessment 1/etl_pipeline_dag.py
[2025-08-19T09:00:54.984+0000] {logging_mixin.py:188} INFO - [2025-08-19T09:00:54.983+0000] {dag.py:3096} INFO - Sync 1 DAGs
[2025-08-19T09:00:55.003+0000] {logging_mixin.py:188} INFO - [2025-08-19T09:00:55.002+0000] {dag.py:3954} INFO - Setting next_dagrun for etl_pipeline_dag to None, run_after=None
[2025-08-19T09:00:55.041+0000] {processor.py:183} INFO - Processing /opt/airflow/dags/Airflow Coding Assessment 1/etl_pipeline_dag.py took 0.161 seconds
[2025-08-19T09:01:25.233+0000] {processor.py:161} INFO - Started process (PID=60338) to work on /opt/airflow/dags/Airflow Coding Assessment 1/etl_pipeline_dag.py
[2025-08-19T09:01:25.235+0000] {processor.py:830} INFO - Processing file /opt/airflow/dags/Airflow Coding Assessment 1/etl_pipeline_dag.py for tasks to queue
[2025-08-19T09:01:25.237+0000] {logging_mixin.py:188} INFO - [2025-08-19T09:01:25.236+0000] {dagbag.py:545} INFO - Filling up the DagBag from /opt/airflow/dags/Airflow Coding Assessment 1/etl_pipeline_dag.py
[2025-08-19T09:01:25.277+0000] {processor.py:840} INFO - DAG(s) 'etl_pipeline_dag' retrieved from /opt/airflow/dags/Airflow Coding Assessment 1/etl_pipeline_dag.py
[2025-08-19T09:01:25.304+0000] {logging_mixin.py:188} INFO - [2025-08-19T09:01:25.304+0000] {dag.py:3096} INFO - Sync 1 DAGs
[2025-08-19T09:01:25.322+0000] {logging_mixin.py:188} INFO - [2025-08-19T09:01:25.321+0000] {dag.py:3954} INFO - Setting next_dagrun for etl_pipeline_dag to None, run_after=None
[2025-08-19T09:01:25.352+0000] {processor.py:183} INFO - Processing /opt/airflow/dags/Airflow Coding Assessment 1/etl_pipeline_dag.py took 0.128 seconds
[2025-08-19T09:01:55.811+0000] {processor.py:161} INFO - Started process (PID=60395) to work on /opt/airflow/dags/Airflow Coding Assessment 1/etl_pipeline_dag.py
[2025-08-19T09:01:55.813+0000] {processor.py:830} INFO - Processing file /opt/airflow/dags/Airflow Coding Assessment 1/etl_pipeline_dag.py for tasks to queue
[2025-08-19T09:01:55.815+0000] {logging_mixin.py:188} INFO - [2025-08-19T09:01:55.814+0000] {dagbag.py:545} INFO - Filling up the DagBag from /opt/airflow/dags/Airflow Coding Assessment 1/etl_pipeline_dag.py
[2025-08-19T09:01:55.857+0000] {processor.py:840} INFO - DAG(s) 'etl_pipeline_dag' retrieved from /opt/airflow/dags/Airflow Coding Assessment 1/etl_pipeline_dag.py
[2025-08-19T09:01:55.882+0000] {logging_mixin.py:188} INFO - [2025-08-19T09:01:55.882+0000] {dag.py:3096} INFO - Sync 1 DAGs
[2025-08-19T09:01:55.897+0000] {logging_mixin.py:188} INFO - [2025-08-19T09:01:55.897+0000] {dag.py:3954} INFO - Setting next_dagrun for etl_pipeline_dag to None, run_after=None
[2025-08-19T09:01:55.925+0000] {processor.py:183} INFO - Processing /opt/airflow/dags/Airflow Coding Assessment 1/etl_pipeline_dag.py took 0.123 seconds
[2025-08-19T09:02:26.232+0000] {processor.py:161} INFO - Started process (PID=60452) to work on /opt/airflow/dags/Airflow Coding Assessment 1/etl_pipeline_dag.py
[2025-08-19T09:02:26.234+0000] {processor.py:830} INFO - Processing file /opt/airflow/dags/Airflow Coding Assessment 1/etl_pipeline_dag.py for tasks to queue
[2025-08-19T09:02:26.235+0000] {logging_mixin.py:188} INFO - [2025-08-19T09:02:26.235+0000] {dagbag.py:545} INFO - Filling up the DagBag from /opt/airflow/dags/Airflow Coding Assessment 1/etl_pipeline_dag.py
[2025-08-19T09:02:26.271+0000] {processor.py:840} INFO - DAG(s) 'etl_pipeline_dag' retrieved from /opt/airflow/dags/Airflow Coding Assessment 1/etl_pipeline_dag.py
[2025-08-19T09:02:26.298+0000] {logging_mixin.py:188} INFO - [2025-08-19T09:02:26.298+0000] {dag.py:3096} INFO - Sync 1 DAGs
[2025-08-19T09:02:26.318+0000] {logging_mixin.py:188} INFO - [2025-08-19T09:02:26.318+0000] {dag.py:3954} INFO - Setting next_dagrun for etl_pipeline_dag to None, run_after=None
[2025-08-19T09:02:26.351+0000] {processor.py:183} INFO - Processing /opt/airflow/dags/Airflow Coding Assessment 1/etl_pipeline_dag.py took 0.127 seconds
[2025-08-19T09:02:35.825+0000] {processor.py:161} INFO - Started process (PID=60469) to work on /opt/airflow/dags/Airflow Coding Assessment 1/etl_pipeline_dag.py
[2025-08-19T09:02:35.828+0000] {processor.py:830} INFO - Processing file /opt/airflow/dags/Airflow Coding Assessment 1/etl_pipeline_dag.py for tasks to queue
[2025-08-19T09:02:35.830+0000] {logging_mixin.py:188} INFO - [2025-08-19T09:02:35.829+0000] {dagbag.py:545} INFO - Filling up the DagBag from /opt/airflow/dags/Airflow Coding Assessment 1/etl_pipeline_dag.py
[2025-08-19T09:02:35.923+0000] {processor.py:840} INFO - DAG(s) 'etl_pipeline_dag' retrieved from /opt/airflow/dags/Airflow Coding Assessment 1/etl_pipeline_dag.py
[2025-08-19T09:02:35.975+0000] {logging_mixin.py:188} INFO - [2025-08-19T09:02:35.974+0000] {dag.py:3096} INFO - Sync 1 DAGs
[2025-08-19T09:02:36.001+0000] {logging_mixin.py:188} INFO - [2025-08-19T09:02:36.001+0000] {dag.py:3954} INFO - Setting next_dagrun for etl_pipeline_dag to None, run_after=None
[2025-08-19T09:02:36.054+0000] {processor.py:183} INFO - Processing /opt/airflow/dags/Airflow Coding Assessment 1/etl_pipeline_dag.py took 0.236 seconds
[2025-08-19T09:03:06.467+0000] {processor.py:161} INFO - Started process (PID=60526) to work on /opt/airflow/dags/Airflow Coding Assessment 1/etl_pipeline_dag.py
[2025-08-19T09:03:06.469+0000] {processor.py:830} INFO - Processing file /opt/airflow/dags/Airflow Coding Assessment 1/etl_pipeline_dag.py for tasks to queue
[2025-08-19T09:03:06.471+0000] {logging_mixin.py:188} INFO - [2025-08-19T09:03:06.470+0000] {dagbag.py:545} INFO - Filling up the DagBag from /opt/airflow/dags/Airflow Coding Assessment 1/etl_pipeline_dag.py
[2025-08-19T09:03:06.514+0000] {processor.py:840} INFO - DAG(s) 'etl_pipeline_dag' retrieved from /opt/airflow/dags/Airflow Coding Assessment 1/etl_pipeline_dag.py
[2025-08-19T09:03:06.536+0000] {logging_mixin.py:188} INFO - [2025-08-19T09:03:06.536+0000] {dag.py:3096} INFO - Sync 1 DAGs
[2025-08-19T09:03:06.549+0000] {logging_mixin.py:188} INFO - [2025-08-19T09:03:06.548+0000] {dag.py:3954} INFO - Setting next_dagrun for etl_pipeline_dag to None, run_after=None
[2025-08-19T09:03:06.578+0000] {processor.py:183} INFO - Processing /opt/airflow/dags/Airflow Coding Assessment 1/etl_pipeline_dag.py took 0.118 seconds
[2025-08-19T09:03:36.851+0000] {processor.py:161} INFO - Started process (PID=60583) to work on /opt/airflow/dags/Airflow Coding Assessment 1/etl_pipeline_dag.py
[2025-08-19T09:03:36.853+0000] {processor.py:830} INFO - Processing file /opt/airflow/dags/Airflow Coding Assessment 1/etl_pipeline_dag.py for tasks to queue
[2025-08-19T09:03:36.854+0000] {logging_mixin.py:188} INFO - [2025-08-19T09:03:36.854+0000] {dagbag.py:545} INFO - Filling up the DagBag from /opt/airflow/dags/Airflow Coding Assessment 1/etl_pipeline_dag.py
[2025-08-19T09:03:36.892+0000] {processor.py:840} INFO - DAG(s) 'etl_pipeline_dag' retrieved from /opt/airflow/dags/Airflow Coding Assessment 1/etl_pipeline_dag.py
[2025-08-19T09:03:36.914+0000] {logging_mixin.py:188} INFO - [2025-08-19T09:03:36.914+0000] {dag.py:3096} INFO - Sync 1 DAGs
[2025-08-19T09:03:36.927+0000] {logging_mixin.py:188} INFO - [2025-08-19T09:03:36.927+0000] {dag.py:3954} INFO - Setting next_dagrun for etl_pipeline_dag to None, run_after=None
[2025-08-19T09:03:36.967+0000] {processor.py:183} INFO - Processing /opt/airflow/dags/Airflow Coding Assessment 1/etl_pipeline_dag.py took 0.124 seconds
[2025-08-19T09:04:07.249+0000] {processor.py:161} INFO - Started process (PID=60640) to work on /opt/airflow/dags/Airflow Coding Assessment 1/etl_pipeline_dag.py
[2025-08-19T09:04:07.250+0000] {processor.py:830} INFO - Processing file /opt/airflow/dags/Airflow Coding Assessment 1/etl_pipeline_dag.py for tasks to queue
[2025-08-19T09:04:07.251+0000] {logging_mixin.py:188} INFO - [2025-08-19T09:04:07.251+0000] {dagbag.py:545} INFO - Filling up the DagBag from /opt/airflow/dags/Airflow Coding Assessment 1/etl_pipeline_dag.py
[2025-08-19T09:04:07.278+0000] {processor.py:840} INFO - DAG(s) 'etl_pipeline_dag' retrieved from /opt/airflow/dags/Airflow Coding Assessment 1/etl_pipeline_dag.py
[2025-08-19T09:04:07.299+0000] {logging_mixin.py:188} INFO - [2025-08-19T09:04:07.299+0000] {dag.py:3096} INFO - Sync 1 DAGs
[2025-08-19T09:04:07.313+0000] {logging_mixin.py:188} INFO - [2025-08-19T09:04:07.312+0000] {dag.py:3954} INFO - Setting next_dagrun for etl_pipeline_dag to None, run_after=None
[2025-08-19T09:04:07.341+0000] {processor.py:183} INFO - Processing /opt/airflow/dags/Airflow Coding Assessment 1/etl_pipeline_dag.py took 0.097 seconds
[2025-08-19T09:04:32.898+0000] {processor.py:161} INFO - Started process (PID=60686) to work on /opt/airflow/dags/Airflow Coding Assessment 1/etl_pipeline_dag.py
[2025-08-19T09:04:32.899+0000] {processor.py:830} INFO - Processing file /opt/airflow/dags/Airflow Coding Assessment 1/etl_pipeline_dag.py for tasks to queue
[2025-08-19T09:04:32.901+0000] {logging_mixin.py:188} INFO - [2025-08-19T09:04:32.900+0000] {dagbag.py:545} INFO - Filling up the DagBag from /opt/airflow/dags/Airflow Coding Assessment 1/etl_pipeline_dag.py
[2025-08-19T09:04:32.973+0000] {processor.py:840} INFO - DAG(s) 'etl_pipeline_dag' retrieved from /opt/airflow/dags/Airflow Coding Assessment 1/etl_pipeline_dag.py
[2025-08-19T09:04:32.999+0000] {logging_mixin.py:188} INFO - [2025-08-19T09:04:32.999+0000] {dag.py:3096} INFO - Sync 1 DAGs
[2025-08-19T09:04:33.016+0000] {logging_mixin.py:188} INFO - [2025-08-19T09:04:33.016+0000] {dag.py:3954} INFO - Setting next_dagrun for etl_pipeline_dag to None, run_after=None
[2025-08-19T09:04:33.053+0000] {processor.py:183} INFO - Processing /opt/airflow/dags/Airflow Coding Assessment 1/etl_pipeline_dag.py took 0.164 seconds
[2025-08-19T09:05:03.477+0000] {processor.py:161} INFO - Started process (PID=60743) to work on /opt/airflow/dags/Airflow Coding Assessment 1/etl_pipeline_dag.py
[2025-08-19T09:05:03.479+0000] {processor.py:830} INFO - Processing file /opt/airflow/dags/Airflow Coding Assessment 1/etl_pipeline_dag.py for tasks to queue
[2025-08-19T09:05:03.481+0000] {logging_mixin.py:188} INFO - [2025-08-19T09:05:03.480+0000] {dagbag.py:545} INFO - Filling up the DagBag from /opt/airflow/dags/Airflow Coding Assessment 1/etl_pipeline_dag.py
[2025-08-19T09:05:03.527+0000] {processor.py:840} INFO - DAG(s) 'etl_pipeline_dag' retrieved from /opt/airflow/dags/Airflow Coding Assessment 1/etl_pipeline_dag.py
[2025-08-19T09:05:03.553+0000] {logging_mixin.py:188} INFO - [2025-08-19T09:05:03.552+0000] {dag.py:3096} INFO - Sync 1 DAGs
[2025-08-19T09:05:03.567+0000] {logging_mixin.py:188} INFO - [2025-08-19T09:05:03.567+0000] {dag.py:3954} INFO - Setting next_dagrun for etl_pipeline_dag to None, run_after=None
[2025-08-19T09:05:03.598+0000] {processor.py:183} INFO - Processing /opt/airflow/dags/Airflow Coding Assessment 1/etl_pipeline_dag.py took 0.128 seconds
[2025-08-19T09:05:33.710+0000] {processor.py:161} INFO - Started process (PID=60800) to work on /opt/airflow/dags/Airflow Coding Assessment 1/etl_pipeline_dag.py
[2025-08-19T09:05:33.712+0000] {processor.py:830} INFO - Processing file /opt/airflow/dags/Airflow Coding Assessment 1/etl_pipeline_dag.py for tasks to queue
[2025-08-19T09:05:33.713+0000] {logging_mixin.py:188} INFO - [2025-08-19T09:05:33.713+0000] {dagbag.py:545} INFO - Filling up the DagBag from /opt/airflow/dags/Airflow Coding Assessment 1/etl_pipeline_dag.py
[2025-08-19T09:05:33.751+0000] {processor.py:840} INFO - DAG(s) 'etl_pipeline_dag' retrieved from /opt/airflow/dags/Airflow Coding Assessment 1/etl_pipeline_dag.py
[2025-08-19T09:05:33.774+0000] {logging_mixin.py:188} INFO - [2025-08-19T09:05:33.773+0000] {dag.py:3096} INFO - Sync 1 DAGs
[2025-08-19T09:05:33.790+0000] {logging_mixin.py:188} INFO - [2025-08-19T09:05:33.789+0000] {dag.py:3954} INFO - Setting next_dagrun for etl_pipeline_dag to None, run_after=None
[2025-08-19T09:05:33.819+0000] {processor.py:183} INFO - Processing /opt/airflow/dags/Airflow Coding Assessment 1/etl_pipeline_dag.py took 0.116 seconds
[2025-08-19T09:06:04.038+0000] {processor.py:161} INFO - Started process (PID=60857) to work on /opt/airflow/dags/Airflow Coding Assessment 1/etl_pipeline_dag.py
[2025-08-19T09:06:04.040+0000] {processor.py:830} INFO - Processing file /opt/airflow/dags/Airflow Coding Assessment 1/etl_pipeline_dag.py for tasks to queue
[2025-08-19T09:06:04.041+0000] {logging_mixin.py:188} INFO - [2025-08-19T09:06:04.041+0000] {dagbag.py:545} INFO - Filling up the DagBag from /opt/airflow/dags/Airflow Coding Assessment 1/etl_pipeline_dag.py
[2025-08-19T09:06:04.074+0000] {processor.py:840} INFO - DAG(s) 'etl_pipeline_dag' retrieved from /opt/airflow/dags/Airflow Coding Assessment 1/etl_pipeline_dag.py
[2025-08-19T09:06:04.097+0000] {logging_mixin.py:188} INFO - [2025-08-19T09:06:04.097+0000] {dag.py:3096} INFO - Sync 1 DAGs
[2025-08-19T09:06:04.113+0000] {logging_mixin.py:188} INFO - [2025-08-19T09:06:04.113+0000] {dag.py:3954} INFO - Setting next_dagrun for etl_pipeline_dag to None, run_after=None
[2025-08-19T09:06:04.140+0000] {processor.py:183} INFO - Processing /opt/airflow/dags/Airflow Coding Assessment 1/etl_pipeline_dag.py took 0.110 seconds
[2025-08-19T09:06:34.462+0000] {processor.py:161} INFO - Started process (PID=60914) to work on /opt/airflow/dags/Airflow Coding Assessment 1/etl_pipeline_dag.py
[2025-08-19T09:06:34.463+0000] {processor.py:830} INFO - Processing file /opt/airflow/dags/Airflow Coding Assessment 1/etl_pipeline_dag.py for tasks to queue
[2025-08-19T09:06:34.465+0000] {logging_mixin.py:188} INFO - [2025-08-19T09:06:34.464+0000] {dagbag.py:545} INFO - Filling up the DagBag from /opt/airflow/dags/Airflow Coding Assessment 1/etl_pipeline_dag.py
[2025-08-19T09:06:34.495+0000] {processor.py:840} INFO - DAG(s) 'etl_pipeline_dag' retrieved from /opt/airflow/dags/Airflow Coding Assessment 1/etl_pipeline_dag.py
[2025-08-19T09:06:34.518+0000] {logging_mixin.py:188} INFO - [2025-08-19T09:06:34.518+0000] {dag.py:3096} INFO - Sync 1 DAGs
[2025-08-19T09:06:34.679+0000] {logging_mixin.py:188} INFO - [2025-08-19T09:06:34.678+0000] {dag.py:3954} INFO - Setting next_dagrun for etl_pipeline_dag to None, run_after=None
[2025-08-19T09:06:34.709+0000] {processor.py:183} INFO - Processing /opt/airflow/dags/Airflow Coding Assessment 1/etl_pipeline_dag.py took 0.252 seconds
[2025-08-19T09:07:04.897+0000] {processor.py:161} INFO - Started process (PID=60971) to work on /opt/airflow/dags/Airflow Coding Assessment 1/etl_pipeline_dag.py
[2025-08-19T09:07:04.898+0000] {processor.py:830} INFO - Processing file /opt/airflow/dags/Airflow Coding Assessment 1/etl_pipeline_dag.py for tasks to queue
[2025-08-19T09:07:04.900+0000] {logging_mixin.py:188} INFO - [2025-08-19T09:07:04.899+0000] {dagbag.py:545} INFO - Filling up the DagBag from /opt/airflow/dags/Airflow Coding Assessment 1/etl_pipeline_dag.py
[2025-08-19T09:07:04.932+0000] {processor.py:840} INFO - DAG(s) 'etl_pipeline_dag' retrieved from /opt/airflow/dags/Airflow Coding Assessment 1/etl_pipeline_dag.py
[2025-08-19T09:07:04.955+0000] {logging_mixin.py:188} INFO - [2025-08-19T09:07:04.955+0000] {dag.py:3096} INFO - Sync 1 DAGs
[2025-08-19T09:07:04.968+0000] {logging_mixin.py:188} INFO - [2025-08-19T09:07:04.968+0000] {dag.py:3954} INFO - Setting next_dagrun for etl_pipeline_dag to None, run_after=None
[2025-08-19T09:07:05.176+0000] {processor.py:183} INFO - Processing /opt/airflow/dags/Airflow Coding Assessment 1/etl_pipeline_dag.py took 0.287 seconds
[2025-08-19T09:07:36.050+0000] {processor.py:161} INFO - Started process (PID=61028) to work on /opt/airflow/dags/Airflow Coding Assessment 1/etl_pipeline_dag.py
[2025-08-19T09:07:36.051+0000] {processor.py:830} INFO - Processing file /opt/airflow/dags/Airflow Coding Assessment 1/etl_pipeline_dag.py for tasks to queue
[2025-08-19T09:07:36.052+0000] {logging_mixin.py:188} INFO - [2025-08-19T09:07:36.052+0000] {dagbag.py:545} INFO - Filling up the DagBag from /opt/airflow/dags/Airflow Coding Assessment 1/etl_pipeline_dag.py
[2025-08-19T09:07:36.082+0000] {processor.py:840} INFO - DAG(s) 'etl_pipeline_dag' retrieved from /opt/airflow/dags/Airflow Coding Assessment 1/etl_pipeline_dag.py
[2025-08-19T09:07:36.106+0000] {logging_mixin.py:188} INFO - [2025-08-19T09:07:36.106+0000] {dag.py:3096} INFO - Sync 1 DAGs
[2025-08-19T09:07:36.120+0000] {logging_mixin.py:188} INFO - [2025-08-19T09:07:36.120+0000] {dag.py:3954} INFO - Setting next_dagrun for etl_pipeline_dag to None, run_after=None
[2025-08-19T09:07:36.147+0000] {processor.py:183} INFO - Processing /opt/airflow/dags/Airflow Coding Assessment 1/etl_pipeline_dag.py took 0.105 seconds
[2025-08-19T09:08:06.310+0000] {processor.py:161} INFO - Started process (PID=61085) to work on /opt/airflow/dags/Airflow Coding Assessment 1/etl_pipeline_dag.py
[2025-08-19T09:08:06.314+0000] {processor.py:830} INFO - Processing file /opt/airflow/dags/Airflow Coding Assessment 1/etl_pipeline_dag.py for tasks to queue
[2025-08-19T09:08:06.317+0000] {logging_mixin.py:188} INFO - [2025-08-19T09:08:06.316+0000] {dagbag.py:545} INFO - Filling up the DagBag from /opt/airflow/dags/Airflow Coding Assessment 1/etl_pipeline_dag.py
[2025-08-19T09:08:06.381+0000] {processor.py:840} INFO - DAG(s) 'etl_pipeline_dag' retrieved from /opt/airflow/dags/Airflow Coding Assessment 1/etl_pipeline_dag.py
[2025-08-19T09:08:06.409+0000] {logging_mixin.py:188} INFO - [2025-08-19T09:08:06.408+0000] {dag.py:3096} INFO - Sync 1 DAGs
[2025-08-19T09:08:06.424+0000] {logging_mixin.py:188} INFO - [2025-08-19T09:08:06.424+0000] {dag.py:3954} INFO - Setting next_dagrun for etl_pipeline_dag to None, run_after=None
[2025-08-19T09:08:06.453+0000] {processor.py:183} INFO - Processing /opt/airflow/dags/Airflow Coding Assessment 1/etl_pipeline_dag.py took 0.156 seconds
[2025-08-19T09:08:36.696+0000] {processor.py:161} INFO - Started process (PID=61142) to work on /opt/airflow/dags/Airflow Coding Assessment 1/etl_pipeline_dag.py
[2025-08-19T09:08:36.698+0000] {processor.py:830} INFO - Processing file /opt/airflow/dags/Airflow Coding Assessment 1/etl_pipeline_dag.py for tasks to queue
[2025-08-19T09:08:36.699+0000] {logging_mixin.py:188} INFO - [2025-08-19T09:08:36.699+0000] {dagbag.py:545} INFO - Filling up the DagBag from /opt/airflow/dags/Airflow Coding Assessment 1/etl_pipeline_dag.py
[2025-08-19T09:08:36.733+0000] {processor.py:840} INFO - DAG(s) 'etl_pipeline_dag' retrieved from /opt/airflow/dags/Airflow Coding Assessment 1/etl_pipeline_dag.py
[2025-08-19T09:08:36.757+0000] {logging_mixin.py:188} INFO - [2025-08-19T09:08:36.757+0000] {dag.py:3096} INFO - Sync 1 DAGs
[2025-08-19T09:08:36.772+0000] {logging_mixin.py:188} INFO - [2025-08-19T09:08:36.772+0000] {dag.py:3954} INFO - Setting next_dagrun for etl_pipeline_dag to None, run_after=None
[2025-08-19T09:08:36.801+0000] {processor.py:183} INFO - Processing /opt/airflow/dags/Airflow Coding Assessment 1/etl_pipeline_dag.py took 0.111 seconds
[2025-08-19T09:09:07.001+0000] {processor.py:161} INFO - Started process (PID=61199) to work on /opt/airflow/dags/Airflow Coding Assessment 1/etl_pipeline_dag.py
[2025-08-19T09:09:07.002+0000] {processor.py:830} INFO - Processing file /opt/airflow/dags/Airflow Coding Assessment 1/etl_pipeline_dag.py for tasks to queue
[2025-08-19T09:09:07.004+0000] {logging_mixin.py:188} INFO - [2025-08-19T09:09:07.003+0000] {dagbag.py:545} INFO - Filling up the DagBag from /opt/airflow/dags/Airflow Coding Assessment 1/etl_pipeline_dag.py
[2025-08-19T09:09:07.044+0000] {processor.py:840} INFO - DAG(s) 'etl_pipeline_dag' retrieved from /opt/airflow/dags/Airflow Coding Assessment 1/etl_pipeline_dag.py
[2025-08-19T09:09:07.068+0000] {logging_mixin.py:188} INFO - [2025-08-19T09:09:07.068+0000] {dag.py:3096} INFO - Sync 1 DAGs
[2025-08-19T09:09:07.082+0000] {logging_mixin.py:188} INFO - [2025-08-19T09:09:07.082+0000] {dag.py:3954} INFO - Setting next_dagrun for etl_pipeline_dag to None, run_after=None
[2025-08-19T09:09:07.109+0000] {processor.py:183} INFO - Processing /opt/airflow/dags/Airflow Coding Assessment 1/etl_pipeline_dag.py took 0.115 seconds
[2025-08-19T09:09:37.587+0000] {processor.py:161} INFO - Started process (PID=61256) to work on /opt/airflow/dags/Airflow Coding Assessment 1/etl_pipeline_dag.py
[2025-08-19T09:09:37.588+0000] {processor.py:830} INFO - Processing file /opt/airflow/dags/Airflow Coding Assessment 1/etl_pipeline_dag.py for tasks to queue
[2025-08-19T09:09:37.590+0000] {logging_mixin.py:188} INFO - [2025-08-19T09:09:37.589+0000] {dagbag.py:545} INFO - Filling up the DagBag from /opt/airflow/dags/Airflow Coding Assessment 1/etl_pipeline_dag.py
[2025-08-19T09:09:37.620+0000] {processor.py:840} INFO - DAG(s) 'etl_pipeline_dag' retrieved from /opt/airflow/dags/Airflow Coding Assessment 1/etl_pipeline_dag.py
[2025-08-19T09:09:37.644+0000] {logging_mixin.py:188} INFO - [2025-08-19T09:09:37.644+0000] {dag.py:3096} INFO - Sync 1 DAGs
[2025-08-19T09:09:37.660+0000] {logging_mixin.py:188} INFO - [2025-08-19T09:09:37.660+0000] {dag.py:3954} INFO - Setting next_dagrun for etl_pipeline_dag to None, run_after=None
[2025-08-19T09:09:37.693+0000] {processor.py:183} INFO - Processing /opt/airflow/dags/Airflow Coding Assessment 1/etl_pipeline_dag.py took 0.112 seconds
[2025-08-19T09:10:08.227+0000] {processor.py:161} INFO - Started process (PID=61313) to work on /opt/airflow/dags/Airflow Coding Assessment 1/etl_pipeline_dag.py
[2025-08-19T09:10:08.228+0000] {processor.py:830} INFO - Processing file /opt/airflow/dags/Airflow Coding Assessment 1/etl_pipeline_dag.py for tasks to queue
[2025-08-19T09:10:08.229+0000] {logging_mixin.py:188} INFO - [2025-08-19T09:10:08.229+0000] {dagbag.py:545} INFO - Filling up the DagBag from /opt/airflow/dags/Airflow Coding Assessment 1/etl_pipeline_dag.py
[2025-08-19T09:10:08.264+0000] {processor.py:840} INFO - DAG(s) 'etl_pipeline_dag' retrieved from /opt/airflow/dags/Airflow Coding Assessment 1/etl_pipeline_dag.py
[2025-08-19T09:10:08.291+0000] {logging_mixin.py:188} INFO - [2025-08-19T09:10:08.291+0000] {dag.py:3096} INFO - Sync 1 DAGs
[2025-08-19T09:10:08.305+0000] {logging_mixin.py:188} INFO - [2025-08-19T09:10:08.305+0000] {dag.py:3954} INFO - Setting next_dagrun for etl_pipeline_dag to None, run_after=None
[2025-08-19T09:10:08.333+0000] {processor.py:183} INFO - Processing /opt/airflow/dags/Airflow Coding Assessment 1/etl_pipeline_dag.py took 0.112 seconds
[2025-08-19T09:10:39.118+0000] {processor.py:161} INFO - Started process (PID=61370) to work on /opt/airflow/dags/Airflow Coding Assessment 1/etl_pipeline_dag.py
[2025-08-19T09:10:39.119+0000] {processor.py:830} INFO - Processing file /opt/airflow/dags/Airflow Coding Assessment 1/etl_pipeline_dag.py for tasks to queue
[2025-08-19T09:10:39.120+0000] {logging_mixin.py:188} INFO - [2025-08-19T09:10:39.120+0000] {dagbag.py:545} INFO - Filling up the DagBag from /opt/airflow/dags/Airflow Coding Assessment 1/etl_pipeline_dag.py
[2025-08-19T09:10:39.157+0000] {processor.py:840} INFO - DAG(s) 'etl_pipeline_dag' retrieved from /opt/airflow/dags/Airflow Coding Assessment 1/etl_pipeline_dag.py
[2025-08-19T09:10:39.178+0000] {logging_mixin.py:188} INFO - [2025-08-19T09:10:39.178+0000] {dag.py:3096} INFO - Sync 1 DAGs
[2025-08-19T09:10:39.194+0000] {logging_mixin.py:188} INFO - [2025-08-19T09:10:39.194+0000] {dag.py:3954} INFO - Setting next_dagrun for etl_pipeline_dag to None, run_after=None
[2025-08-19T09:10:39.221+0000] {processor.py:183} INFO - Processing /opt/airflow/dags/Airflow Coding Assessment 1/etl_pipeline_dag.py took 0.111 seconds
[2025-08-19T09:11:09.458+0000] {processor.py:161} INFO - Started process (PID=61427) to work on /opt/airflow/dags/Airflow Coding Assessment 1/etl_pipeline_dag.py
[2025-08-19T09:11:09.459+0000] {processor.py:830} INFO - Processing file /opt/airflow/dags/Airflow Coding Assessment 1/etl_pipeline_dag.py for tasks to queue
[2025-08-19T09:11:09.461+0000] {logging_mixin.py:188} INFO - [2025-08-19T09:11:09.460+0000] {dagbag.py:545} INFO - Filling up the DagBag from /opt/airflow/dags/Airflow Coding Assessment 1/etl_pipeline_dag.py
[2025-08-19T09:11:09.497+0000] {processor.py:840} INFO - DAG(s) 'etl_pipeline_dag' retrieved from /opt/airflow/dags/Airflow Coding Assessment 1/etl_pipeline_dag.py
[2025-08-19T09:11:09.525+0000] {logging_mixin.py:188} INFO - [2025-08-19T09:11:09.524+0000] {dag.py:3096} INFO - Sync 1 DAGs
[2025-08-19T09:11:09.542+0000] {logging_mixin.py:188} INFO - [2025-08-19T09:11:09.542+0000] {dag.py:3954} INFO - Setting next_dagrun for etl_pipeline_dag to None, run_after=None
[2025-08-19T09:11:09.574+0000] {processor.py:183} INFO - Processing /opt/airflow/dags/Airflow Coding Assessment 1/etl_pipeline_dag.py took 0.123 seconds
[2025-08-19T09:11:40.316+0000] {processor.py:161} INFO - Started process (PID=61484) to work on /opt/airflow/dags/Airflow Coding Assessment 1/etl_pipeline_dag.py
[2025-08-19T09:11:40.318+0000] {processor.py:830} INFO - Processing file /opt/airflow/dags/Airflow Coding Assessment 1/etl_pipeline_dag.py for tasks to queue
[2025-08-19T09:11:40.320+0000] {logging_mixin.py:188} INFO - [2025-08-19T09:11:40.319+0000] {dagbag.py:545} INFO - Filling up the DagBag from /opt/airflow/dags/Airflow Coding Assessment 1/etl_pipeline_dag.py
[2025-08-19T09:11:40.356+0000] {processor.py:840} INFO - DAG(s) 'etl_pipeline_dag' retrieved from /opt/airflow/dags/Airflow Coding Assessment 1/etl_pipeline_dag.py
[2025-08-19T09:11:40.379+0000] {logging_mixin.py:188} INFO - [2025-08-19T09:11:40.378+0000] {dag.py:3096} INFO - Sync 1 DAGs
[2025-08-19T09:11:40.394+0000] {logging_mixin.py:188} INFO - [2025-08-19T09:11:40.394+0000] {dag.py:3954} INFO - Setting next_dagrun for etl_pipeline_dag to None, run_after=None
[2025-08-19T09:11:40.423+0000] {processor.py:183} INFO - Processing /opt/airflow/dags/Airflow Coding Assessment 1/etl_pipeline_dag.py took 0.115 seconds
[2025-08-19T09:12:10.888+0000] {processor.py:161} INFO - Started process (PID=61541) to work on /opt/airflow/dags/Airflow Coding Assessment 1/etl_pipeline_dag.py
[2025-08-19T09:12:10.889+0000] {processor.py:830} INFO - Processing file /opt/airflow/dags/Airflow Coding Assessment 1/etl_pipeline_dag.py for tasks to queue
[2025-08-19T09:12:10.890+0000] {logging_mixin.py:188} INFO - [2025-08-19T09:12:10.890+0000] {dagbag.py:545} INFO - Filling up the DagBag from /opt/airflow/dags/Airflow Coding Assessment 1/etl_pipeline_dag.py
[2025-08-19T09:12:10.925+0000] {processor.py:840} INFO - DAG(s) 'etl_pipeline_dag' retrieved from /opt/airflow/dags/Airflow Coding Assessment 1/etl_pipeline_dag.py
[2025-08-19T09:12:10.946+0000] {logging_mixin.py:188} INFO - [2025-08-19T09:12:10.946+0000] {dag.py:3096} INFO - Sync 1 DAGs
[2025-08-19T09:12:10.959+0000] {logging_mixin.py:188} INFO - [2025-08-19T09:12:10.959+0000] {dag.py:3954} INFO - Setting next_dagrun for etl_pipeline_dag to None, run_after=None
[2025-08-19T09:12:10.987+0000] {processor.py:183} INFO - Processing /opt/airflow/dags/Airflow Coding Assessment 1/etl_pipeline_dag.py took 0.107 seconds
[2025-08-19T09:12:41.348+0000] {processor.py:161} INFO - Started process (PID=61598) to work on /opt/airflow/dags/Airflow Coding Assessment 1/etl_pipeline_dag.py
[2025-08-19T09:12:41.350+0000] {processor.py:830} INFO - Processing file /opt/airflow/dags/Airflow Coding Assessment 1/etl_pipeline_dag.py for tasks to queue
[2025-08-19T09:12:41.352+0000] {logging_mixin.py:188} INFO - [2025-08-19T09:12:41.352+0000] {dagbag.py:545} INFO - Filling up the DagBag from /opt/airflow/dags/Airflow Coding Assessment 1/etl_pipeline_dag.py
[2025-08-19T09:12:41.385+0000] {processor.py:840} INFO - DAG(s) 'etl_pipeline_dag' retrieved from /opt/airflow/dags/Airflow Coding Assessment 1/etl_pipeline_dag.py
[2025-08-19T09:12:41.410+0000] {logging_mixin.py:188} INFO - [2025-08-19T09:12:41.410+0000] {dag.py:3096} INFO - Sync 1 DAGs
[2025-08-19T09:12:41.426+0000] {logging_mixin.py:188} INFO - [2025-08-19T09:12:41.426+0000] {dag.py:3954} INFO - Setting next_dagrun for etl_pipeline_dag to None, run_after=None
[2025-08-19T09:12:41.456+0000] {processor.py:183} INFO - Processing /opt/airflow/dags/Airflow Coding Assessment 1/etl_pipeline_dag.py took 0.115 seconds
[2025-08-19T09:13:11.989+0000] {processor.py:161} INFO - Started process (PID=61655) to work on /opt/airflow/dags/Airflow Coding Assessment 1/etl_pipeline_dag.py
[2025-08-19T09:13:11.991+0000] {processor.py:830} INFO - Processing file /opt/airflow/dags/Airflow Coding Assessment 1/etl_pipeline_dag.py for tasks to queue
[2025-08-19T09:13:11.992+0000] {logging_mixin.py:188} INFO - [2025-08-19T09:13:11.992+0000] {dagbag.py:545} INFO - Filling up the DagBag from /opt/airflow/dags/Airflow Coding Assessment 1/etl_pipeline_dag.py
[2025-08-19T09:13:12.033+0000] {processor.py:840} INFO - DAG(s) 'etl_pipeline_dag' retrieved from /opt/airflow/dags/Airflow Coding Assessment 1/etl_pipeline_dag.py
[2025-08-19T09:13:12.057+0000] {logging_mixin.py:188} INFO - [2025-08-19T09:13:12.057+0000] {dag.py:3096} INFO - Sync 1 DAGs
[2025-08-19T09:13:12.073+0000] {logging_mixin.py:188} INFO - [2025-08-19T09:13:12.073+0000] {dag.py:3954} INFO - Setting next_dagrun for etl_pipeline_dag to None, run_after=None
[2025-08-19T09:13:12.100+0000] {processor.py:183} INFO - Processing /opt/airflow/dags/Airflow Coding Assessment 1/etl_pipeline_dag.py took 0.119 seconds
[2025-08-19T09:13:42.451+0000] {processor.py:161} INFO - Started process (PID=61712) to work on /opt/airflow/dags/Airflow Coding Assessment 1/etl_pipeline_dag.py
[2025-08-19T09:13:42.453+0000] {processor.py:830} INFO - Processing file /opt/airflow/dags/Airflow Coding Assessment 1/etl_pipeline_dag.py for tasks to queue
[2025-08-19T09:13:42.454+0000] {logging_mixin.py:188} INFO - [2025-08-19T09:13:42.454+0000] {dagbag.py:545} INFO - Filling up the DagBag from /opt/airflow/dags/Airflow Coding Assessment 1/etl_pipeline_dag.py
[2025-08-19T09:13:42.487+0000] {processor.py:840} INFO - DAG(s) 'etl_pipeline_dag' retrieved from /opt/airflow/dags/Airflow Coding Assessment 1/etl_pipeline_dag.py
[2025-08-19T09:13:42.514+0000] {logging_mixin.py:188} INFO - [2025-08-19T09:13:42.514+0000] {dag.py:3096} INFO - Sync 1 DAGs
[2025-08-19T09:13:42.530+0000] {logging_mixin.py:188} INFO - [2025-08-19T09:13:42.529+0000] {dag.py:3954} INFO - Setting next_dagrun for etl_pipeline_dag to None, run_after=None
[2025-08-19T09:13:42.557+0000] {processor.py:183} INFO - Processing /opt/airflow/dags/Airflow Coding Assessment 1/etl_pipeline_dag.py took 0.112 seconds
[2025-08-19T09:14:12.717+0000] {processor.py:161} INFO - Started process (PID=61769) to work on /opt/airflow/dags/Airflow Coding Assessment 1/etl_pipeline_dag.py
[2025-08-19T09:14:12.719+0000] {processor.py:830} INFO - Processing file /opt/airflow/dags/Airflow Coding Assessment 1/etl_pipeline_dag.py for tasks to queue
[2025-08-19T09:14:12.721+0000] {logging_mixin.py:188} INFO - [2025-08-19T09:14:12.720+0000] {dagbag.py:545} INFO - Filling up the DagBag from /opt/airflow/dags/Airflow Coding Assessment 1/etl_pipeline_dag.py
[2025-08-19T09:14:12.763+0000] {processor.py:840} INFO - DAG(s) 'etl_pipeline_dag' retrieved from /opt/airflow/dags/Airflow Coding Assessment 1/etl_pipeline_dag.py
[2025-08-19T09:14:12.783+0000] {logging_mixin.py:188} INFO - [2025-08-19T09:14:12.783+0000] {dag.py:3096} INFO - Sync 1 DAGs
[2025-08-19T09:14:12.801+0000] {logging_mixin.py:188} INFO - [2025-08-19T09:14:12.801+0000] {dag.py:3954} INFO - Setting next_dagrun for etl_pipeline_dag to None, run_after=None
[2025-08-19T09:14:12.835+0000] {processor.py:183} INFO - Processing /opt/airflow/dags/Airflow Coding Assessment 1/etl_pipeline_dag.py took 0.127 seconds
[2025-08-19T09:14:43.062+0000] {processor.py:161} INFO - Started process (PID=61826) to work on /opt/airflow/dags/Airflow Coding Assessment 1/etl_pipeline_dag.py
[2025-08-19T09:14:43.064+0000] {processor.py:830} INFO - Processing file /opt/airflow/dags/Airflow Coding Assessment 1/etl_pipeline_dag.py for tasks to queue
[2025-08-19T09:14:43.066+0000] {logging_mixin.py:188} INFO - [2025-08-19T09:14:43.065+0000] {dagbag.py:545} INFO - Filling up the DagBag from /opt/airflow/dags/Airflow Coding Assessment 1/etl_pipeline_dag.py
[2025-08-19T09:14:43.103+0000] {processor.py:840} INFO - DAG(s) 'etl_pipeline_dag' retrieved from /opt/airflow/dags/Airflow Coding Assessment 1/etl_pipeline_dag.py
[2025-08-19T09:14:43.129+0000] {logging_mixin.py:188} INFO - [2025-08-19T09:14:43.129+0000] {dag.py:3096} INFO - Sync 1 DAGs
[2025-08-19T09:14:43.143+0000] {logging_mixin.py:188} INFO - [2025-08-19T09:14:43.143+0000] {dag.py:3954} INFO - Setting next_dagrun for etl_pipeline_dag to None, run_after=None
[2025-08-19T09:14:43.173+0000] {processor.py:183} INFO - Processing /opt/airflow/dags/Airflow Coding Assessment 1/etl_pipeline_dag.py took 0.117 seconds
[2025-08-19T09:15:13.324+0000] {processor.py:161} INFO - Started process (PID=61883) to work on /opt/airflow/dags/Airflow Coding Assessment 1/etl_pipeline_dag.py
[2025-08-19T09:15:13.327+0000] {processor.py:830} INFO - Processing file /opt/airflow/dags/Airflow Coding Assessment 1/etl_pipeline_dag.py for tasks to queue
[2025-08-19T09:15:13.328+0000] {logging_mixin.py:188} INFO - [2025-08-19T09:15:13.328+0000] {dagbag.py:545} INFO - Filling up the DagBag from /opt/airflow/dags/Airflow Coding Assessment 1/etl_pipeline_dag.py
[2025-08-19T09:15:13.364+0000] {processor.py:840} INFO - DAG(s) 'etl_pipeline_dag' retrieved from /opt/airflow/dags/Airflow Coding Assessment 1/etl_pipeline_dag.py
[2025-08-19T09:15:13.387+0000] {logging_mixin.py:188} INFO - [2025-08-19T09:15:13.387+0000] {dag.py:3096} INFO - Sync 1 DAGs
[2025-08-19T09:15:13.403+0000] {logging_mixin.py:188} INFO - [2025-08-19T09:15:13.402+0000] {dag.py:3954} INFO - Setting next_dagrun for etl_pipeline_dag to None, run_after=None
[2025-08-19T09:15:13.436+0000] {processor.py:183} INFO - Processing /opt/airflow/dags/Airflow Coding Assessment 1/etl_pipeline_dag.py took 0.117 seconds
[2025-08-19T09:15:43.862+0000] {processor.py:161} INFO - Started process (PID=61941) to work on /opt/airflow/dags/Airflow Coding Assessment 1/etl_pipeline_dag.py
[2025-08-19T09:15:43.864+0000] {processor.py:830} INFO - Processing file /opt/airflow/dags/Airflow Coding Assessment 1/etl_pipeline_dag.py for tasks to queue
[2025-08-19T09:15:43.866+0000] {logging_mixin.py:188} INFO - [2025-08-19T09:15:43.865+0000] {dagbag.py:545} INFO - Filling up the DagBag from /opt/airflow/dags/Airflow Coding Assessment 1/etl_pipeline_dag.py
[2025-08-19T09:15:43.906+0000] {processor.py:840} INFO - DAG(s) 'etl_pipeline_dag' retrieved from /opt/airflow/dags/Airflow Coding Assessment 1/etl_pipeline_dag.py
[2025-08-19T09:15:43.931+0000] {logging_mixin.py:188} INFO - [2025-08-19T09:15:43.930+0000] {dag.py:3096} INFO - Sync 1 DAGs
[2025-08-19T09:15:43.944+0000] {logging_mixin.py:188} INFO - [2025-08-19T09:15:43.944+0000] {dag.py:3954} INFO - Setting next_dagrun for etl_pipeline_dag to None, run_after=None
[2025-08-19T09:15:43.981+0000] {processor.py:183} INFO - Processing /opt/airflow/dags/Airflow Coding Assessment 1/etl_pipeline_dag.py took 0.129 seconds
[2025-08-19T09:16:14.203+0000] {processor.py:161} INFO - Started process (PID=61999) to work on /opt/airflow/dags/Airflow Coding Assessment 1/etl_pipeline_dag.py
[2025-08-19T09:16:14.204+0000] {processor.py:830} INFO - Processing file /opt/airflow/dags/Airflow Coding Assessment 1/etl_pipeline_dag.py for tasks to queue
[2025-08-19T09:16:14.206+0000] {logging_mixin.py:188} INFO - [2025-08-19T09:16:14.205+0000] {dagbag.py:545} INFO - Filling up the DagBag from /opt/airflow/dags/Airflow Coding Assessment 1/etl_pipeline_dag.py
[2025-08-19T09:16:14.255+0000] {processor.py:840} INFO - DAG(s) 'etl_pipeline_dag' retrieved from /opt/airflow/dags/Airflow Coding Assessment 1/etl_pipeline_dag.py
[2025-08-19T09:16:14.295+0000] {logging_mixin.py:188} INFO - [2025-08-19T09:16:14.294+0000] {dag.py:3096} INFO - Sync 1 DAGs
[2025-08-19T09:16:14.314+0000] {logging_mixin.py:188} INFO - [2025-08-19T09:16:14.313+0000] {dag.py:3954} INFO - Setting next_dagrun for etl_pipeline_dag to None, run_after=None
[2025-08-19T09:16:14.342+0000] {processor.py:183} INFO - Processing /opt/airflow/dags/Airflow Coding Assessment 1/etl_pipeline_dag.py took 0.146 seconds
[2025-08-19T09:16:44.791+0000] {processor.py:161} INFO - Started process (PID=62057) to work on /opt/airflow/dags/Airflow Coding Assessment 1/etl_pipeline_dag.py
[2025-08-19T09:16:44.793+0000] {processor.py:830} INFO - Processing file /opt/airflow/dags/Airflow Coding Assessment 1/etl_pipeline_dag.py for tasks to queue
[2025-08-19T09:16:44.794+0000] {logging_mixin.py:188} INFO - [2025-08-19T09:16:44.794+0000] {dagbag.py:545} INFO - Filling up the DagBag from /opt/airflow/dags/Airflow Coding Assessment 1/etl_pipeline_dag.py
[2025-08-19T09:16:44.833+0000] {processor.py:840} INFO - DAG(s) 'etl_pipeline_dag' retrieved from /opt/airflow/dags/Airflow Coding Assessment 1/etl_pipeline_dag.py
[2025-08-19T09:16:44.859+0000] {logging_mixin.py:188} INFO - [2025-08-19T09:16:44.859+0000] {dag.py:3096} INFO - Sync 1 DAGs
[2025-08-19T09:16:44.875+0000] {logging_mixin.py:188} INFO - [2025-08-19T09:16:44.875+0000] {dag.py:3954} INFO - Setting next_dagrun for etl_pipeline_dag to None, run_after=None
[2025-08-19T09:16:44.905+0000] {processor.py:183} INFO - Processing /opt/airflow/dags/Airflow Coding Assessment 1/etl_pipeline_dag.py took 0.120 seconds
[2025-08-19T09:17:15.207+0000] {processor.py:161} INFO - Started process (PID=62115) to work on /opt/airflow/dags/Airflow Coding Assessment 1/etl_pipeline_dag.py
[2025-08-19T09:17:15.209+0000] {processor.py:830} INFO - Processing file /opt/airflow/dags/Airflow Coding Assessment 1/etl_pipeline_dag.py for tasks to queue
[2025-08-19T09:17:15.210+0000] {logging_mixin.py:188} INFO - [2025-08-19T09:17:15.210+0000] {dagbag.py:545} INFO - Filling up the DagBag from /opt/airflow/dags/Airflow Coding Assessment 1/etl_pipeline_dag.py
[2025-08-19T09:17:15.239+0000] {processor.py:840} INFO - DAG(s) 'etl_pipeline_dag' retrieved from /opt/airflow/dags/Airflow Coding Assessment 1/etl_pipeline_dag.py
[2025-08-19T09:17:15.261+0000] {logging_mixin.py:188} INFO - [2025-08-19T09:17:15.261+0000] {dag.py:3096} INFO - Sync 1 DAGs
[2025-08-19T09:17:15.277+0000] {logging_mixin.py:188} INFO - [2025-08-19T09:17:15.276+0000] {dag.py:3954} INFO - Setting next_dagrun for etl_pipeline_dag to None, run_after=None
[2025-08-19T09:17:15.304+0000] {processor.py:183} INFO - Processing /opt/airflow/dags/Airflow Coding Assessment 1/etl_pipeline_dag.py took 0.104 seconds
[2025-08-19T09:17:45.385+0000] {processor.py:161} INFO - Started process (PID=62173) to work on /opt/airflow/dags/Airflow Coding Assessment 1/etl_pipeline_dag.py
[2025-08-19T09:17:45.387+0000] {processor.py:830} INFO - Processing file /opt/airflow/dags/Airflow Coding Assessment 1/etl_pipeline_dag.py for tasks to queue
[2025-08-19T09:17:45.389+0000] {logging_mixin.py:188} INFO - [2025-08-19T09:17:45.388+0000] {dagbag.py:545} INFO - Filling up the DagBag from /opt/airflow/dags/Airflow Coding Assessment 1/etl_pipeline_dag.py
[2025-08-19T09:17:45.427+0000] {processor.py:840} INFO - DAG(s) 'etl_pipeline_dag' retrieved from /opt/airflow/dags/Airflow Coding Assessment 1/etl_pipeline_dag.py
[2025-08-19T09:17:45.454+0000] {logging_mixin.py:188} INFO - [2025-08-19T09:17:45.453+0000] {dag.py:3096} INFO - Sync 1 DAGs
[2025-08-19T09:17:45.468+0000] {logging_mixin.py:188} INFO - [2025-08-19T09:17:45.468+0000] {dag.py:3954} INFO - Setting next_dagrun for etl_pipeline_dag to None, run_after=None
[2025-08-19T09:17:45.500+0000] {processor.py:183} INFO - Processing /opt/airflow/dags/Airflow Coding Assessment 1/etl_pipeline_dag.py took 0.124 seconds
[2025-08-19T09:18:15.814+0000] {processor.py:161} INFO - Started process (PID=62231) to work on /opt/airflow/dags/Airflow Coding Assessment 1/etl_pipeline_dag.py
[2025-08-19T09:18:15.816+0000] {processor.py:830} INFO - Processing file /opt/airflow/dags/Airflow Coding Assessment 1/etl_pipeline_dag.py for tasks to queue
[2025-08-19T09:18:15.823+0000] {logging_mixin.py:188} INFO - [2025-08-19T09:18:15.820+0000] {dagbag.py:545} INFO - Filling up the DagBag from /opt/airflow/dags/Airflow Coding Assessment 1/etl_pipeline_dag.py
[2025-08-19T09:18:15.857+0000] {processor.py:840} INFO - DAG(s) 'etl_pipeline_dag' retrieved from /opt/airflow/dags/Airflow Coding Assessment 1/etl_pipeline_dag.py
[2025-08-19T09:18:15.880+0000] {logging_mixin.py:188} INFO - [2025-08-19T09:18:15.880+0000] {dag.py:3096} INFO - Sync 1 DAGs
[2025-08-19T09:18:15.896+0000] {logging_mixin.py:188} INFO - [2025-08-19T09:18:15.896+0000] {dag.py:3954} INFO - Setting next_dagrun for etl_pipeline_dag to None, run_after=None
[2025-08-19T09:18:15.922+0000] {processor.py:183} INFO - Processing /opt/airflow/dags/Airflow Coding Assessment 1/etl_pipeline_dag.py took 0.116 seconds
[2025-08-19T09:18:46.236+0000] {processor.py:161} INFO - Started process (PID=62289) to work on /opt/airflow/dags/Airflow Coding Assessment 1/etl_pipeline_dag.py
[2025-08-19T09:18:46.238+0000] {processor.py:830} INFO - Processing file /opt/airflow/dags/Airflow Coding Assessment 1/etl_pipeline_dag.py for tasks to queue
[2025-08-19T09:18:46.239+0000] {logging_mixin.py:188} INFO - [2025-08-19T09:18:46.238+0000] {dagbag.py:545} INFO - Filling up the DagBag from /opt/airflow/dags/Airflow Coding Assessment 1/etl_pipeline_dag.py
[2025-08-19T09:18:46.279+0000] {processor.py:840} INFO - DAG(s) 'etl_pipeline_dag' retrieved from /opt/airflow/dags/Airflow Coding Assessment 1/etl_pipeline_dag.py
[2025-08-19T09:18:46.302+0000] {logging_mixin.py:188} INFO - [2025-08-19T09:18:46.302+0000] {dag.py:3096} INFO - Sync 1 DAGs
[2025-08-19T09:18:46.317+0000] {logging_mixin.py:188} INFO - [2025-08-19T09:18:46.317+0000] {dag.py:3954} INFO - Setting next_dagrun for etl_pipeline_dag to None, run_after=None
[2025-08-19T09:18:46.344+0000] {processor.py:183} INFO - Processing /opt/airflow/dags/Airflow Coding Assessment 1/etl_pipeline_dag.py took 0.114 seconds
[2025-08-19T09:19:16.488+0000] {processor.py:161} INFO - Started process (PID=62347) to work on /opt/airflow/dags/Airflow Coding Assessment 1/etl_pipeline_dag.py
[2025-08-19T09:19:16.489+0000] {processor.py:830} INFO - Processing file /opt/airflow/dags/Airflow Coding Assessment 1/etl_pipeline_dag.py for tasks to queue
[2025-08-19T09:19:16.491+0000] {logging_mixin.py:188} INFO - [2025-08-19T09:19:16.490+0000] {dagbag.py:545} INFO - Filling up the DagBag from /opt/airflow/dags/Airflow Coding Assessment 1/etl_pipeline_dag.py
[2025-08-19T09:19:16.525+0000] {processor.py:840} INFO - DAG(s) 'etl_pipeline_dag' retrieved from /opt/airflow/dags/Airflow Coding Assessment 1/etl_pipeline_dag.py
[2025-08-19T09:19:16.548+0000] {logging_mixin.py:188} INFO - [2025-08-19T09:19:16.547+0000] {dag.py:3096} INFO - Sync 1 DAGs
[2025-08-19T09:19:16.561+0000] {logging_mixin.py:188} INFO - [2025-08-19T09:19:16.561+0000] {dag.py:3954} INFO - Setting next_dagrun for etl_pipeline_dag to None, run_after=None
[2025-08-19T09:19:16.594+0000] {processor.py:183} INFO - Processing /opt/airflow/dags/Airflow Coding Assessment 1/etl_pipeline_dag.py took 0.114 seconds
[2025-08-19T09:19:46.809+0000] {processor.py:161} INFO - Started process (PID=62405) to work on /opt/airflow/dags/Airflow Coding Assessment 1/etl_pipeline_dag.py
[2025-08-19T09:19:46.811+0000] {processor.py:830} INFO - Processing file /opt/airflow/dags/Airflow Coding Assessment 1/etl_pipeline_dag.py for tasks to queue
[2025-08-19T09:19:46.813+0000] {logging_mixin.py:188} INFO - [2025-08-19T09:19:46.813+0000] {dagbag.py:545} INFO - Filling up the DagBag from /opt/airflow/dags/Airflow Coding Assessment 1/etl_pipeline_dag.py
[2025-08-19T09:19:46.856+0000] {processor.py:840} INFO - DAG(s) 'etl_pipeline_dag' retrieved from /opt/airflow/dags/Airflow Coding Assessment 1/etl_pipeline_dag.py
[2025-08-19T09:19:46.880+0000] {logging_mixin.py:188} INFO - [2025-08-19T09:19:46.880+0000] {dag.py:3096} INFO - Sync 1 DAGs
[2025-08-19T09:19:46.896+0000] {logging_mixin.py:188} INFO - [2025-08-19T09:19:46.896+0000] {dag.py:3954} INFO - Setting next_dagrun for etl_pipeline_dag to None, run_after=None
[2025-08-19T09:19:46.927+0000] {processor.py:183} INFO - Processing /opt/airflow/dags/Airflow Coding Assessment 1/etl_pipeline_dag.py took 0.129 seconds
[2025-08-19T09:20:17.137+0000] {processor.py:161} INFO - Started process (PID=62463) to work on /opt/airflow/dags/Airflow Coding Assessment 1/etl_pipeline_dag.py
[2025-08-19T09:20:17.139+0000] {processor.py:830} INFO - Processing file /opt/airflow/dags/Airflow Coding Assessment 1/etl_pipeline_dag.py for tasks to queue
[2025-08-19T09:20:17.140+0000] {logging_mixin.py:188} INFO - [2025-08-19T09:20:17.140+0000] {dagbag.py:545} INFO - Filling up the DagBag from /opt/airflow/dags/Airflow Coding Assessment 1/etl_pipeline_dag.py
[2025-08-19T09:20:17.187+0000] {processor.py:840} INFO - DAG(s) 'etl_pipeline_dag' retrieved from /opt/airflow/dags/Airflow Coding Assessment 1/etl_pipeline_dag.py
[2025-08-19T09:20:17.216+0000] {logging_mixin.py:188} INFO - [2025-08-19T09:20:17.215+0000] {dag.py:3096} INFO - Sync 1 DAGs
[2025-08-19T09:20:17.235+0000] {logging_mixin.py:188} INFO - [2025-08-19T09:20:17.235+0000] {dag.py:3954} INFO - Setting next_dagrun for etl_pipeline_dag to None, run_after=None
[2025-08-19T09:20:17.273+0000] {processor.py:183} INFO - Processing /opt/airflow/dags/Airflow Coding Assessment 1/etl_pipeline_dag.py took 0.144 seconds
[2025-08-19T09:20:47.616+0000] {processor.py:161} INFO - Started process (PID=62519) to work on /opt/airflow/dags/Airflow Coding Assessment 1/etl_pipeline_dag.py
[2025-08-19T09:20:47.618+0000] {processor.py:830} INFO - Processing file /opt/airflow/dags/Airflow Coding Assessment 1/etl_pipeline_dag.py for tasks to queue
[2025-08-19T09:20:47.621+0000] {logging_mixin.py:188} INFO - [2025-08-19T09:20:47.621+0000] {dagbag.py:545} INFO - Filling up the DagBag from /opt/airflow/dags/Airflow Coding Assessment 1/etl_pipeline_dag.py
[2025-08-19T09:20:47.663+0000] {processor.py:840} INFO - DAG(s) 'etl_pipeline_dag' retrieved from /opt/airflow/dags/Airflow Coding Assessment 1/etl_pipeline_dag.py
[2025-08-19T09:20:47.693+0000] {logging_mixin.py:188} INFO - [2025-08-19T09:20:47.693+0000] {dag.py:3096} INFO - Sync 1 DAGs
[2025-08-19T09:20:47.712+0000] {logging_mixin.py:188} INFO - [2025-08-19T09:20:47.711+0000] {dag.py:3954} INFO - Setting next_dagrun for etl_pipeline_dag to None, run_after=None
[2025-08-19T09:20:47.742+0000] {processor.py:183} INFO - Processing /opt/airflow/dags/Airflow Coding Assessment 1/etl_pipeline_dag.py took 0.134 seconds
[2025-08-19T09:21:18.104+0000] {processor.py:161} INFO - Started process (PID=62577) to work on /opt/airflow/dags/Airflow Coding Assessment 1/etl_pipeline_dag.py
[2025-08-19T09:21:18.107+0000] {processor.py:830} INFO - Processing file /opt/airflow/dags/Airflow Coding Assessment 1/etl_pipeline_dag.py for tasks to queue
[2025-08-19T09:21:18.108+0000] {logging_mixin.py:188} INFO - [2025-08-19T09:21:18.108+0000] {dagbag.py:545} INFO - Filling up the DagBag from /opt/airflow/dags/Airflow Coding Assessment 1/etl_pipeline_dag.py
[2025-08-19T09:21:18.150+0000] {processor.py:840} INFO - DAG(s) 'etl_pipeline_dag' retrieved from /opt/airflow/dags/Airflow Coding Assessment 1/etl_pipeline_dag.py
[2025-08-19T09:21:18.177+0000] {logging_mixin.py:188} INFO - [2025-08-19T09:21:18.176+0000] {dag.py:3096} INFO - Sync 1 DAGs
[2025-08-19T09:21:18.191+0000] {logging_mixin.py:188} INFO - [2025-08-19T09:21:18.191+0000] {dag.py:3954} INFO - Setting next_dagrun for etl_pipeline_dag to None, run_after=None
[2025-08-19T09:21:18.223+0000] {processor.py:183} INFO - Processing /opt/airflow/dags/Airflow Coding Assessment 1/etl_pipeline_dag.py took 0.126 seconds
[2025-08-19T09:21:48.510+0000] {processor.py:161} INFO - Started process (PID=62635) to work on /opt/airflow/dags/Airflow Coding Assessment 1/etl_pipeline_dag.py
[2025-08-19T09:21:48.512+0000] {processor.py:830} INFO - Processing file /opt/airflow/dags/Airflow Coding Assessment 1/etl_pipeline_dag.py for tasks to queue
[2025-08-19T09:21:48.514+0000] {logging_mixin.py:188} INFO - [2025-08-19T09:21:48.513+0000] {dagbag.py:545} INFO - Filling up the DagBag from /opt/airflow/dags/Airflow Coding Assessment 1/etl_pipeline_dag.py
[2025-08-19T09:21:48.555+0000] {processor.py:840} INFO - DAG(s) 'etl_pipeline_dag' retrieved from /opt/airflow/dags/Airflow Coding Assessment 1/etl_pipeline_dag.py
[2025-08-19T09:21:48.584+0000] {logging_mixin.py:188} INFO - [2025-08-19T09:21:48.583+0000] {dag.py:3096} INFO - Sync 1 DAGs
[2025-08-19T09:21:48.603+0000] {logging_mixin.py:188} INFO - [2025-08-19T09:21:48.603+0000] {dag.py:3954} INFO - Setting next_dagrun for etl_pipeline_dag to None, run_after=None
[2025-08-19T09:21:48.635+0000] {processor.py:183} INFO - Processing /opt/airflow/dags/Airflow Coding Assessment 1/etl_pipeline_dag.py took 0.132 seconds
[2025-08-19T09:22:19.021+0000] {processor.py:161} INFO - Started process (PID=62693) to work on /opt/airflow/dags/Airflow Coding Assessment 1/etl_pipeline_dag.py
[2025-08-19T09:22:19.022+0000] {processor.py:830} INFO - Processing file /opt/airflow/dags/Airflow Coding Assessment 1/etl_pipeline_dag.py for tasks to queue
[2025-08-19T09:22:19.024+0000] {logging_mixin.py:188} INFO - [2025-08-19T09:22:19.023+0000] {dagbag.py:545} INFO - Filling up the DagBag from /opt/airflow/dags/Airflow Coding Assessment 1/etl_pipeline_dag.py
[2025-08-19T09:22:19.055+0000] {processor.py:840} INFO - DAG(s) 'etl_pipeline_dag' retrieved from /opt/airflow/dags/Airflow Coding Assessment 1/etl_pipeline_dag.py
[2025-08-19T09:22:19.079+0000] {logging_mixin.py:188} INFO - [2025-08-19T09:22:19.079+0000] {dag.py:3096} INFO - Sync 1 DAGs
[2025-08-19T09:22:19.095+0000] {logging_mixin.py:188} INFO - [2025-08-19T09:22:19.094+0000] {dag.py:3954} INFO - Setting next_dagrun for etl_pipeline_dag to None, run_after=None
[2025-08-19T09:22:19.124+0000] {processor.py:183} INFO - Processing /opt/airflow/dags/Airflow Coding Assessment 1/etl_pipeline_dag.py took 0.109 seconds
[2025-08-19T09:22:49.664+0000] {processor.py:161} INFO - Started process (PID=62751) to work on /opt/airflow/dags/Airflow Coding Assessment 1/etl_pipeline_dag.py
[2025-08-19T09:22:49.666+0000] {processor.py:830} INFO - Processing file /opt/airflow/dags/Airflow Coding Assessment 1/etl_pipeline_dag.py for tasks to queue
[2025-08-19T09:22:49.667+0000] {logging_mixin.py:188} INFO - [2025-08-19T09:22:49.667+0000] {dagbag.py:545} INFO - Filling up the DagBag from /opt/airflow/dags/Airflow Coding Assessment 1/etl_pipeline_dag.py
[2025-08-19T09:22:49.709+0000] {processor.py:840} INFO - DAG(s) 'etl_pipeline_dag' retrieved from /opt/airflow/dags/Airflow Coding Assessment 1/etl_pipeline_dag.py
[2025-08-19T09:22:49.731+0000] {logging_mixin.py:188} INFO - [2025-08-19T09:22:49.730+0000] {dag.py:3096} INFO - Sync 1 DAGs
[2025-08-19T09:22:49.746+0000] {logging_mixin.py:188} INFO - [2025-08-19T09:22:49.746+0000] {dag.py:3954} INFO - Setting next_dagrun for etl_pipeline_dag to None, run_after=None
[2025-08-19T09:22:49.792+0000] {processor.py:183} INFO - Processing /opt/airflow/dags/Airflow Coding Assessment 1/etl_pipeline_dag.py took 0.136 seconds
[2025-08-19T09:23:20.046+0000] {processor.py:161} INFO - Started process (PID=62809) to work on /opt/airflow/dags/Airflow Coding Assessment 1/etl_pipeline_dag.py
[2025-08-19T09:23:20.048+0000] {processor.py:830} INFO - Processing file /opt/airflow/dags/Airflow Coding Assessment 1/etl_pipeline_dag.py for tasks to queue
[2025-08-19T09:23:20.049+0000] {logging_mixin.py:188} INFO - [2025-08-19T09:23:20.049+0000] {dagbag.py:545} INFO - Filling up the DagBag from /opt/airflow/dags/Airflow Coding Assessment 1/etl_pipeline_dag.py
[2025-08-19T09:23:20.091+0000] {processor.py:840} INFO - DAG(s) 'etl_pipeline_dag' retrieved from /opt/airflow/dags/Airflow Coding Assessment 1/etl_pipeline_dag.py
[2025-08-19T09:23:20.117+0000] {logging_mixin.py:188} INFO - [2025-08-19T09:23:20.116+0000] {dag.py:3096} INFO - Sync 1 DAGs
[2025-08-19T09:23:20.131+0000] {logging_mixin.py:188} INFO - [2025-08-19T09:23:20.131+0000] {dag.py:3954} INFO - Setting next_dagrun for etl_pipeline_dag to None, run_after=None
[2025-08-19T09:23:20.162+0000] {processor.py:183} INFO - Processing /opt/airflow/dags/Airflow Coding Assessment 1/etl_pipeline_dag.py took 0.121 seconds
[2025-08-19T09:23:50.926+0000] {processor.py:161} INFO - Started process (PID=62868) to work on /opt/airflow/dags/Airflow Coding Assessment 1/etl_pipeline_dag.py
[2025-08-19T09:23:50.928+0000] {processor.py:830} INFO - Processing file /opt/airflow/dags/Airflow Coding Assessment 1/etl_pipeline_dag.py for tasks to queue
[2025-08-19T09:23:50.929+0000] {logging_mixin.py:188} INFO - [2025-08-19T09:23:50.929+0000] {dagbag.py:545} INFO - Filling up the DagBag from /opt/airflow/dags/Airflow Coding Assessment 1/etl_pipeline_dag.py
[2025-08-19T09:23:50.964+0000] {processor.py:840} INFO - DAG(s) 'etl_pipeline_dag' retrieved from /opt/airflow/dags/Airflow Coding Assessment 1/etl_pipeline_dag.py
[2025-08-19T09:23:50.986+0000] {logging_mixin.py:188} INFO - [2025-08-19T09:23:50.985+0000] {dag.py:3096} INFO - Sync 1 DAGs
[2025-08-19T09:23:51.001+0000] {logging_mixin.py:188} INFO - [2025-08-19T09:23:51.000+0000] {dag.py:3954} INFO - Setting next_dagrun for etl_pipeline_dag to None, run_after=None
[2025-08-19T09:23:51.030+0000] {processor.py:183} INFO - Processing /opt/airflow/dags/Airflow Coding Assessment 1/etl_pipeline_dag.py took 0.114 seconds
[2025-08-19T09:24:21.167+0000] {processor.py:161} INFO - Started process (PID=62930) to work on /opt/airflow/dags/Airflow Coding Assessment 1/etl_pipeline_dag.py
[2025-08-19T09:24:21.169+0000] {processor.py:830} INFO - Processing file /opt/airflow/dags/Airflow Coding Assessment 1/etl_pipeline_dag.py for tasks to queue
[2025-08-19T09:24:21.172+0000] {logging_mixin.py:188} INFO - [2025-08-19T09:24:21.171+0000] {dagbag.py:545} INFO - Filling up the DagBag from /opt/airflow/dags/Airflow Coding Assessment 1/etl_pipeline_dag.py
[2025-08-19T09:24:21.210+0000] {processor.py:840} INFO - DAG(s) 'etl_pipeline_dag' retrieved from /opt/airflow/dags/Airflow Coding Assessment 1/etl_pipeline_dag.py
[2025-08-19T09:24:21.241+0000] {logging_mixin.py:188} INFO - [2025-08-19T09:24:21.240+0000] {dag.py:3096} INFO - Sync 1 DAGs
[2025-08-19T09:24:21.261+0000] {logging_mixin.py:188} INFO - [2025-08-19T09:24:21.261+0000] {dag.py:3954} INFO - Setting next_dagrun for etl_pipeline_dag to None, run_after=None
[2025-08-19T09:24:21.297+0000] {processor.py:183} INFO - Processing /opt/airflow/dags/Airflow Coding Assessment 1/etl_pipeline_dag.py took 0.137 seconds
[2025-08-19T09:24:51.773+0000] {processor.py:161} INFO - Started process (PID=62996) to work on /opt/airflow/dags/Airflow Coding Assessment 1/etl_pipeline_dag.py
[2025-08-19T09:24:51.775+0000] {processor.py:830} INFO - Processing file /opt/airflow/dags/Airflow Coding Assessment 1/etl_pipeline_dag.py for tasks to queue
[2025-08-19T09:24:51.776+0000] {logging_mixin.py:188} INFO - [2025-08-19T09:24:51.775+0000] {dagbag.py:545} INFO - Filling up the DagBag from /opt/airflow/dags/Airflow Coding Assessment 1/etl_pipeline_dag.py
[2025-08-19T09:24:51.811+0000] {processor.py:840} INFO - DAG(s) 'etl_pipeline_dag' retrieved from /opt/airflow/dags/Airflow Coding Assessment 1/etl_pipeline_dag.py
[2025-08-19T09:24:51.834+0000] {logging_mixin.py:188} INFO - [2025-08-19T09:24:51.834+0000] {dag.py:3096} INFO - Sync 1 DAGs
[2025-08-19T09:24:51.848+0000] {logging_mixin.py:188} INFO - [2025-08-19T09:24:51.847+0000] {dag.py:3954} INFO - Setting next_dagrun for etl_pipeline_dag to None, run_after=None
[2025-08-19T09:24:51.876+0000] {processor.py:183} INFO - Processing /opt/airflow/dags/Airflow Coding Assessment 1/etl_pipeline_dag.py took 0.109 seconds
[2025-08-19T09:25:22.295+0000] {processor.py:161} INFO - Started process (PID=63054) to work on /opt/airflow/dags/Airflow Coding Assessment 1/etl_pipeline_dag.py
[2025-08-19T09:25:22.297+0000] {processor.py:830} INFO - Processing file /opt/airflow/dags/Airflow Coding Assessment 1/etl_pipeline_dag.py for tasks to queue
[2025-08-19T09:25:22.299+0000] {logging_mixin.py:188} INFO - [2025-08-19T09:25:22.298+0000] {dagbag.py:545} INFO - Filling up the DagBag from /opt/airflow/dags/Airflow Coding Assessment 1/etl_pipeline_dag.py
[2025-08-19T09:25:22.336+0000] {processor.py:840} INFO - DAG(s) 'etl_pipeline_dag' retrieved from /opt/airflow/dags/Airflow Coding Assessment 1/etl_pipeline_dag.py
[2025-08-19T09:25:22.366+0000] {logging_mixin.py:188} INFO - [2025-08-19T09:25:22.365+0000] {dag.py:3096} INFO - Sync 1 DAGs
[2025-08-19T09:25:22.384+0000] {logging_mixin.py:188} INFO - [2025-08-19T09:25:22.384+0000] {dag.py:3954} INFO - Setting next_dagrun for etl_pipeline_dag to None, run_after=None
[2025-08-19T09:25:22.414+0000] {processor.py:183} INFO - Processing /opt/airflow/dags/Airflow Coding Assessment 1/etl_pipeline_dag.py took 0.126 seconds
[2025-08-19T09:25:52.697+0000] {processor.py:161} INFO - Started process (PID=63112) to work on /opt/airflow/dags/Airflow Coding Assessment 1/etl_pipeline_dag.py
[2025-08-19T09:25:52.698+0000] {processor.py:830} INFO - Processing file /opt/airflow/dags/Airflow Coding Assessment 1/etl_pipeline_dag.py for tasks to queue
[2025-08-19T09:25:52.701+0000] {logging_mixin.py:188} INFO - [2025-08-19T09:25:52.700+0000] {dagbag.py:545} INFO - Filling up the DagBag from /opt/airflow/dags/Airflow Coding Assessment 1/etl_pipeline_dag.py
[2025-08-19T09:25:52.733+0000] {processor.py:840} INFO - DAG(s) 'etl_pipeline_dag' retrieved from /opt/airflow/dags/Airflow Coding Assessment 1/etl_pipeline_dag.py
[2025-08-19T09:25:52.759+0000] {logging_mixin.py:188} INFO - [2025-08-19T09:25:52.759+0000] {dag.py:3096} INFO - Sync 1 DAGs
[2025-08-19T09:25:52.777+0000] {logging_mixin.py:188} INFO - [2025-08-19T09:25:52.776+0000] {dag.py:3954} INFO - Setting next_dagrun for etl_pipeline_dag to None, run_after=None
[2025-08-19T09:25:52.816+0000] {processor.py:183} INFO - Processing /opt/airflow/dags/Airflow Coding Assessment 1/etl_pipeline_dag.py took 0.125 seconds
[2025-08-19T09:26:23.422+0000] {processor.py:161} INFO - Started process (PID=63170) to work on /opt/airflow/dags/Airflow Coding Assessment 1/etl_pipeline_dag.py
[2025-08-19T09:26:23.423+0000] {processor.py:830} INFO - Processing file /opt/airflow/dags/Airflow Coding Assessment 1/etl_pipeline_dag.py for tasks to queue
[2025-08-19T09:26:23.425+0000] {logging_mixin.py:188} INFO - [2025-08-19T09:26:23.425+0000] {dagbag.py:545} INFO - Filling up the DagBag from /opt/airflow/dags/Airflow Coding Assessment 1/etl_pipeline_dag.py
[2025-08-19T09:26:23.454+0000] {processor.py:840} INFO - DAG(s) 'etl_pipeline_dag' retrieved from /opt/airflow/dags/Airflow Coding Assessment 1/etl_pipeline_dag.py
[2025-08-19T09:26:23.476+0000] {logging_mixin.py:188} INFO - [2025-08-19T09:26:23.475+0000] {dag.py:3096} INFO - Sync 1 DAGs
[2025-08-19T09:26:23.493+0000] {logging_mixin.py:188} INFO - [2025-08-19T09:26:23.492+0000] {dag.py:3954} INFO - Setting next_dagrun for etl_pipeline_dag to None, run_after=None
[2025-08-19T09:26:23.523+0000] {processor.py:183} INFO - Processing /opt/airflow/dags/Airflow Coding Assessment 1/etl_pipeline_dag.py took 0.107 seconds
[2025-08-19T09:26:53.693+0000] {processor.py:161} INFO - Started process (PID=63228) to work on /opt/airflow/dags/Airflow Coding Assessment 1/etl_pipeline_dag.py
[2025-08-19T09:26:53.695+0000] {processor.py:830} INFO - Processing file /opt/airflow/dags/Airflow Coding Assessment 1/etl_pipeline_dag.py for tasks to queue
[2025-08-19T09:26:53.697+0000] {logging_mixin.py:188} INFO - [2025-08-19T09:26:53.696+0000] {dagbag.py:545} INFO - Filling up the DagBag from /opt/airflow/dags/Airflow Coding Assessment 1/etl_pipeline_dag.py
[2025-08-19T09:26:53.732+0000] {processor.py:840} INFO - DAG(s) 'etl_pipeline_dag' retrieved from /opt/airflow/dags/Airflow Coding Assessment 1/etl_pipeline_dag.py
[2025-08-19T09:26:53.756+0000] {logging_mixin.py:188} INFO - [2025-08-19T09:26:53.756+0000] {dag.py:3096} INFO - Sync 1 DAGs
[2025-08-19T09:26:53.773+0000] {logging_mixin.py:188} INFO - [2025-08-19T09:26:53.772+0000] {dag.py:3954} INFO - Setting next_dagrun for etl_pipeline_dag to None, run_after=None
[2025-08-19T09:26:53.802+0000] {processor.py:183} INFO - Processing /opt/airflow/dags/Airflow Coding Assessment 1/etl_pipeline_dag.py took 0.115 seconds
[2025-08-19T09:27:24.351+0000] {processor.py:161} INFO - Started process (PID=63286) to work on /opt/airflow/dags/Airflow Coding Assessment 1/etl_pipeline_dag.py
[2025-08-19T09:27:24.353+0000] {processor.py:830} INFO - Processing file /opt/airflow/dags/Airflow Coding Assessment 1/etl_pipeline_dag.py for tasks to queue
[2025-08-19T09:27:24.355+0000] {logging_mixin.py:188} INFO - [2025-08-19T09:27:24.354+0000] {dagbag.py:545} INFO - Filling up the DagBag from /opt/airflow/dags/Airflow Coding Assessment 1/etl_pipeline_dag.py
[2025-08-19T09:27:24.392+0000] {processor.py:840} INFO - DAG(s) 'etl_pipeline_dag' retrieved from /opt/airflow/dags/Airflow Coding Assessment 1/etl_pipeline_dag.py
[2025-08-19T09:27:24.416+0000] {logging_mixin.py:188} INFO - [2025-08-19T09:27:24.415+0000] {dag.py:3096} INFO - Sync 1 DAGs
[2025-08-19T09:27:24.430+0000] {logging_mixin.py:188} INFO - [2025-08-19T09:27:24.430+0000] {dag.py:3954} INFO - Setting next_dagrun for etl_pipeline_dag to None, run_after=None
[2025-08-19T09:27:24.458+0000] {processor.py:183} INFO - Processing /opt/airflow/dags/Airflow Coding Assessment 1/etl_pipeline_dag.py took 0.113 seconds
[2025-08-19T09:27:54.695+0000] {processor.py:161} INFO - Started process (PID=63344) to work on /opt/airflow/dags/Airflow Coding Assessment 1/etl_pipeline_dag.py
[2025-08-19T09:27:54.697+0000] {processor.py:830} INFO - Processing file /opt/airflow/dags/Airflow Coding Assessment 1/etl_pipeline_dag.py for tasks to queue
[2025-08-19T09:27:54.699+0000] {logging_mixin.py:188} INFO - [2025-08-19T09:27:54.698+0000] {dagbag.py:545} INFO - Filling up the DagBag from /opt/airflow/dags/Airflow Coding Assessment 1/etl_pipeline_dag.py
[2025-08-19T09:27:54.737+0000] {processor.py:840} INFO - DAG(s) 'etl_pipeline_dag' retrieved from /opt/airflow/dags/Airflow Coding Assessment 1/etl_pipeline_dag.py
[2025-08-19T09:27:54.759+0000] {logging_mixin.py:188} INFO - [2025-08-19T09:27:54.759+0000] {dag.py:3096} INFO - Sync 1 DAGs
[2025-08-19T09:27:54.774+0000] {logging_mixin.py:188} INFO - [2025-08-19T09:27:54.774+0000] {dag.py:3954} INFO - Setting next_dagrun for etl_pipeline_dag to None, run_after=None
[2025-08-19T09:27:54.802+0000] {processor.py:183} INFO - Processing /opt/airflow/dags/Airflow Coding Assessment 1/etl_pipeline_dag.py took 0.115 seconds
[2025-08-19T09:28:25.042+0000] {processor.py:161} INFO - Started process (PID=63402) to work on /opt/airflow/dags/Airflow Coding Assessment 1/etl_pipeline_dag.py
[2025-08-19T09:28:25.044+0000] {processor.py:830} INFO - Processing file /opt/airflow/dags/Airflow Coding Assessment 1/etl_pipeline_dag.py for tasks to queue
[2025-08-19T09:28:25.046+0000] {logging_mixin.py:188} INFO - [2025-08-19T09:28:25.045+0000] {dagbag.py:545} INFO - Filling up the DagBag from /opt/airflow/dags/Airflow Coding Assessment 1/etl_pipeline_dag.py
[2025-08-19T09:28:25.080+0000] {processor.py:840} INFO - DAG(s) 'etl_pipeline_dag' retrieved from /opt/airflow/dags/Airflow Coding Assessment 1/etl_pipeline_dag.py
[2025-08-19T09:28:25.103+0000] {logging_mixin.py:188} INFO - [2025-08-19T09:28:25.103+0000] {dag.py:3096} INFO - Sync 1 DAGs
[2025-08-19T09:28:25.120+0000] {logging_mixin.py:188} INFO - [2025-08-19T09:28:25.120+0000] {dag.py:3954} INFO - Setting next_dagrun for etl_pipeline_dag to None, run_after=None
[2025-08-19T09:28:25.150+0000] {processor.py:183} INFO - Processing /opt/airflow/dags/Airflow Coding Assessment 1/etl_pipeline_dag.py took 0.118 seconds
[2025-08-19T09:28:55.438+0000] {processor.py:161} INFO - Started process (PID=63460) to work on /opt/airflow/dags/Airflow Coding Assessment 1/etl_pipeline_dag.py
[2025-08-19T09:28:55.439+0000] {processor.py:830} INFO - Processing file /opt/airflow/dags/Airflow Coding Assessment 1/etl_pipeline_dag.py for tasks to queue
[2025-08-19T09:28:55.441+0000] {logging_mixin.py:188} INFO - [2025-08-19T09:28:55.440+0000] {dagbag.py:545} INFO - Filling up the DagBag from /opt/airflow/dags/Airflow Coding Assessment 1/etl_pipeline_dag.py
[2025-08-19T09:28:55.477+0000] {processor.py:840} INFO - DAG(s) 'etl_pipeline_dag' retrieved from /opt/airflow/dags/Airflow Coding Assessment 1/etl_pipeline_dag.py
[2025-08-19T09:28:55.502+0000] {logging_mixin.py:188} INFO - [2025-08-19T09:28:55.502+0000] {dag.py:3096} INFO - Sync 1 DAGs
[2025-08-19T09:28:55.518+0000] {logging_mixin.py:188} INFO - [2025-08-19T09:28:55.518+0000] {dag.py:3954} INFO - Setting next_dagrun for etl_pipeline_dag to None, run_after=None
[2025-08-19T09:28:55.551+0000] {processor.py:183} INFO - Processing /opt/airflow/dags/Airflow Coding Assessment 1/etl_pipeline_dag.py took 0.120 seconds
[2025-08-19T09:29:26.006+0000] {processor.py:161} INFO - Started process (PID=63518) to work on /opt/airflow/dags/Airflow Coding Assessment 1/etl_pipeline_dag.py
[2025-08-19T09:29:26.008+0000] {processor.py:830} INFO - Processing file /opt/airflow/dags/Airflow Coding Assessment 1/etl_pipeline_dag.py for tasks to queue
[2025-08-19T09:29:26.010+0000] {logging_mixin.py:188} INFO - [2025-08-19T09:29:26.009+0000] {dagbag.py:545} INFO - Filling up the DagBag from /opt/airflow/dags/Airflow Coding Assessment 1/etl_pipeline_dag.py
[2025-08-19T09:29:26.045+0000] {processor.py:840} INFO - DAG(s) 'etl_pipeline_dag' retrieved from /opt/airflow/dags/Airflow Coding Assessment 1/etl_pipeline_dag.py
[2025-08-19T09:29:26.073+0000] {logging_mixin.py:188} INFO - [2025-08-19T09:29:26.073+0000] {dag.py:3096} INFO - Sync 1 DAGs
[2025-08-19T09:29:26.091+0000] {logging_mixin.py:188} INFO - [2025-08-19T09:29:26.091+0000] {dag.py:3954} INFO - Setting next_dagrun for etl_pipeline_dag to None, run_after=None
[2025-08-19T09:29:26.122+0000] {processor.py:183} INFO - Processing /opt/airflow/dags/Airflow Coding Assessment 1/etl_pipeline_dag.py took 0.124 seconds
[2025-08-19T09:29:56.311+0000] {processor.py:161} INFO - Started process (PID=63576) to work on /opt/airflow/dags/Airflow Coding Assessment 1/etl_pipeline_dag.py
[2025-08-19T09:29:56.314+0000] {processor.py:830} INFO - Processing file /opt/airflow/dags/Airflow Coding Assessment 1/etl_pipeline_dag.py for tasks to queue
[2025-08-19T09:29:56.316+0000] {logging_mixin.py:188} INFO - [2025-08-19T09:29:56.315+0000] {dagbag.py:545} INFO - Filling up the DagBag from /opt/airflow/dags/Airflow Coding Assessment 1/etl_pipeline_dag.py
[2025-08-19T09:29:56.359+0000] {processor.py:840} INFO - DAG(s) 'etl_pipeline_dag' retrieved from /opt/airflow/dags/Airflow Coding Assessment 1/etl_pipeline_dag.py
[2025-08-19T09:29:56.385+0000] {logging_mixin.py:188} INFO - [2025-08-19T09:29:56.385+0000] {dag.py:3096} INFO - Sync 1 DAGs
[2025-08-19T09:29:56.403+0000] {logging_mixin.py:188} INFO - [2025-08-19T09:29:56.403+0000] {dag.py:3954} INFO - Setting next_dagrun for etl_pipeline_dag to None, run_after=None
[2025-08-19T09:29:56.434+0000] {processor.py:183} INFO - Processing /opt/airflow/dags/Airflow Coding Assessment 1/etl_pipeline_dag.py took 0.136 seconds
