[2025-08-19T04:59:07.711+0000] {local_task_job_runner.py:120} INFO - ::group::Pre task execution logs
[2025-08-19T04:59:07.732+0000] {taskinstance.py:2076} INFO - Dependencies all met for dep_context=non-requeueable deps ti=<TaskInstance: producer_dag.write_file_task manual__2025-08-19T04:59:05.407591+00:00 [queued]>
[2025-08-19T04:59:07.739+0000] {taskinstance.py:2076} INFO - Dependencies all met for dep_context=requeueable deps ti=<TaskInstance: producer_dag.write_file_task manual__2025-08-19T04:59:05.407591+00:00 [queued]>
[2025-08-19T04:59:07.740+0000] {taskinstance.py:2306} INFO - Starting attempt 1 of 1
[2025-08-19T04:59:07.759+0000] {taskinstance.py:2330} INFO - Executing <Task(PythonOperator): write_file_task> on 2025-08-19 04:59:05.407591+00:00
[2025-08-19T04:59:07.767+0000] {warnings.py:110} WARNING - /home/***/.local/lib/python3.12/site-packages/***/task/task_runner/standard_task_runner.py:61: DeprecationWarning: This process (pid=88) is multi-threaded, use of fork() may lead to deadlocks in the child.
  pid = os.fork()

[2025-08-19T04:59:07.770+0000] {standard_task_runner.py:63} INFO - Started process 90 to run task
[2025-08-19T04:59:07.769+0000] {standard_task_runner.py:90} INFO - Running: ['***', 'tasks', 'run', 'producer_dag', 'write_file_task', 'manual__2025-08-19T04:59:05.407591+00:00', '--job-id', '14', '--raw', '--subdir', 'DAGS_FOLDER/producer_dag.py', '--cfg-path', '/tmp/tmpnhd39s7c']
[2025-08-19T04:59:07.772+0000] {standard_task_runner.py:91} INFO - Job 14: Subtask write_file_task
[2025-08-19T04:59:07.821+0000] {task_command.py:426} INFO - Running <TaskInstance: producer_dag.write_file_task manual__2025-08-19T04:59:05.407591+00:00 [running]> on host 6cacbbe28f9c
[2025-08-19T04:59:07.915+0000] {taskinstance.py:2648} INFO - Exporting env vars: AIRFLOW_CTX_DAG_OWNER='***' AIRFLOW_CTX_DAG_ID='producer_dag' AIRFLOW_CTX_TASK_ID='write_file_task' AIRFLOW_CTX_EXECUTION_DATE='2025-08-19T04:59:05.407591+00:00' AIRFLOW_CTX_TRY_NUMBER='1' AIRFLOW_CTX_DAG_RUN_ID='manual__2025-08-19T04:59:05.407591+00:00'
[2025-08-19T04:59:07.918+0000] {taskinstance.py:430} INFO - ::endgroup::
[2025-08-19T04:59:07.923+0000] {logging_mixin.py:188} INFO - File written to: /opt/***/dags/data.txt
[2025-08-19T04:59:07.924+0000] {python.py:237} INFO - Done. Returned value was: None
[2025-08-19T04:59:07.925+0000] {taskinstance.py:441} INFO - ::group::Post task execution logs
[2025-08-19T04:59:07.935+0000] {taskinstance.py:1206} INFO - Marking task as SUCCESS. dag_id=producer_dag, task_id=write_file_task, run_id=manual__2025-08-19T04:59:05.407591+00:00, execution_date=20250819T045905, start_date=20250819T045907, end_date=20250819T045907
[2025-08-19T04:59:07.985+0000] {local_task_job_runner.py:240} INFO - Task exited with return code 0
[2025-08-19T04:59:08.012+0000] {taskinstance.py:3498} INFO - 0 downstream tasks scheduled from follow-on schedule check
[2025-08-19T04:59:08.016+0000] {local_task_job_runner.py:222} INFO - ::endgroup::
