[2025-08-18T12:28:02.962+0000] {local_task_job_runner.py:120} INFO - ::group::Pre task execution logs
[2025-08-18T12:28:02.985+0000] {taskinstance.py:2076} INFO - Dependencies all met for dep_context=non-requeueable deps ti=<TaskInstance: hello_world_dag.say_hello_task scheduled__2025-08-17T00:00:00+00:00 [queued]>
[2025-08-18T12:28:02.996+0000] {taskinstance.py:2076} INFO - Dependencies all met for dep_context=requeueable deps ti=<TaskInstance: hello_world_dag.say_hello_task scheduled__2025-08-17T00:00:00+00:00 [queued]>
[2025-08-18T12:28:02.998+0000] {taskinstance.py:2306} INFO - Starting attempt 1 of 1
[2025-08-18T12:28:03.016+0000] {taskinstance.py:2330} INFO - Executing <Task(PythonOperator): say_hello_task> on 2025-08-17 00:00:00+00:00
[2025-08-18T12:28:03.025+0000] {warnings.py:110} WARNING - /home/***/.local/lib/python3.12/site-packages/***/task/task_runner/standard_task_runner.py:61: DeprecationWarning: This process (pid=52) is multi-threaded, use of fork() may lead to deadlocks in the child.
  pid = os.fork()

[2025-08-18T12:28:03.028+0000] {standard_task_runner.py:63} INFO - Started process 56 to run task
[2025-08-18T12:28:03.028+0000] {standard_task_runner.py:90} INFO - Running: ['***', 'tasks', 'run', 'hello_world_dag', 'say_hello_task', 'scheduled__2025-08-17T00:00:00+00:00', '--job-id', '3', '--raw', '--subdir', 'DAGS_FOLDER/hello_dag.py', '--cfg-path', '/tmp/tmpcq7mpc1r']
[2025-08-18T12:28:03.033+0000] {standard_task_runner.py:91} INFO - Job 3: Subtask say_hello_task
[2025-08-18T12:28:03.105+0000] {task_command.py:426} INFO - Running <TaskInstance: hello_world_dag.say_hello_task scheduled__2025-08-17T00:00:00+00:00 [running]> on host 6cacbbe28f9c
[2025-08-18T12:28:03.216+0000] {taskinstance.py:2648} INFO - Exporting env vars: AIRFLOW_CTX_DAG_OWNER='***' AIRFLOW_CTX_DAG_ID='hello_world_dag' AIRFLOW_CTX_TASK_ID='say_hello_task' AIRFLOW_CTX_EXECUTION_DATE='2025-08-17T00:00:00+00:00' AIRFLOW_CTX_TRY_NUMBER='1' AIRFLOW_CTX_DAG_RUN_ID='scheduled__2025-08-17T00:00:00+00:00'
[2025-08-18T12:28:03.219+0000] {taskinstance.py:430} INFO - ::endgroup::
[2025-08-18T12:28:03.220+0000] {logging_mixin.py:188} INFO - Hello from Airflow!
[2025-08-18T12:28:03.220+0000] {python.py:237} INFO - Done. Returned value was: None
[2025-08-18T12:28:03.221+0000] {taskinstance.py:441} INFO - ::group::Post task execution logs
[2025-08-18T12:28:03.231+0000] {taskinstance.py:1206} INFO - Marking task as SUCCESS. dag_id=hello_world_dag, task_id=say_hello_task, run_id=scheduled__2025-08-17T00:00:00+00:00, execution_date=20250817T000000, start_date=20250818T122802, end_date=20250818T122803
[2025-08-18T12:28:03.285+0000] {local_task_job_runner.py:240} INFO - Task exited with return code 0
[2025-08-18T12:28:03.310+0000] {taskinstance.py:3498} INFO - 0 downstream tasks scheduled from follow-on schedule check
[2025-08-18T12:28:03.314+0000] {local_task_job_runner.py:222} INFO - ::endgroup::
